2023-09-30 18:14:16,540 INFO    StreamThr :16263 [internal.py:wandb_internal():86] W&B internal server running at pid: 16263, started at: 2023-09-30 18:14:16.539411
2023-09-30 18:14:16,540 DEBUG   HandlerThread:16263 [handler.py:handle_request():144] handle_request: status
2023-09-30 18:14:16,543 INFO    WriterThread:16263 [datastore.py:open_for_write():85] open: /Users/leo/Programming/PLR/wandb/run-20230930_181416-lwbe7chf/run-lwbe7chf.wandb
2023-09-30 18:14:16,543 DEBUG   SenderThread:16263 [sender.py:send():379] send: header
2023-09-30 18:14:16,562 DEBUG   SenderThread:16263 [sender.py:send():379] send: run
2023-09-30 18:14:16,939 INFO    SenderThread:16263 [dir_watcher.py:__init__():211] watching files in: /Users/leo/Programming/PLR/wandb/run-20230930_181416-lwbe7chf/files
2023-09-30 18:14:16,939 INFO    SenderThread:16263 [sender.py:_start_run_threads():1121] run started: lwbe7chf with start time 1696094056.540152
2023-09-30 18:14:16,950 DEBUG   HandlerThread:16263 [handler.py:handle_request():144] handle_request: check_version
2023-09-30 18:14:16,950 DEBUG   SenderThread:16263 [sender.py:send_request():406] send_request: check_version
2023-09-30 18:14:17,004 DEBUG   HandlerThread:16263 [handler.py:handle_request():144] handle_request: run_start
2023-09-30 18:14:17,015 DEBUG   HandlerThread:16263 [system_info.py:__init__():32] System info init
2023-09-30 18:14:17,015 DEBUG   HandlerThread:16263 [system_info.py:__init__():47] System info init done
2023-09-30 18:14:17,015 INFO    HandlerThread:16263 [system_monitor.py:start():181] Starting system monitor
2023-09-30 18:14:17,015 INFO    SystemMonitor:16263 [system_monitor.py:_start():145] Starting system asset monitoring threads
2023-09-30 18:14:17,015 INFO    HandlerThread:16263 [system_monitor.py:probe():201] Collecting system info
2023-09-30 18:14:17,016 INFO    SystemMonitor:16263 [interfaces.py:start():190] Started cpu monitoring
2023-09-30 18:14:17,016 DEBUG   HandlerThread:16263 [system_info.py:probe():196] Probing system
2023-09-30 18:14:17,016 INFO    SystemMonitor:16263 [interfaces.py:start():190] Started disk monitoring
2023-09-30 18:14:17,018 INFO    SystemMonitor:16263 [interfaces.py:start():190] Started gpuapple monitoring
2023-09-30 18:14:17,021 INFO    SystemMonitor:16263 [interfaces.py:start():190] Started memory monitoring
2023-09-30 18:14:17,022 INFO    SystemMonitor:16263 [interfaces.py:start():190] Started network monitoring
2023-09-30 18:14:17,025 DEBUG   HandlerThread:16263 [system_info.py:_probe_git():181] Probing git
2023-09-30 18:14:17,038 DEBUG   HandlerThread:16263 [system_info.py:_probe_git():189] Probing git done
2023-09-30 18:14:17,038 DEBUG   HandlerThread:16263 [system_info.py:probe():244] Probing system done
2023-09-30 18:14:17,038 DEBUG   HandlerThread:16263 [system_monitor.py:probe():210] {'os': 'macOS-14.0-arm64-arm-64bit', 'python': '3.11.4', 'heartbeatAt': '2023-09-30T17:14:17.016939', 'startedAt': '2023-09-30T17:14:16.534436', 'docker': None, 'cuda': None, 'args': (), 'state': 'running', 'program': '/Users/leo/Programming/PLR/Leo/gen_algo_opt_folder/genetic_algorithm.py', 'codePathLocal': 'Leo/gen_algo_opt_folder/genetic_algorithm.py', 'codePath': 'Leo/gen_algo_opt_folder/genetic_algorithm.py', 'git': {'remote': 'https://github.com/leothesouthafrican/PLR.git', 'commit': '5fd3a4eb908a10330b25120a123e86d552235212'}, 'email': '38779415+leothesouthafrican@users.noreply.github.com', 'root': '/Users/leo/Programming/PLR', 'host': 'Leos-MacBook-Pro.local', 'username': 'leo', 'executable': '/Users/leo/Programming/PLR/Leo/env/bin/python3', 'cpu_count': 10, 'cpu_count_logical': 10, 'disk': {'/': {'total': 855.9619140625, 'used': 12.108589172363281}}, 'gpuapple': {'type': 'arm', 'vendor': 'Apple'}, 'memory': {'total': 32.0}}
2023-09-30 18:14:17,038 INFO    HandlerThread:16263 [system_monitor.py:probe():211] Finished collecting system info
2023-09-30 18:14:17,038 INFO    HandlerThread:16263 [system_monitor.py:probe():214] Publishing system info
2023-09-30 18:14:17,038 DEBUG   HandlerThread:16263 [system_info.py:_save_pip():52] Saving list of pip packages installed into the current environment
2023-09-30 18:14:17,038 DEBUG   HandlerThread:16263 [system_info.py:_save_pip():68] Saving pip packages done
2023-09-30 18:14:17,039 INFO    HandlerThread:16263 [system_monitor.py:probe():216] Finished publishing system info
2023-09-30 18:14:17,041 DEBUG   SenderThread:16263 [sender.py:send():379] send: files
2023-09-30 18:14:17,041 INFO    SenderThread:16263 [sender.py:_save_file():1375] saving file wandb-metadata.json with policy now
2023-09-30 18:14:17,043 DEBUG   HandlerThread:16263 [handler.py:handle_request():144] handle_request: stop_status
2023-09-30 18:14:17,043 DEBUG   SenderThread:16263 [sender.py:send_request():406] send_request: stop_status
2023-09-30 18:14:17,044 DEBUG   HandlerThread:16263 [handler.py:handle_request():144] handle_request: internal_messages
2023-09-30 18:14:17,280 DEBUG   SenderThread:16263 [sender.py:send():379] send: telemetry
2023-09-30 18:14:17,280 DEBUG   SenderThread:16263 [sender.py:send():379] send: config
2023-09-30 18:14:17,742 INFO    wandb-upload_0:16263 [upload_job.py:push():131] Uploaded file /var/folders/dt/bgs1hq3d2k3dvhpt3llvs4rw0000gn/T/tmpbildnjguwandb/a1xt4ncj-wandb-metadata.json
2023-09-30 18:14:17,942 INFO    Thread-12 :16263 [dir_watcher.py:_on_file_created():271] file/dir created: /Users/leo/Programming/PLR/wandb/run-20230930_181416-lwbe7chf/files/output.log
2023-09-30 18:14:17,943 INFO    Thread-12 :16263 [dir_watcher.py:_on_file_created():271] file/dir created: /Users/leo/Programming/PLR/wandb/run-20230930_181416-lwbe7chf/files/wandb-metadata.json
2023-09-30 18:14:17,943 INFO    Thread-12 :16263 [dir_watcher.py:_on_file_created():271] file/dir created: /Users/leo/Programming/PLR/wandb/run-20230930_181416-lwbe7chf/files/requirements.txt
2023-09-30 18:14:19,952 INFO    Thread-12 :16263 [dir_watcher.py:_on_file_modified():288] file/dir modified: /Users/leo/Programming/PLR/wandb/run-20230930_181416-lwbe7chf/files/output.log
2023-09-30 18:14:22,049 INFO    Thread-12 :16263 [dir_watcher.py:_on_file_modified():288] file/dir modified: /Users/leo/Programming/PLR/wandb/run-20230930_181416-lwbe7chf/files/output.log
2023-09-30 18:14:22,385 DEBUG   HandlerThread:16263 [handler.py:handle_request():144] handle_request: status_report
2023-09-30 18:14:24,127 INFO    Thread-12 :16263 [dir_watcher.py:_on_file_modified():288] file/dir modified: /Users/leo/Programming/PLR/wandb/run-20230930_181416-lwbe7chf/files/output.log
2023-09-30 18:14:26,271 INFO    Thread-12 :16263 [dir_watcher.py:_on_file_modified():288] file/dir modified: /Users/leo/Programming/PLR/wandb/run-20230930_181416-lwbe7chf/files/output.log
2023-09-30 18:14:27,534 DEBUG   HandlerThread:16263 [handler.py:handle_request():144] handle_request: status_report
2023-09-30 18:14:28,303 INFO    Thread-12 :16263 [dir_watcher.py:_on_file_modified():288] file/dir modified: /Users/leo/Programming/PLR/wandb/run-20230930_181416-lwbe7chf/files/output.log
2023-09-30 18:14:30,315 INFO    Thread-12 :16263 [dir_watcher.py:_on_file_modified():288] file/dir modified: /Users/leo/Programming/PLR/wandb/run-20230930_181416-lwbe7chf/files/output.log
2023-09-30 18:14:30,739 DEBUG   SenderThread:16263 [sender.py:send():379] send: exit
2023-09-30 18:14:30,739 INFO    SenderThread:16263 [sender.py:send_exit():584] handling exit code: 1
2023-09-30 18:14:30,741 INFO    SenderThread:16263 [sender.py:send_exit():586] handling runtime: 13
2023-09-30 18:14:30,741 INFO    SenderThread:16263 [sender.py:_save_file():1375] saving file wandb-summary.json with policy end
2023-09-30 18:14:30,741 INFO    SenderThread:16263 [sender.py:send_exit():592] send defer
2023-09-30 18:14:30,741 DEBUG   HandlerThread:16263 [handler.py:handle_request():144] handle_request: defer
2023-09-30 18:14:30,741 INFO    HandlerThread:16263 [handler.py:handle_request_defer():170] handle defer: 0
2023-09-30 18:14:30,741 DEBUG   SenderThread:16263 [sender.py:send_request():406] send_request: defer
2023-09-30 18:14:30,741 INFO    SenderThread:16263 [sender.py:send_request_defer():608] handle sender defer: 0
2023-09-30 18:14:30,741 INFO    SenderThread:16263 [sender.py:transition_state():612] send defer: 1
2023-09-30 18:14:30,741 DEBUG   HandlerThread:16263 [handler.py:handle_request():144] handle_request: defer
2023-09-30 18:14:30,741 INFO    HandlerThread:16263 [handler.py:handle_request_defer():170] handle defer: 1
2023-09-30 18:14:30,741 DEBUG   SenderThread:16263 [sender.py:send_request():406] send_request: defer
2023-09-30 18:14:30,742 INFO    SenderThread:16263 [sender.py:send_request_defer():608] handle sender defer: 1
2023-09-30 18:14:30,742 INFO    SenderThread:16263 [sender.py:transition_state():612] send defer: 2
2023-09-30 18:14:30,742 DEBUG   HandlerThread:16263 [handler.py:handle_request():144] handle_request: defer
2023-09-30 18:14:30,742 INFO    HandlerThread:16263 [handler.py:handle_request_defer():170] handle defer: 2
2023-09-30 18:14:30,742 INFO    HandlerThread:16263 [system_monitor.py:finish():190] Stopping system monitor
2023-09-30 18:14:30,742 DEBUG   SystemMonitor:16263 [system_monitor.py:_start():159] Starting system metrics aggregation loop
2023-09-30 18:14:30,742 DEBUG   SystemMonitor:16263 [system_monitor.py:_start():166] Finished system metrics aggregation loop
2023-09-30 18:14:30,742 DEBUG   SystemMonitor:16263 [system_monitor.py:_start():170] Publishing last batch of metrics
2023-09-30 18:14:30,742 INFO    HandlerThread:16263 [interfaces.py:finish():202] Joined cpu monitor
2023-09-30 18:14:30,742 INFO    HandlerThread:16263 [interfaces.py:finish():202] Joined disk monitor
2023-09-30 18:14:30,742 INFO    HandlerThread:16263 [interfaces.py:finish():202] Joined gpuapple monitor
2023-09-30 18:14:30,742 INFO    HandlerThread:16263 [interfaces.py:finish():202] Joined memory monitor
2023-09-30 18:14:30,742 INFO    HandlerThread:16263 [interfaces.py:finish():202] Joined network monitor
2023-09-30 18:14:30,742 DEBUG   SenderThread:16263 [sender.py:send_request():406] send_request: defer
2023-09-30 18:14:30,742 INFO    SenderThread:16263 [sender.py:send_request_defer():608] handle sender defer: 2
2023-09-30 18:14:30,742 INFO    SenderThread:16263 [sender.py:transition_state():612] send defer: 3
2023-09-30 18:14:30,742 DEBUG   SenderThread:16263 [sender.py:send():379] send: telemetry
2023-09-30 18:14:30,742 DEBUG   HandlerThread:16263 [handler.py:handle_request():144] handle_request: defer
2023-09-30 18:14:30,742 INFO    HandlerThread:16263 [handler.py:handle_request_defer():170] handle defer: 3
2023-09-30 18:14:30,742 DEBUG   SenderThread:16263 [sender.py:send_request():406] send_request: defer
2023-09-30 18:14:30,742 INFO    SenderThread:16263 [sender.py:send_request_defer():608] handle sender defer: 3
2023-09-30 18:14:30,742 INFO    SenderThread:16263 [sender.py:transition_state():612] send defer: 4
2023-09-30 18:14:30,742 DEBUG   HandlerThread:16263 [handler.py:handle_request():144] handle_request: defer
2023-09-30 18:14:30,743 INFO    HandlerThread:16263 [handler.py:handle_request_defer():170] handle defer: 4
2023-09-30 18:14:30,743 DEBUG   SenderThread:16263 [sender.py:send_request():406] send_request: defer
2023-09-30 18:14:30,743 INFO    SenderThread:16263 [sender.py:send_request_defer():608] handle sender defer: 4
2023-09-30 18:14:30,743 INFO    SenderThread:16263 [sender.py:transition_state():612] send defer: 5
2023-09-30 18:14:30,743 DEBUG   HandlerThread:16263 [handler.py:handle_request():144] handle_request: defer
2023-09-30 18:14:30,743 INFO    HandlerThread:16263 [handler.py:handle_request_defer():170] handle defer: 5
2023-09-30 18:14:30,743 DEBUG   SenderThread:16263 [sender.py:send():379] send: summary
2023-09-30 18:14:30,743 INFO    SenderThread:16263 [sender.py:_save_file():1375] saving file wandb-summary.json with policy end
2023-09-30 18:14:30,743 DEBUG   SenderThread:16263 [sender.py:send_request():406] send_request: defer
2023-09-30 18:14:30,743 INFO    SenderThread:16263 [sender.py:send_request_defer():608] handle sender defer: 5
2023-09-30 18:14:30,743 INFO    SenderThread:16263 [sender.py:transition_state():612] send defer: 6
2023-09-30 18:14:30,743 DEBUG   HandlerThread:16263 [handler.py:handle_request():144] handle_request: defer
2023-09-30 18:14:30,743 INFO    HandlerThread:16263 [handler.py:handle_request_defer():170] handle defer: 6
2023-09-30 18:14:30,743 DEBUG   SenderThread:16263 [sender.py:send_request():406] send_request: defer
2023-09-30 18:14:30,743 INFO    SenderThread:16263 [sender.py:send_request_defer():608] handle sender defer: 6
2023-09-30 18:14:30,745 DEBUG   HandlerThread:16263 [handler.py:handle_request():144] handle_request: status_report
2023-09-30 18:14:30,933 INFO    SenderThread:16263 [sender.py:transition_state():612] send defer: 7
2023-09-30 18:14:30,934 DEBUG   HandlerThread:16263 [handler.py:handle_request():144] handle_request: defer
2023-09-30 18:14:30,934 INFO    HandlerThread:16263 [handler.py:handle_request_defer():170] handle defer: 7
2023-09-30 18:14:30,934 DEBUG   SenderThread:16263 [sender.py:send_request():406] send_request: defer
2023-09-30 18:14:30,934 INFO    SenderThread:16263 [sender.py:send_request_defer():608] handle sender defer: 7
2023-09-30 18:14:31,318 INFO    Thread-12 :16263 [dir_watcher.py:_on_file_modified():288] file/dir modified: /Users/leo/Programming/PLR/wandb/run-20230930_181416-lwbe7chf/files/config.yaml
2023-09-30 18:14:31,319 INFO    Thread-12 :16263 [dir_watcher.py:_on_file_created():271] file/dir created: /Users/leo/Programming/PLR/wandb/run-20230930_181416-lwbe7chf/files/wandb-summary.json
2023-09-30 18:14:31,352 INFO    SenderThread:16263 [sender.py:transition_state():612] send defer: 8
2023-09-30 18:14:31,353 DEBUG   HandlerThread:16263 [handler.py:handle_request():144] handle_request: defer
2023-09-30 18:14:31,353 INFO    HandlerThread:16263 [handler.py:handle_request_defer():170] handle defer: 8
2023-09-30 18:14:31,354 DEBUG   SenderThread:16263 [sender.py:send_request():406] send_request: defer
2023-09-30 18:14:31,354 INFO    SenderThread:16263 [sender.py:send_request_defer():608] handle sender defer: 8
2023-09-30 18:14:31,354 INFO    SenderThread:16263 [job_builder.py:build():281] Attempting to build job artifact
2023-09-30 18:14:31,355 INFO    SenderThread:16263 [job_builder.py:_get_source_type():393] is repo sourced job
2023-09-30 18:14:31,358 INFO    SenderThread:16263 [job_builder.py:build():369] adding wandb-job metadata file
2023-09-30 18:14:31,363 INFO    SenderThread:16263 [sender.py:transition_state():612] send defer: 9
2023-09-30 18:14:31,364 DEBUG   SenderThread:16263 [sender.py:send():379] send: artifact
2023-09-30 18:14:31,364 DEBUG   HandlerThread:16263 [handler.py:handle_request():144] handle_request: defer
2023-09-30 18:14:31,365 INFO    HandlerThread:16263 [handler.py:handle_request_defer():170] handle defer: 9
2023-09-30 18:14:31,742 DEBUG   HandlerThread:16263 [handler.py:handle_request():144] handle_request: poll_exit
2023-09-30 18:14:32,323 INFO    SenderThread:16263 [sender.py:send_artifact():1453] sent artifact job-https___github.com_leothesouthafrican_PLR.git_Leo_gen_algo_opt_folder_genetic_algorithm.py - {'id': 'QXJ0aWZhY3Q6NTg5OTQxNTg3', 'state': 'COMMITTED', 'artifactSequence': {'id': 'QXJ0aWZhY3RDb2xsZWN0aW9uOjEwMjY3Mjc5OA==', 'latestArtifact': {'id': 'QXJ0aWZhY3Q6NTg5OTQxNTg3', 'versionIndex': 8}}}
2023-09-30 18:14:32,323 DEBUG   SenderThread:16263 [sender.py:send_request():406] send_request: defer
2023-09-30 18:14:32,323 INFO    SenderThread:16263 [sender.py:send_request_defer():608] handle sender defer: 9
2023-09-30 18:14:32,323 INFO    SenderThread:16263 [dir_watcher.py:finish():358] shutting down directory watcher
2023-09-30 18:14:32,324 INFO    SenderThread:16263 [dir_watcher.py:_on_file_modified():288] file/dir modified: /Users/leo/Programming/PLR/wandb/run-20230930_181416-lwbe7chf/files/output.log
2023-09-30 18:14:32,324 INFO    SenderThread:16263 [dir_watcher.py:finish():388] scan: /Users/leo/Programming/PLR/wandb/run-20230930_181416-lwbe7chf/files
2023-09-30 18:14:32,325 INFO    SenderThread:16263 [dir_watcher.py:finish():402] scan save: /Users/leo/Programming/PLR/wandb/run-20230930_181416-lwbe7chf/files/requirements.txt requirements.txt
2023-09-30 18:14:32,325 INFO    SenderThread:16263 [dir_watcher.py:finish():402] scan save: /Users/leo/Programming/PLR/wandb/run-20230930_181416-lwbe7chf/files/output.log output.log
2023-09-30 18:14:32,325 INFO    SenderThread:16263 [dir_watcher.py:finish():402] scan save: /Users/leo/Programming/PLR/wandb/run-20230930_181416-lwbe7chf/files/config.yaml config.yaml
2023-09-30 18:14:32,328 INFO    SenderThread:16263 [dir_watcher.py:finish():402] scan save: /Users/leo/Programming/PLR/wandb/run-20230930_181416-lwbe7chf/files/wandb-summary.json wandb-summary.json
2023-09-30 18:14:32,329 INFO    SenderThread:16263 [dir_watcher.py:finish():402] scan save: /Users/leo/Programming/PLR/wandb/run-20230930_181416-lwbe7chf/files/wandb-metadata.json wandb-metadata.json
2023-09-30 18:14:32,330 INFO    SenderThread:16263 [sender.py:transition_state():612] send defer: 10
2023-09-30 18:14:32,330 DEBUG   SenderThread:16263 [sender.py:send_request():406] send_request: poll_exit
2023-09-30 18:14:32,331 DEBUG   HandlerThread:16263 [handler.py:handle_request():144] handle_request: defer
2023-09-30 18:14:32,331 INFO    HandlerThread:16263 [handler.py:handle_request_defer():170] handle defer: 10
2023-09-30 18:14:32,332 DEBUG   SenderThread:16263 [sender.py:send_request():406] send_request: defer
2023-09-30 18:14:32,332 INFO    SenderThread:16263 [sender.py:send_request_defer():608] handle sender defer: 10
2023-09-30 18:14:32,332 INFO    SenderThread:16263 [file_pusher.py:finish():175] shutting down file pusher
2023-09-30 18:14:32,744 DEBUG   HandlerThread:16263 [handler.py:handle_request():144] handle_request: poll_exit
2023-09-30 18:14:32,745 DEBUG   SenderThread:16263 [sender.py:send_request():406] send_request: poll_exit
2023-09-30 18:14:32,854 INFO    wandb-upload_1:16263 [upload_job.py:push():131] Uploaded file /Users/leo/Programming/PLR/wandb/run-20230930_181416-lwbe7chf/files/requirements.txt
2023-09-30 18:14:32,970 INFO    wandb-upload_0:16263 [upload_job.py:push():131] Uploaded file /Users/leo/Programming/PLR/wandb/run-20230930_181416-lwbe7chf/files/output.log
2023-09-30 18:14:32,971 INFO    wandb-upload_2:16263 [upload_job.py:push():131] Uploaded file /Users/leo/Programming/PLR/wandb/run-20230930_181416-lwbe7chf/files/config.yaml
2023-09-30 18:14:32,971 INFO    wandb-upload_3:16263 [upload_job.py:push():131] Uploaded file /Users/leo/Programming/PLR/wandb/run-20230930_181416-lwbe7chf/files/wandb-summary.json
2023-09-30 18:14:33,175 INFO    Thread-11 (_thread_body):16263 [sender.py:transition_state():612] send defer: 11
2023-09-30 18:14:33,176 DEBUG   HandlerThread:16263 [handler.py:handle_request():144] handle_request: defer
2023-09-30 18:14:33,176 INFO    HandlerThread:16263 [handler.py:handle_request_defer():170] handle defer: 11
2023-09-30 18:14:33,176 DEBUG   SenderThread:16263 [sender.py:send_request():406] send_request: defer
2023-09-30 18:14:33,176 INFO    SenderThread:16263 [sender.py:send_request_defer():608] handle sender defer: 11
2023-09-30 18:14:33,176 INFO    SenderThread:16263 [file_pusher.py:join():181] waiting for file pusher
2023-09-30 18:14:33,176 INFO    SenderThread:16263 [sender.py:transition_state():612] send defer: 12
2023-09-30 18:14:33,177 DEBUG   HandlerThread:16263 [handler.py:handle_request():144] handle_request: defer
2023-09-30 18:14:33,177 INFO    HandlerThread:16263 [handler.py:handle_request_defer():170] handle defer: 12
2023-09-30 18:14:33,177 DEBUG   SenderThread:16263 [sender.py:send_request():406] send_request: defer
2023-09-30 18:14:33,177 INFO    SenderThread:16263 [sender.py:send_request_defer():608] handle sender defer: 12
2023-09-30 18:14:33,177 INFO    SenderThread:16263 [file_stream.py:finish():594] file stream finish called
2023-09-30 18:14:33,341 INFO    SenderThread:16263 [file_stream.py:finish():598] file stream finish is done
2023-09-30 18:14:33,341 INFO    SenderThread:16263 [sender.py:transition_state():612] send defer: 13
2023-09-30 18:14:33,341 DEBUG   HandlerThread:16263 [handler.py:handle_request():144] handle_request: defer
2023-09-30 18:14:33,341 INFO    HandlerThread:16263 [handler.py:handle_request_defer():170] handle defer: 13
2023-09-30 18:14:33,342 DEBUG   SenderThread:16263 [sender.py:send_request():406] send_request: defer
2023-09-30 18:14:33,342 INFO    SenderThread:16263 [sender.py:send_request_defer():608] handle sender defer: 13
2023-09-30 18:14:33,342 INFO    SenderThread:16263 [sender.py:transition_state():612] send defer: 14
2023-09-30 18:14:33,342 DEBUG   HandlerThread:16263 [handler.py:handle_request():144] handle_request: defer
2023-09-30 18:14:33,342 DEBUG   SenderThread:16263 [sender.py:send():379] send: final
2023-09-30 18:14:33,342 INFO    HandlerThread:16263 [handler.py:handle_request_defer():170] handle defer: 14
2023-09-30 18:14:33,342 DEBUG   SenderThread:16263 [sender.py:send():379] send: footer
2023-09-30 18:14:33,343 DEBUG   SenderThread:16263 [sender.py:send_request():406] send_request: defer
2023-09-30 18:14:33,343 INFO    SenderThread:16263 [sender.py:send_request_defer():608] handle sender defer: 14
2023-09-30 18:14:33,344 DEBUG   HandlerThread:16263 [handler.py:handle_request():144] handle_request: poll_exit
2023-09-30 18:14:33,345 DEBUG   SenderThread:16263 [sender.py:send_request():406] send_request: poll_exit
2023-09-30 18:14:33,345 DEBUG   HandlerThread:16263 [handler.py:handle_request():144] handle_request: poll_exit
2023-09-30 18:14:33,345 DEBUG   HandlerThread:16263 [handler.py:handle_request():144] handle_request: server_info
2023-09-30 18:14:33,345 DEBUG   HandlerThread:16263 [handler.py:handle_request():144] handle_request: get_summary
2023-09-30 18:14:33,346 DEBUG   SenderThread:16263 [sender.py:send_request():406] send_request: poll_exit
2023-09-30 18:14:33,346 DEBUG   SenderThread:16263 [sender.py:send_request():406] send_request: server_info
2023-09-30 18:14:33,348 DEBUG   HandlerThread:16263 [handler.py:handle_request():144] handle_request: sampled_history
2023-09-30 18:14:33,348 DEBUG   HandlerThread:16263 [handler.py:handle_request():144] handle_request: internal_messages
2023-09-30 18:14:33,348 DEBUG   HandlerThread:16263 [handler.py:handle_request():144] handle_request: job_info
2023-09-30 18:14:33,486 DEBUG   SenderThread:16263 [sender.py:send_request():406] send_request: job_info
2023-09-30 18:14:33,487 INFO    MainThread:16263 [wandb_run.py:_footer_history_summary_info():3557] rendering history
2023-09-30 18:14:33,487 INFO    MainThread:16263 [wandb_run.py:_footer_history_summary_info():3589] rendering summary
2023-09-30 18:14:33,487 INFO    MainThread:16263 [wandb_run.py:_footer_sync_info():3516] logging synced files
2023-09-30 18:14:33,488 DEBUG   HandlerThread:16263 [handler.py:handle_request():144] handle_request: shutdown
2023-09-30 18:14:33,489 INFO    HandlerThread:16263 [handler.py:finish():840] shutting down handler
2023-09-30 18:14:34,350 INFO    WriterThread:16263 [datastore.py:close():294] close: /Users/leo/Programming/PLR/wandb/run-20230930_181416-lwbe7chf/run-lwbe7chf.wandb
2023-09-30 18:14:34,495 INFO    SenderThread:16263 [sender.py:finish():1531] shutting down sender
2023-09-30 18:14:34,496 INFO    SenderThread:16263 [file_pusher.py:finish():175] shutting down file pusher
2023-09-30 18:14:34,496 INFO    SenderThread:16263 [file_pusher.py:join():181] waiting for file pusher
