2023-09-29 19:50:58,024 INFO    StreamThr :280 [internal.py:wandb_internal():86] W&B internal server running at pid: 280, started at: 2023-09-29 19:50:58.024205
2023-09-29 19:50:58,025 DEBUG   HandlerThread:280 [handler.py:handle_request():144] handle_request: status
2023-09-29 19:50:58,027 INFO    WriterThread:280 [datastore.py:open_for_write():85] open: /Users/leo/Programming/PLR/wandb/run-20230929_195058-n03v209r/run-n03v209r.wandb
2023-09-29 19:50:58,027 DEBUG   SenderThread:280 [sender.py:send():379] send: header
2023-09-29 19:50:58,042 DEBUG   SenderThread:280 [sender.py:send():379] send: run
2023-09-29 19:50:58,552 INFO    SenderThread:280 [dir_watcher.py:__init__():211] watching files in: /Users/leo/Programming/PLR/wandb/run-20230929_195058-n03v209r/files
2023-09-29 19:50:58,553 INFO    SenderThread:280 [sender.py:_start_run_threads():1121] run started: n03v209r with start time 1696013458.024398
2023-09-29 19:50:58,562 DEBUG   HandlerThread:280 [handler.py:handle_request():144] handle_request: check_version
2023-09-29 19:50:58,562 DEBUG   SenderThread:280 [sender.py:send_request():406] send_request: check_version
2023-09-29 19:50:58,844 DEBUG   HandlerThread:280 [handler.py:handle_request():144] handle_request: run_start
2023-09-29 19:50:58,856 DEBUG   HandlerThread:280 [system_info.py:__init__():32] System info init
2023-09-29 19:50:58,857 DEBUG   HandlerThread:280 [system_info.py:__init__():47] System info init done
2023-09-29 19:50:58,857 INFO    HandlerThread:280 [system_monitor.py:start():181] Starting system monitor
2023-09-29 19:50:58,857 INFO    SystemMonitor:280 [system_monitor.py:_start():145] Starting system asset monitoring threads
2023-09-29 19:50:58,857 INFO    HandlerThread:280 [system_monitor.py:probe():201] Collecting system info
2023-09-29 19:50:58,858 INFO    SystemMonitor:280 [interfaces.py:start():190] Started cpu monitoring
2023-09-29 19:50:58,858 DEBUG   HandlerThread:280 [system_info.py:probe():196] Probing system
2023-09-29 19:50:58,860 INFO    SystemMonitor:280 [interfaces.py:start():190] Started disk monitoring
2023-09-29 19:50:58,860 INFO    SystemMonitor:280 [interfaces.py:start():190] Started gpuapple monitoring
2023-09-29 19:50:58,864 INFO    SystemMonitor:280 [interfaces.py:start():190] Started memory monitoring
2023-09-29 19:50:58,865 INFO    SystemMonitor:280 [interfaces.py:start():190] Started network monitoring
2023-09-29 19:50:58,869 DEBUG   HandlerThread:280 [system_info.py:_probe_git():181] Probing git
2023-09-29 19:50:58,883 DEBUG   HandlerThread:280 [system_info.py:_probe_git():189] Probing git done
2023-09-29 19:50:58,883 DEBUG   HandlerThread:280 [system_info.py:probe():244] Probing system done
2023-09-29 19:50:58,883 DEBUG   HandlerThread:280 [system_monitor.py:probe():210] {'os': 'macOS-14.0-arm64-arm-64bit', 'python': '3.11.4', 'heartbeatAt': '2023-09-29T18:50:58.860511', 'startedAt': '2023-09-29T18:50:58.019266', 'docker': None, 'cuda': None, 'args': (), 'state': 'running', 'program': '/Users/leo/Programming/PLR/Leo/gen_algo_opt_folder/gen_algo2.py', 'codePathLocal': 'Leo/gen_algo_opt_folder/gen_algo2.py', 'codePath': 'Leo/gen_algo_opt_folder/gen_algo2.py', 'git': {'remote': 'https://github.com/leothesouthafrican/PLR.git', 'commit': '17c440643012a28a1c012a2814851fe71d6b6ec3'}, 'email': '38779415+leothesouthafrican@users.noreply.github.com', 'root': '/Users/leo/Programming/PLR', 'host': 'Leos-MacBook-Pro.local', 'username': 'leo', 'executable': '/Users/leo/Programming/PLR/Leo/env/bin/python3.11', 'cpu_count': 10, 'cpu_count_logical': 10, 'disk': {'/': {'total': 855.9619140625, 'used': 12.108589172363281}}, 'gpuapple': {'type': 'arm', 'vendor': 'Apple'}, 'memory': {'total': 32.0}}
2023-09-29 19:50:58,884 INFO    HandlerThread:280 [system_monitor.py:probe():211] Finished collecting system info
2023-09-29 19:50:58,884 INFO    HandlerThread:280 [system_monitor.py:probe():214] Publishing system info
2023-09-29 19:50:58,884 DEBUG   HandlerThread:280 [system_info.py:_save_pip():52] Saving list of pip packages installed into the current environment
2023-09-29 19:50:58,884 DEBUG   HandlerThread:280 [system_info.py:_save_pip():68] Saving pip packages done
2023-09-29 19:50:58,884 INFO    HandlerThread:280 [system_monitor.py:probe():216] Finished publishing system info
2023-09-29 19:50:58,886 DEBUG   SenderThread:280 [sender.py:send():379] send: files
2023-09-29 19:50:58,886 INFO    SenderThread:280 [sender.py:_save_file():1375] saving file wandb-metadata.json with policy now
2023-09-29 19:50:58,889 DEBUG   HandlerThread:280 [handler.py:handle_request():144] handle_request: stop_status
2023-09-29 19:50:58,889 DEBUG   SenderThread:280 [sender.py:send_request():406] send_request: stop_status
2023-09-29 19:50:58,890 DEBUG   HandlerThread:280 [handler.py:handle_request():144] handle_request: internal_messages
2023-09-29 19:50:59,558 INFO    Thread-12 :280 [dir_watcher.py:_on_file_created():271] file/dir created: /Users/leo/Programming/PLR/wandb/run-20230929_195058-n03v209r/files/requirements.txt
2023-09-29 19:50:59,558 INFO    Thread-12 :280 [dir_watcher.py:_on_file_created():271] file/dir created: /Users/leo/Programming/PLR/wandb/run-20230929_195058-n03v209r/files/wandb-metadata.json
2023-09-29 19:50:59,620 INFO    wandb-upload_0:280 [upload_job.py:push():131] Uploaded file /var/folders/dt/bgs1hq3d2k3dvhpt3llvs4rw0000gn/T/tmpu_hvbe6dwandb/v2va52g2-wandb-metadata.json
2023-09-29 19:51:00,152 DEBUG   SenderThread:280 [sender.py:send():379] send: telemetry
2023-09-29 19:51:00,570 INFO    Thread-12 :280 [dir_watcher.py:_on_file_created():271] file/dir created: /Users/leo/Programming/PLR/wandb/run-20230929_195058-n03v209r/files/output.log
2023-09-29 19:51:02,575 INFO    Thread-12 :280 [dir_watcher.py:_on_file_modified():288] file/dir modified: /Users/leo/Programming/PLR/wandb/run-20230929_195058-n03v209r/files/output.log
2023-09-29 19:51:03,167 DEBUG   HandlerThread:280 [handler.py:handle_request():144] handle_request: status_report
2023-09-29 19:51:08,202 DEBUG   HandlerThread:280 [handler.py:handle_request():144] handle_request: status_report
2023-09-29 19:51:13,231 DEBUG   HandlerThread:280 [handler.py:handle_request():144] handle_request: status_report
2023-09-29 19:51:13,894 DEBUG   HandlerThread:280 [handler.py:handle_request():144] handle_request: stop_status
2023-09-29 19:51:13,894 DEBUG   HandlerThread:280 [handler.py:handle_request():144] handle_request: internal_messages
2023-09-29 19:51:13,895 DEBUG   SenderThread:280 [sender.py:send_request():406] send_request: stop_status
2023-09-29 19:51:19,095 DEBUG   HandlerThread:280 [handler.py:handle_request():144] handle_request: status_report
2023-09-29 19:51:24,127 DEBUG   HandlerThread:280 [handler.py:handle_request():144] handle_request: status_report
2023-09-29 19:51:28,896 DEBUG   HandlerThread:280 [handler.py:handle_request():144] handle_request: stop_status
2023-09-29 19:51:28,897 DEBUG   SenderThread:280 [sender.py:send_request():406] send_request: stop_status
2023-09-29 19:51:28,898 DEBUG   HandlerThread:280 [handler.py:handle_request():144] handle_request: internal_messages
2023-09-29 19:51:30,131 DEBUG   HandlerThread:280 [handler.py:handle_request():144] handle_request: status_report
2023-09-29 19:51:30,689 INFO    Thread-12 :280 [dir_watcher.py:_on_file_modified():288] file/dir modified: /Users/leo/Programming/PLR/wandb/run-20230929_195058-n03v209r/files/config.yaml
2023-09-29 19:51:35,382 DEBUG   HandlerThread:280 [handler.py:handle_request():144] handle_request: status_report
2023-09-29 19:51:40,405 DEBUG   HandlerThread:280 [handler.py:handle_request():144] handle_request: status_report
2023-09-29 19:51:43,901 DEBUG   HandlerThread:280 [handler.py:handle_request():144] handle_request: stop_status
2023-09-29 19:51:43,902 DEBUG   SenderThread:280 [sender.py:send_request():406] send_request: stop_status
2023-09-29 19:51:43,903 DEBUG   HandlerThread:280 [handler.py:handle_request():144] handle_request: internal_messages
2023-09-29 19:51:46,200 DEBUG   HandlerThread:280 [handler.py:handle_request():144] handle_request: status_report
2023-09-29 19:51:51,227 DEBUG   HandlerThread:280 [handler.py:handle_request():144] handle_request: status_report
2023-09-29 19:51:56,244 DEBUG   HandlerThread:280 [handler.py:handle_request():144] handle_request: status_report
2023-09-29 19:51:58,869 DEBUG   SystemMonitor:280 [system_monitor.py:_start():159] Starting system metrics aggregation loop
2023-09-29 19:51:58,870 DEBUG   SenderThread:280 [sender.py:send():379] send: telemetry
2023-09-29 19:51:58,870 DEBUG   SenderThread:280 [sender.py:send():379] send: stats
2023-09-29 19:51:58,905 DEBUG   HandlerThread:280 [handler.py:handle_request():144] handle_request: stop_status
2023-09-29 19:51:58,910 DEBUG   SenderThread:280 [sender.py:send_request():406] send_request: stop_status
2023-09-29 19:51:58,912 DEBUG   HandlerThread:280 [handler.py:handle_request():144] handle_request: internal_messages
2023-09-29 19:52:02,192 DEBUG   HandlerThread:280 [handler.py:handle_request():144] handle_request: status_report
2023-09-29 19:52:02,828 INFO    Thread-12 :280 [dir_watcher.py:_on_file_modified():288] file/dir modified: /Users/leo/Programming/PLR/wandb/run-20230929_195058-n03v209r/files/config.yaml
2023-09-29 19:52:07,409 DEBUG   HandlerThread:280 [handler.py:handle_request():144] handle_request: status_report
2023-09-29 19:52:11,984 DEBUG   SenderThread:280 [sender.py:send():379] send: exit
2023-09-29 19:52:11,984 INFO    SenderThread:280 [sender.py:send_exit():584] handling exit code: 1
2023-09-29 19:52:11,985 INFO    SenderThread:280 [sender.py:send_exit():586] handling runtime: 73
2023-09-29 19:52:11,985 INFO    SenderThread:280 [sender.py:_save_file():1375] saving file wandb-summary.json with policy end
2023-09-29 19:52:11,986 INFO    SenderThread:280 [sender.py:send_exit():592] send defer
2023-09-29 19:52:11,986 DEBUG   HandlerThread:280 [handler.py:handle_request():144] handle_request: defer
2023-09-29 19:52:11,986 INFO    HandlerThread:280 [handler.py:handle_request_defer():170] handle defer: 0
2023-09-29 19:52:11,986 DEBUG   SenderThread:280 [sender.py:send_request():406] send_request: defer
2023-09-29 19:52:11,986 INFO    SenderThread:280 [sender.py:send_request_defer():608] handle sender defer: 0
2023-09-29 19:52:11,986 INFO    SenderThread:280 [sender.py:transition_state():612] send defer: 1
2023-09-29 19:52:11,986 DEBUG   HandlerThread:280 [handler.py:handle_request():144] handle_request: defer
2023-09-29 19:52:11,986 INFO    HandlerThread:280 [handler.py:handle_request_defer():170] handle defer: 1
2023-09-29 19:52:11,986 DEBUG   SenderThread:280 [sender.py:send_request():406] send_request: defer
2023-09-29 19:52:11,986 INFO    SenderThread:280 [sender.py:send_request_defer():608] handle sender defer: 1
2023-09-29 19:52:11,986 INFO    SenderThread:280 [sender.py:transition_state():612] send defer: 2
2023-09-29 19:52:11,986 DEBUG   HandlerThread:280 [handler.py:handle_request():144] handle_request: defer
2023-09-29 19:52:11,986 INFO    HandlerThread:280 [handler.py:handle_request_defer():170] handle defer: 2
2023-09-29 19:52:11,986 INFO    HandlerThread:280 [system_monitor.py:finish():190] Stopping system monitor
2023-09-29 19:52:11,986 DEBUG   SystemMonitor:280 [system_monitor.py:_start():166] Finished system metrics aggregation loop
2023-09-29 19:52:11,986 DEBUG   SystemMonitor:280 [system_monitor.py:_start():170] Publishing last batch of metrics
2023-09-29 19:52:11,987 INFO    HandlerThread:280 [interfaces.py:finish():202] Joined cpu monitor
2023-09-29 19:52:11,987 INFO    HandlerThread:280 [interfaces.py:finish():202] Joined disk monitor
2023-09-29 19:52:11,987 INFO    HandlerThread:280 [interfaces.py:finish():202] Joined gpuapple monitor
2023-09-29 19:52:11,987 INFO    HandlerThread:280 [interfaces.py:finish():202] Joined memory monitor
2023-09-29 19:52:11,987 INFO    HandlerThread:280 [interfaces.py:finish():202] Joined network monitor
2023-09-29 19:52:11,987 DEBUG   SenderThread:280 [sender.py:send_request():406] send_request: defer
2023-09-29 19:52:11,987 INFO    SenderThread:280 [sender.py:send_request_defer():608] handle sender defer: 2
2023-09-29 19:52:11,988 INFO    SenderThread:280 [sender.py:transition_state():612] send defer: 3
2023-09-29 19:52:11,988 DEBUG   SenderThread:280 [sender.py:send():379] send: stats
2023-09-29 19:52:11,988 DEBUG   HandlerThread:280 [handler.py:handle_request():144] handle_request: defer
2023-09-29 19:52:11,988 INFO    HandlerThread:280 [handler.py:handle_request_defer():170] handle defer: 3
2023-09-29 19:52:11,988 DEBUG   SenderThread:280 [sender.py:send_request():406] send_request: defer
2023-09-29 19:52:11,988 INFO    SenderThread:280 [sender.py:send_request_defer():608] handle sender defer: 3
2023-09-29 19:52:11,988 INFO    SenderThread:280 [sender.py:transition_state():612] send defer: 4
2023-09-29 19:52:11,988 DEBUG   HandlerThread:280 [handler.py:handle_request():144] handle_request: defer
2023-09-29 19:52:11,988 INFO    HandlerThread:280 [handler.py:handle_request_defer():170] handle defer: 4
2023-09-29 19:52:11,988 DEBUG   SenderThread:280 [sender.py:send_request():406] send_request: defer
2023-09-29 19:52:11,988 INFO    SenderThread:280 [sender.py:send_request_defer():608] handle sender defer: 4
2023-09-29 19:52:11,988 INFO    SenderThread:280 [sender.py:transition_state():612] send defer: 5
2023-09-29 19:52:11,988 DEBUG   HandlerThread:280 [handler.py:handle_request():144] handle_request: defer
2023-09-29 19:52:11,988 INFO    HandlerThread:280 [handler.py:handle_request_defer():170] handle defer: 5
2023-09-29 19:52:11,988 DEBUG   SenderThread:280 [sender.py:send():379] send: summary
2023-09-29 19:52:11,988 INFO    SenderThread:280 [sender.py:_save_file():1375] saving file wandb-summary.json with policy end
2023-09-29 19:52:11,988 DEBUG   SenderThread:280 [sender.py:send_request():406] send_request: defer
2023-09-29 19:52:11,988 INFO    SenderThread:280 [sender.py:send_request_defer():608] handle sender defer: 5
2023-09-29 19:52:11,988 INFO    SenderThread:280 [sender.py:transition_state():612] send defer: 6
2023-09-29 19:52:11,988 DEBUG   HandlerThread:280 [handler.py:handle_request():144] handle_request: defer
2023-09-29 19:52:11,988 INFO    HandlerThread:280 [handler.py:handle_request_defer():170] handle defer: 6
2023-09-29 19:52:11,988 DEBUG   SenderThread:280 [sender.py:send_request():406] send_request: defer
2023-09-29 19:52:11,988 INFO    SenderThread:280 [sender.py:send_request_defer():608] handle sender defer: 6
2023-09-29 19:52:11,988 INFO    SenderThread:280 [sender.py:transition_state():612] send defer: 7
2023-09-29 19:52:11,989 DEBUG   HandlerThread:280 [handler.py:handle_request():144] handle_request: status_report
2023-09-29 19:52:11,989 DEBUG   HandlerThread:280 [handler.py:handle_request():144] handle_request: defer
2023-09-29 19:52:11,989 INFO    HandlerThread:280 [handler.py:handle_request_defer():170] handle defer: 7
2023-09-29 19:52:11,989 DEBUG   SenderThread:280 [sender.py:send_request():406] send_request: defer
2023-09-29 19:52:11,989 INFO    SenderThread:280 [sender.py:send_request_defer():608] handle sender defer: 7
2023-09-29 19:52:12,332 INFO    SenderThread:280 [sender.py:transition_state():612] send defer: 8
2023-09-29 19:52:12,332 DEBUG   HandlerThread:280 [handler.py:handle_request():144] handle_request: defer
2023-09-29 19:52:12,332 INFO    HandlerThread:280 [handler.py:handle_request_defer():170] handle defer: 8
2023-09-29 19:52:12,332 DEBUG   SenderThread:280 [sender.py:send_request():406] send_request: defer
2023-09-29 19:52:12,332 INFO    SenderThread:280 [sender.py:send_request_defer():608] handle sender defer: 8
2023-09-29 19:52:12,332 INFO    SenderThread:280 [job_builder.py:build():281] Attempting to build job artifact
2023-09-29 19:52:12,333 INFO    SenderThread:280 [job_builder.py:_get_source_type():393] is repo sourced job
2023-09-29 19:52:12,334 INFO    SenderThread:280 [job_builder.py:build():369] adding wandb-job metadata file
2023-09-29 19:52:12,337 INFO    SenderThread:280 [sender.py:transition_state():612] send defer: 9
2023-09-29 19:52:12,338 DEBUG   HandlerThread:280 [handler.py:handle_request():144] handle_request: defer
2023-09-29 19:52:12,338 INFO    HandlerThread:280 [handler.py:handle_request_defer():170] handle defer: 9
2023-09-29 19:52:12,338 DEBUG   SenderThread:280 [sender.py:send():379] send: artifact
2023-09-29 19:52:12,866 INFO    Thread-12 :280 [dir_watcher.py:_on_file_modified():288] file/dir modified: /Users/leo/Programming/PLR/wandb/run-20230929_195058-n03v209r/files/output.log
2023-09-29 19:52:12,868 INFO    Thread-12 :280 [dir_watcher.py:_on_file_created():271] file/dir created: /Users/leo/Programming/PLR/wandb/run-20230929_195058-n03v209r/files/wandb-summary.json
2023-09-29 19:52:12,991 DEBUG   HandlerThread:280 [handler.py:handle_request():144] handle_request: poll_exit
2023-09-29 19:52:13,683 INFO    wandb-upload_0:280 [upload_job.py:push():86] Skipped uploading /Users/leo/Library/Application Support/wandb/artifacts/staging/tmp5tbd1grq
2023-09-29 19:52:14,099 INFO    wandb-upload_1:280 [upload_job.py:push():89] Uploaded file /Users/leo/Library/Application Support/wandb/artifacts/staging/tmp_fgjt4ta
2023-09-29 19:52:15,878 INFO    SenderThread:280 [sender.py:send_artifact():1453] sent artifact job-https___github.com_leothesouthafrican_PLR.git_Leo_gen_algo_opt_folder_gen_algo2.py - {'id': 'QXJ0aWZhY3Q6NTg4ODk3OTYz', 'state': 'PENDING', 'artifactSequence': {'id': 'QXJ0aWZhY3RDb2xsZWN0aW9uOjEwMjQ3MTkxNw==', 'latestArtifact': {'id': 'QXJ0aWZhY3Q6NTg4NzgyNjQx', 'versionIndex': 2}}}
2023-09-29 19:52:15,879 DEBUG   SenderThread:280 [sender.py:send_request():406] send_request: defer
2023-09-29 19:52:15,879 INFO    SenderThread:280 [sender.py:send_request_defer():608] handle sender defer: 9
2023-09-29 19:52:15,879 INFO    SenderThread:280 [dir_watcher.py:finish():358] shutting down directory watcher
2023-09-29 19:52:16,881 INFO    SenderThread:280 [dir_watcher.py:finish():388] scan: /Users/leo/Programming/PLR/wandb/run-20230929_195058-n03v209r/files
2023-09-29 19:52:16,882 INFO    SenderThread:280 [dir_watcher.py:finish():402] scan save: /Users/leo/Programming/PLR/wandb/run-20230929_195058-n03v209r/files/requirements.txt requirements.txt
2023-09-29 19:52:16,882 INFO    SenderThread:280 [dir_watcher.py:finish():402] scan save: /Users/leo/Programming/PLR/wandb/run-20230929_195058-n03v209r/files/output.log output.log
2023-09-29 19:52:16,883 INFO    SenderThread:280 [dir_watcher.py:finish():402] scan save: /Users/leo/Programming/PLR/wandb/run-20230929_195058-n03v209r/files/config.yaml config.yaml
2023-09-29 19:52:16,884 INFO    SenderThread:280 [dir_watcher.py:finish():402] scan save: /Users/leo/Programming/PLR/wandb/run-20230929_195058-n03v209r/files/wandb-summary.json wandb-summary.json
2023-09-29 19:52:16,884 INFO    SenderThread:280 [dir_watcher.py:finish():402] scan save: /Users/leo/Programming/PLR/wandb/run-20230929_195058-n03v209r/files/wandb-metadata.json wandb-metadata.json
2023-09-29 19:52:16,884 INFO    SenderThread:280 [sender.py:transition_state():612] send defer: 10
2023-09-29 19:52:16,884 DEBUG   SenderThread:280 [sender.py:send_request():406] send_request: poll_exit
2023-09-29 19:52:16,884 DEBUG   HandlerThread:280 [handler.py:handle_request():144] handle_request: defer
2023-09-29 19:52:16,886 INFO    HandlerThread:280 [handler.py:handle_request_defer():170] handle defer: 10
2023-09-29 19:52:16,889 DEBUG   SenderThread:280 [sender.py:send_request():406] send_request: defer
2023-09-29 19:52:16,889 INFO    SenderThread:280 [sender.py:send_request_defer():608] handle sender defer: 10
2023-09-29 19:52:16,889 INFO    SenderThread:280 [file_pusher.py:finish():175] shutting down file pusher
2023-09-29 19:52:17,326 INFO    wandb-upload_2:280 [upload_job.py:push():131] Uploaded file /Users/leo/Programming/PLR/wandb/run-20230929_195058-n03v209r/files/output.log
2023-09-29 19:52:17,402 INFO    wandb-upload_1:280 [upload_job.py:push():131] Uploaded file /Users/leo/Programming/PLR/wandb/run-20230929_195058-n03v209r/files/config.yaml
2023-09-29 19:52:17,490 INFO    wandb-upload_3:280 [upload_job.py:push():131] Uploaded file /Users/leo/Programming/PLR/wandb/run-20230929_195058-n03v209r/files/wandb-summary.json
2023-09-29 19:52:17,525 INFO    wandb-upload_0:280 [upload_job.py:push():131] Uploaded file /Users/leo/Programming/PLR/wandb/run-20230929_195058-n03v209r/files/requirements.txt
2023-09-29 19:52:17,734 INFO    Thread-11 (_thread_body):280 [sender.py:transition_state():612] send defer: 11
2023-09-29 19:52:17,737 DEBUG   HandlerThread:280 [handler.py:handle_request():144] handle_request: defer
2023-09-29 19:52:17,738 INFO    HandlerThread:280 [handler.py:handle_request_defer():170] handle defer: 11
2023-09-29 19:52:17,739 DEBUG   SenderThread:280 [sender.py:send_request():406] send_request: defer
2023-09-29 19:52:17,739 INFO    SenderThread:280 [sender.py:send_request_defer():608] handle sender defer: 11
2023-09-29 19:52:17,739 INFO    SenderThread:280 [file_pusher.py:join():181] waiting for file pusher
2023-09-29 19:52:17,739 INFO    SenderThread:280 [sender.py:transition_state():612] send defer: 12
2023-09-29 19:52:17,739 DEBUG   HandlerThread:280 [handler.py:handle_request():144] handle_request: defer
2023-09-29 19:52:17,739 INFO    HandlerThread:280 [handler.py:handle_request_defer():170] handle defer: 12
2023-09-29 19:52:17,740 DEBUG   SenderThread:280 [sender.py:send_request():406] send_request: defer
2023-09-29 19:52:17,740 INFO    SenderThread:280 [sender.py:send_request_defer():608] handle sender defer: 12
2023-09-29 19:52:17,740 INFO    SenderThread:280 [file_stream.py:finish():594] file stream finish called
2023-09-29 19:52:18,014 DEBUG   HandlerThread:280 [handler.py:handle_request():144] handle_request: keepalive
2023-09-29 19:52:18,813 INFO    SenderThread:280 [file_stream.py:finish():598] file stream finish is done
2023-09-29 19:52:18,814 INFO    SenderThread:280 [sender.py:transition_state():612] send defer: 13
2023-09-29 19:52:18,815 DEBUG   HandlerThread:280 [handler.py:handle_request():144] handle_request: defer
2023-09-29 19:52:18,815 INFO    HandlerThread:280 [handler.py:handle_request_defer():170] handle defer: 13
2023-09-29 19:52:18,816 DEBUG   SenderThread:280 [sender.py:send_request():406] send_request: defer
2023-09-29 19:52:18,816 INFO    SenderThread:280 [sender.py:send_request_defer():608] handle sender defer: 13
2023-09-29 19:52:18,816 INFO    SenderThread:280 [sender.py:transition_state():612] send defer: 14
2023-09-29 19:52:18,816 DEBUG   HandlerThread:280 [handler.py:handle_request():144] handle_request: defer
2023-09-29 19:52:18,816 INFO    HandlerThread:280 [handler.py:handle_request_defer():170] handle defer: 14
2023-09-29 19:52:18,816 DEBUG   SenderThread:280 [sender.py:send():379] send: final
2023-09-29 19:52:18,816 DEBUG   SenderThread:280 [sender.py:send():379] send: footer
2023-09-29 19:52:18,816 DEBUG   SenderThread:280 [sender.py:send_request():406] send_request: defer
2023-09-29 19:52:18,816 INFO    SenderThread:280 [sender.py:send_request_defer():608] handle sender defer: 14
2023-09-29 19:52:18,817 DEBUG   HandlerThread:280 [handler.py:handle_request():144] handle_request: poll_exit
2023-09-29 19:52:18,817 DEBUG   HandlerThread:280 [handler.py:handle_request():144] handle_request: server_info
2023-09-29 19:52:18,817 DEBUG   SenderThread:280 [sender.py:send_request():406] send_request: poll_exit
2023-09-29 19:52:18,818 DEBUG   SenderThread:280 [sender.py:send_request():406] send_request: server_info
2023-09-29 19:52:18,819 DEBUG   HandlerThread:280 [handler.py:handle_request():144] handle_request: get_summary
2023-09-29 19:52:18,819 DEBUG   HandlerThread:280 [handler.py:handle_request():144] handle_request: sampled_history
2023-09-29 19:52:18,819 DEBUG   HandlerThread:280 [handler.py:handle_request():144] handle_request: internal_messages
2023-09-29 19:52:18,819 DEBUG   HandlerThread:280 [handler.py:handle_request():144] handle_request: job_info
2023-09-29 19:52:19,003 DEBUG   SenderThread:280 [sender.py:send_request():406] send_request: job_info
2023-09-29 19:52:19,004 INFO    MainThread:280 [wandb_run.py:_footer_history_summary_info():3557] rendering history
2023-09-29 19:52:19,004 INFO    MainThread:280 [wandb_run.py:_footer_history_summary_info():3589] rendering summary
2023-09-29 19:52:19,005 INFO    MainThread:280 [wandb_run.py:_footer_sync_info():3516] logging synced files
2023-09-29 19:52:19,005 DEBUG   HandlerThread:280 [handler.py:handle_request():144] handle_request: shutdown
2023-09-29 19:52:19,005 INFO    HandlerThread:280 [handler.py:finish():840] shutting down handler
2023-09-29 19:52:19,822 INFO    WriterThread:280 [datastore.py:close():294] close: /Users/leo/Programming/PLR/wandb/run-20230929_195058-n03v209r/run-n03v209r.wandb
2023-09-29 19:52:20,007 INFO    SenderThread:280 [sender.py:finish():1531] shutting down sender
2023-09-29 19:52:20,008 INFO    SenderThread:280 [file_pusher.py:finish():175] shutting down file pusher
2023-09-29 19:52:20,008 INFO    SenderThread:280 [file_pusher.py:join():181] waiting for file pusher
