2023-09-30 18:21:07,383 INFO    StreamThr :16621 [internal.py:wandb_internal():86] W&B internal server running at pid: 16621, started at: 2023-09-30 18:21:07.382936
2023-09-30 18:21:07,385 DEBUG   HandlerThread:16621 [handler.py:handle_request():144] handle_request: status
2023-09-30 18:21:07,388 INFO    WriterThread:16621 [datastore.py:open_for_write():85] open: /Users/leo/Programming/PLR/wandb/run-20230930_182107-kwurjda3/run-kwurjda3.wandb
2023-09-30 18:21:07,389 DEBUG   SenderThread:16621 [sender.py:send():379] send: header
2023-09-30 18:21:07,416 DEBUG   SenderThread:16621 [sender.py:send():379] send: run
2023-09-30 18:21:07,815 INFO    SenderThread:16621 [dir_watcher.py:__init__():211] watching files in: /Users/leo/Programming/PLR/wandb/run-20230930_182107-kwurjda3/files
2023-09-30 18:21:07,816 INFO    SenderThread:16621 [sender.py:_start_run_threads():1121] run started: kwurjda3 with start time 1696094467.384837
2023-09-30 18:21:07,825 DEBUG   HandlerThread:16621 [handler.py:handle_request():144] handle_request: check_version
2023-09-30 18:21:07,825 DEBUG   SenderThread:16621 [sender.py:send_request():406] send_request: check_version
2023-09-30 18:21:07,959 DEBUG   HandlerThread:16621 [handler.py:handle_request():144] handle_request: run_start
2023-09-30 18:21:07,971 DEBUG   HandlerThread:16621 [system_info.py:__init__():32] System info init
2023-09-30 18:21:07,971 DEBUG   HandlerThread:16621 [system_info.py:__init__():47] System info init done
2023-09-30 18:21:07,971 INFO    HandlerThread:16621 [system_monitor.py:start():181] Starting system monitor
2023-09-30 18:21:07,971 INFO    SystemMonitor:16621 [system_monitor.py:_start():145] Starting system asset monitoring threads
2023-09-30 18:21:07,971 INFO    HandlerThread:16621 [system_monitor.py:probe():201] Collecting system info
2023-09-30 18:21:07,972 INFO    SystemMonitor:16621 [interfaces.py:start():190] Started cpu monitoring
2023-09-30 18:21:07,972 DEBUG   HandlerThread:16621 [system_info.py:probe():196] Probing system
2023-09-30 18:21:07,973 INFO    SystemMonitor:16621 [interfaces.py:start():190] Started disk monitoring
2023-09-30 18:21:07,973 INFO    SystemMonitor:16621 [interfaces.py:start():190] Started gpuapple monitoring
2023-09-30 18:21:07,974 INFO    SystemMonitor:16621 [interfaces.py:start():190] Started memory monitoring
2023-09-30 18:21:07,978 INFO    SystemMonitor:16621 [interfaces.py:start():190] Started network monitoring
2023-09-30 18:21:07,983 DEBUG   HandlerThread:16621 [system_info.py:_probe_git():181] Probing git
2023-09-30 18:21:07,998 DEBUG   HandlerThread:16621 [system_info.py:_probe_git():189] Probing git done
2023-09-30 18:21:07,998 DEBUG   HandlerThread:16621 [system_info.py:probe():244] Probing system done
2023-09-30 18:21:07,998 DEBUG   HandlerThread:16621 [system_monitor.py:probe():210] {'os': 'macOS-14.0-arm64-arm-64bit', 'python': '3.11.4', 'heartbeatAt': '2023-09-30T17:21:07.973212', 'startedAt': '2023-09-30T17:21:07.377525', 'docker': None, 'cuda': None, 'args': (), 'state': 'running', 'program': '/Users/leo/Programming/PLR/Leo/gen_algo_opt_folder/genetic_algorithm.py', 'codePathLocal': 'Leo/gen_algo_opt_folder/genetic_algorithm.py', 'codePath': 'Leo/gen_algo_opt_folder/genetic_algorithm.py', 'git': {'remote': 'https://github.com/leothesouthafrican/PLR.git', 'commit': '5fd3a4eb908a10330b25120a123e86d552235212'}, 'email': '38779415+leothesouthafrican@users.noreply.github.com', 'root': '/Users/leo/Programming/PLR', 'host': 'Leos-MacBook-Pro.local', 'username': 'leo', 'executable': '/Users/leo/Programming/PLR/Leo/env/bin/python3', 'cpu_count': 10, 'cpu_count_logical': 10, 'disk': {'/': {'total': 855.9619140625, 'used': 12.108589172363281}}, 'gpuapple': {'type': 'arm', 'vendor': 'Apple'}, 'memory': {'total': 32.0}}
2023-09-30 18:21:07,998 INFO    HandlerThread:16621 [system_monitor.py:probe():211] Finished collecting system info
2023-09-30 18:21:07,998 INFO    HandlerThread:16621 [system_monitor.py:probe():214] Publishing system info
2023-09-30 18:21:07,998 DEBUG   HandlerThread:16621 [system_info.py:_save_pip():52] Saving list of pip packages installed into the current environment
2023-09-30 18:21:07,998 DEBUG   HandlerThread:16621 [system_info.py:_save_pip():68] Saving pip packages done
2023-09-30 18:21:07,999 INFO    HandlerThread:16621 [system_monitor.py:probe():216] Finished publishing system info
2023-09-30 18:21:08,001 DEBUG   SenderThread:16621 [sender.py:send():379] send: files
2023-09-30 18:21:08,001 INFO    SenderThread:16621 [sender.py:_save_file():1375] saving file wandb-metadata.json with policy now
2023-09-30 18:21:08,004 DEBUG   SenderThread:16621 [sender.py:send():379] send: telemetry
2023-09-30 18:21:08,004 DEBUG   HandlerThread:16621 [handler.py:handle_request():144] handle_request: stop_status
2023-09-30 18:21:08,004 DEBUG   HandlerThread:16621 [handler.py:handle_request():144] handle_request: internal_messages
2023-09-30 18:21:08,004 DEBUG   SenderThread:16621 [sender.py:send_request():406] send_request: stop_status
2023-09-30 18:21:08,269 DEBUG   SenderThread:16621 [sender.py:send():379] send: config
2023-09-30 18:21:08,753 INFO    wandb-upload_0:16621 [upload_job.py:push():131] Uploaded file /var/folders/dt/bgs1hq3d2k3dvhpt3llvs4rw0000gn/T/tmp5i0sokyhwandb/7ki0ukqc-wandb-metadata.json
2023-09-30 18:21:08,822 INFO    Thread-12 :16621 [dir_watcher.py:_on_file_created():271] file/dir created: /Users/leo/Programming/PLR/wandb/run-20230930_182107-kwurjda3/files/requirements.txt
2023-09-30 18:21:08,822 INFO    Thread-12 :16621 [dir_watcher.py:_on_file_created():271] file/dir created: /Users/leo/Programming/PLR/wandb/run-20230930_182107-kwurjda3/files/wandb-metadata.json
2023-09-30 18:21:08,822 INFO    Thread-12 :16621 [dir_watcher.py:_on_file_created():271] file/dir created: /Users/leo/Programming/PLR/wandb/run-20230930_182107-kwurjda3/files/output.log
2023-09-30 18:21:10,834 INFO    Thread-12 :16621 [dir_watcher.py:_on_file_modified():288] file/dir modified: /Users/leo/Programming/PLR/wandb/run-20230930_182107-kwurjda3/files/output.log
2023-09-30 18:21:12,586 DEBUG   HandlerThread:16621 [handler.py:handle_request():144] handle_request: status_report
2023-09-30 18:21:12,843 INFO    Thread-12 :16621 [dir_watcher.py:_on_file_modified():288] file/dir modified: /Users/leo/Programming/PLR/wandb/run-20230930_182107-kwurjda3/files/output.log
2023-09-30 18:21:14,858 INFO    Thread-12 :16621 [dir_watcher.py:_on_file_modified():288] file/dir modified: /Users/leo/Programming/PLR/wandb/run-20230930_182107-kwurjda3/files/output.log
2023-09-30 18:21:14,992 DEBUG   HandlerThread:16621 [handler.py:handle_request():144] handle_request: partial_history
2023-09-30 18:21:14,993 DEBUG   SenderThread:16621 [sender.py:send():379] send: history
2023-09-30 18:21:14,993 DEBUG   SenderThread:16621 [sender.py:send_request():406] send_request: summary_record
2023-09-30 18:21:14,993 INFO    SenderThread:16621 [sender.py:_save_file():1375] saving file wandb-summary.json with policy end
2023-09-30 18:21:15,859 INFO    Thread-12 :16621 [dir_watcher.py:_on_file_created():271] file/dir created: /Users/leo/Programming/PLR/wandb/run-20230930_182107-kwurjda3/files/wandb-summary.json
2023-09-30 18:21:16,878 INFO    Thread-12 :16621 [dir_watcher.py:_on_file_modified():288] file/dir modified: /Users/leo/Programming/PLR/wandb/run-20230930_182107-kwurjda3/files/output.log
2023-09-30 18:21:17,868 DEBUG   HandlerThread:16621 [handler.py:handle_request():144] handle_request: status_report
2023-09-30 18:21:18,885 INFO    Thread-12 :16621 [dir_watcher.py:_on_file_modified():288] file/dir modified: /Users/leo/Programming/PLR/wandb/run-20230930_182107-kwurjda3/files/output.log
2023-09-30 18:21:19,662 DEBUG   HandlerThread:16621 [handler.py:handle_request():144] handle_request: partial_history
2023-09-30 18:21:19,663 DEBUG   SenderThread:16621 [sender.py:send():379] send: history
2023-09-30 18:21:19,663 DEBUG   SenderThread:16621 [sender.py:send_request():406] send_request: summary_record
2023-09-30 18:21:19,663 INFO    SenderThread:16621 [sender.py:_save_file():1375] saving file wandb-summary.json with policy end
2023-09-30 18:21:19,947 INFO    Thread-12 :16621 [dir_watcher.py:_on_file_modified():288] file/dir modified: /Users/leo/Programming/PLR/wandb/run-20230930_182107-kwurjda3/files/wandb-summary.json
2023-09-30 18:21:20,977 INFO    Thread-12 :16621 [dir_watcher.py:_on_file_modified():288] file/dir modified: /Users/leo/Programming/PLR/wandb/run-20230930_182107-kwurjda3/files/output.log
2023-09-30 18:21:23,015 INFO    Thread-12 :16621 [dir_watcher.py:_on_file_modified():288] file/dir modified: /Users/leo/Programming/PLR/wandb/run-20230930_182107-kwurjda3/files/output.log
2023-09-30 18:21:23,070 DEBUG   HandlerThread:16621 [handler.py:handle_request():144] handle_request: stop_status
2023-09-30 18:21:23,078 DEBUG   SenderThread:16621 [sender.py:send_request():406] send_request: stop_status
2023-09-30 18:21:23,093 DEBUG   HandlerThread:16621 [handler.py:handle_request():144] handle_request: internal_messages
2023-09-30 18:21:23,376 DEBUG   HandlerThread:16621 [handler.py:handle_request():144] handle_request: status_report
2023-09-30 18:21:24,377 DEBUG   HandlerThread:16621 [handler.py:handle_request():144] handle_request: partial_history
2023-09-30 18:21:24,378 DEBUG   SenderThread:16621 [sender.py:send():379] send: history
2023-09-30 18:21:24,378 DEBUG   SenderThread:16621 [sender.py:send_request():406] send_request: summary_record
2023-09-30 18:21:24,378 INFO    SenderThread:16621 [sender.py:_save_file():1375] saving file wandb-summary.json with policy end
2023-09-30 18:21:25,025 INFO    Thread-12 :16621 [dir_watcher.py:_on_file_modified():288] file/dir modified: /Users/leo/Programming/PLR/wandb/run-20230930_182107-kwurjda3/files/wandb-summary.json
2023-09-30 18:21:25,026 INFO    Thread-12 :16621 [dir_watcher.py:_on_file_modified():288] file/dir modified: /Users/leo/Programming/PLR/wandb/run-20230930_182107-kwurjda3/files/output.log
2023-09-30 18:21:27,045 INFO    Thread-12 :16621 [dir_watcher.py:_on_file_modified():288] file/dir modified: /Users/leo/Programming/PLR/wandb/run-20230930_182107-kwurjda3/files/output.log
2023-09-30 18:21:29,054 INFO    Thread-12 :16621 [dir_watcher.py:_on_file_modified():288] file/dir modified: /Users/leo/Programming/PLR/wandb/run-20230930_182107-kwurjda3/files/output.log
2023-09-30 18:21:29,079 DEBUG   HandlerThread:16621 [handler.py:handle_request():144] handle_request: partial_history
2023-09-30 18:21:29,079 DEBUG   SenderThread:16621 [sender.py:send():379] send: history
2023-09-30 18:21:29,079 DEBUG   SenderThread:16621 [sender.py:send_request():406] send_request: summary_record
2023-09-30 18:21:29,079 DEBUG   HandlerThread:16621 [handler.py:handle_request():144] handle_request: status_report
2023-09-30 18:21:29,080 INFO    SenderThread:16621 [sender.py:_save_file():1375] saving file wandb-summary.json with policy end
2023-09-30 18:21:30,162 INFO    Thread-12 :16621 [dir_watcher.py:_on_file_modified():288] file/dir modified: /Users/leo/Programming/PLR/wandb/run-20230930_182107-kwurjda3/files/wandb-summary.json
2023-09-30 18:21:31,172 INFO    Thread-12 :16621 [dir_watcher.py:_on_file_modified():288] file/dir modified: /Users/leo/Programming/PLR/wandb/run-20230930_182107-kwurjda3/files/output.log
2023-09-30 18:21:33,190 INFO    Thread-12 :16621 [dir_watcher.py:_on_file_modified():288] file/dir modified: /Users/leo/Programming/PLR/wandb/run-20230930_182107-kwurjda3/files/output.log
2023-09-30 18:21:33,728 DEBUG   HandlerThread:16621 [handler.py:handle_request():144] handle_request: partial_history
2023-09-30 18:21:33,728 DEBUG   SenderThread:16621 [sender.py:send():379] send: history
2023-09-30 18:21:33,729 DEBUG   SenderThread:16621 [sender.py:send_request():406] send_request: summary_record
2023-09-30 18:21:33,730 INFO    SenderThread:16621 [sender.py:_save_file():1375] saving file wandb-summary.json with policy end
2023-09-30 18:21:34,089 DEBUG   HandlerThread:16621 [handler.py:handle_request():144] handle_request: status_report
2023-09-30 18:21:34,200 INFO    Thread-12 :16621 [dir_watcher.py:_on_file_modified():288] file/dir modified: /Users/leo/Programming/PLR/wandb/run-20230930_182107-kwurjda3/files/wandb-summary.json
2023-09-30 18:21:35,207 INFO    Thread-12 :16621 [dir_watcher.py:_on_file_modified():288] file/dir modified: /Users/leo/Programming/PLR/wandb/run-20230930_182107-kwurjda3/files/output.log
2023-09-30 18:21:37,229 INFO    Thread-12 :16621 [dir_watcher.py:_on_file_modified():288] file/dir modified: /Users/leo/Programming/PLR/wandb/run-20230930_182107-kwurjda3/files/output.log
2023-09-30 18:21:38,068 DEBUG   HandlerThread:16621 [handler.py:handle_request():144] handle_request: stop_status
2023-09-30 18:21:38,068 DEBUG   SenderThread:16621 [sender.py:send_request():406] send_request: stop_status
2023-09-30 18:21:38,078 DEBUG   HandlerThread:16621 [handler.py:handle_request():144] handle_request: internal_messages
2023-09-30 18:21:38,691 DEBUG   HandlerThread:16621 [handler.py:handle_request():144] handle_request: log_artifact
2023-09-30 18:21:38,691 DEBUG   SenderThread:16621 [sender.py:send_request():406] send_request: log_artifact
2023-09-30 18:21:39,042 DEBUG   HandlerThread:16621 [handler.py:handle_request():144] handle_request: partial_history
2023-09-30 18:21:39,237 INFO    Thread-12 :16621 [dir_watcher.py:_on_file_modified():288] file/dir modified: /Users/leo/Programming/PLR/wandb/run-20230930_182107-kwurjda3/files/output.log
2023-09-30 18:21:39,238 INFO    Thread-12 :16621 [dir_watcher.py:_on_file_created():271] file/dir created: /Users/leo/Programming/PLR/wandb/run-20230930_182107-kwurjda3/files/media/table/Generations Table_5_af9d8eb2daf5ddd0c4de.table.json
2023-09-30 18:21:39,238 INFO    Thread-12 :16621 [dir_watcher.py:_on_file_created():271] file/dir created: /Users/leo/Programming/PLR/wandb/run-20230930_182107-kwurjda3/files/media/table
2023-09-30 18:21:39,238 INFO    Thread-12 :16621 [dir_watcher.py:_on_file_created():271] file/dir created: /Users/leo/Programming/PLR/wandb/run-20230930_182107-kwurjda3/files/media
2023-09-30 18:21:39,741 INFO    wandb-upload_0:16621 [upload_job.py:push():131] Uploaded file /var/folders/dt/bgs1hq3d2k3dvhpt3llvs4rw0000gn/T/tmp5i0sokyhwandb/mr97kdh8-media/table/Generations Table_5_af9d8eb2daf5ddd0c4de.table.json
2023-09-30 18:21:40,054 DEBUG   HandlerThread:16621 [handler.py:handle_request():144] handle_request: poll_exit
2023-09-30 18:21:40,064 INFO    wandb-upload_1:16621 [upload_job.py:push():89] Uploaded file /Users/leo/Library/Application Support/wandb/artifacts/staging/tmpy524z3vf
2023-09-30 18:21:40,824 INFO    SenderThread:16621 [sender.py:send_request_log_artifact():1441] logged artifact run-kwurjda3-GenerationsTable - {'id': 'QXJ0aWZhY3Q6NTg5OTQ4MjQ4', 'state': 'PENDING', 'artifactSequence': {'id': 'QXJ0aWZhY3RDb2xsZWN0aW9uOjEwMjc3ODE3MA==', 'latestArtifact': None}}
2023-09-30 18:21:40,826 DEBUG   HandlerThread:16621 [handler.py:handle_request():144] handle_request: status_report
2023-09-30 18:21:41,039 DEBUG   SenderThread:16621 [sender.py:send():379] send: files
2023-09-30 18:21:41,039 INFO    SenderThread:16621 [sender.py:_save_file():1375] saving file media/table/Generations Table_5_af9d8eb2daf5ddd0c4de.table.json with policy now
2023-09-30 18:21:41,039 DEBUG   SenderThread:16621 [sender.py:send():379] send: history
2023-09-30 18:21:41,039 DEBUG   SenderThread:16621 [sender.py:send_request():406] send_request: summary_record
2023-09-30 18:21:41,041 INFO    SenderThread:16621 [sender.py:_save_file():1375] saving file wandb-summary.json with policy end
2023-09-30 18:21:41,041 DEBUG   SenderThread:16621 [sender.py:send():379] send: telemetry
2023-09-30 18:21:41,041 DEBUG   SenderThread:16621 [sender.py:send():379] send: exit
2023-09-30 18:21:41,041 INFO    SenderThread:16621 [sender.py:send_exit():584] handling exit code: 0
2023-09-30 18:21:41,041 INFO    SenderThread:16621 [sender.py:send_exit():586] handling runtime: 31
2023-09-30 18:21:41,041 INFO    SenderThread:16621 [sender.py:_save_file():1375] saving file wandb-summary.json with policy end
2023-09-30 18:21:41,042 INFO    SenderThread:16621 [sender.py:send_exit():592] send defer
2023-09-30 18:21:41,042 DEBUG   SenderThread:16621 [sender.py:send_request():406] send_request: poll_exit
2023-09-30 18:21:41,042 DEBUG   HandlerThread:16621 [handler.py:handle_request():144] handle_request: defer
2023-09-30 18:21:41,042 INFO    HandlerThread:16621 [handler.py:handle_request_defer():170] handle defer: 0
2023-09-30 18:21:41,042 DEBUG   SenderThread:16621 [sender.py:send_request():406] send_request: defer
2023-09-30 18:21:41,042 INFO    SenderThread:16621 [sender.py:send_request_defer():608] handle sender defer: 0
2023-09-30 18:21:41,042 INFO    SenderThread:16621 [sender.py:transition_state():612] send defer: 1
2023-09-30 18:21:41,043 DEBUG   HandlerThread:16621 [handler.py:handle_request():144] handle_request: defer
2023-09-30 18:21:41,043 INFO    HandlerThread:16621 [handler.py:handle_request_defer():170] handle defer: 1
2023-09-30 18:21:41,043 DEBUG   SenderThread:16621 [sender.py:send_request():406] send_request: defer
2023-09-30 18:21:41,043 INFO    SenderThread:16621 [sender.py:send_request_defer():608] handle sender defer: 1
2023-09-30 18:21:41,043 INFO    SenderThread:16621 [sender.py:transition_state():612] send defer: 2
2023-09-30 18:21:41,043 DEBUG   HandlerThread:16621 [handler.py:handle_request():144] handle_request: defer
2023-09-30 18:21:41,043 INFO    HandlerThread:16621 [handler.py:handle_request_defer():170] handle defer: 2
2023-09-30 18:21:41,043 INFO    HandlerThread:16621 [system_monitor.py:finish():190] Stopping system monitor
2023-09-30 18:21:41,043 DEBUG   SystemMonitor:16621 [system_monitor.py:_start():159] Starting system metrics aggregation loop
2023-09-30 18:21:41,043 DEBUG   SystemMonitor:16621 [system_monitor.py:_start():166] Finished system metrics aggregation loop
2023-09-30 18:21:41,043 DEBUG   SystemMonitor:16621 [system_monitor.py:_start():170] Publishing last batch of metrics
2023-09-30 18:21:41,044 INFO    HandlerThread:16621 [interfaces.py:finish():202] Joined cpu monitor
2023-09-30 18:21:41,045 INFO    HandlerThread:16621 [interfaces.py:finish():202] Joined disk monitor
2023-09-30 18:21:41,248 INFO    Thread-12 :16621 [dir_watcher.py:_on_file_modified():288] file/dir modified: /Users/leo/Programming/PLR/wandb/run-20230930_182107-kwurjda3/files/wandb-summary.json
2023-09-30 18:21:41,248 INFO    Thread-12 :16621 [dir_watcher.py:_on_file_modified():288] file/dir modified: /Users/leo/Programming/PLR/wandb/run-20230930_182107-kwurjda3/files/config.yaml
2023-09-30 18:21:41,513 INFO    wandb-upload_0:16621 [upload_job.py:push():131] Uploaded file /var/folders/dt/bgs1hq3d2k3dvhpt3llvs4rw0000gn/T/tmp5i0sokyhwandb/5k0u50b0-media/table/Generations Table_5_af9d8eb2daf5ddd0c4de.table.json
2023-09-30 18:21:42,194 INFO    HandlerThread:16621 [interfaces.py:finish():202] Joined gpuapple monitor
2023-09-30 18:21:42,195 INFO    HandlerThread:16621 [interfaces.py:finish():202] Joined memory monitor
2023-09-30 18:21:42,195 INFO    HandlerThread:16621 [interfaces.py:finish():202] Joined network monitor
2023-09-30 18:21:42,195 DEBUG   HandlerThread:16621 [handler.py:handle_request():144] handle_request: poll_exit
2023-09-30 18:21:42,195 DEBUG   SenderThread:16621 [sender.py:send_request():406] send_request: defer
2023-09-30 18:21:42,195 INFO    SenderThread:16621 [sender.py:send_request_defer():608] handle sender defer: 2
2023-09-30 18:21:42,195 INFO    SenderThread:16621 [sender.py:transition_state():612] send defer: 3
2023-09-30 18:21:42,195 DEBUG   SenderThread:16621 [sender.py:send():379] send: telemetry
2023-09-30 18:21:42,195 DEBUG   SenderThread:16621 [sender.py:send():379] send: stats
2023-09-30 18:21:42,195 DEBUG   SenderThread:16621 [sender.py:send_request():406] send_request: poll_exit
2023-09-30 18:21:42,195 DEBUG   HandlerThread:16621 [handler.py:handle_request():144] handle_request: defer
2023-09-30 18:21:42,195 INFO    HandlerThread:16621 [handler.py:handle_request_defer():170] handle defer: 3
2023-09-30 18:21:42,195 DEBUG   SenderThread:16621 [sender.py:send_request():406] send_request: defer
2023-09-30 18:21:42,195 INFO    SenderThread:16621 [sender.py:send_request_defer():608] handle sender defer: 3
2023-09-30 18:21:42,195 INFO    SenderThread:16621 [sender.py:transition_state():612] send defer: 4
2023-09-30 18:21:42,196 DEBUG   HandlerThread:16621 [handler.py:handle_request():144] handle_request: defer
2023-09-30 18:21:42,196 INFO    HandlerThread:16621 [handler.py:handle_request_defer():170] handle defer: 4
2023-09-30 18:21:42,196 DEBUG   SenderThread:16621 [sender.py:send_request():406] send_request: defer
2023-09-30 18:21:42,196 INFO    SenderThread:16621 [sender.py:send_request_defer():608] handle sender defer: 4
2023-09-30 18:21:42,196 INFO    SenderThread:16621 [sender.py:transition_state():612] send defer: 5
2023-09-30 18:21:42,196 DEBUG   HandlerThread:16621 [handler.py:handle_request():144] handle_request: defer
2023-09-30 18:21:42,196 INFO    HandlerThread:16621 [handler.py:handle_request_defer():170] handle defer: 5
2023-09-30 18:21:42,196 DEBUG   SenderThread:16621 [sender.py:send():379] send: summary
2023-09-30 18:21:42,196 INFO    SenderThread:16621 [sender.py:_save_file():1375] saving file wandb-summary.json with policy end
2023-09-30 18:21:42,197 DEBUG   SenderThread:16621 [sender.py:send_request():406] send_request: defer
2023-09-30 18:21:42,197 INFO    SenderThread:16621 [sender.py:send_request_defer():608] handle sender defer: 5
2023-09-30 18:21:42,197 INFO    SenderThread:16621 [sender.py:transition_state():612] send defer: 6
2023-09-30 18:21:42,197 DEBUG   HandlerThread:16621 [handler.py:handle_request():144] handle_request: defer
2023-09-30 18:21:42,197 INFO    HandlerThread:16621 [handler.py:handle_request_defer():170] handle defer: 6
2023-09-30 18:21:42,197 DEBUG   SenderThread:16621 [sender.py:send_request():406] send_request: defer
2023-09-30 18:21:42,197 INFO    SenderThread:16621 [sender.py:send_request_defer():608] handle sender defer: 6
2023-09-30 18:21:42,198 DEBUG   HandlerThread:16621 [handler.py:handle_request():144] handle_request: status_report
2023-09-30 18:21:42,251 INFO    Thread-12 :16621 [dir_watcher.py:_on_file_modified():288] file/dir modified: /Users/leo/Programming/PLR/wandb/run-20230930_182107-kwurjda3/files/wandb-summary.json
2023-09-30 18:21:42,396 INFO    SenderThread:16621 [sender.py:transition_state():612] send defer: 7
2023-09-30 18:21:42,396 DEBUG   HandlerThread:16621 [handler.py:handle_request():144] handle_request: defer
2023-09-30 18:21:42,396 INFO    HandlerThread:16621 [handler.py:handle_request_defer():170] handle defer: 7
2023-09-30 18:21:42,396 DEBUG   SenderThread:16621 [sender.py:send_request():406] send_request: defer
2023-09-30 18:21:42,396 INFO    SenderThread:16621 [sender.py:send_request_defer():608] handle sender defer: 7
2023-09-30 18:21:42,639 INFO    SenderThread:16621 [sender.py:transition_state():612] send defer: 8
2023-09-30 18:21:42,639 DEBUG   HandlerThread:16621 [handler.py:handle_request():144] handle_request: defer
2023-09-30 18:21:42,639 INFO    HandlerThread:16621 [handler.py:handle_request_defer():170] handle defer: 8
2023-09-30 18:21:42,640 DEBUG   SenderThread:16621 [sender.py:send_request():406] send_request: defer
2023-09-30 18:21:42,640 INFO    SenderThread:16621 [sender.py:send_request_defer():608] handle sender defer: 8
2023-09-30 18:21:42,640 INFO    SenderThread:16621 [job_builder.py:build():281] Attempting to build job artifact
2023-09-30 18:21:42,641 INFO    SenderThread:16621 [job_builder.py:_get_source_type():393] is repo sourced job
2023-09-30 18:21:42,643 INFO    SenderThread:16621 [job_builder.py:build():369] adding wandb-job metadata file
2023-09-30 18:21:42,651 INFO    SenderThread:16621 [sender.py:transition_state():612] send defer: 9
2023-09-30 18:21:42,651 DEBUG   SenderThread:16621 [sender.py:send():379] send: artifact
2023-09-30 18:21:42,651 DEBUG   HandlerThread:16621 [handler.py:handle_request():144] handle_request: defer
2023-09-30 18:21:42,654 INFO    HandlerThread:16621 [handler.py:handle_request_defer():170] handle defer: 9
2023-09-30 18:21:43,258 INFO    Thread-12 :16621 [dir_watcher.py:_on_file_modified():288] file/dir modified: /Users/leo/Programming/PLR/wandb/run-20230930_182107-kwurjda3/files/output.log
2023-09-30 18:21:43,258 INFO    Thread-12 :16621 [dir_watcher.py:_on_file_modified():288] file/dir modified: /Users/leo/Programming/PLR/wandb/run-20230930_182107-kwurjda3/files/config.yaml
2023-09-30 18:21:43,273 INFO    SenderThread:16621 [sender.py:send_artifact():1453] sent artifact job-https___github.com_leothesouthafrican_PLR.git_Leo_gen_algo_opt_folder_genetic_algorithm.py - {'id': 'QXJ0aWZhY3Q6NTg5OTQ0MjU2', 'state': 'COMMITTED', 'artifactSequence': {'id': 'QXJ0aWZhY3RDb2xsZWN0aW9uOjEwMjY3Mjc5OA==', 'latestArtifact': {'id': 'QXJ0aWZhY3Q6NTg5OTQ0MjU2', 'versionIndex': 9}}}
2023-09-30 18:21:43,273 DEBUG   SenderThread:16621 [sender.py:send_request():406] send_request: defer
2023-09-30 18:21:43,273 INFO    SenderThread:16621 [sender.py:send_request_defer():608] handle sender defer: 9
2023-09-30 18:21:43,273 INFO    SenderThread:16621 [dir_watcher.py:finish():358] shutting down directory watcher
2023-09-30 18:21:44,268 INFO    SenderThread:16621 [dir_watcher.py:finish():388] scan: /Users/leo/Programming/PLR/wandb/run-20230930_182107-kwurjda3/files
2023-09-30 18:21:44,269 INFO    SenderThread:16621 [dir_watcher.py:finish():402] scan save: /Users/leo/Programming/PLR/wandb/run-20230930_182107-kwurjda3/files/requirements.txt requirements.txt
2023-09-30 18:21:44,270 INFO    SenderThread:16621 [dir_watcher.py:finish():402] scan save: /Users/leo/Programming/PLR/wandb/run-20230930_182107-kwurjda3/files/output.log output.log
2023-09-30 18:21:44,270 INFO    SenderThread:16621 [dir_watcher.py:finish():402] scan save: /Users/leo/Programming/PLR/wandb/run-20230930_182107-kwurjda3/files/config.yaml config.yaml
2023-09-30 18:21:44,270 INFO    SenderThread:16621 [dir_watcher.py:finish():402] scan save: /Users/leo/Programming/PLR/wandb/run-20230930_182107-kwurjda3/files/wandb-summary.json wandb-summary.json
2023-09-30 18:21:44,276 INFO    SenderThread:16621 [dir_watcher.py:finish():402] scan save: /Users/leo/Programming/PLR/wandb/run-20230930_182107-kwurjda3/files/wandb-metadata.json wandb-metadata.json
2023-09-30 18:21:44,278 INFO    SenderThread:16621 [dir_watcher.py:finish():402] scan save: /Users/leo/Programming/PLR/wandb/run-20230930_182107-kwurjda3/files/media/table/Generations Table_5_af9d8eb2daf5ddd0c4de.table.json media/table/Generations Table_5_af9d8eb2daf5ddd0c4de.table.json
2023-09-30 18:21:44,279 INFO    SenderThread:16621 [sender.py:transition_state():612] send defer: 10
2023-09-30 18:21:44,280 DEBUG   HandlerThread:16621 [handler.py:handle_request():144] handle_request: defer
2023-09-30 18:21:44,280 INFO    HandlerThread:16621 [handler.py:handle_request_defer():170] handle defer: 10
2023-09-30 18:21:44,281 DEBUG   SenderThread:16621 [sender.py:send_request():406] send_request: defer
2023-09-30 18:21:44,281 INFO    SenderThread:16621 [sender.py:send_request_defer():608] handle sender defer: 10
2023-09-30 18:21:44,281 INFO    SenderThread:16621 [file_pusher.py:finish():175] shutting down file pusher
2023-09-30 18:21:44,696 INFO    wandb-upload_3:16621 [upload_job.py:push():131] Uploaded file /Users/leo/Programming/PLR/wandb/run-20230930_182107-kwurjda3/files/wandb-summary.json
2023-09-30 18:21:44,721 INFO    wandb-upload_2:16621 [upload_job.py:push():131] Uploaded file /Users/leo/Programming/PLR/wandb/run-20230930_182107-kwurjda3/files/output.log
2023-09-30 18:21:44,744 INFO    wandb-upload_1:16621 [upload_job.py:push():131] Uploaded file /Users/leo/Programming/PLR/wandb/run-20230930_182107-kwurjda3/files/requirements.txt
2023-09-30 18:21:44,763 INFO    wandb-upload_0:16621 [upload_job.py:push():131] Uploaded file /Users/leo/Programming/PLR/wandb/run-20230930_182107-kwurjda3/files/config.yaml
2023-09-30 18:21:44,976 INFO    Thread-11 (_thread_body):16621 [sender.py:transition_state():612] send defer: 11
2023-09-30 18:21:44,978 DEBUG   HandlerThread:16621 [handler.py:handle_request():144] handle_request: defer
2023-09-30 18:21:44,978 INFO    HandlerThread:16621 [handler.py:handle_request_defer():170] handle defer: 11
2023-09-30 18:21:44,980 DEBUG   SenderThread:16621 [sender.py:send_request():406] send_request: defer
2023-09-30 18:21:44,980 INFO    SenderThread:16621 [sender.py:send_request_defer():608] handle sender defer: 11
2023-09-30 18:21:44,980 INFO    SenderThread:16621 [file_pusher.py:join():181] waiting for file pusher
2023-09-30 18:21:44,980 INFO    SenderThread:16621 [sender.py:transition_state():612] send defer: 12
2023-09-30 18:21:44,980 DEBUG   HandlerThread:16621 [handler.py:handle_request():144] handle_request: defer
2023-09-30 18:21:44,980 INFO    HandlerThread:16621 [handler.py:handle_request_defer():170] handle defer: 12
2023-09-30 18:21:44,980 DEBUG   SenderThread:16621 [sender.py:send_request():406] send_request: defer
2023-09-30 18:21:44,981 INFO    SenderThread:16621 [sender.py:send_request_defer():608] handle sender defer: 12
2023-09-30 18:21:44,981 INFO    SenderThread:16621 [file_stream.py:finish():594] file stream finish called
2023-09-30 18:21:45,172 INFO    SenderThread:16621 [file_stream.py:finish():598] file stream finish is done
2023-09-30 18:21:45,172 INFO    SenderThread:16621 [sender.py:transition_state():612] send defer: 13
2023-09-30 18:21:45,173 DEBUG   HandlerThread:16621 [handler.py:handle_request():144] handle_request: defer
2023-09-30 18:21:45,173 INFO    HandlerThread:16621 [handler.py:handle_request_defer():170] handle defer: 13
2023-09-30 18:21:45,173 DEBUG   SenderThread:16621 [sender.py:send_request():406] send_request: defer
2023-09-30 18:21:45,173 INFO    SenderThread:16621 [sender.py:send_request_defer():608] handle sender defer: 13
2023-09-30 18:21:45,173 INFO    SenderThread:16621 [sender.py:transition_state():612] send defer: 14
2023-09-30 18:21:45,173 DEBUG   HandlerThread:16621 [handler.py:handle_request():144] handle_request: defer
2023-09-30 18:21:45,173 INFO    HandlerThread:16621 [handler.py:handle_request_defer():170] handle defer: 14
2023-09-30 18:21:45,174 DEBUG   SenderThread:16621 [sender.py:send():379] send: final
2023-09-30 18:21:45,174 DEBUG   SenderThread:16621 [sender.py:send():379] send: footer
2023-09-30 18:21:45,174 DEBUG   SenderThread:16621 [sender.py:send_request():406] send_request: defer
2023-09-30 18:21:45,174 INFO    SenderThread:16621 [sender.py:send_request_defer():608] handle sender defer: 14
2023-09-30 18:21:45,175 DEBUG   HandlerThread:16621 [handler.py:handle_request():144] handle_request: internal_messages
2023-09-30 18:21:45,175 DEBUG   HandlerThread:16621 [handler.py:handle_request():144] handle_request: poll_exit
2023-09-30 18:21:45,175 DEBUG   HandlerThread:16621 [handler.py:handle_request():144] handle_request: server_info
2023-09-30 18:21:45,176 DEBUG   SenderThread:16621 [sender.py:send_request():406] send_request: poll_exit
2023-09-30 18:21:45,176 DEBUG   HandlerThread:16621 [handler.py:handle_request():144] handle_request: get_summary
2023-09-30 18:21:45,176 DEBUG   SenderThread:16621 [sender.py:send_request():406] send_request: server_info
2023-09-30 18:21:45,176 DEBUG   HandlerThread:16621 [handler.py:handle_request():144] handle_request: sampled_history
2023-09-30 18:21:45,178 DEBUG   HandlerThread:16621 [handler.py:handle_request():144] handle_request: job_info
2023-09-30 18:21:45,310 DEBUG   SenderThread:16621 [sender.py:send_request():406] send_request: job_info
2023-09-30 18:21:45,311 DEBUG   HandlerThread:16621 [handler.py:handle_request():144] handle_request: shutdown
2023-09-30 18:21:45,311 INFO    HandlerThread:16621 [handler.py:finish():840] shutting down handler
2023-09-30 18:21:46,179 INFO    WriterThread:16621 [datastore.py:close():294] close: /Users/leo/Programming/PLR/wandb/run-20230930_182107-kwurjda3/run-kwurjda3.wandb
2023-09-30 18:21:46,313 INFO    SenderThread:16621 [sender.py:finish():1531] shutting down sender
2023-09-30 18:21:46,314 INFO    SenderThread:16621 [file_pusher.py:finish():175] shutting down file pusher
2023-09-30 18:21:46,314 INFO    SenderThread:16621 [file_pusher.py:join():181] waiting for file pusher
