2023-09-30 18:27:01,783 INFO    StreamThr :16621 [internal.py:wandb_internal():86] W&B internal server running at pid: 16621, started at: 2023-09-30 18:27:01.782930
2023-09-30 18:27:01,784 DEBUG   HandlerThread:16621 [handler.py:handle_request():144] handle_request: status
2023-09-30 18:27:01,785 INFO    WriterThread:16621 [datastore.py:open_for_write():85] open: /Users/leo/Programming/PLR/wandb/run-20230930_182700-3xtybct2/run-3xtybct2.wandb
2023-09-30 18:27:01,786 DEBUG   SenderThread:16621 [sender.py:send():379] send: header
2023-09-30 18:27:01,786 DEBUG   SenderThread:16621 [sender.py:send():379] send: run
2023-09-30 18:27:02,396 INFO    SenderThread:16621 [dir_watcher.py:__init__():211] watching files in: /Users/leo/Programming/PLR/wandb/run-20230930_182700-3xtybct2/files
2023-09-30 18:27:02,396 INFO    SenderThread:16621 [sender.py:_start_run_threads():1121] run started: 3xtybct2 with start time 1696094820.842738
2023-09-30 18:27:02,406 DEBUG   HandlerThread:16621 [handler.py:handle_request():144] handle_request: check_version
2023-09-30 18:27:02,406 DEBUG   SenderThread:16621 [sender.py:send_request():406] send_request: check_version
2023-09-30 18:27:02,548 DEBUG   HandlerThread:16621 [handler.py:handle_request():144] handle_request: run_start
2023-09-30 18:27:02,549 DEBUG   HandlerThread:16621 [system_info.py:__init__():32] System info init
2023-09-30 18:27:02,549 DEBUG   HandlerThread:16621 [system_info.py:__init__():47] System info init done
2023-09-30 18:27:02,549 INFO    HandlerThread:16621 [system_monitor.py:start():181] Starting system monitor
2023-09-30 18:27:02,549 INFO    SystemMonitor:16621 [system_monitor.py:_start():145] Starting system asset monitoring threads
2023-09-30 18:27:02,549 INFO    HandlerThread:16621 [system_monitor.py:probe():201] Collecting system info
2023-09-30 18:27:02,550 INFO    SystemMonitor:16621 [interfaces.py:start():190] Started cpu monitoring
2023-09-30 18:27:02,550 INFO    SystemMonitor:16621 [interfaces.py:start():190] Started disk monitoring
2023-09-30 18:27:02,551 DEBUG   HandlerThread:16621 [system_info.py:probe():196] Probing system
2023-09-30 18:27:02,554 INFO    SystemMonitor:16621 [interfaces.py:start():190] Started gpuapple monitoring
2023-09-30 18:27:02,556 INFO    SystemMonitor:16621 [interfaces.py:start():190] Started memory monitoring
2023-09-30 18:27:02,556 INFO    SystemMonitor:16621 [interfaces.py:start():190] Started network monitoring
2023-09-30 18:27:02,557 DEBUG   HandlerThread:16621 [system_info.py:_probe_git():181] Probing git
2023-09-30 18:27:02,577 DEBUG   HandlerThread:16621 [system_info.py:_probe_git():189] Probing git done
2023-09-30 18:27:02,577 DEBUG   HandlerThread:16621 [system_info.py:probe():244] Probing system done
2023-09-30 18:27:02,577 DEBUG   HandlerThread:16621 [system_monitor.py:probe():210] {'os': 'macOS-14.0-arm64-arm-64bit', 'python': '3.11.4', 'heartbeatAt': '2023-09-30T17:27:02.555209', 'startedAt': '2023-09-30T17:27:00.837949', 'docker': None, 'cuda': None, 'args': (), 'state': 'running', 'program': '/Users/leo/Programming/PLR/Leo/gen_algo_opt_folder/genetic_algorithm.py', 'codePathLocal': 'Leo/gen_algo_opt_folder/genetic_algorithm.py', 'codePath': 'Leo/gen_algo_opt_folder/genetic_algorithm.py', 'git': {'remote': 'https://github.com/leothesouthafrican/PLR.git', 'commit': '5fd3a4eb908a10330b25120a123e86d552235212'}, 'email': '38779415+leothesouthafrican@users.noreply.github.com', 'root': '/Users/leo/Programming/PLR', 'host': 'Leos-MacBook-Pro.local', 'username': 'leo', 'executable': '/Users/leo/Programming/PLR/Leo/env/bin/python3', 'cpu_count': 10, 'cpu_count_logical': 10, 'disk': {'/': {'total': 855.9619140625, 'used': 12.108589172363281}}, 'gpuapple': {'type': 'arm', 'vendor': 'Apple'}, 'memory': {'total': 32.0}}
2023-09-30 18:27:02,577 INFO    HandlerThread:16621 [system_monitor.py:probe():211] Finished collecting system info
2023-09-30 18:27:02,577 INFO    HandlerThread:16621 [system_monitor.py:probe():214] Publishing system info
2023-09-30 18:27:02,577 DEBUG   HandlerThread:16621 [system_info.py:_save_pip():52] Saving list of pip packages installed into the current environment
2023-09-30 18:27:02,578 DEBUG   HandlerThread:16621 [system_info.py:_save_pip():68] Saving pip packages done
2023-09-30 18:27:02,578 INFO    HandlerThread:16621 [system_monitor.py:probe():216] Finished publishing system info
2023-09-30 18:27:02,579 DEBUG   SenderThread:16621 [sender.py:send():379] send: files
2023-09-30 18:27:02,579 INFO    SenderThread:16621 [sender.py:_save_file():1375] saving file wandb-metadata.json with policy now
2023-09-30 18:27:02,583 DEBUG   HandlerThread:16621 [handler.py:handle_request():144] handle_request: stop_status
2023-09-30 18:27:02,583 DEBUG   HandlerThread:16621 [handler.py:handle_request():144] handle_request: internal_messages
2023-09-30 18:27:02,583 DEBUG   SenderThread:16621 [sender.py:send_request():406] send_request: stop_status
2023-09-30 18:27:02,916 DEBUG   SenderThread:16621 [sender.py:send():379] send: telemetry
2023-09-30 18:27:02,916 DEBUG   SenderThread:16621 [sender.py:send():379] send: config
2023-09-30 18:27:03,209 INFO    wandb-upload_0:16621 [upload_job.py:push():131] Uploaded file /var/folders/dt/bgs1hq3d2k3dvhpt3llvs4rw0000gn/T/tmpletp5st0wandb/2269jw0r-wandb-metadata.json
2023-09-30 18:27:03,404 INFO    Thread-138:16621 [dir_watcher.py:_on_file_created():271] file/dir created: /Users/leo/Programming/PLR/wandb/run-20230930_182700-3xtybct2/files/output.log
2023-09-30 18:27:03,405 INFO    Thread-138:16621 [dir_watcher.py:_on_file_created():271] file/dir created: /Users/leo/Programming/PLR/wandb/run-20230930_182700-3xtybct2/files/wandb-metadata.json
2023-09-30 18:27:03,405 INFO    Thread-138:16621 [dir_watcher.py:_on_file_created():271] file/dir created: /Users/leo/Programming/PLR/wandb/run-20230930_182700-3xtybct2/files/requirements.txt
2023-09-30 18:27:05,409 INFO    Thread-138:16621 [dir_watcher.py:_on_file_modified():288] file/dir modified: /Users/leo/Programming/PLR/wandb/run-20230930_182700-3xtybct2/files/output.log
2023-09-30 18:27:07,035 DEBUG   HandlerThread:16621 [handler.py:handle_request():144] handle_request: partial_history
2023-09-30 18:27:07,036 DEBUG   SenderThread:16621 [sender.py:send():379] send: history
2023-09-30 18:27:07,036 DEBUG   SenderThread:16621 [sender.py:send_request():406] send_request: summary_record
2023-09-30 18:27:07,036 DEBUG   HandlerThread:16621 [handler.py:handle_request():144] handle_request: status_report
2023-09-30 18:27:07,036 INFO    SenderThread:16621 [sender.py:_save_file():1375] saving file wandb-summary.json with policy end
2023-09-30 18:27:07,420 INFO    Thread-138:16621 [dir_watcher.py:_on_file_modified():288] file/dir modified: /Users/leo/Programming/PLR/wandb/run-20230930_182700-3xtybct2/files/output.log
2023-09-30 18:27:07,421 INFO    Thread-138:16621 [dir_watcher.py:_on_file_created():271] file/dir created: /Users/leo/Programming/PLR/wandb/run-20230930_182700-3xtybct2/files/wandb-summary.json
2023-09-30 18:27:09,428 INFO    Thread-138:16621 [dir_watcher.py:_on_file_modified():288] file/dir modified: /Users/leo/Programming/PLR/wandb/run-20230930_182700-3xtybct2/files/output.log
2023-09-30 18:27:11,438 INFO    Thread-138:16621 [dir_watcher.py:_on_file_modified():288] file/dir modified: /Users/leo/Programming/PLR/wandb/run-20230930_182700-3xtybct2/files/output.log
2023-09-30 18:27:11,518 DEBUG   HandlerThread:16621 [handler.py:handle_request():144] handle_request: partial_history
2023-09-30 18:27:11,519 DEBUG   SenderThread:16621 [sender.py:send():379] send: history
2023-09-30 18:27:11,519 DEBUG   SenderThread:16621 [sender.py:send_request():406] send_request: summary_record
2023-09-30 18:27:11,520 INFO    SenderThread:16621 [sender.py:_save_file():1375] saving file wandb-summary.json with policy end
2023-09-30 18:27:12,183 DEBUG   HandlerThread:16621 [handler.py:handle_request():144] handle_request: status_report
2023-09-30 18:27:12,446 INFO    Thread-138:16621 [dir_watcher.py:_on_file_modified():288] file/dir modified: /Users/leo/Programming/PLR/wandb/run-20230930_182700-3xtybct2/files/wandb-summary.json
2023-09-30 18:27:13,450 INFO    Thread-138:16621 [dir_watcher.py:_on_file_modified():288] file/dir modified: /Users/leo/Programming/PLR/wandb/run-20230930_182700-3xtybct2/files/output.log
2023-09-30 18:27:15,462 INFO    Thread-138:16621 [dir_watcher.py:_on_file_modified():288] file/dir modified: /Users/leo/Programming/PLR/wandb/run-20230930_182700-3xtybct2/files/output.log
2023-09-30 18:27:15,937 DEBUG   HandlerThread:16621 [handler.py:handle_request():144] handle_request: partial_history
2023-09-30 18:27:15,938 DEBUG   SenderThread:16621 [sender.py:send():379] send: history
2023-09-30 18:27:15,938 DEBUG   SenderThread:16621 [sender.py:send_request():406] send_request: summary_record
2023-09-30 18:27:15,939 INFO    SenderThread:16621 [sender.py:_save_file():1375] saving file wandb-summary.json with policy end
2023-09-30 18:27:16,474 INFO    Thread-138:16621 [dir_watcher.py:_on_file_modified():288] file/dir modified: /Users/leo/Programming/PLR/wandb/run-20230930_182700-3xtybct2/files/wandb-summary.json
2023-09-30 18:27:17,364 DEBUG   HandlerThread:16621 [handler.py:handle_request():144] handle_request: status_report
2023-09-30 18:27:17,477 INFO    Thread-138:16621 [dir_watcher.py:_on_file_modified():288] file/dir modified: /Users/leo/Programming/PLR/wandb/run-20230930_182700-3xtybct2/files/output.log
2023-09-30 18:27:17,588 DEBUG   HandlerThread:16621 [handler.py:handle_request():144] handle_request: stop_status
2023-09-30 18:27:17,589 DEBUG   SenderThread:16621 [sender.py:send_request():406] send_request: stop_status
2023-09-30 18:27:17,590 DEBUG   HandlerThread:16621 [handler.py:handle_request():144] handle_request: internal_messages
2023-09-30 18:27:19,487 INFO    Thread-138:16621 [dir_watcher.py:_on_file_modified():288] file/dir modified: /Users/leo/Programming/PLR/wandb/run-20230930_182700-3xtybct2/files/output.log
2023-09-30 18:27:20,352 DEBUG   HandlerThread:16621 [handler.py:handle_request():144] handle_request: partial_history
2023-09-30 18:27:20,354 DEBUG   SenderThread:16621 [sender.py:send():379] send: history
2023-09-30 18:27:20,354 DEBUG   SenderThread:16621 [sender.py:send_request():406] send_request: summary_record
2023-09-30 18:27:20,354 INFO    SenderThread:16621 [sender.py:_save_file():1375] saving file wandb-summary.json with policy end
2023-09-30 18:27:20,491 INFO    Thread-138:16621 [dir_watcher.py:_on_file_modified():288] file/dir modified: /Users/leo/Programming/PLR/wandb/run-20230930_182700-3xtybct2/files/wandb-summary.json
2023-09-30 18:27:21,497 INFO    Thread-138:16621 [dir_watcher.py:_on_file_modified():288] file/dir modified: /Users/leo/Programming/PLR/wandb/run-20230930_182700-3xtybct2/files/output.log
2023-09-30 18:27:22,673 DEBUG   HandlerThread:16621 [handler.py:handle_request():144] handle_request: status_report
2023-09-30 18:27:23,506 INFO    Thread-138:16621 [dir_watcher.py:_on_file_modified():288] file/dir modified: /Users/leo/Programming/PLR/wandb/run-20230930_182700-3xtybct2/files/output.log
2023-09-30 18:27:24,709 DEBUG   HandlerThread:16621 [handler.py:handle_request():144] handle_request: partial_history
2023-09-30 18:27:24,710 DEBUG   SenderThread:16621 [sender.py:send():379] send: history
2023-09-30 18:27:24,710 DEBUG   SenderThread:16621 [sender.py:send_request():406] send_request: summary_record
2023-09-30 18:27:24,711 INFO    SenderThread:16621 [sender.py:_save_file():1375] saving file wandb-summary.json with policy end
2023-09-30 18:27:25,515 INFO    Thread-138:16621 [dir_watcher.py:_on_file_modified():288] file/dir modified: /Users/leo/Programming/PLR/wandb/run-20230930_182700-3xtybct2/files/output.log
2023-09-30 18:27:25,516 INFO    Thread-138:16621 [dir_watcher.py:_on_file_modified():288] file/dir modified: /Users/leo/Programming/PLR/wandb/run-20230930_182700-3xtybct2/files/wandb-summary.json
2023-09-30 18:27:27,525 INFO    Thread-138:16621 [dir_watcher.py:_on_file_modified():288] file/dir modified: /Users/leo/Programming/PLR/wandb/run-20230930_182700-3xtybct2/files/output.log
2023-09-30 18:27:27,815 DEBUG   HandlerThread:16621 [handler.py:handle_request():144] handle_request: status_report
2023-09-30 18:27:29,235 DEBUG   HandlerThread:16621 [handler.py:handle_request():144] handle_request: log_artifact
2023-09-30 18:27:29,236 DEBUG   SenderThread:16621 [sender.py:send_request():406] send_request: log_artifact
2023-09-30 18:27:29,243 DEBUG   HandlerThread:16621 [handler.py:handle_request():144] handle_request: partial_history
2023-09-30 18:27:29,531 INFO    Thread-138:16621 [dir_watcher.py:_on_file_modified():288] file/dir modified: /Users/leo/Programming/PLR/wandb/run-20230930_182700-3xtybct2/files/output.log
2023-09-30 18:27:29,532 INFO    Thread-138:16621 [dir_watcher.py:_on_file_created():271] file/dir created: /Users/leo/Programming/PLR/wandb/run-20230930_182700-3xtybct2/files/media/table/Generations Table_5_879d31b6d89788c61317.table.json
2023-09-30 18:27:29,532 INFO    Thread-138:16621 [dir_watcher.py:_on_file_created():271] file/dir created: /Users/leo/Programming/PLR/wandb/run-20230930_182700-3xtybct2/files/media/table
2023-09-30 18:27:29,532 INFO    Thread-138:16621 [dir_watcher.py:_on_file_created():271] file/dir created: /Users/leo/Programming/PLR/wandb/run-20230930_182700-3xtybct2/files/media
2023-09-30 18:27:30,000 INFO    wandb-upload_0:16621 [upload_job.py:push():131] Uploaded file /var/folders/dt/bgs1hq3d2k3dvhpt3llvs4rw0000gn/T/tmpletp5st0wandb/lwa5u36t-media/table/Generations Table_5_879d31b6d89788c61317.table.json
2023-09-30 18:27:30,249 DEBUG   HandlerThread:16621 [handler.py:handle_request():144] handle_request: poll_exit
2023-09-30 18:27:30,769 INFO    wandb-upload_0:16621 [upload_job.py:push():89] Uploaded file /Users/leo/Library/Application Support/wandb/artifacts/staging/tmp3r5dtzc8
2023-09-30 18:27:31,547 INFO    SenderThread:16621 [sender.py:send_request_log_artifact():1441] logged artifact run-3xtybct2-GenerationsTable - {'id': 'QXJ0aWZhY3Q6NTg5OTUzMTEz', 'state': 'PENDING', 'artifactSequence': {'id': 'QXJ0aWZhY3RDb2xsZWN0aW9uOjEwMjc3OTIyNg==', 'latestArtifact': None}}
2023-09-30 18:27:31,548 DEBUG   SenderThread:16621 [sender.py:send():379] send: files
2023-09-30 18:27:31,548 INFO    SenderThread:16621 [sender.py:_save_file():1375] saving file media/table/Generations Table_5_879d31b6d89788c61317.table.json with policy now
2023-09-30 18:27:31,548 DEBUG   SenderThread:16621 [sender.py:send():379] send: history
2023-09-30 18:27:31,549 DEBUG   SenderThread:16621 [sender.py:send_request():406] send_request: summary_record
2023-09-30 18:27:31,560 INFO    SenderThread:16621 [sender.py:_save_file():1375] saving file wandb-summary.json with policy end
2023-09-30 18:27:31,562 DEBUG   SenderThread:16621 [sender.py:send():379] send: telemetry
2023-09-30 18:27:31,562 DEBUG   SenderThread:16621 [sender.py:send():379] send: exit
2023-09-30 18:27:31,562 INFO    SenderThread:16621 [sender.py:send_exit():584] handling exit code: 0
2023-09-30 18:27:31,562 INFO    SenderThread:16621 [sender.py:send_exit():586] handling runtime: 26
2023-09-30 18:27:31,563 INFO    SenderThread:16621 [sender.py:_save_file():1375] saving file wandb-summary.json with policy end
2023-09-30 18:27:31,563 INFO    SenderThread:16621 [sender.py:send_exit():592] send defer
2023-09-30 18:27:31,563 DEBUG   SenderThread:16621 [sender.py:send_request():406] send_request: poll_exit
2023-09-30 18:27:31,563 DEBUG   HandlerThread:16621 [handler.py:handle_request():144] handle_request: defer
2023-09-30 18:27:31,563 INFO    HandlerThread:16621 [handler.py:handle_request_defer():170] handle defer: 0
2023-09-30 18:27:31,563 DEBUG   SenderThread:16621 [sender.py:send_request():406] send_request: defer
2023-09-30 18:27:31,563 INFO    SenderThread:16621 [sender.py:send_request_defer():608] handle sender defer: 0
2023-09-30 18:27:31,563 INFO    SenderThread:16621 [sender.py:transition_state():612] send defer: 1
2023-09-30 18:27:31,563 DEBUG   HandlerThread:16621 [handler.py:handle_request():144] handle_request: defer
2023-09-30 18:27:31,563 INFO    HandlerThread:16621 [handler.py:handle_request_defer():170] handle defer: 1
2023-09-30 18:27:31,563 DEBUG   SenderThread:16621 [sender.py:send_request():406] send_request: defer
2023-09-30 18:27:31,564 INFO    SenderThread:16621 [sender.py:send_request_defer():608] handle sender defer: 1
2023-09-30 18:27:31,564 INFO    SenderThread:16621 [sender.py:transition_state():612] send defer: 2
2023-09-30 18:27:31,564 DEBUG   HandlerThread:16621 [handler.py:handle_request():144] handle_request: defer
2023-09-30 18:27:31,564 INFO    HandlerThread:16621 [handler.py:handle_request_defer():170] handle defer: 2
2023-09-30 18:27:31,564 INFO    HandlerThread:16621 [system_monitor.py:finish():190] Stopping system monitor
2023-09-30 18:27:31,564 DEBUG   SystemMonitor:16621 [system_monitor.py:_start():159] Starting system metrics aggregation loop
2023-09-30 18:27:31,565 DEBUG   SystemMonitor:16621 [system_monitor.py:_start():166] Finished system metrics aggregation loop
2023-09-30 18:27:31,565 DEBUG   SystemMonitor:16621 [system_monitor.py:_start():170] Publishing last batch of metrics
2023-09-30 18:27:31,565 INFO    HandlerThread:16621 [interfaces.py:finish():202] Joined cpu monitor
2023-09-30 18:27:31,565 INFO    HandlerThread:16621 [interfaces.py:finish():202] Joined disk monitor
2023-09-30 18:27:31,565 INFO    HandlerThread:16621 [interfaces.py:finish():202] Joined gpuapple monitor
2023-09-30 18:27:31,565 INFO    HandlerThread:16621 [interfaces.py:finish():202] Joined memory monitor
2023-09-30 18:27:31,565 INFO    HandlerThread:16621 [interfaces.py:finish():202] Joined network monitor
2023-09-30 18:27:31,565 DEBUG   SenderThread:16621 [sender.py:send_request():406] send_request: defer
2023-09-30 18:27:31,565 INFO    SenderThread:16621 [sender.py:send_request_defer():608] handle sender defer: 2
2023-09-30 18:27:31,565 INFO    SenderThread:16621 [sender.py:transition_state():612] send defer: 3
2023-09-30 18:27:31,566 DEBUG   SenderThread:16621 [sender.py:send():379] send: telemetry
2023-09-30 18:27:31,566 DEBUG   HandlerThread:16621 [handler.py:handle_request():144] handle_request: defer
2023-09-30 18:27:31,566 INFO    HandlerThread:16621 [handler.py:handle_request_defer():170] handle defer: 3
2023-09-30 18:27:31,566 DEBUG   SenderThread:16621 [sender.py:send():379] send: stats
2023-09-30 18:27:31,566 DEBUG   SenderThread:16621 [sender.py:send_request():406] send_request: defer
2023-09-30 18:27:31,566 INFO    SenderThread:16621 [sender.py:send_request_defer():608] handle sender defer: 3
2023-09-30 18:27:31,566 INFO    SenderThread:16621 [sender.py:transition_state():612] send defer: 4
2023-09-30 18:27:31,566 DEBUG   HandlerThread:16621 [handler.py:handle_request():144] handle_request: defer
2023-09-30 18:27:31,566 INFO    HandlerThread:16621 [handler.py:handle_request_defer():170] handle defer: 4
2023-09-30 18:27:31,566 DEBUG   SenderThread:16621 [sender.py:send_request():406] send_request: defer
2023-09-30 18:27:31,566 INFO    SenderThread:16621 [sender.py:send_request_defer():608] handle sender defer: 4
2023-09-30 18:27:31,566 INFO    SenderThread:16621 [sender.py:transition_state():612] send defer: 5
2023-09-30 18:27:31,566 DEBUG   HandlerThread:16621 [handler.py:handle_request():144] handle_request: defer
2023-09-30 18:27:31,566 INFO    HandlerThread:16621 [handler.py:handle_request_defer():170] handle defer: 5
2023-09-30 18:27:31,566 DEBUG   SenderThread:16621 [sender.py:send():379] send: summary
2023-09-30 18:27:31,566 INFO    SenderThread:16621 [sender.py:_save_file():1375] saving file wandb-summary.json with policy end
2023-09-30 18:27:31,567 DEBUG   SenderThread:16621 [sender.py:send_request():406] send_request: defer
2023-09-30 18:27:31,567 INFO    SenderThread:16621 [sender.py:send_request_defer():608] handle sender defer: 5
2023-09-30 18:27:31,567 INFO    SenderThread:16621 [sender.py:transition_state():612] send defer: 6
2023-09-30 18:27:31,567 DEBUG   HandlerThread:16621 [handler.py:handle_request():144] handle_request: defer
2023-09-30 18:27:31,567 INFO    HandlerThread:16621 [handler.py:handle_request_defer():170] handle defer: 6
2023-09-30 18:27:31,567 DEBUG   SenderThread:16621 [sender.py:send_request():406] send_request: defer
2023-09-30 18:27:31,567 INFO    SenderThread:16621 [sender.py:send_request_defer():608] handle sender defer: 6
2023-09-30 18:27:31,569 DEBUG   HandlerThread:16621 [handler.py:handle_request():144] handle_request: status_report
2023-09-30 18:27:31,740 INFO    SenderThread:16621 [sender.py:transition_state():612] send defer: 7
2023-09-30 18:27:31,745 DEBUG   HandlerThread:16621 [handler.py:handle_request():144] handle_request: defer
2023-09-30 18:27:31,745 INFO    HandlerThread:16621 [handler.py:handle_request_defer():170] handle defer: 7
2023-09-30 18:27:31,745 DEBUG   SenderThread:16621 [sender.py:send_request():406] send_request: defer
2023-09-30 18:27:31,745 INFO    SenderThread:16621 [sender.py:send_request_defer():608] handle sender defer: 7
2023-09-30 18:27:32,041 INFO    wandb-upload_0:16621 [upload_job.py:push():131] Uploaded file /var/folders/dt/bgs1hq3d2k3dvhpt3llvs4rw0000gn/T/tmpletp5st0wandb/0amf1iip-media/table/Generations Table_5_879d31b6d89788c61317.table.json
2023-09-30 18:27:32,547 INFO    Thread-138:16621 [dir_watcher.py:_on_file_modified():288] file/dir modified: /Users/leo/Programming/PLR/wandb/run-20230930_182700-3xtybct2/files/config.yaml
2023-09-30 18:27:32,548 INFO    Thread-138:16621 [dir_watcher.py:_on_file_modified():288] file/dir modified: /Users/leo/Programming/PLR/wandb/run-20230930_182700-3xtybct2/files/wandb-summary.json
2023-09-30 18:27:33,044 INFO    SenderThread:16621 [sender.py:transition_state():612] send defer: 8
2023-09-30 18:27:33,044 DEBUG   HandlerThread:16621 [handler.py:handle_request():144] handle_request: defer
2023-09-30 18:27:33,044 INFO    HandlerThread:16621 [handler.py:handle_request_defer():170] handle defer: 8
2023-09-30 18:27:33,044 DEBUG   SenderThread:16621 [sender.py:send_request():406] send_request: defer
2023-09-30 18:27:33,044 INFO    SenderThread:16621 [sender.py:send_request_defer():608] handle sender defer: 8
2023-09-30 18:27:33,044 INFO    SenderThread:16621 [job_builder.py:build():281] Attempting to build job artifact
2023-09-30 18:27:33,045 INFO    SenderThread:16621 [job_builder.py:_get_source_type():393] is repo sourced job
2023-09-30 18:27:33,046 INFO    SenderThread:16621 [job_builder.py:build():369] adding wandb-job metadata file
2023-09-30 18:27:33,052 INFO    SenderThread:16621 [sender.py:transition_state():612] send defer: 9
2023-09-30 18:27:33,052 DEBUG   HandlerThread:16621 [handler.py:handle_request():144] handle_request: defer
2023-09-30 18:27:33,052 INFO    HandlerThread:16621 [handler.py:handle_request_defer():170] handle defer: 9
2023-09-30 18:27:33,052 DEBUG   SenderThread:16621 [sender.py:send():379] send: artifact
2023-09-30 18:27:33,549 INFO    Thread-138:16621 [dir_watcher.py:_on_file_modified():288] file/dir modified: /Users/leo/Programming/PLR/wandb/run-20230930_182700-3xtybct2/files/output.log
2023-09-30 18:27:34,140 INFO    wandb-upload_0:16621 [upload_job.py:push():86] Skipped uploading /Users/leo/Library/Application Support/wandb/artifacts/staging/tmptzba6tul
2023-09-30 18:27:34,439 INFO    wandb-upload_1:16621 [upload_job.py:push():89] Uploaded file /Users/leo/Library/Application Support/wandb/artifacts/staging/tmpo79_yr66
2023-09-30 18:27:35,277 DEBUG   HandlerThread:16621 [handler.py:handle_request():144] handle_request: keepalive
2023-09-30 18:27:35,713 INFO    SenderThread:16621 [sender.py:send_artifact():1453] sent artifact job-https___github.com_leothesouthafrican_PLR.git_Leo_gen_algo_opt_folder_genetic_algorithm.py - {'id': 'QXJ0aWZhY3Q6NTg5OTUzMTcy', 'state': 'PENDING', 'artifactSequence': {'id': 'QXJ0aWZhY3RDb2xsZWN0aW9uOjEwMjY3Mjc5OA==', 'latestArtifact': {'id': 'QXJ0aWZhY3Q6NTg5OTUyNjQ2', 'versionIndex': 17}}}
2023-09-30 18:27:35,713 DEBUG   SenderThread:16621 [sender.py:send_request():406] send_request: defer
2023-09-30 18:27:35,713 INFO    SenderThread:16621 [sender.py:send_request_defer():608] handle sender defer: 9
2023-09-30 18:27:35,713 INFO    SenderThread:16621 [dir_watcher.py:finish():358] shutting down directory watcher
2023-09-30 18:27:36,566 INFO    SenderThread:16621 [dir_watcher.py:finish():388] scan: /Users/leo/Programming/PLR/wandb/run-20230930_182700-3xtybct2/files
2023-09-30 18:27:36,567 INFO    SenderThread:16621 [dir_watcher.py:finish():402] scan save: /Users/leo/Programming/PLR/wandb/run-20230930_182700-3xtybct2/files/requirements.txt requirements.txt
2023-09-30 18:27:36,567 INFO    SenderThread:16621 [dir_watcher.py:finish():402] scan save: /Users/leo/Programming/PLR/wandb/run-20230930_182700-3xtybct2/files/output.log output.log
2023-09-30 18:27:36,568 INFO    SenderThread:16621 [dir_watcher.py:finish():402] scan save: /Users/leo/Programming/PLR/wandb/run-20230930_182700-3xtybct2/files/config.yaml config.yaml
2023-09-30 18:27:36,568 INFO    SenderThread:16621 [dir_watcher.py:finish():402] scan save: /Users/leo/Programming/PLR/wandb/run-20230930_182700-3xtybct2/files/wandb-summary.json wandb-summary.json
2023-09-30 18:27:36,568 INFO    SenderThread:16621 [dir_watcher.py:finish():402] scan save: /Users/leo/Programming/PLR/wandb/run-20230930_182700-3xtybct2/files/wandb-metadata.json wandb-metadata.json
2023-09-30 18:27:36,570 INFO    SenderThread:16621 [dir_watcher.py:finish():402] scan save: /Users/leo/Programming/PLR/wandb/run-20230930_182700-3xtybct2/files/media/table/Generations Table_5_879d31b6d89788c61317.table.json media/table/Generations Table_5_879d31b6d89788c61317.table.json
2023-09-30 18:27:36,570 INFO    SenderThread:16621 [sender.py:transition_state():612] send defer: 10
2023-09-30 18:27:36,583 DEBUG   HandlerThread:16621 [handler.py:handle_request():144] handle_request: defer
2023-09-30 18:27:36,583 INFO    HandlerThread:16621 [handler.py:handle_request_defer():170] handle defer: 10
2023-09-30 18:27:36,584 DEBUG   SenderThread:16621 [sender.py:send_request():406] send_request: defer
2023-09-30 18:27:36,584 INFO    SenderThread:16621 [sender.py:send_request_defer():608] handle sender defer: 10
2023-09-30 18:27:36,585 INFO    SenderThread:16621 [file_pusher.py:finish():175] shutting down file pusher
2023-09-30 18:27:37,033 INFO    wandb-upload_0:16621 [upload_job.py:push():131] Uploaded file /Users/leo/Programming/PLR/wandb/run-20230930_182700-3xtybct2/files/requirements.txt
2023-09-30 18:27:37,045 INFO    wandb-upload_1:16621 [upload_job.py:push():131] Uploaded file /Users/leo/Programming/PLR/wandb/run-20230930_182700-3xtybct2/files/output.log
2023-09-30 18:27:37,051 INFO    wandb-upload_3:16621 [upload_job.py:push():131] Uploaded file /Users/leo/Programming/PLR/wandb/run-20230930_182700-3xtybct2/files/wandb-summary.json
2023-09-30 18:27:37,059 INFO    wandb-upload_2:16621 [upload_job.py:push():131] Uploaded file /Users/leo/Programming/PLR/wandb/run-20230930_182700-3xtybct2/files/config.yaml
2023-09-30 18:27:37,266 INFO    Thread-137 (_thread_body):16621 [sender.py:transition_state():612] send defer: 11
2023-09-30 18:27:37,267 DEBUG   HandlerThread:16621 [handler.py:handle_request():144] handle_request: defer
2023-09-30 18:27:37,267 INFO    HandlerThread:16621 [handler.py:handle_request_defer():170] handle defer: 11
2023-09-30 18:27:37,268 DEBUG   SenderThread:16621 [sender.py:send_request():406] send_request: defer
2023-09-30 18:27:37,268 INFO    SenderThread:16621 [sender.py:send_request_defer():608] handle sender defer: 11
2023-09-30 18:27:37,268 INFO    SenderThread:16621 [file_pusher.py:join():181] waiting for file pusher
2023-09-30 18:27:37,268 INFO    SenderThread:16621 [sender.py:transition_state():612] send defer: 12
2023-09-30 18:27:37,268 DEBUG   HandlerThread:16621 [handler.py:handle_request():144] handle_request: defer
2023-09-30 18:27:37,268 INFO    HandlerThread:16621 [handler.py:handle_request_defer():170] handle defer: 12
2023-09-30 18:27:37,268 DEBUG   SenderThread:16621 [sender.py:send_request():406] send_request: defer
2023-09-30 18:27:37,268 INFO    SenderThread:16621 [sender.py:send_request_defer():608] handle sender defer: 12
2023-09-30 18:27:37,268 INFO    SenderThread:16621 [file_stream.py:finish():594] file stream finish called
2023-09-30 18:27:37,481 INFO    SenderThread:16621 [file_stream.py:finish():598] file stream finish is done
2023-09-30 18:27:37,481 INFO    SenderThread:16621 [sender.py:transition_state():612] send defer: 13
2023-09-30 18:27:37,481 DEBUG   HandlerThread:16621 [handler.py:handle_request():144] handle_request: defer
2023-09-30 18:27:37,481 INFO    HandlerThread:16621 [handler.py:handle_request_defer():170] handle defer: 13
2023-09-30 18:27:37,482 DEBUG   SenderThread:16621 [sender.py:send_request():406] send_request: defer
2023-09-30 18:27:37,482 INFO    SenderThread:16621 [sender.py:send_request_defer():608] handle sender defer: 13
2023-09-30 18:27:37,482 INFO    SenderThread:16621 [sender.py:transition_state():612] send defer: 14
2023-09-30 18:27:37,482 DEBUG   HandlerThread:16621 [handler.py:handle_request():144] handle_request: defer
2023-09-30 18:27:37,482 INFO    HandlerThread:16621 [handler.py:handle_request_defer():170] handle defer: 14
2023-09-30 18:27:37,483 DEBUG   SenderThread:16621 [sender.py:send():379] send: final
2023-09-30 18:27:37,483 DEBUG   SenderThread:16621 [sender.py:send():379] send: footer
2023-09-30 18:27:37,483 DEBUG   SenderThread:16621 [sender.py:send_request():406] send_request: defer
2023-09-30 18:27:37,483 INFO    SenderThread:16621 [sender.py:send_request_defer():608] handle sender defer: 14
2023-09-30 18:27:37,484 DEBUG   HandlerThread:16621 [handler.py:handle_request():144] handle_request: internal_messages
2023-09-30 18:27:37,484 DEBUG   HandlerThread:16621 [handler.py:handle_request():144] handle_request: poll_exit
2023-09-30 18:27:37,484 DEBUG   HandlerThread:16621 [handler.py:handle_request():144] handle_request: server_info
2023-09-30 18:27:37,485 DEBUG   HandlerThread:16621 [handler.py:handle_request():144] handle_request: get_summary
2023-09-30 18:27:37,485 DEBUG   HandlerThread:16621 [handler.py:handle_request():144] handle_request: sampled_history
2023-09-30 18:27:37,485 DEBUG   HandlerThread:16621 [handler.py:handle_request():144] handle_request: job_info
2023-09-30 18:27:37,485 DEBUG   SenderThread:16621 [sender.py:send_request():406] send_request: poll_exit
2023-09-30 18:27:37,485 DEBUG   SenderThread:16621 [sender.py:send_request():406] send_request: server_info
2023-09-30 18:27:37,629 DEBUG   SenderThread:16621 [sender.py:send_request():406] send_request: job_info
2023-09-30 18:27:37,631 DEBUG   HandlerThread:16621 [handler.py:handle_request():144] handle_request: shutdown
2023-09-30 18:27:37,632 INFO    HandlerThread:16621 [handler.py:finish():840] shutting down handler
2023-09-30 18:27:38,488 INFO    WriterThread:16621 [datastore.py:close():294] close: /Users/leo/Programming/PLR/wandb/run-20230930_182700-3xtybct2/run-3xtybct2.wandb
2023-09-30 18:27:38,638 INFO    SenderThread:16621 [sender.py:finish():1531] shutting down sender
2023-09-30 18:27:38,638 INFO    SenderThread:16621 [file_pusher.py:finish():175] shutting down file pusher
2023-09-30 18:27:38,638 INFO    SenderThread:16621 [file_pusher.py:join():181] waiting for file pusher
