Generations:   0%|                                                                                                                                                                         | 0/25 [00:00<?, ?it/s]








Generations:   4%|██████▍                                                                                                                                                          | 1/25 [00:19<07:39, 19.13s/it]







Generations:   8%|████████████▉                                                                                                                                                    | 2/25 [00:35<06:44, 17.57s/it]








Generations:  12%|███████████████████▎                                                                                                                                             | 3/25 [00:51<06:14, 17.02s/it]







Generations:  16%|█████████████████████████▊                                                                                                                                       | 4/25 [01:08<05:52, 16.77s/it]







Generations:  20%|████████████████████████████████▏                                                                                                                                | 5/25 [01:24<05:32, 16.63s/it]







Generations:  24%|██████████████████████████████████████▋                                                                                                                          | 6/25 [01:41<05:15, 16.61s/it]







Generations:  28%|█████████████████████████████████████████████                                                                                                                    | 7/25 [01:57<04:57, 16.52s/it]








Generations:  32%|███████████████████████████████████████████████████▌                                                                                                             | 8/25 [02:14<04:45, 16.77s/it]







Generations:  36%|█████████████████████████████████████████████████████████▉                                                                                                       | 9/25 [02:31<04:26, 16.68s/it]







Generations:  40%|████████████████████████████████████████████████████████████████                                                                                                | 10/25 [02:47<04:09, 16.62s/it]







Generations:  44%|██████████████████████████████████████████████████████████████████████▍                                                                                         | 11/25 [03:04<03:51, 16.57s/it]








Generations:  48%|████████████████████████████████████████████████████████████████████████████▊                                                                                   | 12/25 [03:20<03:35, 16.55s/it]







Generations:  52%|███████████████████████████████████████████████████████████████████████████████████▏                                                                            | 13/25 [03:37<03:18, 16.57s/it]









Generations:  56%|█████████████████████████████████████████████████████████████████████████████████████████▌                                                                      | 14/25 [03:57<03:12, 17.50s/it]








Generations:  60%|████████████████████████████████████████████████████████████████████████████████████████████████                                                                | 15/25 [04:15<02:57, 17.73s/it]








Generations:  64%|██████████████████████████████████████████████████████████████████████████████████████████████████████▍                                                         | 16/25 [04:33<02:41, 17.89s/it]







Generations:  68%|████████████████████████████████████████████████████████████████████████████████████████████████████████████▊                                                   | 17/25 [04:50<02:21, 17.69s/it]









Generations:  72%|███████████████████████████████████████████████████████████████████████████████████████████████████████████████████▏                                            | 18/25 [05:09<02:05, 17.97s/it]







Generations:  76%|█████████████████████████████████████████████████████████████████████████████████████████████████████████████████████████▌                                      | 19/25 [05:25<01:45, 17.52s/it]







Generations:  80%|████████████████████████████████████████████████████████████████████████████████████████████████████████████████████████████████                                | 20/25 [05:42<01:26, 17.20s/it]








Generations:  84%|██████████████████████████████████████████████████████████████████████████████████████████████████████████████████████████████████████▍                         | 21/25 [05:59<01:09, 17.26s/it]







Generations:  88%|████████████████████████████████████████████████████████████████████████████████████████████████████████████████████████████████████████████▊                   | 22/25 [06:16<00:51, 17.16s/it]







Generations:  92%|███████████████████████████████████████████████████████████████████████████████████████████████████████████████████████████████████████████████████▏            | 23/25 [06:33<00:33, 17.00s/it]








Generations:  96%|█████████████████████████████████████████████████████████████████████████████████████████████████████████████████████████████████████████████████████████▌      | 24/25 [06:50<00:16, 16.99s/it]







Generations: 100%|████████████████████████████████████████████████████████████████████████████████████████████████████████████████████████████████████████████████████████████████| 25/25 [07:07<00:00, 17.08s/it]








Final Fitness Evaluation: 100%|█████████████████████████████████████████████████████████████████████████████████████████████████████████████████████████████████████████████████| 160/160 [00:15<00:00, 10.14it/s]