Generations:   0%|                                                                                                                                                                          | 0/5 [00:00<?, ?it/s]
Eval Fitness Gen 1 - Best Fitness: 0.7827:  12%|████████████████▍                                                                                                                  | 5/40 [00:01<00:11,  2.96it/s]
Length of params: 144
params: 0
params: 5
params: 9
params: 41
Length of params: 144
params: 0
params: 1
params: 105
params: 36
Length of params: 144
params: 0
params: 1
params: 34
params: 10
Length of params: 144
params: 0
params: 4
params: 95
params: 28
Length of params: 144
params: 1
params: 3
params: 84
params: 37
Length of params: 144
params: 0
params: 5
params: 7

Eval Fitness Gen 1 - Best Fitness: 0.7827:  22%|█████████████████████████████▍                                                                                                     | 9/40 [00:03<00:13,  2.22it/s]
Length of params: 144
params: 1
params: 1
params: 77
params: 30
Length of params: 144
params: 1
params: 5
params: 32
params: 36
Length of params: 144
params: 0
params: 5
params: 2
params: 26
Length of params: 144
params: 1
params: 2
params: 85

Eval Fitness Gen 1 - Best Fitness: 0.7827:  35%|█████████████████████████████████████████████▌                                                                                    | 14/40 [00:05<00:10,  2.46it/s]
Length of params: 144
params: 1
params: 3
params: 37
params: 18
Length of params: 144
params: 1
params: 1
params: 98
params: 30
Length of params: 144
params: 0
params: 3
params: 34
params: 4
Length of params: 144
params: 0
params: 1
params: 99
params: 23
Length of params: 144
params: 0
params: 2
params: 68

Eval Fitness Gen 1 - Best Fitness: 0.7827:  45%|██████████████████████████████████████████████████████████▌                                                                       | 18/40 [00:07<00:10,  2.02it/s]
Length of params: 144
params: 1
params: 2
params: 14
params: 16
Length of params: 144
params: 0
params: 5
params: 95
params: 13
Length of params: 144
params: 1
params: 4
params: 91
params: 4
Length of params: 144
params: 0
params: 4
params: 13

Eval Fitness Gen 1 - Best Fitness: 0.8265:  55%|███████████████████████████████████████████████████████████████████████▌                                                          | 22/40 [00:09<00:07,  2.26it/s]
Length of params: 144
params: 0
params: 5
params: 21
params: 5
Length of params: 144
params: 0
params: 1
params: 17
params: 46
Length of params: 144
params: 1
params: 2
params: 38
params: 38
Length of params: 144
params: 1
params: 5
params: 81

Eval Fitness Gen 1 - Best Fitness: 0.8265:  65%|████████████████████████████████████████████████████████████████████████████████████▌                                             | 26/40 [00:11<00:06,  2.09it/s]
Length of params: 144
params: 0
params: 3
params: 107
params: 5
Length of params: 144
params: 1
params: 4
params: 98
params: 48
Length of params: 144
params: 1
params: 4
params: 94
params: 7
Length of params: 144
params: 1
params: 5
params: 101

Eval Fitness Gen 1 - Best Fitness: 0.8265:  75%|█████████████████████████████████████████████████████████████████████████████████████████████████▌                                | 30/40 [00:13<00:04,  2.09it/s]
Length of params: 144
params: 0
params: 2
params: 27
params: 41
Length of params: 144
params: 0
params: 3
params: 82
params: 10
Length of params: 144
params: 0
params: 5
params: 127
params: 47
Length of params: 144
params: 0
params: 4
params: 114

Eval Fitness Gen 1 - Best Fitness: 0.8265:  85%|██████████████████████████████████████████████████████████████████████████████████████████████████████████████▌                   | 34/40 [00:15<00:02,  2.00it/s]
Length of params: 144
params: 1
params: 1
params: 47
params: 24
Length of params: 144
params: 0
params: 5
params: 69
params: 9
Length of params: 144
params: 0
params: 4
params: 32
params: 21
Length of params: 144
params: 1
params: 5
params: 90

Eval Fitness Gen 1 - Best Fitness: 0.8265:  98%|██████████████████████████████████████████████████████████████████████████████████████████████████████████████████████████████▊   | 39/40 [00:17<00:00,  2.01it/s]
Length of params: 144
params: 0
params: 1
params: 124
params: 29
Length of params: 144
params: 0
params: 2
params: 38
params: 20
Length of params: 144
params: 1
params: 1
params: 114
params: 5
Length of params: 144
params: 0
params: 5
params: 50
params: 22
Length of params: 144
params: 0
params: 5
params: 30

Eval Fitness Gen 2 - Best Fitness: 0.1143:  10%|█████████████                                                                                                                      | 4/40 [00:01<00:12,  2.89it/s]
Length of params: 144
params: 0
params: 5
params: 21
params: 5
Length of params: 144
params: 0
params: 5
params: 21
params: 5
Length of params: 144
params: 0
params: 5
params: 22
params: 5
Length of params: 144
params: 0
params: 4
params: 13
params: 18
Length of params: 144
params: 0
params: 5
params: 21

Eval Fitness Gen 2 - Best Fitness: 0.2713:  22%|█████████████████████████████▍                                                                                                     | 9/40 [00:03<00:12,  2.58it/s]
Length of params: 144
params: 1
params: 1
params: 47
params: 24
Length of params: 144
params: 1
params: 3
params: 38
params: 18
Length of params: 144
params: 0
params: 4
params: 95
params: 28
Length of params: 144
params: 0
params: 4
params: 95
params: 28
Length of params: 144
params: 0
params: 4
params: 94

Eval Fitness Gen 2 - Best Fitness: 0.4493:  35%|█████████████████████████████████████████████▌                                                                                    | 14/40 [00:05<00:09,  2.88it/s]
Length of params: 144
params: 0
params: 3
params: 82
params: 11
Length of params: 144
params: 0
params: 4
params: 95
params: 28
Length of params: 144
params: 0
params: 1
params: 105
params: 36
Length of params: 144
params: 0
params: 5
params: 95
params: 13
Length of params: 144
params: 0
params: 4
params: 95

Eval Fitness Gen 2 - Best Fitness: 0.4493:  48%|█████████████████████████████████████████████████████████████▊                                                                    | 19/40 [00:07<00:09,  2.30it/s]
Length of params: 144
params: 1
params: 1
params: 77
params: 30
Length of params: 144
params: 1
params: 3
params: 38
params: 18
Length of params: 144
params: 0
params: 1
params: 34
params: 10
Length of params: 144
params: 1
params: 5
params: 32
params: 36
Length of params: 144
params: 0
params: 5
params: 2

Eval Fitness Gen 2 - Best Fitness: 0.4493:  60%|██████████████████████████████████████████████████████████████████████████████                                                    | 24/40 [00:09<00:06,  2.39it/s]
Length of params: 144
params: 0
params: 5
params: 95
params: 13
Length of params: 144
params: 0
params: 5
params: 2
params: 26
Length of params: 144
params: 0
params: 5
params: 21
params: 5
Length of params: 144
params: 1
params: 1
params: 47
params: 24
Length of params: 144
params: 0
params: 5
params: 13

Eval Fitness Gen 2 - Best Fitness: 0.5035:  70%|███████████████████████████████████████████████████████████████████████████████████████████                                       | 28/40 [00:11<00:05,  2.11it/s]
Length of params: 144
params: 0
params: 5
params: 96
params: 13
Length of params: 144
params: 0
params: 3
params: 82
params: 10
Length of params: 144
params: 1
params: 4
params: 94
params: 7
Length of params: 144
params: 0
params: 5
params: 95

Eval Fitness Gen 2 - Best Fitness: 0.5035:  80%|████████████████████████████████████████████████████████████████████████████████████████████████████████                          | 32/40 [00:13<00:03,  2.05it/s]
Length of params: 144
params: 1
params: 5
params: 81
params: 30
Length of params: 144
params: 1
params: 2
params: 14
params: 16
Length of params: 144
params: 1
params: 5
params: 101
params: 24
Length of params: 144
params: 1
params: 1
params: 47

Eval Fitness Gen 2 - Best Fitness: 0.5035:  90%|█████████████████████████████████████████████████████████████████████████████████████████████████████████████████████             | 36/40 [00:15<00:01,  2.08it/s]
Length of params: 144
params: 0
params: 5
params: 95
params: 13
Length of params: 144
params: 1
params: 5
params: 101
params: 24
Length of params: 144
params: 0
params: 3
params: 68
params: 45
Length of params: 144
params: 0
params: 2
params: 68

Eval Fitness Gen 3 - Best Fitness: 0.826499342918396:   0%|                                                                                                                                | 0/40 [00:00<?, ?it/s]
Length of params: 144
params: 1
params: 1
params: 47
params: 24
Length of params: 144
params: 1
params: 5
params: 81
params: 30
Length of params: 144
params: 1
params: 2
params: 14
params: 16
Length of params: 144
params: 1
params: 4
params: 94

Eval Fitness Gen 3 - Best Fitness: 0.6045:  10%|█████████████                                                                                                                      | 4/40 [00:02<00:18,  1.96it/s]
Length of params: 144
params: 1
params: 1
params: 14
params: 16
Length of params: 144
params: 0
params: 4
params: 95
params: 28
Length of params: 144
params: 1
params: 1
params: 47
params: 24
Length of params: 144
params: 0
params: 5
params: 2

Eval Fitness Gen 3 - Best Fitness: 0.6045:  22%|█████████████████████████████▍                                                                                                     | 9/40 [00:04<00:13,  2.24it/s]
Length of params: 144
params: 0
params: 2
params: 68
params: 45
Length of params: 144
params: 1
params: 1
params: 47
params: 24
Length of params: 144
params: 0
params: 2
params: 68
params: 45
Length of params: 144
params: 0
params: 4
params: 95
params: 28
Length of params: 144
params: 0
params: 2
params: 68

Eval Fitness Gen 3 - Best Fitness: 0.6045:  35%|█████████████████████████████████████████████▌                                                                                    | 14/40 [00:06<00:09,  2.71it/s]
Length of params: 144
params: 1
params: 5
params: 81
params: 30
Length of params: 144
params: 0
params: 4
params: 95
params: 28
Length of params: 144
params: 0
params: 3
params: 82
params: 11
Length of params: 144
params: 1
params: 1
params: 47
params: 24
Length of params: 144
params: 0
params: 5
params: 21

Eval Fitness Gen 3 - Best Fitness: 0.6045:  48%|█████████████████████████████████████████████████████████████▊                                                                    | 19/40 [00:08<00:09,  2.25it/s]
Length of params: 144
params: 0
params: 4
params: 95
params: 28
Length of params: 144
params: 0
params: 3
params: 68
params: 45
Length of params: 144
params: 1
params: 1
params: 47
params: 24
Length of params: 144
params: 0
params: 5
params: 95
params: 13
Length of params: 144
params: 0
params: 3
params: 82

Eval Fitness Gen 3 - Best Fitness: 0.6045:  55%|███████████████████████████████████████████████████████████████████████▌                                                          | 22/40 [00:09<00:08,  2.06it/s]
Length of params: 144
params: 0
params: 5
params: 95
params: 13
Length of params: 144
params: 0
params: 3
params: 68
params: 45
Length of params: 144
params: 0
params: 3
params: 82

Eval Fitness Gen 3 - Best Fitness: 0.6602:  68%|███████████████████████████████████████████████████████████████████████████████████████▊                                          | 27/40 [00:12<00:06,  2.01it/s]
Length of params: 144
params: 0
params: 5
params: 95
params: 13
Length of params: 144
params: 0
params: 3
params: 82
params: 11
Length of params: 144
params: 1
params: 1
params: 47
params: 24
Length of params: 144
params: 0
params: 5
params: 95
params: 13
Length of params: 144
params: 0
params: 3
params: 82

Eval Fitness Gen 3 - Best Fitness: 0.6602:  78%|████████████████████████████████████████████████████████████████████████████████████████████████████▊                             | 31/40 [00:14<00:04,  2.20it/s]
Length of params: 144
params: 0
params: 5
params: 95
params: 13
Length of params: 144
params: 0
params: 5
params: 95
params: 13
Length of params: 144
params: 1
params: 1
params: 14
params: 16
Length of params: 144
params: 0
params: 3
params: 68

Eval Fitness Gen 3 - Best Fitness: 0.6602:  88%|█████████████████████████████████████████████████████████████████████████████████████████████████████████████████▊                | 35/40 [00:16<00:02,  2.08it/s]
Length of params: 144
params: 0
params: 5
params: 95
params: 13
Length of params: 144
params: 1
params: 3
params: 38
params: 7
Length of params: 144
params: 1
params: 4
params: 94
params: 18
Length of params: 144
params: 0
params: 2
params: 68

params: 45
Length of params: 144
params: 0
params: 2
params: 68
params: 45
Length of params: 144
params: 0
params: 5
params: 21
params: 5
Length of params: 144
params: 1
params: 3
params: 38
params: 18
Length of params: 144
params: 0
params: 3
params: 82
Generations:  60%|█████████████████████████████████████████████████████████████████████████████████████████████████▏                                                                | 3/5 [00:54<00:36, 18.14s/it]
Eval Fitness Gen 4 - Best Fitness: 0.3803:  10%|█████████████                                                                                                                      | 4/40 [00:01<00:17,  2.09it/s]
Length of params: 144
params: 0
params: 5
params: 21
params: 5
Length of params: 144
params: 0
params: 3
params: 82
params: 11
Length of params: 144
params: 0
params: 5
params: 95
params: 13
Length of params: 144
params: 0
params: 5
params: 95
params: 13
Length of params: 144
params: 1
params: 1
params: 47

Eval Fitness Gen 4 - Best Fitness: 0.3803:  20%|██████████████████████████▏                                                                                                        | 8/40 [00:03<00:15,  2.03it/s]
Length of params: 144
params: 0
params: 3
params: 68
params: 45
Length of params: 144
params: 0
params: 3
params: 68
params: 45
Length of params: 144
params: 0
params: 4
params: 95
params: 28
Length of params: 144
params: 0
params: 3
params: 82

Eval Fitness Gen 4 - Best Fitness: 0.3803:  30%|███████████████████████████████████████                                                                                           | 12/40 [00:05<00:14,  1.99it/s]
Length of params: 144
params: 1
params: 5
params: 93
params: 7
Length of params: 144
params: 0
params: 4
params: 82
params: 11
Length of params: 144
params: 0
params: 3
params: 68
params: 45
Length of params: 144
params: 0
params: 3
params: 82

Eval Fitness Gen 4 - Best Fitness: 0.3803:  40%|████████████████████████████████████████████████████                                                                              | 16/40 [00:07<00:12,  1.98it/s]
Length of params: 144
params: 1
params: 1
params: 14
params: 16
Length of params: 144
params: 0
params: 3
params: 82
params: 11
Length of params: 144
params: 0
params: 5
params: 95
params: 13
Length of params: 144
params: 0
params: 5
params: 21

Eval Fitness Gen 4 - Best Fitness: 0.7723:  50%|█████████████████████████████████████████████████████████████████                                                                 | 20/40 [00:09<00:09,  2.01it/s]
Length of params: 144
params: 0
params: 3
params: 83
params: 11
Length of params: 144
params: 0
params: 4
params: 21
params: 5
Length of params: 144
params: 0
params: 3
params: 82
params: 11
Length of params: 144
params: 0
params: 3
params: 95

Eval Fitness Gen 4 - Best Fitness: 0.7723:  60%|██████████████████████████████████████████████████████████████████████████████                                                    | 24/40 [00:11<00:07,  2.02it/s]
Length of params: 144
params: 0
params: 5
params: 95
params: 14
Length of params: 144
params: 0
params: 4
params: 95
params: 28
Length of params: 144
params: 0
params: 3
params: 82
params: 11
Length of params: 144
params: 0
params: 5
params: 95
Traceback (most recent call last):
  File "/Users/leo/Programming/PLR/Leo/gen_algo_opt_folder/genetic_algorithm.py", line 283, in <module>
    best_individual, best_fitness = ga.run()
                                    ^^^^^^^^
  File "/Users/leo/Programming/PLR/Leo/gen_algo_opt_folder/genetic_algorithm.py", line 208, in run
    fitness_val = self.fitness(individual)
                  ^^^^^^^^^^^^^^^^^^^^^^^^
  File "/Users/leo/Programming/PLR/Leo/gen_algo_opt_folder/genetic_algorithm.py", line 78, in fitness
    loss = criterion(outputs, batch_data)
           ^^^^^^^^^^^^^^^^^^^^^^^^^^^^^^
  File "/Users/leo/Programming/PLR/Leo/env/lib/python3.11/site-packages/torch/nn/modules/module.py", line 1501, in _call_impl
    return forward_call(*args, **kwargs)
           ^^^^^^^^^^^^^^^^^^^^^^^^^^^^^
  File "/Users/leo/Programming/PLR/Leo/env/lib/python3.11/site-packages/torch/nn/modules/loss.py", line 536, in forward
    return F.mse_loss(input, target, reduction=self.reduction)
           ^^^^^^^^^^^^^^^^^^^^^^^^^^^^^^^^^^^^^^^^^^^^^^^^^^^
  File "/Users/leo/Programming/PLR/Leo/env/lib/python3.11/site-packages/torch/nn/functional.py", line 3295, in mse_loss
    return torch._C._nn.mse_loss(expanded_input, expanded_target, _Reduction.get_enum(reduction))
           ^^^^^^^^^^^^^^^^^^^^^^^^^^^^^^^^^^^^^^^^^^^^^^^^^^^^^^^^^^^^^^^^^^^^^^^^^^^^^^^^^^^^^^
KeyboardInterrupt
Length of params: 144
params: 0
params: 3
params: 68
params: 45