2023-09-30 18:23:43,383 INFO    StreamThr :16621 [internal.py:wandb_internal():86] W&B internal server running at pid: 16621, started at: 2023-09-30 18:23:43.382491
2023-09-30 18:23:43,384 DEBUG   HandlerThread:16621 [handler.py:handle_request():144] handle_request: status
2023-09-30 18:23:43,385 INFO    WriterThread:16621 [datastore.py:open_for_write():85] open: /Users/leo/Programming/PLR/wandb/run-20230930_182342-y1a6twij/run-y1a6twij.wandb
2023-09-30 18:23:43,387 DEBUG   SenderThread:16621 [sender.py:send():379] send: header
2023-09-30 18:23:43,387 DEBUG   SenderThread:16621 [sender.py:send():379] send: run
2023-09-30 18:23:43,863 INFO    SenderThread:16621 [dir_watcher.py:__init__():211] watching files in: /Users/leo/Programming/PLR/wandb/run-20230930_182342-y1a6twij/files
2023-09-30 18:23:43,863 INFO    SenderThread:16621 [sender.py:_start_run_threads():1121] run started: y1a6twij with start time 1696094622.456765
2023-09-30 18:23:43,873 DEBUG   HandlerThread:16621 [handler.py:handle_request():144] handle_request: check_version
2023-09-30 18:23:43,873 DEBUG   SenderThread:16621 [sender.py:send_request():406] send_request: check_version
2023-09-30 18:23:44,020 DEBUG   HandlerThread:16621 [handler.py:handle_request():144] handle_request: run_start
2023-09-30 18:23:44,022 DEBUG   HandlerThread:16621 [system_info.py:__init__():32] System info init
2023-09-30 18:23:44,022 DEBUG   HandlerThread:16621 [system_info.py:__init__():47] System info init done
2023-09-30 18:23:44,022 INFO    HandlerThread:16621 [system_monitor.py:start():181] Starting system monitor
2023-09-30 18:23:44,022 INFO    SystemMonitor:16621 [system_monitor.py:_start():145] Starting system asset monitoring threads
2023-09-30 18:23:44,022 INFO    HandlerThread:16621 [system_monitor.py:probe():201] Collecting system info
2023-09-30 18:23:44,022 INFO    SystemMonitor:16621 [interfaces.py:start():190] Started cpu monitoring
2023-09-30 18:23:44,024 INFO    SystemMonitor:16621 [interfaces.py:start():190] Started disk monitoring
2023-09-30 18:23:44,024 DEBUG   HandlerThread:16621 [system_info.py:probe():196] Probing system
2023-09-30 18:23:44,024 INFO    SystemMonitor:16621 [interfaces.py:start():190] Started gpuapple monitoring
2023-09-30 18:23:44,029 INFO    SystemMonitor:16621 [interfaces.py:start():190] Started memory monitoring
2023-09-30 18:23:44,030 INFO    SystemMonitor:16621 [interfaces.py:start():190] Started network monitoring
2023-09-30 18:23:44,031 DEBUG   HandlerThread:16621 [system_info.py:_probe_git():181] Probing git
2023-09-30 18:23:44,049 DEBUG   HandlerThread:16621 [system_info.py:_probe_git():189] Probing git done
2023-09-30 18:23:44,049 DEBUG   HandlerThread:16621 [system_info.py:probe():244] Probing system done
2023-09-30 18:23:44,049 DEBUG   HandlerThread:16621 [system_monitor.py:probe():210] {'os': 'macOS-14.0-arm64-arm-64bit', 'python': '3.11.4', 'heartbeatAt': '2023-09-30T17:23:44.028029', 'startedAt': '2023-09-30T17:23:42.451846', 'docker': None, 'cuda': None, 'args': (), 'state': 'running', 'program': '/Users/leo/Programming/PLR/Leo/gen_algo_opt_folder/genetic_algorithm.py', 'codePathLocal': 'Leo/gen_algo_opt_folder/genetic_algorithm.py', 'codePath': 'Leo/gen_algo_opt_folder/genetic_algorithm.py', 'git': {'remote': 'https://github.com/leothesouthafrican/PLR.git', 'commit': '5fd3a4eb908a10330b25120a123e86d552235212'}, 'email': '38779415+leothesouthafrican@users.noreply.github.com', 'root': '/Users/leo/Programming/PLR', 'host': 'Leos-MacBook-Pro.local', 'username': 'leo', 'executable': '/Users/leo/Programming/PLR/Leo/env/bin/python3', 'cpu_count': 10, 'cpu_count_logical': 10, 'disk': {'/': {'total': 855.9619140625, 'used': 12.108589172363281}}, 'gpuapple': {'type': 'arm', 'vendor': 'Apple'}, 'memory': {'total': 32.0}}
2023-09-30 18:23:44,049 INFO    HandlerThread:16621 [system_monitor.py:probe():211] Finished collecting system info
2023-09-30 18:23:44,049 INFO    HandlerThread:16621 [system_monitor.py:probe():214] Publishing system info
2023-09-30 18:23:44,049 DEBUG   HandlerThread:16621 [system_info.py:_save_pip():52] Saving list of pip packages installed into the current environment
2023-09-30 18:23:44,049 DEBUG   HandlerThread:16621 [system_info.py:_save_pip():68] Saving pip packages done
2023-09-30 18:23:44,050 INFO    HandlerThread:16621 [system_monitor.py:probe():216] Finished publishing system info
2023-09-30 18:23:44,050 DEBUG   SenderThread:16621 [sender.py:send():379] send: files
2023-09-30 18:23:44,050 INFO    SenderThread:16621 [sender.py:_save_file():1375] saving file wandb-metadata.json with policy now
2023-09-30 18:23:44,053 DEBUG   HandlerThread:16621 [handler.py:handle_request():144] handle_request: stop_status
2023-09-30 18:23:44,053 DEBUG   SenderThread:16621 [sender.py:send_request():406] send_request: stop_status
2023-09-30 18:23:44,054 DEBUG   HandlerThread:16621 [handler.py:handle_request():144] handle_request: internal_messages
2023-09-30 18:23:44,249 DEBUG   SenderThread:16621 [sender.py:send():379] send: telemetry
2023-09-30 18:23:44,251 DEBUG   SenderThread:16621 [sender.py:send():379] send: config
2023-09-30 18:23:44,812 INFO    wandb-upload_0:16621 [upload_job.py:push():131] Uploaded file /var/folders/dt/bgs1hq3d2k3dvhpt3llvs4rw0000gn/T/tmpyltg761owandb/lscaje3w-wandb-metadata.json
2023-09-30 18:23:44,874 INFO    Thread-68 :16621 [dir_watcher.py:_on_file_created():271] file/dir created: /Users/leo/Programming/PLR/wandb/run-20230930_182342-y1a6twij/files/requirements.txt
2023-09-30 18:23:44,877 INFO    Thread-68 :16621 [dir_watcher.py:_on_file_created():271] file/dir created: /Users/leo/Programming/PLR/wandb/run-20230930_182342-y1a6twij/files/output.log
2023-09-30 18:23:44,881 INFO    Thread-68 :16621 [dir_watcher.py:_on_file_created():271] file/dir created: /Users/leo/Programming/PLR/wandb/run-20230930_182342-y1a6twij/files/wandb-metadata.json
2023-09-30 18:23:46,894 INFO    Thread-68 :16621 [dir_watcher.py:_on_file_modified():288] file/dir modified: /Users/leo/Programming/PLR/wandb/run-20230930_182342-y1a6twij/files/output.log
2023-09-30 18:23:48,514 DEBUG   HandlerThread:16621 [handler.py:handle_request():144] handle_request: partial_history
2023-09-30 18:23:48,515 DEBUG   SenderThread:16621 [sender.py:send():379] send: history
2023-09-30 18:23:48,515 DEBUG   SenderThread:16621 [sender.py:send_request():406] send_request: summary_record
2023-09-30 18:23:48,515 DEBUG   HandlerThread:16621 [handler.py:handle_request():144] handle_request: status_report
2023-09-30 18:23:48,516 INFO    SenderThread:16621 [sender.py:_save_file():1375] saving file wandb-summary.json with policy end
2023-09-30 18:23:48,916 INFO    Thread-68 :16621 [dir_watcher.py:_on_file_modified():288] file/dir modified: /Users/leo/Programming/PLR/wandb/run-20230930_182342-y1a6twij/files/output.log
2023-09-30 18:23:48,921 INFO    Thread-68 :16621 [dir_watcher.py:_on_file_created():271] file/dir created: /Users/leo/Programming/PLR/wandb/run-20230930_182342-y1a6twij/files/wandb-summary.json
2023-09-30 18:23:50,928 INFO    Thread-68 :16621 [dir_watcher.py:_on_file_modified():288] file/dir modified: /Users/leo/Programming/PLR/wandb/run-20230930_182342-y1a6twij/files/output.log
2023-09-30 18:23:52,934 INFO    Thread-68 :16621 [dir_watcher.py:_on_file_modified():288] file/dir modified: /Users/leo/Programming/PLR/wandb/run-20230930_182342-y1a6twij/files/output.log
2023-09-30 18:23:53,012 DEBUG   HandlerThread:16621 [handler.py:handle_request():144] handle_request: partial_history
2023-09-30 18:23:53,013 DEBUG   SenderThread:16621 [sender.py:send():379] send: history
2023-09-30 18:23:53,013 DEBUG   SenderThread:16621 [sender.py:send_request():406] send_request: summary_record
2023-09-30 18:23:53,014 INFO    SenderThread:16621 [sender.py:_save_file():1375] saving file wandb-summary.json with policy end
2023-09-30 18:23:53,727 DEBUG   HandlerThread:16621 [handler.py:handle_request():144] handle_request: status_report
2023-09-30 18:23:53,943 INFO    Thread-68 :16621 [dir_watcher.py:_on_file_modified():288] file/dir modified: /Users/leo/Programming/PLR/wandb/run-20230930_182342-y1a6twij/files/wandb-summary.json
2023-09-30 18:23:54,944 INFO    Thread-68 :16621 [dir_watcher.py:_on_file_modified():288] file/dir modified: /Users/leo/Programming/PLR/wandb/run-20230930_182342-y1a6twij/files/output.log
2023-09-30 18:23:57,002 INFO    Thread-68 :16621 [dir_watcher.py:_on_file_modified():288] file/dir modified: /Users/leo/Programming/PLR/wandb/run-20230930_182342-y1a6twij/files/output.log
2023-09-30 18:23:57,486 DEBUG   HandlerThread:16621 [handler.py:handle_request():144] handle_request: partial_history
2023-09-30 18:23:57,487 DEBUG   SenderThread:16621 [sender.py:send():379] send: history
2023-09-30 18:23:57,488 DEBUG   SenderThread:16621 [sender.py:send_request():406] send_request: summary_record
2023-09-30 18:23:57,488 INFO    SenderThread:16621 [sender.py:_save_file():1375] saving file wandb-summary.json with policy end
2023-09-30 18:23:58,030 INFO    Thread-68 :16621 [dir_watcher.py:_on_file_modified():288] file/dir modified: /Users/leo/Programming/PLR/wandb/run-20230930_182342-y1a6twij/files/wandb-summary.json
2023-09-30 18:23:59,041 INFO    Thread-68 :16621 [dir_watcher.py:_on_file_modified():288] file/dir modified: /Users/leo/Programming/PLR/wandb/run-20230930_182342-y1a6twij/files/output.log
2023-09-30 18:23:59,076 DEBUG   HandlerThread:16621 [handler.py:handle_request():144] handle_request: status_report
2023-09-30 18:23:59,082 DEBUG   HandlerThread:16621 [handler.py:handle_request():144] handle_request: internal_messages
2023-09-30 18:23:59,083 DEBUG   HandlerThread:16621 [handler.py:handle_request():144] handle_request: stop_status
2023-09-30 18:23:59,097 DEBUG   SenderThread:16621 [sender.py:send_request():406] send_request: stop_status
2023-09-30 18:24:01,080 INFO    Thread-68 :16621 [dir_watcher.py:_on_file_modified():288] file/dir modified: /Users/leo/Programming/PLR/wandb/run-20230930_182342-y1a6twij/files/output.log
2023-09-30 18:24:01,944 DEBUG   HandlerThread:16621 [handler.py:handle_request():144] handle_request: partial_history
2023-09-30 18:24:01,945 DEBUG   SenderThread:16621 [sender.py:send():379] send: history
2023-09-30 18:24:01,945 DEBUG   SenderThread:16621 [sender.py:send_request():406] send_request: summary_record
2023-09-30 18:24:01,946 INFO    SenderThread:16621 [sender.py:_save_file():1375] saving file wandb-summary.json with policy end
2023-09-30 18:24:02,088 INFO    Thread-68 :16621 [dir_watcher.py:_on_file_modified():288] file/dir modified: /Users/leo/Programming/PLR/wandb/run-20230930_182342-y1a6twij/files/wandb-summary.json
2023-09-30 18:24:03,093 INFO    Thread-68 :16621 [dir_watcher.py:_on_file_modified():288] file/dir modified: /Users/leo/Programming/PLR/wandb/run-20230930_182342-y1a6twij/files/output.log
2023-09-30 18:24:04,238 DEBUG   HandlerThread:16621 [handler.py:handle_request():144] handle_request: status_report
2023-09-30 18:24:05,111 INFO    Thread-68 :16621 [dir_watcher.py:_on_file_modified():288] file/dir modified: /Users/leo/Programming/PLR/wandb/run-20230930_182342-y1a6twij/files/output.log
2023-09-30 18:24:06,418 DEBUG   HandlerThread:16621 [handler.py:handle_request():144] handle_request: partial_history
2023-09-30 18:24:06,419 DEBUG   SenderThread:16621 [sender.py:send():379] send: history
2023-09-30 18:24:06,419 DEBUG   SenderThread:16621 [sender.py:send_request():406] send_request: summary_record
2023-09-30 18:24:06,419 INFO    SenderThread:16621 [sender.py:_save_file():1375] saving file wandb-summary.json with policy end
2023-09-30 18:24:07,114 INFO    Thread-68 :16621 [dir_watcher.py:_on_file_modified():288] file/dir modified: /Users/leo/Programming/PLR/wandb/run-20230930_182342-y1a6twij/files/wandb-summary.json
2023-09-30 18:24:07,114 INFO    Thread-68 :16621 [dir_watcher.py:_on_file_modified():288] file/dir modified: /Users/leo/Programming/PLR/wandb/run-20230930_182342-y1a6twij/files/output.log
2023-09-30 18:24:09,122 INFO    Thread-68 :16621 [dir_watcher.py:_on_file_modified():288] file/dir modified: /Users/leo/Programming/PLR/wandb/run-20230930_182342-y1a6twij/files/output.log
2023-09-30 18:24:09,573 DEBUG   HandlerThread:16621 [handler.py:handle_request():144] handle_request: status_report
2023-09-30 18:24:11,098 DEBUG   HandlerThread:16621 [handler.py:handle_request():144] handle_request: log_artifact
2023-09-30 18:24:11,098 DEBUG   SenderThread:16621 [sender.py:send_request():406] send_request: log_artifact
2023-09-30 18:24:11,108 DEBUG   HandlerThread:16621 [handler.py:handle_request():144] handle_request: partial_history
2023-09-30 18:24:11,135 INFO    Thread-68 :16621 [dir_watcher.py:_on_file_modified():288] file/dir modified: /Users/leo/Programming/PLR/wandb/run-20230930_182342-y1a6twij/files/output.log
2023-09-30 18:24:11,135 INFO    Thread-68 :16621 [dir_watcher.py:_on_file_created():271] file/dir created: /Users/leo/Programming/PLR/wandb/run-20230930_182342-y1a6twij/files/media/table/Generations Table_5_887950a89c8620017214.table.json
2023-09-30 18:24:11,135 INFO    Thread-68 :16621 [dir_watcher.py:_on_file_created():271] file/dir created: /Users/leo/Programming/PLR/wandb/run-20230930_182342-y1a6twij/files/media
2023-09-30 18:24:11,135 INFO    Thread-68 :16621 [dir_watcher.py:_on_file_created():271] file/dir created: /Users/leo/Programming/PLR/wandb/run-20230930_182342-y1a6twij/files/media/table
2023-09-30 18:24:11,644 INFO    wandb-upload_0:16621 [upload_job.py:push():131] Uploaded file /var/folders/dt/bgs1hq3d2k3dvhpt3llvs4rw0000gn/T/tmpyltg761owandb/ukbvwsz3-media/table/Generations Table_5_887950a89c8620017214.table.json
2023-09-30 18:24:12,112 DEBUG   HandlerThread:16621 [handler.py:handle_request():144] handle_request: poll_exit
2023-09-30 18:24:12,498 INFO    wandb-upload_0:16621 [upload_job.py:push():89] Uploaded file /Users/leo/Library/Application Support/wandb/artifacts/staging/tmprz1batib
2023-09-30 18:24:13,355 INFO    SenderThread:16621 [sender.py:send_request_log_artifact():1441] logged artifact run-y1a6twij-GenerationsTable - {'id': 'QXJ0aWZhY3Q6NTg5OTUwMjgw', 'state': 'PENDING', 'artifactSequence': {'id': 'QXJ0aWZhY3RDb2xsZWN0aW9uOjEwMjc3ODU4OA==', 'latestArtifact': None}}
2023-09-30 18:24:13,355 DEBUG   SenderThread:16621 [sender.py:send():379] send: files
2023-09-30 18:24:13,355 INFO    SenderThread:16621 [sender.py:_save_file():1375] saving file media/table/Generations Table_5_887950a89c8620017214.table.json with policy now
2023-09-30 18:24:13,356 DEBUG   SenderThread:16621 [sender.py:send():379] send: history
2023-09-30 18:24:13,356 DEBUG   SenderThread:16621 [sender.py:send_request():406] send_request: summary_record
2023-09-30 18:24:13,357 INFO    SenderThread:16621 [sender.py:_save_file():1375] saving file wandb-summary.json with policy end
2023-09-30 18:24:13,357 DEBUG   SenderThread:16621 [sender.py:send():379] send: telemetry
2023-09-30 18:24:13,357 DEBUG   SenderThread:16621 [sender.py:send():379] send: exit
2023-09-30 18:24:13,358 INFO    SenderThread:16621 [sender.py:send_exit():584] handling exit code: 0
2023-09-30 18:24:13,358 INFO    SenderThread:16621 [sender.py:send_exit():586] handling runtime: 27
2023-09-30 18:24:13,358 INFO    SenderThread:16621 [sender.py:_save_file():1375] saving file wandb-summary.json with policy end
2023-09-30 18:24:13,358 INFO    SenderThread:16621 [sender.py:send_exit():592] send defer
2023-09-30 18:24:13,358 DEBUG   SenderThread:16621 [sender.py:send_request():406] send_request: poll_exit
2023-09-30 18:24:13,358 DEBUG   HandlerThread:16621 [handler.py:handle_request():144] handle_request: defer
2023-09-30 18:24:13,358 INFO    HandlerThread:16621 [handler.py:handle_request_defer():170] handle defer: 0
2023-09-30 18:24:13,359 DEBUG   SenderThread:16621 [sender.py:send_request():406] send_request: defer
2023-09-30 18:24:13,359 INFO    SenderThread:16621 [sender.py:send_request_defer():608] handle sender defer: 0
2023-09-30 18:24:13,359 INFO    SenderThread:16621 [sender.py:transition_state():612] send defer: 1
2023-09-30 18:24:13,360 DEBUG   HandlerThread:16621 [handler.py:handle_request():144] handle_request: defer
2023-09-30 18:24:13,360 INFO    HandlerThread:16621 [handler.py:handle_request_defer():170] handle defer: 1
2023-09-30 18:24:13,360 DEBUG   SenderThread:16621 [sender.py:send_request():406] send_request: defer
2023-09-30 18:24:13,360 INFO    SenderThread:16621 [sender.py:send_request_defer():608] handle sender defer: 1
2023-09-30 18:24:13,360 INFO    SenderThread:16621 [sender.py:transition_state():612] send defer: 2
2023-09-30 18:24:13,360 DEBUG   HandlerThread:16621 [handler.py:handle_request():144] handle_request: defer
2023-09-30 18:24:13,360 INFO    HandlerThread:16621 [handler.py:handle_request_defer():170] handle defer: 2
2023-09-30 18:24:13,360 INFO    HandlerThread:16621 [system_monitor.py:finish():190] Stopping system monitor
2023-09-30 18:24:13,360 DEBUG   SystemMonitor:16621 [system_monitor.py:_start():159] Starting system metrics aggregation loop
2023-09-30 18:24:13,361 INFO    HandlerThread:16621 [interfaces.py:finish():202] Joined cpu monitor
2023-09-30 18:24:13,361 DEBUG   SystemMonitor:16621 [system_monitor.py:_start():166] Finished system metrics aggregation loop
2023-09-30 18:24:13,361 INFO    HandlerThread:16621 [interfaces.py:finish():202] Joined disk monitor
2023-09-30 18:24:13,361 DEBUG   SystemMonitor:16621 [system_monitor.py:_start():170] Publishing last batch of metrics
2023-09-30 18:24:13,885 INFO    wandb-upload_0:16621 [upload_job.py:push():131] Uploaded file /var/folders/dt/bgs1hq3d2k3dvhpt3llvs4rw0000gn/T/tmpyltg761owandb/c483towc-media/table/Generations Table_5_887950a89c8620017214.table.json
2023-09-30 18:24:14,145 INFO    Thread-68 :16621 [dir_watcher.py:_on_file_modified():288] file/dir modified: /Users/leo/Programming/PLR/wandb/run-20230930_182342-y1a6twij/files/wandb-summary.json
2023-09-30 18:24:14,184 INFO    HandlerThread:16621 [interfaces.py:finish():202] Joined gpuapple monitor
2023-09-30 18:24:14,184 INFO    HandlerThread:16621 [interfaces.py:finish():202] Joined memory monitor
2023-09-30 18:24:14,185 INFO    HandlerThread:16621 [interfaces.py:finish():202] Joined network monitor
2023-09-30 18:24:14,185 DEBUG   SenderThread:16621 [sender.py:send_request():406] send_request: defer
2023-09-30 18:24:14,185 INFO    SenderThread:16621 [sender.py:send_request_defer():608] handle sender defer: 2
2023-09-30 18:24:14,185 INFO    SenderThread:16621 [sender.py:transition_state():612] send defer: 3
2023-09-30 18:24:14,185 DEBUG   SenderThread:16621 [sender.py:send():379] send: telemetry
2023-09-30 18:24:14,185 DEBUG   SenderThread:16621 [sender.py:send():379] send: stats
2023-09-30 18:24:14,185 DEBUG   HandlerThread:16621 [handler.py:handle_request():144] handle_request: defer
2023-09-30 18:24:14,185 INFO    HandlerThread:16621 [handler.py:handle_request_defer():170] handle defer: 3
2023-09-30 18:24:14,185 DEBUG   SenderThread:16621 [sender.py:send_request():406] send_request: defer
2023-09-30 18:24:14,185 INFO    SenderThread:16621 [sender.py:send_request_defer():608] handle sender defer: 3
2023-09-30 18:24:14,185 INFO    SenderThread:16621 [sender.py:transition_state():612] send defer: 4
2023-09-30 18:24:14,185 DEBUG   HandlerThread:16621 [handler.py:handle_request():144] handle_request: defer
2023-09-30 18:24:14,185 INFO    HandlerThread:16621 [handler.py:handle_request_defer():170] handle defer: 4
2023-09-30 18:24:14,185 DEBUG   SenderThread:16621 [sender.py:send_request():406] send_request: defer
2023-09-30 18:24:14,185 INFO    SenderThread:16621 [sender.py:send_request_defer():608] handle sender defer: 4
2023-09-30 18:24:14,185 INFO    SenderThread:16621 [sender.py:transition_state():612] send defer: 5
2023-09-30 18:24:14,185 DEBUG   HandlerThread:16621 [handler.py:handle_request():144] handle_request: defer
2023-09-30 18:24:14,185 INFO    HandlerThread:16621 [handler.py:handle_request_defer():170] handle defer: 5
2023-09-30 18:24:14,186 DEBUG   SenderThread:16621 [sender.py:send():379] send: summary
2023-09-30 18:24:14,186 INFO    SenderThread:16621 [sender.py:_save_file():1375] saving file wandb-summary.json with policy end
2023-09-30 18:24:14,186 DEBUG   SenderThread:16621 [sender.py:send_request():406] send_request: defer
2023-09-30 18:24:14,186 INFO    SenderThread:16621 [sender.py:send_request_defer():608] handle sender defer: 5
2023-09-30 18:24:14,186 INFO    SenderThread:16621 [sender.py:transition_state():612] send defer: 6
2023-09-30 18:24:14,186 DEBUG   HandlerThread:16621 [handler.py:handle_request():144] handle_request: defer
2023-09-30 18:24:14,186 INFO    HandlerThread:16621 [handler.py:handle_request_defer():170] handle defer: 6
2023-09-30 18:24:14,186 DEBUG   SenderThread:16621 [sender.py:send_request():406] send_request: defer
2023-09-30 18:24:14,186 INFO    SenderThread:16621 [sender.py:send_request_defer():608] handle sender defer: 6
2023-09-30 18:24:14,187 DEBUG   HandlerThread:16621 [handler.py:handle_request():144] handle_request: status_report
2023-09-30 18:24:14,401 INFO    SenderThread:16621 [sender.py:transition_state():612] send defer: 7
2023-09-30 18:24:14,401 DEBUG   HandlerThread:16621 [handler.py:handle_request():144] handle_request: defer
2023-09-30 18:24:14,401 INFO    HandlerThread:16621 [handler.py:handle_request_defer():170] handle defer: 7
2023-09-30 18:24:14,401 DEBUG   SenderThread:16621 [sender.py:send_request():406] send_request: defer
2023-09-30 18:24:14,402 INFO    SenderThread:16621 [sender.py:send_request_defer():608] handle sender defer: 7
2023-09-30 18:24:14,542 INFO    SenderThread:16621 [sender.py:transition_state():612] send defer: 8
2023-09-30 18:24:14,542 DEBUG   HandlerThread:16621 [handler.py:handle_request():144] handle_request: defer
2023-09-30 18:24:14,542 INFO    HandlerThread:16621 [handler.py:handle_request_defer():170] handle defer: 8
2023-09-30 18:24:14,542 DEBUG   SenderThread:16621 [sender.py:send_request():406] send_request: defer
2023-09-30 18:24:14,543 INFO    SenderThread:16621 [sender.py:send_request_defer():608] handle sender defer: 8
2023-09-30 18:24:14,543 INFO    SenderThread:16621 [job_builder.py:build():281] Attempting to build job artifact
2023-09-30 18:24:14,544 INFO    SenderThread:16621 [job_builder.py:_get_source_type():393] is repo sourced job
2023-09-30 18:24:14,544 INFO    SenderThread:16621 [job_builder.py:build():369] adding wandb-job metadata file
2023-09-30 18:24:14,549 INFO    SenderThread:16621 [sender.py:transition_state():612] send defer: 9
2023-09-30 18:24:14,549 DEBUG   HandlerThread:16621 [handler.py:handle_request():144] handle_request: defer
2023-09-30 18:24:14,549 DEBUG   SenderThread:16621 [sender.py:send():379] send: artifact
2023-09-30 18:24:14,549 INFO    HandlerThread:16621 [handler.py:handle_request_defer():170] handle defer: 9
2023-09-30 18:24:15,154 INFO    Thread-68 :16621 [dir_watcher.py:_on_file_modified():288] file/dir modified: /Users/leo/Programming/PLR/wandb/run-20230930_182342-y1a6twij/files/wandb-summary.json
2023-09-30 18:24:15,155 INFO    Thread-68 :16621 [dir_watcher.py:_on_file_modified():288] file/dir modified: /Users/leo/Programming/PLR/wandb/run-20230930_182342-y1a6twij/files/config.yaml
2023-09-30 18:24:15,156 INFO    Thread-68 :16621 [dir_watcher.py:_on_file_modified():288] file/dir modified: /Users/leo/Programming/PLR/wandb/run-20230930_182342-y1a6twij/files/output.log
2023-09-30 18:24:15,689 INFO    wandb-upload_0:16621 [upload_job.py:push():86] Skipped uploading /Users/leo/Library/Application Support/wandb/artifacts/staging/tmpbp31wpr4
2023-09-30 18:24:15,975 INFO    wandb-upload_1:16621 [upload_job.py:push():89] Uploaded file /Users/leo/Library/Application Support/wandb/artifacts/staging/tmp6wqtkopn
2023-09-30 18:24:17,132 DEBUG   HandlerThread:16621 [handler.py:handle_request():144] handle_request: keepalive
2023-09-30 18:24:17,241 INFO    SenderThread:16621 [sender.py:send_artifact():1453] sent artifact job-https___github.com_leothesouthafrican_PLR.git_Leo_gen_algo_opt_folder_genetic_algorithm.py - {'id': 'QXJ0aWZhY3Q6NTg5OTUwMzQ5', 'state': 'PENDING', 'artifactSequence': {'id': 'QXJ0aWZhY3RDb2xsZWN0aW9uOjEwMjY3Mjc5OA==', 'latestArtifact': {'id': 'QXJ0aWZhY3Q6NTg5OTQ5ODIy', 'versionIndex': 12}}}
2023-09-30 18:24:17,241 DEBUG   SenderThread:16621 [sender.py:send_request():406] send_request: defer
2023-09-30 18:24:17,241 INFO    SenderThread:16621 [sender.py:send_request_defer():608] handle sender defer: 9
2023-09-30 18:24:17,241 INFO    SenderThread:16621 [dir_watcher.py:finish():358] shutting down directory watcher
2023-09-30 18:24:18,165 INFO    SenderThread:16621 [dir_watcher.py:finish():388] scan: /Users/leo/Programming/PLR/wandb/run-20230930_182342-y1a6twij/files
2023-09-30 18:24:18,166 INFO    SenderThread:16621 [dir_watcher.py:finish():402] scan save: /Users/leo/Programming/PLR/wandb/run-20230930_182342-y1a6twij/files/requirements.txt requirements.txt
2023-09-30 18:24:18,166 INFO    SenderThread:16621 [dir_watcher.py:finish():402] scan save: /Users/leo/Programming/PLR/wandb/run-20230930_182342-y1a6twij/files/output.log output.log
2023-09-30 18:24:18,166 INFO    SenderThread:16621 [dir_watcher.py:finish():402] scan save: /Users/leo/Programming/PLR/wandb/run-20230930_182342-y1a6twij/files/config.yaml config.yaml
2023-09-30 18:24:18,170 INFO    SenderThread:16621 [dir_watcher.py:finish():402] scan save: /Users/leo/Programming/PLR/wandb/run-20230930_182342-y1a6twij/files/wandb-summary.json wandb-summary.json
2023-09-30 18:24:18,172 INFO    SenderThread:16621 [dir_watcher.py:finish():402] scan save: /Users/leo/Programming/PLR/wandb/run-20230930_182342-y1a6twij/files/wandb-metadata.json wandb-metadata.json
2023-09-30 18:24:18,175 INFO    SenderThread:16621 [dir_watcher.py:finish():402] scan save: /Users/leo/Programming/PLR/wandb/run-20230930_182342-y1a6twij/files/media/table/Generations Table_5_887950a89c8620017214.table.json media/table/Generations Table_5_887950a89c8620017214.table.json
2023-09-30 18:24:18,175 INFO    SenderThread:16621 [sender.py:transition_state():612] send defer: 10
2023-09-30 18:24:18,176 DEBUG   HandlerThread:16621 [handler.py:handle_request():144] handle_request: defer
2023-09-30 18:24:18,176 INFO    HandlerThread:16621 [handler.py:handle_request_defer():170] handle defer: 10
2023-09-30 18:24:18,176 DEBUG   SenderThread:16621 [sender.py:send_request():406] send_request: defer
2023-09-30 18:24:18,176 INFO    SenderThread:16621 [sender.py:send_request_defer():608] handle sender defer: 10
2023-09-30 18:24:18,176 INFO    SenderThread:16621 [file_pusher.py:finish():175] shutting down file pusher
2023-09-30 18:24:18,644 INFO    wandb-upload_0:16621 [upload_job.py:push():131] Uploaded file /Users/leo/Programming/PLR/wandb/run-20230930_182342-y1a6twij/files/requirements.txt
2023-09-30 18:24:18,659 INFO    wandb-upload_1:16621 [upload_job.py:push():131] Uploaded file /Users/leo/Programming/PLR/wandb/run-20230930_182342-y1a6twij/files/output.log
2023-09-30 18:24:18,677 INFO    wandb-upload_3:16621 [upload_job.py:push():131] Uploaded file /Users/leo/Programming/PLR/wandb/run-20230930_182342-y1a6twij/files/wandb-summary.json
2023-09-30 18:24:18,783 INFO    wandb-upload_2:16621 [upload_job.py:push():131] Uploaded file /Users/leo/Programming/PLR/wandb/run-20230930_182342-y1a6twij/files/config.yaml
2023-09-30 18:24:18,989 INFO    Thread-67 (_thread_body):16621 [sender.py:transition_state():612] send defer: 11
2023-09-30 18:24:18,989 DEBUG   HandlerThread:16621 [handler.py:handle_request():144] handle_request: defer
2023-09-30 18:24:18,990 INFO    HandlerThread:16621 [handler.py:handle_request_defer():170] handle defer: 11
2023-09-30 18:24:18,990 DEBUG   SenderThread:16621 [sender.py:send_request():406] send_request: defer
2023-09-30 18:24:18,990 INFO    SenderThread:16621 [sender.py:send_request_defer():608] handle sender defer: 11
2023-09-30 18:24:18,990 INFO    SenderThread:16621 [file_pusher.py:join():181] waiting for file pusher
2023-09-30 18:24:18,990 INFO    SenderThread:16621 [sender.py:transition_state():612] send defer: 12
2023-09-30 18:24:18,990 DEBUG   HandlerThread:16621 [handler.py:handle_request():144] handle_request: defer
2023-09-30 18:24:18,990 INFO    HandlerThread:16621 [handler.py:handle_request_defer():170] handle defer: 12
2023-09-30 18:24:18,990 DEBUG   SenderThread:16621 [sender.py:send_request():406] send_request: defer
2023-09-30 18:24:18,991 INFO    SenderThread:16621 [sender.py:send_request_defer():608] handle sender defer: 12
2023-09-30 18:24:18,991 INFO    SenderThread:16621 [file_stream.py:finish():594] file stream finish called
2023-09-30 18:24:19,141 INFO    SenderThread:16621 [file_stream.py:finish():598] file stream finish is done
2023-09-30 18:24:19,141 INFO    SenderThread:16621 [sender.py:transition_state():612] send defer: 13
2023-09-30 18:24:19,141 DEBUG   HandlerThread:16621 [handler.py:handle_request():144] handle_request: defer
2023-09-30 18:24:19,141 INFO    HandlerThread:16621 [handler.py:handle_request_defer():170] handle defer: 13
2023-09-30 18:24:19,141 DEBUG   SenderThread:16621 [sender.py:send_request():406] send_request: defer
2023-09-30 18:24:19,141 INFO    SenderThread:16621 [sender.py:send_request_defer():608] handle sender defer: 13
2023-09-30 18:24:19,141 INFO    SenderThread:16621 [sender.py:transition_state():612] send defer: 14
2023-09-30 18:24:19,141 DEBUG   HandlerThread:16621 [handler.py:handle_request():144] handle_request: defer
2023-09-30 18:24:19,142 DEBUG   SenderThread:16621 [sender.py:send():379] send: final
2023-09-30 18:24:19,142 DEBUG   SenderThread:16621 [sender.py:send():379] send: footer
2023-09-30 18:24:19,142 INFO    HandlerThread:16621 [handler.py:handle_request_defer():170] handle defer: 14
2023-09-30 18:24:19,142 DEBUG   SenderThread:16621 [sender.py:send_request():406] send_request: defer
2023-09-30 18:24:19,142 INFO    SenderThread:16621 [sender.py:send_request_defer():608] handle sender defer: 14
2023-09-30 18:24:19,142 DEBUG   HandlerThread:16621 [handler.py:handle_request():144] handle_request: internal_messages
2023-09-30 18:24:19,143 DEBUG   HandlerThread:16621 [handler.py:handle_request():144] handle_request: poll_exit
2023-09-30 18:24:19,143 DEBUG   HandlerThread:16621 [handler.py:handle_request():144] handle_request: server_info
2023-09-30 18:24:19,143 DEBUG   HandlerThread:16621 [handler.py:handle_request():144] handle_request: get_summary
2023-09-30 18:24:19,143 DEBUG   HandlerThread:16621 [handler.py:handle_request():144] handle_request: sampled_history
2023-09-30 18:24:19,143 DEBUG   HandlerThread:16621 [handler.py:handle_request():144] handle_request: job_info
2023-09-30 18:24:19,143 DEBUG   SenderThread:16621 [sender.py:send_request():406] send_request: poll_exit
2023-09-30 18:24:19,144 DEBUG   SenderThread:16621 [sender.py:send_request():406] send_request: server_info
2023-09-30 18:24:19,309 DEBUG   SenderThread:16621 [sender.py:send_request():406] send_request: job_info
2023-09-30 18:24:19,310 DEBUG   HandlerThread:16621 [handler.py:handle_request():144] handle_request: shutdown
2023-09-30 18:24:19,310 INFO    HandlerThread:16621 [handler.py:finish():840] shutting down handler
2023-09-30 18:24:20,149 INFO    WriterThread:16621 [datastore.py:close():294] close: /Users/leo/Programming/PLR/wandb/run-20230930_182342-y1a6twij/run-y1a6twij.wandb
2023-09-30 18:24:20,311 INFO    SenderThread:16621 [sender.py:finish():1531] shutting down sender
2023-09-30 18:24:20,311 INFO    SenderThread:16621 [file_pusher.py:finish():175] shutting down file pusher
2023-09-30 18:24:20,311 INFO    SenderThread:16621 [file_pusher.py:join():181] waiting for file pusher
