2023-09-30 14:44:25,285 INFO    StreamThr :10575 [internal.py:wandb_internal():86] W&B internal server running at pid: 10575, started at: 2023-09-30 14:44:25.284244
2023-09-30 14:44:25,286 DEBUG   HandlerThread:10575 [handler.py:handle_request():144] handle_request: status
2023-09-30 14:44:25,289 INFO    WriterThread:10575 [datastore.py:open_for_write():85] open: /Users/leo/Programming/PLR/wandb/run-20230930_144425-4a52qm7y/run-4a52qm7y.wandb
2023-09-30 14:44:25,290 DEBUG   SenderThread:10575 [sender.py:send():379] send: header
2023-09-30 14:44:25,316 DEBUG   SenderThread:10575 [sender.py:send():379] send: run
2023-09-30 14:44:25,655 INFO    SenderThread:10575 [dir_watcher.py:__init__():211] watching files in: /Users/leo/Programming/PLR/wandb/run-20230930_144425-4a52qm7y/files
2023-09-30 14:44:25,655 INFO    SenderThread:10575 [sender.py:_start_run_threads():1121] run started: 4a52qm7y with start time 1696081465.284541
2023-09-30 14:44:25,662 DEBUG   HandlerThread:10575 [handler.py:handle_request():144] handle_request: check_version
2023-09-30 14:44:25,662 DEBUG   SenderThread:10575 [sender.py:send_request():406] send_request: check_version
2023-09-30 14:44:25,708 DEBUG   HandlerThread:10575 [handler.py:handle_request():144] handle_request: run_start
2023-09-30 14:44:25,713 DEBUG   HandlerThread:10575 [system_info.py:__init__():32] System info init
2023-09-30 14:44:25,713 DEBUG   HandlerThread:10575 [system_info.py:__init__():47] System info init done
2023-09-30 14:44:25,713 INFO    HandlerThread:10575 [system_monitor.py:start():181] Starting system monitor
2023-09-30 14:44:25,713 INFO    SystemMonitor:10575 [system_monitor.py:_start():145] Starting system asset monitoring threads
2023-09-30 14:44:25,713 INFO    HandlerThread:10575 [system_monitor.py:probe():201] Collecting system info
2023-09-30 14:44:25,714 INFO    SystemMonitor:10575 [interfaces.py:start():190] Started cpu monitoring
2023-09-30 14:44:25,714 DEBUG   HandlerThread:10575 [system_info.py:probe():196] Probing system
2023-09-30 14:44:25,714 INFO    SystemMonitor:10575 [interfaces.py:start():190] Started disk monitoring
2023-09-30 14:44:25,717 INFO    SystemMonitor:10575 [interfaces.py:start():190] Started gpuapple monitoring
2023-09-30 14:44:25,717 INFO    SystemMonitor:10575 [interfaces.py:start():190] Started memory monitoring
2023-09-30 14:44:25,718 INFO    SystemMonitor:10575 [interfaces.py:start():190] Started network monitoring
2023-09-30 14:44:25,721 DEBUG   HandlerThread:10575 [system_info.py:_probe_git():181] Probing git
2023-09-30 14:44:25,734 DEBUG   HandlerThread:10575 [system_info.py:_probe_git():189] Probing git done
2023-09-30 14:44:25,734 DEBUG   HandlerThread:10575 [system_info.py:probe():244] Probing system done
2023-09-30 14:44:25,734 DEBUG   HandlerThread:10575 [system_monitor.py:probe():210] {'os': 'macOS-14.0-arm64-arm-64bit', 'python': '3.11.4', 'heartbeatAt': '2023-09-30T13:44:25.714226', 'startedAt': '2023-09-30T13:44:25.276971', 'docker': None, 'cuda': None, 'args': (), 'state': 'running', 'program': '/Users/leo/Programming/PLR/Leo/gen_algo_opt_folder/genetic_algorithm.py', 'codePathLocal': 'Leo/gen_algo_opt_folder/genetic_algorithm.py', 'codePath': 'Leo/gen_algo_opt_folder/genetic_algorithm.py', 'git': {'remote': 'https://github.com/leothesouthafrican/PLR.git', 'commit': '7589be778cebd92f972ede671c501681bad7604d'}, 'email': '38779415+leothesouthafrican@users.noreply.github.com', 'root': '/Users/leo/Programming/PLR', 'host': 'Leos-MacBook-Pro.local', 'username': 'leo', 'executable': '/Users/leo/Programming/PLR/Leo/env/bin/python3', 'cpu_count': 10, 'cpu_count_logical': 10, 'disk': {'/': {'total': 855.9619140625, 'used': 12.108589172363281}}, 'gpuapple': {'type': 'arm', 'vendor': 'Apple'}, 'memory': {'total': 32.0}}
2023-09-30 14:44:25,734 INFO    HandlerThread:10575 [system_monitor.py:probe():211] Finished collecting system info
2023-09-30 14:44:25,734 INFO    HandlerThread:10575 [system_monitor.py:probe():214] Publishing system info
2023-09-30 14:44:25,734 DEBUG   HandlerThread:10575 [system_info.py:_save_pip():52] Saving list of pip packages installed into the current environment
2023-09-30 14:44:25,735 DEBUG   HandlerThread:10575 [system_info.py:_save_pip():68] Saving pip packages done
2023-09-30 14:44:25,735 INFO    HandlerThread:10575 [system_monitor.py:probe():216] Finished publishing system info
2023-09-30 14:44:25,736 DEBUG   SenderThread:10575 [sender.py:send():379] send: files
2023-09-30 14:44:25,736 INFO    SenderThread:10575 [sender.py:_save_file():1375] saving file wandb-metadata.json with policy now
2023-09-30 14:44:25,738 DEBUG   HandlerThread:10575 [handler.py:handle_request():144] handle_request: stop_status
2023-09-30 14:44:25,738 DEBUG   SenderThread:10575 [sender.py:send_request():406] send_request: stop_status
2023-09-30 14:44:25,739 DEBUG   HandlerThread:10575 [handler.py:handle_request():144] handle_request: internal_messages
2023-09-30 14:44:25,966 DEBUG   SenderThread:10575 [sender.py:send():379] send: telemetry
2023-09-30 14:44:26,301 INFO    wandb-upload_0:10575 [upload_job.py:push():131] Uploaded file /var/folders/dt/bgs1hq3d2k3dvhpt3llvs4rw0000gn/T/tmpw99o4in_wandb/93h4owty-wandb-metadata.json
2023-09-30 14:44:26,662 INFO    Thread-12 :10575 [dir_watcher.py:_on_file_created():271] file/dir created: /Users/leo/Programming/PLR/wandb/run-20230930_144425-4a52qm7y/files/wandb-metadata.json
2023-09-30 14:44:26,662 INFO    Thread-12 :10575 [dir_watcher.py:_on_file_created():271] file/dir created: /Users/leo/Programming/PLR/wandb/run-20230930_144425-4a52qm7y/files/requirements.txt
2023-09-30 14:44:26,663 INFO    Thread-12 :10575 [dir_watcher.py:_on_file_created():271] file/dir created: /Users/leo/Programming/PLR/wandb/run-20230930_144425-4a52qm7y/files/output.log
2023-09-30 14:44:28,675 INFO    Thread-12 :10575 [dir_watcher.py:_on_file_modified():288] file/dir modified: /Users/leo/Programming/PLR/wandb/run-20230930_144425-4a52qm7y/files/output.log
2023-09-30 14:44:30,471 DEBUG   HandlerThread:10575 [handler.py:handle_request():144] handle_request: status_report
2023-09-30 14:44:30,686 INFO    Thread-12 :10575 [dir_watcher.py:_on_file_modified():288] file/dir modified: /Users/leo/Programming/PLR/wandb/run-20230930_144425-4a52qm7y/files/output.log
2023-09-30 14:44:32,696 INFO    Thread-12 :10575 [dir_watcher.py:_on_file_modified():288] file/dir modified: /Users/leo/Programming/PLR/wandb/run-20230930_144425-4a52qm7y/files/output.log
2023-09-30 14:44:34,702 INFO    Thread-12 :10575 [dir_watcher.py:_on_file_modified():288] file/dir modified: /Users/leo/Programming/PLR/wandb/run-20230930_144425-4a52qm7y/files/output.log
2023-09-30 14:44:35,831 DEBUG   HandlerThread:10575 [handler.py:handle_request():144] handle_request: status_report
2023-09-30 14:44:36,461 DEBUG   SenderThread:10575 [sender.py:send():379] send: exit
2023-09-30 14:44:36,461 INFO    SenderThread:10575 [sender.py:send_exit():584] handling exit code: 255
2023-09-30 14:44:36,461 INFO    SenderThread:10575 [sender.py:send_exit():586] handling runtime: 10
2023-09-30 14:44:36,462 INFO    SenderThread:10575 [sender.py:_save_file():1375] saving file wandb-summary.json with policy end
2023-09-30 14:44:36,462 INFO    SenderThread:10575 [sender.py:send_exit():592] send defer
2023-09-30 14:44:36,462 DEBUG   HandlerThread:10575 [handler.py:handle_request():144] handle_request: defer
2023-09-30 14:44:36,462 INFO    HandlerThread:10575 [handler.py:handle_request_defer():170] handle defer: 0
2023-09-30 14:44:36,462 DEBUG   SenderThread:10575 [sender.py:send_request():406] send_request: defer
2023-09-30 14:44:36,462 INFO    SenderThread:10575 [sender.py:send_request_defer():608] handle sender defer: 0
2023-09-30 14:44:36,462 INFO    SenderThread:10575 [sender.py:transition_state():612] send defer: 1
2023-09-30 14:44:36,462 DEBUG   HandlerThread:10575 [handler.py:handle_request():144] handle_request: defer
2023-09-30 14:44:36,462 INFO    HandlerThread:10575 [handler.py:handle_request_defer():170] handle defer: 1
2023-09-30 14:44:36,462 DEBUG   SenderThread:10575 [sender.py:send_request():406] send_request: defer
2023-09-30 14:44:36,462 INFO    SenderThread:10575 [sender.py:send_request_defer():608] handle sender defer: 1
2023-09-30 14:44:36,462 INFO    SenderThread:10575 [sender.py:transition_state():612] send defer: 2
2023-09-30 14:44:36,462 DEBUG   HandlerThread:10575 [handler.py:handle_request():144] handle_request: defer
2023-09-30 14:44:36,462 INFO    HandlerThread:10575 [handler.py:handle_request_defer():170] handle defer: 2
2023-09-30 14:44:36,462 INFO    HandlerThread:10575 [system_monitor.py:finish():190] Stopping system monitor
2023-09-30 14:44:36,462 DEBUG   SystemMonitor:10575 [system_monitor.py:_start():159] Starting system metrics aggregation loop
2023-09-30 14:44:36,462 DEBUG   SystemMonitor:10575 [system_monitor.py:_start():166] Finished system metrics aggregation loop
2023-09-30 14:44:36,462 DEBUG   SystemMonitor:10575 [system_monitor.py:_start():170] Publishing last batch of metrics
2023-09-30 14:44:36,462 INFO    HandlerThread:10575 [interfaces.py:finish():202] Joined cpu monitor
2023-09-30 14:44:36,462 INFO    HandlerThread:10575 [interfaces.py:finish():202] Joined disk monitor
2023-09-30 14:44:36,525 INFO    HandlerThread:10575 [interfaces.py:finish():202] Joined gpuapple monitor
2023-09-30 14:44:36,525 INFO    HandlerThread:10575 [interfaces.py:finish():202] Joined memory monitor
2023-09-30 14:44:36,525 INFO    HandlerThread:10575 [interfaces.py:finish():202] Joined network monitor
2023-09-30 14:44:36,525 DEBUG   SenderThread:10575 [sender.py:send_request():406] send_request: defer
2023-09-30 14:44:36,525 INFO    SenderThread:10575 [sender.py:send_request_defer():608] handle sender defer: 2
2023-09-30 14:44:36,525 INFO    SenderThread:10575 [sender.py:transition_state():612] send defer: 3
2023-09-30 14:44:36,525 DEBUG   SenderThread:10575 [sender.py:send():379] send: telemetry
2023-09-30 14:44:36,525 DEBUG   HandlerThread:10575 [handler.py:handle_request():144] handle_request: defer
2023-09-30 14:44:36,525 INFO    HandlerThread:10575 [handler.py:handle_request_defer():170] handle defer: 3
2023-09-30 14:44:36,525 DEBUG   SenderThread:10575 [sender.py:send_request():406] send_request: defer
2023-09-30 14:44:36,525 INFO    SenderThread:10575 [sender.py:send_request_defer():608] handle sender defer: 3
2023-09-30 14:44:36,525 INFO    SenderThread:10575 [sender.py:transition_state():612] send defer: 4
2023-09-30 14:44:36,525 DEBUG   HandlerThread:10575 [handler.py:handle_request():144] handle_request: defer
2023-09-30 14:44:36,525 INFO    HandlerThread:10575 [handler.py:handle_request_defer():170] handle defer: 4
2023-09-30 14:44:36,525 DEBUG   SenderThread:10575 [sender.py:send_request():406] send_request: defer
2023-09-30 14:44:36,525 INFO    SenderThread:10575 [sender.py:send_request_defer():608] handle sender defer: 4
2023-09-30 14:44:36,525 INFO    SenderThread:10575 [sender.py:transition_state():612] send defer: 5
2023-09-30 14:44:36,525 DEBUG   HandlerThread:10575 [handler.py:handle_request():144] handle_request: defer
2023-09-30 14:44:36,525 INFO    HandlerThread:10575 [handler.py:handle_request_defer():170] handle defer: 5
2023-09-30 14:44:36,525 DEBUG   SenderThread:10575 [sender.py:send():379] send: summary
2023-09-30 14:44:36,526 INFO    SenderThread:10575 [sender.py:_save_file():1375] saving file wandb-summary.json with policy end
2023-09-30 14:44:36,526 DEBUG   SenderThread:10575 [sender.py:send_request():406] send_request: defer
2023-09-30 14:44:36,526 INFO    SenderThread:10575 [sender.py:send_request_defer():608] handle sender defer: 5
2023-09-30 14:44:36,526 INFO    SenderThread:10575 [sender.py:transition_state():612] send defer: 6
2023-09-30 14:44:36,526 DEBUG   HandlerThread:10575 [handler.py:handle_request():144] handle_request: defer
2023-09-30 14:44:36,526 INFO    HandlerThread:10575 [handler.py:handle_request_defer():170] handle defer: 6
2023-09-30 14:44:36,526 DEBUG   SenderThread:10575 [sender.py:send_request():406] send_request: defer
2023-09-30 14:44:36,526 INFO    SenderThread:10575 [sender.py:send_request_defer():608] handle sender defer: 6
2023-09-30 14:44:36,527 DEBUG   HandlerThread:10575 [handler.py:handle_request():144] handle_request: status_report
2023-09-30 14:44:36,681 INFO    SenderThread:10575 [sender.py:transition_state():612] send defer: 7
2023-09-30 14:44:36,681 DEBUG   HandlerThread:10575 [handler.py:handle_request():144] handle_request: defer
2023-09-30 14:44:36,682 INFO    HandlerThread:10575 [handler.py:handle_request_defer():170] handle defer: 7
2023-09-30 14:44:36,682 DEBUG   SenderThread:10575 [sender.py:send_request():406] send_request: defer
2023-09-30 14:44:36,682 INFO    SenderThread:10575 [sender.py:send_request_defer():608] handle sender defer: 7
2023-09-30 14:44:36,708 INFO    Thread-12 :10575 [dir_watcher.py:_on_file_modified():288] file/dir modified: /Users/leo/Programming/PLR/wandb/run-20230930_144425-4a52qm7y/files/config.yaml
2023-09-30 14:44:36,708 INFO    Thread-12 :10575 [dir_watcher.py:_on_file_modified():288] file/dir modified: /Users/leo/Programming/PLR/wandb/run-20230930_144425-4a52qm7y/files/output.log
2023-09-30 14:44:36,708 INFO    Thread-12 :10575 [dir_watcher.py:_on_file_created():271] file/dir created: /Users/leo/Programming/PLR/wandb/run-20230930_144425-4a52qm7y/files/wandb-summary.json
2023-09-30 14:44:37,467 DEBUG   HandlerThread:10575 [handler.py:handle_request():144] handle_request: poll_exit
2023-09-30 14:44:38,287 INFO    SenderThread:10575 [sender.py:transition_state():612] send defer: 8
2023-09-30 14:44:38,288 DEBUG   SenderThread:10575 [sender.py:send_request():406] send_request: poll_exit
2023-09-30 14:44:38,288 DEBUG   HandlerThread:10575 [handler.py:handle_request():144] handle_request: defer
2023-09-30 14:44:38,288 INFO    HandlerThread:10575 [handler.py:handle_request_defer():170] handle defer: 8
2023-09-30 14:44:38,288 DEBUG   SenderThread:10575 [sender.py:send_request():406] send_request: defer
2023-09-30 14:44:38,289 INFO    SenderThread:10575 [sender.py:send_request_defer():608] handle sender defer: 8
2023-09-30 14:44:38,289 INFO    SenderThread:10575 [job_builder.py:build():281] Attempting to build job artifact
2023-09-30 14:44:38,289 INFO    SenderThread:10575 [job_builder.py:_get_source_type():393] is repo sourced job
2023-09-30 14:44:38,291 INFO    SenderThread:10575 [job_builder.py:build():369] adding wandb-job metadata file
2023-09-30 14:44:38,296 INFO    SenderThread:10575 [sender.py:transition_state():612] send defer: 9
2023-09-30 14:44:38,296 DEBUG   HandlerThread:10575 [handler.py:handle_request():144] handle_request: defer
2023-09-30 14:44:38,297 INFO    HandlerThread:10575 [handler.py:handle_request_defer():170] handle defer: 9
2023-09-30 14:44:38,297 DEBUG   SenderThread:10575 [sender.py:send():379] send: artifact
2023-09-30 14:44:38,473 DEBUG   HandlerThread:10575 [handler.py:handle_request():144] handle_request: poll_exit
2023-09-30 14:44:38,721 INFO    Thread-12 :10575 [dir_watcher.py:_on_file_modified():288] file/dir modified: /Users/leo/Programming/PLR/wandb/run-20230930_144425-4a52qm7y/files/output.log
2023-09-30 14:44:39,611 INFO    wandb-upload_1:10575 [upload_job.py:push():86] Skipped uploading /Users/leo/Library/Application Support/wandb/artifacts/staging/tmpb6pj7q1z
2023-09-30 14:44:39,988 INFO    wandb-upload_0:10575 [upload_job.py:push():89] Uploaded file /Users/leo/Library/Application Support/wandb/artifacts/staging/tmpusnpr4j7
2023-09-30 14:44:41,115 INFO    SenderThread:10575 [sender.py:send_artifact():1453] sent artifact job-https___github.com_leothesouthafrican_PLR.git_Leo_gen_algo_opt_folder_genetic_algorithm.py - {'id': 'QXJ0aWZhY3Q6NTg5Nzc2Nzg4', 'state': 'PENDING', 'artifactSequence': {'id': 'QXJ0aWZhY3RDb2xsZWN0aW9uOjEwMjY3Mjc5OA==', 'latestArtifact': {'id': 'QXJ0aWZhY3Q6NTg5NzcyODg5', 'versionIndex': 4}}}
2023-09-30 14:44:41,115 DEBUG   SenderThread:10575 [sender.py:send_request():406] send_request: defer
2023-09-30 14:44:41,115 INFO    SenderThread:10575 [sender.py:send_request_defer():608] handle sender defer: 9
2023-09-30 14:44:41,115 INFO    SenderThread:10575 [dir_watcher.py:finish():358] shutting down directory watcher
2023-09-30 14:44:41,734 INFO    SenderThread:10575 [dir_watcher.py:finish():388] scan: /Users/leo/Programming/PLR/wandb/run-20230930_144425-4a52qm7y/files
2023-09-30 14:44:41,735 INFO    SenderThread:10575 [dir_watcher.py:finish():402] scan save: /Users/leo/Programming/PLR/wandb/run-20230930_144425-4a52qm7y/files/requirements.txt requirements.txt
2023-09-30 14:44:41,735 INFO    SenderThread:10575 [dir_watcher.py:finish():402] scan save: /Users/leo/Programming/PLR/wandb/run-20230930_144425-4a52qm7y/files/output.log output.log
2023-09-30 14:44:41,739 INFO    SenderThread:10575 [dir_watcher.py:finish():402] scan save: /Users/leo/Programming/PLR/wandb/run-20230930_144425-4a52qm7y/files/config.yaml config.yaml
2023-09-30 14:44:41,739 INFO    SenderThread:10575 [dir_watcher.py:finish():402] scan save: /Users/leo/Programming/PLR/wandb/run-20230930_144425-4a52qm7y/files/wandb-summary.json wandb-summary.json
2023-09-30 14:44:41,739 INFO    SenderThread:10575 [dir_watcher.py:finish():402] scan save: /Users/leo/Programming/PLR/wandb/run-20230930_144425-4a52qm7y/files/wandb-metadata.json wandb-metadata.json
2023-09-30 14:44:41,739 INFO    SenderThread:10575 [sender.py:transition_state():612] send defer: 10
2023-09-30 14:44:41,740 DEBUG   SenderThread:10575 [sender.py:send_request():406] send_request: poll_exit
2023-09-30 14:44:41,741 DEBUG   HandlerThread:10575 [handler.py:handle_request():144] handle_request: defer
2023-09-30 14:44:41,744 INFO    HandlerThread:10575 [handler.py:handle_request_defer():170] handle defer: 10
2023-09-30 14:44:41,748 DEBUG   SenderThread:10575 [sender.py:send_request():406] send_request: defer
2023-09-30 14:44:41,748 INFO    SenderThread:10575 [sender.py:send_request_defer():608] handle sender defer: 10
2023-09-30 14:44:41,748 INFO    SenderThread:10575 [file_pusher.py:finish():175] shutting down file pusher
2023-09-30 14:44:42,119 INFO    wandb-upload_1:10575 [upload_job.py:push():131] Uploaded file /Users/leo/Programming/PLR/wandb/run-20230930_144425-4a52qm7y/files/requirements.txt
2023-09-30 14:44:42,160 INFO    wandb-upload_2:10575 [upload_job.py:push():131] Uploaded file /Users/leo/Programming/PLR/wandb/run-20230930_144425-4a52qm7y/files/config.yaml
2023-09-30 14:44:42,196 INFO    wandb-upload_0:10575 [upload_job.py:push():131] Uploaded file /Users/leo/Programming/PLR/wandb/run-20230930_144425-4a52qm7y/files/output.log
2023-09-30 14:44:42,215 INFO    wandb-upload_3:10575 [upload_job.py:push():131] Uploaded file /Users/leo/Programming/PLR/wandb/run-20230930_144425-4a52qm7y/files/wandb-summary.json
2023-09-30 14:44:42,421 INFO    Thread-11 (_thread_body):10575 [sender.py:transition_state():612] send defer: 11
2023-09-30 14:44:42,422 DEBUG   HandlerThread:10575 [handler.py:handle_request():144] handle_request: defer
2023-09-30 14:44:42,422 INFO    HandlerThread:10575 [handler.py:handle_request_defer():170] handle defer: 11
2023-09-30 14:44:42,423 DEBUG   SenderThread:10575 [sender.py:send_request():406] send_request: defer
2023-09-30 14:44:42,423 INFO    SenderThread:10575 [sender.py:send_request_defer():608] handle sender defer: 11
2023-09-30 14:44:42,423 INFO    SenderThread:10575 [file_pusher.py:join():181] waiting for file pusher
2023-09-30 14:44:42,424 INFO    SenderThread:10575 [sender.py:transition_state():612] send defer: 12
2023-09-30 14:44:42,424 DEBUG   HandlerThread:10575 [handler.py:handle_request():144] handle_request: defer
2023-09-30 14:44:42,424 INFO    HandlerThread:10575 [handler.py:handle_request_defer():170] handle defer: 12
2023-09-30 14:44:42,424 DEBUG   SenderThread:10575 [sender.py:send_request():406] send_request: defer
2023-09-30 14:44:42,424 INFO    SenderThread:10575 [sender.py:send_request_defer():608] handle sender defer: 12
2023-09-30 14:44:42,424 INFO    SenderThread:10575 [file_stream.py:finish():594] file stream finish called
2023-09-30 14:44:42,576 INFO    SenderThread:10575 [file_stream.py:finish():598] file stream finish is done
2023-09-30 14:44:42,576 INFO    SenderThread:10575 [sender.py:transition_state():612] send defer: 13
2023-09-30 14:44:42,577 DEBUG   HandlerThread:10575 [handler.py:handle_request():144] handle_request: defer
2023-09-30 14:44:42,577 INFO    HandlerThread:10575 [handler.py:handle_request_defer():170] handle defer: 13
2023-09-30 14:44:42,578 DEBUG   SenderThread:10575 [sender.py:send_request():406] send_request: defer
2023-09-30 14:44:42,578 INFO    SenderThread:10575 [sender.py:send_request_defer():608] handle sender defer: 13
2023-09-30 14:44:42,578 INFO    SenderThread:10575 [sender.py:transition_state():612] send defer: 14
2023-09-30 14:44:42,578 DEBUG   HandlerThread:10575 [handler.py:handle_request():144] handle_request: defer
2023-09-30 14:44:42,578 INFO    HandlerThread:10575 [handler.py:handle_request_defer():170] handle defer: 14
2023-09-30 14:44:42,578 DEBUG   SenderThread:10575 [sender.py:send():379] send: final
2023-09-30 14:44:42,578 DEBUG   SenderThread:10575 [sender.py:send():379] send: footer
2023-09-30 14:44:42,578 DEBUG   SenderThread:10575 [sender.py:send_request():406] send_request: defer
2023-09-30 14:44:42,578 INFO    SenderThread:10575 [sender.py:send_request_defer():608] handle sender defer: 14
2023-09-30 14:44:42,580 DEBUG   HandlerThread:10575 [handler.py:handle_request():144] handle_request: poll_exit
2023-09-30 14:44:42,580 DEBUG   HandlerThread:10575 [handler.py:handle_request():144] handle_request: server_info
2023-09-30 14:44:42,580 DEBUG   HandlerThread:10575 [handler.py:handle_request():144] handle_request: get_summary
2023-09-30 14:44:42,580 DEBUG   HandlerThread:10575 [handler.py:handle_request():144] handle_request: sampled_history
2023-09-30 14:44:42,581 DEBUG   HandlerThread:10575 [handler.py:handle_request():144] handle_request: internal_messages
2023-09-30 14:44:42,581 DEBUG   SenderThread:10575 [sender.py:send_request():406] send_request: poll_exit
2023-09-30 14:44:42,581 DEBUG   SenderThread:10575 [sender.py:send_request():406] send_request: server_info
2023-09-30 14:44:42,583 DEBUG   HandlerThread:10575 [handler.py:handle_request():144] handle_request: job_info
2023-09-30 14:44:42,714 DEBUG   SenderThread:10575 [sender.py:send_request():406] send_request: job_info
2023-09-30 14:44:42,715 INFO    MainThread:10575 [wandb_run.py:_footer_history_summary_info():3557] rendering history
2023-09-30 14:44:42,715 INFO    MainThread:10575 [wandb_run.py:_footer_history_summary_info():3589] rendering summary
2023-09-30 14:44:42,716 INFO    MainThread:10575 [wandb_run.py:_footer_sync_info():3516] logging synced files
2023-09-30 14:44:42,716 DEBUG   HandlerThread:10575 [handler.py:handle_request():144] handle_request: shutdown
2023-09-30 14:44:42,717 INFO    HandlerThread:10575 [handler.py:finish():840] shutting down handler
2023-09-30 14:44:43,589 INFO    WriterThread:10575 [datastore.py:close():294] close: /Users/leo/Programming/PLR/wandb/run-20230930_144425-4a52qm7y/run-4a52qm7y.wandb
2023-09-30 14:44:43,717 INFO    SenderThread:10575 [sender.py:finish():1531] shutting down sender
2023-09-30 14:44:43,717 INFO    SenderThread:10575 [file_pusher.py:finish():175] shutting down file pusher
2023-09-30 14:44:43,717 INFO    SenderThread:10575 [file_pusher.py:join():181] waiting for file pusher
