2023-09-30 18:47:33,864 INFO    MainThread:17866 [wandb_setup.py:_flush():76] Current SDK version is 0.15.10
2023-09-30 18:47:33,864 INFO    MainThread:17866 [wandb_setup.py:_flush():76] Configure stats pid to 17866
2023-09-30 18:47:33,864 INFO    MainThread:17866 [wandb_setup.py:_flush():76] Loading settings from /Users/leo/.config/wandb/settings
2023-09-30 18:47:33,864 INFO    MainThread:17866 [wandb_setup.py:_flush():76] Loading settings from /Users/leo/Programming/PLR/wandb/settings
2023-09-30 18:47:33,864 INFO    MainThread:17866 [wandb_setup.py:_flush():76] Loading settings from environment variables: {}
2023-09-30 18:47:33,864 INFO    MainThread:17866 [wandb_setup.py:_flush():76] Applying setup settings: {'_disable_service': False}
2023-09-30 18:47:33,864 INFO    MainThread:17866 [wandb_setup.py:_flush():76] Inferring run settings from compute environment: {'program_relpath': 'Leo/gen_algo_opt_folder/genetic_algorithm.py', 'program': '/Users/leo/Programming/PLR/Leo/gen_algo_opt_folder/genetic_algorithm.py'}
2023-09-30 18:47:33,864 INFO    MainThread:17866 [wandb_init.py:_log_setup():524] Logging user logs to /Users/leo/Programming/PLR/wandb/run-20230930_184733-8f5ttdz7/logs/debug.log
2023-09-30 18:47:33,864 INFO    MainThread:17866 [wandb_init.py:_log_setup():525] Logging internal logs to /Users/leo/Programming/PLR/wandb/run-20230930_184733-8f5ttdz7/logs/debug-internal.log
2023-09-30 18:47:33,864 INFO    MainThread:17866 [wandb_init.py:init():564] calling init triggers
2023-09-30 18:47:33,864 INFO    MainThread:17866 [wandb_init.py:init():571] wandb.init called with sweep_config: {}
config: {}
2023-09-30 18:47:33,864 INFO    MainThread:17866 [wandb_init.py:init():614] starting backend
2023-09-30 18:47:33,864 INFO    MainThread:17866 [wandb_init.py:init():618] setting up manager
2023-09-30 18:47:33,865 INFO    MainThread:17866 [backend.py:_multiprocessing_setup():105] multiprocessing start_methods=spawn,fork,forkserver, using: spawn
2023-09-30 18:47:33,868 INFO    MainThread:17866 [wandb_init.py:init():624] backend started and connected
2023-09-30 18:47:33,872 INFO    MainThread:17866 [wandb_init.py:init():715] updated telemetry
2023-09-30 18:47:33,889 INFO    MainThread:17866 [wandb_init.py:init():748] communicating run to backend with 90.0 second timeout
2023-09-30 18:47:34,028 WARNING MainThread:17866 [wandb_init.py:init():1187] interrupted
Traceback (most recent call last):
  File "/Users/leo/Programming/PLR/Leo/env/lib/python3.11/site-packages/wandb/sdk/wandb_init.py", line 1165, in init
    run = wi.init()
          ^^^^^^^^^
  File "/Users/leo/Programming/PLR/Leo/env/lib/python3.11/site-packages/wandb/sdk/wandb_init.py", line 751, in init
    result = run_init_handle.wait(
             ^^^^^^^^^^^^^^^^^^^^^
  File "/Users/leo/Programming/PLR/Leo/env/lib/python3.11/site-packages/wandb/sdk/lib/mailbox.py", line 283, in wait
    found, abandoned = self._slot._get_and_clear(timeout=wait_timeout)
                       ^^^^^^^^^^^^^^^^^^^^^^^^^^^^^^^^^^^^^^^^^^^^^^^
  File "/Users/leo/Programming/PLR/Leo/env/lib/python3.11/site-packages/wandb/sdk/lib/mailbox.py", line 130, in _get_and_clear
    if self._wait(timeout=timeout):
       ^^^^^^^^^^^^^^^^^^^^^^^^^^^
  File "/Users/leo/Programming/PLR/Leo/env/lib/python3.11/site-packages/wandb/sdk/lib/mailbox.py", line 126, in _wait
    return self._event.wait(timeout=timeout)
           ^^^^^^^^^^^^^^^^^^^^^^^^^^^^^^^^^
  File "/opt/homebrew/Cellar/python@3.11/3.11.4/Frameworks/Python.framework/Versions/3.11/lib/python3.11/threading.py", line 622, in wait
    signaled = self._cond.wait(timeout)
               ^^^^^^^^^^^^^^^^^^^^^^^^
  File "/opt/homebrew/Cellar/python@3.11/3.11.4/Frameworks/Python.framework/Versions/3.11/lib/python3.11/threading.py", line 324, in wait
    gotit = waiter.acquire(True, timeout)
            ^^^^^^^^^^^^^^^^^^^^^^^^^^^^^
KeyboardInterrupt
