Generations:   0%|                                                                                                                                                                         | 0/20 [00:00<?, ?it/s]
Eval Fitness Gen 1 - Best Fitness: 0.4033:   3%|███▉                                                                                                                              | 3/100 [00:01<00:43,  2.22it/s]
Mutating...
Flipped feature 29
Flipped feature 46
Flipped feature 59
Flipped feature 63
Flipped feature 99
Flipped feature 113
Mutating...
Flipped feature 5
Flipped feature 33
Flipped feature 56
Flipped feature 88
Flipped feature 92
Flipped feature 104
Flipped feature 116
Flipped feature 130
Mutated depth
Mutating...
Flipped feature 47
Flipped feature 81
Flipped feature 88
Flipped feature 112
Mutating...
Flipped feature 29
Flipped feature 30
Flipped feature 49
Flipped feature 134

Eval Fitness Gen 1 - Best Fitness: 0.4033:   8%|██████████▍                                                                                                                       | 8/100 [00:03<00:41,  2.23it/s]
Mutating...
Flipped feature 75
Flipped feature 122
Mutating...
Flipped feature 0
Flipped feature 33
Flipped feature 63
Flipped feature 73
Flipped feature 88
Flipped feature 98
Flipped feature 105
Flipped feature 108
Flipped feature 137
Mutating...
Flipped feature 10
Flipped feature 33
Flipped feature 58
Flipped feature 79
Flipped feature 81
Flipped feature 83
Flipped feature 84
Flipped feature 86
Flipped feature 87
Flipped feature 92
Flipped feature 98
Flipped feature 101
Flipped feature 127
Flipped feature 128
Flipped feature 129
Mutated depth
Mutating...
Flipped feature 1
Flipped feature 3
Flipped feature 10
Flipped feature 14
Flipped feature 23
Flipped feature 34
Flipped feature 63
Flipped feature 77
Flipped feature 82

Eval Fitness Gen 1 - Best Fitness: 0.6987:  12%|███████████████▍                                                                                                                 | 12/100 [00:05<00:43,  2.05it/s]
Mutating...
Flipped feature 9
Flipped feature 11
Flipped feature 22
Flipped feature 36
Flipped feature 43
Flipped feature 46
Flipped feature 59
Flipped feature 100
Flipped feature 118
Mutating...
Flipped feature 11
Flipped feature 15
Flipped feature 20
Flipped feature 53
Flipped feature 78
Flipped feature 84
Flipped feature 85
Flipped feature 96
Flipped feature 122
Flipped feature 132
Flipped feature 134
Flipped feature 137
Mutating...
Flipped feature 6
Flipped feature 51
Flipped feature 55
Flipped feature 58
Flipped feature 61
Flipped feature 62
Flipped feature 69
Flipped feature 74
Flipped feature 127
Mutating...
Flipped feature 53
Flipped feature 73
Flipped feature 96
Flipped feature 101
Flipped feature 104

Eval Fitness Gen 1 - Best Fitness: 0.6987:  16%|████████████████████▋                                                                                                            | 16/100 [00:07<00:38,  2.19it/s]
Mutating...
Flipped feature 10
Flipped feature 22
Flipped feature 26
Flipped feature 27
Flipped feature 55
Flipped feature 65
Flipped feature 84
Flipped feature 92
Mutating...
Flipped feature 13
Flipped feature 88
Flipped feature 105
Flipped feature 109
Flipped feature 133
Flipped feature 137
Mutating...
Flipped feature 5
Flipped feature 45
Flipped feature 77
Flipped feature 96
Flipped feature 103
Mutating...
Flipped feature 22
Flipped feature 54
Flipped feature 73
Flipped feature 107
Flipped feature 125
Flipped feature 131
Mutating...
Flipped feature 17
Flipped feature 18
Flipped feature 111
Flipped feature 119

Eval Fitness Gen 1 - Best Fitness: 0.6987:  20%|█████████████████████████▊                                                                                                       | 20/100 [00:09<00:39,  2.04it/s]
Mutating...
Flipped feature 12
Flipped feature 48
Flipped feature 64
Flipped feature 67
Flipped feature 83
Flipped feature 92
Mutating...
Flipped feature 0
Flipped feature 58
Flipped feature 96
Flipped feature 98
Flipped feature 110
Flipped feature 111
Flipped feature 115
Mutating...
Flipped feature 7
Flipped feature 11
Flipped feature 18
Flipped feature 36
Flipped feature 49
Flipped feature 54
Flipped feature 65
Flipped feature 71
Flipped feature 76
Flipped feature 129
Traceback (most recent call last):
  File "/Users/leo/Programming/PLR/Leo/gen_algo_opt_folder/genetic_algorithm.py", line 276, in <module>
    # Run the GA
  File "/Users/leo/Programming/PLR/Leo/gen_algo_opt_folder/genetic_algorithm.py", line 203, in run
    for individual in fitness_eval_pbar:
                      ^^^^^^^^^^^^^^^^^^^
  File "/Users/leo/Programming/PLR/Leo/gen_algo_opt_folder/genetic_algorithm.py", line 76, in fitness
    optimizer.step()
  File "/Users/leo/Programming/PLR/Leo/env/lib/python3.11/site-packages/torch/optim/optimizer.py", line 280, in wrapper
    out = func(*args, **kwargs)
          ^^^^^^^^^^^^^^^^^^^^^
  File "/Users/leo/Programming/PLR/Leo/env/lib/python3.11/site-packages/torch/optim/optimizer.py", line 33, in _use_grad
    ret = func(self, *args, **kwargs)
          ^^^^^^^^^^^^^^^^^^^^^^^^^^^
  File "/Users/leo/Programming/PLR/Leo/env/lib/python3.11/site-packages/torch/optim/adam.py", line 141, in step
    adam(
  File "/Users/leo/Programming/PLR/Leo/env/lib/python3.11/site-packages/torch/optim/adam.py", line 281, in adam
    func(params,
  File "/Users/leo/Programming/PLR/Leo/env/lib/python3.11/site-packages/torch/optim/adam.py", line 391, in _single_tensor_adam
    denom = (exp_avg_sq.sqrt() / bias_correction2_sqrt).add_(eps)
             ^^^^^^^^^^^^^^^^^
KeyboardInterrupt
Mutating...
Flipped feature 10
Flipped feature 12
Flipped feature 31
Flipped feature 32
Flipped feature 55
Flipped feature 56
Flipped feature 63
Flipped feature 84
Flipped feature 108
Flipped feature 116
Flipped feature 132
Flipped feature 139
Mutating...
Flipped feature 24
Flipped feature 63
Flipped feature 123
Flipped feature 135