2023-09-30 14:46:46,011 INFO    MainThread:10686 [wandb_setup.py:_flush():76] Current SDK version is 0.15.10
2023-09-30 14:46:46,011 INFO    MainThread:10686 [wandb_setup.py:_flush():76] Configure stats pid to 10686
2023-09-30 14:46:46,011 INFO    MainThread:10686 [wandb_setup.py:_flush():76] Loading settings from /Users/leo/.config/wandb/settings
2023-09-30 14:46:46,011 INFO    MainThread:10686 [wandb_setup.py:_flush():76] Loading settings from /Users/leo/Programming/PLR/wandb/settings
2023-09-30 14:46:46,011 INFO    MainThread:10686 [wandb_setup.py:_flush():76] Loading settings from environment variables: {}
2023-09-30 14:46:46,011 INFO    MainThread:10686 [wandb_setup.py:_flush():76] Applying setup settings: {'_disable_service': False}
2023-09-30 14:46:46,011 INFO    MainThread:10686 [wandb_setup.py:_flush():76] Inferring run settings from compute environment: {'program_relpath': 'Leo/gen_algo_opt_folder/genetic_algorithm.py', 'program': '/Users/leo/Programming/PLR/Leo/gen_algo_opt_folder/genetic_algorithm.py'}
2023-09-30 14:46:46,011 INFO    MainThread:10686 [wandb_init.py:_log_setup():524] Logging user logs to /Users/leo/Programming/PLR/wandb/run-20230930_144646-n2fcyep9/logs/debug.log
2023-09-30 14:46:46,011 INFO    MainThread:10686 [wandb_init.py:_log_setup():525] Logging internal logs to /Users/leo/Programming/PLR/wandb/run-20230930_144646-n2fcyep9/logs/debug-internal.log
2023-09-30 14:46:46,011 INFO    MainThread:10686 [wandb_init.py:init():564] calling init triggers
2023-09-30 14:46:46,011 INFO    MainThread:10686 [wandb_init.py:init():571] wandb.init called with sweep_config: {}
config: {}
2023-09-30 14:46:46,011 INFO    MainThread:10686 [wandb_init.py:init():614] starting backend
2023-09-30 14:46:46,011 INFO    MainThread:10686 [wandb_init.py:init():618] setting up manager
2023-09-30 14:46:46,013 INFO    MainThread:10686 [backend.py:_multiprocessing_setup():105] multiprocessing start_methods=spawn,fork,forkserver, using: spawn
2023-09-30 14:46:46,014 INFO    MainThread:10686 [wandb_init.py:init():624] backend started and connected
2023-09-30 14:46:46,020 INFO    MainThread:10686 [wandb_init.py:init():715] updated telemetry
2023-09-30 14:46:46,040 INFO    MainThread:10686 [wandb_init.py:init():748] communicating run to backend with 90.0 second timeout
2023-09-30 14:46:46,484 INFO    MainThread:10686 [wandb_run.py:_on_init():2220] communicating current version
2023-09-30 14:46:46,539 INFO    MainThread:10686 [wandb_run.py:_on_init():2229] got version response upgrade_message: "wandb version 0.15.11 is available!  To upgrade, please run:\n $ pip install wandb --upgrade"

2023-09-30 14:46:46,539 INFO    MainThread:10686 [wandb_init.py:init():799] starting run threads in backend
2023-09-30 14:46:46,572 INFO    MainThread:10686 [wandb_run.py:_console_start():2199] atexit reg
2023-09-30 14:46:46,572 INFO    MainThread:10686 [wandb_run.py:_redirect():2054] redirect: wrap_raw
2023-09-30 14:46:46,572 INFO    MainThread:10686 [wandb_run.py:_redirect():2119] Wrapping output streams.
2023-09-30 14:46:46,572 INFO    MainThread:10686 [wandb_run.py:_redirect():2144] Redirects installed.
2023-09-30 14:46:46,573 INFO    MainThread:10686 [wandb_init.py:init():840] run started, returning control to user process
