2023-09-30 14:46:46,015 INFO    StreamThr :10701 [internal.py:wandb_internal():86] W&B internal server running at pid: 10701, started at: 2023-09-30 14:46:46.014336
2023-09-30 14:46:46,016 DEBUG   HandlerThread:10701 [handler.py:handle_request():144] handle_request: status
2023-09-30 14:46:46,021 INFO    WriterThread:10701 [datastore.py:open_for_write():85] open: /Users/leo/Programming/PLR/wandb/run-20230930_144646-n2fcyep9/run-n2fcyep9.wandb
2023-09-30 14:46:46,021 DEBUG   SenderThread:10701 [sender.py:send():379] send: header
2023-09-30 14:46:46,040 DEBUG   SenderThread:10701 [sender.py:send():379] send: run
2023-09-30 14:46:46,473 INFO    SenderThread:10701 [dir_watcher.py:__init__():211] watching files in: /Users/leo/Programming/PLR/wandb/run-20230930_144646-n2fcyep9/files
2023-09-30 14:46:46,473 INFO    SenderThread:10701 [sender.py:_start_run_threads():1121] run started: n2fcyep9 with start time 1696081606.01464
2023-09-30 14:46:46,484 DEBUG   HandlerThread:10701 [handler.py:handle_request():144] handle_request: check_version
2023-09-30 14:46:46,484 DEBUG   SenderThread:10701 [sender.py:send_request():406] send_request: check_version
2023-09-30 14:46:46,541 DEBUG   HandlerThread:10701 [handler.py:handle_request():144] handle_request: run_start
2023-09-30 14:46:46,547 DEBUG   HandlerThread:10701 [system_info.py:__init__():32] System info init
2023-09-30 14:46:46,547 DEBUG   HandlerThread:10701 [system_info.py:__init__():47] System info init done
2023-09-30 14:46:46,547 INFO    HandlerThread:10701 [system_monitor.py:start():181] Starting system monitor
2023-09-30 14:46:46,547 INFO    SystemMonitor:10701 [system_monitor.py:_start():145] Starting system asset monitoring threads
2023-09-30 14:46:46,548 INFO    HandlerThread:10701 [system_monitor.py:probe():201] Collecting system info
2023-09-30 14:46:46,548 INFO    SystemMonitor:10701 [interfaces.py:start():190] Started cpu monitoring
2023-09-30 14:46:46,549 DEBUG   HandlerThread:10701 [system_info.py:probe():196] Probing system
2023-09-30 14:46:46,549 INFO    SystemMonitor:10701 [interfaces.py:start():190] Started disk monitoring
2023-09-30 14:46:46,550 INFO    SystemMonitor:10701 [interfaces.py:start():190] Started gpuapple monitoring
2023-09-30 14:46:46,551 INFO    SystemMonitor:10701 [interfaces.py:start():190] Started memory monitoring
2023-09-30 14:46:46,552 INFO    SystemMonitor:10701 [interfaces.py:start():190] Started network monitoring
2023-09-30 14:46:46,555 DEBUG   HandlerThread:10701 [system_info.py:_probe_git():181] Probing git
2023-09-30 14:46:46,568 DEBUG   HandlerThread:10701 [system_info.py:_probe_git():189] Probing git done
2023-09-30 14:46:46,568 DEBUG   HandlerThread:10701 [system_info.py:probe():244] Probing system done
2023-09-30 14:46:46,568 DEBUG   HandlerThread:10701 [system_monitor.py:probe():210] {'os': 'macOS-14.0-arm64-arm-64bit', 'python': '3.11.4', 'heartbeatAt': '2023-09-30T13:46:46.549452', 'startedAt': '2023-09-30T13:46:46.007635', 'docker': None, 'cuda': None, 'args': (), 'state': 'running', 'program': '/Users/leo/Programming/PLR/Leo/gen_algo_opt_folder/genetic_algorithm.py', 'codePathLocal': 'Leo/gen_algo_opt_folder/genetic_algorithm.py', 'codePath': 'Leo/gen_algo_opt_folder/genetic_algorithm.py', 'git': {'remote': 'https://github.com/leothesouthafrican/PLR.git', 'commit': '7589be778cebd92f972ede671c501681bad7604d'}, 'email': '38779415+leothesouthafrican@users.noreply.github.com', 'root': '/Users/leo/Programming/PLR', 'host': 'Leos-MacBook-Pro.local', 'username': 'leo', 'executable': '/Users/leo/Programming/PLR/Leo/env/bin/python3', 'cpu_count': 10, 'cpu_count_logical': 10, 'disk': {'/': {'total': 855.9619140625, 'used': 12.108589172363281}}, 'gpuapple': {'type': 'arm', 'vendor': 'Apple'}, 'memory': {'total': 32.0}}
2023-09-30 14:46:46,568 INFO    HandlerThread:10701 [system_monitor.py:probe():211] Finished collecting system info
2023-09-30 14:46:46,568 INFO    HandlerThread:10701 [system_monitor.py:probe():214] Publishing system info
2023-09-30 14:46:46,568 DEBUG   HandlerThread:10701 [system_info.py:_save_pip():52] Saving list of pip packages installed into the current environment
2023-09-30 14:46:46,568 DEBUG   HandlerThread:10701 [system_info.py:_save_pip():68] Saving pip packages done
2023-09-30 14:46:46,568 INFO    HandlerThread:10701 [system_monitor.py:probe():216] Finished publishing system info
2023-09-30 14:46:46,570 DEBUG   SenderThread:10701 [sender.py:send():379] send: files
2023-09-30 14:46:46,570 INFO    SenderThread:10701 [sender.py:_save_file():1375] saving file wandb-metadata.json with policy now
2023-09-30 14:46:46,572 DEBUG   HandlerThread:10701 [handler.py:handle_request():144] handle_request: stop_status
2023-09-30 14:46:46,572 DEBUG   SenderThread:10701 [sender.py:send_request():406] send_request: stop_status
2023-09-30 14:46:46,573 DEBUG   HandlerThread:10701 [handler.py:handle_request():144] handle_request: internal_messages
2023-09-30 14:46:46,785 DEBUG   SenderThread:10701 [sender.py:send():379] send: telemetry
2023-09-30 14:46:47,078 INFO    wandb-upload_0:10701 [upload_job.py:push():131] Uploaded file /var/folders/dt/bgs1hq3d2k3dvhpt3llvs4rw0000gn/T/tmpmwq7g8h5wandb/1ky5uhje-wandb-metadata.json
2023-09-30 14:46:47,482 INFO    Thread-12 :10701 [dir_watcher.py:_on_file_created():271] file/dir created: /Users/leo/Programming/PLR/wandb/run-20230930_144646-n2fcyep9/files/output.log
2023-09-30 14:46:47,482 INFO    Thread-12 :10701 [dir_watcher.py:_on_file_created():271] file/dir created: /Users/leo/Programming/PLR/wandb/run-20230930_144646-n2fcyep9/files/wandb-metadata.json
2023-09-30 14:46:47,482 INFO    Thread-12 :10701 [dir_watcher.py:_on_file_created():271] file/dir created: /Users/leo/Programming/PLR/wandb/run-20230930_144646-n2fcyep9/files/requirements.txt
2023-09-30 14:46:49,488 INFO    Thread-12 :10701 [dir_watcher.py:_on_file_modified():288] file/dir modified: /Users/leo/Programming/PLR/wandb/run-20230930_144646-n2fcyep9/files/output.log
2023-09-30 14:46:51,343 DEBUG   HandlerThread:10701 [handler.py:handle_request():144] handle_request: status_report
2023-09-30 14:46:51,497 INFO    Thread-12 :10701 [dir_watcher.py:_on_file_modified():288] file/dir modified: /Users/leo/Programming/PLR/wandb/run-20230930_144646-n2fcyep9/files/output.log
2023-09-30 14:46:53,516 INFO    Thread-12 :10701 [dir_watcher.py:_on_file_modified():288] file/dir modified: /Users/leo/Programming/PLR/wandb/run-20230930_144646-n2fcyep9/files/output.log
2023-09-30 14:46:55,526 INFO    Thread-12 :10701 [dir_watcher.py:_on_file_modified():288] file/dir modified: /Users/leo/Programming/PLR/wandb/run-20230930_144646-n2fcyep9/files/output.log
2023-09-30 14:46:56,577 DEBUG   HandlerThread:10701 [handler.py:handle_request():144] handle_request: status_report
2023-09-30 14:46:57,538 INFO    Thread-12 :10701 [dir_watcher.py:_on_file_modified():288] file/dir modified: /Users/leo/Programming/PLR/wandb/run-20230930_144646-n2fcyep9/files/output.log
2023-09-30 14:46:59,547 INFO    Thread-12 :10701 [dir_watcher.py:_on_file_modified():288] file/dir modified: /Users/leo/Programming/PLR/wandb/run-20230930_144646-n2fcyep9/files/output.log
2023-09-30 14:47:01,555 INFO    Thread-12 :10701 [dir_watcher.py:_on_file_modified():288] file/dir modified: /Users/leo/Programming/PLR/wandb/run-20230930_144646-n2fcyep9/files/output.log
2023-09-30 14:47:01,577 DEBUG   HandlerThread:10701 [handler.py:handle_request():144] handle_request: stop_status
2023-09-30 14:47:01,577 DEBUG   SenderThread:10701 [sender.py:send_request():406] send_request: stop_status
2023-09-30 14:47:01,578 DEBUG   HandlerThread:10701 [handler.py:handle_request():144] handle_request: internal_messages
2023-09-30 14:47:01,815 DEBUG   HandlerThread:10701 [handler.py:handle_request():144] handle_request: status_report
2023-09-30 14:47:03,565 INFO    Thread-12 :10701 [dir_watcher.py:_on_file_modified():288] file/dir modified: /Users/leo/Programming/PLR/wandb/run-20230930_144646-n2fcyep9/files/output.log
2023-09-30 14:47:05,576 INFO    Thread-12 :10701 [dir_watcher.py:_on_file_modified():288] file/dir modified: /Users/leo/Programming/PLR/wandb/run-20230930_144646-n2fcyep9/files/output.log
2023-09-30 14:47:06,938 DEBUG   HandlerThread:10701 [handler.py:handle_request():144] handle_request: status_report
2023-09-30 14:47:07,586 INFO    Thread-12 :10701 [dir_watcher.py:_on_file_modified():288] file/dir modified: /Users/leo/Programming/PLR/wandb/run-20230930_144646-n2fcyep9/files/output.log
2023-09-30 14:47:09,610 INFO    Thread-12 :10701 [dir_watcher.py:_on_file_modified():288] file/dir modified: /Users/leo/Programming/PLR/wandb/run-20230930_144646-n2fcyep9/files/output.log
2023-09-30 14:47:11,621 INFO    Thread-12 :10701 [dir_watcher.py:_on_file_modified():288] file/dir modified: /Users/leo/Programming/PLR/wandb/run-20230930_144646-n2fcyep9/files/output.log
2023-09-30 14:47:12,050 DEBUG   HandlerThread:10701 [handler.py:handle_request():144] handle_request: status_report
2023-09-30 14:47:13,630 INFO    Thread-12 :10701 [dir_watcher.py:_on_file_modified():288] file/dir modified: /Users/leo/Programming/PLR/wandb/run-20230930_144646-n2fcyep9/files/output.log
2023-09-30 14:47:15,641 INFO    Thread-12 :10701 [dir_watcher.py:_on_file_modified():288] file/dir modified: /Users/leo/Programming/PLR/wandb/run-20230930_144646-n2fcyep9/files/output.log
2023-09-30 14:47:16,622 DEBUG   HandlerThread:10701 [handler.py:handle_request():144] handle_request: stop_status
2023-09-30 14:47:16,627 DEBUG   HandlerThread:10701 [handler.py:handle_request():144] handle_request: internal_messages
2023-09-30 14:47:16,631 DEBUG   SenderThread:10701 [sender.py:send_request():406] send_request: stop_status
2023-09-30 14:47:17,089 DEBUG   HandlerThread:10701 [handler.py:handle_request():144] handle_request: status_report
2023-09-30 14:47:17,647 INFO    Thread-12 :10701 [dir_watcher.py:_on_file_modified():288] file/dir modified: /Users/leo/Programming/PLR/wandb/run-20230930_144646-n2fcyep9/files/output.log
2023-09-30 14:47:17,647 INFO    Thread-12 :10701 [dir_watcher.py:_on_file_modified():288] file/dir modified: /Users/leo/Programming/PLR/wandb/run-20230930_144646-n2fcyep9/files/config.yaml
2023-09-30 14:47:19,663 INFO    Thread-12 :10701 [dir_watcher.py:_on_file_modified():288] file/dir modified: /Users/leo/Programming/PLR/wandb/run-20230930_144646-n2fcyep9/files/output.log
2023-09-30 14:47:21,673 INFO    Thread-12 :10701 [dir_watcher.py:_on_file_modified():288] file/dir modified: /Users/leo/Programming/PLR/wandb/run-20230930_144646-n2fcyep9/files/output.log
2023-09-30 14:47:22,641 DEBUG   HandlerThread:10701 [handler.py:handle_request():144] handle_request: status_report
2023-09-30 14:47:23,687 INFO    Thread-12 :10701 [dir_watcher.py:_on_file_modified():288] file/dir modified: /Users/leo/Programming/PLR/wandb/run-20230930_144646-n2fcyep9/files/output.log
2023-09-30 14:47:25,702 INFO    Thread-12 :10701 [dir_watcher.py:_on_file_modified():288] file/dir modified: /Users/leo/Programming/PLR/wandb/run-20230930_144646-n2fcyep9/files/output.log
2023-09-30 14:47:27,709 INFO    Thread-12 :10701 [dir_watcher.py:_on_file_modified():288] file/dir modified: /Users/leo/Programming/PLR/wandb/run-20230930_144646-n2fcyep9/files/output.log
2023-09-30 14:47:27,981 DEBUG   HandlerThread:10701 [handler.py:handle_request():144] handle_request: status_report
2023-09-30 14:47:29,716 INFO    Thread-12 :10701 [dir_watcher.py:_on_file_modified():288] file/dir modified: /Users/leo/Programming/PLR/wandb/run-20230930_144646-n2fcyep9/files/output.log
2023-09-30 14:47:31,606 DEBUG   HandlerThread:10701 [handler.py:handle_request():144] handle_request: stop_status
2023-09-30 14:47:31,606 DEBUG   SenderThread:10701 [sender.py:send_request():406] send_request: stop_status
2023-09-30 14:47:31,619 DEBUG   HandlerThread:10701 [handler.py:handle_request():144] handle_request: internal_messages
2023-09-30 14:47:31,729 INFO    Thread-12 :10701 [dir_watcher.py:_on_file_modified():288] file/dir modified: /Users/leo/Programming/PLR/wandb/run-20230930_144646-n2fcyep9/files/output.log
2023-09-30 14:47:33,193 DEBUG   HandlerThread:10701 [handler.py:handle_request():144] handle_request: status_report
2023-09-30 14:47:33,715 DEBUG   HandlerThread:10701 [handler.py:handle_request():144] handle_request: partial_history
2023-09-30 14:47:33,718 DEBUG   SenderThread:10701 [sender.py:send():379] send: history
2023-09-30 14:47:33,718 DEBUG   SenderThread:10701 [sender.py:send_request():406] send_request: summary_record
2023-09-30 14:47:33,719 INFO    SenderThread:10701 [sender.py:_save_file():1375] saving file wandb-summary.json with policy end
2023-09-30 14:47:33,732 INFO    Thread-12 :10701 [dir_watcher.py:_on_file_modified():288] file/dir modified: /Users/leo/Programming/PLR/wandb/run-20230930_144646-n2fcyep9/files/output.log
2023-09-30 14:47:33,733 INFO    Thread-12 :10701 [dir_watcher.py:_on_file_created():271] file/dir created: /Users/leo/Programming/PLR/wandb/run-20230930_144646-n2fcyep9/files/wandb-summary.json
2023-09-30 14:47:35,739 INFO    Thread-12 :10701 [dir_watcher.py:_on_file_modified():288] file/dir modified: /Users/leo/Programming/PLR/wandb/run-20230930_144646-n2fcyep9/files/output.log
2023-09-30 14:47:37,747 INFO    Thread-12 :10701 [dir_watcher.py:_on_file_modified():288] file/dir modified: /Users/leo/Programming/PLR/wandb/run-20230930_144646-n2fcyep9/files/output.log
2023-09-30 14:47:38,741 DEBUG   HandlerThread:10701 [handler.py:handle_request():144] handle_request: status_report
2023-09-30 14:47:39,754 INFO    Thread-12 :10701 [dir_watcher.py:_on_file_modified():288] file/dir modified: /Users/leo/Programming/PLR/wandb/run-20230930_144646-n2fcyep9/files/output.log
2023-09-30 14:47:41,762 INFO    Thread-12 :10701 [dir_watcher.py:_on_file_modified():288] file/dir modified: /Users/leo/Programming/PLR/wandb/run-20230930_144646-n2fcyep9/files/output.log
2023-09-30 14:47:43,771 INFO    Thread-12 :10701 [dir_watcher.py:_on_file_modified():288] file/dir modified: /Users/leo/Programming/PLR/wandb/run-20230930_144646-n2fcyep9/files/output.log
2023-09-30 14:47:44,200 DEBUG   HandlerThread:10701 [handler.py:handle_request():144] handle_request: status_report
2023-09-30 14:47:45,781 INFO    Thread-12 :10701 [dir_watcher.py:_on_file_modified():288] file/dir modified: /Users/leo/Programming/PLR/wandb/run-20230930_144646-n2fcyep9/files/output.log
2023-09-30 14:47:46,558 DEBUG   SystemMonitor:10701 [system_monitor.py:_start():159] Starting system metrics aggregation loop
2023-09-30 14:47:46,561 DEBUG   SenderThread:10701 [sender.py:send():379] send: telemetry
2023-09-30 14:47:46,561 DEBUG   SenderThread:10701 [sender.py:send():379] send: stats
2023-09-30 14:47:46,612 DEBUG   HandlerThread:10701 [handler.py:handle_request():144] handle_request: stop_status
2023-09-30 14:47:46,614 DEBUG   SenderThread:10701 [sender.py:send_request():406] send_request: stop_status
2023-09-30 14:47:46,628 DEBUG   HandlerThread:10701 [handler.py:handle_request():144] handle_request: internal_messages
2023-09-30 14:47:47,787 INFO    Thread-12 :10701 [dir_watcher.py:_on_file_modified():288] file/dir modified: /Users/leo/Programming/PLR/wandb/run-20230930_144646-n2fcyep9/files/output.log
2023-09-30 14:47:49,406 DEBUG   HandlerThread:10701 [handler.py:handle_request():144] handle_request: status_report
2023-09-30 14:47:49,798 INFO    Thread-12 :10701 [dir_watcher.py:_on_file_modified():288] file/dir modified: /Users/leo/Programming/PLR/wandb/run-20230930_144646-n2fcyep9/files/output.log
2023-09-30 14:47:49,798 INFO    Thread-12 :10701 [dir_watcher.py:_on_file_modified():288] file/dir modified: /Users/leo/Programming/PLR/wandb/run-20230930_144646-n2fcyep9/files/config.yaml
2023-09-30 14:47:51,804 INFO    Thread-12 :10701 [dir_watcher.py:_on_file_modified():288] file/dir modified: /Users/leo/Programming/PLR/wandb/run-20230930_144646-n2fcyep9/files/output.log
2023-09-30 14:47:53,814 INFO    Thread-12 :10701 [dir_watcher.py:_on_file_modified():288] file/dir modified: /Users/leo/Programming/PLR/wandb/run-20230930_144646-n2fcyep9/files/output.log
2023-09-30 14:47:55,025 DEBUG   HandlerThread:10701 [handler.py:handle_request():144] handle_request: status_report
2023-09-30 14:47:55,824 INFO    Thread-12 :10701 [dir_watcher.py:_on_file_modified():288] file/dir modified: /Users/leo/Programming/PLR/wandb/run-20230930_144646-n2fcyep9/files/output.log
2023-09-30 14:47:57,838 INFO    Thread-12 :10701 [dir_watcher.py:_on_file_modified():288] file/dir modified: /Users/leo/Programming/PLR/wandb/run-20230930_144646-n2fcyep9/files/output.log
2023-09-30 14:47:59,848 INFO    Thread-12 :10701 [dir_watcher.py:_on_file_modified():288] file/dir modified: /Users/leo/Programming/PLR/wandb/run-20230930_144646-n2fcyep9/files/output.log
2023-09-30 14:48:00,041 DEBUG   HandlerThread:10701 [handler.py:handle_request():144] handle_request: status_report
2023-09-30 14:48:01,614 DEBUG   HandlerThread:10701 [handler.py:handle_request():144] handle_request: stop_status
2023-09-30 14:48:01,615 DEBUG   SenderThread:10701 [sender.py:send_request():406] send_request: stop_status
2023-09-30 14:48:01,627 DEBUG   HandlerThread:10701 [handler.py:handle_request():144] handle_request: internal_messages
2023-09-30 14:48:01,859 INFO    Thread-12 :10701 [dir_watcher.py:_on_file_modified():288] file/dir modified: /Users/leo/Programming/PLR/wandb/run-20230930_144646-n2fcyep9/files/output.log
2023-09-30 14:48:03,869 INFO    Thread-12 :10701 [dir_watcher.py:_on_file_modified():288] file/dir modified: /Users/leo/Programming/PLR/wandb/run-20230930_144646-n2fcyep9/files/output.log
2023-09-30 14:48:05,190 DEBUG   HandlerThread:10701 [handler.py:handle_request():144] handle_request: status_report
2023-09-30 14:48:05,875 INFO    Thread-12 :10701 [dir_watcher.py:_on_file_modified():288] file/dir modified: /Users/leo/Programming/PLR/wandb/run-20230930_144646-n2fcyep9/files/output.log
2023-09-30 14:48:07,886 INFO    Thread-12 :10701 [dir_watcher.py:_on_file_modified():288] file/dir modified: /Users/leo/Programming/PLR/wandb/run-20230930_144646-n2fcyep9/files/output.log
2023-09-30 14:48:09,925 INFO    Thread-12 :10701 [dir_watcher.py:_on_file_modified():288] file/dir modified: /Users/leo/Programming/PLR/wandb/run-20230930_144646-n2fcyep9/files/output.log
2023-09-30 14:48:10,427 DEBUG   HandlerThread:10701 [handler.py:handle_request():144] handle_request: status_report
2023-09-30 14:48:11,918 INFO    Thread-12 :10701 [dir_watcher.py:_on_file_modified():288] file/dir modified: /Users/leo/Programming/PLR/wandb/run-20230930_144646-n2fcyep9/files/output.log
2023-09-30 14:48:13,929 INFO    Thread-12 :10701 [dir_watcher.py:_on_file_modified():288] file/dir modified: /Users/leo/Programming/PLR/wandb/run-20230930_144646-n2fcyep9/files/output.log
2023-09-30 14:48:15,570 DEBUG   HandlerThread:10701 [handler.py:handle_request():144] handle_request: status_report
2023-09-30 14:48:15,933 INFO    Thread-12 :10701 [dir_watcher.py:_on_file_modified():288] file/dir modified: /Users/leo/Programming/PLR/wandb/run-20230930_144646-n2fcyep9/files/output.log
2023-09-30 14:48:16,565 DEBUG   SenderThread:10701 [sender.py:send():379] send: stats
2023-09-30 14:48:16,619 DEBUG   HandlerThread:10701 [handler.py:handle_request():144] handle_request: stop_status
2023-09-30 14:48:16,619 DEBUG   SenderThread:10701 [sender.py:send_request():406] send_request: stop_status
2023-09-30 14:48:16,628 DEBUG   HandlerThread:10701 [handler.py:handle_request():144] handle_request: internal_messages
2023-09-30 14:48:17,964 INFO    Thread-12 :10701 [dir_watcher.py:_on_file_modified():288] file/dir modified: /Users/leo/Programming/PLR/wandb/run-20230930_144646-n2fcyep9/files/output.log
2023-09-30 14:48:19,993 INFO    Thread-12 :10701 [dir_watcher.py:_on_file_modified():288] file/dir modified: /Users/leo/Programming/PLR/wandb/run-20230930_144646-n2fcyep9/files/output.log
2023-09-30 14:48:20,538 DEBUG   HandlerThread:10701 [handler.py:handle_request():144] handle_request: partial_history
2023-09-30 14:48:20,547 DEBUG   SenderThread:10701 [sender.py:send():379] send: history
2023-09-30 14:48:20,547 DEBUG   SenderThread:10701 [sender.py:send_request():406] send_request: summary_record
2023-09-30 14:48:20,547 INFO    SenderThread:10701 [sender.py:_save_file():1375] saving file wandb-summary.json with policy end
2023-09-30 14:48:20,983 INFO    Thread-12 :10701 [dir_watcher.py:_on_file_modified():288] file/dir modified: /Users/leo/Programming/PLR/wandb/run-20230930_144646-n2fcyep9/files/wandb-summary.json
2023-09-30 14:48:21,015 DEBUG   HandlerThread:10701 [handler.py:handle_request():144] handle_request: status_report
2023-09-30 14:48:22,005 INFO    Thread-12 :10701 [dir_watcher.py:_on_file_modified():288] file/dir modified: /Users/leo/Programming/PLR/wandb/run-20230930_144646-n2fcyep9/files/output.log
2023-09-30 14:48:23,999 INFO    Thread-12 :10701 [dir_watcher.py:_on_file_modified():288] file/dir modified: /Users/leo/Programming/PLR/wandb/run-20230930_144646-n2fcyep9/files/output.log
2023-09-30 14:48:26,011 INFO    Thread-12 :10701 [dir_watcher.py:_on_file_modified():288] file/dir modified: /Users/leo/Programming/PLR/wandb/run-20230930_144646-n2fcyep9/files/output.log
2023-09-30 14:48:26,376 DEBUG   HandlerThread:10701 [handler.py:handle_request():144] handle_request: status_report
2023-09-30 14:48:28,019 INFO    Thread-12 :10701 [dir_watcher.py:_on_file_modified():288] file/dir modified: /Users/leo/Programming/PLR/wandb/run-20230930_144646-n2fcyep9/files/output.log
2023-09-30 14:48:30,029 INFO    Thread-12 :10701 [dir_watcher.py:_on_file_modified():288] file/dir modified: /Users/leo/Programming/PLR/wandb/run-20230930_144646-n2fcyep9/files/output.log
2023-09-30 14:48:31,623 DEBUG   HandlerThread:10701 [handler.py:handle_request():144] handle_request: stop_status
2023-09-30 14:48:31,624 DEBUG   SenderThread:10701 [sender.py:send_request():406] send_request: stop_status
2023-09-30 14:48:31,633 DEBUG   HandlerThread:10701 [handler.py:handle_request():144] handle_request: internal_messages
2023-09-30 14:48:31,857 DEBUG   HandlerThread:10701 [handler.py:handle_request():144] handle_request: status_report
2023-09-30 14:48:32,032 INFO    Thread-12 :10701 [dir_watcher.py:_on_file_modified():288] file/dir modified: /Users/leo/Programming/PLR/wandb/run-20230930_144646-n2fcyep9/files/output.log
2023-09-30 14:48:34,040 INFO    Thread-12 :10701 [dir_watcher.py:_on_file_modified():288] file/dir modified: /Users/leo/Programming/PLR/wandb/run-20230930_144646-n2fcyep9/files/output.log
2023-09-30 14:48:36,050 INFO    Thread-12 :10701 [dir_watcher.py:_on_file_modified():288] file/dir modified: /Users/leo/Programming/PLR/wandb/run-20230930_144646-n2fcyep9/files/output.log
2023-09-30 14:48:36,989 DEBUG   HandlerThread:10701 [handler.py:handle_request():144] handle_request: status_report
2023-09-30 14:48:38,061 INFO    Thread-12 :10701 [dir_watcher.py:_on_file_modified():288] file/dir modified: /Users/leo/Programming/PLR/wandb/run-20230930_144646-n2fcyep9/files/output.log
2023-09-30 14:48:40,071 INFO    Thread-12 :10701 [dir_watcher.py:_on_file_modified():288] file/dir modified: /Users/leo/Programming/PLR/wandb/run-20230930_144646-n2fcyep9/files/output.log
2023-09-30 14:48:42,088 DEBUG   HandlerThread:10701 [handler.py:handle_request():144] handle_request: status_report
2023-09-30 14:48:42,094 INFO    Thread-12 :10701 [dir_watcher.py:_on_file_modified():288] file/dir modified: /Users/leo/Programming/PLR/wandb/run-20230930_144646-n2fcyep9/files/output.log
2023-09-30 14:48:44,098 INFO    Thread-12 :10701 [dir_watcher.py:_on_file_modified():288] file/dir modified: /Users/leo/Programming/PLR/wandb/run-20230930_144646-n2fcyep9/files/output.log
2023-09-30 14:48:46,102 INFO    Thread-12 :10701 [dir_watcher.py:_on_file_modified():288] file/dir modified: /Users/leo/Programming/PLR/wandb/run-20230930_144646-n2fcyep9/files/output.log
2023-09-30 14:48:46,571 DEBUG   SenderThread:10701 [sender.py:send():379] send: stats
2023-09-30 14:48:46,629 DEBUG   HandlerThread:10701 [handler.py:handle_request():144] handle_request: stop_status
2023-09-30 14:48:46,630 DEBUG   SenderThread:10701 [sender.py:send_request():406] send_request: stop_status
2023-09-30 14:48:46,634 DEBUG   HandlerThread:10701 [handler.py:handle_request():144] handle_request: internal_messages
2023-09-30 14:48:47,501 DEBUG   HandlerThread:10701 [handler.py:handle_request():144] handle_request: status_report
2023-09-30 14:48:48,109 INFO    Thread-12 :10701 [dir_watcher.py:_on_file_modified():288] file/dir modified: /Users/leo/Programming/PLR/wandb/run-20230930_144646-n2fcyep9/files/output.log
2023-09-30 14:48:50,130 INFO    Thread-12 :10701 [dir_watcher.py:_on_file_modified():288] file/dir modified: /Users/leo/Programming/PLR/wandb/run-20230930_144646-n2fcyep9/files/output.log
2023-09-30 14:48:52,135 INFO    Thread-12 :10701 [dir_watcher.py:_on_file_modified():288] file/dir modified: /Users/leo/Programming/PLR/wandb/run-20230930_144646-n2fcyep9/files/output.log
2023-09-30 14:48:52,534 DEBUG   HandlerThread:10701 [handler.py:handle_request():144] handle_request: status_report
2023-09-30 14:48:54,144 INFO    Thread-12 :10701 [dir_watcher.py:_on_file_modified():288] file/dir modified: /Users/leo/Programming/PLR/wandb/run-20230930_144646-n2fcyep9/files/output.log
2023-09-30 14:48:56,149 INFO    Thread-12 :10701 [dir_watcher.py:_on_file_modified():288] file/dir modified: /Users/leo/Programming/PLR/wandb/run-20230930_144646-n2fcyep9/files/output.log
2023-09-30 14:48:57,903 DEBUG   HandlerThread:10701 [handler.py:handle_request():144] handle_request: status_report
2023-09-30 14:48:58,157 INFO    Thread-12 :10701 [dir_watcher.py:_on_file_modified():288] file/dir modified: /Users/leo/Programming/PLR/wandb/run-20230930_144646-n2fcyep9/files/output.log
2023-09-30 14:49:00,165 INFO    Thread-12 :10701 [dir_watcher.py:_on_file_modified():288] file/dir modified: /Users/leo/Programming/PLR/wandb/run-20230930_144646-n2fcyep9/files/output.log
2023-09-30 14:49:01,635 DEBUG   HandlerThread:10701 [handler.py:handle_request():144] handle_request: stop_status
2023-09-30 14:49:01,636 DEBUG   SenderThread:10701 [sender.py:send_request():406] send_request: stop_status
2023-09-30 14:49:01,639 DEBUG   HandlerThread:10701 [handler.py:handle_request():144] handle_request: internal_messages
2023-09-30 14:49:02,169 INFO    Thread-12 :10701 [dir_watcher.py:_on_file_modified():288] file/dir modified: /Users/leo/Programming/PLR/wandb/run-20230930_144646-n2fcyep9/files/output.log
2023-09-30 14:49:03,369 DEBUG   HandlerThread:10701 [handler.py:handle_request():144] handle_request: status_report
2023-09-30 14:49:04,176 INFO    Thread-12 :10701 [dir_watcher.py:_on_file_modified():288] file/dir modified: /Users/leo/Programming/PLR/wandb/run-20230930_144646-n2fcyep9/files/output.log
2023-09-30 14:49:06,199 INFO    Thread-12 :10701 [dir_watcher.py:_on_file_modified():288] file/dir modified: /Users/leo/Programming/PLR/wandb/run-20230930_144646-n2fcyep9/files/output.log
2023-09-30 14:49:08,204 INFO    Thread-12 :10701 [dir_watcher.py:_on_file_modified():288] file/dir modified: /Users/leo/Programming/PLR/wandb/run-20230930_144646-n2fcyep9/files/output.log
2023-09-30 14:49:08,832 DEBUG   HandlerThread:10701 [handler.py:handle_request():144] handle_request: status_report
2023-09-30 14:49:08,840 DEBUG   HandlerThread:10701 [handler.py:handle_request():144] handle_request: partial_history
2023-09-30 14:49:08,843 DEBUG   SenderThread:10701 [sender.py:send():379] send: history
2023-09-30 14:49:08,843 DEBUG   SenderThread:10701 [sender.py:send_request():406] send_request: summary_record
2023-09-30 14:49:08,843 INFO    SenderThread:10701 [sender.py:_save_file():1375] saving file wandb-summary.json with policy end
2023-09-30 14:49:09,218 INFO    Thread-12 :10701 [dir_watcher.py:_on_file_modified():288] file/dir modified: /Users/leo/Programming/PLR/wandb/run-20230930_144646-n2fcyep9/files/wandb-summary.json
2023-09-30 14:49:10,216 INFO    Thread-12 :10701 [dir_watcher.py:_on_file_modified():288] file/dir modified: /Users/leo/Programming/PLR/wandb/run-20230930_144646-n2fcyep9/files/output.log
2023-09-30 14:49:11,228 INFO    Thread-12 :10701 [dir_watcher.py:_on_file_modified():288] file/dir modified: /Users/leo/Programming/PLR/wandb/run-20230930_144646-n2fcyep9/files/output.log
2023-09-30 14:49:12,233 INFO    Thread-12 :10701 [dir_watcher.py:_on_file_modified():288] file/dir modified: /Users/leo/Programming/PLR/wandb/run-20230930_144646-n2fcyep9/files/output.log
2023-09-30 14:49:13,237 INFO    Thread-12 :10701 [dir_watcher.py:_on_file_modified():288] file/dir modified: /Users/leo/Programming/PLR/wandb/run-20230930_144646-n2fcyep9/files/output.log
2023-09-30 14:49:14,110 DEBUG   HandlerThread:10701 [handler.py:handle_request():144] handle_request: status_report
2023-09-30 14:49:14,238 INFO    Thread-12 :10701 [dir_watcher.py:_on_file_modified():288] file/dir modified: /Users/leo/Programming/PLR/wandb/run-20230930_144646-n2fcyep9/files/output.log
2023-09-30 14:49:15,246 INFO    Thread-12 :10701 [dir_watcher.py:_on_file_modified():288] file/dir modified: /Users/leo/Programming/PLR/wandb/run-20230930_144646-n2fcyep9/files/output.log
2023-09-30 14:49:16,248 INFO    Thread-12 :10701 [dir_watcher.py:_on_file_modified():288] file/dir modified: /Users/leo/Programming/PLR/wandb/run-20230930_144646-n2fcyep9/files/output.log
2023-09-30 14:49:16,586 DEBUG   SenderThread:10701 [sender.py:send():379] send: stats
2023-09-30 14:49:16,639 DEBUG   HandlerThread:10701 [handler.py:handle_request():144] handle_request: stop_status
2023-09-30 14:49:16,639 DEBUG   SenderThread:10701 [sender.py:send_request():406] send_request: stop_status
2023-09-30 14:49:16,642 DEBUG   HandlerThread:10701 [handler.py:handle_request():144] handle_request: internal_messages
2023-09-30 14:49:17,252 INFO    Thread-12 :10701 [dir_watcher.py:_on_file_modified():288] file/dir modified: /Users/leo/Programming/PLR/wandb/run-20230930_144646-n2fcyep9/files/output.log
2023-09-30 14:49:18,258 INFO    Thread-12 :10701 [dir_watcher.py:_on_file_modified():288] file/dir modified: /Users/leo/Programming/PLR/wandb/run-20230930_144646-n2fcyep9/files/output.log
2023-09-30 14:49:19,263 INFO    Thread-12 :10701 [dir_watcher.py:_on_file_modified():288] file/dir modified: /Users/leo/Programming/PLR/wandb/run-20230930_144646-n2fcyep9/files/output.log
2023-09-30 14:49:19,340 DEBUG   HandlerThread:10701 [handler.py:handle_request():144] handle_request: status_report
2023-09-30 14:49:20,287 INFO    Thread-12 :10701 [dir_watcher.py:_on_file_modified():288] file/dir modified: /Users/leo/Programming/PLR/wandb/run-20230930_144646-n2fcyep9/files/output.log
2023-09-30 14:49:21,281 INFO    Thread-12 :10701 [dir_watcher.py:_on_file_modified():288] file/dir modified: /Users/leo/Programming/PLR/wandb/run-20230930_144646-n2fcyep9/files/output.log
2023-09-30 14:49:22,286 INFO    Thread-12 :10701 [dir_watcher.py:_on_file_modified():288] file/dir modified: /Users/leo/Programming/PLR/wandb/run-20230930_144646-n2fcyep9/files/output.log
2023-09-30 14:49:23,290 INFO    Thread-12 :10701 [dir_watcher.py:_on_file_modified():288] file/dir modified: /Users/leo/Programming/PLR/wandb/run-20230930_144646-n2fcyep9/files/output.log
2023-09-30 14:49:24,294 INFO    Thread-12 :10701 [dir_watcher.py:_on_file_modified():288] file/dir modified: /Users/leo/Programming/PLR/wandb/run-20230930_144646-n2fcyep9/files/output.log
2023-09-30 14:49:24,676 DEBUG   HandlerThread:10701 [handler.py:handle_request():144] handle_request: status_report
2023-09-30 14:49:25,303 INFO    Thread-12 :10701 [dir_watcher.py:_on_file_modified():288] file/dir modified: /Users/leo/Programming/PLR/wandb/run-20230930_144646-n2fcyep9/files/output.log
2023-09-30 14:49:26,312 INFO    Thread-12 :10701 [dir_watcher.py:_on_file_modified():288] file/dir modified: /Users/leo/Programming/PLR/wandb/run-20230930_144646-n2fcyep9/files/output.log
2023-09-30 14:49:27,307 INFO    Thread-12 :10701 [dir_watcher.py:_on_file_modified():288] file/dir modified: /Users/leo/Programming/PLR/wandb/run-20230930_144646-n2fcyep9/files/output.log
2023-09-30 14:49:28,313 INFO    Thread-12 :10701 [dir_watcher.py:_on_file_modified():288] file/dir modified: /Users/leo/Programming/PLR/wandb/run-20230930_144646-n2fcyep9/files/output.log
2023-09-30 14:49:29,318 INFO    Thread-12 :10701 [dir_watcher.py:_on_file_modified():288] file/dir modified: /Users/leo/Programming/PLR/wandb/run-20230930_144646-n2fcyep9/files/output.log
2023-09-30 14:49:29,790 DEBUG   HandlerThread:10701 [handler.py:handle_request():144] handle_request: status_report
2023-09-30 14:49:30,324 INFO    Thread-12 :10701 [dir_watcher.py:_on_file_modified():288] file/dir modified: /Users/leo/Programming/PLR/wandb/run-20230930_144646-n2fcyep9/files/output.log
2023-09-30 14:49:31,327 INFO    Thread-12 :10701 [dir_watcher.py:_on_file_modified():288] file/dir modified: /Users/leo/Programming/PLR/wandb/run-20230930_144646-n2fcyep9/files/output.log
2023-09-30 14:49:31,642 DEBUG   HandlerThread:10701 [handler.py:handle_request():144] handle_request: stop_status
2023-09-30 14:49:31,642 DEBUG   SenderThread:10701 [sender.py:send_request():406] send_request: stop_status
2023-09-30 14:49:31,644 DEBUG   HandlerThread:10701 [handler.py:handle_request():144] handle_request: internal_messages
2023-09-30 14:49:32,333 INFO    Thread-12 :10701 [dir_watcher.py:_on_file_modified():288] file/dir modified: /Users/leo/Programming/PLR/wandb/run-20230930_144646-n2fcyep9/files/output.log
2023-09-30 14:49:33,335 INFO    Thread-12 :10701 [dir_watcher.py:_on_file_modified():288] file/dir modified: /Users/leo/Programming/PLR/wandb/run-20230930_144646-n2fcyep9/files/output.log
2023-09-30 14:49:34,340 INFO    Thread-12 :10701 [dir_watcher.py:_on_file_modified():288] file/dir modified: /Users/leo/Programming/PLR/wandb/run-20230930_144646-n2fcyep9/files/output.log
2023-09-30 14:49:35,063 DEBUG   HandlerThread:10701 [handler.py:handle_request():144] handle_request: status_report
2023-09-30 14:49:35,345 INFO    Thread-12 :10701 [dir_watcher.py:_on_file_modified():288] file/dir modified: /Users/leo/Programming/PLR/wandb/run-20230930_144646-n2fcyep9/files/output.log
2023-09-30 14:49:36,350 INFO    Thread-12 :10701 [dir_watcher.py:_on_file_modified():288] file/dir modified: /Users/leo/Programming/PLR/wandb/run-20230930_144646-n2fcyep9/files/output.log
2023-09-30 14:49:37,356 INFO    Thread-12 :10701 [dir_watcher.py:_on_file_modified():288] file/dir modified: /Users/leo/Programming/PLR/wandb/run-20230930_144646-n2fcyep9/files/output.log
2023-09-30 14:49:38,362 INFO    Thread-12 :10701 [dir_watcher.py:_on_file_modified():288] file/dir modified: /Users/leo/Programming/PLR/wandb/run-20230930_144646-n2fcyep9/files/output.log
2023-09-30 14:49:39,380 INFO    Thread-12 :10701 [dir_watcher.py:_on_file_modified():288] file/dir modified: /Users/leo/Programming/PLR/wandb/run-20230930_144646-n2fcyep9/files/output.log
2023-09-30 14:49:40,313 DEBUG   HandlerThread:10701 [handler.py:handle_request():144] handle_request: status_report
2023-09-30 14:49:40,384 INFO    Thread-12 :10701 [dir_watcher.py:_on_file_modified():288] file/dir modified: /Users/leo/Programming/PLR/wandb/run-20230930_144646-n2fcyep9/files/output.log
2023-09-30 14:49:41,389 INFO    Thread-12 :10701 [dir_watcher.py:_on_file_modified():288] file/dir modified: /Users/leo/Programming/PLR/wandb/run-20230930_144646-n2fcyep9/files/output.log
2023-09-30 14:49:42,390 INFO    Thread-12 :10701 [dir_watcher.py:_on_file_modified():288] file/dir modified: /Users/leo/Programming/PLR/wandb/run-20230930_144646-n2fcyep9/files/output.log
2023-09-30 14:49:43,400 INFO    Thread-12 :10701 [dir_watcher.py:_on_file_modified():288] file/dir modified: /Users/leo/Programming/PLR/wandb/run-20230930_144646-n2fcyep9/files/output.log
2023-09-30 14:49:44,404 INFO    Thread-12 :10701 [dir_watcher.py:_on_file_modified():288] file/dir modified: /Users/leo/Programming/PLR/wandb/run-20230930_144646-n2fcyep9/files/output.log
2023-09-30 14:49:45,410 INFO    Thread-12 :10701 [dir_watcher.py:_on_file_modified():288] file/dir modified: /Users/leo/Programming/PLR/wandb/run-20230930_144646-n2fcyep9/files/output.log
2023-09-30 14:49:45,765 DEBUG   HandlerThread:10701 [handler.py:handle_request():144] handle_request: status_report
2023-09-30 14:49:46,410 INFO    Thread-12 :10701 [dir_watcher.py:_on_file_modified():288] file/dir modified: /Users/leo/Programming/PLR/wandb/run-20230930_144646-n2fcyep9/files/output.log
2023-09-30 14:49:46,581 DEBUG   SenderThread:10701 [sender.py:send():379] send: stats
2023-09-30 14:49:46,654 DEBUG   HandlerThread:10701 [handler.py:handle_request():144] handle_request: stop_status
2023-09-30 14:49:46,654 DEBUG   HandlerThread:10701 [handler.py:handle_request():144] handle_request: internal_messages
2023-09-30 14:49:46,655 DEBUG   SenderThread:10701 [sender.py:send_request():406] send_request: stop_status
2023-09-30 14:49:47,415 INFO    Thread-12 :10701 [dir_watcher.py:_on_file_modified():288] file/dir modified: /Users/leo/Programming/PLR/wandb/run-20230930_144646-n2fcyep9/files/output.log
2023-09-30 14:49:48,419 INFO    Thread-12 :10701 [dir_watcher.py:_on_file_modified():288] file/dir modified: /Users/leo/Programming/PLR/wandb/run-20230930_144646-n2fcyep9/files/output.log
2023-09-30 14:49:49,427 INFO    Thread-12 :10701 [dir_watcher.py:_on_file_modified():288] file/dir modified: /Users/leo/Programming/PLR/wandb/run-20230930_144646-n2fcyep9/files/output.log
2023-09-30 14:49:50,447 INFO    Thread-12 :10701 [dir_watcher.py:_on_file_modified():288] file/dir modified: /Users/leo/Programming/PLR/wandb/run-20230930_144646-n2fcyep9/files/output.log
2023-09-30 14:49:51,009 DEBUG   HandlerThread:10701 [handler.py:handle_request():144] handle_request: status_report
2023-09-30 14:49:51,457 INFO    Thread-12 :10701 [dir_watcher.py:_on_file_modified():288] file/dir modified: /Users/leo/Programming/PLR/wandb/run-20230930_144646-n2fcyep9/files/output.log
2023-09-30 14:49:52,461 INFO    Thread-12 :10701 [dir_watcher.py:_on_file_modified():288] file/dir modified: /Users/leo/Programming/PLR/wandb/run-20230930_144646-n2fcyep9/files/output.log
2023-09-30 14:49:53,467 INFO    Thread-12 :10701 [dir_watcher.py:_on_file_modified():288] file/dir modified: /Users/leo/Programming/PLR/wandb/run-20230930_144646-n2fcyep9/files/output.log
2023-09-30 14:49:54,470 INFO    Thread-12 :10701 [dir_watcher.py:_on_file_modified():288] file/dir modified: /Users/leo/Programming/PLR/wandb/run-20230930_144646-n2fcyep9/files/output.log
2023-09-30 14:49:55,477 INFO    Thread-12 :10701 [dir_watcher.py:_on_file_modified():288] file/dir modified: /Users/leo/Programming/PLR/wandb/run-20230930_144646-n2fcyep9/files/output.log
2023-09-30 14:49:55,814 DEBUG   HandlerThread:10701 [handler.py:handle_request():144] handle_request: partial_history
2023-09-30 14:49:55,831 DEBUG   SenderThread:10701 [sender.py:send():379] send: history
2023-09-30 14:49:55,831 DEBUG   SenderThread:10701 [sender.py:send_request():406] send_request: summary_record
2023-09-30 14:49:55,832 INFO    SenderThread:10701 [sender.py:_save_file():1375] saving file wandb-summary.json with policy end
2023-09-30 14:49:56,244 DEBUG   HandlerThread:10701 [handler.py:handle_request():144] handle_request: status_report
2023-09-30 14:49:56,481 INFO    Thread-12 :10701 [dir_watcher.py:_on_file_modified():288] file/dir modified: /Users/leo/Programming/PLR/wandb/run-20230930_144646-n2fcyep9/files/output.log
2023-09-30 14:49:56,481 INFO    Thread-12 :10701 [dir_watcher.py:_on_file_modified():288] file/dir modified: /Users/leo/Programming/PLR/wandb/run-20230930_144646-n2fcyep9/files/wandb-summary.json
2023-09-30 14:49:57,486 INFO    Thread-12 :10701 [dir_watcher.py:_on_file_modified():288] file/dir modified: /Users/leo/Programming/PLR/wandb/run-20230930_144646-n2fcyep9/files/output.log
2023-09-30 14:49:58,491 INFO    Thread-12 :10701 [dir_watcher.py:_on_file_modified():288] file/dir modified: /Users/leo/Programming/PLR/wandb/run-20230930_144646-n2fcyep9/files/output.log
2023-09-30 14:49:59,491 INFO    Thread-12 :10701 [dir_watcher.py:_on_file_modified():288] file/dir modified: /Users/leo/Programming/PLR/wandb/run-20230930_144646-n2fcyep9/files/output.log
2023-09-30 14:50:00,497 INFO    Thread-12 :10701 [dir_watcher.py:_on_file_modified():288] file/dir modified: /Users/leo/Programming/PLR/wandb/run-20230930_144646-n2fcyep9/files/output.log
2023-09-30 14:50:01,502 INFO    Thread-12 :10701 [dir_watcher.py:_on_file_modified():288] file/dir modified: /Users/leo/Programming/PLR/wandb/run-20230930_144646-n2fcyep9/files/output.log
2023-09-30 14:50:01,658 DEBUG   HandlerThread:10701 [handler.py:handle_request():144] handle_request: stop_status
2023-09-30 14:50:01,679 DEBUG   HandlerThread:10701 [handler.py:handle_request():144] handle_request: internal_messages
2023-09-30 14:50:01,680 DEBUG   SenderThread:10701 [sender.py:send_request():406] send_request: stop_status
2023-09-30 14:50:01,682 DEBUG   HandlerThread:10701 [handler.py:handle_request():144] handle_request: status_report
2023-09-30 14:50:02,507 INFO    Thread-12 :10701 [dir_watcher.py:_on_file_modified():288] file/dir modified: /Users/leo/Programming/PLR/wandb/run-20230930_144646-n2fcyep9/files/output.log
2023-09-30 14:50:03,546 INFO    Thread-12 :10701 [dir_watcher.py:_on_file_modified():288] file/dir modified: /Users/leo/Programming/PLR/wandb/run-20230930_144646-n2fcyep9/files/output.log
2023-09-30 14:50:04,551 INFO    Thread-12 :10701 [dir_watcher.py:_on_file_modified():288] file/dir modified: /Users/leo/Programming/PLR/wandb/run-20230930_144646-n2fcyep9/files/output.log
2023-09-30 14:50:05,555 INFO    Thread-12 :10701 [dir_watcher.py:_on_file_modified():288] file/dir modified: /Users/leo/Programming/PLR/wandb/run-20230930_144646-n2fcyep9/files/output.log
2023-09-30 14:50:06,562 INFO    Thread-12 :10701 [dir_watcher.py:_on_file_modified():288] file/dir modified: /Users/leo/Programming/PLR/wandb/run-20230930_144646-n2fcyep9/files/output.log
2023-09-30 14:50:07,033 DEBUG   HandlerThread:10701 [handler.py:handle_request():144] handle_request: status_report
2023-09-30 14:50:07,568 INFO    Thread-12 :10701 [dir_watcher.py:_on_file_modified():288] file/dir modified: /Users/leo/Programming/PLR/wandb/run-20230930_144646-n2fcyep9/files/output.log
2023-09-30 14:50:08,574 INFO    Thread-12 :10701 [dir_watcher.py:_on_file_modified():288] file/dir modified: /Users/leo/Programming/PLR/wandb/run-20230930_144646-n2fcyep9/files/output.log
2023-09-30 14:50:09,576 INFO    Thread-12 :10701 [dir_watcher.py:_on_file_modified():288] file/dir modified: /Users/leo/Programming/PLR/wandb/run-20230930_144646-n2fcyep9/files/output.log
2023-09-30 14:50:10,582 INFO    Thread-12 :10701 [dir_watcher.py:_on_file_modified():288] file/dir modified: /Users/leo/Programming/PLR/wandb/run-20230930_144646-n2fcyep9/files/output.log
2023-09-30 14:50:11,586 INFO    Thread-12 :10701 [dir_watcher.py:_on_file_modified():288] file/dir modified: /Users/leo/Programming/PLR/wandb/run-20230930_144646-n2fcyep9/files/output.log
2023-09-30 14:50:12,383 DEBUG   HandlerThread:10701 [handler.py:handle_request():144] handle_request: status_report
2023-09-30 14:50:12,592 INFO    Thread-12 :10701 [dir_watcher.py:_on_file_modified():288] file/dir modified: /Users/leo/Programming/PLR/wandb/run-20230930_144646-n2fcyep9/files/output.log
2023-09-30 14:50:13,597 INFO    Thread-12 :10701 [dir_watcher.py:_on_file_modified():288] file/dir modified: /Users/leo/Programming/PLR/wandb/run-20230930_144646-n2fcyep9/files/output.log
2023-09-30 14:50:14,602 INFO    Thread-12 :10701 [dir_watcher.py:_on_file_modified():288] file/dir modified: /Users/leo/Programming/PLR/wandb/run-20230930_144646-n2fcyep9/files/output.log
2023-09-30 14:50:15,607 INFO    Thread-12 :10701 [dir_watcher.py:_on_file_modified():288] file/dir modified: /Users/leo/Programming/PLR/wandb/run-20230930_144646-n2fcyep9/files/output.log
2023-09-30 14:50:16,582 DEBUG   SenderThread:10701 [sender.py:send():379] send: stats
2023-09-30 14:50:16,612 INFO    Thread-12 :10701 [dir_watcher.py:_on_file_modified():288] file/dir modified: /Users/leo/Programming/PLR/wandb/run-20230930_144646-n2fcyep9/files/output.log
2023-09-30 14:50:16,693 DEBUG   HandlerThread:10701 [handler.py:handle_request():144] handle_request: internal_messages
2023-09-30 14:50:16,704 DEBUG   HandlerThread:10701 [handler.py:handle_request():144] handle_request: stop_status
2023-09-30 14:50:16,707 DEBUG   SenderThread:10701 [sender.py:send_request():406] send_request: stop_status
2023-09-30 14:50:17,615 INFO    Thread-12 :10701 [dir_watcher.py:_on_file_modified():288] file/dir modified: /Users/leo/Programming/PLR/wandb/run-20230930_144646-n2fcyep9/files/output.log
2023-09-30 14:50:17,818 DEBUG   HandlerThread:10701 [handler.py:handle_request():144] handle_request: status_report
2023-09-30 14:50:18,618 INFO    Thread-12 :10701 [dir_watcher.py:_on_file_modified():288] file/dir modified: /Users/leo/Programming/PLR/wandb/run-20230930_144646-n2fcyep9/files/output.log
2023-09-30 14:50:19,624 INFO    Thread-12 :10701 [dir_watcher.py:_on_file_modified():288] file/dir modified: /Users/leo/Programming/PLR/wandb/run-20230930_144646-n2fcyep9/files/output.log
2023-09-30 14:50:20,637 INFO    Thread-12 :10701 [dir_watcher.py:_on_file_modified():288] file/dir modified: /Users/leo/Programming/PLR/wandb/run-20230930_144646-n2fcyep9/files/output.log
2023-09-30 14:50:21,643 INFO    Thread-12 :10701 [dir_watcher.py:_on_file_modified():288] file/dir modified: /Users/leo/Programming/PLR/wandb/run-20230930_144646-n2fcyep9/files/output.log
2023-09-30 14:50:23,193 DEBUG   HandlerThread:10701 [handler.py:handle_request():144] handle_request: status_report
2023-09-30 14:50:23,655 INFO    Thread-12 :10701 [dir_watcher.py:_on_file_modified():288] file/dir modified: /Users/leo/Programming/PLR/wandb/run-20230930_144646-n2fcyep9/files/output.log
2023-09-30 14:50:25,659 INFO    Thread-12 :10701 [dir_watcher.py:_on_file_modified():288] file/dir modified: /Users/leo/Programming/PLR/wandb/run-20230930_144646-n2fcyep9/files/output.log
2023-09-30 14:50:27,668 INFO    Thread-12 :10701 [dir_watcher.py:_on_file_modified():288] file/dir modified: /Users/leo/Programming/PLR/wandb/run-20230930_144646-n2fcyep9/files/output.log
2023-09-30 14:50:28,596 DEBUG   HandlerThread:10701 [handler.py:handle_request():144] handle_request: status_report
2023-09-30 14:50:29,677 INFO    Thread-12 :10701 [dir_watcher.py:_on_file_modified():288] file/dir modified: /Users/leo/Programming/PLR/wandb/run-20230930_144646-n2fcyep9/files/output.log
2023-09-30 14:50:31,687 INFO    Thread-12 :10701 [dir_watcher.py:_on_file_modified():288] file/dir modified: /Users/leo/Programming/PLR/wandb/run-20230930_144646-n2fcyep9/files/output.log
2023-09-30 14:50:31,696 DEBUG   HandlerThread:10701 [handler.py:handle_request():144] handle_request: stop_status
2023-09-30 14:50:31,696 DEBUG   SenderThread:10701 [sender.py:send_request():406] send_request: stop_status
2023-09-30 14:50:31,698 DEBUG   HandlerThread:10701 [handler.py:handle_request():144] handle_request: internal_messages
2023-09-30 14:50:33,697 INFO    Thread-12 :10701 [dir_watcher.py:_on_file_modified():288] file/dir modified: /Users/leo/Programming/PLR/wandb/run-20230930_144646-n2fcyep9/files/output.log
2023-09-30 14:50:33,928 DEBUG   HandlerThread:10701 [handler.py:handle_request():144] handle_request: status_report
2023-09-30 14:50:35,702 INFO    Thread-12 :10701 [dir_watcher.py:_on_file_modified():288] file/dir modified: /Users/leo/Programming/PLR/wandb/run-20230930_144646-n2fcyep9/files/output.log
2023-09-30 14:50:37,713 INFO    Thread-12 :10701 [dir_watcher.py:_on_file_modified():288] file/dir modified: /Users/leo/Programming/PLR/wandb/run-20230930_144646-n2fcyep9/files/output.log
2023-09-30 14:50:39,235 DEBUG   HandlerThread:10701 [handler.py:handle_request():144] handle_request: status_report
2023-09-30 14:50:39,724 INFO    Thread-12 :10701 [dir_watcher.py:_on_file_modified():288] file/dir modified: /Users/leo/Programming/PLR/wandb/run-20230930_144646-n2fcyep9/files/output.log
2023-09-30 14:50:41,731 INFO    Thread-12 :10701 [dir_watcher.py:_on_file_modified():288] file/dir modified: /Users/leo/Programming/PLR/wandb/run-20230930_144646-n2fcyep9/files/output.log
2023-09-30 14:50:42,022 DEBUG   HandlerThread:10701 [handler.py:handle_request():144] handle_request: partial_history
2023-09-30 14:50:42,024 DEBUG   SenderThread:10701 [sender.py:send():379] send: history
2023-09-30 14:50:42,024 DEBUG   SenderThread:10701 [sender.py:send_request():406] send_request: summary_record
2023-09-30 14:50:42,025 INFO    SenderThread:10701 [sender.py:_save_file():1375] saving file wandb-summary.json with policy end
2023-09-30 14:50:42,736 INFO    Thread-12 :10701 [dir_watcher.py:_on_file_modified():288] file/dir modified: /Users/leo/Programming/PLR/wandb/run-20230930_144646-n2fcyep9/files/wandb-summary.json
2023-09-30 14:50:43,741 INFO    Thread-12 :10701 [dir_watcher.py:_on_file_modified():288] file/dir modified: /Users/leo/Programming/PLR/wandb/run-20230930_144646-n2fcyep9/files/output.log
2023-09-30 14:50:44,545 DEBUG   HandlerThread:10701 [handler.py:handle_request():144] handle_request: status_report
2023-09-30 14:50:45,752 INFO    Thread-12 :10701 [dir_watcher.py:_on_file_modified():288] file/dir modified: /Users/leo/Programming/PLR/wandb/run-20230930_144646-n2fcyep9/files/output.log
2023-09-30 14:50:46,587 DEBUG   SenderThread:10701 [sender.py:send():379] send: stats
2023-09-30 14:50:46,701 DEBUG   HandlerThread:10701 [handler.py:handle_request():144] handle_request: stop_status
2023-09-30 14:50:46,702 DEBUG   SenderThread:10701 [sender.py:send_request():406] send_request: stop_status
2023-09-30 14:50:46,703 DEBUG   HandlerThread:10701 [handler.py:handle_request():144] handle_request: internal_messages
2023-09-30 14:50:47,763 INFO    Thread-12 :10701 [dir_watcher.py:_on_file_modified():288] file/dir modified: /Users/leo/Programming/PLR/wandb/run-20230930_144646-n2fcyep9/files/output.log
2023-09-30 14:50:49,773 INFO    Thread-12 :10701 [dir_watcher.py:_on_file_modified():288] file/dir modified: /Users/leo/Programming/PLR/wandb/run-20230930_144646-n2fcyep9/files/output.log
2023-09-30 14:50:49,883 DEBUG   HandlerThread:10701 [handler.py:handle_request():144] handle_request: status_report
2023-09-30 14:50:51,782 INFO    Thread-12 :10701 [dir_watcher.py:_on_file_modified():288] file/dir modified: /Users/leo/Programming/PLR/wandb/run-20230930_144646-n2fcyep9/files/output.log
2023-09-30 14:50:53,791 INFO    Thread-12 :10701 [dir_watcher.py:_on_file_modified():288] file/dir modified: /Users/leo/Programming/PLR/wandb/run-20230930_144646-n2fcyep9/files/output.log
2023-09-30 14:50:55,219 DEBUG   HandlerThread:10701 [handler.py:handle_request():144] handle_request: status_report
2023-09-30 14:50:55,801 INFO    Thread-12 :10701 [dir_watcher.py:_on_file_modified():288] file/dir modified: /Users/leo/Programming/PLR/wandb/run-20230930_144646-n2fcyep9/files/output.log
2023-09-30 14:50:57,812 INFO    Thread-12 :10701 [dir_watcher.py:_on_file_modified():288] file/dir modified: /Users/leo/Programming/PLR/wandb/run-20230930_144646-n2fcyep9/files/output.log
2023-09-30 14:50:59,823 INFO    Thread-12 :10701 [dir_watcher.py:_on_file_modified():288] file/dir modified: /Users/leo/Programming/PLR/wandb/run-20230930_144646-n2fcyep9/files/output.log
2023-09-30 14:51:00,522 DEBUG   HandlerThread:10701 [handler.py:handle_request():144] handle_request: status_report
2023-09-30 14:51:01,706 DEBUG   HandlerThread:10701 [handler.py:handle_request():144] handle_request: stop_status
2023-09-30 14:51:01,706 DEBUG   SenderThread:10701 [sender.py:send_request():406] send_request: stop_status
2023-09-30 14:51:01,707 DEBUG   HandlerThread:10701 [handler.py:handle_request():144] handle_request: internal_messages
2023-09-30 14:51:01,832 INFO    Thread-12 :10701 [dir_watcher.py:_on_file_modified():288] file/dir modified: /Users/leo/Programming/PLR/wandb/run-20230930_144646-n2fcyep9/files/output.log
2023-09-30 14:51:03,843 INFO    Thread-12 :10701 [dir_watcher.py:_on_file_modified():288] file/dir modified: /Users/leo/Programming/PLR/wandb/run-20230930_144646-n2fcyep9/files/output.log
2023-09-30 14:51:05,535 DEBUG   HandlerThread:10701 [handler.py:handle_request():144] handle_request: status_report
2023-09-30 14:51:05,853 INFO    Thread-12 :10701 [dir_watcher.py:_on_file_modified():288] file/dir modified: /Users/leo/Programming/PLR/wandb/run-20230930_144646-n2fcyep9/files/output.log
2023-09-30 14:51:07,864 INFO    Thread-12 :10701 [dir_watcher.py:_on_file_modified():288] file/dir modified: /Users/leo/Programming/PLR/wandb/run-20230930_144646-n2fcyep9/files/output.log
2023-09-30 14:51:09,874 INFO    Thread-12 :10701 [dir_watcher.py:_on_file_modified():288] file/dir modified: /Users/leo/Programming/PLR/wandb/run-20230930_144646-n2fcyep9/files/output.log
2023-09-30 14:51:10,665 DEBUG   HandlerThread:10701 [handler.py:handle_request():144] handle_request: status_report
2023-09-30 14:51:11,885 INFO    Thread-12 :10701 [dir_watcher.py:_on_file_modified():288] file/dir modified: /Users/leo/Programming/PLR/wandb/run-20230930_144646-n2fcyep9/files/output.log
2023-09-30 14:51:13,895 INFO    Thread-12 :10701 [dir_watcher.py:_on_file_modified():288] file/dir modified: /Users/leo/Programming/PLR/wandb/run-20230930_144646-n2fcyep9/files/output.log
2023-09-30 14:51:15,776 DEBUG   HandlerThread:10701 [handler.py:handle_request():144] handle_request: status_report
2023-09-30 14:51:15,910 INFO    Thread-12 :10701 [dir_watcher.py:_on_file_modified():288] file/dir modified: /Users/leo/Programming/PLR/wandb/run-20230930_144646-n2fcyep9/files/output.log
2023-09-30 14:51:16,591 DEBUG   SenderThread:10701 [sender.py:send():379] send: stats
2023-09-30 14:51:16,712 DEBUG   HandlerThread:10701 [handler.py:handle_request():144] handle_request: internal_messages
2023-09-30 14:51:16,712 DEBUG   HandlerThread:10701 [handler.py:handle_request():144] handle_request: stop_status
2023-09-30 14:51:16,712 DEBUG   SenderThread:10701 [sender.py:send_request():406] send_request: stop_status
2023-09-30 14:51:17,920 INFO    Thread-12 :10701 [dir_watcher.py:_on_file_modified():288] file/dir modified: /Users/leo/Programming/PLR/wandb/run-20230930_144646-n2fcyep9/files/output.log
2023-09-30 14:51:19,931 INFO    Thread-12 :10701 [dir_watcher.py:_on_file_modified():288] file/dir modified: /Users/leo/Programming/PLR/wandb/run-20230930_144646-n2fcyep9/files/output.log
2023-09-30 14:51:20,887 DEBUG   HandlerThread:10701 [handler.py:handle_request():144] handle_request: status_report
2023-09-30 14:51:21,939 INFO    Thread-12 :10701 [dir_watcher.py:_on_file_modified():288] file/dir modified: /Users/leo/Programming/PLR/wandb/run-20230930_144646-n2fcyep9/files/output.log
2023-09-30 14:51:23,949 INFO    Thread-12 :10701 [dir_watcher.py:_on_file_modified():288] file/dir modified: /Users/leo/Programming/PLR/wandb/run-20230930_144646-n2fcyep9/files/output.log
2023-09-30 14:51:25,904 DEBUG   HandlerThread:10701 [handler.py:handle_request():144] handle_request: status_report
2023-09-30 14:51:25,960 INFO    Thread-12 :10701 [dir_watcher.py:_on_file_modified():288] file/dir modified: /Users/leo/Programming/PLR/wandb/run-20230930_144646-n2fcyep9/files/output.log
2023-09-30 14:51:27,970 INFO    Thread-12 :10701 [dir_watcher.py:_on_file_modified():288] file/dir modified: /Users/leo/Programming/PLR/wandb/run-20230930_144646-n2fcyep9/files/output.log
2023-09-30 14:51:29,226 DEBUG   HandlerThread:10701 [handler.py:handle_request():144] handle_request: partial_history
2023-09-30 14:51:29,231 DEBUG   SenderThread:10701 [sender.py:send():379] send: history
2023-09-30 14:51:29,232 DEBUG   SenderThread:10701 [sender.py:send_request():406] send_request: summary_record
2023-09-30 14:51:29,232 INFO    SenderThread:10701 [sender.py:_save_file():1375] saving file wandb-summary.json with policy end
2023-09-30 14:51:29,980 INFO    Thread-12 :10701 [dir_watcher.py:_on_file_modified():288] file/dir modified: /Users/leo/Programming/PLR/wandb/run-20230930_144646-n2fcyep9/files/output.log
2023-09-30 14:51:29,980 INFO    Thread-12 :10701 [dir_watcher.py:_on_file_modified():288] file/dir modified: /Users/leo/Programming/PLR/wandb/run-20230930_144646-n2fcyep9/files/wandb-summary.json
2023-09-30 14:51:31,339 DEBUG   HandlerThread:10701 [handler.py:handle_request():144] handle_request: status_report
2023-09-30 14:51:31,713 DEBUG   HandlerThread:10701 [handler.py:handle_request():144] handle_request: stop_status
2023-09-30 14:51:31,713 DEBUG   SenderThread:10701 [sender.py:send_request():406] send_request: stop_status
2023-09-30 14:51:31,716 DEBUG   HandlerThread:10701 [handler.py:handle_request():144] handle_request: internal_messages
2023-09-30 14:51:31,987 INFO    Thread-12 :10701 [dir_watcher.py:_on_file_modified():288] file/dir modified: /Users/leo/Programming/PLR/wandb/run-20230930_144646-n2fcyep9/files/output.log
2023-09-30 14:51:33,996 INFO    Thread-12 :10701 [dir_watcher.py:_on_file_modified():288] file/dir modified: /Users/leo/Programming/PLR/wandb/run-20230930_144646-n2fcyep9/files/output.log
2023-09-30 14:51:36,003 INFO    Thread-12 :10701 [dir_watcher.py:_on_file_modified():288] file/dir modified: /Users/leo/Programming/PLR/wandb/run-20230930_144646-n2fcyep9/files/output.log
2023-09-30 14:51:36,598 DEBUG   HandlerThread:10701 [handler.py:handle_request():144] handle_request: status_report
2023-09-30 14:51:38,018 INFO    Thread-12 :10701 [dir_watcher.py:_on_file_modified():288] file/dir modified: /Users/leo/Programming/PLR/wandb/run-20230930_144646-n2fcyep9/files/output.log
2023-09-30 14:51:40,037 INFO    Thread-12 :10701 [dir_watcher.py:_on_file_modified():288] file/dir modified: /Users/leo/Programming/PLR/wandb/run-20230930_144646-n2fcyep9/files/output.log
2023-09-30 14:51:41,840 DEBUG   HandlerThread:10701 [handler.py:handle_request():144] handle_request: status_report
2023-09-30 14:51:42,036 INFO    Thread-12 :10701 [dir_watcher.py:_on_file_modified():288] file/dir modified: /Users/leo/Programming/PLR/wandb/run-20230930_144646-n2fcyep9/files/output.log
2023-09-30 14:51:44,047 INFO    Thread-12 :10701 [dir_watcher.py:_on_file_modified():288] file/dir modified: /Users/leo/Programming/PLR/wandb/run-20230930_144646-n2fcyep9/files/output.log
2023-09-30 14:51:46,057 INFO    Thread-12 :10701 [dir_watcher.py:_on_file_modified():288] file/dir modified: /Users/leo/Programming/PLR/wandb/run-20230930_144646-n2fcyep9/files/output.log
2023-09-30 14:51:46,597 DEBUG   SenderThread:10701 [sender.py:send():379] send: stats
2023-09-30 14:51:46,718 DEBUG   HandlerThread:10701 [handler.py:handle_request():144] handle_request: stop_status
2023-09-30 14:51:46,719 DEBUG   SenderThread:10701 [sender.py:send_request():406] send_request: stop_status
2023-09-30 14:51:46,722 DEBUG   HandlerThread:10701 [handler.py:handle_request():144] handle_request: internal_messages
2023-09-30 14:51:46,966 DEBUG   HandlerThread:10701 [handler.py:handle_request():144] handle_request: status_report
2023-09-30 14:51:48,066 INFO    Thread-12 :10701 [dir_watcher.py:_on_file_modified():288] file/dir modified: /Users/leo/Programming/PLR/wandb/run-20230930_144646-n2fcyep9/files/output.log
2023-09-30 14:51:50,074 INFO    Thread-12 :10701 [dir_watcher.py:_on_file_modified():288] file/dir modified: /Users/leo/Programming/PLR/wandb/run-20230930_144646-n2fcyep9/files/output.log
2023-09-30 14:51:52,079 INFO    Thread-12 :10701 [dir_watcher.py:_on_file_modified():288] file/dir modified: /Users/leo/Programming/PLR/wandb/run-20230930_144646-n2fcyep9/files/output.log
2023-09-30 14:51:52,315 DEBUG   HandlerThread:10701 [handler.py:handle_request():144] handle_request: status_report
2023-09-30 14:51:54,089 INFO    Thread-12 :10701 [dir_watcher.py:_on_file_modified():288] file/dir modified: /Users/leo/Programming/PLR/wandb/run-20230930_144646-n2fcyep9/files/output.log
2023-09-30 14:51:56,100 INFO    Thread-12 :10701 [dir_watcher.py:_on_file_modified():288] file/dir modified: /Users/leo/Programming/PLR/wandb/run-20230930_144646-n2fcyep9/files/output.log
2023-09-30 14:51:57,424 DEBUG   HandlerThread:10701 [handler.py:handle_request():144] handle_request: status_report
2023-09-30 14:51:58,113 INFO    Thread-12 :10701 [dir_watcher.py:_on_file_modified():288] file/dir modified: /Users/leo/Programming/PLR/wandb/run-20230930_144646-n2fcyep9/files/output.log
2023-09-30 14:52:00,123 INFO    Thread-12 :10701 [dir_watcher.py:_on_file_modified():288] file/dir modified: /Users/leo/Programming/PLR/wandb/run-20230930_144646-n2fcyep9/files/output.log
2023-09-30 14:52:01,723 DEBUG   HandlerThread:10701 [handler.py:handle_request():144] handle_request: stop_status
2023-09-30 14:52:01,723 DEBUG   SenderThread:10701 [sender.py:send_request():406] send_request: stop_status
2023-09-30 14:52:01,725 DEBUG   HandlerThread:10701 [handler.py:handle_request():144] handle_request: internal_messages
2023-09-30 14:52:02,133 INFO    Thread-12 :10701 [dir_watcher.py:_on_file_modified():288] file/dir modified: /Users/leo/Programming/PLR/wandb/run-20230930_144646-n2fcyep9/files/output.log
2023-09-30 14:52:02,835 DEBUG   HandlerThread:10701 [handler.py:handle_request():144] handle_request: status_report
2023-09-30 14:52:04,139 INFO    Thread-12 :10701 [dir_watcher.py:_on_file_modified():288] file/dir modified: /Users/leo/Programming/PLR/wandb/run-20230930_144646-n2fcyep9/files/output.log
2023-09-30 14:52:06,151 INFO    Thread-12 :10701 [dir_watcher.py:_on_file_modified():288] file/dir modified: /Users/leo/Programming/PLR/wandb/run-20230930_144646-n2fcyep9/files/output.log
2023-09-30 14:52:08,006 DEBUG   HandlerThread:10701 [handler.py:handle_request():144] handle_request: status_report
2023-09-30 14:52:08,158 INFO    Thread-12 :10701 [dir_watcher.py:_on_file_modified():288] file/dir modified: /Users/leo/Programming/PLR/wandb/run-20230930_144646-n2fcyep9/files/output.log
2023-09-30 14:52:10,169 INFO    Thread-12 :10701 [dir_watcher.py:_on_file_modified():288] file/dir modified: /Users/leo/Programming/PLR/wandb/run-20230930_144646-n2fcyep9/files/output.log
2023-09-30 14:52:12,195 INFO    Thread-12 :10701 [dir_watcher.py:_on_file_modified():288] file/dir modified: /Users/leo/Programming/PLR/wandb/run-20230930_144646-n2fcyep9/files/output.log
2023-09-30 14:52:13,170 DEBUG   HandlerThread:10701 [handler.py:handle_request():144] handle_request: status_report
2023-09-30 14:52:14,205 INFO    Thread-12 :10701 [dir_watcher.py:_on_file_modified():288] file/dir modified: /Users/leo/Programming/PLR/wandb/run-20230930_144646-n2fcyep9/files/output.log
2023-09-30 14:52:15,907 DEBUG   HandlerThread:10701 [handler.py:handle_request():144] handle_request: partial_history
2023-09-30 14:52:15,912 DEBUG   SenderThread:10701 [sender.py:send():379] send: history
2023-09-30 14:52:15,914 DEBUG   SenderThread:10701 [sender.py:send_request():406] send_request: summary_record
2023-09-30 14:52:15,917 INFO    SenderThread:10701 [sender.py:_save_file():1375] saving file wandb-summary.json with policy end
2023-09-30 14:52:16,219 INFO    Thread-12 :10701 [dir_watcher.py:_on_file_modified():288] file/dir modified: /Users/leo/Programming/PLR/wandb/run-20230930_144646-n2fcyep9/files/output.log
2023-09-30 14:52:16,219 INFO    Thread-12 :10701 [dir_watcher.py:_on_file_modified():288] file/dir modified: /Users/leo/Programming/PLR/wandb/run-20230930_144646-n2fcyep9/files/wandb-summary.json
2023-09-30 14:52:16,608 DEBUG   SenderThread:10701 [sender.py:send():379] send: stats
2023-09-30 14:52:16,726 DEBUG   HandlerThread:10701 [handler.py:handle_request():144] handle_request: stop_status
2023-09-30 14:52:16,726 DEBUG   SenderThread:10701 [sender.py:send_request():406] send_request: stop_status
2023-09-30 14:52:16,739 DEBUG   HandlerThread:10701 [handler.py:handle_request():144] handle_request: internal_messages
2023-09-30 14:52:18,246 INFO    Thread-12 :10701 [dir_watcher.py:_on_file_modified():288] file/dir modified: /Users/leo/Programming/PLR/wandb/run-20230930_144646-n2fcyep9/files/output.log
2023-09-30 14:52:18,326 DEBUG   HandlerThread:10701 [handler.py:handle_request():144] handle_request: status_report
2023-09-30 14:52:20,249 INFO    Thread-12 :10701 [dir_watcher.py:_on_file_modified():288] file/dir modified: /Users/leo/Programming/PLR/wandb/run-20230930_144646-n2fcyep9/files/output.log
2023-09-30 14:52:22,280 INFO    Thread-12 :10701 [dir_watcher.py:_on_file_modified():288] file/dir modified: /Users/leo/Programming/PLR/wandb/run-20230930_144646-n2fcyep9/files/output.log
2023-09-30 14:52:23,360 DEBUG   HandlerThread:10701 [handler.py:handle_request():144] handle_request: status_report
2023-09-30 14:52:24,295 INFO    Thread-12 :10701 [dir_watcher.py:_on_file_modified():288] file/dir modified: /Users/leo/Programming/PLR/wandb/run-20230930_144646-n2fcyep9/files/output.log
2023-09-30 14:52:26,306 INFO    Thread-12 :10701 [dir_watcher.py:_on_file_modified():288] file/dir modified: /Users/leo/Programming/PLR/wandb/run-20230930_144646-n2fcyep9/files/output.log
2023-09-30 14:52:28,313 INFO    Thread-12 :10701 [dir_watcher.py:_on_file_modified():288] file/dir modified: /Users/leo/Programming/PLR/wandb/run-20230930_144646-n2fcyep9/files/output.log
2023-09-30 14:52:28,445 DEBUG   HandlerThread:10701 [handler.py:handle_request():144] handle_request: status_report
2023-09-30 14:52:30,328 INFO    Thread-12 :10701 [dir_watcher.py:_on_file_modified():288] file/dir modified: /Users/leo/Programming/PLR/wandb/run-20230930_144646-n2fcyep9/files/output.log
2023-09-30 14:52:31,731 DEBUG   HandlerThread:10701 [handler.py:handle_request():144] handle_request: stop_status
2023-09-30 14:52:31,731 DEBUG   SenderThread:10701 [sender.py:send_request():406] send_request: stop_status
2023-09-30 14:52:31,741 DEBUG   HandlerThread:10701 [handler.py:handle_request():144] handle_request: internal_messages
2023-09-30 14:52:32,334 INFO    Thread-12 :10701 [dir_watcher.py:_on_file_modified():288] file/dir modified: /Users/leo/Programming/PLR/wandb/run-20230930_144646-n2fcyep9/files/output.log
2023-09-30 14:52:33,549 DEBUG   HandlerThread:10701 [handler.py:handle_request():144] handle_request: status_report
2023-09-30 14:52:34,349 INFO    Thread-12 :10701 [dir_watcher.py:_on_file_modified():288] file/dir modified: /Users/leo/Programming/PLR/wandb/run-20230930_144646-n2fcyep9/files/output.log
2023-09-30 14:52:36,369 INFO    Thread-12 :10701 [dir_watcher.py:_on_file_modified():288] file/dir modified: /Users/leo/Programming/PLR/wandb/run-20230930_144646-n2fcyep9/files/output.log
2023-09-30 14:52:38,368 INFO    Thread-12 :10701 [dir_watcher.py:_on_file_modified():288] file/dir modified: /Users/leo/Programming/PLR/wandb/run-20230930_144646-n2fcyep9/files/output.log
2023-09-30 14:52:38,861 DEBUG   HandlerThread:10701 [handler.py:handle_request():144] handle_request: status_report
2023-09-30 14:52:40,379 INFO    Thread-12 :10701 [dir_watcher.py:_on_file_modified():288] file/dir modified: /Users/leo/Programming/PLR/wandb/run-20230930_144646-n2fcyep9/files/output.log
2023-09-30 14:52:42,391 INFO    Thread-12 :10701 [dir_watcher.py:_on_file_modified():288] file/dir modified: /Users/leo/Programming/PLR/wandb/run-20230930_144646-n2fcyep9/files/output.log
2023-09-30 14:52:43,952 DEBUG   HandlerThread:10701 [handler.py:handle_request():144] handle_request: status_report
2023-09-30 14:52:44,400 INFO    Thread-12 :10701 [dir_watcher.py:_on_file_modified():288] file/dir modified: /Users/leo/Programming/PLR/wandb/run-20230930_144646-n2fcyep9/files/output.log
2023-09-30 14:52:46,409 INFO    Thread-12 :10701 [dir_watcher.py:_on_file_modified():288] file/dir modified: /Users/leo/Programming/PLR/wandb/run-20230930_144646-n2fcyep9/files/output.log
2023-09-30 14:52:46,624 DEBUG   SenderThread:10701 [sender.py:send():379] send: stats
2023-09-30 14:52:46,735 DEBUG   HandlerThread:10701 [handler.py:handle_request():144] handle_request: stop_status
2023-09-30 14:52:46,735 DEBUG   SenderThread:10701 [sender.py:send_request():406] send_request: stop_status
2023-09-30 14:52:46,747 DEBUG   HandlerThread:10701 [handler.py:handle_request():144] handle_request: internal_messages
2023-09-30 14:52:48,418 INFO    Thread-12 :10701 [dir_watcher.py:_on_file_modified():288] file/dir modified: /Users/leo/Programming/PLR/wandb/run-20230930_144646-n2fcyep9/files/output.log
2023-09-30 14:52:49,229 DEBUG   HandlerThread:10701 [handler.py:handle_request():144] handle_request: status_report
2023-09-30 14:52:50,428 INFO    Thread-12 :10701 [dir_watcher.py:_on_file_modified():288] file/dir modified: /Users/leo/Programming/PLR/wandb/run-20230930_144646-n2fcyep9/files/output.log
2023-09-30 14:52:52,440 INFO    Thread-12 :10701 [dir_watcher.py:_on_file_modified():288] file/dir modified: /Users/leo/Programming/PLR/wandb/run-20230930_144646-n2fcyep9/files/output.log
2023-09-30 14:52:54,358 DEBUG   HandlerThread:10701 [handler.py:handle_request():144] handle_request: status_report
2023-09-30 14:52:54,447 INFO    Thread-12 :10701 [dir_watcher.py:_on_file_modified():288] file/dir modified: /Users/leo/Programming/PLR/wandb/run-20230930_144646-n2fcyep9/files/output.log
2023-09-30 14:52:56,453 INFO    Thread-12 :10701 [dir_watcher.py:_on_file_modified():288] file/dir modified: /Users/leo/Programming/PLR/wandb/run-20230930_144646-n2fcyep9/files/output.log
2023-09-30 14:52:58,463 INFO    Thread-12 :10701 [dir_watcher.py:_on_file_modified():288] file/dir modified: /Users/leo/Programming/PLR/wandb/run-20230930_144646-n2fcyep9/files/output.log
2023-09-30 14:52:59,711 DEBUG   HandlerThread:10701 [handler.py:handle_request():144] handle_request: status_report
2023-09-30 14:53:00,474 INFO    Thread-12 :10701 [dir_watcher.py:_on_file_modified():288] file/dir modified: /Users/leo/Programming/PLR/wandb/run-20230930_144646-n2fcyep9/files/output.log
2023-09-30 14:53:00,692 DEBUG   HandlerThread:10701 [handler.py:handle_request():144] handle_request: partial_history
2023-09-30 14:53:00,704 DEBUG   SenderThread:10701 [sender.py:send():379] send: history
2023-09-30 14:53:00,704 DEBUG   SenderThread:10701 [sender.py:send_request():406] send_request: summary_record
2023-09-30 14:53:00,704 INFO    SenderThread:10701 [sender.py:_save_file():1375] saving file wandb-summary.json with policy end
2023-09-30 14:53:01,479 INFO    Thread-12 :10701 [dir_watcher.py:_on_file_modified():288] file/dir modified: /Users/leo/Programming/PLR/wandb/run-20230930_144646-n2fcyep9/files/wandb-summary.json
2023-09-30 14:53:01,740 DEBUG   HandlerThread:10701 [handler.py:handle_request():144] handle_request: stop_status
2023-09-30 14:53:01,740 DEBUG   SenderThread:10701 [sender.py:send_request():406] send_request: stop_status
2023-09-30 14:53:01,756 DEBUG   HandlerThread:10701 [handler.py:handle_request():144] handle_request: internal_messages
2023-09-30 14:53:02,485 INFO    Thread-12 :10701 [dir_watcher.py:_on_file_modified():288] file/dir modified: /Users/leo/Programming/PLR/wandb/run-20230930_144646-n2fcyep9/files/output.log
2023-09-30 14:53:04,495 INFO    Thread-12 :10701 [dir_watcher.py:_on_file_modified():288] file/dir modified: /Users/leo/Programming/PLR/wandb/run-20230930_144646-n2fcyep9/files/output.log
2023-09-30 14:53:05,194 DEBUG   HandlerThread:10701 [handler.py:handle_request():144] handle_request: status_report
2023-09-30 14:53:06,514 INFO    Thread-12 :10701 [dir_watcher.py:_on_file_modified():288] file/dir modified: /Users/leo/Programming/PLR/wandb/run-20230930_144646-n2fcyep9/files/output.log
2023-09-30 14:53:08,521 INFO    Thread-12 :10701 [dir_watcher.py:_on_file_modified():288] file/dir modified: /Users/leo/Programming/PLR/wandb/run-20230930_144646-n2fcyep9/files/output.log
2023-09-30 14:53:10,534 INFO    Thread-12 :10701 [dir_watcher.py:_on_file_modified():288] file/dir modified: /Users/leo/Programming/PLR/wandb/run-20230930_144646-n2fcyep9/files/output.log
2023-09-30 14:53:10,614 DEBUG   HandlerThread:10701 [handler.py:handle_request():144] handle_request: status_report
2023-09-30 14:53:12,543 INFO    Thread-12 :10701 [dir_watcher.py:_on_file_modified():288] file/dir modified: /Users/leo/Programming/PLR/wandb/run-20230930_144646-n2fcyep9/files/output.log
2023-09-30 14:53:14,545 INFO    Thread-12 :10701 [dir_watcher.py:_on_file_modified():288] file/dir modified: /Users/leo/Programming/PLR/wandb/run-20230930_144646-n2fcyep9/files/output.log
2023-09-30 14:53:15,990 DEBUG   HandlerThread:10701 [handler.py:handle_request():144] handle_request: status_report
2023-09-30 14:53:16,557 INFO    Thread-12 :10701 [dir_watcher.py:_on_file_modified():288] file/dir modified: /Users/leo/Programming/PLR/wandb/run-20230930_144646-n2fcyep9/files/output.log
2023-09-30 14:53:16,620 DEBUG   SenderThread:10701 [sender.py:send():379] send: stats
2023-09-30 14:53:16,747 DEBUG   HandlerThread:10701 [handler.py:handle_request():144] handle_request: stop_status
2023-09-30 14:53:16,747 DEBUG   SenderThread:10701 [sender.py:send_request():406] send_request: stop_status
2023-09-30 14:53:16,756 DEBUG   HandlerThread:10701 [handler.py:handle_request():144] handle_request: internal_messages
2023-09-30 14:53:18,567 INFO    Thread-12 :10701 [dir_watcher.py:_on_file_modified():288] file/dir modified: /Users/leo/Programming/PLR/wandb/run-20230930_144646-n2fcyep9/files/output.log
2023-09-30 14:53:20,570 INFO    Thread-12 :10701 [dir_watcher.py:_on_file_modified():288] file/dir modified: /Users/leo/Programming/PLR/wandb/run-20230930_144646-n2fcyep9/files/output.log
2023-09-30 14:53:21,184 DEBUG   HandlerThread:10701 [handler.py:handle_request():144] handle_request: status_report
2023-09-30 14:53:22,580 INFO    Thread-12 :10701 [dir_watcher.py:_on_file_modified():288] file/dir modified: /Users/leo/Programming/PLR/wandb/run-20230930_144646-n2fcyep9/files/output.log
2023-09-30 14:53:24,588 INFO    Thread-12 :10701 [dir_watcher.py:_on_file_modified():288] file/dir modified: /Users/leo/Programming/PLR/wandb/run-20230930_144646-n2fcyep9/files/output.log
2023-09-30 14:53:26,216 DEBUG   HandlerThread:10701 [handler.py:handle_request():144] handle_request: status_report
2023-09-30 14:53:26,618 INFO    Thread-12 :10701 [dir_watcher.py:_on_file_modified():288] file/dir modified: /Users/leo/Programming/PLR/wandb/run-20230930_144646-n2fcyep9/files/output.log
2023-09-30 14:53:28,623 INFO    Thread-12 :10701 [dir_watcher.py:_on_file_modified():288] file/dir modified: /Users/leo/Programming/PLR/wandb/run-20230930_144646-n2fcyep9/files/output.log
2023-09-30 14:53:30,633 INFO    Thread-12 :10701 [dir_watcher.py:_on_file_modified():288] file/dir modified: /Users/leo/Programming/PLR/wandb/run-20230930_144646-n2fcyep9/files/output.log
2023-09-30 14:53:31,217 DEBUG   HandlerThread:10701 [handler.py:handle_request():144] handle_request: status_report
2023-09-30 14:53:31,756 DEBUG   HandlerThread:10701 [handler.py:handle_request():144] handle_request: stop_status
2023-09-30 14:53:31,762 DEBUG   SenderThread:10701 [sender.py:send_request():406] send_request: stop_status
2023-09-30 14:53:31,768 DEBUG   HandlerThread:10701 [handler.py:handle_request():144] handle_request: internal_messages
2023-09-30 14:53:32,646 INFO    Thread-12 :10701 [dir_watcher.py:_on_file_modified():288] file/dir modified: /Users/leo/Programming/PLR/wandb/run-20230930_144646-n2fcyep9/files/output.log
2023-09-30 14:53:34,671 INFO    Thread-12 :10701 [dir_watcher.py:_on_file_modified():288] file/dir modified: /Users/leo/Programming/PLR/wandb/run-20230930_144646-n2fcyep9/files/output.log
2023-09-30 14:53:35,609 DEBUG   SenderThread:10701 [sender.py:send():379] send: exit
2023-09-30 14:53:35,609 INFO    SenderThread:10701 [sender.py:send_exit():584] handling exit code: 255
2023-09-30 14:53:35,610 INFO    SenderThread:10701 [sender.py:send_exit():586] handling runtime: 409
2023-09-30 14:53:35,610 INFO    SenderThread:10701 [sender.py:_save_file():1375] saving file wandb-summary.json with policy end
2023-09-30 14:53:35,610 INFO    SenderThread:10701 [sender.py:send_exit():592] send defer
2023-09-30 14:53:35,610 DEBUG   HandlerThread:10701 [handler.py:handle_request():144] handle_request: defer
2023-09-30 14:53:35,610 INFO    HandlerThread:10701 [handler.py:handle_request_defer():170] handle defer: 0
2023-09-30 14:53:35,610 DEBUG   SenderThread:10701 [sender.py:send_request():406] send_request: defer
2023-09-30 14:53:35,610 INFO    SenderThread:10701 [sender.py:send_request_defer():608] handle sender defer: 0
2023-09-30 14:53:35,610 INFO    SenderThread:10701 [sender.py:transition_state():612] send defer: 1
2023-09-30 14:53:35,610 DEBUG   HandlerThread:10701 [handler.py:handle_request():144] handle_request: defer
2023-09-30 14:53:35,610 INFO    HandlerThread:10701 [handler.py:handle_request_defer():170] handle defer: 1
2023-09-30 14:53:35,610 DEBUG   SenderThread:10701 [sender.py:send_request():406] send_request: defer
2023-09-30 14:53:35,610 INFO    SenderThread:10701 [sender.py:send_request_defer():608] handle sender defer: 1
2023-09-30 14:53:35,610 INFO    SenderThread:10701 [sender.py:transition_state():612] send defer: 2
2023-09-30 14:53:35,610 DEBUG   HandlerThread:10701 [handler.py:handle_request():144] handle_request: defer
2023-09-30 14:53:35,610 INFO    HandlerThread:10701 [handler.py:handle_request_defer():170] handle defer: 2
2023-09-30 14:53:35,610 INFO    HandlerThread:10701 [system_monitor.py:finish():190] Stopping system monitor
2023-09-30 14:53:35,610 DEBUG   SystemMonitor:10701 [system_monitor.py:_start():166] Finished system metrics aggregation loop
2023-09-30 14:53:35,610 DEBUG   SystemMonitor:10701 [system_monitor.py:_start():170] Publishing last batch of metrics
2023-09-30 14:53:35,611 INFO    HandlerThread:10701 [interfaces.py:finish():202] Joined cpu monitor
2023-09-30 14:53:35,611 INFO    HandlerThread:10701 [interfaces.py:finish():202] Joined disk monitor
2023-09-30 14:53:35,650 INFO    HandlerThread:10701 [interfaces.py:finish():202] Joined gpuapple monitor
2023-09-30 14:53:35,650 INFO    HandlerThread:10701 [interfaces.py:finish():202] Joined memory monitor
2023-09-30 14:53:35,650 INFO    HandlerThread:10701 [interfaces.py:finish():202] Joined network monitor
2023-09-30 14:53:35,650 DEBUG   SenderThread:10701 [sender.py:send_request():406] send_request: defer
2023-09-30 14:53:35,650 INFO    SenderThread:10701 [sender.py:send_request_defer():608] handle sender defer: 2
2023-09-30 14:53:35,650 INFO    SenderThread:10701 [sender.py:transition_state():612] send defer: 3
2023-09-30 14:53:35,650 DEBUG   SenderThread:10701 [sender.py:send():379] send: stats
2023-09-30 14:53:35,651 DEBUG   HandlerThread:10701 [handler.py:handle_request():144] handle_request: defer
2023-09-30 14:53:35,651 INFO    HandlerThread:10701 [handler.py:handle_request_defer():170] handle defer: 3
2023-09-30 14:53:35,651 DEBUG   SenderThread:10701 [sender.py:send_request():406] send_request: defer
2023-09-30 14:53:35,651 INFO    SenderThread:10701 [sender.py:send_request_defer():608] handle sender defer: 3
2023-09-30 14:53:35,651 INFO    SenderThread:10701 [sender.py:transition_state():612] send defer: 4
2023-09-30 14:53:35,651 DEBUG   HandlerThread:10701 [handler.py:handle_request():144] handle_request: defer
2023-09-30 14:53:35,651 INFO    HandlerThread:10701 [handler.py:handle_request_defer():170] handle defer: 4
2023-09-30 14:53:35,651 DEBUG   SenderThread:10701 [sender.py:send_request():406] send_request: defer
2023-09-30 14:53:35,651 INFO    SenderThread:10701 [sender.py:send_request_defer():608] handle sender defer: 4
2023-09-30 14:53:35,651 INFO    SenderThread:10701 [sender.py:transition_state():612] send defer: 5
2023-09-30 14:53:35,651 DEBUG   HandlerThread:10701 [handler.py:handle_request():144] handle_request: defer
2023-09-30 14:53:35,651 INFO    HandlerThread:10701 [handler.py:handle_request_defer():170] handle defer: 5
2023-09-30 14:53:35,651 DEBUG   SenderThread:10701 [sender.py:send():379] send: summary
2023-09-30 14:53:35,651 INFO    SenderThread:10701 [sender.py:_save_file():1375] saving file wandb-summary.json with policy end
2023-09-30 14:53:35,651 DEBUG   SenderThread:10701 [sender.py:send_request():406] send_request: defer
2023-09-30 14:53:35,651 INFO    SenderThread:10701 [sender.py:send_request_defer():608] handle sender defer: 5
2023-09-30 14:53:35,651 INFO    SenderThread:10701 [sender.py:transition_state():612] send defer: 6
2023-09-30 14:53:35,651 DEBUG   HandlerThread:10701 [handler.py:handle_request():144] handle_request: defer
2023-09-30 14:53:35,651 INFO    HandlerThread:10701 [handler.py:handle_request_defer():170] handle defer: 6
2023-09-30 14:53:35,651 DEBUG   SenderThread:10701 [sender.py:send_request():406] send_request: defer
2023-09-30 14:53:35,651 INFO    SenderThread:10701 [sender.py:send_request_defer():608] handle sender defer: 6
2023-09-30 14:53:35,651 INFO    SenderThread:10701 [sender.py:transition_state():612] send defer: 7
2023-09-30 14:53:35,652 DEBUG   HandlerThread:10701 [handler.py:handle_request():144] handle_request: status_report
2023-09-30 14:53:35,652 DEBUG   HandlerThread:10701 [handler.py:handle_request():144] handle_request: defer
2023-09-30 14:53:35,652 INFO    HandlerThread:10701 [handler.py:handle_request_defer():170] handle defer: 7
2023-09-30 14:53:35,652 DEBUG   SenderThread:10701 [sender.py:send_request():406] send_request: defer
2023-09-30 14:53:35,652 INFO    SenderThread:10701 [sender.py:send_request_defer():608] handle sender defer: 7
2023-09-30 14:53:35,675 INFO    Thread-12 :10701 [dir_watcher.py:_on_file_modified():288] file/dir modified: /Users/leo/Programming/PLR/wandb/run-20230930_144646-n2fcyep9/files/wandb-summary.json
2023-09-30 14:53:36,524 INFO    SenderThread:10701 [sender.py:transition_state():612] send defer: 8
2023-09-30 14:53:36,524 DEBUG   HandlerThread:10701 [handler.py:handle_request():144] handle_request: defer
2023-09-30 14:53:36,524 INFO    HandlerThread:10701 [handler.py:handle_request_defer():170] handle defer: 8
2023-09-30 14:53:36,525 DEBUG   SenderThread:10701 [sender.py:send_request():406] send_request: defer
2023-09-30 14:53:36,525 INFO    SenderThread:10701 [sender.py:send_request_defer():608] handle sender defer: 8
2023-09-30 14:53:36,525 INFO    SenderThread:10701 [job_builder.py:build():281] Attempting to build job artifact
2023-09-30 14:53:36,525 INFO    SenderThread:10701 [job_builder.py:_get_source_type():393] is repo sourced job
2023-09-30 14:53:36,527 INFO    SenderThread:10701 [job_builder.py:build():369] adding wandb-job metadata file
2023-09-30 14:53:36,533 INFO    SenderThread:10701 [sender.py:transition_state():612] send defer: 9
2023-09-30 14:53:36,533 DEBUG   HandlerThread:10701 [handler.py:handle_request():144] handle_request: defer
2023-09-30 14:53:36,533 DEBUG   SenderThread:10701 [sender.py:send():379] send: artifact
2023-09-30 14:53:36,533 INFO    HandlerThread:10701 [handler.py:handle_request_defer():170] handle defer: 9
2023-09-30 14:53:36,615 DEBUG   HandlerThread:10701 [handler.py:handle_request():144] handle_request: poll_exit
2023-09-30 14:53:36,681 INFO    Thread-12 :10701 [dir_watcher.py:_on_file_modified():288] file/dir modified: /Users/leo/Programming/PLR/wandb/run-20230930_144646-n2fcyep9/files/output.log
2023-09-30 14:53:39,348 INFO    SenderThread:10701 [sender.py:send_artifact():1453] sent artifact job-https___github.com_leothesouthafrican_PLR.git_Leo_gen_algo_opt_folder_genetic_algorithm.py - {'id': 'QXJ0aWZhY3Q6NTg5NzcyODg5', 'state': 'COMMITTED', 'artifactSequence': {'id': 'QXJ0aWZhY3RDb2xsZWN0aW9uOjEwMjY3Mjc5OA==', 'latestArtifact': {'id': 'QXJ0aWZhY3Q6NTg5Nzc2Nzg4', 'versionIndex': 5}}}
2023-09-30 14:53:39,348 DEBUG   SenderThread:10701 [sender.py:send_request():406] send_request: defer
2023-09-30 14:53:39,348 INFO    SenderThread:10701 [sender.py:send_request_defer():608] handle sender defer: 9
2023-09-30 14:53:39,348 INFO    SenderThread:10701 [dir_watcher.py:finish():358] shutting down directory watcher
2023-09-30 14:53:39,696 INFO    SenderThread:10701 [dir_watcher.py:finish():388] scan: /Users/leo/Programming/PLR/wandb/run-20230930_144646-n2fcyep9/files
2023-09-30 14:53:39,696 INFO    SenderThread:10701 [dir_watcher.py:finish():402] scan save: /Users/leo/Programming/PLR/wandb/run-20230930_144646-n2fcyep9/files/requirements.txt requirements.txt
2023-09-30 14:53:39,696 INFO    SenderThread:10701 [dir_watcher.py:finish():402] scan save: /Users/leo/Programming/PLR/wandb/run-20230930_144646-n2fcyep9/files/output.log output.log
2023-09-30 14:53:39,698 INFO    SenderThread:10701 [dir_watcher.py:finish():402] scan save: /Users/leo/Programming/PLR/wandb/run-20230930_144646-n2fcyep9/files/config.yaml config.yaml
2023-09-30 14:53:39,699 INFO    SenderThread:10701 [dir_watcher.py:finish():402] scan save: /Users/leo/Programming/PLR/wandb/run-20230930_144646-n2fcyep9/files/wandb-summary.json wandb-summary.json
2023-09-30 14:53:39,700 INFO    SenderThread:10701 [dir_watcher.py:finish():402] scan save: /Users/leo/Programming/PLR/wandb/run-20230930_144646-n2fcyep9/files/wandb-metadata.json wandb-metadata.json
2023-09-30 14:53:39,700 INFO    SenderThread:10701 [sender.py:transition_state():612] send defer: 10
2023-09-30 14:53:39,700 DEBUG   SenderThread:10701 [sender.py:send_request():406] send_request: poll_exit
2023-09-30 14:53:39,702 DEBUG   HandlerThread:10701 [handler.py:handle_request():144] handle_request: defer
2023-09-30 14:53:39,702 INFO    HandlerThread:10701 [handler.py:handle_request_defer():170] handle defer: 10
2023-09-30 14:53:39,705 DEBUG   SenderThread:10701 [sender.py:send_request():406] send_request: defer
2023-09-30 14:53:39,705 INFO    SenderThread:10701 [sender.py:send_request_defer():608] handle sender defer: 10
2023-09-30 14:53:39,705 INFO    SenderThread:10701 [file_pusher.py:finish():175] shutting down file pusher
2023-09-30 14:53:40,103 INFO    wandb-upload_0:10701 [upload_job.py:push():131] Uploaded file /Users/leo/Programming/PLR/wandb/run-20230930_144646-n2fcyep9/files/requirements.txt
2023-09-30 14:53:40,123 INFO    wandb-upload_3:10701 [upload_job.py:push():131] Uploaded file /Users/leo/Programming/PLR/wandb/run-20230930_144646-n2fcyep9/files/wandb-summary.json
2023-09-30 14:53:40,364 INFO    wandb-upload_1:10701 [upload_job.py:push():131] Uploaded file /Users/leo/Programming/PLR/wandb/run-20230930_144646-n2fcyep9/files/output.log
2023-09-30 14:53:41,136 INFO    wandb-upload_2:10701 [upload_job.py:push():131] Uploaded file /Users/leo/Programming/PLR/wandb/run-20230930_144646-n2fcyep9/files/config.yaml
2023-09-30 14:53:41,341 INFO    Thread-11 (_thread_body):10701 [sender.py:transition_state():612] send defer: 11
2023-09-30 14:53:41,341 DEBUG   HandlerThread:10701 [handler.py:handle_request():144] handle_request: defer
2023-09-30 14:53:41,341 INFO    HandlerThread:10701 [handler.py:handle_request_defer():170] handle defer: 11
2023-09-30 14:53:41,341 DEBUG   SenderThread:10701 [sender.py:send_request():406] send_request: defer
2023-09-30 14:53:41,341 INFO    SenderThread:10701 [sender.py:send_request_defer():608] handle sender defer: 11
2023-09-30 14:53:41,341 INFO    SenderThread:10701 [file_pusher.py:join():181] waiting for file pusher
2023-09-30 14:53:41,341 INFO    SenderThread:10701 [sender.py:transition_state():612] send defer: 12
2023-09-30 14:53:41,341 DEBUG   HandlerThread:10701 [handler.py:handle_request():144] handle_request: defer
2023-09-30 14:53:41,341 INFO    HandlerThread:10701 [handler.py:handle_request_defer():170] handle defer: 12
2023-09-30 14:53:41,341 DEBUG   SenderThread:10701 [sender.py:send_request():406] send_request: defer
2023-09-30 14:53:41,341 INFO    SenderThread:10701 [sender.py:send_request_defer():608] handle sender defer: 12
2023-09-30 14:53:41,341 INFO    SenderThread:10701 [file_stream.py:finish():594] file stream finish called
2023-09-30 14:53:41,637 DEBUG   HandlerThread:10701 [handler.py:handle_request():144] handle_request: keepalive
2023-09-30 14:53:42,008 INFO    SenderThread:10701 [file_stream.py:finish():598] file stream finish is done
2023-09-30 14:53:42,008 INFO    SenderThread:10701 [sender.py:transition_state():612] send defer: 13
2023-09-30 14:53:42,008 DEBUG   HandlerThread:10701 [handler.py:handle_request():144] handle_request: defer
2023-09-30 14:53:42,008 INFO    HandlerThread:10701 [handler.py:handle_request_defer():170] handle defer: 13
2023-09-30 14:53:42,009 DEBUG   HandlerThread:10701 [handler.py:handle_request():144] handle_request: status_report
2023-09-30 14:53:42,009 DEBUG   SenderThread:10701 [sender.py:send_request():406] send_request: defer
2023-09-30 14:53:42,009 INFO    SenderThread:10701 [sender.py:send_request_defer():608] handle sender defer: 13
2023-09-30 14:53:42,009 INFO    SenderThread:10701 [sender.py:transition_state():612] send defer: 14
2023-09-30 14:53:42,009 DEBUG   HandlerThread:10701 [handler.py:handle_request():144] handle_request: defer
2023-09-30 14:53:42,009 INFO    HandlerThread:10701 [handler.py:handle_request_defer():170] handle defer: 14
2023-09-30 14:53:42,009 DEBUG   SenderThread:10701 [sender.py:send():379] send: final
2023-09-30 14:53:42,009 DEBUG   SenderThread:10701 [sender.py:send():379] send: footer
2023-09-30 14:53:42,009 DEBUG   SenderThread:10701 [sender.py:send_request():406] send_request: defer
2023-09-30 14:53:42,009 INFO    SenderThread:10701 [sender.py:send_request_defer():608] handle sender defer: 14
2023-09-30 14:53:42,009 DEBUG   HandlerThread:10701 [handler.py:handle_request():144] handle_request: poll_exit
2023-09-30 14:53:42,009 DEBUG   HandlerThread:10701 [handler.py:handle_request():144] handle_request: server_info
2023-09-30 14:53:42,009 DEBUG   SenderThread:10701 [sender.py:send_request():406] send_request: poll_exit
2023-09-30 14:53:42,009 DEBUG   HandlerThread:10701 [handler.py:handle_request():144] handle_request: get_summary
2023-09-30 14:53:42,009 DEBUG   SenderThread:10701 [sender.py:send_request():406] send_request: server_info
2023-09-30 14:53:42,009 DEBUG   HandlerThread:10701 [handler.py:handle_request():144] handle_request: sampled_history
2023-09-30 14:53:42,010 DEBUG   HandlerThread:10701 [handler.py:handle_request():144] handle_request: internal_messages
2023-09-30 14:53:42,010 DEBUG   HandlerThread:10701 [handler.py:handle_request():144] handle_request: job_info
2023-09-30 14:53:42,162 DEBUG   SenderThread:10701 [sender.py:send_request():406] send_request: job_info
2023-09-30 14:53:42,162 INFO    MainThread:10701 [wandb_run.py:_footer_history_summary_info():3557] rendering history
2023-09-30 14:53:42,163 INFO    MainThread:10701 [wandb_run.py:_footer_history_summary_info():3589] rendering summary
2023-09-30 14:53:42,163 INFO    MainThread:10701 [wandb_run.py:_footer_sync_info():3516] logging synced files
2023-09-30 14:53:42,163 DEBUG   HandlerThread:10701 [handler.py:handle_request():144] handle_request: shutdown
2023-09-30 14:53:42,163 INFO    HandlerThread:10701 [handler.py:finish():840] shutting down handler
2023-09-30 14:53:43,015 INFO    WriterThread:10701 [datastore.py:close():294] close: /Users/leo/Programming/PLR/wandb/run-20230930_144646-n2fcyep9/run-n2fcyep9.wandb
2023-09-30 14:53:43,168 INFO    SenderThread:10701 [sender.py:finish():1531] shutting down sender
2023-09-30 14:53:43,169 INFO    SenderThread:10701 [file_pusher.py:finish():175] shutting down file pusher
2023-09-30 14:53:43,169 INFO    SenderThread:10701 [file_pusher.py:join():181] waiting for file pusher
