2023-09-30 19:33:55,389 INFO    StreamThr :17925 [internal.py:wandb_internal():86] W&B internal server running at pid: 17925, started at: 2023-09-30 19:33:55.388861
2023-09-30 19:33:55,391 DEBUG   HandlerThread:17925 [handler.py:handle_request():144] handle_request: status
2023-09-30 19:33:55,393 INFO    WriterThread:17925 [datastore.py:open_for_write():85] open: /Users/leo/Programming/PLR/wandb/run-20230930_193354-pz2kjw6l/run-pz2kjw6l.wandb
2023-09-30 19:33:55,393 DEBUG   SenderThread:17925 [sender.py:send():379] send: header
2023-09-30 19:33:55,393 DEBUG   SenderThread:17925 [sender.py:send():379] send: run
2023-09-30 19:33:55,749 INFO    SenderThread:17925 [dir_watcher.py:__init__():211] watching files in: /Users/leo/Programming/PLR/wandb/run-20230930_193354-pz2kjw6l/files
2023-09-30 19:33:55,749 INFO    SenderThread:17925 [sender.py:_start_run_threads():1121] run started: pz2kjw6l with start time 1696098834.427863
2023-09-30 19:33:55,757 DEBUG   HandlerThread:17925 [handler.py:handle_request():144] handle_request: check_version
2023-09-30 19:33:55,757 DEBUG   SenderThread:17925 [sender.py:send_request():406] send_request: check_version
2023-09-30 19:33:55,898 DEBUG   HandlerThread:17925 [handler.py:handle_request():144] handle_request: run_start
2023-09-30 19:33:55,900 DEBUG   HandlerThread:17925 [system_info.py:__init__():32] System info init
2023-09-30 19:33:55,900 DEBUG   HandlerThread:17925 [system_info.py:__init__():47] System info init done
2023-09-30 19:33:55,900 INFO    HandlerThread:17925 [system_monitor.py:start():181] Starting system monitor
2023-09-30 19:33:55,900 INFO    SystemMonitor:17925 [system_monitor.py:_start():145] Starting system asset monitoring threads
2023-09-30 19:33:55,900 INFO    HandlerThread:17925 [system_monitor.py:probe():201] Collecting system info
2023-09-30 19:33:55,901 DEBUG   HandlerThread:17925 [system_info.py:probe():196] Probing system
2023-09-30 19:33:55,901 INFO    SystemMonitor:17925 [interfaces.py:start():190] Started cpu monitoring
2023-09-30 19:33:55,901 INFO    SystemMonitor:17925 [interfaces.py:start():190] Started disk monitoring
2023-09-30 19:33:55,903 INFO    SystemMonitor:17925 [interfaces.py:start():190] Started gpuapple monitoring
2023-09-30 19:33:55,904 INFO    SystemMonitor:17925 [interfaces.py:start():190] Started memory monitoring
2023-09-30 19:33:55,913 INFO    SystemMonitor:17925 [interfaces.py:start():190] Started network monitoring
2023-09-30 19:33:55,915 DEBUG   HandlerThread:17925 [system_info.py:_probe_git():181] Probing git
2023-09-30 19:33:55,933 DEBUG   HandlerThread:17925 [system_info.py:_probe_git():189] Probing git done
2023-09-30 19:33:55,933 DEBUG   HandlerThread:17925 [system_info.py:probe():244] Probing system done
2023-09-30 19:33:55,933 DEBUG   HandlerThread:17925 [system_monitor.py:probe():210] {'os': 'macOS-14.0-arm64-arm-64bit', 'python': '3.11.4', 'heartbeatAt': '2023-09-30T18:33:55.901672', 'startedAt': '2023-09-30T18:33:54.423404', 'docker': None, 'cuda': None, 'args': (), 'state': 'running', 'program': '/Users/leo/Programming/PLR/Leo/gen_algo_opt_folder/genetic_algorithm.py', 'codePathLocal': 'Leo/gen_algo_opt_folder/genetic_algorithm.py', 'codePath': 'Leo/gen_algo_opt_folder/genetic_algorithm.py', 'git': {'remote': 'https://github.com/leothesouthafrican/PLR.git', 'commit': '5fd3a4eb908a10330b25120a123e86d552235212'}, 'email': '38779415+leothesouthafrican@users.noreply.github.com', 'root': '/Users/leo/Programming/PLR', 'host': 'Leos-MacBook-Pro.local', 'username': 'leo', 'executable': '/Users/leo/Programming/PLR/Leo/env/bin/python3', 'cpu_count': 10, 'cpu_count_logical': 10, 'disk': {'/': {'total': 855.9619140625, 'used': 12.108589172363281}}, 'gpuapple': {'type': 'arm', 'vendor': 'Apple'}, 'memory': {'total': 32.0}}
2023-09-30 19:33:55,933 INFO    HandlerThread:17925 [system_monitor.py:probe():211] Finished collecting system info
2023-09-30 19:33:55,933 INFO    HandlerThread:17925 [system_monitor.py:probe():214] Publishing system info
2023-09-30 19:33:55,933 DEBUG   HandlerThread:17925 [system_info.py:_save_pip():52] Saving list of pip packages installed into the current environment
2023-09-30 19:33:55,933 DEBUG   HandlerThread:17925 [system_info.py:_save_pip():68] Saving pip packages done
2023-09-30 19:33:55,934 INFO    HandlerThread:17925 [system_monitor.py:probe():216] Finished publishing system info
2023-09-30 19:33:55,934 DEBUG   SenderThread:17925 [sender.py:send():379] send: files
2023-09-30 19:33:55,934 INFO    SenderThread:17925 [sender.py:_save_file():1375] saving file wandb-metadata.json with policy now
2023-09-30 19:33:55,938 DEBUG   SenderThread:17925 [sender.py:send():379] send: telemetry
2023-09-30 19:33:55,938 DEBUG   HandlerThread:17925 [handler.py:handle_request():144] handle_request: stop_status
2023-09-30 19:33:55,938 DEBUG   SenderThread:17925 [sender.py:send_request():406] send_request: stop_status
2023-09-30 19:33:55,938 DEBUG   HandlerThread:17925 [handler.py:handle_request():144] handle_request: internal_messages
2023-09-30 19:33:56,188 DEBUG   SenderThread:17925 [sender.py:send():379] send: config
2023-09-30 19:33:56,703 INFO    wandb-upload_0:17925 [upload_job.py:push():131] Uploaded file /var/folders/dt/bgs1hq3d2k3dvhpt3llvs4rw0000gn/T/tmpwj_a6mekwandb/smefjs2z-wandb-metadata.json
2023-09-30 19:33:56,776 INFO    Thread-92 :17925 [dir_watcher.py:_on_file_created():271] file/dir created: /Users/leo/Programming/PLR/wandb/run-20230930_193354-pz2kjw6l/files/wandb-metadata.json
2023-09-30 19:33:56,782 INFO    Thread-92 :17925 [dir_watcher.py:_on_file_created():271] file/dir created: /Users/leo/Programming/PLR/wandb/run-20230930_193354-pz2kjw6l/files/output.log
2023-09-30 19:33:56,782 INFO    Thread-92 :17925 [dir_watcher.py:_on_file_created():271] file/dir created: /Users/leo/Programming/PLR/wandb/run-20230930_193354-pz2kjw6l/files/requirements.txt
2023-09-30 19:33:58,769 INFO    Thread-92 :17925 [dir_watcher.py:_on_file_modified():288] file/dir modified: /Users/leo/Programming/PLR/wandb/run-20230930_193354-pz2kjw6l/files/output.log
2023-09-30 19:34:00,752 DEBUG   HandlerThread:17925 [handler.py:handle_request():144] handle_request: status_report
2023-09-30 19:34:00,779 INFO    Thread-92 :17925 [dir_watcher.py:_on_file_modified():288] file/dir modified: /Users/leo/Programming/PLR/wandb/run-20230930_193354-pz2kjw6l/files/output.log
2023-09-30 19:34:02,791 INFO    Thread-92 :17925 [dir_watcher.py:_on_file_modified():288] file/dir modified: /Users/leo/Programming/PLR/wandb/run-20230930_193354-pz2kjw6l/files/output.log
2023-09-30 19:34:04,815 INFO    Thread-92 :17925 [dir_watcher.py:_on_file_modified():288] file/dir modified: /Users/leo/Programming/PLR/wandb/run-20230930_193354-pz2kjw6l/files/output.log
2023-09-30 19:34:06,032 DEBUG   HandlerThread:17925 [handler.py:handle_request():144] handle_request: status_report
2023-09-30 19:34:06,845 INFO    Thread-92 :17925 [dir_watcher.py:_on_file_modified():288] file/dir modified: /Users/leo/Programming/PLR/wandb/run-20230930_193354-pz2kjw6l/files/output.log
2023-09-30 19:34:08,841 INFO    Thread-92 :17925 [dir_watcher.py:_on_file_modified():288] file/dir modified: /Users/leo/Programming/PLR/wandb/run-20230930_193354-pz2kjw6l/files/output.log
2023-09-30 19:34:10,864 INFO    Thread-92 :17925 [dir_watcher.py:_on_file_modified():288] file/dir modified: /Users/leo/Programming/PLR/wandb/run-20230930_193354-pz2kjw6l/files/output.log
2023-09-30 19:34:10,939 DEBUG   HandlerThread:17925 [handler.py:handle_request():144] handle_request: stop_status
2023-09-30 19:34:10,940 DEBUG   HandlerThread:17925 [handler.py:handle_request():144] handle_request: internal_messages
2023-09-30 19:34:10,940 DEBUG   SenderThread:17925 [sender.py:send_request():406] send_request: stop_status
2023-09-30 19:34:11,199 DEBUG   HandlerThread:17925 [handler.py:handle_request():144] handle_request: status_report
2023-09-30 19:34:12,890 INFO    Thread-92 :17925 [dir_watcher.py:_on_file_modified():288] file/dir modified: /Users/leo/Programming/PLR/wandb/run-20230930_193354-pz2kjw6l/files/output.log
2023-09-30 19:34:13,872 DEBUG   HandlerThread:17925 [handler.py:handle_request():144] handle_request: partial_history
2023-09-30 19:34:13,873 DEBUG   SenderThread:17925 [sender.py:send():379] send: history
2023-09-30 19:34:13,873 DEBUG   SenderThread:17925 [sender.py:send_request():406] send_request: summary_record
2023-09-30 19:34:13,873 INFO    SenderThread:17925 [sender.py:_save_file():1375] saving file wandb-summary.json with policy end
2023-09-30 19:34:13,879 INFO    Thread-92 :17925 [dir_watcher.py:_on_file_created():271] file/dir created: /Users/leo/Programming/PLR/wandb/run-20230930_193354-pz2kjw6l/files/wandb-summary.json
2023-09-30 19:34:14,888 INFO    Thread-92 :17925 [dir_watcher.py:_on_file_modified():288] file/dir modified: /Users/leo/Programming/PLR/wandb/run-20230930_193354-pz2kjw6l/files/output.log
2023-09-30 19:34:16,767 DEBUG   HandlerThread:17925 [handler.py:handle_request():144] handle_request: status_report
2023-09-30 19:34:16,892 INFO    Thread-92 :17925 [dir_watcher.py:_on_file_modified():288] file/dir modified: /Users/leo/Programming/PLR/wandb/run-20230930_193354-pz2kjw6l/files/output.log
2023-09-30 19:34:18,904 INFO    Thread-92 :17925 [dir_watcher.py:_on_file_modified():288] file/dir modified: /Users/leo/Programming/PLR/wandb/run-20230930_193354-pz2kjw6l/files/output.log
2023-09-30 19:34:20,969 INFO    Thread-92 :17925 [dir_watcher.py:_on_file_modified():288] file/dir modified: /Users/leo/Programming/PLR/wandb/run-20230930_193354-pz2kjw6l/files/output.log
2023-09-30 19:34:22,653 DEBUG   HandlerThread:17925 [handler.py:handle_request():144] handle_request: status_report
2023-09-30 19:34:22,994 INFO    Thread-92 :17925 [dir_watcher.py:_on_file_modified():288] file/dir modified: /Users/leo/Programming/PLR/wandb/run-20230930_193354-pz2kjw6l/files/output.log
2023-09-30 19:34:25,008 INFO    Thread-92 :17925 [dir_watcher.py:_on_file_modified():288] file/dir modified: /Users/leo/Programming/PLR/wandb/run-20230930_193354-pz2kjw6l/files/output.log
2023-09-30 19:34:25,944 DEBUG   HandlerThread:17925 [handler.py:handle_request():144] handle_request: stop_status
2023-09-30 19:34:25,944 DEBUG   HandlerThread:17925 [handler.py:handle_request():144] handle_request: internal_messages
2023-09-30 19:34:25,946 DEBUG   SenderThread:17925 [sender.py:send_request():406] send_request: stop_status
2023-09-30 19:34:27,030 INFO    Thread-92 :17925 [dir_watcher.py:_on_file_modified():288] file/dir modified: /Users/leo/Programming/PLR/wandb/run-20230930_193354-pz2kjw6l/files/output.log
2023-09-30 19:34:28,092 DEBUG   HandlerThread:17925 [handler.py:handle_request():144] handle_request: status_report
2023-09-30 19:34:29,044 INFO    Thread-92 :17925 [dir_watcher.py:_on_file_modified():288] file/dir modified: /Users/leo/Programming/PLR/wandb/run-20230930_193354-pz2kjw6l/files/config.yaml
2023-09-30 19:34:29,044 INFO    Thread-92 :17925 [dir_watcher.py:_on_file_modified():288] file/dir modified: /Users/leo/Programming/PLR/wandb/run-20230930_193354-pz2kjw6l/files/output.log
2023-09-30 19:34:31,070 INFO    Thread-92 :17925 [dir_watcher.py:_on_file_modified():288] file/dir modified: /Users/leo/Programming/PLR/wandb/run-20230930_193354-pz2kjw6l/files/output.log
2023-09-30 19:34:32,473 DEBUG   HandlerThread:17925 [handler.py:handle_request():144] handle_request: partial_history
2023-09-30 19:34:32,474 DEBUG   SenderThread:17925 [sender.py:send():379] send: history
2023-09-30 19:34:32,474 DEBUG   SenderThread:17925 [sender.py:send_request():406] send_request: summary_record
2023-09-30 19:34:32,474 INFO    SenderThread:17925 [sender.py:_save_file():1375] saving file wandb-summary.json with policy end
2023-09-30 19:34:33,095 INFO    Thread-92 :17925 [dir_watcher.py:_on_file_modified():288] file/dir modified: /Users/leo/Programming/PLR/wandb/run-20230930_193354-pz2kjw6l/files/wandb-summary.json
2023-09-30 19:34:33,096 INFO    Thread-92 :17925 [dir_watcher.py:_on_file_modified():288] file/dir modified: /Users/leo/Programming/PLR/wandb/run-20230930_193354-pz2kjw6l/files/output.log
2023-09-30 19:34:33,443 DEBUG   HandlerThread:17925 [handler.py:handle_request():144] handle_request: status_report
2023-09-30 19:34:35,105 INFO    Thread-92 :17925 [dir_watcher.py:_on_file_modified():288] file/dir modified: /Users/leo/Programming/PLR/wandb/run-20230930_193354-pz2kjw6l/files/output.log
2023-09-30 19:34:37,115 INFO    Thread-92 :17925 [dir_watcher.py:_on_file_modified():288] file/dir modified: /Users/leo/Programming/PLR/wandb/run-20230930_193354-pz2kjw6l/files/output.log
2023-09-30 19:34:38,757 DEBUG   HandlerThread:17925 [handler.py:handle_request():144] handle_request: status_report
2023-09-30 19:34:39,125 INFO    Thread-92 :17925 [dir_watcher.py:_on_file_modified():288] file/dir modified: /Users/leo/Programming/PLR/wandb/run-20230930_193354-pz2kjw6l/files/output.log
2023-09-30 19:34:40,951 DEBUG   HandlerThread:17925 [handler.py:handle_request():144] handle_request: internal_messages
2023-09-30 19:34:40,951 DEBUG   HandlerThread:17925 [handler.py:handle_request():144] handle_request: stop_status
2023-09-30 19:34:40,951 DEBUG   SenderThread:17925 [sender.py:send_request():406] send_request: stop_status
2023-09-30 19:34:41,136 INFO    Thread-92 :17925 [dir_watcher.py:_on_file_modified():288] file/dir modified: /Users/leo/Programming/PLR/wandb/run-20230930_193354-pz2kjw6l/files/output.log
2023-09-30 19:34:43,141 INFO    Thread-92 :17925 [dir_watcher.py:_on_file_modified():288] file/dir modified: /Users/leo/Programming/PLR/wandb/run-20230930_193354-pz2kjw6l/files/output.log
2023-09-30 19:34:44,135 DEBUG   HandlerThread:17925 [handler.py:handle_request():144] handle_request: status_report
2023-09-30 19:34:45,148 INFO    Thread-92 :17925 [dir_watcher.py:_on_file_modified():288] file/dir modified: /Users/leo/Programming/PLR/wandb/run-20230930_193354-pz2kjw6l/files/output.log
2023-09-30 19:34:47,192 INFO    Thread-92 :17925 [dir_watcher.py:_on_file_modified():288] file/dir modified: /Users/leo/Programming/PLR/wandb/run-20230930_193354-pz2kjw6l/files/output.log
2023-09-30 19:34:49,202 INFO    Thread-92 :17925 [dir_watcher.py:_on_file_modified():288] file/dir modified: /Users/leo/Programming/PLR/wandb/run-20230930_193354-pz2kjw6l/files/output.log
2023-09-30 19:34:49,451 DEBUG   HandlerThread:17925 [handler.py:handle_request():144] handle_request: status_report
2023-09-30 19:34:50,402 DEBUG   HandlerThread:17925 [handler.py:handle_request():144] handle_request: partial_history
2023-09-30 19:34:50,403 DEBUG   SenderThread:17925 [sender.py:send():379] send: history
2023-09-30 19:34:50,403 DEBUG   SenderThread:17925 [sender.py:send_request():406] send_request: summary_record
2023-09-30 19:34:50,403 INFO    SenderThread:17925 [sender.py:_save_file():1375] saving file wandb-summary.json with policy end
2023-09-30 19:34:51,205 INFO    Thread-92 :17925 [dir_watcher.py:_on_file_modified():288] file/dir modified: /Users/leo/Programming/PLR/wandb/run-20230930_193354-pz2kjw6l/files/wandb-summary.json
2023-09-30 19:34:51,205 INFO    Thread-92 :17925 [dir_watcher.py:_on_file_modified():288] file/dir modified: /Users/leo/Programming/PLR/wandb/run-20230930_193354-pz2kjw6l/files/output.log
2023-09-30 19:34:53,213 INFO    Thread-92 :17925 [dir_watcher.py:_on_file_modified():288] file/dir modified: /Users/leo/Programming/PLR/wandb/run-20230930_193354-pz2kjw6l/files/output.log
2023-09-30 19:34:55,222 INFO    Thread-92 :17925 [dir_watcher.py:_on_file_modified():288] file/dir modified: /Users/leo/Programming/PLR/wandb/run-20230930_193354-pz2kjw6l/files/output.log
2023-09-30 19:34:55,270 DEBUG   HandlerThread:17925 [handler.py:handle_request():144] handle_request: status_report
2023-09-30 19:34:55,914 DEBUG   SystemMonitor:17925 [system_monitor.py:_start():159] Starting system metrics aggregation loop
2023-09-30 19:34:55,915 DEBUG   SenderThread:17925 [sender.py:send():379] send: telemetry
2023-09-30 19:34:55,915 DEBUG   SenderThread:17925 [sender.py:send():379] send: stats
2023-09-30 19:34:56,082 INFO    cpu       :17925 [interfaces.py:monitor():140] Process cpu has exited.
2023-09-30 19:34:56,083 DEBUG   SystemMonitor:17925 [system_monitor.py:_start():166] Finished system metrics aggregation loop
2023-09-30 19:34:56,084 DEBUG   SystemMonitor:17925 [system_monitor.py:_start():170] Publishing last batch of metrics
2023-09-30 19:34:56,085 DEBUG   SenderThread:17925 [sender.py:send():379] send: stats
2023-09-30 19:34:57,236 INFO    Thread-92 :17925 [dir_watcher.py:_on_file_modified():288] file/dir modified: /Users/leo/Programming/PLR/wandb/run-20230930_193354-pz2kjw6l/files/output.log
2023-09-30 19:34:57,325 INFO    MainThread:17925 [internal.py:handle_exit():76] Internal process exited
2023-09-30 19:34:57,325 INFO    MainThread:17925 [internal.py:handle_exit():76] Internal process exited
2023-09-30 19:34:57,325 INFO    MainThread:17925 [internal.py:handle_exit():76] Internal process exited
2023-09-30 19:34:57,325 INFO    MainThread:17925 [internal.py:handle_exit():76] Internal process exited
2023-09-30 19:34:57,325 INFO    MainThread:17925 [internal.py:handle_exit():76] Internal process exited
2023-09-30 19:34:57,325 INFO    MainThread:17925 [internal.py:handle_exit():76] Internal process exited
2023-09-30 19:34:57,325 INFO    MainThread:17925 [internal.py:handle_exit():76] Internal process exited
