2023-09-30 15:33:02,921 INFO    MainThread:11637 [wandb_setup.py:_flush():76] Current SDK version is 0.15.10
2023-09-30 15:33:02,921 INFO    MainThread:11637 [wandb_setup.py:_flush():76] Configure stats pid to 11637
2023-09-30 15:33:02,921 INFO    MainThread:11637 [wandb_setup.py:_flush():76] Loading settings from /Users/leo/.config/wandb/settings
2023-09-30 15:33:02,921 INFO    MainThread:11637 [wandb_setup.py:_flush():76] Loading settings from /Users/leo/Programming/PLR/wandb/settings
2023-09-30 15:33:02,921 INFO    MainThread:11637 [wandb_setup.py:_flush():76] Loading settings from environment variables: {}
2023-09-30 15:33:02,922 INFO    MainThread:11637 [wandb_setup.py:_flush():76] Applying setup settings: {'_disable_service': False}
2023-09-30 15:33:02,922 INFO    MainThread:11637 [wandb_setup.py:_flush():76] Inferring run settings from compute environment: {'program_relpath': 'Leo/gen_algo_opt_folder/genetic_algorithm.py', 'program': '/Users/leo/Programming/PLR/Leo/gen_algo_opt_folder/genetic_algorithm.py'}
2023-09-30 15:33:02,922 INFO    MainThread:11637 [wandb_init.py:_log_setup():524] Logging user logs to /Users/leo/Programming/PLR/wandb/run-20230930_153302-pydzdr1i/logs/debug.log
2023-09-30 15:33:02,922 INFO    MainThread:11637 [wandb_init.py:_log_setup():525] Logging internal logs to /Users/leo/Programming/PLR/wandb/run-20230930_153302-pydzdr1i/logs/debug-internal.log
2023-09-30 15:33:02,922 INFO    MainThread:11637 [wandb_init.py:init():564] calling init triggers
2023-09-30 15:33:02,922 INFO    MainThread:11637 [wandb_init.py:init():571] wandb.init called with sweep_config: {}
config: {}
2023-09-30 15:33:02,922 INFO    MainThread:11637 [wandb_init.py:init():614] starting backend
2023-09-30 15:33:02,922 INFO    MainThread:11637 [wandb_init.py:init():618] setting up manager
2023-09-30 15:33:02,923 INFO    MainThread:11637 [backend.py:_multiprocessing_setup():105] multiprocessing start_methods=spawn,fork,forkserver, using: spawn
2023-09-30 15:33:02,925 INFO    MainThread:11637 [wandb_init.py:init():624] backend started and connected
2023-09-30 15:33:02,929 INFO    MainThread:11637 [wandb_init.py:init():715] updated telemetry
2023-09-30 15:33:02,955 INFO    MainThread:11637 [wandb_init.py:init():748] communicating run to backend with 90.0 second timeout
2023-09-30 15:33:03,330 INFO    MainThread:11637 [wandb_run.py:_on_init():2220] communicating current version
2023-09-30 15:33:03,441 INFO    MainThread:11637 [wandb_run.py:_on_init():2229] got version response upgrade_message: "wandb version 0.15.11 is available!  To upgrade, please run:\n $ pip install wandb --upgrade"

2023-09-30 15:33:03,441 INFO    MainThread:11637 [wandb_init.py:init():799] starting run threads in backend
2023-09-30 15:33:03,486 INFO    MainThread:11637 [wandb_run.py:_console_start():2199] atexit reg
2023-09-30 15:33:03,487 INFO    MainThread:11637 [wandb_run.py:_redirect():2054] redirect: wrap_raw
2023-09-30 15:33:03,487 INFO    MainThread:11637 [wandb_run.py:_redirect():2119] Wrapping output streams.
2023-09-30 15:33:03,487 INFO    MainThread:11637 [wandb_run.py:_redirect():2144] Redirects installed.
2023-09-30 15:33:03,487 INFO    MainThread:11637 [wandb_init.py:init():840] run started, returning control to user process
2023-09-30 15:33:19,435 WARNING MsgRouterThr:11637 [router.py:message_loop():77] message_loop has been closed
