2023-09-30 14:39:50,252 INFO    StreamThr :10237 [internal.py:wandb_internal():86] W&B internal server running at pid: 10237, started at: 2023-09-30 14:39:50.251599
2023-09-30 14:39:50,253 DEBUG   HandlerThread:10237 [handler.py:handle_request():144] handle_request: status
2023-09-30 14:39:50,257 INFO    WriterThread:10237 [datastore.py:open_for_write():85] open: /Users/leo/Programming/PLR/wandb/run-20230930_143950-aa8cfk4n/run-aa8cfk4n.wandb
2023-09-30 14:39:50,258 DEBUG   SenderThread:10237 [sender.py:send():379] send: header
2023-09-30 14:39:50,288 DEBUG   SenderThread:10237 [sender.py:send():379] send: run
2023-09-30 14:39:50,774 INFO    SenderThread:10237 [dir_watcher.py:__init__():211] watching files in: /Users/leo/Programming/PLR/wandb/run-20230930_143950-aa8cfk4n/files
2023-09-30 14:39:50,774 INFO    SenderThread:10237 [sender.py:_start_run_threads():1121] run started: aa8cfk4n with start time 1696081190.252238
2023-09-30 14:39:50,788 DEBUG   HandlerThread:10237 [handler.py:handle_request():144] handle_request: check_version
2023-09-30 14:39:50,789 DEBUG   SenderThread:10237 [sender.py:send_request():406] send_request: check_version
2023-09-30 14:39:50,843 DEBUG   HandlerThread:10237 [handler.py:handle_request():144] handle_request: run_start
2023-09-30 14:39:50,855 DEBUG   HandlerThread:10237 [system_info.py:__init__():32] System info init
2023-09-30 14:39:50,856 DEBUG   HandlerThread:10237 [system_info.py:__init__():47] System info init done
2023-09-30 14:39:50,856 INFO    HandlerThread:10237 [system_monitor.py:start():181] Starting system monitor
2023-09-30 14:39:50,856 INFO    SystemMonitor:10237 [system_monitor.py:_start():145] Starting system asset monitoring threads
2023-09-30 14:39:50,856 INFO    HandlerThread:10237 [system_monitor.py:probe():201] Collecting system info
2023-09-30 14:39:50,857 INFO    SystemMonitor:10237 [interfaces.py:start():190] Started cpu monitoring
2023-09-30 14:39:50,859 DEBUG   HandlerThread:10237 [system_info.py:probe():196] Probing system
2023-09-30 14:39:50,859 INFO    SystemMonitor:10237 [interfaces.py:start():190] Started disk monitoring
2023-09-30 14:39:50,861 INFO    SystemMonitor:10237 [interfaces.py:start():190] Started gpuapple monitoring
2023-09-30 14:39:50,863 INFO    SystemMonitor:10237 [interfaces.py:start():190] Started memory monitoring
2023-09-30 14:39:50,863 INFO    SystemMonitor:10237 [interfaces.py:start():190] Started network monitoring
2023-09-30 14:39:50,867 DEBUG   HandlerThread:10237 [system_info.py:_probe_git():181] Probing git
2023-09-30 14:39:50,879 DEBUG   HandlerThread:10237 [system_info.py:_probe_git():189] Probing git done
2023-09-30 14:39:50,879 DEBUG   HandlerThread:10237 [system_info.py:probe():244] Probing system done
2023-09-30 14:39:50,879 DEBUG   HandlerThread:10237 [system_monitor.py:probe():210] {'os': 'macOS-14.0-arm64-arm-64bit', 'python': '3.11.4', 'heartbeatAt': '2023-09-30T13:39:50.859116', 'startedAt': '2023-09-30T13:39:50.244931', 'docker': None, 'cuda': None, 'args': (), 'state': 'running', 'program': '/Users/leo/Programming/PLR/Leo/gen_algo_opt_folder/genetic_algorithm.py', 'codePathLocal': 'Leo/gen_algo_opt_folder/genetic_algorithm.py', 'codePath': 'Leo/gen_algo_opt_folder/genetic_algorithm.py', 'git': {'remote': 'https://github.com/leothesouthafrican/PLR.git', 'commit': '7589be778cebd92f972ede671c501681bad7604d'}, 'email': '38779415+leothesouthafrican@users.noreply.github.com', 'root': '/Users/leo/Programming/PLR', 'host': 'Leos-MacBook-Pro.local', 'username': 'leo', 'executable': '/Users/leo/Programming/PLR/Leo/env/bin/python3', 'cpu_count': 10, 'cpu_count_logical': 10, 'disk': {'/': {'total': 855.9619140625, 'used': 12.108589172363281}}, 'gpuapple': {'type': 'arm', 'vendor': 'Apple'}, 'memory': {'total': 32.0}}
2023-09-30 14:39:50,879 INFO    HandlerThread:10237 [system_monitor.py:probe():211] Finished collecting system info
2023-09-30 14:39:50,879 INFO    HandlerThread:10237 [system_monitor.py:probe():214] Publishing system info
2023-09-30 14:39:50,879 DEBUG   HandlerThread:10237 [system_info.py:_save_pip():52] Saving list of pip packages installed into the current environment
2023-09-30 14:39:50,879 DEBUG   HandlerThread:10237 [system_info.py:_save_pip():68] Saving pip packages done
2023-09-30 14:39:50,880 INFO    HandlerThread:10237 [system_monitor.py:probe():216] Finished publishing system info
2023-09-30 14:39:50,881 DEBUG   SenderThread:10237 [sender.py:send():379] send: files
2023-09-30 14:39:50,881 INFO    SenderThread:10237 [sender.py:_save_file():1375] saving file wandb-metadata.json with policy now
2023-09-30 14:39:50,884 DEBUG   HandlerThread:10237 [handler.py:handle_request():144] handle_request: stop_status
2023-09-30 14:39:50,884 DEBUG   HandlerThread:10237 [handler.py:handle_request():144] handle_request: internal_messages
2023-09-30 14:39:50,884 DEBUG   SenderThread:10237 [sender.py:send_request():406] send_request: stop_status
2023-09-30 14:39:51,129 DEBUG   SenderThread:10237 [sender.py:send():379] send: telemetry
2023-09-30 14:39:51,427 INFO    wandb-upload_0:10237 [upload_job.py:push():131] Uploaded file /var/folders/dt/bgs1hq3d2k3dvhpt3llvs4rw0000gn/T/tmp46fhniniwandb/b6c94axt-wandb-metadata.json
2023-09-30 14:39:51,779 INFO    Thread-12 :10237 [dir_watcher.py:_on_file_created():271] file/dir created: /Users/leo/Programming/PLR/wandb/run-20230930_143950-aa8cfk4n/files/wandb-metadata.json
2023-09-30 14:39:51,780 INFO    Thread-12 :10237 [dir_watcher.py:_on_file_created():271] file/dir created: /Users/leo/Programming/PLR/wandb/run-20230930_143950-aa8cfk4n/files/output.log
2023-09-30 14:39:51,780 INFO    Thread-12 :10237 [dir_watcher.py:_on_file_created():271] file/dir created: /Users/leo/Programming/PLR/wandb/run-20230930_143950-aa8cfk4n/files/requirements.txt
2023-09-30 14:39:53,785 INFO    Thread-12 :10237 [dir_watcher.py:_on_file_modified():288] file/dir modified: /Users/leo/Programming/PLR/wandb/run-20230930_143950-aa8cfk4n/files/output.log
2023-09-30 14:39:55,379 DEBUG   HandlerThread:10237 [handler.py:handle_request():144] handle_request: status_report
2023-09-30 14:39:55,795 INFO    Thread-12 :10237 [dir_watcher.py:_on_file_modified():288] file/dir modified: /Users/leo/Programming/PLR/wandb/run-20230930_143950-aa8cfk4n/files/output.log
2023-09-30 14:39:57,811 INFO    Thread-12 :10237 [dir_watcher.py:_on_file_modified():288] file/dir modified: /Users/leo/Programming/PLR/wandb/run-20230930_143950-aa8cfk4n/files/output.log
2023-09-30 14:39:59,821 INFO    Thread-12 :10237 [dir_watcher.py:_on_file_modified():288] file/dir modified: /Users/leo/Programming/PLR/wandb/run-20230930_143950-aa8cfk4n/files/output.log
2023-09-30 14:40:00,565 DEBUG   HandlerThread:10237 [handler.py:handle_request():144] handle_request: status_report
2023-09-30 14:40:01,832 INFO    Thread-12 :10237 [dir_watcher.py:_on_file_modified():288] file/dir modified: /Users/leo/Programming/PLR/wandb/run-20230930_143950-aa8cfk4n/files/output.log
2023-09-30 14:40:03,842 INFO    Thread-12 :10237 [dir_watcher.py:_on_file_modified():288] file/dir modified: /Users/leo/Programming/PLR/wandb/run-20230930_143950-aa8cfk4n/files/output.log
2023-09-30 14:40:05,853 INFO    Thread-12 :10237 [dir_watcher.py:_on_file_modified():288] file/dir modified: /Users/leo/Programming/PLR/wandb/run-20230930_143950-aa8cfk4n/files/output.log
2023-09-30 14:40:05,889 DEBUG   HandlerThread:10237 [handler.py:handle_request():144] handle_request: internal_messages
2023-09-30 14:40:05,890 DEBUG   HandlerThread:10237 [handler.py:handle_request():144] handle_request: status_report
2023-09-30 14:40:05,890 DEBUG   HandlerThread:10237 [handler.py:handle_request():144] handle_request: stop_status
2023-09-30 14:40:05,890 DEBUG   SenderThread:10237 [sender.py:send_request():406] send_request: stop_status
2023-09-30 14:40:07,863 INFO    Thread-12 :10237 [dir_watcher.py:_on_file_modified():288] file/dir modified: /Users/leo/Programming/PLR/wandb/run-20230930_143950-aa8cfk4n/files/output.log
2023-09-30 14:40:09,868 INFO    Thread-12 :10237 [dir_watcher.py:_on_file_modified():288] file/dir modified: /Users/leo/Programming/PLR/wandb/run-20230930_143950-aa8cfk4n/files/output.log
2023-09-30 14:40:11,117 DEBUG   HandlerThread:10237 [handler.py:handle_request():144] handle_request: status_report
2023-09-30 14:40:11,879 INFO    Thread-12 :10237 [dir_watcher.py:_on_file_modified():288] file/dir modified: /Users/leo/Programming/PLR/wandb/run-20230930_143950-aa8cfk4n/files/output.log
2023-09-30 14:40:13,895 INFO    Thread-12 :10237 [dir_watcher.py:_on_file_modified():288] file/dir modified: /Users/leo/Programming/PLR/wandb/run-20230930_143950-aa8cfk4n/files/output.log
2023-09-30 14:40:15,919 INFO    Thread-12 :10237 [dir_watcher.py:_on_file_modified():288] file/dir modified: /Users/leo/Programming/PLR/wandb/run-20230930_143950-aa8cfk4n/files/output.log
2023-09-30 14:40:16,428 DEBUG   HandlerThread:10237 [handler.py:handle_request():144] handle_request: status_report
2023-09-30 14:40:17,920 INFO    Thread-12 :10237 [dir_watcher.py:_on_file_modified():288] file/dir modified: /Users/leo/Programming/PLR/wandb/run-20230930_143950-aa8cfk4n/files/output.log
2023-09-30 14:40:19,929 INFO    Thread-12 :10237 [dir_watcher.py:_on_file_modified():288] file/dir modified: /Users/leo/Programming/PLR/wandb/run-20230930_143950-aa8cfk4n/files/output.log
2023-09-30 14:40:20,902 DEBUG   HandlerThread:10237 [handler.py:handle_request():144] handle_request: internal_messages
2023-09-30 14:40:20,905 DEBUG   HandlerThread:10237 [handler.py:handle_request():144] handle_request: stop_status
2023-09-30 14:40:20,921 DEBUG   SenderThread:10237 [sender.py:send_request():406] send_request: stop_status
2023-09-30 14:40:21,462 DEBUG   HandlerThread:10237 [handler.py:handle_request():144] handle_request: status_report
2023-09-30 14:40:21,941 INFO    Thread-12 :10237 [dir_watcher.py:_on_file_modified():288] file/dir modified: /Users/leo/Programming/PLR/wandb/run-20230930_143950-aa8cfk4n/files/output.log
2023-09-30 14:40:21,941 INFO    Thread-12 :10237 [dir_watcher.py:_on_file_modified():288] file/dir modified: /Users/leo/Programming/PLR/wandb/run-20230930_143950-aa8cfk4n/files/config.yaml
2023-09-30 14:40:23,951 INFO    Thread-12 :10237 [dir_watcher.py:_on_file_modified():288] file/dir modified: /Users/leo/Programming/PLR/wandb/run-20230930_143950-aa8cfk4n/files/output.log
2023-09-30 14:40:25,961 INFO    Thread-12 :10237 [dir_watcher.py:_on_file_modified():288] file/dir modified: /Users/leo/Programming/PLR/wandb/run-20230930_143950-aa8cfk4n/files/output.log
2023-09-30 14:40:27,122 DEBUG   HandlerThread:10237 [handler.py:handle_request():144] handle_request: status_report
2023-09-30 14:40:27,976 INFO    Thread-12 :10237 [dir_watcher.py:_on_file_modified():288] file/dir modified: /Users/leo/Programming/PLR/wandb/run-20230930_143950-aa8cfk4n/files/output.log
2023-09-30 14:40:29,983 INFO    Thread-12 :10237 [dir_watcher.py:_on_file_modified():288] file/dir modified: /Users/leo/Programming/PLR/wandb/run-20230930_143950-aa8cfk4n/files/output.log
2023-09-30 14:40:31,991 INFO    Thread-12 :10237 [dir_watcher.py:_on_file_modified():288] file/dir modified: /Users/leo/Programming/PLR/wandb/run-20230930_143950-aa8cfk4n/files/output.log
2023-09-30 14:40:32,458 DEBUG   HandlerThread:10237 [handler.py:handle_request():144] handle_request: status_report
2023-09-30 14:40:33,997 INFO    Thread-12 :10237 [dir_watcher.py:_on_file_modified():288] file/dir modified: /Users/leo/Programming/PLR/wandb/run-20230930_143950-aa8cfk4n/files/output.log
2023-09-30 14:40:35,902 DEBUG   HandlerThread:10237 [handler.py:handle_request():144] handle_request: internal_messages
2023-09-30 14:40:35,908 DEBUG   HandlerThread:10237 [handler.py:handle_request():144] handle_request: stop_status
2023-09-30 14:40:35,909 DEBUG   SenderThread:10237 [sender.py:send_request():406] send_request: stop_status
2023-09-30 14:40:36,005 INFO    Thread-12 :10237 [dir_watcher.py:_on_file_modified():288] file/dir modified: /Users/leo/Programming/PLR/wandb/run-20230930_143950-aa8cfk4n/files/output.log
2023-09-30 14:40:37,137 DEBUG   HandlerThread:10237 [handler.py:handle_request():144] handle_request: partial_history
2023-09-30 14:40:37,238 DEBUG   SenderThread:10237 [sender.py:send():379] send: history
2023-09-30 14:40:37,238 DEBUG   SenderThread:10237 [sender.py:send_request():406] send_request: summary_record
2023-09-30 14:40:37,238 INFO    SenderThread:10237 [sender.py:_save_file():1375] saving file wandb-summary.json with policy end
2023-09-30 14:40:37,544 DEBUG   HandlerThread:10237 [handler.py:handle_request():144] handle_request: status_report
2023-09-30 14:40:38,016 INFO    Thread-12 :10237 [dir_watcher.py:_on_file_modified():288] file/dir modified: /Users/leo/Programming/PLR/wandb/run-20230930_143950-aa8cfk4n/files/output.log
2023-09-30 14:40:38,016 INFO    Thread-12 :10237 [dir_watcher.py:_on_file_created():271] file/dir created: /Users/leo/Programming/PLR/wandb/run-20230930_143950-aa8cfk4n/files/wandb-summary.json
2023-09-30 14:40:40,024 INFO    Thread-12 :10237 [dir_watcher.py:_on_file_modified():288] file/dir modified: /Users/leo/Programming/PLR/wandb/run-20230930_143950-aa8cfk4n/files/output.log
2023-09-30 14:40:42,030 INFO    Thread-12 :10237 [dir_watcher.py:_on_file_modified():288] file/dir modified: /Users/leo/Programming/PLR/wandb/run-20230930_143950-aa8cfk4n/files/output.log
2023-09-30 14:40:42,872 DEBUG   HandlerThread:10237 [handler.py:handle_request():144] handle_request: status_report
2023-09-30 14:40:44,038 INFO    Thread-12 :10237 [dir_watcher.py:_on_file_modified():288] file/dir modified: /Users/leo/Programming/PLR/wandb/run-20230930_143950-aa8cfk4n/files/output.log
2023-09-30 14:40:46,044 INFO    Thread-12 :10237 [dir_watcher.py:_on_file_modified():288] file/dir modified: /Users/leo/Programming/PLR/wandb/run-20230930_143950-aa8cfk4n/files/output.log
2023-09-30 14:40:48,044 DEBUG   HandlerThread:10237 [handler.py:handle_request():144] handle_request: status_report
2023-09-30 14:40:48,065 INFO    Thread-12 :10237 [dir_watcher.py:_on_file_modified():288] file/dir modified: /Users/leo/Programming/PLR/wandb/run-20230930_143950-aa8cfk4n/files/output.log
2023-09-30 14:40:50,081 INFO    Thread-12 :10237 [dir_watcher.py:_on_file_modified():288] file/dir modified: /Users/leo/Programming/PLR/wandb/run-20230930_143950-aa8cfk4n/files/output.log
2023-09-30 14:40:50,864 DEBUG   SystemMonitor:10237 [system_monitor.py:_start():159] Starting system metrics aggregation loop
2023-09-30 14:40:50,865 DEBUG   SenderThread:10237 [sender.py:send():379] send: telemetry
2023-09-30 14:40:50,865 DEBUG   SenderThread:10237 [sender.py:send():379] send: stats
2023-09-30 14:40:50,904 DEBUG   HandlerThread:10237 [handler.py:handle_request():144] handle_request: internal_messages
2023-09-30 14:40:50,911 DEBUG   HandlerThread:10237 [handler.py:handle_request():144] handle_request: stop_status
2023-09-30 14:40:50,911 DEBUG   SenderThread:10237 [sender.py:send_request():406] send_request: stop_status
2023-09-30 14:40:52,094 INFO    Thread-12 :10237 [dir_watcher.py:_on_file_modified():288] file/dir modified: /Users/leo/Programming/PLR/wandb/run-20230930_143950-aa8cfk4n/files/output.log
2023-09-30 14:40:53,060 DEBUG   HandlerThread:10237 [handler.py:handle_request():144] handle_request: status_report
2023-09-30 14:40:54,107 INFO    Thread-12 :10237 [dir_watcher.py:_on_file_modified():288] file/dir modified: /Users/leo/Programming/PLR/wandb/run-20230930_143950-aa8cfk4n/files/output.log
2023-09-30 14:40:54,108 INFO    Thread-12 :10237 [dir_watcher.py:_on_file_modified():288] file/dir modified: /Users/leo/Programming/PLR/wandb/run-20230930_143950-aa8cfk4n/files/config.yaml
2023-09-30 14:40:56,110 INFO    Thread-12 :10237 [dir_watcher.py:_on_file_modified():288] file/dir modified: /Users/leo/Programming/PLR/wandb/run-20230930_143950-aa8cfk4n/files/output.log
2023-09-30 14:40:58,127 INFO    Thread-12 :10237 [dir_watcher.py:_on_file_modified():288] file/dir modified: /Users/leo/Programming/PLR/wandb/run-20230930_143950-aa8cfk4n/files/output.log
2023-09-30 14:40:58,579 DEBUG   HandlerThread:10237 [handler.py:handle_request():144] handle_request: status_report
2023-09-30 14:41:00,136 INFO    Thread-12 :10237 [dir_watcher.py:_on_file_modified():288] file/dir modified: /Users/leo/Programming/PLR/wandb/run-20230930_143950-aa8cfk4n/files/output.log
2023-09-30 14:41:02,146 INFO    Thread-12 :10237 [dir_watcher.py:_on_file_modified():288] file/dir modified: /Users/leo/Programming/PLR/wandb/run-20230930_143950-aa8cfk4n/files/output.log
2023-09-30 14:41:03,711 DEBUG   HandlerThread:10237 [handler.py:handle_request():144] handle_request: status_report
2023-09-30 14:41:04,163 INFO    Thread-12 :10237 [dir_watcher.py:_on_file_modified():288] file/dir modified: /Users/leo/Programming/PLR/wandb/run-20230930_143950-aa8cfk4n/files/output.log
2023-09-30 14:41:05,907 DEBUG   HandlerThread:10237 [handler.py:handle_request():144] handle_request: internal_messages
2023-09-30 14:41:05,911 DEBUG   HandlerThread:10237 [handler.py:handle_request():144] handle_request: stop_status
2023-09-30 14:41:05,911 DEBUG   SenderThread:10237 [sender.py:send_request():406] send_request: stop_status
2023-09-30 14:41:06,169 INFO    Thread-12 :10237 [dir_watcher.py:_on_file_modified():288] file/dir modified: /Users/leo/Programming/PLR/wandb/run-20230930_143950-aa8cfk4n/files/output.log
2023-09-30 14:41:08,176 INFO    Thread-12 :10237 [dir_watcher.py:_on_file_modified():288] file/dir modified: /Users/leo/Programming/PLR/wandb/run-20230930_143950-aa8cfk4n/files/output.log
2023-09-30 14:41:08,952 DEBUG   HandlerThread:10237 [handler.py:handle_request():144] handle_request: status_report
2023-09-30 14:41:10,184 INFO    Thread-12 :10237 [dir_watcher.py:_on_file_modified():288] file/dir modified: /Users/leo/Programming/PLR/wandb/run-20230930_143950-aa8cfk4n/files/output.log
2023-09-30 14:41:12,195 INFO    Thread-12 :10237 [dir_watcher.py:_on_file_modified():288] file/dir modified: /Users/leo/Programming/PLR/wandb/run-20230930_143950-aa8cfk4n/files/output.log
2023-09-30 14:41:13,983 DEBUG   HandlerThread:10237 [handler.py:handle_request():144] handle_request: status_report
2023-09-30 14:41:14,204 INFO    Thread-12 :10237 [dir_watcher.py:_on_file_modified():288] file/dir modified: /Users/leo/Programming/PLR/wandb/run-20230930_143950-aa8cfk4n/files/output.log
2023-09-30 14:41:16,214 INFO    Thread-12 :10237 [dir_watcher.py:_on_file_modified():288] file/dir modified: /Users/leo/Programming/PLR/wandb/run-20230930_143950-aa8cfk4n/files/output.log
2023-09-30 14:41:18,225 INFO    Thread-12 :10237 [dir_watcher.py:_on_file_modified():288] file/dir modified: /Users/leo/Programming/PLR/wandb/run-20230930_143950-aa8cfk4n/files/output.log
2023-09-30 14:41:19,081 DEBUG   HandlerThread:10237 [handler.py:handle_request():144] handle_request: status_report
2023-09-30 14:41:20,233 INFO    Thread-12 :10237 [dir_watcher.py:_on_file_modified():288] file/dir modified: /Users/leo/Programming/PLR/wandb/run-20230930_143950-aa8cfk4n/files/output.log
2023-09-30 14:41:20,879 DEBUG   SenderThread:10237 [sender.py:send():379] send: stats
2023-09-30 14:41:20,917 DEBUG   HandlerThread:10237 [handler.py:handle_request():144] handle_request: internal_messages
2023-09-30 14:41:20,923 DEBUG   HandlerThread:10237 [handler.py:handle_request():144] handle_request: stop_status
2023-09-30 14:41:20,927 DEBUG   SenderThread:10237 [sender.py:send_request():406] send_request: stop_status
2023-09-30 14:41:22,243 INFO    Thread-12 :10237 [dir_watcher.py:_on_file_modified():288] file/dir modified: /Users/leo/Programming/PLR/wandb/run-20230930_143950-aa8cfk4n/files/output.log
2023-09-30 14:41:22,493 DEBUG   HandlerThread:10237 [handler.py:handle_request():144] handle_request: partial_history
2023-09-30 14:41:22,566 DEBUG   SenderThread:10237 [sender.py:send():379] send: history
2023-09-30 14:41:22,566 DEBUG   SenderThread:10237 [sender.py:send_request():406] send_request: summary_record
2023-09-30 14:41:22,566 INFO    SenderThread:10237 [sender.py:_save_file():1375] saving file wandb-summary.json with policy end
2023-09-30 14:41:23,249 INFO    Thread-12 :10237 [dir_watcher.py:_on_file_modified():288] file/dir modified: /Users/leo/Programming/PLR/wandb/run-20230930_143950-aa8cfk4n/files/wandb-summary.json
2023-09-30 14:41:24,255 INFO    Thread-12 :10237 [dir_watcher.py:_on_file_modified():288] file/dir modified: /Users/leo/Programming/PLR/wandb/run-20230930_143950-aa8cfk4n/files/output.log
2023-09-30 14:41:24,331 DEBUG   HandlerThread:10237 [handler.py:handle_request():144] handle_request: status_report
2023-09-30 14:41:26,273 INFO    Thread-12 :10237 [dir_watcher.py:_on_file_modified():288] file/dir modified: /Users/leo/Programming/PLR/wandb/run-20230930_143950-aa8cfk4n/files/output.log
2023-09-30 14:41:28,284 INFO    Thread-12 :10237 [dir_watcher.py:_on_file_modified():288] file/dir modified: /Users/leo/Programming/PLR/wandb/run-20230930_143950-aa8cfk4n/files/output.log
2023-09-30 14:41:29,687 DEBUG   HandlerThread:10237 [handler.py:handle_request():144] handle_request: status_report
2023-09-30 14:41:30,296 INFO    Thread-12 :10237 [dir_watcher.py:_on_file_modified():288] file/dir modified: /Users/leo/Programming/PLR/wandb/run-20230930_143950-aa8cfk4n/files/output.log
2023-09-30 14:41:32,311 INFO    Thread-12 :10237 [dir_watcher.py:_on_file_modified():288] file/dir modified: /Users/leo/Programming/PLR/wandb/run-20230930_143950-aa8cfk4n/files/output.log
2023-09-30 14:41:34,322 INFO    Thread-12 :10237 [dir_watcher.py:_on_file_modified():288] file/dir modified: /Users/leo/Programming/PLR/wandb/run-20230930_143950-aa8cfk4n/files/output.log
2023-09-30 14:41:34,694 DEBUG   HandlerThread:10237 [handler.py:handle_request():144] handle_request: status_report
2023-09-30 14:41:35,918 DEBUG   HandlerThread:10237 [handler.py:handle_request():144] handle_request: internal_messages
2023-09-30 14:41:35,932 DEBUG   HandlerThread:10237 [handler.py:handle_request():144] handle_request: stop_status
2023-09-30 14:41:35,943 DEBUG   SenderThread:10237 [sender.py:send_request():406] send_request: stop_status
2023-09-30 14:41:36,332 INFO    Thread-12 :10237 [dir_watcher.py:_on_file_modified():288] file/dir modified: /Users/leo/Programming/PLR/wandb/run-20230930_143950-aa8cfk4n/files/output.log
2023-09-30 14:41:38,344 INFO    Thread-12 :10237 [dir_watcher.py:_on_file_modified():288] file/dir modified: /Users/leo/Programming/PLR/wandb/run-20230930_143950-aa8cfk4n/files/output.log
2023-09-30 14:41:40,137 DEBUG   HandlerThread:10237 [handler.py:handle_request():144] handle_request: status_report
2023-09-30 14:41:40,354 INFO    Thread-12 :10237 [dir_watcher.py:_on_file_modified():288] file/dir modified: /Users/leo/Programming/PLR/wandb/run-20230930_143950-aa8cfk4n/files/output.log
2023-09-30 14:41:42,362 INFO    Thread-12 :10237 [dir_watcher.py:_on_file_modified():288] file/dir modified: /Users/leo/Programming/PLR/wandb/run-20230930_143950-aa8cfk4n/files/output.log
2023-09-30 14:41:44,370 INFO    Thread-12 :10237 [dir_watcher.py:_on_file_modified():288] file/dir modified: /Users/leo/Programming/PLR/wandb/run-20230930_143950-aa8cfk4n/files/output.log
2023-09-30 14:41:45,203 DEBUG   HandlerThread:10237 [handler.py:handle_request():144] handle_request: status_report
2023-09-30 14:41:46,376 INFO    Thread-12 :10237 [dir_watcher.py:_on_file_modified():288] file/dir modified: /Users/leo/Programming/PLR/wandb/run-20230930_143950-aa8cfk4n/files/output.log
2023-09-30 14:41:48,386 INFO    Thread-12 :10237 [dir_watcher.py:_on_file_modified():288] file/dir modified: /Users/leo/Programming/PLR/wandb/run-20230930_143950-aa8cfk4n/files/output.log
2023-09-30 14:41:50,396 INFO    Thread-12 :10237 [dir_watcher.py:_on_file_modified():288] file/dir modified: /Users/leo/Programming/PLR/wandb/run-20230930_143950-aa8cfk4n/files/output.log
2023-09-30 14:41:50,510 DEBUG   HandlerThread:10237 [handler.py:handle_request():144] handle_request: status_report
2023-09-30 14:41:50,884 DEBUG   SenderThread:10237 [sender.py:send():379] send: stats
2023-09-30 14:41:50,924 DEBUG   HandlerThread:10237 [handler.py:handle_request():144] handle_request: internal_messages
2023-09-30 14:41:50,933 DEBUG   HandlerThread:10237 [handler.py:handle_request():144] handle_request: stop_status
2023-09-30 14:41:50,933 DEBUG   SenderThread:10237 [sender.py:send_request():406] send_request: stop_status
2023-09-30 14:41:52,403 INFO    Thread-12 :10237 [dir_watcher.py:_on_file_modified():288] file/dir modified: /Users/leo/Programming/PLR/wandb/run-20230930_143950-aa8cfk4n/files/output.log
2023-09-30 14:41:54,411 INFO    Thread-12 :10237 [dir_watcher.py:_on_file_modified():288] file/dir modified: /Users/leo/Programming/PLR/wandb/run-20230930_143950-aa8cfk4n/files/output.log
2023-09-30 14:41:55,582 DEBUG   HandlerThread:10237 [handler.py:handle_request():144] handle_request: status_report
2023-09-30 14:41:56,430 INFO    Thread-12 :10237 [dir_watcher.py:_on_file_modified():288] file/dir modified: /Users/leo/Programming/PLR/wandb/run-20230930_143950-aa8cfk4n/files/output.log
2023-09-30 14:41:58,445 INFO    Thread-12 :10237 [dir_watcher.py:_on_file_modified():288] file/dir modified: /Users/leo/Programming/PLR/wandb/run-20230930_143950-aa8cfk4n/files/output.log
2023-09-30 14:42:00,451 INFO    Thread-12 :10237 [dir_watcher.py:_on_file_modified():288] file/dir modified: /Users/leo/Programming/PLR/wandb/run-20230930_143950-aa8cfk4n/files/output.log
2023-09-30 14:42:00,588 DEBUG   HandlerThread:10237 [handler.py:handle_request():144] handle_request: status_report
2023-09-30 14:42:02,463 INFO    Thread-12 :10237 [dir_watcher.py:_on_file_modified():288] file/dir modified: /Users/leo/Programming/PLR/wandb/run-20230930_143950-aa8cfk4n/files/output.log
2023-09-30 14:42:04,470 INFO    Thread-12 :10237 [dir_watcher.py:_on_file_modified():288] file/dir modified: /Users/leo/Programming/PLR/wandb/run-20230930_143950-aa8cfk4n/files/output.log
2023-09-30 14:42:05,752 DEBUG   HandlerThread:10237 [handler.py:handle_request():144] handle_request: status_report
2023-09-30 14:42:05,925 DEBUG   HandlerThread:10237 [handler.py:handle_request():144] handle_request: internal_messages
2023-09-30 14:42:05,938 DEBUG   HandlerThread:10237 [handler.py:handle_request():144] handle_request: stop_status
2023-09-30 14:42:05,938 DEBUG   SenderThread:10237 [sender.py:send_request():406] send_request: stop_status
2023-09-30 14:42:06,484 INFO    Thread-12 :10237 [dir_watcher.py:_on_file_modified():288] file/dir modified: /Users/leo/Programming/PLR/wandb/run-20230930_143950-aa8cfk4n/files/output.log
2023-09-30 14:42:07,155 DEBUG   HandlerThread:10237 [handler.py:handle_request():144] handle_request: partial_history
2023-09-30 14:42:07,202 DEBUG   SenderThread:10237 [sender.py:send():379] send: history
2023-09-30 14:42:07,202 DEBUG   SenderThread:10237 [sender.py:send_request():406] send_request: summary_record
2023-09-30 14:42:07,203 INFO    SenderThread:10237 [sender.py:_save_file():1375] saving file wandb-summary.json with policy end
2023-09-30 14:42:07,490 INFO    Thread-12 :10237 [dir_watcher.py:_on_file_modified():288] file/dir modified: /Users/leo/Programming/PLR/wandb/run-20230930_143950-aa8cfk4n/files/wandb-summary.json
2023-09-30 14:42:08,494 INFO    Thread-12 :10237 [dir_watcher.py:_on_file_modified():288] file/dir modified: /Users/leo/Programming/PLR/wandb/run-20230930_143950-aa8cfk4n/files/output.log
2023-09-30 14:42:10,508 INFO    Thread-12 :10237 [dir_watcher.py:_on_file_modified():288] file/dir modified: /Users/leo/Programming/PLR/wandb/run-20230930_143950-aa8cfk4n/files/output.log
2023-09-30 14:42:11,015 DEBUG   HandlerThread:10237 [handler.py:handle_request():144] handle_request: status_report
2023-09-30 14:42:12,514 INFO    Thread-12 :10237 [dir_watcher.py:_on_file_modified():288] file/dir modified: /Users/leo/Programming/PLR/wandb/run-20230930_143950-aa8cfk4n/files/output.log
2023-09-30 14:42:14,521 INFO    Thread-12 :10237 [dir_watcher.py:_on_file_modified():288] file/dir modified: /Users/leo/Programming/PLR/wandb/run-20230930_143950-aa8cfk4n/files/output.log
2023-09-30 14:42:16,036 DEBUG   HandlerThread:10237 [handler.py:handle_request():144] handle_request: status_report
2023-09-30 14:42:16,532 INFO    Thread-12 :10237 [dir_watcher.py:_on_file_modified():288] file/dir modified: /Users/leo/Programming/PLR/wandb/run-20230930_143950-aa8cfk4n/files/output.log
2023-09-30 14:42:18,542 INFO    Thread-12 :10237 [dir_watcher.py:_on_file_modified():288] file/dir modified: /Users/leo/Programming/PLR/wandb/run-20230930_143950-aa8cfk4n/files/output.log
2023-09-30 14:42:20,556 INFO    Thread-12 :10237 [dir_watcher.py:_on_file_modified():288] file/dir modified: /Users/leo/Programming/PLR/wandb/run-20230930_143950-aa8cfk4n/files/output.log
2023-09-30 14:42:20,881 DEBUG   SenderThread:10237 [sender.py:send():379] send: stats
2023-09-30 14:42:20,930 DEBUG   HandlerThread:10237 [handler.py:handle_request():144] handle_request: internal_messages
2023-09-30 14:42:20,945 DEBUG   HandlerThread:10237 [handler.py:handle_request():144] handle_request: stop_status
2023-09-30 14:42:20,946 DEBUG   SenderThread:10237 [sender.py:send_request():406] send_request: stop_status
2023-09-30 14:42:21,274 DEBUG   HandlerThread:10237 [handler.py:handle_request():144] handle_request: status_report
2023-09-30 14:42:22,567 INFO    Thread-12 :10237 [dir_watcher.py:_on_file_modified():288] file/dir modified: /Users/leo/Programming/PLR/wandb/run-20230930_143950-aa8cfk4n/files/output.log
2023-09-30 14:42:24,576 INFO    Thread-12 :10237 [dir_watcher.py:_on_file_modified():288] file/dir modified: /Users/leo/Programming/PLR/wandb/run-20230930_143950-aa8cfk4n/files/output.log
2023-09-30 14:42:26,504 DEBUG   HandlerThread:10237 [handler.py:handle_request():144] handle_request: status_report
2023-09-30 14:42:26,585 INFO    Thread-12 :10237 [dir_watcher.py:_on_file_modified():288] file/dir modified: /Users/leo/Programming/PLR/wandb/run-20230930_143950-aa8cfk4n/files/output.log
2023-09-30 14:42:28,593 INFO    Thread-12 :10237 [dir_watcher.py:_on_file_modified():288] file/dir modified: /Users/leo/Programming/PLR/wandb/run-20230930_143950-aa8cfk4n/files/output.log
2023-09-30 14:42:29,599 INFO    Thread-12 :10237 [dir_watcher.py:_on_file_modified():288] file/dir modified: /Users/leo/Programming/PLR/wandb/run-20230930_143950-aa8cfk4n/files/output.log
2023-09-30 14:42:30,606 INFO    Thread-12 :10237 [dir_watcher.py:_on_file_modified():288] file/dir modified: /Users/leo/Programming/PLR/wandb/run-20230930_143950-aa8cfk4n/files/output.log
2023-09-30 14:42:31,613 INFO    Thread-12 :10237 [dir_watcher.py:_on_file_modified():288] file/dir modified: /Users/leo/Programming/PLR/wandb/run-20230930_143950-aa8cfk4n/files/output.log
2023-09-30 14:42:31,635 DEBUG   HandlerThread:10237 [handler.py:handle_request():144] handle_request: status_report
2023-09-30 14:42:32,629 INFO    Thread-12 :10237 [dir_watcher.py:_on_file_modified():288] file/dir modified: /Users/leo/Programming/PLR/wandb/run-20230930_143950-aa8cfk4n/files/output.log
2023-09-30 14:42:33,629 INFO    Thread-12 :10237 [dir_watcher.py:_on_file_modified():288] file/dir modified: /Users/leo/Programming/PLR/wandb/run-20230930_143950-aa8cfk4n/files/output.log
2023-09-30 14:42:34,632 INFO    Thread-12 :10237 [dir_watcher.py:_on_file_modified():288] file/dir modified: /Users/leo/Programming/PLR/wandb/run-20230930_143950-aa8cfk4n/files/output.log
2023-09-30 14:42:35,637 INFO    Thread-12 :10237 [dir_watcher.py:_on_file_modified():288] file/dir modified: /Users/leo/Programming/PLR/wandb/run-20230930_143950-aa8cfk4n/files/output.log
2023-09-30 14:42:35,934 DEBUG   HandlerThread:10237 [handler.py:handle_request():144] handle_request: internal_messages
2023-09-30 14:42:35,956 DEBUG   HandlerThread:10237 [handler.py:handle_request():144] handle_request: stop_status
2023-09-30 14:42:35,956 DEBUG   SenderThread:10237 [sender.py:send_request():406] send_request: stop_status
2023-09-30 14:42:36,643 INFO    Thread-12 :10237 [dir_watcher.py:_on_file_modified():288] file/dir modified: /Users/leo/Programming/PLR/wandb/run-20230930_143950-aa8cfk4n/files/output.log
2023-09-30 14:42:36,812 DEBUG   HandlerThread:10237 [handler.py:handle_request():144] handle_request: status_report
2023-09-30 14:42:37,648 INFO    Thread-12 :10237 [dir_watcher.py:_on_file_modified():288] file/dir modified: /Users/leo/Programming/PLR/wandb/run-20230930_143950-aa8cfk4n/files/output.log
2023-09-30 14:42:38,657 INFO    Thread-12 :10237 [dir_watcher.py:_on_file_modified():288] file/dir modified: /Users/leo/Programming/PLR/wandb/run-20230930_143950-aa8cfk4n/files/output.log
2023-09-30 14:42:39,661 INFO    Thread-12 :10237 [dir_watcher.py:_on_file_modified():288] file/dir modified: /Users/leo/Programming/PLR/wandb/run-20230930_143950-aa8cfk4n/files/output.log
2023-09-30 14:42:40,666 INFO    Thread-12 :10237 [dir_watcher.py:_on_file_modified():288] file/dir modified: /Users/leo/Programming/PLR/wandb/run-20230930_143950-aa8cfk4n/files/output.log
2023-09-30 14:42:41,672 INFO    Thread-12 :10237 [dir_watcher.py:_on_file_modified():288] file/dir modified: /Users/leo/Programming/PLR/wandb/run-20230930_143950-aa8cfk4n/files/output.log
2023-09-30 14:42:42,210 DEBUG   HandlerThread:10237 [handler.py:handle_request():144] handle_request: status_report
2023-09-30 14:42:42,682 INFO    Thread-12 :10237 [dir_watcher.py:_on_file_modified():288] file/dir modified: /Users/leo/Programming/PLR/wandb/run-20230930_143950-aa8cfk4n/files/output.log
2023-09-30 14:42:43,684 INFO    Thread-12 :10237 [dir_watcher.py:_on_file_modified():288] file/dir modified: /Users/leo/Programming/PLR/wandb/run-20230930_143950-aa8cfk4n/files/output.log
2023-09-30 14:42:44,690 INFO    Thread-12 :10237 [dir_watcher.py:_on_file_modified():288] file/dir modified: /Users/leo/Programming/PLR/wandb/run-20230930_143950-aa8cfk4n/files/output.log
2023-09-30 14:42:44,774 WARNING FileStreamThread:10237 [file_stream.py:request_with_retry():667] requests_with_retry encountered retryable exception: 500 Server Error: Internal Server Error for url: https://api.wandb.ai/files/leothesouthafrican/PLR/aa8cfk4n/file_stream. func: functools.partial(<bound method Session.post of <requests.sessions.Session object at 0x106a114d0>>, timeout=180), args: ('https://api.wandb.ai/files/leothesouthafrican/PLR/aa8cfk4n/file_stream',), kwargs: {'json': {'files': {'output.log': {'offset': 5235, 'content': ['2023-09-30T13:42:30.044524 Mutating...\n', '2023-09-30T13:42:30.044524 Flipped feature 3\n', '2023-09-30T13:42:30.044524 Flipped feature 22\n', '2023-09-30T13:42:30.044524 Flipped feature 59\n', '2023-09-30T13:42:30.044524 Flipped feature 80\n', '2023-09-30T13:42:30.044524 Flipped feature 88\n', '2023-09-30T13:42:30.044524 Flipped feature 107\n', '2023-09-30T13:42:30.044524 Flipped feature 136\n', '2023-09-30T13:42:30.044524 Mutating...\n', '2023-09-30T13:42:30.044524 Flipped feature 8\n', '2023-09-30T13:42:30.044524 Flipped feature 11\n', '2023-09-30T13:42:30.044524 Flipped feature 12\n', '2023-09-30T13:42:30.044524 Flipped feature 15\n', '2023-09-30T13:42:30.044524 Flipped feature 20\n', '2023-09-30T13:42:30.044524 Flipped feature 89\n', '2023-09-30T13:42:30.044524 Flipped feature 96\n', '2023-09-30T13:42:30.044524 Flipped feature 99\n', '2023-09-30T13:42:30.044524 Flipped feature 104\n', '2023-09-30T13:42:30.044524 Mutating...\n', '2023-09-30T13:42:30.044524 Flipped feature 24\n', '2023-09-30T13:42:30.044524 Flipped feature 68\n', '2023-09-30T13:42:30.044524 Flipped feature 78\n', '2023-09-30T13:42:30.044524 Flipped feature 121\n', '2023-09-30T13:42:30.044524 Flipped feature 124\n', '2023-09-30T13:42:30.044524 Mutating...\n', '2023-09-30T13:42:30.044524 Flipped feature 21\n', '2023-09-30T13:42:30.044524 Flipped feature 27\n', '2023-09-30T13:42:30.044524 Flipped feature 28\n', '2023-09-30T13:42:30.044524 Flipped feature 68\n', '2023-09-30T13:42:30.044524 Flipped feature 102\n', '2023-09-30T13:42:30.044524 Flipped feature 108\n', '2023-09-30T13:42:30.044524 Flipped feature 134\n', '2023-09-30T13:42:30.044524 Flipped feature 135\n', '2023-09-30T13:42:30.044524 Mutating...\n', '2023-09-30T13:42:30.044524 Flipped feature 24\n', '2023-09-30T13:42:30.044524 Flipped feature 40\n', '2023-09-30T13:42:30.044524 Flipped feature 41\n', '2023-09-30T13:42:30.044524 Flipped feature 46\n', '2023-09-30T13:42:30.044524 Flipped feature 85\n', '2023-09-30T13:42:30.044524 Flipped feature 127\n', '2023-09-30T13:42:32.052965 Mutating...\n', '2023-09-30T13:42:32.052965 Flipped feature 17\n', '2023-09-30T13:42:32.052965 Flipped feature 29\n', '2023-09-30T13:42:32.052965 Flipped feature 47\n', '2023-09-30T13:42:32.052965 Flipped feature 82\n', '2023-09-30T13:42:32.052965 Flipped feature 95\n', '2023-09-30T13:42:32.052965 Flipped feature 107\n', '2023-09-30T13:42:32.052965 Flipped feature 109\n', '2023-09-30T13:42:32.052965 Flipped feature 110\n', '2023-09-30T13:42:32.052965 Flipped feature 128\n', '2023-09-30T13:42:32.052965 Mutating...\n', '2023-09-30T13:42:32.052965 Flipped feature 21\n', '2023-09-30T13:42:32.052965 Flipped feature 39\n', '2023-09-30T13:42:32.052965 Flipped feature 62\n', '2023-09-30T13:42:32.052965 Flipped feature 64\n', '2023-09-30T13:42:32.052965 Flipped feature 102\n', '2023-09-30T13:42:32.052965 Flipped feature 108\n', '2023-09-30T13:42:32.052965 Flipped feature 121\n', '2023-09-30T13:42:32.052965 Flipped feature 133\n', '2023-09-30T13:42:32.052965 Flipped feature 138\n', '2023-09-30T13:42:32.052965 Flipped feature 140\n', '2023-09-30T13:42:32.052965 Mutating...\n', '2023-09-30T13:42:32.052965 Flipped feature 0\n', '2023-09-30T13:42:32.052965 Flipped feature 6\n', '2023-09-30T13:42:32.052965 Flipped feature 7\n', '2023-09-30T13:42:32.052965 Flipped feature 16\n', '2023-09-30T13:42:32.052965 Flipped feature 25\n', '2023-09-30T13:42:32.052965 Flipped feature 47\n', '2023-09-30T13:42:32.052965 Flipped feature 52\n', '2023-09-30T13:42:32.052965 Flipped feature 69\n', '2023-09-30T13:42:32.052965 Flipped feature 111\n', '2023-09-30T13:42:32.052965 Flipped feature 137\n', '2023-09-30T13:42:32.052965 Mutating...\n', '2023-09-30T13:42:32.052965 Flipped feature 3\n', '2023-09-30T13:42:32.052965 Flipped feature 20\n', '2023-09-30T13:42:32.052965 Flipped feature 44\n', '2023-09-30T13:42:32.052965 Flipped feature 50\n', '2023-09-30T13:42:32.052965 Flipped feature 105\n', '2023-09-30T13:42:32.052965 Flipped feature 106\n', '2023-09-30T13:42:32.052965 Flipped feature 125\n', '2023-09-30T13:42:32.052965 Flipped feature 132\n', '2023-09-30T13:42:32.052965 Mutating...\n', '2023-09-30T13:42:32.052965 Flipped feature 15\n', '2023-09-30T13:42:32.052965 Flipped feature 25\n', '2023-09-30T13:42:32.052965 Flipped feature 67\n', '2023-09-30T13:42:32.052965 Flipped feature 68\n', '2023-09-30T13:42:32.052965 Flipped feature 89\n', '2023-09-30T13:42:32.052965 Flipped feature 131\n', '2023-09-30T13:42:32.052965 Flipped feature 135\n', '2023-09-30T13:42:34.061042 Mutating...\n', '2023-09-30T13:42:34.061042 Flipped feature 7\n', '2023-09-30T13:42:34.061042 Flipped feature 13\n', '2023-09-30T13:42:34.061042 Flipped feature 26\n', '2023-09-30T13:42:34.061042 Flipped feature 30\n', '2023-09-30T13:42:34.061042 Flipped feature 34\n', '2023-09-30T13:42:34.061042 Flipped feature 47\n', '2023-09-30T13:42:34.061042 Flipped feature 57\n', '2023-09-30T13:42:34.061042 Flipped feature 58\n', '2023-09-30T13:42:34.061042 Flipped feature 68\n', '2023-09-30T13:42:34.061042 Flipped feature 91\n', '2023-09-30T13:42:34.061042 Flipped feature 107\n', '2023-09-30T13:42:34.061042 Flipped feature 117\n', '2023-09-30T13:42:34.061042 Flipped feature 128\n', '2023-09-30T13:42:34.061042 Flipped feature 132\n', '2023-09-30T13:42:34.061042 Flipped feature 139\n', '2023-09-30T13:42:34.061042 Mutating...\n', '2023-09-30T13:42:34.061042 Flipped feature 39\n', '2023-09-30T13:42:34.061042 Flipped feature 66\n', '2023-09-30T13:42:34.061042 Flipped feature 94\n', '2023-09-30T13:42:34.061042 Flipped feature 97\n', '2023-09-30T13:42:34.061042 Flipped feature 133\n', '2023-09-30T13:42:34.061042 Mutating...\n', '2023-09-30T13:42:34.061042 Flipped feature 14\n', '2023-09-30T13:42:34.061042 Flipped feature 15\n', '2023-09-30T13:42:34.061042 Flipped feature 68\n', '2023-09-30T13:42:34.061042 Flipped feature 82\n', '2023-09-30T13:42:34.061042 Flipped feature 110\n', '2023-09-30T13:42:34.061042 Flipped feature 123\n', '2023-09-30T13:42:34.061042 Mutating...\n', '2023-09-30T13:42:34.061042 Flipped feature 2\n', '2023-09-30T13:42:34.061042 Flipped feature 13\n', '2023-09-30T13:42:34.061042 Flipped feature 14\n', '2023-09-30T13:42:34.061042 Flipped feature 43\n', '2023-09-30T13:42:34.061042 Flipped feature 99\n', '2023-09-30T13:42:34.061042 Flipped feature 105\n', '2023-09-30T13:42:36.065217 Mutating...\n', '2023-09-30T13:42:36.065217 Flipped feature 1\n', '2023-09-30T13:42:36.065217 Flipped feature 4\n', '2023-09-30T13:42:36.065217 Flipped feature 52\n', '2023-09-30T13:42:36.065217 Flipped feature 56\n', '2023-09-30T13:42:36.065217 Flipped feature 129\n', '2023-09-30T13:42:36.065217 Flipped feature 130\n', '2023-09-30T13:42:36.065217 Mutating...\n', '2023-09-30T13:42:36.065217 Flipped feature 77\n', '2023-09-30T13:42:36.065217 Flipped feature 122\n', '2023-09-30T13:42:36.065217 Mutating...\n', '2023-09-30T13:42:36.065217 Flipped feature 20\n', '2023-09-30T13:42:36.065217 Flipped feature 45\n', '2023-09-30T13:42:36.065217 Flipped feature 88\n', '2023-09-30T13:42:36.065217 Flipped feature 93\n', '2023-09-30T13:42:36.065217 Mutating...\n', '2023-09-30T13:42:36.065217 Flipped feature 7\n', '2023-09-30T13:42:36.065217 Flipped feature 8\n', '2023-09-30T13:42:36.065217 Flipped feature 9\n', '2023-09-30T13:42:36.065217 Flipped feature 24\n', '2023-09-30T13:42:36.065217 Flipped feature 30\n', '2023-09-30T13:42:36.065217 Flipped feature 56\n', '2023-09-30T13:42:36.065217 Flipped feature 91\n', '2023-09-30T13:42:36.065217 Flipped feature 138\n', '2023-09-30T13:42:38.071116 Mutating...\n', '2023-09-30T13:42:38.071116 Flipped feature 6\n', '2023-09-30T13:42:38.071116 Flipped feature 90\n', '2023-09-30T13:42:38.071116 Mutating...\n', '2023-09-30T13:42:38.071116 Flipped feature 61\n', '2023-09-30T13:42:38.071116 Flipped feature 70\n', '2023-09-30T13:42:38.071116 Flipped feature 137\n', '2023-09-30T13:42:38.071116 Mutated latent dimension\n', '2023-09-30T13:42:38.071116 Mutating...\n', '2023-09-30T13:42:38.071116 Flipped feature 13\n', '2023-09-30T13:42:38.071116 Flipped feature 18\n', '2023-09-30T13:42:38.071116 Flipped feature 23\n', '2023-09-30T13:42:38.071116 Flipped feature 65\n', '2023-09-30T13:42:38.071116 Flipped feature 108\n', '2023-09-30T13:42:38.071116 Flipped feature 115\n', '2023-09-30T13:42:38.071116 Flipped feature 125\n', '2023-09-30T13:42:38.071116 Flipped feature 140\n', '2023-09-30T13:42:38.071116 Mutating...\n', '2023-09-30T13:42:38.071116 Flipped feature 1\n', '2023-09-30T13:42:38.071116 Flipped feature 4\n', '2023-09-30T13:42:38.071116 Flipped feature 62\n', '2023-09-30T13:42:38.071116 Flipped feature 66\n', '2023-09-30T13:42:38.071116 Flipped feature 87\n', '2023-09-30T13:42:38.071116 Flipped feature 134\n', '2023-09-30T13:42:38.071116 Mutating...\n', '2023-09-30T13:42:38.071116 Flipped feature 11\n', '2023-09-30T13:42:38.071116 Flipped feature 30\n', '2023-09-30T13:42:38.071116 Flipped feature 47\n', '2023-09-30T13:42:38.071116 Flipped feature 52\n', '2023-09-30T13:42:38.071116 Flipped feature 60\n', '2023-09-30T13:42:38.071116 Flipped feature 95\n', '2023-09-30T13:42:38.071116 Flipped feature 99\n', '2023-09-30T13:42:38.071116 Flipped feature 103\n', '2023-09-30T13:42:38.071116 Flipped feature 121\n']}}, 'dropped': 0}}
2023-09-30 14:42:45,694 INFO    Thread-12 :10237 [dir_watcher.py:_on_file_modified():288] file/dir modified: /Users/leo/Programming/PLR/wandb/run-20230930_143950-aa8cfk4n/files/output.log
2023-09-30 14:42:46,705 INFO    Thread-12 :10237 [dir_watcher.py:_on_file_modified():288] file/dir modified: /Users/leo/Programming/PLR/wandb/run-20230930_143950-aa8cfk4n/files/output.log
2023-09-30 14:42:47,657 DEBUG   HandlerThread:10237 [handler.py:handle_request():144] handle_request: status_report
2023-09-30 14:42:47,711 INFO    Thread-12 :10237 [dir_watcher.py:_on_file_modified():288] file/dir modified: /Users/leo/Programming/PLR/wandb/run-20230930_143950-aa8cfk4n/files/output.log
2023-09-30 14:42:48,715 INFO    Thread-12 :10237 [dir_watcher.py:_on_file_modified():288] file/dir modified: /Users/leo/Programming/PLR/wandb/run-20230930_143950-aa8cfk4n/files/output.log
2023-09-30 14:42:49,739 INFO    Thread-12 :10237 [dir_watcher.py:_on_file_modified():288] file/dir modified: /Users/leo/Programming/PLR/wandb/run-20230930_143950-aa8cfk4n/files/output.log
2023-09-30 14:42:49,769 DEBUG   HandlerThread:10237 [handler.py:handle_request():144] handle_request: partial_history
2023-09-30 14:42:49,869 DEBUG   SenderThread:10237 [sender.py:send():379] send: history
2023-09-30 14:42:49,870 DEBUG   SenderThread:10237 [sender.py:send_request():406] send_request: summary_record
2023-09-30 14:42:49,870 INFO    SenderThread:10237 [sender.py:_save_file():1375] saving file wandb-summary.json with policy end
2023-09-30 14:42:50,744 INFO    Thread-12 :10237 [dir_watcher.py:_on_file_modified():288] file/dir modified: /Users/leo/Programming/PLR/wandb/run-20230930_143950-aa8cfk4n/files/output.log
2023-09-30 14:42:50,744 INFO    Thread-12 :10237 [dir_watcher.py:_on_file_modified():288] file/dir modified: /Users/leo/Programming/PLR/wandb/run-20230930_143950-aa8cfk4n/files/wandb-summary.json
2023-09-30 14:42:50,891 DEBUG   SenderThread:10237 [sender.py:send():379] send: stats
2023-09-30 14:42:50,939 DEBUG   HandlerThread:10237 [handler.py:handle_request():144] handle_request: internal_messages
2023-09-30 14:42:50,961 DEBUG   HandlerThread:10237 [handler.py:handle_request():144] handle_request: stop_status
2023-09-30 14:42:50,962 DEBUG   SenderThread:10237 [sender.py:send_request():406] send_request: stop_status
2023-09-30 14:42:51,750 INFO    Thread-12 :10237 [dir_watcher.py:_on_file_modified():288] file/dir modified: /Users/leo/Programming/PLR/wandb/run-20230930_143950-aa8cfk4n/files/output.log
2023-09-30 14:42:52,752 DEBUG   HandlerThread:10237 [handler.py:handle_request():144] handle_request: status_report
2023-09-30 14:42:52,755 INFO    Thread-12 :10237 [dir_watcher.py:_on_file_modified():288] file/dir modified: /Users/leo/Programming/PLR/wandb/run-20230930_143950-aa8cfk4n/files/output.log
2023-09-30 14:42:53,761 INFO    Thread-12 :10237 [dir_watcher.py:_on_file_modified():288] file/dir modified: /Users/leo/Programming/PLR/wandb/run-20230930_143950-aa8cfk4n/files/output.log
2023-09-30 14:42:54,772 INFO    Thread-12 :10237 [dir_watcher.py:_on_file_modified():288] file/dir modified: /Users/leo/Programming/PLR/wandb/run-20230930_143950-aa8cfk4n/files/output.log
2023-09-30 14:42:55,779 INFO    Thread-12 :10237 [dir_watcher.py:_on_file_modified():288] file/dir modified: /Users/leo/Programming/PLR/wandb/run-20230930_143950-aa8cfk4n/files/output.log
2023-09-30 14:42:56,784 INFO    Thread-12 :10237 [dir_watcher.py:_on_file_modified():288] file/dir modified: /Users/leo/Programming/PLR/wandb/run-20230930_143950-aa8cfk4n/files/output.log
2023-09-30 14:42:57,790 INFO    Thread-12 :10237 [dir_watcher.py:_on_file_modified():288] file/dir modified: /Users/leo/Programming/PLR/wandb/run-20230930_143950-aa8cfk4n/files/output.log
2023-09-30 14:42:58,207 DEBUG   HandlerThread:10237 [handler.py:handle_request():144] handle_request: status_report
2023-09-30 14:42:58,795 INFO    Thread-12 :10237 [dir_watcher.py:_on_file_modified():288] file/dir modified: /Users/leo/Programming/PLR/wandb/run-20230930_143950-aa8cfk4n/files/output.log
2023-09-30 14:42:59,796 INFO    Thread-12 :10237 [dir_watcher.py:_on_file_modified():288] file/dir modified: /Users/leo/Programming/PLR/wandb/run-20230930_143950-aa8cfk4n/files/output.log
2023-09-30 14:43:00,800 INFO    Thread-12 :10237 [dir_watcher.py:_on_file_modified():288] file/dir modified: /Users/leo/Programming/PLR/wandb/run-20230930_143950-aa8cfk4n/files/output.log
2023-09-30 14:43:01,801 INFO    Thread-12 :10237 [dir_watcher.py:_on_file_modified():288] file/dir modified: /Users/leo/Programming/PLR/wandb/run-20230930_143950-aa8cfk4n/files/output.log
2023-09-30 14:43:02,806 INFO    Thread-12 :10237 [dir_watcher.py:_on_file_modified():288] file/dir modified: /Users/leo/Programming/PLR/wandb/run-20230930_143950-aa8cfk4n/files/output.log
2023-09-30 14:43:03,403 DEBUG   HandlerThread:10237 [handler.py:handle_request():144] handle_request: status_report
2023-09-30 14:43:03,812 INFO    Thread-12 :10237 [dir_watcher.py:_on_file_modified():288] file/dir modified: /Users/leo/Programming/PLR/wandb/run-20230930_143950-aa8cfk4n/files/output.log
2023-09-30 14:43:04,817 INFO    Thread-12 :10237 [dir_watcher.py:_on_file_modified():288] file/dir modified: /Users/leo/Programming/PLR/wandb/run-20230930_143950-aa8cfk4n/files/output.log
2023-09-30 14:43:05,822 INFO    Thread-12 :10237 [dir_watcher.py:_on_file_modified():288] file/dir modified: /Users/leo/Programming/PLR/wandb/run-20230930_143950-aa8cfk4n/files/output.log
2023-09-30 14:43:05,945 DEBUG   HandlerThread:10237 [handler.py:handle_request():144] handle_request: internal_messages
2023-09-30 14:43:05,966 DEBUG   HandlerThread:10237 [handler.py:handle_request():144] handle_request: stop_status
2023-09-30 14:43:05,966 DEBUG   SenderThread:10237 [sender.py:send_request():406] send_request: stop_status
2023-09-30 14:43:06,828 INFO    Thread-12 :10237 [dir_watcher.py:_on_file_modified():288] file/dir modified: /Users/leo/Programming/PLR/wandb/run-20230930_143950-aa8cfk4n/files/output.log
2023-09-30 14:43:07,833 INFO    Thread-12 :10237 [dir_watcher.py:_on_file_modified():288] file/dir modified: /Users/leo/Programming/PLR/wandb/run-20230930_143950-aa8cfk4n/files/output.log
2023-09-30 14:43:08,566 DEBUG   HandlerThread:10237 [handler.py:handle_request():144] handle_request: status_report
2023-09-30 14:43:08,838 INFO    Thread-12 :10237 [dir_watcher.py:_on_file_modified():288] file/dir modified: /Users/leo/Programming/PLR/wandb/run-20230930_143950-aa8cfk4n/files/output.log
2023-09-30 14:43:09,843 INFO    Thread-12 :10237 [dir_watcher.py:_on_file_modified():288] file/dir modified: /Users/leo/Programming/PLR/wandb/run-20230930_143950-aa8cfk4n/files/output.log
2023-09-30 14:43:10,849 INFO    Thread-12 :10237 [dir_watcher.py:_on_file_modified():288] file/dir modified: /Users/leo/Programming/PLR/wandb/run-20230930_143950-aa8cfk4n/files/output.log
2023-09-30 14:43:11,850 INFO    Thread-12 :10237 [dir_watcher.py:_on_file_modified():288] file/dir modified: /Users/leo/Programming/PLR/wandb/run-20230930_143950-aa8cfk4n/files/output.log
2023-09-30 14:43:12,857 INFO    Thread-12 :10237 [dir_watcher.py:_on_file_modified():288] file/dir modified: /Users/leo/Programming/PLR/wandb/run-20230930_143950-aa8cfk4n/files/output.log
2023-09-30 14:43:13,622 DEBUG   HandlerThread:10237 [handler.py:handle_request():144] handle_request: status_report
2023-09-30 14:43:13,863 INFO    Thread-12 :10237 [dir_watcher.py:_on_file_modified():288] file/dir modified: /Users/leo/Programming/PLR/wandb/run-20230930_143950-aa8cfk4n/files/output.log
2023-09-30 14:43:14,866 INFO    Thread-12 :10237 [dir_watcher.py:_on_file_modified():288] file/dir modified: /Users/leo/Programming/PLR/wandb/run-20230930_143950-aa8cfk4n/files/output.log
2023-09-30 14:43:15,871 INFO    Thread-12 :10237 [dir_watcher.py:_on_file_modified():288] file/dir modified: /Users/leo/Programming/PLR/wandb/run-20230930_143950-aa8cfk4n/files/output.log
2023-09-30 14:43:16,877 INFO    Thread-12 :10237 [dir_watcher.py:_on_file_modified():288] file/dir modified: /Users/leo/Programming/PLR/wandb/run-20230930_143950-aa8cfk4n/files/output.log
2023-09-30 14:43:17,881 INFO    Thread-12 :10237 [dir_watcher.py:_on_file_modified():288] file/dir modified: /Users/leo/Programming/PLR/wandb/run-20230930_143950-aa8cfk4n/files/output.log
2023-09-30 14:43:18,761 DEBUG   HandlerThread:10237 [handler.py:handle_request():144] handle_request: status_report
2023-09-30 14:43:18,890 INFO    Thread-12 :10237 [dir_watcher.py:_on_file_modified():288] file/dir modified: /Users/leo/Programming/PLR/wandb/run-20230930_143950-aa8cfk4n/files/output.log
2023-09-30 14:43:19,894 INFO    Thread-12 :10237 [dir_watcher.py:_on_file_modified():288] file/dir modified: /Users/leo/Programming/PLR/wandb/run-20230930_143950-aa8cfk4n/files/output.log
2023-09-30 14:43:20,890 DEBUG   SenderThread:10237 [sender.py:send():379] send: stats
2023-09-30 14:43:20,899 INFO    Thread-12 :10237 [dir_watcher.py:_on_file_modified():288] file/dir modified: /Users/leo/Programming/PLR/wandb/run-20230930_143950-aa8cfk4n/files/output.log
2023-09-30 14:43:20,954 DEBUG   HandlerThread:10237 [handler.py:handle_request():144] handle_request: internal_messages
2023-09-30 14:43:20,992 DEBUG   HandlerThread:10237 [handler.py:handle_request():144] handle_request: stop_status
2023-09-30 14:43:20,996 DEBUG   SenderThread:10237 [sender.py:send_request():406] send_request: stop_status
2023-09-30 14:43:21,904 INFO    Thread-12 :10237 [dir_watcher.py:_on_file_modified():288] file/dir modified: /Users/leo/Programming/PLR/wandb/run-20230930_143950-aa8cfk4n/files/output.log
2023-09-30 14:43:22,909 INFO    Thread-12 :10237 [dir_watcher.py:_on_file_modified():288] file/dir modified: /Users/leo/Programming/PLR/wandb/run-20230930_143950-aa8cfk4n/files/output.log
2023-09-30 14:43:23,915 INFO    Thread-12 :10237 [dir_watcher.py:_on_file_modified():288] file/dir modified: /Users/leo/Programming/PLR/wandb/run-20230930_143950-aa8cfk4n/files/output.log
2023-09-30 14:43:24,142 DEBUG   HandlerThread:10237 [handler.py:handle_request():144] handle_request: status_report
2023-09-30 14:43:24,922 INFO    Thread-12 :10237 [dir_watcher.py:_on_file_modified():288] file/dir modified: /Users/leo/Programming/PLR/wandb/run-20230930_143950-aa8cfk4n/files/output.log
2023-09-30 14:43:25,925 INFO    Thread-12 :10237 [dir_watcher.py:_on_file_modified():288] file/dir modified: /Users/leo/Programming/PLR/wandb/run-20230930_143950-aa8cfk4n/files/output.log
2023-09-30 14:43:26,931 INFO    Thread-12 :10237 [dir_watcher.py:_on_file_modified():288] file/dir modified: /Users/leo/Programming/PLR/wandb/run-20230930_143950-aa8cfk4n/files/output.log
2023-09-30 14:43:27,932 INFO    Thread-12 :10237 [dir_watcher.py:_on_file_modified():288] file/dir modified: /Users/leo/Programming/PLR/wandb/run-20230930_143950-aa8cfk4n/files/output.log
2023-09-30 14:43:28,937 INFO    Thread-12 :10237 [dir_watcher.py:_on_file_modified():288] file/dir modified: /Users/leo/Programming/PLR/wandb/run-20230930_143950-aa8cfk4n/files/output.log
2023-09-30 14:43:29,649 DEBUG   HandlerThread:10237 [handler.py:handle_request():144] handle_request: status_report
2023-09-30 14:43:29,942 INFO    Thread-12 :10237 [dir_watcher.py:_on_file_modified():288] file/dir modified: /Users/leo/Programming/PLR/wandb/run-20230930_143950-aa8cfk4n/files/output.log
2023-09-30 14:43:30,948 INFO    Thread-12 :10237 [dir_watcher.py:_on_file_modified():288] file/dir modified: /Users/leo/Programming/PLR/wandb/run-20230930_143950-aa8cfk4n/files/output.log
2023-09-30 14:43:31,951 INFO    Thread-12 :10237 [dir_watcher.py:_on_file_modified():288] file/dir modified: /Users/leo/Programming/PLR/wandb/run-20230930_143950-aa8cfk4n/files/output.log
2023-09-30 14:43:32,956 INFO    Thread-12 :10237 [dir_watcher.py:_on_file_modified():288] file/dir modified: /Users/leo/Programming/PLR/wandb/run-20230930_143950-aa8cfk4n/files/output.log
2023-09-30 14:43:33,962 INFO    Thread-12 :10237 [dir_watcher.py:_on_file_modified():288] file/dir modified: /Users/leo/Programming/PLR/wandb/run-20230930_143950-aa8cfk4n/files/output.log
2023-09-30 14:43:34,716 DEBUG   HandlerThread:10237 [handler.py:handle_request():144] handle_request: status_report
2023-09-30 14:43:34,966 INFO    Thread-12 :10237 [dir_watcher.py:_on_file_modified():288] file/dir modified: /Users/leo/Programming/PLR/wandb/run-20230930_143950-aa8cfk4n/files/output.log
2023-09-30 14:43:35,701 DEBUG   HandlerThread:10237 [handler.py:handle_request():144] handle_request: partial_history
2023-09-30 14:43:35,738 DEBUG   SenderThread:10237 [sender.py:send():379] send: history
2023-09-30 14:43:35,738 DEBUG   SenderThread:10237 [sender.py:send_request():406] send_request: summary_record
2023-09-30 14:43:35,739 INFO    SenderThread:10237 [sender.py:_save_file():1375] saving file wandb-summary.json with policy end
2023-09-30 14:43:35,954 DEBUG   HandlerThread:10237 [handler.py:handle_request():144] handle_request: internal_messages
2023-09-30 14:43:35,976 DEBUG   HandlerThread:10237 [handler.py:handle_request():144] handle_request: stop_status
2023-09-30 14:43:35,976 DEBUG   SenderThread:10237 [sender.py:send_request():406] send_request: stop_status
2023-09-30 14:43:35,977 INFO    Thread-12 :10237 [dir_watcher.py:_on_file_modified():288] file/dir modified: /Users/leo/Programming/PLR/wandb/run-20230930_143950-aa8cfk4n/files/output.log
2023-09-30 14:43:35,977 INFO    Thread-12 :10237 [dir_watcher.py:_on_file_modified():288] file/dir modified: /Users/leo/Programming/PLR/wandb/run-20230930_143950-aa8cfk4n/files/wandb-summary.json
2023-09-30 14:43:36,982 INFO    Thread-12 :10237 [dir_watcher.py:_on_file_modified():288] file/dir modified: /Users/leo/Programming/PLR/wandb/run-20230930_143950-aa8cfk4n/files/output.log
2023-09-30 14:43:37,990 INFO    Thread-12 :10237 [dir_watcher.py:_on_file_modified():288] file/dir modified: /Users/leo/Programming/PLR/wandb/run-20230930_143950-aa8cfk4n/files/output.log
2023-09-30 14:43:39,002 INFO    Thread-12 :10237 [dir_watcher.py:_on_file_modified():288] file/dir modified: /Users/leo/Programming/PLR/wandb/run-20230930_143950-aa8cfk4n/files/output.log
2023-09-30 14:43:40,000 INFO    Thread-12 :10237 [dir_watcher.py:_on_file_modified():288] file/dir modified: /Users/leo/Programming/PLR/wandb/run-20230930_143950-aa8cfk4n/files/output.log
2023-09-30 14:43:40,009 DEBUG   HandlerThread:10237 [handler.py:handle_request():144] handle_request: status_report
2023-09-30 14:43:41,003 INFO    Thread-12 :10237 [dir_watcher.py:_on_file_modified():288] file/dir modified: /Users/leo/Programming/PLR/wandb/run-20230930_143950-aa8cfk4n/files/output.log
2023-09-30 14:43:42,008 INFO    Thread-12 :10237 [dir_watcher.py:_on_file_modified():288] file/dir modified: /Users/leo/Programming/PLR/wandb/run-20230930_143950-aa8cfk4n/files/output.log
2023-09-30 14:43:43,024 INFO    Thread-12 :10237 [dir_watcher.py:_on_file_modified():288] file/dir modified: /Users/leo/Programming/PLR/wandb/run-20230930_143950-aa8cfk4n/files/output.log
2023-09-30 14:43:44,022 INFO    Thread-12 :10237 [dir_watcher.py:_on_file_modified():288] file/dir modified: /Users/leo/Programming/PLR/wandb/run-20230930_143950-aa8cfk4n/files/output.log
2023-09-30 14:43:45,024 DEBUG   HandlerThread:10237 [handler.py:handle_request():144] handle_request: status_report
2023-09-30 14:43:45,025 INFO    Thread-12 :10237 [dir_watcher.py:_on_file_modified():288] file/dir modified: /Users/leo/Programming/PLR/wandb/run-20230930_143950-aa8cfk4n/files/output.log
2023-09-30 14:43:46,033 INFO    Thread-12 :10237 [dir_watcher.py:_on_file_modified():288] file/dir modified: /Users/leo/Programming/PLR/wandb/run-20230930_143950-aa8cfk4n/files/output.log
2023-09-30 14:43:47,038 INFO    Thread-12 :10237 [dir_watcher.py:_on_file_modified():288] file/dir modified: /Users/leo/Programming/PLR/wandb/run-20230930_143950-aa8cfk4n/files/output.log
2023-09-30 14:43:48,042 INFO    Thread-12 :10237 [dir_watcher.py:_on_file_modified():288] file/dir modified: /Users/leo/Programming/PLR/wandb/run-20230930_143950-aa8cfk4n/files/output.log
2023-09-30 14:43:49,048 INFO    Thread-12 :10237 [dir_watcher.py:_on_file_modified():288] file/dir modified: /Users/leo/Programming/PLR/wandb/run-20230930_143950-aa8cfk4n/files/output.log
2023-09-30 14:43:50,050 INFO    Thread-12 :10237 [dir_watcher.py:_on_file_modified():288] file/dir modified: /Users/leo/Programming/PLR/wandb/run-20230930_143950-aa8cfk4n/files/output.log
2023-09-30 14:43:50,409 DEBUG   HandlerThread:10237 [handler.py:handle_request():144] handle_request: status_report
2023-09-30 14:43:50,903 DEBUG   SenderThread:10237 [sender.py:send():379] send: stats
2023-09-30 14:43:50,959 DEBUG   HandlerThread:10237 [handler.py:handle_request():144] handle_request: internal_messages
2023-09-30 14:43:50,976 DEBUG   HandlerThread:10237 [handler.py:handle_request():144] handle_request: stop_status
2023-09-30 14:43:50,977 DEBUG   SenderThread:10237 [sender.py:send_request():406] send_request: stop_status
2023-09-30 14:43:51,053 INFO    Thread-12 :10237 [dir_watcher.py:_on_file_modified():288] file/dir modified: /Users/leo/Programming/PLR/wandb/run-20230930_143950-aa8cfk4n/files/output.log
2023-09-30 14:43:52,059 INFO    Thread-12 :10237 [dir_watcher.py:_on_file_modified():288] file/dir modified: /Users/leo/Programming/PLR/wandb/run-20230930_143950-aa8cfk4n/files/output.log
2023-09-30 14:43:53,068 INFO    Thread-12 :10237 [dir_watcher.py:_on_file_modified():288] file/dir modified: /Users/leo/Programming/PLR/wandb/run-20230930_143950-aa8cfk4n/files/output.log
2023-09-30 14:43:54,078 INFO    Thread-12 :10237 [dir_watcher.py:_on_file_modified():288] file/dir modified: /Users/leo/Programming/PLR/wandb/run-20230930_143950-aa8cfk4n/files/output.log
2023-09-30 14:43:55,084 INFO    Thread-12 :10237 [dir_watcher.py:_on_file_modified():288] file/dir modified: /Users/leo/Programming/PLR/wandb/run-20230930_143950-aa8cfk4n/files/output.log
2023-09-30 14:43:55,564 DEBUG   HandlerThread:10237 [handler.py:handle_request():144] handle_request: status_report
2023-09-30 14:43:56,089 INFO    Thread-12 :10237 [dir_watcher.py:_on_file_modified():288] file/dir modified: /Users/leo/Programming/PLR/wandb/run-20230930_143950-aa8cfk4n/files/output.log
2023-09-30 14:43:57,092 INFO    Thread-12 :10237 [dir_watcher.py:_on_file_modified():288] file/dir modified: /Users/leo/Programming/PLR/wandb/run-20230930_143950-aa8cfk4n/files/output.log
2023-09-30 14:43:58,094 INFO    Thread-12 :10237 [dir_watcher.py:_on_file_modified():288] file/dir modified: /Users/leo/Programming/PLR/wandb/run-20230930_143950-aa8cfk4n/files/output.log
2023-09-30 14:43:59,096 INFO    Thread-12 :10237 [dir_watcher.py:_on_file_modified():288] file/dir modified: /Users/leo/Programming/PLR/wandb/run-20230930_143950-aa8cfk4n/files/output.log
2023-09-30 14:44:00,107 INFO    Thread-12 :10237 [dir_watcher.py:_on_file_modified():288] file/dir modified: /Users/leo/Programming/PLR/wandb/run-20230930_143950-aa8cfk4n/files/output.log
2023-09-30 14:44:00,689 DEBUG   HandlerThread:10237 [handler.py:handle_request():144] handle_request: status_report
2023-09-30 14:44:01,037 DEBUG   SenderThread:10237 [sender.py:send():379] send: exit
2023-09-30 14:44:01,037 INFO    SenderThread:10237 [sender.py:send_exit():584] handling exit code: 255
2023-09-30 14:44:01,037 INFO    SenderThread:10237 [sender.py:send_exit():586] handling runtime: 250
2023-09-30 14:44:01,037 INFO    SenderThread:10237 [sender.py:_save_file():1375] saving file wandb-summary.json with policy end
2023-09-30 14:44:01,037 INFO    SenderThread:10237 [sender.py:send_exit():592] send defer
2023-09-30 14:44:01,037 DEBUG   HandlerThread:10237 [handler.py:handle_request():144] handle_request: defer
2023-09-30 14:44:01,037 INFO    HandlerThread:10237 [handler.py:handle_request_defer():170] handle defer: 0
2023-09-30 14:44:01,037 DEBUG   SenderThread:10237 [sender.py:send_request():406] send_request: defer
2023-09-30 14:44:01,037 INFO    SenderThread:10237 [sender.py:send_request_defer():608] handle sender defer: 0
2023-09-30 14:44:01,037 INFO    SenderThread:10237 [sender.py:transition_state():612] send defer: 1
2023-09-30 14:44:01,037 DEBUG   HandlerThread:10237 [handler.py:handle_request():144] handle_request: defer
2023-09-30 14:44:01,037 INFO    HandlerThread:10237 [handler.py:handle_request_defer():170] handle defer: 1
2023-09-30 14:44:01,037 DEBUG   SenderThread:10237 [sender.py:send_request():406] send_request: defer
2023-09-30 14:44:01,037 INFO    SenderThread:10237 [sender.py:send_request_defer():608] handle sender defer: 1
2023-09-30 14:44:01,037 INFO    SenderThread:10237 [sender.py:transition_state():612] send defer: 2
2023-09-30 14:44:01,038 DEBUG   HandlerThread:10237 [handler.py:handle_request():144] handle_request: defer
2023-09-30 14:44:01,038 INFO    HandlerThread:10237 [handler.py:handle_request_defer():170] handle defer: 2
2023-09-30 14:44:01,038 INFO    HandlerThread:10237 [system_monitor.py:finish():190] Stopping system monitor
2023-09-30 14:44:01,038 DEBUG   SystemMonitor:10237 [system_monitor.py:_start():166] Finished system metrics aggregation loop
2023-09-30 14:44:01,038 DEBUG   SystemMonitor:10237 [system_monitor.py:_start():170] Publishing last batch of metrics
2023-09-30 14:44:01,038 INFO    HandlerThread:10237 [interfaces.py:finish():202] Joined cpu monitor
2023-09-30 14:44:01,038 INFO    HandlerThread:10237 [interfaces.py:finish():202] Joined disk monitor
2023-09-30 14:44:01,038 INFO    HandlerThread:10237 [interfaces.py:finish():202] Joined gpuapple monitor
2023-09-30 14:44:01,038 INFO    HandlerThread:10237 [interfaces.py:finish():202] Joined memory monitor
2023-09-30 14:44:01,038 INFO    HandlerThread:10237 [interfaces.py:finish():202] Joined network monitor
2023-09-30 14:44:01,038 DEBUG   SenderThread:10237 [sender.py:send_request():406] send_request: defer
2023-09-30 14:44:01,038 INFO    SenderThread:10237 [sender.py:send_request_defer():608] handle sender defer: 2
2023-09-30 14:44:01,038 INFO    SenderThread:10237 [sender.py:transition_state():612] send defer: 3
2023-09-30 14:44:01,038 DEBUG   SenderThread:10237 [sender.py:send():379] send: stats
2023-09-30 14:44:01,039 DEBUG   HandlerThread:10237 [handler.py:handle_request():144] handle_request: defer
2023-09-30 14:44:01,039 INFO    HandlerThread:10237 [handler.py:handle_request_defer():170] handle defer: 3
2023-09-30 14:44:01,039 DEBUG   SenderThread:10237 [sender.py:send_request():406] send_request: defer
2023-09-30 14:44:01,039 INFO    SenderThread:10237 [sender.py:send_request_defer():608] handle sender defer: 3
2023-09-30 14:44:01,039 INFO    SenderThread:10237 [sender.py:transition_state():612] send defer: 4
2023-09-30 14:44:01,039 DEBUG   HandlerThread:10237 [handler.py:handle_request():144] handle_request: defer
2023-09-30 14:44:01,039 INFO    HandlerThread:10237 [handler.py:handle_request_defer():170] handle defer: 4
2023-09-30 14:44:01,039 DEBUG   SenderThread:10237 [sender.py:send_request():406] send_request: defer
2023-09-30 14:44:01,039 INFO    SenderThread:10237 [sender.py:send_request_defer():608] handle sender defer: 4
2023-09-30 14:44:01,039 INFO    SenderThread:10237 [sender.py:transition_state():612] send defer: 5
2023-09-30 14:44:01,039 DEBUG   HandlerThread:10237 [handler.py:handle_request():144] handle_request: defer
2023-09-30 14:44:01,039 INFO    HandlerThread:10237 [handler.py:handle_request_defer():170] handle defer: 5
2023-09-30 14:44:01,039 DEBUG   SenderThread:10237 [sender.py:send():379] send: summary
2023-09-30 14:44:01,039 INFO    SenderThread:10237 [sender.py:_save_file():1375] saving file wandb-summary.json with policy end
2023-09-30 14:44:01,039 DEBUG   SenderThread:10237 [sender.py:send_request():406] send_request: defer
2023-09-30 14:44:01,039 INFO    SenderThread:10237 [sender.py:send_request_defer():608] handle sender defer: 5
2023-09-30 14:44:01,039 INFO    SenderThread:10237 [sender.py:transition_state():612] send defer: 6
2023-09-30 14:44:01,039 DEBUG   HandlerThread:10237 [handler.py:handle_request():144] handle_request: defer
2023-09-30 14:44:01,039 INFO    HandlerThread:10237 [handler.py:handle_request_defer():170] handle defer: 6
2023-09-30 14:44:01,039 DEBUG   SenderThread:10237 [sender.py:send_request():406] send_request: defer
2023-09-30 14:44:01,039 INFO    SenderThread:10237 [sender.py:send_request_defer():608] handle sender defer: 6
2023-09-30 14:44:01,039 INFO    SenderThread:10237 [sender.py:transition_state():612] send defer: 7
2023-09-30 14:44:01,039 DEBUG   HandlerThread:10237 [handler.py:handle_request():144] handle_request: status_report
2023-09-30 14:44:01,039 DEBUG   HandlerThread:10237 [handler.py:handle_request():144] handle_request: defer
2023-09-30 14:44:01,039 INFO    HandlerThread:10237 [handler.py:handle_request_defer():170] handle defer: 7
2023-09-30 14:44:01,039 DEBUG   SenderThread:10237 [sender.py:send_request():406] send_request: defer
2023-09-30 14:44:01,039 INFO    SenderThread:10237 [sender.py:send_request_defer():608] handle sender defer: 7
2023-09-30 14:44:01,109 INFO    Thread-12 :10237 [dir_watcher.py:_on_file_modified():288] file/dir modified: /Users/leo/Programming/PLR/wandb/run-20230930_143950-aa8cfk4n/files/output.log
2023-09-30 14:44:01,109 INFO    Thread-12 :10237 [dir_watcher.py:_on_file_modified():288] file/dir modified: /Users/leo/Programming/PLR/wandb/run-20230930_143950-aa8cfk4n/files/wandb-summary.json
2023-09-30 14:44:02,039 DEBUG   HandlerThread:10237 [handler.py:handle_request():144] handle_request: poll_exit
2023-09-30 14:44:02,114 INFO    Thread-12 :10237 [dir_watcher.py:_on_file_modified():288] file/dir modified: /Users/leo/Programming/PLR/wandb/run-20230930_143950-aa8cfk4n/files/output.log
2023-09-30 14:44:02,365 INFO    SenderThread:10237 [sender.py:transition_state():612] send defer: 8
2023-09-30 14:44:02,365 DEBUG   SenderThread:10237 [sender.py:send_request():406] send_request: poll_exit
2023-09-30 14:44:02,366 DEBUG   HandlerThread:10237 [handler.py:handle_request():144] handle_request: defer
2023-09-30 14:44:02,366 INFO    HandlerThread:10237 [handler.py:handle_request_defer():170] handle defer: 8
2023-09-30 14:44:02,366 DEBUG   SenderThread:10237 [sender.py:send_request():406] send_request: defer
2023-09-30 14:44:02,366 INFO    SenderThread:10237 [sender.py:send_request_defer():608] handle sender defer: 8
2023-09-30 14:44:02,366 INFO    SenderThread:10237 [job_builder.py:build():281] Attempting to build job artifact
2023-09-30 14:44:02,367 INFO    SenderThread:10237 [job_builder.py:_get_source_type():393] is repo sourced job
2023-09-30 14:44:02,369 INFO    SenderThread:10237 [job_builder.py:build():369] adding wandb-job metadata file
2023-09-30 14:44:02,374 INFO    SenderThread:10237 [sender.py:transition_state():612] send defer: 9
2023-09-30 14:44:02,375 DEBUG   HandlerThread:10237 [handler.py:handle_request():144] handle_request: defer
2023-09-30 14:44:02,375 DEBUG   SenderThread:10237 [sender.py:send():379] send: artifact
2023-09-30 14:44:02,375 INFO    HandlerThread:10237 [handler.py:handle_request_defer():170] handle defer: 9
2023-09-30 14:44:03,044 DEBUG   HandlerThread:10237 [handler.py:handle_request():144] handle_request: poll_exit
2023-09-30 14:44:03,124 INFO    Thread-12 :10237 [dir_watcher.py:_on_file_modified():288] file/dir modified: /Users/leo/Programming/PLR/wandb/run-20230930_143950-aa8cfk4n/files/output.log
2023-09-30 14:44:03,134 INFO    SenderThread:10237 [sender.py:send_artifact():1453] sent artifact job-https___github.com_leothesouthafrican_PLR.git_Leo_gen_algo_opt_folder_genetic_algorithm.py - {'id': 'QXJ0aWZhY3Q6NTg5NzcyODg5', 'state': 'COMMITTED', 'artifactSequence': {'id': 'QXJ0aWZhY3RDb2xsZWN0aW9uOjEwMjY3Mjc5OA==', 'latestArtifact': {'id': 'QXJ0aWZhY3Q6NTg5NzcyODg5', 'versionIndex': 4}}}
2023-09-30 14:44:03,134 DEBUG   SenderThread:10237 [sender.py:send_request():406] send_request: defer
2023-09-30 14:44:03,134 INFO    SenderThread:10237 [sender.py:send_request_defer():608] handle sender defer: 9
2023-09-30 14:44:03,134 INFO    SenderThread:10237 [dir_watcher.py:finish():358] shutting down directory watcher
2023-09-30 14:44:04,127 INFO    SenderThread:10237 [dir_watcher.py:finish():388] scan: /Users/leo/Programming/PLR/wandb/run-20230930_143950-aa8cfk4n/files
2023-09-30 14:44:04,128 INFO    SenderThread:10237 [dir_watcher.py:finish():402] scan save: /Users/leo/Programming/PLR/wandb/run-20230930_143950-aa8cfk4n/files/requirements.txt requirements.txt
2023-09-30 14:44:04,128 INFO    SenderThread:10237 [dir_watcher.py:finish():402] scan save: /Users/leo/Programming/PLR/wandb/run-20230930_143950-aa8cfk4n/files/output.log output.log
2023-09-30 14:44:04,129 INFO    SenderThread:10237 [dir_watcher.py:finish():402] scan save: /Users/leo/Programming/PLR/wandb/run-20230930_143950-aa8cfk4n/files/config.yaml config.yaml
2023-09-30 14:44:04,129 INFO    SenderThread:10237 [dir_watcher.py:finish():402] scan save: /Users/leo/Programming/PLR/wandb/run-20230930_143950-aa8cfk4n/files/wandb-summary.json wandb-summary.json
2023-09-30 14:44:04,129 INFO    SenderThread:10237 [dir_watcher.py:finish():402] scan save: /Users/leo/Programming/PLR/wandb/run-20230930_143950-aa8cfk4n/files/wandb-metadata.json wandb-metadata.json
2023-09-30 14:44:04,129 INFO    SenderThread:10237 [sender.py:transition_state():612] send defer: 10
2023-09-30 14:44:04,129 DEBUG   SenderThread:10237 [sender.py:send_request():406] send_request: poll_exit
2023-09-30 14:44:04,130 DEBUG   HandlerThread:10237 [handler.py:handle_request():144] handle_request: defer
2023-09-30 14:44:04,130 INFO    HandlerThread:10237 [handler.py:handle_request_defer():170] handle defer: 10
2023-09-30 14:44:04,134 DEBUG   SenderThread:10237 [sender.py:send_request():406] send_request: defer
2023-09-30 14:44:04,134 INFO    SenderThread:10237 [sender.py:send_request_defer():608] handle sender defer: 10
2023-09-30 14:44:04,136 INFO    SenderThread:10237 [file_pusher.py:finish():175] shutting down file pusher
2023-09-30 14:44:04,582 INFO    wandb-upload_3:10237 [upload_job.py:push():131] Uploaded file /Users/leo/Programming/PLR/wandb/run-20230930_143950-aa8cfk4n/files/wandb-summary.json
2023-09-30 14:44:04,597 INFO    wandb-upload_0:10237 [upload_job.py:push():131] Uploaded file /Users/leo/Programming/PLR/wandb/run-20230930_143950-aa8cfk4n/files/requirements.txt
2023-09-30 14:44:04,598 INFO    wandb-upload_2:10237 [upload_job.py:push():131] Uploaded file /Users/leo/Programming/PLR/wandb/run-20230930_143950-aa8cfk4n/files/config.yaml
2023-09-30 14:44:04,992 INFO    wandb-upload_1:10237 [upload_job.py:push():131] Uploaded file /Users/leo/Programming/PLR/wandb/run-20230930_143950-aa8cfk4n/files/output.log
2023-09-30 14:44:05,198 INFO    Thread-11 (_thread_body):10237 [sender.py:transition_state():612] send defer: 11
2023-09-30 14:44:05,199 DEBUG   HandlerThread:10237 [handler.py:handle_request():144] handle_request: defer
2023-09-30 14:44:05,199 INFO    HandlerThread:10237 [handler.py:handle_request_defer():170] handle defer: 11
2023-09-30 14:44:05,199 DEBUG   SenderThread:10237 [sender.py:send_request():406] send_request: defer
2023-09-30 14:44:05,199 INFO    SenderThread:10237 [sender.py:send_request_defer():608] handle sender defer: 11
2023-09-30 14:44:05,200 INFO    SenderThread:10237 [file_pusher.py:join():181] waiting for file pusher
2023-09-30 14:44:05,200 INFO    SenderThread:10237 [sender.py:transition_state():612] send defer: 12
2023-09-30 14:44:05,200 DEBUG   HandlerThread:10237 [handler.py:handle_request():144] handle_request: defer
2023-09-30 14:44:05,200 INFO    HandlerThread:10237 [handler.py:handle_request_defer():170] handle defer: 12
2023-09-30 14:44:05,200 DEBUG   SenderThread:10237 [sender.py:send_request():406] send_request: defer
2023-09-30 14:44:05,200 INFO    SenderThread:10237 [sender.py:send_request_defer():608] handle sender defer: 12
2023-09-30 14:44:05,201 INFO    SenderThread:10237 [file_stream.py:finish():594] file stream finish called
2023-09-30 14:44:05,890 INFO    SenderThread:10237 [file_stream.py:finish():598] file stream finish is done
2023-09-30 14:44:05,890 INFO    SenderThread:10237 [sender.py:transition_state():612] send defer: 13
2023-09-30 14:44:05,890 DEBUG   HandlerThread:10237 [handler.py:handle_request():144] handle_request: defer
2023-09-30 14:44:05,890 INFO    HandlerThread:10237 [handler.py:handle_request_defer():170] handle defer: 13
2023-09-30 14:44:05,890 DEBUG   SenderThread:10237 [sender.py:send_request():406] send_request: defer
2023-09-30 14:44:05,890 INFO    SenderThread:10237 [sender.py:send_request_defer():608] handle sender defer: 13
2023-09-30 14:44:05,891 INFO    SenderThread:10237 [sender.py:transition_state():612] send defer: 14
2023-09-30 14:44:05,891 DEBUG   SenderThread:10237 [sender.py:send():379] send: final
2023-09-30 14:44:05,891 DEBUG   SenderThread:10237 [sender.py:send():379] send: footer
2023-09-30 14:44:05,891 DEBUG   HandlerThread:10237 [handler.py:handle_request():144] handle_request: defer
2023-09-30 14:44:05,891 INFO    HandlerThread:10237 [handler.py:handle_request_defer():170] handle defer: 14
2023-09-30 14:44:05,891 DEBUG   SenderThread:10237 [sender.py:send_request():406] send_request: defer
2023-09-30 14:44:05,891 INFO    SenderThread:10237 [sender.py:send_request_defer():608] handle sender defer: 14
2023-09-30 14:44:05,892 DEBUG   HandlerThread:10237 [handler.py:handle_request():144] handle_request: poll_exit
2023-09-30 14:44:05,892 DEBUG   HandlerThread:10237 [handler.py:handle_request():144] handle_request: server_info
2023-09-30 14:44:05,892 DEBUG   SenderThread:10237 [sender.py:send_request():406] send_request: poll_exit
2023-09-30 14:44:05,893 DEBUG   SenderThread:10237 [sender.py:send_request():406] send_request: server_info
2023-09-30 14:44:05,894 DEBUG   HandlerThread:10237 [handler.py:handle_request():144] handle_request: get_summary
2023-09-30 14:44:05,894 DEBUG   HandlerThread:10237 [handler.py:handle_request():144] handle_request: sampled_history
2023-09-30 14:44:05,895 DEBUG   HandlerThread:10237 [handler.py:handle_request():144] handle_request: internal_messages
2023-09-30 14:44:05,895 DEBUG   HandlerThread:10237 [handler.py:handle_request():144] handle_request: job_info
2023-09-30 14:44:06,038 DEBUG   SenderThread:10237 [sender.py:send_request():406] send_request: job_info
2023-09-30 14:44:06,038 INFO    MainThread:10237 [wandb_run.py:_footer_history_summary_info():3557] rendering history
2023-09-30 14:44:06,038 INFO    MainThread:10237 [wandb_run.py:_footer_history_summary_info():3589] rendering summary
2023-09-30 14:44:06,039 INFO    MainThread:10237 [wandb_run.py:_footer_sync_info():3516] logging synced files
2023-09-30 14:44:06,039 DEBUG   HandlerThread:10237 [handler.py:handle_request():144] handle_request: shutdown
2023-09-30 14:44:06,039 INFO    HandlerThread:10237 [handler.py:finish():840] shutting down handler
2023-09-30 14:44:06,900 INFO    WriterThread:10237 [datastore.py:close():294] close: /Users/leo/Programming/PLR/wandb/run-20230930_143950-aa8cfk4n/run-aa8cfk4n.wandb
2023-09-30 14:44:07,043 INFO    SenderThread:10237 [sender.py:finish():1531] shutting down sender
2023-09-30 14:44:07,043 INFO    SenderThread:10237 [file_pusher.py:finish():175] shutting down file pusher
2023-09-30 14:44:07,043 INFO    SenderThread:10237 [file_pusher.py:join():181] waiting for file pusher
