Generations:   0%|                                                                                                                                                                         | 0/20 [00:00<?, ?it/s]


Eval Fitness Gen 1 - Best Fitness: 0.3899:  15%|███████████████████▎                                                                                                             | 15/100 [00:05<00:34,  2.48it/s]
Mutated clustering hyperparameter

Eval Fitness Gen 1 - Best Fitness: 0.7919:  19%|████████████████████████▌                                                                                                        | 19/100 [00:07<00:35,  2.26it/s]
Flipped feature 15
Flipped feature 43
Flipped feature 44
Flipped feature 52
Flipped feature 68

Eval Fitness Gen 1 - Best Fitness: 0.7919:  24%|██████████████████████████████▉                                                                                                  | 24/100 [00:09<00:34,  2.23it/s]
Mutated depth

Eval Fitness Gen 1 - Best Fitness: 0.7919:  30%|██████████████████████████████████████▋                                                                                          | 30/100 [00:11<00:24,  2.85it/s]
Flipped feature 69
Flipped feature 73
Flipped feature 75
Flipped feature 138
Mutated clustering hyperparameter
Mutated depth

Eval Fitness Gen 1 - Best Fitness: 0.7919:  35%|█████████████████████████████████████████████▏                                                                                   | 35/100 [00:13<00:25,  2.52it/s]
Mutated depth
Mutated clustering hyperparameter
Mutated latent dimension



Eval Fitness Gen 1 - Best Fitness: 0.7919:  51%|█████████████████████████████████████████████████████████████████▊                                                               | 51/100 [00:19<00:19,  2.51it/s]
Mutated depth

Eval Fitness Gen 1 - Best Fitness: 0.7919:  56%|████████████████████████████████████████████████████████████████████████▏                                                        | 56/100 [00:21<00:15,  2.76it/s]


Eval Fitness Gen 1 - Best Fitness: 0.7919:  67%|██████████████████████████████████████████████████████████████████████████████████████▍                                          | 67/100 [00:25<00:12,  2.65it/s]
Flipped feature 3
Flipped feature 4
Flipped feature 32
Flipped feature 90
Flipped feature 106
Flipped feature 107
Flipped feature 111
Flipped feature 112
Flipped feature 129


Eval Fitness Gen 1 - Best Fitness: 0.7919:  78%|████████████████████████████████████████████████████████████████████████████████████████████████████▌                            | 78/100 [00:29<00:07,  3.09it/s]
Flipped feature 22
Flipped feature 24
Flipped feature 79
Flipped feature 96

Eval Fitness Gen 1 - Best Fitness: 0.7919:  84%|████████████████████████████████████████████████████████████████████████████████████████████████████████████▎                    | 84/100 [00:32<00:06,  2.53it/s]
Mutated depth


Eval Fitness Gen 1 - Best Fitness: 0.7919:  94%|█████████████████████████████████████████████████████████████████████████████████████████████████████████████████████████▎       | 94/100 [00:35<00:02,  2.57it/s]
Flipped feature 4
Flipped feature 56
Flipped feature 67
Flipped feature 78
Flipped feature 109
Mutated latent dimension

Eval Fitness Gen 1 - Best Fitness: 0.7919:  99%|███████████████████████████████████████████████████████████████████████████████████████████████████████████████████████████████▋ | 99/100 [00:37<00:00,  2.42it/s]
Mutated clustering hyperparameter
Mutated latent dimension
Mutated clustering hyperparameter
Flipped feature 37
Flipped feature 42
Flipped feature 57
Flipped feature 69
Flipped feature 96
Flipped feature 123
Flipped feature 125
Flipped feature 140
Mutated latent dimension
Mutated latent dimension
Flipped feature 4
Flipped feature 8
Flipped feature 10
Flipped feature 12
Flipped feature 22
Flipped feature 27
Flipped feature 39
Flipped feature 42
Flipped feature 83
Flipped feature 121
Flipped feature 125
Flipped feature 9
Flipped feature 27
Flipped feature 60
Flipped feature 70
Flipped feature 89
Flipped feature 106
Flipped feature 110
Flipped feature 120
Flipped feature 129
Mutated depth
Mutated clustering hyperparameter
Mutated depth
Mutated depth
Mutated clustering hyperparameter
Traceback (most recent call last):
  File "/Users/leo/Programming/PLR/Leo/gen_algo_opt_folder/genetic_algorithm.py", line 281, in <module>
    best_individual, best_fitness = ga.run()
                                    ^^^^^^^^
  File "/Users/leo/Programming/PLR/Leo/gen_algo_opt_folder/genetic_algorithm.py", line 208, in run
    fitness_val = self.fitness(individual)
                  ^^^^^^^^^^^^^^^^^^^^^^^^
  File "/Users/leo/Programming/PLR/Leo/gen_algo_opt_folder/genetic_algorithm.py", line 52, in fitness
    depth = max(1, int(params[self.n_features]))
                       ~~~~~~^^^^^^^^^^^^^^^^^
IndexError: tuple index out of range