Generations:   0%|                                                                                                                                                                         | 0/20 [00:00<?, ?it/s]


Eval Fitness Gen 1 - Best Fitness: 0.4995:   2%|██▌                                                                                                                               | 2/100 [00:16<14:23,  8.81s/it]
Mutated clustering hyperparameter


Traceback (most recent call last):
  File "/Users/leo/Programming/PLR/Leo/gen_algo_opt_folder/genetic_algorithm.py", line 281, in <module>
    best_individual, best_fitness = ga.run()
                                    ^^^^^^^^
  File "/Users/leo/Programming/PLR/Leo/gen_algo_opt_folder/genetic_algorithm.py", line 208, in run
    fitness_val = self.fitness(individual)
                  ^^^^^^^^^^^^^^^^^^^^^^^^
  File "/Users/leo/Programming/PLR/Leo/gen_algo_opt_folder/genetic_algorithm.py", line 80, in fitness
    latent_data = autoencoder.encode(data_tensor).cpu().numpy()
                  ^^^^^^^^^^^^^^^^^^^^^^^^^^^^^^^
  File "/Users/leo/Programming/PLR/Leo/gen_algo_opt_folder/autoencoder.py", line 30, in encode
    x = self.relu(layer(x))
                  ^^^^^^^^
  File "/Users/leo/Programming/PLR/Leo/env/lib/python3.11/site-packages/torch/nn/modules/module.py", line 1501, in _call_impl
    return forward_call(*args, **kwargs)
           ^^^^^^^^^^^^^^^^^^^^^^^^^^^^^
  File "/Users/leo/Programming/PLR/Leo/env/lib/python3.11/site-packages/torch/nn/modules/linear.py", line 114, in forward
    return F.linear(input, self.weight, self.bias)
           ^^^^^^^^^^^^^^^^^^^^^^^^^^^^^^^^^^^^^^^
KeyboardInterrupt