2023-09-30 18:27:39,649 INFO    StreamThr :16621 [internal.py:wandb_internal():86] W&B internal server running at pid: 16621, started at: 2023-09-30 18:27:39.646715
2023-09-30 18:27:39,656 DEBUG   HandlerThread:16621 [handler.py:handle_request():144] handle_request: status
2023-09-30 18:27:39,658 INFO    WriterThread:16621 [datastore.py:open_for_write():85] open: /Users/leo/Programming/PLR/wandb/run-20230930_182738-oat6rcwu/run-oat6rcwu.wandb
2023-09-30 18:27:39,658 DEBUG   SenderThread:16621 [sender.py:send():379] send: header
2023-09-30 18:27:39,658 DEBUG   SenderThread:16621 [sender.py:send():379] send: run
2023-09-30 18:27:40,177 INFO    SenderThread:16621 [dir_watcher.py:__init__():211] watching files in: /Users/leo/Programming/PLR/wandb/run-20230930_182738-oat6rcwu/files
2023-09-30 18:27:40,178 INFO    SenderThread:16621 [sender.py:_start_run_threads():1121] run started: oat6rcwu with start time 1696094858.710543
2023-09-30 18:27:40,189 DEBUG   HandlerThread:16621 [handler.py:handle_request():144] handle_request: check_version
2023-09-30 18:27:40,189 DEBUG   SenderThread:16621 [sender.py:send_request():406] send_request: check_version
2023-09-30 18:27:40,324 DEBUG   HandlerThread:16621 [handler.py:handle_request():144] handle_request: run_start
2023-09-30 18:27:40,326 DEBUG   HandlerThread:16621 [system_info.py:__init__():32] System info init
2023-09-30 18:27:40,326 DEBUG   HandlerThread:16621 [system_info.py:__init__():47] System info init done
2023-09-30 18:27:40,326 INFO    HandlerThread:16621 [system_monitor.py:start():181] Starting system monitor
2023-09-30 18:27:40,326 INFO    SystemMonitor:16621 [system_monitor.py:_start():145] Starting system asset monitoring threads
2023-09-30 18:27:40,326 INFO    HandlerThread:16621 [system_monitor.py:probe():201] Collecting system info
2023-09-30 18:27:40,327 INFO    SystemMonitor:16621 [interfaces.py:start():190] Started cpu monitoring
2023-09-30 18:27:40,328 DEBUG   HandlerThread:16621 [system_info.py:probe():196] Probing system
2023-09-30 18:27:40,328 INFO    SystemMonitor:16621 [interfaces.py:start():190] Started disk monitoring
2023-09-30 18:27:40,330 INFO    SystemMonitor:16621 [interfaces.py:start():190] Started gpuapple monitoring
2023-09-30 18:27:40,339 INFO    SystemMonitor:16621 [interfaces.py:start():190] Started memory monitoring
2023-09-30 18:27:40,342 INFO    SystemMonitor:16621 [interfaces.py:start():190] Started network monitoring
2023-09-30 18:27:40,343 DEBUG   HandlerThread:16621 [system_info.py:_probe_git():181] Probing git
2023-09-30 18:27:40,364 DEBUG   HandlerThread:16621 [system_info.py:_probe_git():189] Probing git done
2023-09-30 18:27:40,364 DEBUG   HandlerThread:16621 [system_info.py:probe():244] Probing system done
2023-09-30 18:27:40,364 DEBUG   HandlerThread:16621 [system_monitor.py:probe():210] {'os': 'macOS-14.0-arm64-arm-64bit', 'python': '3.11.4', 'heartbeatAt': '2023-09-30T17:27:40.329811', 'startedAt': '2023-09-30T17:27:38.701685', 'docker': None, 'cuda': None, 'args': (), 'state': 'running', 'program': '/Users/leo/Programming/PLR/Leo/gen_algo_opt_folder/genetic_algorithm.py', 'codePathLocal': 'Leo/gen_algo_opt_folder/genetic_algorithm.py', 'codePath': 'Leo/gen_algo_opt_folder/genetic_algorithm.py', 'git': {'remote': 'https://github.com/leothesouthafrican/PLR.git', 'commit': '5fd3a4eb908a10330b25120a123e86d552235212'}, 'email': '38779415+leothesouthafrican@users.noreply.github.com', 'root': '/Users/leo/Programming/PLR', 'host': 'Leos-MacBook-Pro.local', 'username': 'leo', 'executable': '/Users/leo/Programming/PLR/Leo/env/bin/python3', 'cpu_count': 10, 'cpu_count_logical': 10, 'disk': {'/': {'total': 855.9619140625, 'used': 12.108589172363281}}, 'gpuapple': {'type': 'arm', 'vendor': 'Apple'}, 'memory': {'total': 32.0}}
2023-09-30 18:27:40,364 INFO    HandlerThread:16621 [system_monitor.py:probe():211] Finished collecting system info
2023-09-30 18:27:40,365 INFO    HandlerThread:16621 [system_monitor.py:probe():214] Publishing system info
2023-09-30 18:27:40,365 DEBUG   HandlerThread:16621 [system_info.py:_save_pip():52] Saving list of pip packages installed into the current environment
2023-09-30 18:27:40,365 DEBUG   HandlerThread:16621 [system_info.py:_save_pip():68] Saving pip packages done
2023-09-30 18:27:40,365 INFO    HandlerThread:16621 [system_monitor.py:probe():216] Finished publishing system info
2023-09-30 18:27:40,366 DEBUG   SenderThread:16621 [sender.py:send():379] send: files
2023-09-30 18:27:40,366 INFO    SenderThread:16621 [sender.py:_save_file():1375] saving file wandb-metadata.json with policy now
2023-09-30 18:27:40,369 DEBUG   SenderThread:16621 [sender.py:send():379] send: telemetry
2023-09-30 18:27:40,369 DEBUG   HandlerThread:16621 [handler.py:handle_request():144] handle_request: stop_status
2023-09-30 18:27:40,369 DEBUG   HandlerThread:16621 [handler.py:handle_request():144] handle_request: internal_messages
2023-09-30 18:27:40,369 DEBUG   SenderThread:16621 [sender.py:send_request():406] send_request: stop_status
2023-09-30 18:27:40,642 DEBUG   SenderThread:16621 [sender.py:send():379] send: config
2023-09-30 18:27:41,177 INFO    Thread-152:16621 [dir_watcher.py:_on_file_created():271] file/dir created: /Users/leo/Programming/PLR/wandb/run-20230930_182738-oat6rcwu/files/wandb-metadata.json
2023-09-30 18:27:41,178 INFO    Thread-152:16621 [dir_watcher.py:_on_file_created():271] file/dir created: /Users/leo/Programming/PLR/wandb/run-20230930_182738-oat6rcwu/files/requirements.txt
2023-09-30 18:27:41,178 INFO    Thread-152:16621 [dir_watcher.py:_on_file_created():271] file/dir created: /Users/leo/Programming/PLR/wandb/run-20230930_182738-oat6rcwu/files/output.log
2023-09-30 18:27:41,229 INFO    wandb-upload_0:16621 [upload_job.py:push():131] Uploaded file /var/folders/dt/bgs1hq3d2k3dvhpt3llvs4rw0000gn/T/tmpeq5unk70wandb/aatq4ucb-wandb-metadata.json
2023-09-30 18:27:43,194 INFO    Thread-152:16621 [dir_watcher.py:_on_file_modified():288] file/dir modified: /Users/leo/Programming/PLR/wandb/run-20230930_182738-oat6rcwu/files/output.log
2023-09-30 18:27:44,971 DEBUG   HandlerThread:16621 [handler.py:handle_request():144] handle_request: partial_history
2023-09-30 18:27:44,972 DEBUG   SenderThread:16621 [sender.py:send():379] send: history
2023-09-30 18:27:44,972 DEBUG   SenderThread:16621 [sender.py:send_request():406] send_request: summary_record
2023-09-30 18:27:44,972 DEBUG   HandlerThread:16621 [handler.py:handle_request():144] handle_request: status_report
2023-09-30 18:27:44,972 INFO    SenderThread:16621 [sender.py:_save_file():1375] saving file wandb-summary.json with policy end
2023-09-30 18:27:45,201 INFO    Thread-152:16621 [dir_watcher.py:_on_file_modified():288] file/dir modified: /Users/leo/Programming/PLR/wandb/run-20230930_182738-oat6rcwu/files/output.log
2023-09-30 18:27:45,201 INFO    Thread-152:16621 [dir_watcher.py:_on_file_created():271] file/dir created: /Users/leo/Programming/PLR/wandb/run-20230930_182738-oat6rcwu/files/wandb-summary.json
2023-09-30 18:27:47,216 INFO    Thread-152:16621 [dir_watcher.py:_on_file_modified():288] file/dir modified: /Users/leo/Programming/PLR/wandb/run-20230930_182738-oat6rcwu/files/output.log
2023-09-30 18:27:49,222 INFO    Thread-152:16621 [dir_watcher.py:_on_file_modified():288] file/dir modified: /Users/leo/Programming/PLR/wandb/run-20230930_182738-oat6rcwu/files/output.log
2023-09-30 18:27:50,844 DEBUG   HandlerThread:16621 [handler.py:handle_request():144] handle_request: status_report
2023-09-30 18:27:50,988 DEBUG   HandlerThread:16621 [handler.py:handle_request():144] handle_request: partial_history
2023-09-30 18:27:50,989 DEBUG   SenderThread:16621 [sender.py:send():379] send: history
2023-09-30 18:27:50,989 DEBUG   SenderThread:16621 [sender.py:send_request():406] send_request: summary_record
2023-09-30 18:27:50,990 INFO    SenderThread:16621 [sender.py:_save_file():1375] saving file wandb-summary.json with policy end
2023-09-30 18:27:51,235 INFO    Thread-152:16621 [dir_watcher.py:_on_file_modified():288] file/dir modified: /Users/leo/Programming/PLR/wandb/run-20230930_182738-oat6rcwu/files/wandb-summary.json
2023-09-30 18:27:51,235 INFO    Thread-152:16621 [dir_watcher.py:_on_file_modified():288] file/dir modified: /Users/leo/Programming/PLR/wandb/run-20230930_182738-oat6rcwu/files/output.log
2023-09-30 18:27:53,241 INFO    Thread-152:16621 [dir_watcher.py:_on_file_modified():288] file/dir modified: /Users/leo/Programming/PLR/wandb/run-20230930_182738-oat6rcwu/files/output.log
2023-09-30 18:27:55,245 INFO    Thread-152:16621 [dir_watcher.py:_on_file_modified():288] file/dir modified: /Users/leo/Programming/PLR/wandb/run-20230930_182738-oat6rcwu/files/output.log
2023-09-30 18:27:55,388 DEBUG   HandlerThread:16621 [handler.py:handle_request():144] handle_request: stop_status
2023-09-30 18:27:55,389 DEBUG   HandlerThread:16621 [handler.py:handle_request():144] handle_request: internal_messages
2023-09-30 18:27:55,389 DEBUG   SenderThread:16621 [sender.py:send_request():406] send_request: stop_status
2023-09-30 18:27:56,044 DEBUG   HandlerThread:16621 [handler.py:handle_request():144] handle_request: status_report
2023-09-30 18:27:57,252 INFO    Thread-152:16621 [dir_watcher.py:_on_file_modified():288] file/dir modified: /Users/leo/Programming/PLR/wandb/run-20230930_182738-oat6rcwu/files/output.log
2023-09-30 18:27:57,380 DEBUG   HandlerThread:16621 [handler.py:handle_request():144] handle_request: partial_history
2023-09-30 18:27:57,382 DEBUG   SenderThread:16621 [sender.py:send():379] send: history
2023-09-30 18:27:57,382 DEBUG   SenderThread:16621 [sender.py:send_request():406] send_request: summary_record
2023-09-30 18:27:57,383 INFO    SenderThread:16621 [sender.py:_save_file():1375] saving file wandb-summary.json with policy end
2023-09-30 18:27:58,255 INFO    Thread-152:16621 [dir_watcher.py:_on_file_modified():288] file/dir modified: /Users/leo/Programming/PLR/wandb/run-20230930_182738-oat6rcwu/files/wandb-summary.json
2023-09-30 18:27:59,259 INFO    Thread-152:16621 [dir_watcher.py:_on_file_modified():288] file/dir modified: /Users/leo/Programming/PLR/wandb/run-20230930_182738-oat6rcwu/files/output.log
2023-09-30 18:28:01,249 DEBUG   HandlerThread:16621 [handler.py:handle_request():144] handle_request: status_report
2023-09-30 18:28:01,270 INFO    Thread-152:16621 [dir_watcher.py:_on_file_modified():288] file/dir modified: /Users/leo/Programming/PLR/wandb/run-20230930_182738-oat6rcwu/files/output.log
2023-09-30 18:28:02,919 DEBUG   HandlerThread:16621 [handler.py:handle_request():144] handle_request: partial_history
2023-09-30 18:28:02,919 DEBUG   SenderThread:16621 [sender.py:send():379] send: history
2023-09-30 18:28:02,919 DEBUG   SenderThread:16621 [sender.py:send_request():406] send_request: summary_record
2023-09-30 18:28:02,920 INFO    SenderThread:16621 [sender.py:_save_file():1375] saving file wandb-summary.json with policy end
2023-09-30 18:28:03,282 INFO    Thread-152:16621 [dir_watcher.py:_on_file_modified():288] file/dir modified: /Users/leo/Programming/PLR/wandb/run-20230930_182738-oat6rcwu/files/wandb-summary.json
2023-09-30 18:28:03,286 INFO    Thread-152:16621 [dir_watcher.py:_on_file_modified():288] file/dir modified: /Users/leo/Programming/PLR/wandb/run-20230930_182738-oat6rcwu/files/output.log
2023-09-30 18:28:05,298 INFO    Thread-152:16621 [dir_watcher.py:_on_file_modified():288] file/dir modified: /Users/leo/Programming/PLR/wandb/run-20230930_182738-oat6rcwu/files/output.log
2023-09-30 18:28:06,596 DEBUG   HandlerThread:16621 [handler.py:handle_request():144] handle_request: status_report
2023-09-30 18:28:07,304 INFO    Thread-152:16621 [dir_watcher.py:_on_file_modified():288] file/dir modified: /Users/leo/Programming/PLR/wandb/run-20230930_182738-oat6rcwu/files/output.log
2023-09-30 18:28:07,974 DEBUG   HandlerThread:16621 [handler.py:handle_request():144] handle_request: partial_history
2023-09-30 18:28:07,975 DEBUG   SenderThread:16621 [sender.py:send():379] send: history
2023-09-30 18:28:07,975 DEBUG   SenderThread:16621 [sender.py:send_request():406] send_request: summary_record
2023-09-30 18:28:07,976 INFO    SenderThread:16621 [sender.py:_save_file():1375] saving file wandb-summary.json with policy end
2023-09-30 18:28:08,309 INFO    Thread-152:16621 [dir_watcher.py:_on_file_modified():288] file/dir modified: /Users/leo/Programming/PLR/wandb/run-20230930_182738-oat6rcwu/files/wandb-summary.json
2023-09-30 18:28:09,313 INFO    Thread-152:16621 [dir_watcher.py:_on_file_modified():288] file/dir modified: /Users/leo/Programming/PLR/wandb/run-20230930_182738-oat6rcwu/files/output.log
2023-09-30 18:28:10,390 DEBUG   HandlerThread:16621 [handler.py:handle_request():144] handle_request: internal_messages
2023-09-30 18:28:10,397 DEBUG   HandlerThread:16621 [handler.py:handle_request():144] handle_request: stop_status
2023-09-30 18:28:10,414 DEBUG   SenderThread:16621 [sender.py:send_request():406] send_request: stop_status
2023-09-30 18:28:11,323 INFO    Thread-152:16621 [dir_watcher.py:_on_file_modified():288] file/dir modified: /Users/leo/Programming/PLR/wandb/run-20230930_182738-oat6rcwu/files/output.log
2023-09-30 18:28:11,615 DEBUG   HandlerThread:16621 [handler.py:handle_request():144] handle_request: status_report
2023-09-30 18:28:12,328 INFO    Thread-152:16621 [dir_watcher.py:_on_file_modified():288] file/dir modified: /Users/leo/Programming/PLR/wandb/run-20230930_182738-oat6rcwu/files/config.yaml
2023-09-30 18:28:12,603 DEBUG   HandlerThread:16621 [handler.py:handle_request():144] handle_request: log_artifact
2023-09-30 18:28:12,604 DEBUG   SenderThread:16621 [sender.py:send_request():406] send_request: log_artifact
2023-09-30 18:28:12,674 DEBUG   HandlerThread:16621 [handler.py:handle_request():144] handle_request: partial_history
2023-09-30 18:28:13,339 INFO    Thread-152:16621 [dir_watcher.py:_on_file_modified():288] file/dir modified: /Users/leo/Programming/PLR/wandb/run-20230930_182738-oat6rcwu/files/output.log
2023-09-30 18:28:13,340 INFO    Thread-152:16621 [dir_watcher.py:_on_file_created():271] file/dir created: /Users/leo/Programming/PLR/wandb/run-20230930_182738-oat6rcwu/files/media/table/Generations Table_5_2a68f55242dc81afcc6b.table.json
2023-09-30 18:28:13,340 INFO    Thread-152:16621 [dir_watcher.py:_on_file_created():271] file/dir created: /Users/leo/Programming/PLR/wandb/run-20230930_182738-oat6rcwu/files/media
2023-09-30 18:28:13,340 INFO    Thread-152:16621 [dir_watcher.py:_on_file_created():271] file/dir created: /Users/leo/Programming/PLR/wandb/run-20230930_182738-oat6rcwu/files/media/table
2023-09-30 18:28:13,681 DEBUG   HandlerThread:16621 [handler.py:handle_request():144] handle_request: poll_exit
2023-09-30 18:28:13,713 INFO    wandb-upload_1:16621 [upload_job.py:push():131] Uploaded file /var/folders/dt/bgs1hq3d2k3dvhpt3llvs4rw0000gn/T/tmpeq5unk70wandb/e7zzxtt0-media/table/Generations Table_5_2a68f55242dc81afcc6b.table.json
2023-09-30 18:28:13,997 INFO    wandb-upload_0:16621 [upload_job.py:push():89] Uploaded file /Users/leo/Library/Application Support/wandb/artifacts/staging/tmpd_72id47
2023-09-30 18:28:14,710 INFO    SenderThread:16621 [sender.py:send_request_log_artifact():1441] logged artifact run-oat6rcwu-GenerationsTable - {'id': 'QXJ0aWZhY3Q6NTg5OTUzODQx', 'state': 'PENDING', 'artifactSequence': {'id': 'QXJ0aWZhY3RDb2xsZWN0aW9uOjEwMjc3OTQ2MQ==', 'latestArtifact': None}}
2023-09-30 18:28:14,710 DEBUG   SenderThread:16621 [sender.py:send():379] send: files
2023-09-30 18:28:14,710 INFO    SenderThread:16621 [sender.py:_save_file():1375] saving file media/table/Generations Table_5_2a68f55242dc81afcc6b.table.json with policy now
2023-09-30 18:28:14,710 DEBUG   SenderThread:16621 [sender.py:send():379] send: history
2023-09-30 18:28:14,711 DEBUG   SenderThread:16621 [sender.py:send_request():406] send_request: summary_record
2023-09-30 18:28:14,711 INFO    SenderThread:16621 [sender.py:_save_file():1375] saving file wandb-summary.json with policy end
2023-09-30 18:28:14,712 DEBUG   SenderThread:16621 [sender.py:send():379] send: telemetry
2023-09-30 18:28:14,712 DEBUG   SenderThread:16621 [sender.py:send():379] send: exit
2023-09-30 18:28:14,712 INFO    SenderThread:16621 [sender.py:send_exit():584] handling exit code: 0
2023-09-30 18:28:14,712 INFO    SenderThread:16621 [sender.py:send_exit():586] handling runtime: 32
2023-09-30 18:28:14,713 INFO    SenderThread:16621 [sender.py:_save_file():1375] saving file wandb-summary.json with policy end
2023-09-30 18:28:14,713 INFO    SenderThread:16621 [sender.py:send_exit():592] send defer
2023-09-30 18:28:14,713 DEBUG   SenderThread:16621 [sender.py:send_request():406] send_request: poll_exit
2023-09-30 18:28:14,713 DEBUG   HandlerThread:16621 [handler.py:handle_request():144] handle_request: defer
2023-09-30 18:28:14,713 INFO    HandlerThread:16621 [handler.py:handle_request_defer():170] handle defer: 0
2023-09-30 18:28:14,715 DEBUG   SenderThread:16621 [sender.py:send_request():406] send_request: defer
2023-09-30 18:28:14,715 INFO    SenderThread:16621 [sender.py:send_request_defer():608] handle sender defer: 0
2023-09-30 18:28:14,715 INFO    SenderThread:16621 [sender.py:transition_state():612] send defer: 1
2023-09-30 18:28:14,715 DEBUG   HandlerThread:16621 [handler.py:handle_request():144] handle_request: defer
2023-09-30 18:28:14,715 INFO    HandlerThread:16621 [handler.py:handle_request_defer():170] handle defer: 1
2023-09-30 18:28:14,715 DEBUG   SenderThread:16621 [sender.py:send_request():406] send_request: defer
2023-09-30 18:28:14,715 INFO    SenderThread:16621 [sender.py:send_request_defer():608] handle sender defer: 1
2023-09-30 18:28:14,715 INFO    SenderThread:16621 [sender.py:transition_state():612] send defer: 2
2023-09-30 18:28:14,715 DEBUG   HandlerThread:16621 [handler.py:handle_request():144] handle_request: defer
2023-09-30 18:28:14,715 INFO    HandlerThread:16621 [handler.py:handle_request_defer():170] handle defer: 2
2023-09-30 18:28:14,715 INFO    HandlerThread:16621 [system_monitor.py:finish():190] Stopping system monitor
2023-09-30 18:28:14,716 DEBUG   SystemMonitor:16621 [system_monitor.py:_start():159] Starting system metrics aggregation loop
2023-09-30 18:28:14,716 DEBUG   SystemMonitor:16621 [system_monitor.py:_start():166] Finished system metrics aggregation loop
2023-09-30 18:28:14,716 INFO    HandlerThread:16621 [interfaces.py:finish():202] Joined cpu monitor
2023-09-30 18:28:14,716 DEBUG   SystemMonitor:16621 [system_monitor.py:_start():170] Publishing last batch of metrics
2023-09-30 18:28:14,716 INFO    HandlerThread:16621 [interfaces.py:finish():202] Joined disk monitor
2023-09-30 18:28:14,717 INFO    HandlerThread:16621 [interfaces.py:finish():202] Joined gpuapple monitor
2023-09-30 18:28:14,717 INFO    HandlerThread:16621 [interfaces.py:finish():202] Joined memory monitor
2023-09-30 18:28:14,717 INFO    HandlerThread:16621 [interfaces.py:finish():202] Joined network monitor
2023-09-30 18:28:14,717 DEBUG   SenderThread:16621 [sender.py:send_request():406] send_request: defer
2023-09-30 18:28:14,717 INFO    SenderThread:16621 [sender.py:send_request_defer():608] handle sender defer: 2
2023-09-30 18:28:14,717 INFO    SenderThread:16621 [sender.py:transition_state():612] send defer: 3
2023-09-30 18:28:14,717 DEBUG   SenderThread:16621 [sender.py:send():379] send: telemetry
2023-09-30 18:28:14,717 DEBUG   HandlerThread:16621 [handler.py:handle_request():144] handle_request: defer
2023-09-30 18:28:14,717 DEBUG   SenderThread:16621 [sender.py:send():379] send: stats
2023-09-30 18:28:14,717 INFO    HandlerThread:16621 [handler.py:handle_request_defer():170] handle defer: 3
2023-09-30 18:28:14,718 DEBUG   SenderThread:16621 [sender.py:send_request():406] send_request: defer
2023-09-30 18:28:14,718 INFO    SenderThread:16621 [sender.py:send_request_defer():608] handle sender defer: 3
2023-09-30 18:28:14,718 INFO    SenderThread:16621 [sender.py:transition_state():612] send defer: 4
2023-09-30 18:28:14,718 DEBUG   HandlerThread:16621 [handler.py:handle_request():144] handle_request: defer
2023-09-30 18:28:14,718 INFO    HandlerThread:16621 [handler.py:handle_request_defer():170] handle defer: 4
2023-09-30 18:28:14,718 DEBUG   SenderThread:16621 [sender.py:send_request():406] send_request: defer
2023-09-30 18:28:14,718 INFO    SenderThread:16621 [sender.py:send_request_defer():608] handle sender defer: 4
2023-09-30 18:28:14,718 INFO    SenderThread:16621 [sender.py:transition_state():612] send defer: 5
2023-09-30 18:28:14,718 DEBUG   HandlerThread:16621 [handler.py:handle_request():144] handle_request: defer
2023-09-30 18:28:14,718 INFO    HandlerThread:16621 [handler.py:handle_request_defer():170] handle defer: 5
2023-09-30 18:28:14,719 DEBUG   SenderThread:16621 [sender.py:send():379] send: summary
2023-09-30 18:28:14,719 INFO    SenderThread:16621 [sender.py:_save_file():1375] saving file wandb-summary.json with policy end
2023-09-30 18:28:14,719 DEBUG   SenderThread:16621 [sender.py:send_request():406] send_request: defer
2023-09-30 18:28:14,720 INFO    SenderThread:16621 [sender.py:send_request_defer():608] handle sender defer: 5
2023-09-30 18:28:14,720 INFO    SenderThread:16621 [sender.py:transition_state():612] send defer: 6
2023-09-30 18:28:14,720 DEBUG   HandlerThread:16621 [handler.py:handle_request():144] handle_request: defer
2023-09-30 18:28:14,720 INFO    HandlerThread:16621 [handler.py:handle_request_defer():170] handle defer: 6
2023-09-30 18:28:14,720 DEBUG   SenderThread:16621 [sender.py:send_request():406] send_request: defer
2023-09-30 18:28:14,720 INFO    SenderThread:16621 [sender.py:send_request_defer():608] handle sender defer: 6
2023-09-30 18:28:14,723 DEBUG   HandlerThread:16621 [handler.py:handle_request():144] handle_request: status_report
2023-09-30 18:28:14,884 INFO    SenderThread:16621 [sender.py:transition_state():612] send defer: 7
2023-09-30 18:28:14,884 DEBUG   HandlerThread:16621 [handler.py:handle_request():144] handle_request: defer
2023-09-30 18:28:14,884 INFO    HandlerThread:16621 [handler.py:handle_request_defer():170] handle defer: 7
2023-09-30 18:28:14,884 DEBUG   SenderThread:16621 [sender.py:send_request():406] send_request: defer
2023-09-30 18:28:14,884 INFO    SenderThread:16621 [sender.py:send_request_defer():608] handle sender defer: 7
2023-09-30 18:28:15,224 INFO    wandb-upload_1:16621 [upload_job.py:push():131] Uploaded file /var/folders/dt/bgs1hq3d2k3dvhpt3llvs4rw0000gn/T/tmpeq5unk70wandb/b1ukxbw0-media/table/Generations Table_5_2a68f55242dc81afcc6b.table.json
2023-09-30 18:28:15,354 INFO    Thread-152:16621 [dir_watcher.py:_on_file_modified():288] file/dir modified: /Users/leo/Programming/PLR/wandb/run-20230930_182738-oat6rcwu/files/config.yaml
2023-09-30 18:28:15,355 INFO    Thread-152:16621 [dir_watcher.py:_on_file_modified():288] file/dir modified: /Users/leo/Programming/PLR/wandb/run-20230930_182738-oat6rcwu/files/wandb-summary.json
2023-09-30 18:28:16,795 INFO    SenderThread:16621 [sender.py:transition_state():612] send defer: 8
2023-09-30 18:28:16,795 DEBUG   HandlerThread:16621 [handler.py:handle_request():144] handle_request: defer
2023-09-30 18:28:16,796 INFO    HandlerThread:16621 [handler.py:handle_request_defer():170] handle defer: 8
2023-09-30 18:28:16,796 DEBUG   SenderThread:16621 [sender.py:send_request():406] send_request: defer
2023-09-30 18:28:16,796 INFO    SenderThread:16621 [sender.py:send_request_defer():608] handle sender defer: 8
2023-09-30 18:28:16,797 INFO    SenderThread:16621 [job_builder.py:build():281] Attempting to build job artifact
2023-09-30 18:28:16,798 INFO    SenderThread:16621 [job_builder.py:_get_source_type():393] is repo sourced job
2023-09-30 18:28:16,800 INFO    SenderThread:16621 [job_builder.py:build():369] adding wandb-job metadata file
2023-09-30 18:28:16,806 INFO    SenderThread:16621 [sender.py:transition_state():612] send defer: 9
2023-09-30 18:28:16,806 DEBUG   HandlerThread:16621 [handler.py:handle_request():144] handle_request: defer
2023-09-30 18:28:16,806 INFO    HandlerThread:16621 [handler.py:handle_request_defer():170] handle defer: 9
2023-09-30 18:28:16,806 DEBUG   SenderThread:16621 [sender.py:send():379] send: artifact
2023-09-30 18:28:17,360 INFO    Thread-152:16621 [dir_watcher.py:_on_file_modified():288] file/dir modified: /Users/leo/Programming/PLR/wandb/run-20230930_182738-oat6rcwu/files/output.log
2023-09-30 18:28:17,451 INFO    SenderThread:16621 [sender.py:send_artifact():1453] sent artifact job-https___github.com_leothesouthafrican_PLR.git_Leo_gen_algo_opt_folder_genetic_algorithm.py - {'id': 'QXJ0aWZhY3Q6NTg5OTUwOTgz', 'state': 'COMMITTED', 'artifactSequence': {'id': 'QXJ0aWZhY3RDb2xsZWN0aW9uOjEwMjY3Mjc5OA==', 'latestArtifact': {'id': 'QXJ0aWZhY3Q6NTg5OTUzMTcy', 'versionIndex': 18}}}
2023-09-30 18:28:17,451 DEBUG   SenderThread:16621 [sender.py:send_request():406] send_request: defer
2023-09-30 18:28:17,451 INFO    SenderThread:16621 [sender.py:send_request_defer():608] handle sender defer: 9
2023-09-30 18:28:17,452 INFO    SenderThread:16621 [dir_watcher.py:finish():358] shutting down directory watcher
2023-09-30 18:28:18,366 INFO    SenderThread:16621 [dir_watcher.py:finish():388] scan: /Users/leo/Programming/PLR/wandb/run-20230930_182738-oat6rcwu/files
2023-09-30 18:28:18,367 INFO    SenderThread:16621 [dir_watcher.py:finish():402] scan save: /Users/leo/Programming/PLR/wandb/run-20230930_182738-oat6rcwu/files/requirements.txt requirements.txt
2023-09-30 18:28:18,370 INFO    SenderThread:16621 [dir_watcher.py:finish():402] scan save: /Users/leo/Programming/PLR/wandb/run-20230930_182738-oat6rcwu/files/output.log output.log
2023-09-30 18:28:18,370 INFO    SenderThread:16621 [dir_watcher.py:finish():402] scan save: /Users/leo/Programming/PLR/wandb/run-20230930_182738-oat6rcwu/files/config.yaml config.yaml
2023-09-30 18:28:18,370 INFO    SenderThread:16621 [dir_watcher.py:finish():402] scan save: /Users/leo/Programming/PLR/wandb/run-20230930_182738-oat6rcwu/files/wandb-summary.json wandb-summary.json
2023-09-30 18:28:18,370 INFO    SenderThread:16621 [dir_watcher.py:finish():402] scan save: /Users/leo/Programming/PLR/wandb/run-20230930_182738-oat6rcwu/files/wandb-metadata.json wandb-metadata.json
2023-09-30 18:28:18,371 INFO    SenderThread:16621 [dir_watcher.py:finish():402] scan save: /Users/leo/Programming/PLR/wandb/run-20230930_182738-oat6rcwu/files/media/table/Generations Table_5_2a68f55242dc81afcc6b.table.json media/table/Generations Table_5_2a68f55242dc81afcc6b.table.json
2023-09-30 18:28:18,372 INFO    SenderThread:16621 [sender.py:transition_state():612] send defer: 10
2023-09-30 18:28:18,374 DEBUG   HandlerThread:16621 [handler.py:handle_request():144] handle_request: defer
2023-09-30 18:28:18,374 INFO    HandlerThread:16621 [handler.py:handle_request_defer():170] handle defer: 10
2023-09-30 18:28:18,374 DEBUG   SenderThread:16621 [sender.py:send_request():406] send_request: defer
2023-09-30 18:28:18,374 INFO    SenderThread:16621 [sender.py:send_request_defer():608] handle sender defer: 10
2023-09-30 18:28:18,374 INFO    SenderThread:16621 [file_pusher.py:finish():175] shutting down file pusher
2023-09-30 18:28:18,700 DEBUG   HandlerThread:16621 [handler.py:handle_request():144] handle_request: keepalive
2023-09-30 18:28:18,749 INFO    wandb-upload_0:16621 [upload_job.py:push():131] Uploaded file /Users/leo/Programming/PLR/wandb/run-20230930_182738-oat6rcwu/files/requirements.txt
2023-09-30 18:28:18,795 INFO    wandb-upload_1:16621 [upload_job.py:push():131] Uploaded file /Users/leo/Programming/PLR/wandb/run-20230930_182738-oat6rcwu/files/output.log
2023-09-30 18:28:18,797 INFO    wandb-upload_2:16621 [upload_job.py:push():131] Uploaded file /Users/leo/Programming/PLR/wandb/run-20230930_182738-oat6rcwu/files/config.yaml
2023-09-30 18:28:18,802 INFO    wandb-upload_3:16621 [upload_job.py:push():131] Uploaded file /Users/leo/Programming/PLR/wandb/run-20230930_182738-oat6rcwu/files/wandb-summary.json
2023-09-30 18:28:19,006 INFO    Thread-151 (_thread_body):16621 [sender.py:transition_state():612] send defer: 11
2023-09-30 18:28:19,006 DEBUG   HandlerThread:16621 [handler.py:handle_request():144] handle_request: defer
2023-09-30 18:28:19,006 INFO    HandlerThread:16621 [handler.py:handle_request_defer():170] handle defer: 11
2023-09-30 18:28:19,007 DEBUG   SenderThread:16621 [sender.py:send_request():406] send_request: defer
2023-09-30 18:28:19,007 INFO    SenderThread:16621 [sender.py:send_request_defer():608] handle sender defer: 11
2023-09-30 18:28:19,007 INFO    SenderThread:16621 [file_pusher.py:join():181] waiting for file pusher
2023-09-30 18:28:19,007 INFO    SenderThread:16621 [sender.py:transition_state():612] send defer: 12
2023-09-30 18:28:19,007 DEBUG   HandlerThread:16621 [handler.py:handle_request():144] handle_request: defer
2023-09-30 18:28:19,007 INFO    HandlerThread:16621 [handler.py:handle_request_defer():170] handle defer: 12
2023-09-30 18:28:19,007 DEBUG   SenderThread:16621 [sender.py:send_request():406] send_request: defer
2023-09-30 18:28:19,007 INFO    SenderThread:16621 [sender.py:send_request_defer():608] handle sender defer: 12
2023-09-30 18:28:19,007 INFO    SenderThread:16621 [file_stream.py:finish():594] file stream finish called
2023-09-30 18:28:19,228 INFO    SenderThread:16621 [file_stream.py:finish():598] file stream finish is done
2023-09-30 18:28:19,229 INFO    SenderThread:16621 [sender.py:transition_state():612] send defer: 13
2023-09-30 18:28:19,229 DEBUG   HandlerThread:16621 [handler.py:handle_request():144] handle_request: defer
2023-09-30 18:28:19,229 INFO    HandlerThread:16621 [handler.py:handle_request_defer():170] handle defer: 13
2023-09-30 18:28:19,229 DEBUG   SenderThread:16621 [sender.py:send_request():406] send_request: defer
2023-09-30 18:28:19,229 INFO    SenderThread:16621 [sender.py:send_request_defer():608] handle sender defer: 13
2023-09-30 18:28:19,229 INFO    SenderThread:16621 [sender.py:transition_state():612] send defer: 14
2023-09-30 18:28:19,229 DEBUG   HandlerThread:16621 [handler.py:handle_request():144] handle_request: defer
2023-09-30 18:28:19,229 INFO    HandlerThread:16621 [handler.py:handle_request_defer():170] handle defer: 14
2023-09-30 18:28:19,230 DEBUG   SenderThread:16621 [sender.py:send():379] send: final
2023-09-30 18:28:19,230 DEBUG   SenderThread:16621 [sender.py:send():379] send: footer
2023-09-30 18:28:19,230 DEBUG   SenderThread:16621 [sender.py:send_request():406] send_request: defer
2023-09-30 18:28:19,230 INFO    SenderThread:16621 [sender.py:send_request_defer():608] handle sender defer: 14
2023-09-30 18:28:19,230 DEBUG   HandlerThread:16621 [handler.py:handle_request():144] handle_request: internal_messages
2023-09-30 18:28:19,231 DEBUG   HandlerThread:16621 [handler.py:handle_request():144] handle_request: poll_exit
2023-09-30 18:28:19,231 DEBUG   HandlerThread:16621 [handler.py:handle_request():144] handle_request: server_info
2023-09-30 18:28:19,231 DEBUG   SenderThread:16621 [sender.py:send_request():406] send_request: poll_exit
2023-09-30 18:28:19,231 DEBUG   HandlerThread:16621 [handler.py:handle_request():144] handle_request: get_summary
2023-09-30 18:28:19,231 DEBUG   SenderThread:16621 [sender.py:send_request():406] send_request: server_info
2023-09-30 18:28:19,232 DEBUG   HandlerThread:16621 [handler.py:handle_request():144] handle_request: sampled_history
2023-09-30 18:28:19,233 DEBUG   HandlerThread:16621 [handler.py:handle_request():144] handle_request: job_info
2023-09-30 18:28:19,418 DEBUG   SenderThread:16621 [sender.py:send_request():406] send_request: job_info
2023-09-30 18:28:19,420 DEBUG   HandlerThread:16621 [handler.py:handle_request():144] handle_request: shutdown
2023-09-30 18:28:19,420 INFO    HandlerThread:16621 [handler.py:finish():840] shutting down handler
2023-09-30 18:28:20,236 INFO    WriterThread:16621 [datastore.py:close():294] close: /Users/leo/Programming/PLR/wandb/run-20230930_182738-oat6rcwu/run-oat6rcwu.wandb
2023-09-30 18:28:20,423 INFO    SenderThread:16621 [sender.py:finish():1531] shutting down sender
2023-09-30 18:28:20,423 INFO    SenderThread:16621 [file_pusher.py:finish():175] shutting down file pusher
2023-09-30 18:28:20,423 INFO    SenderThread:16621 [file_pusher.py:join():181] waiting for file pusher
