2023-09-30 18:15:45,311 INFO    StreamThr :16412 [internal.py:wandb_internal():86] W&B internal server running at pid: 16412, started at: 2023-09-30 18:15:45.310422
2023-09-30 18:15:45,312 DEBUG   HandlerThread:16412 [handler.py:handle_request():144] handle_request: status
2023-09-30 18:15:45,317 INFO    WriterThread:16412 [datastore.py:open_for_write():85] open: /Users/leo/Programming/PLR/wandb/run-20230930_181545-hbcivxmc/run-hbcivxmc.wandb
2023-09-30 18:15:45,317 DEBUG   SenderThread:16412 [sender.py:send():379] send: header
2023-09-30 18:15:45,344 DEBUG   SenderThread:16412 [sender.py:send():379] send: run
2023-09-30 18:15:45,702 INFO    SenderThread:16412 [dir_watcher.py:__init__():211] watching files in: /Users/leo/Programming/PLR/wandb/run-20230930_181545-hbcivxmc/files
2023-09-30 18:15:45,702 INFO    SenderThread:16412 [sender.py:_start_run_threads():1121] run started: hbcivxmc with start time 1696094145.312452
2023-09-30 18:15:45,713 DEBUG   HandlerThread:16412 [handler.py:handle_request():144] handle_request: check_version
2023-09-30 18:15:45,713 DEBUG   SenderThread:16412 [sender.py:send_request():406] send_request: check_version
2023-09-30 18:15:45,921 DEBUG   HandlerThread:16412 [handler.py:handle_request():144] handle_request: run_start
2023-09-30 18:15:45,933 DEBUG   HandlerThread:16412 [system_info.py:__init__():32] System info init
2023-09-30 18:15:45,933 DEBUG   HandlerThread:16412 [system_info.py:__init__():47] System info init done
2023-09-30 18:15:45,934 INFO    HandlerThread:16412 [system_monitor.py:start():181] Starting system monitor
2023-09-30 18:15:45,934 INFO    SystemMonitor:16412 [system_monitor.py:_start():145] Starting system asset monitoring threads
2023-09-30 18:15:45,934 INFO    HandlerThread:16412 [system_monitor.py:probe():201] Collecting system info
2023-09-30 18:15:45,935 INFO    SystemMonitor:16412 [interfaces.py:start():190] Started cpu monitoring
2023-09-30 18:15:45,935 DEBUG   HandlerThread:16412 [system_info.py:probe():196] Probing system
2023-09-30 18:15:45,937 INFO    SystemMonitor:16412 [interfaces.py:start():190] Started disk monitoring
2023-09-30 18:15:45,937 INFO    SystemMonitor:16412 [interfaces.py:start():190] Started gpuapple monitoring
2023-09-30 18:15:45,942 INFO    SystemMonitor:16412 [interfaces.py:start():190] Started memory monitoring
2023-09-30 18:15:45,943 INFO    SystemMonitor:16412 [interfaces.py:start():190] Started network monitoring
2023-09-30 18:15:45,947 DEBUG   HandlerThread:16412 [system_info.py:_probe_git():181] Probing git
2023-09-30 18:15:45,961 DEBUG   HandlerThread:16412 [system_info.py:_probe_git():189] Probing git done
2023-09-30 18:15:45,961 DEBUG   HandlerThread:16412 [system_info.py:probe():244] Probing system done
2023-09-30 18:15:45,961 DEBUG   HandlerThread:16412 [system_monitor.py:probe():210] {'os': 'macOS-14.0-arm64-arm-64bit', 'python': '3.11.4', 'heartbeatAt': '2023-09-30T17:15:45.937384', 'startedAt': '2023-09-30T17:15:45.302416', 'docker': None, 'cuda': None, 'args': (), 'state': 'running', 'program': '/Users/leo/Programming/PLR/Leo/gen_algo_opt_folder/genetic_algorithm.py', 'codePathLocal': 'Leo/gen_algo_opt_folder/genetic_algorithm.py', 'codePath': 'Leo/gen_algo_opt_folder/genetic_algorithm.py', 'git': {'remote': 'https://github.com/leothesouthafrican/PLR.git', 'commit': '5fd3a4eb908a10330b25120a123e86d552235212'}, 'email': '38779415+leothesouthafrican@users.noreply.github.com', 'root': '/Users/leo/Programming/PLR', 'host': 'Leos-MacBook-Pro.local', 'username': 'leo', 'executable': '/Users/leo/Programming/PLR/Leo/env/bin/python3', 'cpu_count': 10, 'cpu_count_logical': 10, 'disk': {'/': {'total': 855.9619140625, 'used': 12.108589172363281}}, 'gpuapple': {'type': 'arm', 'vendor': 'Apple'}, 'memory': {'total': 32.0}}
2023-09-30 18:15:45,961 INFO    HandlerThread:16412 [system_monitor.py:probe():211] Finished collecting system info
2023-09-30 18:15:45,961 INFO    HandlerThread:16412 [system_monitor.py:probe():214] Publishing system info
2023-09-30 18:15:45,961 DEBUG   HandlerThread:16412 [system_info.py:_save_pip():52] Saving list of pip packages installed into the current environment
2023-09-30 18:15:45,961 DEBUG   HandlerThread:16412 [system_info.py:_save_pip():68] Saving pip packages done
2023-09-30 18:15:45,962 INFO    HandlerThread:16412 [system_monitor.py:probe():216] Finished publishing system info
2023-09-30 18:15:45,964 DEBUG   SenderThread:16412 [sender.py:send():379] send: files
2023-09-30 18:15:45,964 INFO    SenderThread:16412 [sender.py:_save_file():1375] saving file wandb-metadata.json with policy now
2023-09-30 18:15:45,966 DEBUG   HandlerThread:16412 [handler.py:handle_request():144] handle_request: stop_status
2023-09-30 18:15:45,967 DEBUG   SenderThread:16412 [sender.py:send_request():406] send_request: stop_status
2023-09-30 18:15:45,967 DEBUG   HandlerThread:16412 [handler.py:handle_request():144] handle_request: internal_messages
2023-09-30 18:15:46,207 DEBUG   SenderThread:16412 [sender.py:send():379] send: telemetry
2023-09-30 18:15:46,207 DEBUG   SenderThread:16412 [sender.py:send():379] send: config
2023-09-30 18:15:46,620 INFO    wandb-upload_0:16412 [upload_job.py:push():131] Uploaded file /var/folders/dt/bgs1hq3d2k3dvhpt3llvs4rw0000gn/T/tmp8lb5cxzgwandb/93afa5mh-wandb-metadata.json
2023-09-30 18:15:46,706 INFO    Thread-12 :16412 [dir_watcher.py:_on_file_created():271] file/dir created: /Users/leo/Programming/PLR/wandb/run-20230930_181545-hbcivxmc/files/requirements.txt
2023-09-30 18:15:46,706 INFO    Thread-12 :16412 [dir_watcher.py:_on_file_created():271] file/dir created: /Users/leo/Programming/PLR/wandb/run-20230930_181545-hbcivxmc/files/wandb-metadata.json
2023-09-30 18:15:46,706 INFO    Thread-12 :16412 [dir_watcher.py:_on_file_created():271] file/dir created: /Users/leo/Programming/PLR/wandb/run-20230930_181545-hbcivxmc/files/output.log
2023-09-30 18:15:48,716 INFO    Thread-12 :16412 [dir_watcher.py:_on_file_modified():288] file/dir modified: /Users/leo/Programming/PLR/wandb/run-20230930_181545-hbcivxmc/files/output.log
2023-09-30 18:15:50,457 DEBUG   HandlerThread:16412 [handler.py:handle_request():144] handle_request: status_report
2023-09-30 18:15:50,748 INFO    Thread-12 :16412 [dir_watcher.py:_on_file_modified():288] file/dir modified: /Users/leo/Programming/PLR/wandb/run-20230930_181545-hbcivxmc/files/output.log
2023-09-30 18:15:52,755 INFO    Thread-12 :16412 [dir_watcher.py:_on_file_modified():288] file/dir modified: /Users/leo/Programming/PLR/wandb/run-20230930_181545-hbcivxmc/files/output.log
2023-09-30 18:15:54,776 INFO    Thread-12 :16412 [dir_watcher.py:_on_file_modified():288] file/dir modified: /Users/leo/Programming/PLR/wandb/run-20230930_181545-hbcivxmc/files/output.log
2023-09-30 18:15:55,630 DEBUG   HandlerThread:16412 [handler.py:handle_request():144] handle_request: status_report
2023-09-30 18:15:56,793 INFO    Thread-12 :16412 [dir_watcher.py:_on_file_modified():288] file/dir modified: /Users/leo/Programming/PLR/wandb/run-20230930_181545-hbcivxmc/files/output.log
2023-09-30 18:15:58,800 INFO    Thread-12 :16412 [dir_watcher.py:_on_file_modified():288] file/dir modified: /Users/leo/Programming/PLR/wandb/run-20230930_181545-hbcivxmc/files/output.log
2023-09-30 18:15:59,143 DEBUG   HandlerThread:16412 [handler.py:handle_request():144] handle_request: partial_history
2023-09-30 18:15:59,144 DEBUG   SenderThread:16412 [sender.py:send():379] send: history
2023-09-30 18:15:59,144 DEBUG   SenderThread:16412 [sender.py:send_request():406] send_request: summary_record
2023-09-30 18:15:59,145 INFO    SenderThread:16412 [sender.py:_save_file():1375] saving file wandb-summary.json with policy end
2023-09-30 18:15:59,811 INFO    Thread-12 :16412 [dir_watcher.py:_on_file_created():271] file/dir created: /Users/leo/Programming/PLR/wandb/run-20230930_181545-hbcivxmc/files/wandb-summary.json
2023-09-30 18:16:00,818 INFO    Thread-12 :16412 [dir_watcher.py:_on_file_modified():288] file/dir modified: /Users/leo/Programming/PLR/wandb/run-20230930_181545-hbcivxmc/files/output.log
2023-09-30 18:16:00,969 DEBUG   HandlerThread:16412 [handler.py:handle_request():144] handle_request: stop_status
2023-09-30 18:16:00,969 DEBUG   SenderThread:16412 [sender.py:send_request():406] send_request: stop_status
2023-09-30 18:16:00,972 DEBUG   HandlerThread:16412 [handler.py:handle_request():144] handle_request: internal_messages
2023-09-30 18:16:01,210 DEBUG   HandlerThread:16412 [handler.py:handle_request():144] handle_request: status_report
2023-09-30 18:16:02,828 INFO    Thread-12 :16412 [dir_watcher.py:_on_file_modified():288] file/dir modified: /Users/leo/Programming/PLR/wandb/run-20230930_181545-hbcivxmc/files/output.log
2023-09-30 18:16:04,835 INFO    Thread-12 :16412 [dir_watcher.py:_on_file_modified():288] file/dir modified: /Users/leo/Programming/PLR/wandb/run-20230930_181545-hbcivxmc/files/output.log
2023-09-30 18:16:06,279 DEBUG   HandlerThread:16412 [handler.py:handle_request():144] handle_request: status_report
2023-09-30 18:16:06,857 INFO    Thread-12 :16412 [dir_watcher.py:_on_file_modified():288] file/dir modified: /Users/leo/Programming/PLR/wandb/run-20230930_181545-hbcivxmc/files/output.log
2023-09-30 18:16:08,864 INFO    Thread-12 :16412 [dir_watcher.py:_on_file_modified():288] file/dir modified: /Users/leo/Programming/PLR/wandb/run-20230930_181545-hbcivxmc/files/output.log
2023-09-30 18:16:10,098 DEBUG   HandlerThread:16412 [handler.py:handle_request():144] handle_request: partial_history
2023-09-30 18:16:10,099 DEBUG   SenderThread:16412 [sender.py:send():379] send: history
2023-09-30 18:16:10,100 DEBUG   SenderThread:16412 [sender.py:send_request():406] send_request: summary_record
2023-09-30 18:16:10,100 INFO    SenderThread:16412 [sender.py:_save_file():1375] saving file wandb-summary.json with policy end
2023-09-30 18:16:10,884 INFO    Thread-12 :16412 [dir_watcher.py:_on_file_modified():288] file/dir modified: /Users/leo/Programming/PLR/wandb/run-20230930_181545-hbcivxmc/files/wandb-summary.json
2023-09-30 18:16:12,251 DEBUG   HandlerThread:16412 [handler.py:handle_request():144] handle_request: status_report
2023-09-30 18:16:12,892 INFO    Thread-12 :16412 [dir_watcher.py:_on_file_modified():288] file/dir modified: /Users/leo/Programming/PLR/wandb/run-20230930_181545-hbcivxmc/files/output.log
2023-09-30 18:16:15,031 INFO    Thread-12 :16412 [dir_watcher.py:_on_file_modified():288] file/dir modified: /Users/leo/Programming/PLR/wandb/run-20230930_181545-hbcivxmc/files/output.log
2023-09-30 18:16:15,974 DEBUG   HandlerThread:16412 [handler.py:handle_request():144] handle_request: stop_status
2023-09-30 18:16:15,975 DEBUG   HandlerThread:16412 [handler.py:handle_request():144] handle_request: internal_messages
2023-09-30 18:16:15,976 DEBUG   SenderThread:16412 [sender.py:send_request():406] send_request: stop_status
2023-09-30 18:16:17,187 INFO    Thread-12 :16412 [dir_watcher.py:_on_file_modified():288] file/dir modified: /Users/leo/Programming/PLR/wandb/run-20230930_181545-hbcivxmc/files/output.log
2023-09-30 18:16:17,945 DEBUG   HandlerThread:16412 [handler.py:handle_request():144] handle_request: status_report
2023-09-30 18:16:18,249 INFO    Thread-12 :16412 [dir_watcher.py:_on_file_modified():288] file/dir modified: /Users/leo/Programming/PLR/wandb/run-20230930_181545-hbcivxmc/files/config.yaml
2023-09-30 18:16:19,217 INFO    Thread-12 :16412 [dir_watcher.py:_on_file_modified():288] file/dir modified: /Users/leo/Programming/PLR/wandb/run-20230930_181545-hbcivxmc/files/output.log
2023-09-30 18:16:20,728 DEBUG   HandlerThread:16412 [handler.py:handle_request():144] handle_request: partial_history
2023-09-30 18:16:20,729 DEBUG   SenderThread:16412 [sender.py:send():379] send: history
2023-09-30 18:16:20,729 DEBUG   SenderThread:16412 [sender.py:send_request():406] send_request: summary_record
2023-09-30 18:16:20,729 INFO    SenderThread:16412 [sender.py:_save_file():1375] saving file wandb-summary.json with policy end
2023-09-30 18:16:21,284 INFO    Thread-12 :16412 [dir_watcher.py:_on_file_modified():288] file/dir modified: /Users/leo/Programming/PLR/wandb/run-20230930_181545-hbcivxmc/files/wandb-summary.json
2023-09-30 18:16:21,285 INFO    Thread-12 :16412 [dir_watcher.py:_on_file_modified():288] file/dir modified: /Users/leo/Programming/PLR/wandb/run-20230930_181545-hbcivxmc/files/output.log
2023-09-30 18:16:23,255 INFO    Thread-12 :16412 [dir_watcher.py:_on_file_modified():288] file/dir modified: /Users/leo/Programming/PLR/wandb/run-20230930_181545-hbcivxmc/files/output.log
2023-09-30 18:16:23,899 DEBUG   HandlerThread:16412 [handler.py:handle_request():144] handle_request: status_report
2023-09-30 18:16:25,307 INFO    Thread-12 :16412 [dir_watcher.py:_on_file_modified():288] file/dir modified: /Users/leo/Programming/PLR/wandb/run-20230930_181545-hbcivxmc/files/output.log
2023-09-30 18:16:27,385 INFO    Thread-12 :16412 [dir_watcher.py:_on_file_modified():288] file/dir modified: /Users/leo/Programming/PLR/wandb/run-20230930_181545-hbcivxmc/files/output.log
2023-09-30 18:16:29,476 INFO    Thread-12 :16412 [dir_watcher.py:_on_file_modified():288] file/dir modified: /Users/leo/Programming/PLR/wandb/run-20230930_181545-hbcivxmc/files/output.log
2023-09-30 18:16:29,826 DEBUG   HandlerThread:16412 [handler.py:handle_request():144] handle_request: status_report
2023-09-30 18:16:30,975 DEBUG   HandlerThread:16412 [handler.py:handle_request():144] handle_request: stop_status
2023-09-30 18:16:30,975 DEBUG   SenderThread:16412 [sender.py:send_request():406] send_request: stop_status
2023-09-30 18:16:30,979 DEBUG   HandlerThread:16412 [handler.py:handle_request():144] handle_request: internal_messages
2023-09-30 18:16:31,334 DEBUG   HandlerThread:16412 [handler.py:handle_request():144] handle_request: partial_history
2023-09-30 18:16:31,335 DEBUG   SenderThread:16412 [sender.py:send():379] send: history
2023-09-30 18:16:31,335 DEBUG   SenderThread:16412 [sender.py:send_request():406] send_request: summary_record
2023-09-30 18:16:31,335 INFO    SenderThread:16412 [sender.py:_save_file():1375] saving file wandb-summary.json with policy end
2023-09-30 18:16:31,504 INFO    Thread-12 :16412 [dir_watcher.py:_on_file_modified():288] file/dir modified: /Users/leo/Programming/PLR/wandb/run-20230930_181545-hbcivxmc/files/wandb-summary.json
2023-09-30 18:16:31,504 INFO    Thread-12 :16412 [dir_watcher.py:_on_file_modified():288] file/dir modified: /Users/leo/Programming/PLR/wandb/run-20230930_181545-hbcivxmc/files/output.log
2023-09-30 18:16:33,523 INFO    Thread-12 :16412 [dir_watcher.py:_on_file_modified():288] file/dir modified: /Users/leo/Programming/PLR/wandb/run-20230930_181545-hbcivxmc/files/output.log
2023-09-30 18:16:35,575 INFO    Thread-12 :16412 [dir_watcher.py:_on_file_modified():288] file/dir modified: /Users/leo/Programming/PLR/wandb/run-20230930_181545-hbcivxmc/files/output.log
2023-09-30 18:16:35,688 DEBUG   HandlerThread:16412 [handler.py:handle_request():144] handle_request: status_report
2023-09-30 18:16:37,599 INFO    Thread-12 :16412 [dir_watcher.py:_on_file_modified():288] file/dir modified: /Users/leo/Programming/PLR/wandb/run-20230930_181545-hbcivxmc/files/output.log
2023-09-30 18:16:39,599 INFO    Thread-12 :16412 [dir_watcher.py:_on_file_modified():288] file/dir modified: /Users/leo/Programming/PLR/wandb/run-20230930_181545-hbcivxmc/files/output.log
2023-09-30 18:16:41,586 DEBUG   HandlerThread:16412 [handler.py:handle_request():144] handle_request: status_report
2023-09-30 18:16:41,620 INFO    Thread-12 :16412 [dir_watcher.py:_on_file_modified():288] file/dir modified: /Users/leo/Programming/PLR/wandb/run-20230930_181545-hbcivxmc/files/output.log
2023-09-30 18:16:41,999 DEBUG   HandlerThread:16412 [handler.py:handle_request():144] handle_request: partial_history
2023-09-30 18:16:42,000 DEBUG   SenderThread:16412 [sender.py:send():379] send: history
2023-09-30 18:16:42,001 DEBUG   SenderThread:16412 [sender.py:send_request():406] send_request: summary_record
2023-09-30 18:16:42,001 INFO    SenderThread:16412 [sender.py:_save_file():1375] saving file wandb-summary.json with policy end
2023-09-30 18:16:42,633 INFO    Thread-12 :16412 [dir_watcher.py:_on_file_modified():288] file/dir modified: /Users/leo/Programming/PLR/wandb/run-20230930_181545-hbcivxmc/files/wandb-summary.json
2023-09-30 18:16:43,635 INFO    Thread-12 :16412 [dir_watcher.py:_on_file_modified():288] file/dir modified: /Users/leo/Programming/PLR/wandb/run-20230930_181545-hbcivxmc/files/output.log
2023-09-30 18:16:45,654 INFO    Thread-12 :16412 [dir_watcher.py:_on_file_modified():288] file/dir modified: /Users/leo/Programming/PLR/wandb/run-20230930_181545-hbcivxmc/files/output.log
2023-09-30 18:16:45,946 DEBUG   SystemMonitor:16412 [system_monitor.py:_start():159] Starting system metrics aggregation loop
2023-09-30 18:16:45,947 DEBUG   SenderThread:16412 [sender.py:send():379] send: telemetry
2023-09-30 18:16:45,947 DEBUG   SenderThread:16412 [sender.py:send():379] send: stats
2023-09-30 18:16:45,976 DEBUG   HandlerThread:16412 [handler.py:handle_request():144] handle_request: stop_status
2023-09-30 18:16:45,977 DEBUG   SenderThread:16412 [sender.py:send_request():406] send_request: stop_status
2023-09-30 18:16:46,056 DEBUG   HandlerThread:16412 [handler.py:handle_request():144] handle_request: internal_messages
2023-09-30 18:16:47,335 DEBUG   HandlerThread:16412 [handler.py:handle_request():144] handle_request: status_report
2023-09-30 18:16:47,665 INFO    Thread-12 :16412 [dir_watcher.py:_on_file_modified():288] file/dir modified: /Users/leo/Programming/PLR/wandb/run-20230930_181545-hbcivxmc/files/output.log
2023-09-30 18:16:49,678 INFO    Thread-12 :16412 [dir_watcher.py:_on_file_modified():288] file/dir modified: /Users/leo/Programming/PLR/wandb/run-20230930_181545-hbcivxmc/files/output.log
2023-09-30 18:16:51,691 INFO    Thread-12 :16412 [dir_watcher.py:_on_file_modified():288] file/dir modified: /Users/leo/Programming/PLR/wandb/run-20230930_181545-hbcivxmc/files/output.log
2023-09-30 18:16:52,816 DEBUG   HandlerThread:16412 [handler.py:handle_request():144] handle_request: log_artifact
2023-09-30 18:16:52,817 DEBUG   SenderThread:16412 [sender.py:send_request():406] send_request: log_artifact
2023-09-30 18:16:53,280 DEBUG   HandlerThread:16412 [handler.py:handle_request():144] handle_request: partial_history
2023-09-30 18:16:53,700 INFO    Thread-12 :16412 [dir_watcher.py:_on_file_created():271] file/dir created: /Users/leo/Programming/PLR/wandb/run-20230930_181545-hbcivxmc/files/media/table/Generations Table_5_b973dbaba16f70a46b61.table.json
2023-09-30 18:16:53,702 INFO    Thread-12 :16412 [dir_watcher.py:_on_file_created():271] file/dir created: /Users/leo/Programming/PLR/wandb/run-20230930_181545-hbcivxmc/files/media
2023-09-30 18:16:53,702 INFO    Thread-12 :16412 [dir_watcher.py:_on_file_created():271] file/dir created: /Users/leo/Programming/PLR/wandb/run-20230930_181545-hbcivxmc/files/media/table
2023-09-30 18:16:54,164 INFO    wandb-upload_1:16412 [upload_job.py:push():131] Uploaded file /var/folders/dt/bgs1hq3d2k3dvhpt3llvs4rw0000gn/T/tmp8lb5cxzgwandb/o21rec95-media/table/Generations Table_5_b973dbaba16f70a46b61.table.json
2023-09-30 18:16:54,173 INFO    wandb-upload_0:16412 [upload_job.py:push():89] Uploaded file /Users/leo/Library/Application Support/wandb/artifacts/staging/tmpku6ldugt
2023-09-30 18:16:54,295 DEBUG   HandlerThread:16412 [handler.py:handle_request():144] handle_request: poll_exit
2023-09-30 18:16:55,017 INFO    SenderThread:16412 [sender.py:send_request_log_artifact():1441] logged artifact run-hbcivxmc-GenerationsTable - {'id': 'QXJ0aWZhY3Q6NTg5OTQ0MjAz', 'state': 'PENDING', 'artifactSequence': {'id': 'QXJ0aWZhY3RDb2xsZWN0aW9uOjEwMjc3NzAzNw==', 'latestArtifact': None}}
2023-09-30 18:16:55,021 DEBUG   HandlerThread:16412 [handler.py:handle_request():144] handle_request: status_report
2023-09-30 18:16:55,213 DEBUG   SenderThread:16412 [sender.py:send():379] send: files
2023-09-30 18:16:55,214 INFO    SenderThread:16412 [sender.py:_save_file():1375] saving file media/table/Generations Table_5_b973dbaba16f70a46b61.table.json with policy now
2023-09-30 18:16:55,214 DEBUG   SenderThread:16412 [sender.py:send():379] send: history
2023-09-30 18:16:55,214 DEBUG   SenderThread:16412 [sender.py:send_request():406] send_request: summary_record
2023-09-30 18:16:55,215 INFO    SenderThread:16412 [sender.py:_save_file():1375] saving file wandb-summary.json with policy end
2023-09-30 18:16:55,216 DEBUG   SenderThread:16412 [sender.py:send():379] send: telemetry
2023-09-30 18:16:55,216 DEBUG   SenderThread:16412 [sender.py:send():379] send: exit
2023-09-30 18:16:55,216 INFO    SenderThread:16412 [sender.py:send_exit():584] handling exit code: 0
2023-09-30 18:16:55,216 INFO    SenderThread:16412 [sender.py:send_exit():586] handling runtime: 67
2023-09-30 18:16:55,216 INFO    SenderThread:16412 [sender.py:_save_file():1375] saving file wandb-summary.json with policy end
2023-09-30 18:16:55,216 INFO    SenderThread:16412 [sender.py:send_exit():592] send defer
2023-09-30 18:16:55,216 DEBUG   SenderThread:16412 [sender.py:send_request():406] send_request: poll_exit
2023-09-30 18:16:55,217 DEBUG   HandlerThread:16412 [handler.py:handle_request():144] handle_request: defer
2023-09-30 18:16:55,217 INFO    HandlerThread:16412 [handler.py:handle_request_defer():170] handle defer: 0
2023-09-30 18:16:55,217 DEBUG   SenderThread:16412 [sender.py:send_request():406] send_request: defer
2023-09-30 18:16:55,217 INFO    SenderThread:16412 [sender.py:send_request_defer():608] handle sender defer: 0
2023-09-30 18:16:55,217 INFO    SenderThread:16412 [sender.py:transition_state():612] send defer: 1
2023-09-30 18:16:55,217 DEBUG   HandlerThread:16412 [handler.py:handle_request():144] handle_request: defer
2023-09-30 18:16:55,217 INFO    HandlerThread:16412 [handler.py:handle_request_defer():170] handle defer: 1
2023-09-30 18:16:55,218 DEBUG   SenderThread:16412 [sender.py:send_request():406] send_request: defer
2023-09-30 18:16:55,218 INFO    SenderThread:16412 [sender.py:send_request_defer():608] handle sender defer: 1
2023-09-30 18:16:55,218 INFO    SenderThread:16412 [sender.py:transition_state():612] send defer: 2
2023-09-30 18:16:55,218 DEBUG   HandlerThread:16412 [handler.py:handle_request():144] handle_request: defer
2023-09-30 18:16:55,218 INFO    HandlerThread:16412 [handler.py:handle_request_defer():170] handle defer: 2
2023-09-30 18:16:55,218 INFO    HandlerThread:16412 [system_monitor.py:finish():190] Stopping system monitor
2023-09-30 18:16:55,218 DEBUG   SystemMonitor:16412 [system_monitor.py:_start():166] Finished system metrics aggregation loop
2023-09-30 18:16:55,218 DEBUG   SystemMonitor:16412 [system_monitor.py:_start():170] Publishing last batch of metrics
2023-09-30 18:16:55,218 INFO    HandlerThread:16412 [interfaces.py:finish():202] Joined cpu monitor
2023-09-30 18:16:55,219 INFO    HandlerThread:16412 [interfaces.py:finish():202] Joined disk monitor
2023-09-30 18:16:55,708 INFO    Thread-12 :16412 [dir_watcher.py:_on_file_modified():288] file/dir modified: /Users/leo/Programming/PLR/wandb/run-20230930_181545-hbcivxmc/files/wandb-summary.json
2023-09-30 18:16:55,708 INFO    Thread-12 :16412 [dir_watcher.py:_on_file_modified():288] file/dir modified: /Users/leo/Programming/PLR/wandb/run-20230930_181545-hbcivxmc/files/config.yaml
2023-09-30 18:16:55,733 INFO    wandb-upload_1:16412 [upload_job.py:push():131] Uploaded file /var/folders/dt/bgs1hq3d2k3dvhpt3llvs4rw0000gn/T/tmp8lb5cxzgwandb/m29xbefd-media/table/Generations Table_5_b973dbaba16f70a46b61.table.json
2023-09-30 18:16:56,136 INFO    HandlerThread:16412 [interfaces.py:finish():202] Joined gpuapple monitor
2023-09-30 18:16:56,136 INFO    HandlerThread:16412 [interfaces.py:finish():202] Joined memory monitor
2023-09-30 18:16:56,136 INFO    HandlerThread:16412 [interfaces.py:finish():202] Joined network monitor
2023-09-30 18:16:56,136 DEBUG   HandlerThread:16412 [handler.py:handle_request():144] handle_request: poll_exit
2023-09-30 18:16:56,136 DEBUG   SenderThread:16412 [sender.py:send_request():406] send_request: defer
2023-09-30 18:16:56,136 INFO    SenderThread:16412 [sender.py:send_request_defer():608] handle sender defer: 2
2023-09-30 18:16:56,136 INFO    SenderThread:16412 [sender.py:transition_state():612] send defer: 3
2023-09-30 18:16:56,136 DEBUG   SenderThread:16412 [sender.py:send():379] send: stats
2023-09-30 18:16:56,136 DEBUG   SenderThread:16412 [sender.py:send_request():406] send_request: poll_exit
2023-09-30 18:16:56,137 DEBUG   HandlerThread:16412 [handler.py:handle_request():144] handle_request: defer
2023-09-30 18:16:56,137 INFO    HandlerThread:16412 [handler.py:handle_request_defer():170] handle defer: 3
2023-09-30 18:16:56,137 DEBUG   SenderThread:16412 [sender.py:send_request():406] send_request: defer
2023-09-30 18:16:56,137 INFO    SenderThread:16412 [sender.py:send_request_defer():608] handle sender defer: 3
2023-09-30 18:16:56,137 INFO    SenderThread:16412 [sender.py:transition_state():612] send defer: 4
2023-09-30 18:16:56,137 DEBUG   HandlerThread:16412 [handler.py:handle_request():144] handle_request: defer
2023-09-30 18:16:56,137 INFO    HandlerThread:16412 [handler.py:handle_request_defer():170] handle defer: 4
2023-09-30 18:16:56,137 DEBUG   SenderThread:16412 [sender.py:send_request():406] send_request: defer
2023-09-30 18:16:56,137 INFO    SenderThread:16412 [sender.py:send_request_defer():608] handle sender defer: 4
2023-09-30 18:16:56,137 INFO    SenderThread:16412 [sender.py:transition_state():612] send defer: 5
2023-09-30 18:16:56,137 DEBUG   HandlerThread:16412 [handler.py:handle_request():144] handle_request: defer
2023-09-30 18:16:56,137 INFO    HandlerThread:16412 [handler.py:handle_request_defer():170] handle defer: 5
2023-09-30 18:16:56,137 DEBUG   SenderThread:16412 [sender.py:send():379] send: summary
2023-09-30 18:16:56,137 INFO    SenderThread:16412 [sender.py:_save_file():1375] saving file wandb-summary.json with policy end
2023-09-30 18:16:56,137 DEBUG   SenderThread:16412 [sender.py:send_request():406] send_request: defer
2023-09-30 18:16:56,137 INFO    SenderThread:16412 [sender.py:send_request_defer():608] handle sender defer: 5
2023-09-30 18:16:56,137 INFO    SenderThread:16412 [sender.py:transition_state():612] send defer: 6
2023-09-30 18:16:56,137 DEBUG   HandlerThread:16412 [handler.py:handle_request():144] handle_request: defer
2023-09-30 18:16:56,137 INFO    HandlerThread:16412 [handler.py:handle_request_defer():170] handle defer: 6
2023-09-30 18:16:56,137 DEBUG   SenderThread:16412 [sender.py:send_request():406] send_request: defer
2023-09-30 18:16:56,137 INFO    SenderThread:16412 [sender.py:send_request_defer():608] handle sender defer: 6
2023-09-30 18:16:56,139 DEBUG   HandlerThread:16412 [handler.py:handle_request():144] handle_request: status_report
2023-09-30 18:16:56,301 DEBUG   HandlerThread:16412 [handler.py:handle_request():144] handle_request: poll_exit
2023-09-30 18:16:56,314 INFO    SenderThread:16412 [sender.py:transition_state():612] send defer: 7
2023-09-30 18:16:56,314 DEBUG   SenderThread:16412 [sender.py:send_request():406] send_request: poll_exit
2023-09-30 18:16:56,314 DEBUG   HandlerThread:16412 [handler.py:handle_request():144] handle_request: defer
2023-09-30 18:16:56,314 INFO    HandlerThread:16412 [handler.py:handle_request_defer():170] handle defer: 7
2023-09-30 18:16:56,315 DEBUG   SenderThread:16412 [sender.py:send_request():406] send_request: defer
2023-09-30 18:16:56,315 INFO    SenderThread:16412 [sender.py:send_request_defer():608] handle sender defer: 7
2023-09-30 18:16:56,711 INFO    Thread-12 :16412 [dir_watcher.py:_on_file_modified():288] file/dir modified: /Users/leo/Programming/PLR/wandb/run-20230930_181545-hbcivxmc/files/wandb-summary.json
2023-09-30 18:16:56,712 INFO    Thread-12 :16412 [dir_watcher.py:_on_file_modified():288] file/dir modified: /Users/leo/Programming/PLR/wandb/run-20230930_181545-hbcivxmc/files/config.yaml
2023-09-30 18:16:56,944 INFO    SenderThread:16412 [sender.py:transition_state():612] send defer: 8
2023-09-30 18:16:56,945 DEBUG   HandlerThread:16412 [handler.py:handle_request():144] handle_request: defer
2023-09-30 18:16:56,945 INFO    HandlerThread:16412 [handler.py:handle_request_defer():170] handle defer: 8
2023-09-30 18:16:56,945 DEBUG   SenderThread:16412 [sender.py:send_request():406] send_request: defer
2023-09-30 18:16:56,946 INFO    SenderThread:16412 [sender.py:send_request_defer():608] handle sender defer: 8
2023-09-30 18:16:56,946 INFO    SenderThread:16412 [job_builder.py:build():281] Attempting to build job artifact
2023-09-30 18:16:56,947 INFO    SenderThread:16412 [job_builder.py:_get_source_type():393] is repo sourced job
2023-09-30 18:16:56,949 INFO    SenderThread:16412 [job_builder.py:build():369] adding wandb-job metadata file
2023-09-30 18:16:56,954 INFO    SenderThread:16412 [sender.py:transition_state():612] send defer: 9
2023-09-30 18:16:56,955 DEBUG   HandlerThread:16412 [handler.py:handle_request():144] handle_request: defer
2023-09-30 18:16:56,955 DEBUG   SenderThread:16412 [sender.py:send():379] send: artifact
2023-09-30 18:16:56,955 INFO    HandlerThread:16412 [handler.py:handle_request_defer():170] handle defer: 9
2023-09-30 18:16:57,307 DEBUG   HandlerThread:16412 [handler.py:handle_request():144] handle_request: poll_exit
2023-09-30 18:16:57,676 INFO    wandb-upload_0:16412 [upload_job.py:push():86] Skipped uploading /Users/leo/Library/Application Support/wandb/artifacts/staging/tmpna3qhmzp
2023-09-30 18:16:57,714 INFO    Thread-12 :16412 [dir_watcher.py:_on_file_modified():288] file/dir modified: /Users/leo/Programming/PLR/wandb/run-20230930_181545-hbcivxmc/files/output.log
2023-09-30 18:16:57,953 INFO    wandb-upload_1:16412 [upload_job.py:push():89] Uploaded file /Users/leo/Library/Application Support/wandb/artifacts/staging/tmpppjczca9
2023-09-30 18:16:59,089 INFO    SenderThread:16412 [sender.py:send_artifact():1453] sent artifact job-https___github.com_leothesouthafrican_PLR.git_Leo_gen_algo_opt_folder_genetic_algorithm.py - {'id': 'QXJ0aWZhY3Q6NTg5OTQ0MjU2', 'state': 'PENDING', 'artifactSequence': {'id': 'QXJ0aWZhY3RDb2xsZWN0aW9uOjEwMjY3Mjc5OA==', 'latestArtifact': {'id': 'QXJ0aWZhY3Q6NTg5OTQxNTg3', 'versionIndex': 8}}}
2023-09-30 18:16:59,089 DEBUG   SenderThread:16412 [sender.py:send_request():406] send_request: defer
2023-09-30 18:16:59,089 INFO    SenderThread:16412 [sender.py:send_request_defer():608] handle sender defer: 9
2023-09-30 18:16:59,089 INFO    SenderThread:16412 [dir_watcher.py:finish():358] shutting down directory watcher
2023-09-30 18:16:59,724 INFO    SenderThread:16412 [dir_watcher.py:finish():388] scan: /Users/leo/Programming/PLR/wandb/run-20230930_181545-hbcivxmc/files
2023-09-30 18:16:59,725 INFO    SenderThread:16412 [dir_watcher.py:finish():402] scan save: /Users/leo/Programming/PLR/wandb/run-20230930_181545-hbcivxmc/files/requirements.txt requirements.txt
2023-09-30 18:16:59,725 INFO    SenderThread:16412 [dir_watcher.py:finish():402] scan save: /Users/leo/Programming/PLR/wandb/run-20230930_181545-hbcivxmc/files/output.log output.log
2023-09-30 18:16:59,728 INFO    SenderThread:16412 [dir_watcher.py:finish():402] scan save: /Users/leo/Programming/PLR/wandb/run-20230930_181545-hbcivxmc/files/config.yaml config.yaml
2023-09-30 18:16:59,728 INFO    SenderThread:16412 [dir_watcher.py:finish():402] scan save: /Users/leo/Programming/PLR/wandb/run-20230930_181545-hbcivxmc/files/wandb-summary.json wandb-summary.json
2023-09-30 18:16:59,731 INFO    SenderThread:16412 [dir_watcher.py:finish():402] scan save: /Users/leo/Programming/PLR/wandb/run-20230930_181545-hbcivxmc/files/wandb-metadata.json wandb-metadata.json
2023-09-30 18:16:59,733 INFO    SenderThread:16412 [dir_watcher.py:finish():402] scan save: /Users/leo/Programming/PLR/wandb/run-20230930_181545-hbcivxmc/files/media/table/Generations Table_5_b973dbaba16f70a46b61.table.json media/table/Generations Table_5_b973dbaba16f70a46b61.table.json
2023-09-30 18:16:59,733 INFO    SenderThread:16412 [sender.py:transition_state():612] send defer: 10
2023-09-30 18:16:59,734 DEBUG   SenderThread:16412 [sender.py:send_request():406] send_request: poll_exit
2023-09-30 18:16:59,734 DEBUG   HandlerThread:16412 [handler.py:handle_request():144] handle_request: defer
2023-09-30 18:16:59,734 INFO    HandlerThread:16412 [handler.py:handle_request_defer():170] handle defer: 10
2023-09-30 18:16:59,734 DEBUG   SenderThread:16412 [sender.py:send_request():406] send_request: defer
2023-09-30 18:16:59,734 INFO    SenderThread:16412 [sender.py:send_request_defer():608] handle sender defer: 10
2023-09-30 18:16:59,734 INFO    SenderThread:16412 [file_pusher.py:finish():175] shutting down file pusher
2023-09-30 18:17:00,168 INFO    wandb-upload_1:16412 [upload_job.py:push():131] Uploaded file /Users/leo/Programming/PLR/wandb/run-20230930_181545-hbcivxmc/files/output.log
2023-09-30 18:17:00,262 INFO    wandb-upload_0:16412 [upload_job.py:push():131] Uploaded file /Users/leo/Programming/PLR/wandb/run-20230930_181545-hbcivxmc/files/requirements.txt
2023-09-30 18:17:00,263 INFO    wandb-upload_3:16412 [upload_job.py:push():131] Uploaded file /Users/leo/Programming/PLR/wandb/run-20230930_181545-hbcivxmc/files/wandb-summary.json
2023-09-30 18:17:00,263 INFO    wandb-upload_2:16412 [upload_job.py:push():131] Uploaded file /Users/leo/Programming/PLR/wandb/run-20230930_181545-hbcivxmc/files/config.yaml
2023-09-30 18:17:00,471 INFO    Thread-11 (_thread_body):16412 [sender.py:transition_state():612] send defer: 11
2023-09-30 18:17:00,471 DEBUG   HandlerThread:16412 [handler.py:handle_request():144] handle_request: defer
2023-09-30 18:17:00,471 INFO    HandlerThread:16412 [handler.py:handle_request_defer():170] handle defer: 11
2023-09-30 18:17:00,472 DEBUG   SenderThread:16412 [sender.py:send_request():406] send_request: defer
2023-09-30 18:17:00,472 INFO    SenderThread:16412 [sender.py:send_request_defer():608] handle sender defer: 11
2023-09-30 18:17:00,472 INFO    SenderThread:16412 [file_pusher.py:join():181] waiting for file pusher
2023-09-30 18:17:00,472 INFO    SenderThread:16412 [sender.py:transition_state():612] send defer: 12
2023-09-30 18:17:00,472 DEBUG   HandlerThread:16412 [handler.py:handle_request():144] handle_request: defer
2023-09-30 18:17:00,472 INFO    HandlerThread:16412 [handler.py:handle_request_defer():170] handle defer: 12
2023-09-30 18:17:00,472 DEBUG   SenderThread:16412 [sender.py:send_request():406] send_request: defer
2023-09-30 18:17:00,472 INFO    SenderThread:16412 [sender.py:send_request_defer():608] handle sender defer: 12
2023-09-30 18:17:00,472 INFO    SenderThread:16412 [file_stream.py:finish():594] file stream finish called
2023-09-30 18:17:00,980 INFO    SenderThread:16412 [file_stream.py:finish():598] file stream finish is done
2023-09-30 18:17:00,981 INFO    SenderThread:16412 [sender.py:transition_state():612] send defer: 13
2023-09-30 18:17:00,981 DEBUG   HandlerThread:16412 [handler.py:handle_request():144] handle_request: defer
2023-09-30 18:17:00,981 INFO    HandlerThread:16412 [handler.py:handle_request_defer():170] handle defer: 13
2023-09-30 18:17:00,981 DEBUG   SenderThread:16412 [sender.py:send_request():406] send_request: defer
2023-09-30 18:17:00,982 INFO    SenderThread:16412 [sender.py:send_request_defer():608] handle sender defer: 13
2023-09-30 18:17:00,982 INFO    SenderThread:16412 [sender.py:transition_state():612] send defer: 14
2023-09-30 18:17:00,982 DEBUG   HandlerThread:16412 [handler.py:handle_request():144] handle_request: defer
2023-09-30 18:17:00,982 DEBUG   SenderThread:16412 [sender.py:send():379] send: final
2023-09-30 18:17:00,982 INFO    HandlerThread:16412 [handler.py:handle_request_defer():170] handle defer: 14
2023-09-30 18:17:00,982 DEBUG   SenderThread:16412 [sender.py:send():379] send: footer
2023-09-30 18:17:00,983 DEBUG   SenderThread:16412 [sender.py:send_request():406] send_request: defer
2023-09-30 18:17:00,983 INFO    SenderThread:16412 [sender.py:send_request_defer():608] handle sender defer: 14
2023-09-30 18:17:00,985 DEBUG   HandlerThread:16412 [handler.py:handle_request():144] handle_request: internal_messages
2023-09-30 18:17:00,986 DEBUG   HandlerThread:16412 [handler.py:handle_request():144] handle_request: poll_exit
2023-09-30 18:17:00,986 DEBUG   HandlerThread:16412 [handler.py:handle_request():144] handle_request: server_info
2023-09-30 18:17:00,986 DEBUG   HandlerThread:16412 [handler.py:handle_request():144] handle_request: get_summary
2023-09-30 18:17:00,986 DEBUG   HandlerThread:16412 [handler.py:handle_request():144] handle_request: sampled_history
2023-09-30 18:17:00,987 DEBUG   SenderThread:16412 [sender.py:send_request():406] send_request: poll_exit
2023-09-30 18:17:00,987 DEBUG   HandlerThread:16412 [handler.py:handle_request():144] handle_request: job_info
2023-09-30 18:17:00,987 DEBUG   SenderThread:16412 [sender.py:send_request():406] send_request: server_info
2023-09-30 18:17:01,123 DEBUG   SenderThread:16412 [sender.py:send_request():406] send_request: job_info
2023-09-30 18:17:01,123 DEBUG   HandlerThread:16412 [handler.py:handle_request():144] handle_request: shutdown
2023-09-30 18:17:01,123 INFO    HandlerThread:16412 [handler.py:finish():840] shutting down handler
2023-09-30 18:17:01,989 INFO    WriterThread:16412 [datastore.py:close():294] close: /Users/leo/Programming/PLR/wandb/run-20230930_181545-hbcivxmc/run-hbcivxmc.wandb
2023-09-30 18:17:02,128 INFO    SenderThread:16412 [sender.py:finish():1531] shutting down sender
2023-09-30 18:17:02,128 INFO    SenderThread:16412 [file_pusher.py:finish():175] shutting down file pusher
2023-09-30 18:17:02,128 INFO    SenderThread:16412 [file_pusher.py:join():181] waiting for file pusher
