Generations:   0%|                                                                                                                                                                         | 0/25 [00:00<?, ?it/s]









Generations:   4%|██████▍                                                                                                                                                          | 1/25 [00:20<08:15, 20.65s/it]







Generations:   8%|████████████▉                                                                                                                                                    | 2/25 [00:37<07:05, 18.51s/it]








Generations:  12%|███████████████████▎                                                                                                                                             | 3/25 [00:54<06:32, 17.85s/it]







Generations:  16%|█████████████████████████▊                                                                                                                                       | 4/25 [01:11<06:07, 17.51s/it]








Generations:  20%|████████████████████████████████▏                                                                                                                                | 5/25 [01:28<05:46, 17.33s/it]







Generations:  24%|██████████████████████████████████████▋                                                                                                                          | 6/25 [01:45<05:25, 17.12s/it]







Generations:  28%|█████████████████████████████████████████████                                                                                                                    | 7/25 [02:02<05:06, 17.01s/it]








Generations:  32%|███████████████████████████████████████████████████▌                                                                                                             | 8/25 [02:19<04:48, 16.95s/it]







Generations:  36%|█████████████████████████████████████████████████████████▉                                                                                                       | 9/25 [02:36<04:31, 16.95s/it]







Generations:  40%|████████████████████████████████████████████████████████████████                                                                                                | 10/25 [02:52<04:13, 16.92s/it]








Generations:  44%|██████████████████████████████████████████████████████████████████████▍                                                                                         | 11/25 [03:09<03:56, 16.90s/it]







Generations:  48%|████████████████████████████████████████████████████████████████████████████▊                                                                                   | 12/25 [03:26<03:39, 16.85s/it]








Generations:  52%|███████████████████████████████████████████████████████████████████████████████████▏                                                                            | 13/25 [03:43<03:21, 16.81s/it]







Generations:  56%|█████████████████████████████████████████████████████████████████████████████████████████▌                                                                      | 14/25 [03:59<03:04, 16.76s/it]







Generations:  60%|████████████████████████████████████████████████████████████████████████████████████████████████                                                                | 15/25 [04:16<02:47, 16.73s/it]







Generations:  64%|██████████████████████████████████████████████████████████████████████████████████████████████████████▍                                                         | 16/25 [04:33<02:30, 16.70s/it]








Generations:  68%|████████████████████████████████████████████████████████████████████████████████████████████████████████████▊                                                   | 17/25 [04:49<02:13, 16.74s/it]







Generations:  72%|███████████████████████████████████████████████████████████████████████████████████████████████████████████████████▏                                            | 18/25 [05:06<01:57, 16.75s/it]







Generations:  76%|█████████████████████████████████████████████████████████████████████████████████████████████████████████████████████████▌                                      | 19/25 [05:23<01:40, 16.73s/it]








Generations:  80%|████████████████████████████████████████████████████████████████████████████████████████████████████████████████████████████████                                | 20/25 [05:40<01:23, 16.76s/it]







Generations:  84%|██████████████████████████████████████████████████████████████████████████████████████████████████████████████████████████████████████▍                         | 21/25 [05:56<01:07, 16.76s/it]







Generations:  88%|████████████████████████████████████████████████████████████████████████████████████████████████████████████████████████████████████████████▊                   | 22/25 [06:13<00:50, 16.73s/it]








Generations:  92%|███████████████████████████████████████████████████████████████████████████████████████████████████████████████████████████████████████████████████▏            | 23/25 [06:30<00:33, 16.70s/it]







Generations:  96%|█████████████████████████████████████████████████████████████████████████████████████████████████████████████████████████████████████████████████████████▌      | 24/25 [06:47<00:16, 16.73s/it]







Generations: 100%|████████████████████████████████████████████████████████████████████████████████████████████████████████████████████████████████████████████████████████████████| 25/25 [07:03<00:00, 16.95s/it]








Final Fitness Evaluation: 100%|█████████████████████████████████████████████████████████████████████████████████████████████████████████████████████████████████████████████████| 160/160 [00:15<00:00, 10.43it/s]