Generations:   0%|                                                                                                                                                                         | 0/20 [00:00<?, ?it/s]
Eval Fitness Gen 1 - Best Fitness: 0.2533:   4%|█████▏                                                                                                                            | 4/100 [00:01<00:39,  2.43it/s]
params: 1
params: 1
params: 93
params: 11
params: 1
params: 5
params: 80
params: 43
params: 0
params: 1
params: 127
params: 11
params: 0
params: 2
params: 118
params: 49
params: 1
params: 1
params: 108

Eval Fitness Gen 1 - Best Fitness: 0.6525:   9%|███████████▋                                                                                                                      | 9/100 [00:03<00:39,  2.28it/s]
params: 1
params: 5
params: 101
params: 16
params: 0
params: 4
params: 60
params: 20
params: 0
params: 1
params: 110
params: 38
params: 0
params: 2
params: 14
params: 12
params: 1
params: 3
params: 61

Eval Fitness Gen 1 - Best Fitness: 0.6525:  13%|████████████████▊                                                                                                                | 13/100 [00:05<00:40,  2.15it/s]
params: 1
params: 5
params: 28
params: 28
params: 0
params: 1
params: 30
params: 40
params: 0
params: 4
params: 76
params: 19
params: 0
params: 4
params: 28
params: 23
params: 1
params: 3
params: 12
params: 27
params: 1
params: 3
params: 58
params: 26
params: 0
params: 2
params: 77
params: 20
params: 1
params: 4
params: 5
params: 45
params: 0
params: 1
params: 116

Eval Fitness Gen 1 - Best Fitness: 0.6525:  18%|███████████████████████▏                                                                                                         | 18/100 [00:07<00:39,  2.09it/s]
params: 0
params: 5
params: 34
params: 24
params: 1
params: 2
params: 43
params: 3
params: 1
params: 2
params: 66
params: 4
params: 1
params: 1
params: 55

Eval Fitness Gen 1 - Best Fitness: 0.6525:  22%|████████████████████████████▍                                                                                                    | 22/100 [00:09<00:37,  2.07it/s]
params: 1
params: 2
params: 31
params: 23
params: 1
params: 5
params: 106
params: 44
params: 1
params: 1
params: 43
params: 26
params: 1
params: 2
params: 48

Eval Fitness Gen 1 - Best Fitness: 0.7673:  26%|█████████████████████████████████▌                                                                                               | 26/100 [00:11<00:36,  2.01it/s]
params: 1
params: 3
params: 117
params: 13
params: 1
params: 1
params: 111
params: 25
params: 0
params: 4
params: 6
params: 50
params: 0
params: 5
params: 118
params: 12
params: 1
params: 4
params: 91

Eval Fitness Gen 1 - Best Fitness: 0.7673:  31%|███████████████████████████████████████▉                                                                                         | 31/100 [00:13<00:29,  2.37it/s]
params: 1
params: 3
params: 95
params: 5
params: 0
params: 3
params: 70
params: 31
params: 1
params: 4
params: 70
params: 37
params: 1
params: 5
params: 38
params: 30
params: 0
params: 1
params: 125


Eval Fitness Gen 1 - Best Fitness: 0.7673:  41%|████████████████████████████████████████████████████▉                                                                            | 41/100 [00:17<00:20,  2.85it/s]
params: 0
params: 4
params: 107
params: 20
params: 0
params: 2
params: 13
params: 12
params: 0
params: 2
params: 121
params: 6
params: 0
params: 4
params: 30
params: 31
params: 1
params: 1
params: 117

Eval Fitness Gen 1 - Best Fitness: 0.7673:  46%|███████████████████████████████████████████████████████████▎                                                                     | 46/100 [00:20<00:25,  2.15it/s]
params: 1
params: 3
params: 32
params: 39
params: 1
params: 4
params: 24
params: 3
params: 0
params: 1
params: 103
params: 13
params: 1
params: 4
params: 114
params: 27
params: 1
params: 3
params: 119

Eval Fitness Gen 1 - Best Fitness: 0.7673:  50%|████████████████████████████████████████████████████████████████▌                                                                | 50/100 [00:22<00:24,  2.00it/s]
params: 1
params: 3
params: 65
params: 20
params: 1
params: 5
params: 20
params: 27
params: 0
params: 3
params: 23
params: 32
params: 0
params: 4
params: 80

Eval Fitness Gen 1 - Best Fitness: 0.7673:  54%|█████████████████████████████████████████████████████████████████████▋                                                           | 54/100 [00:23<00:20,  2.24it/s]
params: 0
params: 5
params: 103
params: 3
params: 0
params: 2
params: 14
params: 37
params: 0
params: 1
params: 107
params: 13
params: 1
params: 1
params: 57

Eval Fitness Gen 1 - Best Fitness: 0.7673:  59%|████████████████████████████████████████████████████████████████████████████                                                     | 59/100 [00:25<00:17,  2.38it/s]
params: 0
params: 4
params: 21
params: 47
params: 0
params: 5
params: 78
params: 31
params: 1
params: 2
params: 102
params: 15
params: 0
params: 5
params: 112
params: 43
params: 0
params: 5
params: 58

Eval Fitness Gen 1 - Best Fitness: 0.7673:  63%|█████████████████████████████████████████████████████████████████████████████████▎                                               | 63/100 [00:27<00:17,  2.15it/s]
params: 1
params: 2
params: 34
params: 13
params: 0
params: 4
params: 102
params: 18
params: 0
params: 2
params: 64
params: 46
params: 0
params: 1
params: 92

Eval Fitness Gen 1 - Best Fitness: 0.7673:  67%|██████████████████████████████████████████████████████████████████████████████████████▍                                          | 67/100 [00:29<00:15,  2.17it/s]
params: 0
params: 1
params: 99
params: 47
params: 0
params: 2
params: 36
params: 6
params: 1
params: 2
params: 111
params: 44
params: 1
params: 5
params: 104

Eval Fitness Gen 1 - Best Fitness: 0.7673:  72%|████████████████████████████████████████████████████████████████████████████████████████████▉                                    | 72/100 [00:32<00:13,  2.08it/s]
params: 0
params: 5
params: 111
params: 31
params: 1
params: 4
params: 60
params: 11
params: 0
params: 3
params: 7
params: 43
params: 1
params: 4
params: 84
params: 17
params: 0
params: 3
params: 57

Eval Fitness Gen 1 - Best Fitness: 0.7673:  75%|████████████████████████████████████████████████████████████████████████████████████████████████▊                                | 75/100 [00:33<00:14,  1.68it/s]
params: 0
params: 4
params: 3
params: 40
params: 0
params: 5
params: 24
params: 27
params: 0
params: 1
params: 73

Eval Fitness Gen 1 - Best Fitness: 0.7673:  79%|█████████████████████████████████████████████████████████████████████████████████████████████████████▉                           | 79/100 [00:35<00:10,  1.96it/s]
params: 0
params: 2
params: 95
params: 25
params: 0
params: 5
params: 118
params: 49
params: 1
params: 1
params: 112
params: 16
params: 1
params: 2
params: 26
params: 36
params: 0
params: 3
params: 87
params: 41
params: 1
params: 2
params: 53
params: 42
params: 0
params: 1
params: 33
params: 11
params: 0
params: 2
params: 48

Eval Fitness Gen 1 - Best Fitness: 0.7673:  83%|███████████████████████████████████████████████████████████████████████████████████████████████████████████                      | 83/100 [00:37<00:08,  2.03it/s]
params: 1
params: 5
params: 56
params: 21
params: 1
params: 4
params: 94
params: 38
params: 0
params: 3
params: 50
params: 21
params: 1
params: 4
params: 124

Eval Fitness Gen 1 - Best Fitness: 0.7673:  87%|████████████████████████████████████████████████████████████████████████████████████████████████████████████████▏                | 87/100 [00:39<00:06,  2.09it/s]
params: 1
params: 1
params: 25
params: 28
params: 0
params: 1
params: 59
params: 34
params: 1
params: 3
params: 49
params: 43
params: 1
params: 5
params: 28
params: 40
params: 1
params: 2
params: 86

Eval Fitness Gen 1 - Best Fitness: 0.7673:  92%|██████████████████████████████████████████████████████████████████████████████████████████████████████████████████████▋          | 92/100 [00:42<00:03,  2.09it/s]
params: 1
params: 5
params: 36
params: 16
params: 0
params: 2
params: 21
params: 45
params: 0
params: 1
params: 41
params: 17
params: 0
params: 3
params: 65
params: 14
params: 0
params: 2
params: 75

Eval Fitness Gen 1 - Best Fitness: 0.7673:  97%|█████████████████████████████████████████████████████████████████████████████████████████████████████████████████████████████▏   | 97/100 [00:44<00:01,  2.66it/s]
params: 0
params: 5
params: 21
params: 22
params: 0
params: 3
params: 100
params: 12
params: 0
params: 5
params: 21
Traceback (most recent call last):
  File "/Users/leo/Programming/PLR/Leo/gen_algo_opt_folder/genetic_algorithm.py", line 280, in <module>
    best_individual, best_fitness = ga.run()
                                    ^^^^^^^^
  File "/Users/leo/Programming/PLR/Leo/gen_algo_opt_folder/genetic_algorithm.py", line 207, in run
    fitness_val = self.fitness(individual)
                  ^^^^^^^^^^^^^^^^^^^^^^^^
  File "/Users/leo/Programming/PLR/Leo/gen_algo_opt_folder/genetic_algorithm.py", line 53, in fitness
    print(f"params: {params[self.n_features - 1]}")
                     ~~~~~~^^^^^^^^^^^^^^^^^^^^^
IndexError: tuple index out of range