2023-09-30 18:47:33,867 INFO    StreamThr :17875 [internal.py:wandb_internal():86] W&B internal server running at pid: 17875, started at: 2023-09-30 18:47:33.866919
2023-09-30 18:47:33,868 DEBUG   HandlerThread:17875 [handler.py:handle_request():144] handle_request: status
2023-09-30 18:47:33,872 INFO    WriterThread:17875 [datastore.py:open_for_write():85] open: /Users/leo/Programming/PLR/wandb/run-20230930_184733-8f5ttdz7/run-8f5ttdz7.wandb
2023-09-30 18:47:33,872 DEBUG   SenderThread:17875 [sender.py:send():379] send: header
2023-09-30 18:47:33,890 DEBUG   SenderThread:17875 [sender.py:send():379] send: run
2023-09-30 18:47:34,033 DEBUG   HandlerThread:17875 [handler.py:handle_request():144] handle_request: shutdown
2023-09-30 18:47:34,033 INFO    HandlerThread:17875 [handler.py:finish():840] shutting down handler
2023-09-30 18:47:34,248 INFO    SenderThread:17875 [dir_watcher.py:__init__():211] watching files in: /Users/leo/Programming/PLR/wandb/run-20230930_184733-8f5ttdz7/files
2023-09-30 18:47:34,248 INFO    SenderThread:17875 [sender.py:_start_run_threads():1121] run started: 8f5ttdz7 with start time 1696096053.868588
2023-09-30 18:47:34,248 INFO    SenderThread:17875 [sender.py:finish():1531] shutting down sender
2023-09-30 18:47:34,248 INFO    SenderThread:17875 [dir_watcher.py:finish():358] shutting down directory watcher
2023-09-30 18:47:34,874 WARNING StreamThr :17875 [internal.py:is_dead():414] Internal process exiting, parent pid 17866 disappeared
2023-09-30 18:47:34,874 ERROR   StreamThr :17875 [internal.py:wandb_internal():152] Internal process shutdown.
2023-09-30 18:47:34,895 INFO    WriterThread:17875 [datastore.py:close():294] close: /Users/leo/Programming/PLR/wandb/run-20230930_184733-8f5ttdz7/run-8f5ttdz7.wandb
2023-09-30 18:47:35,249 INFO    SenderThread:17875 [dir_watcher.py:finish():388] scan: /Users/leo/Programming/PLR/wandb/run-20230930_184733-8f5ttdz7/files
2023-09-30 18:47:35,250 INFO    SenderThread:17875 [dir_watcher.py:finish():402] scan save: /Users/leo/Programming/PLR/wandb/run-20230930_184733-8f5ttdz7/files/config.yaml config.yaml
2023-09-30 18:47:35,250 INFO    SenderThread:17875 [file_pusher.py:finish():175] shutting down file pusher
2023-09-30 18:47:35,250 INFO    SenderThread:17875 [file_pusher.py:join():181] waiting for file pusher
2023-09-30 18:47:35,815 INFO    wandb-upload_0:17875 [upload_job.py:push():131] Uploaded file /Users/leo/Programming/PLR/wandb/run-20230930_184733-8f5ttdz7/files/config.yaml
2023-09-30 18:47:36,261 INFO    SenderThread:17875 [file_stream.py:finish():594] file stream finish called
2023-09-30 18:47:36,452 INFO    SenderThread:17875 [file_stream.py:finish():598] file stream finish is done
