2023-09-30 16:55:27,678 INFO    StreamThr :14532 [internal.py:wandb_internal():86] W&B internal server running at pid: 14532, started at: 2023-09-30 16:55:27.677682
2023-09-30 16:55:27,680 DEBUG   HandlerThread:14532 [handler.py:handle_request():144] handle_request: status
2023-09-30 16:55:27,685 INFO    WriterThread:14532 [datastore.py:open_for_write():85] open: /Users/leo/Programming/PLR/wandb/run-20230930_165527-y3yjoa5d/run-y3yjoa5d.wandb
2023-09-30 16:55:27,685 DEBUG   SenderThread:14532 [sender.py:send():379] send: header
2023-09-30 16:55:27,712 DEBUG   SenderThread:14532 [sender.py:send():379] send: run
2023-09-30 16:55:28,090 INFO    SenderThread:14532 [dir_watcher.py:__init__():211] watching files in: /Users/leo/Programming/PLR/wandb/run-20230930_165527-y3yjoa5d/files
2023-09-30 16:55:28,091 INFO    SenderThread:14532 [sender.py:_start_run_threads():1121] run started: y3yjoa5d with start time 1696089327.679837
2023-09-30 16:55:28,101 DEBUG   HandlerThread:14532 [handler.py:handle_request():144] handle_request: check_version
2023-09-30 16:55:28,101 DEBUG   SenderThread:14532 [sender.py:send_request():406] send_request: check_version
2023-09-30 16:55:28,246 DEBUG   HandlerThread:14532 [handler.py:handle_request():144] handle_request: run_start
2023-09-30 16:55:28,258 DEBUG   HandlerThread:14532 [system_info.py:__init__():32] System info init
2023-09-30 16:55:28,259 DEBUG   HandlerThread:14532 [system_info.py:__init__():47] System info init done
2023-09-30 16:55:28,259 INFO    HandlerThread:14532 [system_monitor.py:start():181] Starting system monitor
2023-09-30 16:55:28,259 INFO    SystemMonitor:14532 [system_monitor.py:_start():145] Starting system asset monitoring threads
2023-09-30 16:55:28,259 INFO    HandlerThread:14532 [system_monitor.py:probe():201] Collecting system info
2023-09-30 16:55:28,260 INFO    SystemMonitor:14532 [interfaces.py:start():190] Started cpu monitoring
2023-09-30 16:55:28,260 DEBUG   HandlerThread:14532 [system_info.py:probe():196] Probing system
2023-09-30 16:55:28,262 INFO    SystemMonitor:14532 [interfaces.py:start():190] Started disk monitoring
2023-09-30 16:55:28,265 INFO    SystemMonitor:14532 [interfaces.py:start():190] Started gpuapple monitoring
2023-09-30 16:55:28,266 INFO    SystemMonitor:14532 [interfaces.py:start():190] Started memory monitoring
2023-09-30 16:55:28,267 INFO    SystemMonitor:14532 [interfaces.py:start():190] Started network monitoring
2023-09-30 16:55:28,271 DEBUG   HandlerThread:14532 [system_info.py:_probe_git():181] Probing git
2023-09-30 16:55:28,284 DEBUG   HandlerThread:14532 [system_info.py:_probe_git():189] Probing git done
2023-09-30 16:55:28,284 DEBUG   HandlerThread:14532 [system_info.py:probe():244] Probing system done
2023-09-30 16:55:28,285 DEBUG   HandlerThread:14532 [system_monitor.py:probe():210] {'os': 'macOS-14.0-arm64-arm-64bit', 'python': '3.11.4', 'heartbeatAt': '2023-09-30T15:55:28.262506', 'startedAt': '2023-09-30T15:55:27.670778', 'docker': None, 'cuda': None, 'args': (), 'state': 'running', 'program': '/Users/leo/Programming/PLR/Leo/gen_algo_opt_folder/genetic_algorithm.py', 'codePathLocal': 'Leo/gen_algo_opt_folder/genetic_algorithm.py', 'codePath': 'Leo/gen_algo_opt_folder/genetic_algorithm.py', 'git': {'remote': 'https://github.com/leothesouthafrican/PLR.git', 'commit': '7589be778cebd92f972ede671c501681bad7604d'}, 'email': '38779415+leothesouthafrican@users.noreply.github.com', 'root': '/Users/leo/Programming/PLR', 'host': 'Leos-MacBook-Pro.local', 'username': 'leo', 'executable': '/Users/leo/Programming/PLR/Leo/env/bin/python3', 'cpu_count': 10, 'cpu_count_logical': 10, 'disk': {'/': {'total': 855.9619140625, 'used': 12.108589172363281}}, 'gpuapple': {'type': 'arm', 'vendor': 'Apple'}, 'memory': {'total': 32.0}}
2023-09-30 16:55:28,285 INFO    HandlerThread:14532 [system_monitor.py:probe():211] Finished collecting system info
2023-09-30 16:55:28,285 INFO    HandlerThread:14532 [system_monitor.py:probe():214] Publishing system info
2023-09-30 16:55:28,285 DEBUG   HandlerThread:14532 [system_info.py:_save_pip():52] Saving list of pip packages installed into the current environment
2023-09-30 16:55:28,285 DEBUG   HandlerThread:14532 [system_info.py:_save_pip():68] Saving pip packages done
2023-09-30 16:55:28,285 INFO    HandlerThread:14532 [system_monitor.py:probe():216] Finished publishing system info
2023-09-30 16:55:28,287 DEBUG   SenderThread:14532 [sender.py:send():379] send: files
2023-09-30 16:55:28,287 INFO    SenderThread:14532 [sender.py:_save_file():1375] saving file wandb-metadata.json with policy now
2023-09-30 16:55:28,290 DEBUG   HandlerThread:14532 [handler.py:handle_request():144] handle_request: stop_status
2023-09-30 16:55:28,290 DEBUG   SenderThread:14532 [sender.py:send_request():406] send_request: stop_status
2023-09-30 16:55:28,291 DEBUG   HandlerThread:14532 [handler.py:handle_request():144] handle_request: internal_messages
2023-09-30 16:55:28,550 DEBUG   SenderThread:14532 [sender.py:send():379] send: telemetry
2023-09-30 16:55:28,551 DEBUG   SenderThread:14532 [sender.py:send():379] send: config
2023-09-30 16:55:28,812 INFO    wandb-upload_0:14532 [upload_job.py:push():131] Uploaded file /var/folders/dt/bgs1hq3d2k3dvhpt3llvs4rw0000gn/T/tmpm3pbt0orwandb/tf7xk7yk-wandb-metadata.json
2023-09-30 16:55:29,098 INFO    Thread-12 :14532 [dir_watcher.py:_on_file_created():271] file/dir created: /Users/leo/Programming/PLR/wandb/run-20230930_165527-y3yjoa5d/files/requirements.txt
2023-09-30 16:55:29,098 INFO    Thread-12 :14532 [dir_watcher.py:_on_file_created():271] file/dir created: /Users/leo/Programming/PLR/wandb/run-20230930_165527-y3yjoa5d/files/output.log
2023-09-30 16:55:29,098 INFO    Thread-12 :14532 [dir_watcher.py:_on_file_created():271] file/dir created: /Users/leo/Programming/PLR/wandb/run-20230930_165527-y3yjoa5d/files/wandb-metadata.json
2023-09-30 16:55:31,108 INFO    Thread-12 :14532 [dir_watcher.py:_on_file_modified():288] file/dir modified: /Users/leo/Programming/PLR/wandb/run-20230930_165527-y3yjoa5d/files/output.log
2023-09-30 16:55:33,132 INFO    Thread-12 :14532 [dir_watcher.py:_on_file_modified():288] file/dir modified: /Users/leo/Programming/PLR/wandb/run-20230930_165527-y3yjoa5d/files/output.log
2023-09-30 16:55:33,169 DEBUG   HandlerThread:14532 [handler.py:handle_request():144] handle_request: status_report
2023-09-30 16:55:35,143 INFO    Thread-12 :14532 [dir_watcher.py:_on_file_modified():288] file/dir modified: /Users/leo/Programming/PLR/wandb/run-20230930_165527-y3yjoa5d/files/output.log
2023-09-30 16:55:37,148 INFO    Thread-12 :14532 [dir_watcher.py:_on_file_modified():288] file/dir modified: /Users/leo/Programming/PLR/wandb/run-20230930_165527-y3yjoa5d/files/output.log
2023-09-30 16:55:38,228 DEBUG   HandlerThread:14532 [handler.py:handle_request():144] handle_request: status_report
2023-09-30 16:55:39,165 INFO    Thread-12 :14532 [dir_watcher.py:_on_file_modified():288] file/dir modified: /Users/leo/Programming/PLR/wandb/run-20230930_165527-y3yjoa5d/files/output.log
2023-09-30 16:55:41,176 INFO    Thread-12 :14532 [dir_watcher.py:_on_file_modified():288] file/dir modified: /Users/leo/Programming/PLR/wandb/run-20230930_165527-y3yjoa5d/files/output.log
2023-09-30 16:55:43,185 INFO    Thread-12 :14532 [dir_watcher.py:_on_file_modified():288] file/dir modified: /Users/leo/Programming/PLR/wandb/run-20230930_165527-y3yjoa5d/files/output.log
2023-09-30 16:55:43,296 DEBUG   HandlerThread:14532 [handler.py:handle_request():144] handle_request: internal_messages
2023-09-30 16:55:43,296 DEBUG   HandlerThread:14532 [handler.py:handle_request():144] handle_request: stop_status
2023-09-30 16:55:43,297 DEBUG   SenderThread:14532 [sender.py:send_request():406] send_request: stop_status
2023-09-30 16:55:43,622 DEBUG   HandlerThread:14532 [handler.py:handle_request():144] handle_request: status_report
2023-09-30 16:55:45,191 INFO    Thread-12 :14532 [dir_watcher.py:_on_file_modified():288] file/dir modified: /Users/leo/Programming/PLR/wandb/run-20230930_165527-y3yjoa5d/files/output.log
2023-09-30 16:55:47,201 INFO    Thread-12 :14532 [dir_watcher.py:_on_file_modified():288] file/dir modified: /Users/leo/Programming/PLR/wandb/run-20230930_165527-y3yjoa5d/files/output.log
2023-09-30 16:55:48,718 DEBUG   HandlerThread:14532 [handler.py:handle_request():144] handle_request: status_report
2023-09-30 16:55:49,211 INFO    Thread-12 :14532 [dir_watcher.py:_on_file_modified():288] file/dir modified: /Users/leo/Programming/PLR/wandb/run-20230930_165527-y3yjoa5d/files/output.log
2023-09-30 16:55:51,212 INFO    Thread-12 :14532 [dir_watcher.py:_on_file_modified():288] file/dir modified: /Users/leo/Programming/PLR/wandb/run-20230930_165527-y3yjoa5d/files/output.log
2023-09-30 16:55:53,227 INFO    Thread-12 :14532 [dir_watcher.py:_on_file_modified():288] file/dir modified: /Users/leo/Programming/PLR/wandb/run-20230930_165527-y3yjoa5d/files/output.log
2023-09-30 16:55:53,913 DEBUG   HandlerThread:14532 [handler.py:handle_request():144] handle_request: status_report
2023-09-30 16:55:55,234 INFO    Thread-12 :14532 [dir_watcher.py:_on_file_modified():288] file/dir modified: /Users/leo/Programming/PLR/wandb/run-20230930_165527-y3yjoa5d/files/output.log
2023-09-30 16:55:57,242 INFO    Thread-12 :14532 [dir_watcher.py:_on_file_modified():288] file/dir modified: /Users/leo/Programming/PLR/wandb/run-20230930_165527-y3yjoa5d/files/output.log
2023-09-30 16:55:58,295 DEBUG   HandlerThread:14532 [handler.py:handle_request():144] handle_request: stop_status
2023-09-30 16:55:58,296 DEBUG   SenderThread:14532 [sender.py:send_request():406] send_request: stop_status
2023-09-30 16:55:58,299 DEBUG   HandlerThread:14532 [handler.py:handle_request():144] handle_request: internal_messages
2023-09-30 16:55:59,259 INFO    Thread-12 :14532 [dir_watcher.py:_on_file_modified():288] file/dir modified: /Users/leo/Programming/PLR/wandb/run-20230930_165527-y3yjoa5d/files/output.log
2023-09-30 16:55:59,338 DEBUG   HandlerThread:14532 [handler.py:handle_request():144] handle_request: status_report
2023-09-30 16:56:00,260 INFO    Thread-12 :14532 [dir_watcher.py:_on_file_modified():288] file/dir modified: /Users/leo/Programming/PLR/wandb/run-20230930_165527-y3yjoa5d/files/config.yaml
2023-09-30 16:56:01,258 INFO    Thread-12 :14532 [dir_watcher.py:_on_file_modified():288] file/dir modified: /Users/leo/Programming/PLR/wandb/run-20230930_165527-y3yjoa5d/files/output.log
2023-09-30 16:56:03,284 INFO    Thread-12 :14532 [dir_watcher.py:_on_file_modified():288] file/dir modified: /Users/leo/Programming/PLR/wandb/run-20230930_165527-y3yjoa5d/files/output.log
2023-09-30 16:56:05,261 DEBUG   HandlerThread:14532 [handler.py:handle_request():144] handle_request: status_report
2023-09-30 16:56:05,295 INFO    Thread-12 :14532 [dir_watcher.py:_on_file_modified():288] file/dir modified: /Users/leo/Programming/PLR/wandb/run-20230930_165527-y3yjoa5d/files/output.log
2023-09-30 16:56:05,771 DEBUG   HandlerThread:14532 [handler.py:handle_request():144] handle_request: partial_history
2023-09-30 16:56:05,774 DEBUG   SenderThread:14532 [sender.py:send():379] send: history
2023-09-30 16:56:05,775 DEBUG   SenderThread:14532 [sender.py:send_request():406] send_request: summary_record
2023-09-30 16:56:05,775 INFO    SenderThread:14532 [sender.py:_save_file():1375] saving file wandb-summary.json with policy end
2023-09-30 16:56:06,299 INFO    Thread-12 :14532 [dir_watcher.py:_on_file_created():271] file/dir created: /Users/leo/Programming/PLR/wandb/run-20230930_165527-y3yjoa5d/files/wandb-summary.json
2023-09-30 16:56:07,301 INFO    Thread-12 :14532 [dir_watcher.py:_on_file_modified():288] file/dir modified: /Users/leo/Programming/PLR/wandb/run-20230930_165527-y3yjoa5d/files/output.log
2023-09-30 16:56:09,310 INFO    Thread-12 :14532 [dir_watcher.py:_on_file_modified():288] file/dir modified: /Users/leo/Programming/PLR/wandb/run-20230930_165527-y3yjoa5d/files/output.log
2023-09-30 16:56:10,727 DEBUG   HandlerThread:14532 [handler.py:handle_request():144] handle_request: status_report
2023-09-30 16:56:11,316 INFO    Thread-12 :14532 [dir_watcher.py:_on_file_modified():288] file/dir modified: /Users/leo/Programming/PLR/wandb/run-20230930_165527-y3yjoa5d/files/output.log
2023-09-30 16:56:13,298 DEBUG   HandlerThread:14532 [handler.py:handle_request():144] handle_request: stop_status
2023-09-30 16:56:13,298 DEBUG   HandlerThread:14532 [handler.py:handle_request():144] handle_request: internal_messages
2023-09-30 16:56:13,299 DEBUG   SenderThread:14532 [sender.py:send_request():406] send_request: stop_status
2023-09-30 16:56:13,327 INFO    Thread-12 :14532 [dir_watcher.py:_on_file_modified():288] file/dir modified: /Users/leo/Programming/PLR/wandb/run-20230930_165527-y3yjoa5d/files/output.log
2023-09-30 16:56:15,337 INFO    Thread-12 :14532 [dir_watcher.py:_on_file_modified():288] file/dir modified: /Users/leo/Programming/PLR/wandb/run-20230930_165527-y3yjoa5d/files/output.log
2023-09-30 16:56:16,200 DEBUG   HandlerThread:14532 [handler.py:handle_request():144] handle_request: status_report
2023-09-30 16:56:17,345 INFO    Thread-12 :14532 [dir_watcher.py:_on_file_modified():288] file/dir modified: /Users/leo/Programming/PLR/wandb/run-20230930_165527-y3yjoa5d/files/output.log
2023-09-30 16:56:19,351 INFO    Thread-12 :14532 [dir_watcher.py:_on_file_modified():288] file/dir modified: /Users/leo/Programming/PLR/wandb/run-20230930_165527-y3yjoa5d/files/output.log
2023-09-30 16:56:21,227 DEBUG   HandlerThread:14532 [handler.py:handle_request():144] handle_request: status_report
2023-09-30 16:56:21,360 INFO    Thread-12 :14532 [dir_watcher.py:_on_file_modified():288] file/dir modified: /Users/leo/Programming/PLR/wandb/run-20230930_165527-y3yjoa5d/files/output.log
2023-09-30 16:56:23,370 INFO    Thread-12 :14532 [dir_watcher.py:_on_file_modified():288] file/dir modified: /Users/leo/Programming/PLR/wandb/run-20230930_165527-y3yjoa5d/files/output.log
2023-09-30 16:56:25,378 INFO    Thread-12 :14532 [dir_watcher.py:_on_file_modified():288] file/dir modified: /Users/leo/Programming/PLR/wandb/run-20230930_165527-y3yjoa5d/files/output.log
2023-09-30 16:56:26,615 DEBUG   HandlerThread:14532 [handler.py:handle_request():144] handle_request: status_report
2023-09-30 16:56:27,388 INFO    Thread-12 :14532 [dir_watcher.py:_on_file_modified():288] file/dir modified: /Users/leo/Programming/PLR/wandb/run-20230930_165527-y3yjoa5d/files/output.log
2023-09-30 16:56:28,274 DEBUG   SystemMonitor:14532 [system_monitor.py:_start():159] Starting system metrics aggregation loop
2023-09-30 16:56:28,276 DEBUG   SenderThread:14532 [sender.py:send():379] send: telemetry
2023-09-30 16:56:28,276 DEBUG   SenderThread:14532 [sender.py:send():379] send: stats
2023-09-30 16:56:28,303 DEBUG   HandlerThread:14532 [handler.py:handle_request():144] handle_request: stop_status
2023-09-30 16:56:28,303 DEBUG   HandlerThread:14532 [handler.py:handle_request():144] handle_request: internal_messages
2023-09-30 16:56:28,303 DEBUG   SenderThread:14532 [sender.py:send_request():406] send_request: stop_status
2023-09-30 16:56:29,398 INFO    Thread-12 :14532 [dir_watcher.py:_on_file_modified():288] file/dir modified: /Users/leo/Programming/PLR/wandb/run-20230930_165527-y3yjoa5d/files/output.log
2023-09-30 16:56:31,434 INFO    Thread-12 :14532 [dir_watcher.py:_on_file_modified():288] file/dir modified: /Users/leo/Programming/PLR/wandb/run-20230930_165527-y3yjoa5d/files/output.log
2023-09-30 16:56:32,000 DEBUG   HandlerThread:14532 [handler.py:handle_request():144] handle_request: status_report
2023-09-30 16:56:32,454 INFO    Thread-12 :14532 [dir_watcher.py:_on_file_modified():288] file/dir modified: /Users/leo/Programming/PLR/wandb/run-20230930_165527-y3yjoa5d/files/config.yaml
2023-09-30 16:56:33,443 INFO    Thread-12 :14532 [dir_watcher.py:_on_file_modified():288] file/dir modified: /Users/leo/Programming/PLR/wandb/run-20230930_165527-y3yjoa5d/files/output.log
2023-09-30 16:56:35,448 INFO    Thread-12 :14532 [dir_watcher.py:_on_file_modified():288] file/dir modified: /Users/leo/Programming/PLR/wandb/run-20230930_165527-y3yjoa5d/files/output.log
2023-09-30 16:56:37,211 DEBUG   HandlerThread:14532 [handler.py:handle_request():144] handle_request: status_report
2023-09-30 16:56:37,459 INFO    Thread-12 :14532 [dir_watcher.py:_on_file_modified():288] file/dir modified: /Users/leo/Programming/PLR/wandb/run-20230930_165527-y3yjoa5d/files/output.log
2023-09-30 16:56:39,469 INFO    Thread-12 :14532 [dir_watcher.py:_on_file_modified():288] file/dir modified: /Users/leo/Programming/PLR/wandb/run-20230930_165527-y3yjoa5d/files/output.log
2023-09-30 16:56:41,479 INFO    Thread-12 :14532 [dir_watcher.py:_on_file_modified():288] file/dir modified: /Users/leo/Programming/PLR/wandb/run-20230930_165527-y3yjoa5d/files/output.log
2023-09-30 16:56:42,522 DEBUG   HandlerThread:14532 [handler.py:handle_request():144] handle_request: status_report
2023-09-30 16:56:43,307 DEBUG   HandlerThread:14532 [handler.py:handle_request():144] handle_request: stop_status
2023-09-30 16:56:43,307 DEBUG   HandlerThread:14532 [handler.py:handle_request():144] handle_request: internal_messages
2023-09-30 16:56:43,308 DEBUG   SenderThread:14532 [sender.py:send_request():406] send_request: stop_status
2023-09-30 16:56:43,491 INFO    Thread-12 :14532 [dir_watcher.py:_on_file_modified():288] file/dir modified: /Users/leo/Programming/PLR/wandb/run-20230930_165527-y3yjoa5d/files/output.log
2023-09-30 16:56:45,427 DEBUG   HandlerThread:14532 [handler.py:handle_request():144] handle_request: partial_history
2023-09-30 16:56:45,428 DEBUG   SenderThread:14532 [sender.py:send():379] send: history
2023-09-30 16:56:45,429 DEBUG   SenderThread:14532 [sender.py:send_request():406] send_request: summary_record
2023-09-30 16:56:45,432 INFO    SenderThread:14532 [sender.py:_save_file():1375] saving file wandb-summary.json with policy end
2023-09-30 16:56:45,497 INFO    Thread-12 :14532 [dir_watcher.py:_on_file_modified():288] file/dir modified: /Users/leo/Programming/PLR/wandb/run-20230930_165527-y3yjoa5d/files/output.log
2023-09-30 16:56:45,497 INFO    Thread-12 :14532 [dir_watcher.py:_on_file_modified():288] file/dir modified: /Users/leo/Programming/PLR/wandb/run-20230930_165527-y3yjoa5d/files/wandb-summary.json
2023-09-30 16:56:47,509 INFO    Thread-12 :14532 [dir_watcher.py:_on_file_modified():288] file/dir modified: /Users/leo/Programming/PLR/wandb/run-20230930_165527-y3yjoa5d/files/output.log
2023-09-30 16:56:48,008 DEBUG   HandlerThread:14532 [handler.py:handle_request():144] handle_request: status_report
2023-09-30 16:56:49,534 INFO    Thread-12 :14532 [dir_watcher.py:_on_file_modified():288] file/dir modified: /Users/leo/Programming/PLR/wandb/run-20230930_165527-y3yjoa5d/files/output.log
2023-09-30 16:56:51,543 INFO    Thread-12 :14532 [dir_watcher.py:_on_file_modified():288] file/dir modified: /Users/leo/Programming/PLR/wandb/run-20230930_165527-y3yjoa5d/files/output.log
2023-09-30 16:56:53,259 DEBUG   HandlerThread:14532 [handler.py:handle_request():144] handle_request: status_report
2023-09-30 16:56:53,549 INFO    Thread-12 :14532 [dir_watcher.py:_on_file_modified():288] file/dir modified: /Users/leo/Programming/PLR/wandb/run-20230930_165527-y3yjoa5d/files/output.log
2023-09-30 16:56:55,560 INFO    Thread-12 :14532 [dir_watcher.py:_on_file_modified():288] file/dir modified: /Users/leo/Programming/PLR/wandb/run-20230930_165527-y3yjoa5d/files/output.log
2023-09-30 16:56:57,576 INFO    Thread-12 :14532 [dir_watcher.py:_on_file_modified():288] file/dir modified: /Users/leo/Programming/PLR/wandb/run-20230930_165527-y3yjoa5d/files/output.log
2023-09-30 16:56:58,283 DEBUG   SenderThread:14532 [sender.py:send():379] send: stats
2023-09-30 16:56:58,286 DEBUG   HandlerThread:14532 [handler.py:handle_request():144] handle_request: status_report
2023-09-30 16:56:58,312 DEBUG   HandlerThread:14532 [handler.py:handle_request():144] handle_request: internal_messages
2023-09-30 16:56:58,313 DEBUG   HandlerThread:14532 [handler.py:handle_request():144] handle_request: stop_status
2023-09-30 16:56:58,315 DEBUG   SenderThread:14532 [sender.py:send_request():406] send_request: stop_status
2023-09-30 16:56:59,587 INFO    Thread-12 :14532 [dir_watcher.py:_on_file_modified():288] file/dir modified: /Users/leo/Programming/PLR/wandb/run-20230930_165527-y3yjoa5d/files/output.log
2023-09-30 16:57:01,616 INFO    Thread-12 :14532 [dir_watcher.py:_on_file_modified():288] file/dir modified: /Users/leo/Programming/PLR/wandb/run-20230930_165527-y3yjoa5d/files/output.log
2023-09-30 16:57:03,622 INFO    Thread-12 :14532 [dir_watcher.py:_on_file_modified():288] file/dir modified: /Users/leo/Programming/PLR/wandb/run-20230930_165527-y3yjoa5d/files/output.log
2023-09-30 16:57:03,626 DEBUG   HandlerThread:14532 [handler.py:handle_request():144] handle_request: status_report
2023-09-30 16:57:05,644 INFO    Thread-12 :14532 [dir_watcher.py:_on_file_modified():288] file/dir modified: /Users/leo/Programming/PLR/wandb/run-20230930_165527-y3yjoa5d/files/output.log
2023-09-30 16:57:07,644 INFO    Thread-12 :14532 [dir_watcher.py:_on_file_modified():288] file/dir modified: /Users/leo/Programming/PLR/wandb/run-20230930_165527-y3yjoa5d/files/output.log
2023-09-30 16:57:08,692 DEBUG   HandlerThread:14532 [handler.py:handle_request():144] handle_request: status_report
2023-09-30 16:57:09,657 INFO    Thread-12 :14532 [dir_watcher.py:_on_file_modified():288] file/dir modified: /Users/leo/Programming/PLR/wandb/run-20230930_165527-y3yjoa5d/files/output.log
2023-09-30 16:57:11,668 INFO    Thread-12 :14532 [dir_watcher.py:_on_file_modified():288] file/dir modified: /Users/leo/Programming/PLR/wandb/run-20230930_165527-y3yjoa5d/files/output.log
2023-09-30 16:57:13,312 DEBUG   HandlerThread:14532 [handler.py:handle_request():144] handle_request: internal_messages
2023-09-30 16:57:13,316 DEBUG   HandlerThread:14532 [handler.py:handle_request():144] handle_request: stop_status
2023-09-30 16:57:13,316 DEBUG   SenderThread:14532 [sender.py:send_request():406] send_request: stop_status
2023-09-30 16:57:13,677 INFO    Thread-12 :14532 [dir_watcher.py:_on_file_modified():288] file/dir modified: /Users/leo/Programming/PLR/wandb/run-20230930_165527-y3yjoa5d/files/output.log
2023-09-30 16:57:14,014 DEBUG   HandlerThread:14532 [handler.py:handle_request():144] handle_request: status_report
2023-09-30 16:57:15,684 INFO    Thread-12 :14532 [dir_watcher.py:_on_file_modified():288] file/dir modified: /Users/leo/Programming/PLR/wandb/run-20230930_165527-y3yjoa5d/files/output.log
2023-09-30 16:57:17,703 INFO    Thread-12 :14532 [dir_watcher.py:_on_file_modified():288] file/dir modified: /Users/leo/Programming/PLR/wandb/run-20230930_165527-y3yjoa5d/files/output.log
2023-09-30 16:57:19,065 DEBUG   HandlerThread:14532 [handler.py:handle_request():144] handle_request: status_report
2023-09-30 16:57:19,713 INFO    Thread-12 :14532 [dir_watcher.py:_on_file_modified():288] file/dir modified: /Users/leo/Programming/PLR/wandb/run-20230930_165527-y3yjoa5d/files/output.log
2023-09-30 16:57:21,718 INFO    Thread-12 :14532 [dir_watcher.py:_on_file_modified():288] file/dir modified: /Users/leo/Programming/PLR/wandb/run-20230930_165527-y3yjoa5d/files/output.log
2023-09-30 16:57:23,728 INFO    Thread-12 :14532 [dir_watcher.py:_on_file_modified():288] file/dir modified: /Users/leo/Programming/PLR/wandb/run-20230930_165527-y3yjoa5d/files/output.log
2023-09-30 16:57:23,908 DEBUG   HandlerThread:14532 [handler.py:handle_request():144] handle_request: partial_history
2023-09-30 16:57:23,918 DEBUG   SenderThread:14532 [sender.py:send():379] send: history
2023-09-30 16:57:23,919 DEBUG   SenderThread:14532 [sender.py:send_request():406] send_request: summary_record
2023-09-30 16:57:23,920 INFO    SenderThread:14532 [sender.py:_save_file():1375] saving file wandb-summary.json with policy end
2023-09-30 16:57:24,434 DEBUG   HandlerThread:14532 [handler.py:handle_request():144] handle_request: status_report
2023-09-30 16:57:24,740 INFO    Thread-12 :14532 [dir_watcher.py:_on_file_modified():288] file/dir modified: /Users/leo/Programming/PLR/wandb/run-20230930_165527-y3yjoa5d/files/wandb-summary.json
2023-09-30 16:57:25,749 INFO    Thread-12 :14532 [dir_watcher.py:_on_file_modified():288] file/dir modified: /Users/leo/Programming/PLR/wandb/run-20230930_165527-y3yjoa5d/files/output.log
2023-09-30 16:57:27,754 INFO    Thread-12 :14532 [dir_watcher.py:_on_file_modified():288] file/dir modified: /Users/leo/Programming/PLR/wandb/run-20230930_165527-y3yjoa5d/files/output.log
2023-09-30 16:57:28,284 DEBUG   SenderThread:14532 [sender.py:send():379] send: stats
2023-09-30 16:57:28,318 DEBUG   HandlerThread:14532 [handler.py:handle_request():144] handle_request: internal_messages
2023-09-30 16:57:28,320 DEBUG   HandlerThread:14532 [handler.py:handle_request():144] handle_request: stop_status
2023-09-30 16:57:28,320 DEBUG   SenderThread:14532 [sender.py:send_request():406] send_request: stop_status
2023-09-30 16:57:29,652 DEBUG   HandlerThread:14532 [handler.py:handle_request():144] handle_request: status_report
2023-09-30 16:57:29,756 INFO    Thread-12 :14532 [dir_watcher.py:_on_file_modified():288] file/dir modified: /Users/leo/Programming/PLR/wandb/run-20230930_165527-y3yjoa5d/files/output.log
2023-09-30 16:57:31,767 INFO    Thread-12 :14532 [dir_watcher.py:_on_file_modified():288] file/dir modified: /Users/leo/Programming/PLR/wandb/run-20230930_165527-y3yjoa5d/files/output.log
2023-09-30 16:57:33,772 INFO    Thread-12 :14532 [dir_watcher.py:_on_file_modified():288] file/dir modified: /Users/leo/Programming/PLR/wandb/run-20230930_165527-y3yjoa5d/files/output.log
2023-09-30 16:57:34,952 DEBUG   HandlerThread:14532 [handler.py:handle_request():144] handle_request: status_report
2023-09-30 16:57:35,783 INFO    Thread-12 :14532 [dir_watcher.py:_on_file_modified():288] file/dir modified: /Users/leo/Programming/PLR/wandb/run-20230930_165527-y3yjoa5d/files/output.log
2023-09-30 16:57:37,792 INFO    Thread-12 :14532 [dir_watcher.py:_on_file_modified():288] file/dir modified: /Users/leo/Programming/PLR/wandb/run-20230930_165527-y3yjoa5d/files/output.log
2023-09-30 16:57:39,799 INFO    Thread-12 :14532 [dir_watcher.py:_on_file_modified():288] file/dir modified: /Users/leo/Programming/PLR/wandb/run-20230930_165527-y3yjoa5d/files/output.log
2023-09-30 16:57:39,967 DEBUG   HandlerThread:14532 [handler.py:handle_request():144] handle_request: status_report
2023-09-30 16:57:41,805 INFO    Thread-12 :14532 [dir_watcher.py:_on_file_modified():288] file/dir modified: /Users/leo/Programming/PLR/wandb/run-20230930_165527-y3yjoa5d/files/output.log
2023-09-30 16:57:43,322 DEBUG   HandlerThread:14532 [handler.py:handle_request():144] handle_request: internal_messages
2023-09-30 16:57:43,324 DEBUG   HandlerThread:14532 [handler.py:handle_request():144] handle_request: stop_status
2023-09-30 16:57:43,324 DEBUG   SenderThread:14532 [sender.py:send_request():406] send_request: stop_status
2023-09-30 16:57:43,815 INFO    Thread-12 :14532 [dir_watcher.py:_on_file_modified():288] file/dir modified: /Users/leo/Programming/PLR/wandb/run-20230930_165527-y3yjoa5d/files/output.log
2023-09-30 16:57:45,393 DEBUG   HandlerThread:14532 [handler.py:handle_request():144] handle_request: status_report
2023-09-30 16:57:45,826 INFO    Thread-12 :14532 [dir_watcher.py:_on_file_modified():288] file/dir modified: /Users/leo/Programming/PLR/wandb/run-20230930_165527-y3yjoa5d/files/output.log
2023-09-30 16:57:47,827 INFO    Thread-12 :14532 [dir_watcher.py:_on_file_modified():288] file/dir modified: /Users/leo/Programming/PLR/wandb/run-20230930_165527-y3yjoa5d/files/output.log
2023-09-30 16:57:49,840 INFO    Thread-12 :14532 [dir_watcher.py:_on_file_modified():288] file/dir modified: /Users/leo/Programming/PLR/wandb/run-20230930_165527-y3yjoa5d/files/output.log
2023-09-30 16:57:50,780 DEBUG   HandlerThread:14532 [handler.py:handle_request():144] handle_request: status_report
2023-09-30 16:57:51,852 INFO    Thread-12 :14532 [dir_watcher.py:_on_file_modified():288] file/dir modified: /Users/leo/Programming/PLR/wandb/run-20230930_165527-y3yjoa5d/files/output.log
2023-09-30 16:57:53,862 INFO    Thread-12 :14532 [dir_watcher.py:_on_file_modified():288] file/dir modified: /Users/leo/Programming/PLR/wandb/run-20230930_165527-y3yjoa5d/files/output.log
2023-09-30 16:57:55,871 INFO    Thread-12 :14532 [dir_watcher.py:_on_file_modified():288] file/dir modified: /Users/leo/Programming/PLR/wandb/run-20230930_165527-y3yjoa5d/files/output.log
2023-09-30 16:57:56,122 DEBUG   HandlerThread:14532 [handler.py:handle_request():144] handle_request: status_report
2023-09-30 16:57:57,879 INFO    Thread-12 :14532 [dir_watcher.py:_on_file_modified():288] file/dir modified: /Users/leo/Programming/PLR/wandb/run-20230930_165527-y3yjoa5d/files/output.log
2023-09-30 16:57:58,288 DEBUG   SenderThread:14532 [sender.py:send():379] send: stats
2023-09-30 16:57:58,326 DEBUG   HandlerThread:14532 [handler.py:handle_request():144] handle_request: internal_messages
2023-09-30 16:57:58,329 DEBUG   HandlerThread:14532 [handler.py:handle_request():144] handle_request: stop_status
2023-09-30 16:57:58,329 DEBUG   SenderThread:14532 [sender.py:send_request():406] send_request: stop_status
2023-09-30 16:57:59,889 INFO    Thread-12 :14532 [dir_watcher.py:_on_file_modified():288] file/dir modified: /Users/leo/Programming/PLR/wandb/run-20230930_165527-y3yjoa5d/files/output.log
2023-09-30 16:58:01,568 DEBUG   HandlerThread:14532 [handler.py:handle_request():144] handle_request: status_report
2023-09-30 16:58:01,896 INFO    Thread-12 :14532 [dir_watcher.py:_on_file_modified():288] file/dir modified: /Users/leo/Programming/PLR/wandb/run-20230930_165527-y3yjoa5d/files/output.log
2023-09-30 16:58:03,101 DEBUG   HandlerThread:14532 [handler.py:handle_request():144] handle_request: partial_history
2023-09-30 16:58:03,104 DEBUG   SenderThread:14532 [sender.py:send():379] send: history
2023-09-30 16:58:03,104 DEBUG   SenderThread:14532 [sender.py:send_request():406] send_request: summary_record
2023-09-30 16:58:03,104 INFO    SenderThread:14532 [sender.py:_save_file():1375] saving file wandb-summary.json with policy end
2023-09-30 16:58:03,906 INFO    Thread-12 :14532 [dir_watcher.py:_on_file_modified():288] file/dir modified: /Users/leo/Programming/PLR/wandb/run-20230930_165527-y3yjoa5d/files/output.log
2023-09-30 16:58:03,906 INFO    Thread-12 :14532 [dir_watcher.py:_on_file_modified():288] file/dir modified: /Users/leo/Programming/PLR/wandb/run-20230930_165527-y3yjoa5d/files/wandb-summary.json
2023-09-30 16:58:05,916 INFO    Thread-12 :14532 [dir_watcher.py:_on_file_modified():288] file/dir modified: /Users/leo/Programming/PLR/wandb/run-20230930_165527-y3yjoa5d/files/output.log
2023-09-30 16:58:06,653 DEBUG   HandlerThread:14532 [handler.py:handle_request():144] handle_request: status_report
2023-09-30 16:58:07,927 INFO    Thread-12 :14532 [dir_watcher.py:_on_file_modified():288] file/dir modified: /Users/leo/Programming/PLR/wandb/run-20230930_165527-y3yjoa5d/files/output.log
2023-09-30 16:58:09,937 INFO    Thread-12 :14532 [dir_watcher.py:_on_file_modified():288] file/dir modified: /Users/leo/Programming/PLR/wandb/run-20230930_165527-y3yjoa5d/files/output.log
2023-09-30 16:58:11,952 INFO    Thread-12 :14532 [dir_watcher.py:_on_file_modified():288] file/dir modified: /Users/leo/Programming/PLR/wandb/run-20230930_165527-y3yjoa5d/files/output.log
2023-09-30 16:58:12,120 DEBUG   HandlerThread:14532 [handler.py:handle_request():144] handle_request: status_report
2023-09-30 16:58:13,330 DEBUG   HandlerThread:14532 [handler.py:handle_request():144] handle_request: stop_status
2023-09-30 16:58:13,330 DEBUG   SenderThread:14532 [sender.py:send_request():406] send_request: stop_status
2023-09-30 16:58:13,331 DEBUG   HandlerThread:14532 [handler.py:handle_request():144] handle_request: internal_messages
2023-09-30 16:58:13,962 INFO    Thread-12 :14532 [dir_watcher.py:_on_file_modified():288] file/dir modified: /Users/leo/Programming/PLR/wandb/run-20230930_165527-y3yjoa5d/files/output.log
2023-09-30 16:58:15,976 INFO    Thread-12 :14532 [dir_watcher.py:_on_file_modified():288] file/dir modified: /Users/leo/Programming/PLR/wandb/run-20230930_165527-y3yjoa5d/files/output.log
2023-09-30 16:58:17,158 DEBUG   HandlerThread:14532 [handler.py:handle_request():144] handle_request: status_report
2023-09-30 16:58:17,987 INFO    Thread-12 :14532 [dir_watcher.py:_on_file_modified():288] file/dir modified: /Users/leo/Programming/PLR/wandb/run-20230930_165527-y3yjoa5d/files/output.log
2023-09-30 16:58:19,997 INFO    Thread-12 :14532 [dir_watcher.py:_on_file_modified():288] file/dir modified: /Users/leo/Programming/PLR/wandb/run-20230930_165527-y3yjoa5d/files/output.log
2023-09-30 16:58:22,007 INFO    Thread-12 :14532 [dir_watcher.py:_on_file_modified():288] file/dir modified: /Users/leo/Programming/PLR/wandb/run-20230930_165527-y3yjoa5d/files/output.log
2023-09-30 16:58:22,194 DEBUG   HandlerThread:14532 [handler.py:handle_request():144] handle_request: status_report
2023-09-30 16:58:24,018 INFO    Thread-12 :14532 [dir_watcher.py:_on_file_modified():288] file/dir modified: /Users/leo/Programming/PLR/wandb/run-20230930_165527-y3yjoa5d/files/output.log
2023-09-30 16:58:26,022 INFO    Thread-12 :14532 [dir_watcher.py:_on_file_modified():288] file/dir modified: /Users/leo/Programming/PLR/wandb/run-20230930_165527-y3yjoa5d/files/output.log
2023-09-30 16:58:27,205 DEBUG   HandlerThread:14532 [handler.py:handle_request():144] handle_request: status_report
2023-09-30 16:58:28,033 INFO    Thread-12 :14532 [dir_watcher.py:_on_file_modified():288] file/dir modified: /Users/leo/Programming/PLR/wandb/run-20230930_165527-y3yjoa5d/files/output.log
2023-09-30 16:58:28,297 DEBUG   SenderThread:14532 [sender.py:send():379] send: stats
2023-09-30 16:58:28,352 DEBUG   HandlerThread:14532 [handler.py:handle_request():144] handle_request: internal_messages
2023-09-30 16:58:28,358 DEBUG   HandlerThread:14532 [handler.py:handle_request():144] handle_request: stop_status
2023-09-30 16:58:28,370 DEBUG   SenderThread:14532 [sender.py:send_request():406] send_request: stop_status
2023-09-30 16:58:30,041 INFO    Thread-12 :14532 [dir_watcher.py:_on_file_modified():288] file/dir modified: /Users/leo/Programming/PLR/wandb/run-20230930_165527-y3yjoa5d/files/output.log
2023-09-30 16:58:32,051 INFO    Thread-12 :14532 [dir_watcher.py:_on_file_modified():288] file/dir modified: /Users/leo/Programming/PLR/wandb/run-20230930_165527-y3yjoa5d/files/output.log
2023-09-30 16:58:32,231 DEBUG   HandlerThread:14532 [handler.py:handle_request():144] handle_request: status_report
2023-09-30 16:58:34,059 INFO    Thread-12 :14532 [dir_watcher.py:_on_file_modified():288] file/dir modified: /Users/leo/Programming/PLR/wandb/run-20230930_165527-y3yjoa5d/files/output.log
2023-09-30 16:58:36,069 INFO    Thread-12 :14532 [dir_watcher.py:_on_file_modified():288] file/dir modified: /Users/leo/Programming/PLR/wandb/run-20230930_165527-y3yjoa5d/files/output.log
2023-09-30 16:58:37,239 DEBUG   HandlerThread:14532 [handler.py:handle_request():144] handle_request: status_report
2023-09-30 16:58:38,075 INFO    Thread-12 :14532 [dir_watcher.py:_on_file_modified():288] file/dir modified: /Users/leo/Programming/PLR/wandb/run-20230930_165527-y3yjoa5d/files/output.log
2023-09-30 16:58:40,083 INFO    Thread-12 :14532 [dir_watcher.py:_on_file_modified():288] file/dir modified: /Users/leo/Programming/PLR/wandb/run-20230930_165527-y3yjoa5d/files/output.log
2023-09-30 16:58:42,092 INFO    Thread-12 :14532 [dir_watcher.py:_on_file_modified():288] file/dir modified: /Users/leo/Programming/PLR/wandb/run-20230930_165527-y3yjoa5d/files/output.log
2023-09-30 16:58:42,303 DEBUG   HandlerThread:14532 [handler.py:handle_request():144] handle_request: status_report
2023-09-30 16:58:42,304 DEBUG   HandlerThread:14532 [handler.py:handle_request():144] handle_request: partial_history
2023-09-30 16:58:42,305 DEBUG   SenderThread:14532 [sender.py:send():379] send: history
2023-09-30 16:58:42,306 DEBUG   SenderThread:14532 [sender.py:send_request():406] send_request: summary_record
2023-09-30 16:58:42,307 INFO    SenderThread:14532 [sender.py:_save_file():1375] saving file wandb-summary.json with policy end
2023-09-30 16:58:43,097 INFO    Thread-12 :14532 [dir_watcher.py:_on_file_modified():288] file/dir modified: /Users/leo/Programming/PLR/wandb/run-20230930_165527-y3yjoa5d/files/wandb-summary.json
2023-09-30 16:58:43,354 DEBUG   HandlerThread:14532 [handler.py:handle_request():144] handle_request: stop_status
2023-09-30 16:58:43,355 DEBUG   HandlerThread:14532 [handler.py:handle_request():144] handle_request: internal_messages
2023-09-30 16:58:43,357 DEBUG   SenderThread:14532 [sender.py:send_request():406] send_request: stop_status
2023-09-30 16:58:44,102 INFO    Thread-12 :14532 [dir_watcher.py:_on_file_modified():288] file/dir modified: /Users/leo/Programming/PLR/wandb/run-20230930_165527-y3yjoa5d/files/output.log
2023-09-30 16:58:46,125 INFO    Thread-12 :14532 [dir_watcher.py:_on_file_modified():288] file/dir modified: /Users/leo/Programming/PLR/wandb/run-20230930_165527-y3yjoa5d/files/output.log
2023-09-30 16:58:47,680 DEBUG   HandlerThread:14532 [handler.py:handle_request():144] handle_request: status_report
2023-09-30 16:58:48,135 INFO    Thread-12 :14532 [dir_watcher.py:_on_file_modified():288] file/dir modified: /Users/leo/Programming/PLR/wandb/run-20230930_165527-y3yjoa5d/files/output.log
2023-09-30 16:58:50,146 INFO    Thread-12 :14532 [dir_watcher.py:_on_file_modified():288] file/dir modified: /Users/leo/Programming/PLR/wandb/run-20230930_165527-y3yjoa5d/files/output.log
2023-09-30 16:58:52,157 INFO    Thread-12 :14532 [dir_watcher.py:_on_file_modified():288] file/dir modified: /Users/leo/Programming/PLR/wandb/run-20230930_165527-y3yjoa5d/files/output.log
2023-09-30 16:58:53,100 DEBUG   HandlerThread:14532 [handler.py:handle_request():144] handle_request: status_report
2023-09-30 16:58:54,165 INFO    Thread-12 :14532 [dir_watcher.py:_on_file_modified():288] file/dir modified: /Users/leo/Programming/PLR/wandb/run-20230930_165527-y3yjoa5d/files/output.log
2023-09-30 16:58:56,177 INFO    Thread-12 :14532 [dir_watcher.py:_on_file_modified():288] file/dir modified: /Users/leo/Programming/PLR/wandb/run-20230930_165527-y3yjoa5d/files/output.log
2023-09-30 16:58:58,106 DEBUG   HandlerThread:14532 [handler.py:handle_request():144] handle_request: status_report
2023-09-30 16:58:58,192 INFO    Thread-12 :14532 [dir_watcher.py:_on_file_modified():288] file/dir modified: /Users/leo/Programming/PLR/wandb/run-20230930_165527-y3yjoa5d/files/output.log
2023-09-30 16:58:58,296 DEBUG   SenderThread:14532 [sender.py:send():379] send: stats
2023-09-30 16:58:58,354 DEBUG   HandlerThread:14532 [handler.py:handle_request():144] handle_request: internal_messages
2023-09-30 16:58:58,358 DEBUG   HandlerThread:14532 [handler.py:handle_request():144] handle_request: stop_status
2023-09-30 16:58:58,365 DEBUG   SenderThread:14532 [sender.py:send_request():406] send_request: stop_status
2023-09-30 16:59:00,198 INFO    Thread-12 :14532 [dir_watcher.py:_on_file_modified():288] file/dir modified: /Users/leo/Programming/PLR/wandb/run-20230930_165527-y3yjoa5d/files/output.log
2023-09-30 16:59:01,204 INFO    Thread-12 :14532 [dir_watcher.py:_on_file_modified():288] file/dir modified: /Users/leo/Programming/PLR/wandb/run-20230930_165527-y3yjoa5d/files/output.log
2023-09-30 16:59:03,214 INFO    Thread-12 :14532 [dir_watcher.py:_on_file_modified():288] file/dir modified: /Users/leo/Programming/PLR/wandb/run-20230930_165527-y3yjoa5d/files/output.log
2023-09-30 16:59:03,403 DEBUG   HandlerThread:14532 [handler.py:handle_request():144] handle_request: status_report
2023-09-30 16:59:05,229 INFO    Thread-12 :14532 [dir_watcher.py:_on_file_modified():288] file/dir modified: /Users/leo/Programming/PLR/wandb/run-20230930_165527-y3yjoa5d/files/output.log
2023-09-30 16:59:07,244 INFO    Thread-12 :14532 [dir_watcher.py:_on_file_modified():288] file/dir modified: /Users/leo/Programming/PLR/wandb/run-20230930_165527-y3yjoa5d/files/output.log
2023-09-30 16:59:08,797 DEBUG   HandlerThread:14532 [handler.py:handle_request():144] handle_request: status_report
2023-09-30 16:59:09,255 INFO    Thread-12 :14532 [dir_watcher.py:_on_file_modified():288] file/dir modified: /Users/leo/Programming/PLR/wandb/run-20230930_165527-y3yjoa5d/files/output.log
2023-09-30 16:59:11,261 INFO    Thread-12 :14532 [dir_watcher.py:_on_file_modified():288] file/dir modified: /Users/leo/Programming/PLR/wandb/run-20230930_165527-y3yjoa5d/files/output.log
2023-09-30 16:59:13,269 INFO    Thread-12 :14532 [dir_watcher.py:_on_file_modified():288] file/dir modified: /Users/leo/Programming/PLR/wandb/run-20230930_165527-y3yjoa5d/files/output.log
2023-09-30 16:59:13,358 DEBUG   HandlerThread:14532 [handler.py:handle_request():144] handle_request: internal_messages
2023-09-30 16:59:13,359 DEBUG   HandlerThread:14532 [handler.py:handle_request():144] handle_request: stop_status
2023-09-30 16:59:13,359 DEBUG   SenderThread:14532 [sender.py:send_request():406] send_request: stop_status
2023-09-30 16:59:14,179 DEBUG   HandlerThread:14532 [handler.py:handle_request():144] handle_request: status_report
2023-09-30 16:59:15,278 INFO    Thread-12 :14532 [dir_watcher.py:_on_file_modified():288] file/dir modified: /Users/leo/Programming/PLR/wandb/run-20230930_165527-y3yjoa5d/files/output.log
2023-09-30 16:59:17,285 INFO    Thread-12 :14532 [dir_watcher.py:_on_file_modified():288] file/dir modified: /Users/leo/Programming/PLR/wandb/run-20230930_165527-y3yjoa5d/files/output.log
2023-09-30 16:59:19,295 INFO    Thread-12 :14532 [dir_watcher.py:_on_file_modified():288] file/dir modified: /Users/leo/Programming/PLR/wandb/run-20230930_165527-y3yjoa5d/files/output.log
2023-09-30 16:59:19,578 DEBUG   HandlerThread:14532 [handler.py:handle_request():144] handle_request: status_report
2023-09-30 16:59:21,306 INFO    Thread-12 :14532 [dir_watcher.py:_on_file_modified():288] file/dir modified: /Users/leo/Programming/PLR/wandb/run-20230930_165527-y3yjoa5d/files/output.log
2023-09-30 16:59:21,327 DEBUG   HandlerThread:14532 [handler.py:handle_request():144] handle_request: log_artifact
2023-09-30 16:59:21,327 DEBUG   SenderThread:14532 [sender.py:send_request():406] send_request: log_artifact
2023-09-30 16:59:21,676 DEBUG   HandlerThread:14532 [handler.py:handle_request():144] handle_request: partial_history
2023-09-30 16:59:22,312 INFO    Thread-12 :14532 [dir_watcher.py:_on_file_created():271] file/dir created: /Users/leo/Programming/PLR/wandb/run-20230930_165527-y3yjoa5d/files/media/table/Generations Table_5_d42bfa5bca50db56b972.table.json
2023-09-30 16:59:22,313 INFO    Thread-12 :14532 [dir_watcher.py:_on_file_created():271] file/dir created: /Users/leo/Programming/PLR/wandb/run-20230930_165527-y3yjoa5d/files/media
2023-09-30 16:59:22,313 INFO    Thread-12 :14532 [dir_watcher.py:_on_file_created():271] file/dir created: /Users/leo/Programming/PLR/wandb/run-20230930_165527-y3yjoa5d/files/media/table
2023-09-30 16:59:22,668 INFO    wandb-upload_0:14532 [upload_job.py:push():89] Uploaded file /Users/leo/Library/Application Support/wandb/artifacts/staging/tmpuzyjexex
2023-09-30 16:59:22,682 DEBUG   HandlerThread:14532 [handler.py:handle_request():144] handle_request: poll_exit
2023-09-30 16:59:22,904 INFO    wandb-upload_1:14532 [upload_job.py:push():131] Uploaded file /var/folders/dt/bgs1hq3d2k3dvhpt3llvs4rw0000gn/T/tmpm3pbt0orwandb/u9tp6a88-media/table/Generations Table_5_d42bfa5bca50db56b972.table.json
2023-09-30 16:59:23,691 INFO    SenderThread:14532 [sender.py:send_request_log_artifact():1441] logged artifact run-y3yjoa5d-GenerationsTable - {'id': 'QXJ0aWZhY3Q6NTg5ODc4Njgy', 'state': 'PENDING', 'artifactSequence': {'id': 'QXJ0aWZhY3RDb2xsZWN0aW9uOjEwMjc1OTk2Ng==', 'latestArtifact': None}}
2023-09-30 16:59:23,691 DEBUG   SenderThread:14532 [sender.py:send():379] send: files
2023-09-30 16:59:23,691 INFO    SenderThread:14532 [sender.py:_save_file():1375] saving file media/table/Generations Table_5_d42bfa5bca50db56b972.table.json with policy now
2023-09-30 16:59:23,692 DEBUG   SenderThread:14532 [sender.py:send():379] send: history
2023-09-30 16:59:23,692 DEBUG   SenderThread:14532 [sender.py:send_request():406] send_request: summary_record
2023-09-30 16:59:23,693 INFO    SenderThread:14532 [sender.py:_save_file():1375] saving file wandb-summary.json with policy end
2023-09-30 16:59:23,693 DEBUG   SenderThread:14532 [sender.py:send():379] send: telemetry
2023-09-30 16:59:23,694 DEBUG   SenderThread:14532 [sender.py:send():379] send: exit
2023-09-30 16:59:23,694 INFO    SenderThread:14532 [sender.py:send_exit():584] handling exit code: 0
2023-09-30 16:59:23,694 INFO    SenderThread:14532 [sender.py:send_exit():586] handling runtime: 233
2023-09-30 16:59:23,694 INFO    SenderThread:14532 [sender.py:_save_file():1375] saving file wandb-summary.json with policy end
2023-09-30 16:59:23,694 INFO    SenderThread:14532 [sender.py:send_exit():592] send defer
2023-09-30 16:59:23,695 DEBUG   SenderThread:14532 [sender.py:send_request():406] send_request: poll_exit
2023-09-30 16:59:23,695 DEBUG   HandlerThread:14532 [handler.py:handle_request():144] handle_request: defer
2023-09-30 16:59:23,695 INFO    HandlerThread:14532 [handler.py:handle_request_defer():170] handle defer: 0
2023-09-30 16:59:23,695 DEBUG   SenderThread:14532 [sender.py:send_request():406] send_request: defer
2023-09-30 16:59:23,695 INFO    SenderThread:14532 [sender.py:send_request_defer():608] handle sender defer: 0
2023-09-30 16:59:23,695 INFO    SenderThread:14532 [sender.py:transition_state():612] send defer: 1
2023-09-30 16:59:23,696 DEBUG   HandlerThread:14532 [handler.py:handle_request():144] handle_request: defer
2023-09-30 16:59:23,696 INFO    HandlerThread:14532 [handler.py:handle_request_defer():170] handle defer: 1
2023-09-30 16:59:23,696 DEBUG   SenderThread:14532 [sender.py:send_request():406] send_request: defer
2023-09-30 16:59:23,696 INFO    SenderThread:14532 [sender.py:send_request_defer():608] handle sender defer: 1
2023-09-30 16:59:23,696 INFO    SenderThread:14532 [sender.py:transition_state():612] send defer: 2
2023-09-30 16:59:23,696 DEBUG   HandlerThread:14532 [handler.py:handle_request():144] handle_request: defer
2023-09-30 16:59:23,696 INFO    HandlerThread:14532 [handler.py:handle_request_defer():170] handle defer: 2
2023-09-30 16:59:23,696 INFO    HandlerThread:14532 [system_monitor.py:finish():190] Stopping system monitor
2023-09-30 16:59:23,696 DEBUG   SystemMonitor:14532 [system_monitor.py:_start():166] Finished system metrics aggregation loop
2023-09-30 16:59:23,696 DEBUG   SystemMonitor:14532 [system_monitor.py:_start():170] Publishing last batch of metrics
2023-09-30 16:59:23,699 INFO    HandlerThread:14532 [interfaces.py:finish():202] Joined cpu monitor
2023-09-30 16:59:23,699 INFO    HandlerThread:14532 [interfaces.py:finish():202] Joined disk monitor
2023-09-30 16:59:24,253 INFO    wandb-upload_0:14532 [upload_job.py:push():131] Uploaded file /var/folders/dt/bgs1hq3d2k3dvhpt3llvs4rw0000gn/T/tmpm3pbt0orwandb/zjfd4li9-media/table/Generations Table_5_d42bfa5bca50db56b972.table.json
2023-09-30 16:59:24,322 INFO    Thread-12 :14532 [dir_watcher.py:_on_file_modified():288] file/dir modified: /Users/leo/Programming/PLR/wandb/run-20230930_165527-y3yjoa5d/files/wandb-summary.json
2023-09-30 16:59:25,019 INFO    HandlerThread:14532 [interfaces.py:finish():202] Joined gpuapple monitor
2023-09-30 16:59:25,020 INFO    HandlerThread:14532 [interfaces.py:finish():202] Joined memory monitor
2023-09-30 16:59:25,020 INFO    HandlerThread:14532 [interfaces.py:finish():202] Joined network monitor
2023-09-30 16:59:25,020 DEBUG   HandlerThread:14532 [handler.py:handle_request():144] handle_request: status_report
2023-09-30 16:59:25,020 DEBUG   SenderThread:14532 [sender.py:send_request():406] send_request: defer
2023-09-30 16:59:25,020 INFO    SenderThread:14532 [sender.py:send_request_defer():608] handle sender defer: 2
2023-09-30 16:59:25,020 INFO    SenderThread:14532 [sender.py:transition_state():612] send defer: 3
2023-09-30 16:59:25,020 DEBUG   SenderThread:14532 [sender.py:send():379] send: stats
2023-09-30 16:59:25,020 DEBUG   HandlerThread:14532 [handler.py:handle_request():144] handle_request: defer
2023-09-30 16:59:25,020 INFO    HandlerThread:14532 [handler.py:handle_request_defer():170] handle defer: 3
2023-09-30 16:59:25,020 DEBUG   SenderThread:14532 [sender.py:send_request():406] send_request: defer
2023-09-30 16:59:25,020 INFO    SenderThread:14532 [sender.py:send_request_defer():608] handle sender defer: 3
2023-09-30 16:59:25,020 INFO    SenderThread:14532 [sender.py:transition_state():612] send defer: 4
2023-09-30 16:59:25,020 DEBUG   HandlerThread:14532 [handler.py:handle_request():144] handle_request: defer
2023-09-30 16:59:25,020 INFO    HandlerThread:14532 [handler.py:handle_request_defer():170] handle defer: 4
2023-09-30 16:59:25,020 DEBUG   SenderThread:14532 [sender.py:send_request():406] send_request: defer
2023-09-30 16:59:25,020 INFO    SenderThread:14532 [sender.py:send_request_defer():608] handle sender defer: 4
2023-09-30 16:59:25,020 INFO    SenderThread:14532 [sender.py:transition_state():612] send defer: 5
2023-09-30 16:59:25,020 DEBUG   HandlerThread:14532 [handler.py:handle_request():144] handle_request: defer
2023-09-30 16:59:25,020 INFO    HandlerThread:14532 [handler.py:handle_request_defer():170] handle defer: 5
2023-09-30 16:59:25,020 DEBUG   SenderThread:14532 [sender.py:send():379] send: summary
2023-09-30 16:59:25,021 INFO    SenderThread:14532 [sender.py:_save_file():1375] saving file wandb-summary.json with policy end
2023-09-30 16:59:25,021 DEBUG   SenderThread:14532 [sender.py:send_request():406] send_request: defer
2023-09-30 16:59:25,021 INFO    SenderThread:14532 [sender.py:send_request_defer():608] handle sender defer: 5
2023-09-30 16:59:25,021 INFO    SenderThread:14532 [sender.py:transition_state():612] send defer: 6
2023-09-30 16:59:25,021 DEBUG   HandlerThread:14532 [handler.py:handle_request():144] handle_request: defer
2023-09-30 16:59:25,021 INFO    HandlerThread:14532 [handler.py:handle_request_defer():170] handle defer: 6
2023-09-30 16:59:25,021 DEBUG   SenderThread:14532 [sender.py:send_request():406] send_request: defer
2023-09-30 16:59:25,021 INFO    SenderThread:14532 [sender.py:send_request_defer():608] handle sender defer: 6
2023-09-30 16:59:25,022 DEBUG   HandlerThread:14532 [handler.py:handle_request():144] handle_request: status_report
2023-09-30 16:59:25,215 INFO    SenderThread:14532 [sender.py:transition_state():612] send defer: 7
2023-09-30 16:59:25,215 DEBUG   HandlerThread:14532 [handler.py:handle_request():144] handle_request: defer
2023-09-30 16:59:25,215 INFO    HandlerThread:14532 [handler.py:handle_request_defer():170] handle defer: 7
2023-09-30 16:59:25,216 DEBUG   SenderThread:14532 [sender.py:send_request():406] send_request: defer
2023-09-30 16:59:25,216 INFO    SenderThread:14532 [sender.py:send_request_defer():608] handle sender defer: 7
2023-09-30 16:59:25,299 INFO    SenderThread:14532 [sender.py:transition_state():612] send defer: 8
2023-09-30 16:59:25,299 DEBUG   HandlerThread:14532 [handler.py:handle_request():144] handle_request: defer
2023-09-30 16:59:25,299 INFO    HandlerThread:14532 [handler.py:handle_request_defer():170] handle defer: 8
2023-09-30 16:59:25,299 DEBUG   SenderThread:14532 [sender.py:send_request():406] send_request: defer
2023-09-30 16:59:25,299 INFO    SenderThread:14532 [sender.py:send_request_defer():608] handle sender defer: 8
2023-09-30 16:59:25,300 INFO    SenderThread:14532 [job_builder.py:build():281] Attempting to build job artifact
2023-09-30 16:59:25,300 INFO    SenderThread:14532 [job_builder.py:_get_source_type():393] is repo sourced job
2023-09-30 16:59:25,302 INFO    SenderThread:14532 [job_builder.py:build():369] adding wandb-job metadata file
2023-09-30 16:59:25,305 INFO    SenderThread:14532 [sender.py:transition_state():612] send defer: 9
2023-09-30 16:59:25,305 DEBUG   HandlerThread:14532 [handler.py:handle_request():144] handle_request: defer
2023-09-30 16:59:25,305 INFO    HandlerThread:14532 [handler.py:handle_request_defer():170] handle defer: 9
2023-09-30 16:59:25,305 DEBUG   SenderThread:14532 [sender.py:send():379] send: artifact
2023-09-30 16:59:25,325 INFO    Thread-12 :14532 [dir_watcher.py:_on_file_modified():288] file/dir modified: /Users/leo/Programming/PLR/wandb/run-20230930_165527-y3yjoa5d/files/wandb-summary.json
2023-09-30 16:59:25,325 INFO    Thread-12 :14532 [dir_watcher.py:_on_file_modified():288] file/dir modified: /Users/leo/Programming/PLR/wandb/run-20230930_165527-y3yjoa5d/files/output.log
2023-09-30 16:59:25,326 INFO    Thread-12 :14532 [dir_watcher.py:_on_file_modified():288] file/dir modified: /Users/leo/Programming/PLR/wandb/run-20230930_165527-y3yjoa5d/files/config.yaml
2023-09-30 16:59:26,310 INFO    wandb-upload_1:14532 [upload_job.py:push():86] Skipped uploading /Users/leo/Library/Application Support/wandb/artifacts/staging/tmp6m_bdk5d
2023-09-30 16:59:26,582 INFO    wandb-upload_0:14532 [upload_job.py:push():89] Uploaded file /Users/leo/Library/Application Support/wandb/artifacts/staging/tmpzupj6nqy
2023-09-30 16:59:27,704 DEBUG   HandlerThread:14532 [handler.py:handle_request():144] handle_request: keepalive
2023-09-30 16:59:28,146 INFO    SenderThread:14532 [sender.py:send_artifact():1453] sent artifact job-https___github.com_leothesouthafrican_PLR.git_Leo_gen_algo_opt_folder_genetic_algorithm.py - {'id': 'QXJ0aWZhY3Q6NTg5ODc4NzIz', 'state': 'PENDING', 'artifactSequence': {'id': 'QXJ0aWZhY3RDb2xsZWN0aW9uOjEwMjY3Mjc5OA==', 'latestArtifact': {'id': 'QXJ0aWZhY3Q6NTg5Nzc2Nzg4', 'versionIndex': 5}}}
2023-09-30 16:59:28,146 DEBUG   SenderThread:14532 [sender.py:send_request():406] send_request: defer
2023-09-30 16:59:28,146 INFO    SenderThread:14532 [sender.py:send_request_defer():608] handle sender defer: 9
2023-09-30 16:59:28,146 INFO    SenderThread:14532 [dir_watcher.py:finish():358] shutting down directory watcher
2023-09-30 16:59:28,333 INFO    SenderThread:14532 [dir_watcher.py:finish():388] scan: /Users/leo/Programming/PLR/wandb/run-20230930_165527-y3yjoa5d/files
2023-09-30 16:59:28,333 INFO    SenderThread:14532 [dir_watcher.py:finish():402] scan save: /Users/leo/Programming/PLR/wandb/run-20230930_165527-y3yjoa5d/files/requirements.txt requirements.txt
2023-09-30 16:59:28,333 INFO    SenderThread:14532 [dir_watcher.py:finish():402] scan save: /Users/leo/Programming/PLR/wandb/run-20230930_165527-y3yjoa5d/files/output.log output.log
2023-09-30 16:59:28,334 INFO    SenderThread:14532 [dir_watcher.py:finish():402] scan save: /Users/leo/Programming/PLR/wandb/run-20230930_165527-y3yjoa5d/files/config.yaml config.yaml
2023-09-30 16:59:28,335 INFO    SenderThread:14532 [dir_watcher.py:finish():402] scan save: /Users/leo/Programming/PLR/wandb/run-20230930_165527-y3yjoa5d/files/wandb-summary.json wandb-summary.json
2023-09-30 16:59:28,338 INFO    SenderThread:14532 [dir_watcher.py:finish():402] scan save: /Users/leo/Programming/PLR/wandb/run-20230930_165527-y3yjoa5d/files/wandb-metadata.json wandb-metadata.json
2023-09-30 16:59:28,340 INFO    SenderThread:14532 [dir_watcher.py:finish():402] scan save: /Users/leo/Programming/PLR/wandb/run-20230930_165527-y3yjoa5d/files/media/table/Generations Table_5_d42bfa5bca50db56b972.table.json media/table/Generations Table_5_d42bfa5bca50db56b972.table.json
2023-09-30 16:59:28,340 INFO    SenderThread:14532 [sender.py:transition_state():612] send defer: 10
2023-09-30 16:59:28,340 DEBUG   HandlerThread:14532 [handler.py:handle_request():144] handle_request: defer
2023-09-30 16:59:28,340 INFO    HandlerThread:14532 [handler.py:handle_request_defer():170] handle defer: 10
2023-09-30 16:59:28,340 DEBUG   SenderThread:14532 [sender.py:send_request():406] send_request: defer
2023-09-30 16:59:28,340 INFO    SenderThread:14532 [sender.py:send_request_defer():608] handle sender defer: 10
2023-09-30 16:59:28,340 INFO    SenderThread:14532 [file_pusher.py:finish():175] shutting down file pusher
2023-09-30 16:59:28,722 INFO    wandb-upload_2:14532 [upload_job.py:push():131] Uploaded file /Users/leo/Programming/PLR/wandb/run-20230930_165527-y3yjoa5d/files/config.yaml
2023-09-30 16:59:28,906 INFO    wandb-upload_0:14532 [upload_job.py:push():131] Uploaded file /Users/leo/Programming/PLR/wandb/run-20230930_165527-y3yjoa5d/files/output.log
2023-09-30 16:59:29,021 INFO    wandb-upload_1:14532 [upload_job.py:push():131] Uploaded file /Users/leo/Programming/PLR/wandb/run-20230930_165527-y3yjoa5d/files/requirements.txt
2023-09-30 16:59:29,022 INFO    wandb-upload_3:14532 [upload_job.py:push():131] Uploaded file /Users/leo/Programming/PLR/wandb/run-20230930_165527-y3yjoa5d/files/wandb-summary.json
2023-09-30 16:59:29,227 INFO    Thread-11 (_thread_body):14532 [sender.py:transition_state():612] send defer: 11
2023-09-30 16:59:29,228 DEBUG   HandlerThread:14532 [handler.py:handle_request():144] handle_request: defer
2023-09-30 16:59:29,228 INFO    HandlerThread:14532 [handler.py:handle_request_defer():170] handle defer: 11
2023-09-30 16:59:29,228 DEBUG   SenderThread:14532 [sender.py:send_request():406] send_request: defer
2023-09-30 16:59:29,229 INFO    SenderThread:14532 [sender.py:send_request_defer():608] handle sender defer: 11
2023-09-30 16:59:29,229 INFO    SenderThread:14532 [file_pusher.py:join():181] waiting for file pusher
2023-09-30 16:59:29,229 INFO    SenderThread:14532 [sender.py:transition_state():612] send defer: 12
2023-09-30 16:59:29,229 DEBUG   HandlerThread:14532 [handler.py:handle_request():144] handle_request: defer
2023-09-30 16:59:29,229 INFO    HandlerThread:14532 [handler.py:handle_request_defer():170] handle defer: 12
2023-09-30 16:59:29,230 DEBUG   SenderThread:14532 [sender.py:send_request():406] send_request: defer
2023-09-30 16:59:29,230 INFO    SenderThread:14532 [sender.py:send_request_defer():608] handle sender defer: 12
2023-09-30 16:59:29,230 INFO    SenderThread:14532 [file_stream.py:finish():594] file stream finish called
2023-09-30 16:59:29,392 INFO    SenderThread:14532 [file_stream.py:finish():598] file stream finish is done
2023-09-30 16:59:29,392 INFO    SenderThread:14532 [sender.py:transition_state():612] send defer: 13
2023-09-30 16:59:29,393 DEBUG   HandlerThread:14532 [handler.py:handle_request():144] handle_request: defer
2023-09-30 16:59:29,393 INFO    HandlerThread:14532 [handler.py:handle_request_defer():170] handle defer: 13
2023-09-30 16:59:29,393 DEBUG   SenderThread:14532 [sender.py:send_request():406] send_request: defer
2023-09-30 16:59:29,393 INFO    SenderThread:14532 [sender.py:send_request_defer():608] handle sender defer: 13
2023-09-30 16:59:29,394 INFO    SenderThread:14532 [sender.py:transition_state():612] send defer: 14
2023-09-30 16:59:29,394 DEBUG   HandlerThread:14532 [handler.py:handle_request():144] handle_request: defer
2023-09-30 16:59:29,394 DEBUG   SenderThread:14532 [sender.py:send():379] send: final
2023-09-30 16:59:29,394 INFO    HandlerThread:14532 [handler.py:handle_request_defer():170] handle defer: 14
2023-09-30 16:59:29,394 DEBUG   SenderThread:14532 [sender.py:send():379] send: footer
2023-09-30 16:59:29,395 DEBUG   SenderThread:14532 [sender.py:send_request():406] send_request: defer
2023-09-30 16:59:29,395 INFO    SenderThread:14532 [sender.py:send_request_defer():608] handle sender defer: 14
2023-09-30 16:59:29,396 DEBUG   HandlerThread:14532 [handler.py:handle_request():144] handle_request: internal_messages
2023-09-30 16:59:29,397 DEBUG   HandlerThread:14532 [handler.py:handle_request():144] handle_request: poll_exit
2023-09-30 16:59:29,397 DEBUG   HandlerThread:14532 [handler.py:handle_request():144] handle_request: server_info
2023-09-30 16:59:29,397 DEBUG   SenderThread:14532 [sender.py:send_request():406] send_request: poll_exit
2023-09-30 16:59:29,397 DEBUG   HandlerThread:14532 [handler.py:handle_request():144] handle_request: get_summary
2023-09-30 16:59:29,398 DEBUG   SenderThread:14532 [sender.py:send_request():406] send_request: server_info
2023-09-30 16:59:29,398 DEBUG   HandlerThread:14532 [handler.py:handle_request():144] handle_request: sampled_history
2023-09-30 16:59:29,400 DEBUG   HandlerThread:14532 [handler.py:handle_request():144] handle_request: job_info
2023-09-30 16:59:29,537 DEBUG   SenderThread:14532 [sender.py:send_request():406] send_request: job_info
2023-09-30 16:59:29,538 DEBUG   HandlerThread:14532 [handler.py:handle_request():144] handle_request: shutdown
2023-09-30 16:59:29,538 INFO    HandlerThread:14532 [handler.py:finish():840] shutting down handler
2023-09-30 16:59:30,401 INFO    WriterThread:14532 [datastore.py:close():294] close: /Users/leo/Programming/PLR/wandb/run-20230930_165527-y3yjoa5d/run-y3yjoa5d.wandb
2023-09-30 16:59:30,540 INFO    SenderThread:14532 [sender.py:finish():1531] shutting down sender
2023-09-30 16:59:30,541 INFO    SenderThread:14532 [file_pusher.py:finish():175] shutting down file pusher
2023-09-30 16:59:30,541 INFO    SenderThread:14532 [file_pusher.py:join():181] waiting for file pusher
