2023-09-30 18:28:21,432 INFO    StreamThr :16621 [internal.py:wandb_internal():86] W&B internal server running at pid: 16621, started at: 2023-09-30 18:28:21.431569
2023-09-30 18:28:21,433 DEBUG   HandlerThread:16621 [handler.py:handle_request():144] handle_request: status
2023-09-30 18:28:21,434 INFO    WriterThread:16621 [datastore.py:open_for_write():85] open: /Users/leo/Programming/PLR/wandb/run-20230930_182820-9azaylho/run-9azaylho.wandb
2023-09-30 18:28:21,435 DEBUG   SenderThread:16621 [sender.py:send():379] send: header
2023-09-30 18:28:21,435 DEBUG   SenderThread:16621 [sender.py:send():379] send: run
2023-09-30 18:28:21,884 INFO    SenderThread:16621 [dir_watcher.py:__init__():211] watching files in: /Users/leo/Programming/PLR/wandb/run-20230930_182820-9azaylho/files
2023-09-30 18:28:21,884 INFO    SenderThread:16621 [sender.py:_start_run_threads():1121] run started: 9azaylho with start time 1696094900.482478
2023-09-30 18:28:21,894 DEBUG   HandlerThread:16621 [handler.py:handle_request():144] handle_request: check_version
2023-09-30 18:28:21,894 DEBUG   SenderThread:16621 [sender.py:send_request():406] send_request: check_version
2023-09-30 18:28:21,946 DEBUG   HandlerThread:16621 [handler.py:handle_request():144] handle_request: run_start
2023-09-30 18:28:21,947 DEBUG   HandlerThread:16621 [system_info.py:__init__():32] System info init
2023-09-30 18:28:21,947 DEBUG   HandlerThread:16621 [system_info.py:__init__():47] System info init done
2023-09-30 18:28:21,947 INFO    HandlerThread:16621 [system_monitor.py:start():181] Starting system monitor
2023-09-30 18:28:21,947 INFO    SystemMonitor:16621 [system_monitor.py:_start():145] Starting system asset monitoring threads
2023-09-30 18:28:21,947 INFO    HandlerThread:16621 [system_monitor.py:probe():201] Collecting system info
2023-09-30 18:28:21,947 INFO    SystemMonitor:16621 [interfaces.py:start():190] Started cpu monitoring
2023-09-30 18:28:21,948 INFO    SystemMonitor:16621 [interfaces.py:start():190] Started disk monitoring
2023-09-30 18:28:21,948 INFO    SystemMonitor:16621 [interfaces.py:start():190] Started gpuapple monitoring
2023-09-30 18:28:21,948 DEBUG   HandlerThread:16621 [system_info.py:probe():196] Probing system
2023-09-30 18:28:21,954 INFO    SystemMonitor:16621 [interfaces.py:start():190] Started memory monitoring
2023-09-30 18:28:21,955 INFO    SystemMonitor:16621 [interfaces.py:start():190] Started network monitoring
2023-09-30 18:28:21,956 DEBUG   HandlerThread:16621 [system_info.py:_probe_git():181] Probing git
2023-09-30 18:28:21,976 DEBUG   HandlerThread:16621 [system_info.py:_probe_git():189] Probing git done
2023-09-30 18:28:21,976 DEBUG   HandlerThread:16621 [system_info.py:probe():244] Probing system done
2023-09-30 18:28:21,976 DEBUG   HandlerThread:16621 [system_monitor.py:probe():210] {'os': 'macOS-14.0-arm64-arm-64bit', 'python': '3.11.4', 'heartbeatAt': '2023-09-30T17:28:21.954559', 'startedAt': '2023-09-30T17:28:20.479678', 'docker': None, 'cuda': None, 'args': (), 'state': 'running', 'program': '/Users/leo/Programming/PLR/Leo/gen_algo_opt_folder/genetic_algorithm.py', 'codePathLocal': 'Leo/gen_algo_opt_folder/genetic_algorithm.py', 'codePath': 'Leo/gen_algo_opt_folder/genetic_algorithm.py', 'git': {'remote': 'https://github.com/leothesouthafrican/PLR.git', 'commit': '5fd3a4eb908a10330b25120a123e86d552235212'}, 'email': '38779415+leothesouthafrican@users.noreply.github.com', 'root': '/Users/leo/Programming/PLR', 'host': 'Leos-MacBook-Pro.local', 'username': 'leo', 'executable': '/Users/leo/Programming/PLR/Leo/env/bin/python3', 'cpu_count': 10, 'cpu_count_logical': 10, 'disk': {'/': {'total': 855.9619140625, 'used': 12.108589172363281}}, 'gpuapple': {'type': 'arm', 'vendor': 'Apple'}, 'memory': {'total': 32.0}}
2023-09-30 18:28:21,976 INFO    HandlerThread:16621 [system_monitor.py:probe():211] Finished collecting system info
2023-09-30 18:28:21,976 INFO    HandlerThread:16621 [system_monitor.py:probe():214] Publishing system info
2023-09-30 18:28:21,976 DEBUG   HandlerThread:16621 [system_info.py:_save_pip():52] Saving list of pip packages installed into the current environment
2023-09-30 18:28:21,977 DEBUG   HandlerThread:16621 [system_info.py:_save_pip():68] Saving pip packages done
2023-09-30 18:28:21,977 INFO    HandlerThread:16621 [system_monitor.py:probe():216] Finished publishing system info
2023-09-30 18:28:21,978 DEBUG   SenderThread:16621 [sender.py:send():379] send: files
2023-09-30 18:28:21,978 INFO    SenderThread:16621 [sender.py:_save_file():1375] saving file wandb-metadata.json with policy now
2023-09-30 18:28:21,981 DEBUG   HandlerThread:16621 [handler.py:handle_request():144] handle_request: stop_status
2023-09-30 18:28:21,981 DEBUG   HandlerThread:16621 [handler.py:handle_request():144] handle_request: internal_messages
2023-09-30 18:28:21,981 DEBUG   SenderThread:16621 [sender.py:send_request():406] send_request: stop_status
2023-09-30 18:28:22,217 DEBUG   SenderThread:16621 [sender.py:send():379] send: telemetry
2023-09-30 18:28:22,218 DEBUG   SenderThread:16621 [sender.py:send():379] send: config
2023-09-30 18:28:22,680 INFO    wandb-upload_0:16621 [upload_job.py:push():131] Uploaded file /var/folders/dt/bgs1hq3d2k3dvhpt3llvs4rw0000gn/T/tmpx1oufldzwandb/sg78wz3u-wandb-metadata.json
2023-09-30 18:28:22,891 INFO    Thread-165:16621 [dir_watcher.py:_on_file_created():271] file/dir created: /Users/leo/Programming/PLR/wandb/run-20230930_182820-9azaylho/files/wandb-metadata.json
2023-09-30 18:28:22,892 INFO    Thread-165:16621 [dir_watcher.py:_on_file_created():271] file/dir created: /Users/leo/Programming/PLR/wandb/run-20230930_182820-9azaylho/files/output.log
2023-09-30 18:28:22,892 INFO    Thread-165:16621 [dir_watcher.py:_on_file_created():271] file/dir created: /Users/leo/Programming/PLR/wandb/run-20230930_182820-9azaylho/files/requirements.txt
2023-09-30 18:28:24,911 INFO    Thread-165:16621 [dir_watcher.py:_on_file_modified():288] file/dir modified: /Users/leo/Programming/PLR/wandb/run-20230930_182820-9azaylho/files/output.log
2023-09-30 18:28:26,770 DEBUG   HandlerThread:16621 [handler.py:handle_request():144] handle_request: partial_history
2023-09-30 18:28:26,771 DEBUG   SenderThread:16621 [sender.py:send():379] send: history
2023-09-30 18:28:26,771 DEBUG   SenderThread:16621 [sender.py:send_request():406] send_request: summary_record
2023-09-30 18:28:26,771 DEBUG   HandlerThread:16621 [handler.py:handle_request():144] handle_request: status_report
2023-09-30 18:28:26,772 INFO    SenderThread:16621 [sender.py:_save_file():1375] saving file wandb-summary.json with policy end
2023-09-30 18:28:26,918 INFO    Thread-165:16621 [dir_watcher.py:_on_file_modified():288] file/dir modified: /Users/leo/Programming/PLR/wandb/run-20230930_182820-9azaylho/files/output.log
2023-09-30 18:28:26,919 INFO    Thread-165:16621 [dir_watcher.py:_on_file_created():271] file/dir created: /Users/leo/Programming/PLR/wandb/run-20230930_182820-9azaylho/files/wandb-summary.json
2023-09-30 18:28:28,930 INFO    Thread-165:16621 [dir_watcher.py:_on_file_modified():288] file/dir modified: /Users/leo/Programming/PLR/wandb/run-20230930_182820-9azaylho/files/output.log
2023-09-30 18:28:30,937 INFO    Thread-165:16621 [dir_watcher.py:_on_file_modified():288] file/dir modified: /Users/leo/Programming/PLR/wandb/run-20230930_182820-9azaylho/files/output.log
2023-09-30 18:28:31,811 DEBUG   HandlerThread:16621 [handler.py:handle_request():144] handle_request: partial_history
2023-09-30 18:28:31,812 DEBUG   SenderThread:16621 [sender.py:send():379] send: history
2023-09-30 18:28:31,812 DEBUG   SenderThread:16621 [sender.py:send_request():406] send_request: summary_record
2023-09-30 18:28:31,812 DEBUG   HandlerThread:16621 [handler.py:handle_request():144] handle_request: status_report
2023-09-30 18:28:31,812 INFO    SenderThread:16621 [sender.py:_save_file():1375] saving file wandb-summary.json with policy end
2023-09-30 18:28:31,944 INFO    Thread-165:16621 [dir_watcher.py:_on_file_modified():288] file/dir modified: /Users/leo/Programming/PLR/wandb/run-20230930_182820-9azaylho/files/wandb-summary.json
2023-09-30 18:28:32,950 INFO    Thread-165:16621 [dir_watcher.py:_on_file_modified():288] file/dir modified: /Users/leo/Programming/PLR/wandb/run-20230930_182820-9azaylho/files/output.log
2023-09-30 18:28:34,962 INFO    Thread-165:16621 [dir_watcher.py:_on_file_modified():288] file/dir modified: /Users/leo/Programming/PLR/wandb/run-20230930_182820-9azaylho/files/output.log
2023-09-30 18:28:36,836 DEBUG   HandlerThread:16621 [handler.py:handle_request():144] handle_request: partial_history
2023-09-30 18:28:36,837 DEBUG   SenderThread:16621 [sender.py:send():379] send: history
2023-09-30 18:28:36,837 DEBUG   SenderThread:16621 [sender.py:send_request():406] send_request: summary_record
2023-09-30 18:28:36,837 DEBUG   HandlerThread:16621 [handler.py:handle_request():144] handle_request: status_report
2023-09-30 18:28:36,838 INFO    SenderThread:16621 [sender.py:_save_file():1375] saving file wandb-summary.json with policy end
2023-09-30 18:28:36,975 INFO    Thread-165:16621 [dir_watcher.py:_on_file_modified():288] file/dir modified: /Users/leo/Programming/PLR/wandb/run-20230930_182820-9azaylho/files/output.log
2023-09-30 18:28:36,975 INFO    Thread-165:16621 [dir_watcher.py:_on_file_modified():288] file/dir modified: /Users/leo/Programming/PLR/wandb/run-20230930_182820-9azaylho/files/wandb-summary.json
2023-09-30 18:28:36,984 DEBUG   HandlerThread:16621 [handler.py:handle_request():144] handle_request: stop_status
2023-09-30 18:28:36,984 DEBUG   SenderThread:16621 [sender.py:send_request():406] send_request: stop_status
2023-09-30 18:28:36,992 DEBUG   HandlerThread:16621 [handler.py:handle_request():144] handle_request: internal_messages
2023-09-30 18:28:38,979 INFO    Thread-165:16621 [dir_watcher.py:_on_file_modified():288] file/dir modified: /Users/leo/Programming/PLR/wandb/run-20230930_182820-9azaylho/files/output.log
2023-09-30 18:28:40,989 INFO    Thread-165:16621 [dir_watcher.py:_on_file_modified():288] file/dir modified: /Users/leo/Programming/PLR/wandb/run-20230930_182820-9azaylho/files/output.log
2023-09-30 18:28:41,399 DEBUG   HandlerThread:16621 [handler.py:handle_request():144] handle_request: partial_history
2023-09-30 18:28:41,400 DEBUG   SenderThread:16621 [sender.py:send():379] send: history
2023-09-30 18:28:41,400 DEBUG   SenderThread:16621 [sender.py:send_request():406] send_request: summary_record
2023-09-30 18:28:41,400 INFO    SenderThread:16621 [sender.py:_save_file():1375] saving file wandb-summary.json with policy end
2023-09-30 18:28:41,992 INFO    Thread-165:16621 [dir_watcher.py:_on_file_modified():288] file/dir modified: /Users/leo/Programming/PLR/wandb/run-20230930_182820-9azaylho/files/wandb-summary.json
2023-09-30 18:28:42,166 DEBUG   HandlerThread:16621 [handler.py:handle_request():144] handle_request: status_report
2023-09-30 18:28:42,994 INFO    Thread-165:16621 [dir_watcher.py:_on_file_modified():288] file/dir modified: /Users/leo/Programming/PLR/wandb/run-20230930_182820-9azaylho/files/output.log
2023-09-30 18:28:45,009 INFO    Thread-165:16621 [dir_watcher.py:_on_file_modified():288] file/dir modified: /Users/leo/Programming/PLR/wandb/run-20230930_182820-9azaylho/files/output.log
2023-09-30 18:28:46,032 DEBUG   HandlerThread:16621 [handler.py:handle_request():144] handle_request: partial_history
2023-09-30 18:28:46,033 DEBUG   SenderThread:16621 [sender.py:send():379] send: history
2023-09-30 18:28:46,033 DEBUG   SenderThread:16621 [sender.py:send_request():406] send_request: summary_record
2023-09-30 18:28:46,034 INFO    SenderThread:16621 [sender.py:_save_file():1375] saving file wandb-summary.json with policy end
2023-09-30 18:28:47,019 INFO    Thread-165:16621 [dir_watcher.py:_on_file_modified():288] file/dir modified: /Users/leo/Programming/PLR/wandb/run-20230930_182820-9azaylho/files/output.log
2023-09-30 18:28:47,020 INFO    Thread-165:16621 [dir_watcher.py:_on_file_modified():288] file/dir modified: /Users/leo/Programming/PLR/wandb/run-20230930_182820-9azaylho/files/wandb-summary.json
2023-09-30 18:28:47,203 DEBUG   HandlerThread:16621 [handler.py:handle_request():144] handle_request: status_report
2023-09-30 18:28:49,037 INFO    Thread-165:16621 [dir_watcher.py:_on_file_modified():288] file/dir modified: /Users/leo/Programming/PLR/wandb/run-20230930_182820-9azaylho/files/output.log
2023-09-30 18:28:50,874 DEBUG   HandlerThread:16621 [handler.py:handle_request():144] handle_request: log_artifact
2023-09-30 18:28:50,874 DEBUG   SenderThread:16621 [sender.py:send_request():406] send_request: log_artifact
2023-09-30 18:28:50,879 DEBUG   HandlerThread:16621 [handler.py:handle_request():144] handle_request: partial_history
2023-09-30 18:28:51,050 INFO    Thread-165:16621 [dir_watcher.py:_on_file_modified():288] file/dir modified: /Users/leo/Programming/PLR/wandb/run-20230930_182820-9azaylho/files/output.log
2023-09-30 18:28:51,050 INFO    Thread-165:16621 [dir_watcher.py:_on_file_created():271] file/dir created: /Users/leo/Programming/PLR/wandb/run-20230930_182820-9azaylho/files/media/table/Generations Table_5_496ee70207f0768f5a22.table.json
2023-09-30 18:28:51,051 INFO    Thread-165:16621 [dir_watcher.py:_on_file_created():271] file/dir created: /Users/leo/Programming/PLR/wandb/run-20230930_182820-9azaylho/files/media/table
2023-09-30 18:28:51,051 INFO    Thread-165:16621 [dir_watcher.py:_on_file_created():271] file/dir created: /Users/leo/Programming/PLR/wandb/run-20230930_182820-9azaylho/files/media
2023-09-30 18:28:51,461 INFO    wandb-upload_0:16621 [upload_job.py:push():131] Uploaded file /var/folders/dt/bgs1hq3d2k3dvhpt3llvs4rw0000gn/T/tmpx1oufldzwandb/ihr2jzly-media/table/Generations Table_5_496ee70207f0768f5a22.table.json
2023-09-30 18:28:51,885 DEBUG   HandlerThread:16621 [handler.py:handle_request():144] handle_request: poll_exit
2023-09-30 18:28:52,261 INFO    wandb-upload_0:16621 [upload_job.py:push():89] Uploaded file /Users/leo/Library/Application Support/wandb/artifacts/staging/tmpbk84dty0
2023-09-30 18:28:53,061 INFO    SenderThread:16621 [sender.py:send_request_log_artifact():1441] logged artifact run-9azaylho-GenerationsTable - {'id': 'QXJ0aWZhY3Q6NTg5OTU0NDcy', 'state': 'PENDING', 'artifactSequence': {'id': 'QXJ0aWZhY3RDb2xsZWN0aW9uOjEwMjc3OTYzMA==', 'latestArtifact': None}}
2023-09-30 18:28:53,067 DEBUG   HandlerThread:16621 [handler.py:handle_request():144] handle_request: status_report
2023-09-30 18:28:53,309 DEBUG   SenderThread:16621 [sender.py:send():379] send: files
2023-09-30 18:28:53,309 INFO    SenderThread:16621 [sender.py:_save_file():1375] saving file media/table/Generations Table_5_496ee70207f0768f5a22.table.json with policy now
2023-09-30 18:28:53,310 DEBUG   SenderThread:16621 [sender.py:send():379] send: history
2023-09-30 18:28:53,310 DEBUG   SenderThread:16621 [sender.py:send_request():406] send_request: summary_record
2023-09-30 18:28:53,312 INFO    SenderThread:16621 [sender.py:_save_file():1375] saving file wandb-summary.json with policy end
2023-09-30 18:28:53,312 DEBUG   SenderThread:16621 [sender.py:send():379] send: telemetry
2023-09-30 18:28:53,313 DEBUG   SenderThread:16621 [sender.py:send():379] send: exit
2023-09-30 18:28:53,313 INFO    SenderThread:16621 [sender.py:send_exit():584] handling exit code: 0
2023-09-30 18:28:53,313 INFO    SenderThread:16621 [sender.py:send_exit():586] handling runtime: 28
2023-09-30 18:28:53,313 INFO    SenderThread:16621 [sender.py:_save_file():1375] saving file wandb-summary.json with policy end
2023-09-30 18:28:53,314 INFO    SenderThread:16621 [sender.py:send_exit():592] send defer
2023-09-30 18:28:53,314 DEBUG   SenderThread:16621 [sender.py:send_request():406] send_request: poll_exit
2023-09-30 18:28:53,317 DEBUG   HandlerThread:16621 [handler.py:handle_request():144] handle_request: defer
2023-09-30 18:28:53,318 INFO    HandlerThread:16621 [handler.py:handle_request_defer():170] handle defer: 0
2023-09-30 18:28:53,318 DEBUG   SenderThread:16621 [sender.py:send_request():406] send_request: defer
2023-09-30 18:28:53,321 INFO    SenderThread:16621 [sender.py:send_request_defer():608] handle sender defer: 0
2023-09-30 18:28:53,321 INFO    SenderThread:16621 [sender.py:transition_state():612] send defer: 1
2023-09-30 18:28:53,322 DEBUG   HandlerThread:16621 [handler.py:handle_request():144] handle_request: defer
2023-09-30 18:28:53,322 INFO    HandlerThread:16621 [handler.py:handle_request_defer():170] handle defer: 1
2023-09-30 18:28:53,322 DEBUG   SenderThread:16621 [sender.py:send_request():406] send_request: defer
2023-09-30 18:28:53,322 INFO    SenderThread:16621 [sender.py:send_request_defer():608] handle sender defer: 1
2023-09-30 18:28:53,322 INFO    SenderThread:16621 [sender.py:transition_state():612] send defer: 2
2023-09-30 18:28:53,322 DEBUG   HandlerThread:16621 [handler.py:handle_request():144] handle_request: defer
2023-09-30 18:28:53,322 INFO    HandlerThread:16621 [handler.py:handle_request_defer():170] handle defer: 2
2023-09-30 18:28:53,322 INFO    HandlerThread:16621 [system_monitor.py:finish():190] Stopping system monitor
2023-09-30 18:28:53,323 DEBUG   SystemMonitor:16621 [system_monitor.py:_start():159] Starting system metrics aggregation loop
2023-09-30 18:28:53,323 DEBUG   SystemMonitor:16621 [system_monitor.py:_start():166] Finished system metrics aggregation loop
2023-09-30 18:28:53,323 DEBUG   SystemMonitor:16621 [system_monitor.py:_start():170] Publishing last batch of metrics
2023-09-30 18:28:53,324 INFO    HandlerThread:16621 [interfaces.py:finish():202] Joined cpu monitor
2023-09-30 18:28:53,324 INFO    HandlerThread:16621 [interfaces.py:finish():202] Joined disk monitor
2023-09-30 18:28:53,835 INFO    wandb-upload_0:16621 [upload_job.py:push():131] Uploaded file /var/folders/dt/bgs1hq3d2k3dvhpt3llvs4rw0000gn/T/tmpx1oufldzwandb/ylp6cj7w-media/table/Generations Table_5_496ee70207f0768f5a22.table.json
2023-09-30 18:28:54,063 INFO    Thread-165:16621 [dir_watcher.py:_on_file_modified():288] file/dir modified: /Users/leo/Programming/PLR/wandb/run-20230930_182820-9azaylho/files/config.yaml
2023-09-30 18:28:54,064 INFO    Thread-165:16621 [dir_watcher.py:_on_file_modified():288] file/dir modified: /Users/leo/Programming/PLR/wandb/run-20230930_182820-9azaylho/files/wandb-summary.json
2023-09-30 18:28:54,751 INFO    HandlerThread:16621 [interfaces.py:finish():202] Joined gpuapple monitor
2023-09-30 18:28:54,751 INFO    HandlerThread:16621 [interfaces.py:finish():202] Joined memory monitor
2023-09-30 18:28:54,751 INFO    HandlerThread:16621 [interfaces.py:finish():202] Joined network monitor
2023-09-30 18:28:54,751 DEBUG   SenderThread:16621 [sender.py:send_request():406] send_request: defer
2023-09-30 18:28:54,751 INFO    SenderThread:16621 [sender.py:send_request_defer():608] handle sender defer: 2
2023-09-30 18:28:54,751 INFO    SenderThread:16621 [sender.py:transition_state():612] send defer: 3
2023-09-30 18:28:54,751 DEBUG   SenderThread:16621 [sender.py:send():379] send: telemetry
2023-09-30 18:28:54,751 DEBUG   HandlerThread:16621 [handler.py:handle_request():144] handle_request: defer
2023-09-30 18:28:54,751 INFO    HandlerThread:16621 [handler.py:handle_request_defer():170] handle defer: 3
2023-09-30 18:28:54,752 DEBUG   SenderThread:16621 [sender.py:send():379] send: stats
2023-09-30 18:28:54,752 DEBUG   SenderThread:16621 [sender.py:send_request():406] send_request: defer
2023-09-30 18:28:54,752 INFO    SenderThread:16621 [sender.py:send_request_defer():608] handle sender defer: 3
2023-09-30 18:28:54,752 INFO    SenderThread:16621 [sender.py:transition_state():612] send defer: 4
2023-09-30 18:28:54,752 DEBUG   HandlerThread:16621 [handler.py:handle_request():144] handle_request: defer
2023-09-30 18:28:54,752 INFO    HandlerThread:16621 [handler.py:handle_request_defer():170] handle defer: 4
2023-09-30 18:28:54,752 DEBUG   SenderThread:16621 [sender.py:send_request():406] send_request: defer
2023-09-30 18:28:54,752 INFO    SenderThread:16621 [sender.py:send_request_defer():608] handle sender defer: 4
2023-09-30 18:28:54,752 INFO    SenderThread:16621 [sender.py:transition_state():612] send defer: 5
2023-09-30 18:28:54,752 DEBUG   HandlerThread:16621 [handler.py:handle_request():144] handle_request: defer
2023-09-30 18:28:54,752 INFO    HandlerThread:16621 [handler.py:handle_request_defer():170] handle defer: 5
2023-09-30 18:28:54,752 DEBUG   SenderThread:16621 [sender.py:send():379] send: summary
2023-09-30 18:28:54,753 INFO    SenderThread:16621 [sender.py:_save_file():1375] saving file wandb-summary.json with policy end
2023-09-30 18:28:54,753 DEBUG   SenderThread:16621 [sender.py:send_request():406] send_request: defer
2023-09-30 18:28:54,753 INFO    SenderThread:16621 [sender.py:send_request_defer():608] handle sender defer: 5
2023-09-30 18:28:54,753 INFO    SenderThread:16621 [sender.py:transition_state():612] send defer: 6
2023-09-30 18:28:54,753 DEBUG   HandlerThread:16621 [handler.py:handle_request():144] handle_request: defer
2023-09-30 18:28:54,753 INFO    HandlerThread:16621 [handler.py:handle_request_defer():170] handle defer: 6
2023-09-30 18:28:54,753 DEBUG   SenderThread:16621 [sender.py:send_request():406] send_request: defer
2023-09-30 18:28:54,753 INFO    SenderThread:16621 [sender.py:send_request_defer():608] handle sender defer: 6
2023-09-30 18:28:54,754 DEBUG   HandlerThread:16621 [handler.py:handle_request():144] handle_request: status_report
2023-09-30 18:28:54,914 INFO    SenderThread:16621 [sender.py:transition_state():612] send defer: 7
2023-09-30 18:28:54,914 DEBUG   HandlerThread:16621 [handler.py:handle_request():144] handle_request: defer
2023-09-30 18:28:54,914 INFO    HandlerThread:16621 [handler.py:handle_request_defer():170] handle defer: 7
2023-09-30 18:28:54,914 DEBUG   SenderThread:16621 [sender.py:send_request():406] send_request: defer
2023-09-30 18:28:54,914 INFO    SenderThread:16621 [sender.py:send_request_defer():608] handle sender defer: 7
2023-09-30 18:28:55,068 INFO    Thread-165:16621 [dir_watcher.py:_on_file_modified():288] file/dir modified: /Users/leo/Programming/PLR/wandb/run-20230930_182820-9azaylho/files/config.yaml
2023-09-30 18:28:55,068 INFO    Thread-165:16621 [dir_watcher.py:_on_file_modified():288] file/dir modified: /Users/leo/Programming/PLR/wandb/run-20230930_182820-9azaylho/files/wandb-summary.json
2023-09-30 18:28:56,352 INFO    SenderThread:16621 [sender.py:transition_state():612] send defer: 8
2023-09-30 18:28:56,352 DEBUG   HandlerThread:16621 [handler.py:handle_request():144] handle_request: defer
2023-09-30 18:28:56,352 INFO    HandlerThread:16621 [handler.py:handle_request_defer():170] handle defer: 8
2023-09-30 18:28:56,352 DEBUG   SenderThread:16621 [sender.py:send_request():406] send_request: defer
2023-09-30 18:28:56,352 INFO    SenderThread:16621 [sender.py:send_request_defer():608] handle sender defer: 8
2023-09-30 18:28:56,354 INFO    SenderThread:16621 [job_builder.py:build():281] Attempting to build job artifact
2023-09-30 18:28:56,355 INFO    SenderThread:16621 [job_builder.py:_get_source_type():393] is repo sourced job
2023-09-30 18:28:56,357 INFO    SenderThread:16621 [job_builder.py:build():369] adding wandb-job metadata file
2023-09-30 18:28:56,369 INFO    SenderThread:16621 [sender.py:transition_state():612] send defer: 9
2023-09-30 18:28:56,369 DEBUG   HandlerThread:16621 [handler.py:handle_request():144] handle_request: defer
2023-09-30 18:28:56,369 INFO    HandlerThread:16621 [handler.py:handle_request_defer():170] handle defer: 9
2023-09-30 18:28:56,370 DEBUG   SenderThread:16621 [sender.py:send():379] send: artifact
2023-09-30 18:28:56,904 DEBUG   HandlerThread:16621 [handler.py:handle_request():144] handle_request: keepalive
2023-09-30 18:28:56,978 INFO    SenderThread:16621 [sender.py:send_artifact():1453] sent artifact job-https___github.com_leothesouthafrican_PLR.git_Leo_gen_algo_opt_folder_genetic_algorithm.py - {'id': 'QXJ0aWZhY3Q6NTg5OTUwOTgz', 'state': 'COMMITTED', 'artifactSequence': {'id': 'QXJ0aWZhY3RDb2xsZWN0aW9uOjEwMjY3Mjc5OA==', 'latestArtifact': {'id': 'QXJ0aWZhY3Q6NTg5OTUzMTcy', 'versionIndex': 18}}}
2023-09-30 18:28:56,979 DEBUG   SenderThread:16621 [sender.py:send_request():406] send_request: defer
2023-09-30 18:28:56,979 INFO    SenderThread:16621 [sender.py:send_request_defer():608] handle sender defer: 9
2023-09-30 18:28:56,979 INFO    SenderThread:16621 [dir_watcher.py:finish():358] shutting down directory watcher
2023-09-30 18:28:57,070 INFO    SenderThread:16621 [dir_watcher.py:_on_file_modified():288] file/dir modified: /Users/leo/Programming/PLR/wandb/run-20230930_182820-9azaylho/files/output.log
2023-09-30 18:28:57,070 INFO    SenderThread:16621 [dir_watcher.py:finish():388] scan: /Users/leo/Programming/PLR/wandb/run-20230930_182820-9azaylho/files
2023-09-30 18:28:57,070 INFO    SenderThread:16621 [dir_watcher.py:finish():402] scan save: /Users/leo/Programming/PLR/wandb/run-20230930_182820-9azaylho/files/requirements.txt requirements.txt
2023-09-30 18:28:57,071 INFO    SenderThread:16621 [dir_watcher.py:finish():402] scan save: /Users/leo/Programming/PLR/wandb/run-20230930_182820-9azaylho/files/output.log output.log
2023-09-30 18:28:57,072 INFO    SenderThread:16621 [dir_watcher.py:finish():402] scan save: /Users/leo/Programming/PLR/wandb/run-20230930_182820-9azaylho/files/config.yaml config.yaml
2023-09-30 18:28:57,072 INFO    SenderThread:16621 [dir_watcher.py:finish():402] scan save: /Users/leo/Programming/PLR/wandb/run-20230930_182820-9azaylho/files/wandb-summary.json wandb-summary.json
2023-09-30 18:28:57,073 INFO    SenderThread:16621 [dir_watcher.py:finish():402] scan save: /Users/leo/Programming/PLR/wandb/run-20230930_182820-9azaylho/files/wandb-metadata.json wandb-metadata.json
2023-09-30 18:28:57,073 INFO    SenderThread:16621 [dir_watcher.py:finish():402] scan save: /Users/leo/Programming/PLR/wandb/run-20230930_182820-9azaylho/files/media/table/Generations Table_5_496ee70207f0768f5a22.table.json media/table/Generations Table_5_496ee70207f0768f5a22.table.json
2023-09-30 18:28:57,073 INFO    SenderThread:16621 [sender.py:transition_state():612] send defer: 10
2023-09-30 18:28:57,073 DEBUG   HandlerThread:16621 [handler.py:handle_request():144] handle_request: defer
2023-09-30 18:28:57,073 INFO    HandlerThread:16621 [handler.py:handle_request_defer():170] handle defer: 10
2023-09-30 18:28:57,077 DEBUG   SenderThread:16621 [sender.py:send_request():406] send_request: defer
2023-09-30 18:28:57,078 INFO    SenderThread:16621 [sender.py:send_request_defer():608] handle sender defer: 10
2023-09-30 18:28:57,078 INFO    SenderThread:16621 [file_pusher.py:finish():175] shutting down file pusher
2023-09-30 18:28:57,526 INFO    wandb-upload_0:16621 [upload_job.py:push():131] Uploaded file /Users/leo/Programming/PLR/wandb/run-20230930_182820-9azaylho/files/requirements.txt
2023-09-30 18:28:57,565 INFO    wandb-upload_1:16621 [upload_job.py:push():131] Uploaded file /Users/leo/Programming/PLR/wandb/run-20230930_182820-9azaylho/files/output.log
2023-09-30 18:28:57,597 INFO    wandb-upload_2:16621 [upload_job.py:push():131] Uploaded file /Users/leo/Programming/PLR/wandb/run-20230930_182820-9azaylho/files/config.yaml
2023-09-30 18:28:57,602 INFO    wandb-upload_3:16621 [upload_job.py:push():131] Uploaded file /Users/leo/Programming/PLR/wandb/run-20230930_182820-9azaylho/files/wandb-summary.json
2023-09-30 18:28:57,806 INFO    Thread-164 (_thread_body):16621 [sender.py:transition_state():612] send defer: 11
2023-09-30 18:28:57,807 DEBUG   HandlerThread:16621 [handler.py:handle_request():144] handle_request: defer
2023-09-30 18:28:57,807 INFO    HandlerThread:16621 [handler.py:handle_request_defer():170] handle defer: 11
2023-09-30 18:28:57,807 DEBUG   SenderThread:16621 [sender.py:send_request():406] send_request: defer
2023-09-30 18:28:57,807 INFO    SenderThread:16621 [sender.py:send_request_defer():608] handle sender defer: 11
2023-09-30 18:28:57,807 INFO    SenderThread:16621 [file_pusher.py:join():181] waiting for file pusher
2023-09-30 18:28:57,808 INFO    SenderThread:16621 [sender.py:transition_state():612] send defer: 12
2023-09-30 18:28:57,809 DEBUG   HandlerThread:16621 [handler.py:handle_request():144] handle_request: defer
2023-09-30 18:28:57,809 INFO    HandlerThread:16621 [handler.py:handle_request_defer():170] handle defer: 12
2023-09-30 18:28:57,809 DEBUG   SenderThread:16621 [sender.py:send_request():406] send_request: defer
2023-09-30 18:28:57,809 INFO    SenderThread:16621 [sender.py:send_request_defer():608] handle sender defer: 12
2023-09-30 18:28:57,810 INFO    SenderThread:16621 [file_stream.py:finish():594] file stream finish called
2023-09-30 18:28:58,025 INFO    SenderThread:16621 [file_stream.py:finish():598] file stream finish is done
2023-09-30 18:28:58,025 INFO    SenderThread:16621 [sender.py:transition_state():612] send defer: 13
2023-09-30 18:28:58,026 DEBUG   HandlerThread:16621 [handler.py:handle_request():144] handle_request: defer
2023-09-30 18:28:58,026 INFO    HandlerThread:16621 [handler.py:handle_request_defer():170] handle defer: 13
2023-09-30 18:28:58,026 DEBUG   SenderThread:16621 [sender.py:send_request():406] send_request: defer
2023-09-30 18:28:58,026 INFO    SenderThread:16621 [sender.py:send_request_defer():608] handle sender defer: 13
2023-09-30 18:28:58,026 INFO    SenderThread:16621 [sender.py:transition_state():612] send defer: 14
2023-09-30 18:28:58,027 DEBUG   HandlerThread:16621 [handler.py:handle_request():144] handle_request: defer
2023-09-30 18:28:58,027 INFO    HandlerThread:16621 [handler.py:handle_request_defer():170] handle defer: 14
2023-09-30 18:28:58,027 DEBUG   SenderThread:16621 [sender.py:send():379] send: final
2023-09-30 18:28:58,027 DEBUG   SenderThread:16621 [sender.py:send():379] send: footer
2023-09-30 18:28:58,027 DEBUG   SenderThread:16621 [sender.py:send_request():406] send_request: defer
2023-09-30 18:28:58,027 INFO    SenderThread:16621 [sender.py:send_request_defer():608] handle sender defer: 14
2023-09-30 18:28:58,028 DEBUG   HandlerThread:16621 [handler.py:handle_request():144] handle_request: internal_messages
2023-09-30 18:28:58,029 DEBUG   HandlerThread:16621 [handler.py:handle_request():144] handle_request: poll_exit
2023-09-30 18:28:58,029 DEBUG   HandlerThread:16621 [handler.py:handle_request():144] handle_request: server_info
2023-09-30 18:28:58,029 DEBUG   HandlerThread:16621 [handler.py:handle_request():144] handle_request: get_summary
2023-09-30 18:28:58,030 DEBUG   HandlerThread:16621 [handler.py:handle_request():144] handle_request: sampled_history
2023-09-30 18:28:58,030 DEBUG   SenderThread:16621 [sender.py:send_request():406] send_request: poll_exit
2023-09-30 18:28:58,030 DEBUG   HandlerThread:16621 [handler.py:handle_request():144] handle_request: job_info
2023-09-30 18:28:58,031 DEBUG   SenderThread:16621 [sender.py:send_request():406] send_request: server_info
2023-09-30 18:28:58,214 DEBUG   SenderThread:16621 [sender.py:send_request():406] send_request: job_info
2023-09-30 18:28:58,216 DEBUG   HandlerThread:16621 [handler.py:handle_request():144] handle_request: shutdown
2023-09-30 18:28:58,216 INFO    HandlerThread:16621 [handler.py:finish():840] shutting down handler
2023-09-30 18:28:59,035 INFO    WriterThread:16621 [datastore.py:close():294] close: /Users/leo/Programming/PLR/wandb/run-20230930_182820-9azaylho/run-9azaylho.wandb
2023-09-30 18:28:59,220 INFO    SenderThread:16621 [sender.py:finish():1531] shutting down sender
2023-09-30 18:28:59,220 INFO    SenderThread:16621 [file_pusher.py:finish():175] shutting down file pusher
2023-09-30 18:28:59,220 INFO    SenderThread:16621 [file_pusher.py:join():181] waiting for file pusher
