2023-09-30 18:21:47,317 INFO    StreamThr :16621 [internal.py:wandb_internal():86] W&B internal server running at pid: 16621, started at: 2023-09-30 18:21:47.316245
2023-09-30 18:21:47,318 DEBUG   HandlerThread:16621 [handler.py:handle_request():144] handle_request: status
2023-09-30 18:21:47,319 INFO    WriterThread:16621 [datastore.py:open_for_write():85] open: /Users/leo/Programming/PLR/wandb/run-20230930_182146-xpw9xxhb/run-xpw9xxhb.wandb
2023-09-30 18:21:47,320 DEBUG   SenderThread:16621 [sender.py:send():379] send: header
2023-09-30 18:21:47,320 DEBUG   SenderThread:16621 [sender.py:send():379] send: run
2023-09-30 18:21:47,799 INFO    SenderThread:16621 [dir_watcher.py:__init__():211] watching files in: /Users/leo/Programming/PLR/wandb/run-20230930_182146-xpw9xxhb/files
2023-09-30 18:21:47,799 INFO    SenderThread:16621 [sender.py:_start_run_threads():1121] run started: xpw9xxhb with start time 1696094506.426583
2023-09-30 18:21:47,811 DEBUG   HandlerThread:16621 [handler.py:handle_request():144] handle_request: check_version
2023-09-30 18:21:47,811 DEBUG   SenderThread:16621 [sender.py:send_request():406] send_request: check_version
2023-09-30 18:21:47,871 DEBUG   HandlerThread:16621 [handler.py:handle_request():144] handle_request: run_start
2023-09-30 18:21:47,872 DEBUG   HandlerThread:16621 [system_info.py:__init__():32] System info init
2023-09-30 18:21:47,872 DEBUG   HandlerThread:16621 [system_info.py:__init__():47] System info init done
2023-09-30 18:21:47,872 INFO    HandlerThread:16621 [system_monitor.py:start():181] Starting system monitor
2023-09-30 18:21:47,872 INFO    SystemMonitor:16621 [system_monitor.py:_start():145] Starting system asset monitoring threads
2023-09-30 18:21:47,872 INFO    HandlerThread:16621 [system_monitor.py:probe():201] Collecting system info
2023-09-30 18:21:47,873 INFO    SystemMonitor:16621 [interfaces.py:start():190] Started cpu monitoring
2023-09-30 18:21:47,873 INFO    SystemMonitor:16621 [interfaces.py:start():190] Started disk monitoring
2023-09-30 18:21:47,874 DEBUG   HandlerThread:16621 [system_info.py:probe():196] Probing system
2023-09-30 18:21:47,874 INFO    SystemMonitor:16621 [interfaces.py:start():190] Started gpuapple monitoring
2023-09-30 18:21:47,879 INFO    SystemMonitor:16621 [interfaces.py:start():190] Started memory monitoring
2023-09-30 18:21:47,880 INFO    SystemMonitor:16621 [interfaces.py:start():190] Started network monitoring
2023-09-30 18:21:47,880 DEBUG   HandlerThread:16621 [system_info.py:_probe_git():181] Probing git
2023-09-30 18:21:47,896 DEBUG   HandlerThread:16621 [system_info.py:_probe_git():189] Probing git done
2023-09-30 18:21:47,896 DEBUG   HandlerThread:16621 [system_info.py:probe():244] Probing system done
2023-09-30 18:21:47,896 DEBUG   HandlerThread:16621 [system_monitor.py:probe():210] {'os': 'macOS-14.0-arm64-arm-64bit', 'python': '3.11.4', 'heartbeatAt': '2023-09-30T17:21:47.874657', 'startedAt': '2023-09-30T17:21:46.423548', 'docker': None, 'cuda': None, 'args': (), 'state': 'running', 'program': '/Users/leo/Programming/PLR/Leo/gen_algo_opt_folder/genetic_algorithm.py', 'codePathLocal': 'Leo/gen_algo_opt_folder/genetic_algorithm.py', 'codePath': 'Leo/gen_algo_opt_folder/genetic_algorithm.py', 'git': {'remote': 'https://github.com/leothesouthafrican/PLR.git', 'commit': '5fd3a4eb908a10330b25120a123e86d552235212'}, 'email': '38779415+leothesouthafrican@users.noreply.github.com', 'root': '/Users/leo/Programming/PLR', 'host': 'Leos-MacBook-Pro.local', 'username': 'leo', 'executable': '/Users/leo/Programming/PLR/Leo/env/bin/python3', 'cpu_count': 10, 'cpu_count_logical': 10, 'disk': {'/': {'total': 855.9619140625, 'used': 12.108589172363281}}, 'gpuapple': {'type': 'arm', 'vendor': 'Apple'}, 'memory': {'total': 32.0}}
2023-09-30 18:21:47,896 INFO    HandlerThread:16621 [system_monitor.py:probe():211] Finished collecting system info
2023-09-30 18:21:47,896 INFO    HandlerThread:16621 [system_monitor.py:probe():214] Publishing system info
2023-09-30 18:21:47,896 DEBUG   HandlerThread:16621 [system_info.py:_save_pip():52] Saving list of pip packages installed into the current environment
2023-09-30 18:21:47,897 DEBUG   HandlerThread:16621 [system_info.py:_save_pip():68] Saving pip packages done
2023-09-30 18:21:47,897 INFO    HandlerThread:16621 [system_monitor.py:probe():216] Finished publishing system info
2023-09-30 18:21:47,897 DEBUG   SenderThread:16621 [sender.py:send():379] send: files
2023-09-30 18:21:47,897 INFO    SenderThread:16621 [sender.py:_save_file():1375] saving file wandb-metadata.json with policy now
2023-09-30 18:21:47,900 DEBUG   HandlerThread:16621 [handler.py:handle_request():144] handle_request: stop_status
2023-09-30 18:21:47,900 DEBUG   HandlerThread:16621 [handler.py:handle_request():144] handle_request: internal_messages
2023-09-30 18:21:47,900 DEBUG   SenderThread:16621 [sender.py:send_request():406] send_request: stop_status
2023-09-30 18:21:48,156 DEBUG   SenderThread:16621 [sender.py:send():379] send: telemetry
2023-09-30 18:21:48,156 DEBUG   SenderThread:16621 [sender.py:send():379] send: config
2023-09-30 18:21:48,691 INFO    wandb-upload_0:16621 [upload_job.py:push():131] Uploaded file /var/folders/dt/bgs1hq3d2k3dvhpt3llvs4rw0000gn/T/tmp1gan13cjwandb/oi8he24f-wandb-metadata.json
2023-09-30 18:21:48,809 INFO    Thread-26 :16621 [dir_watcher.py:_on_file_created():271] file/dir created: /Users/leo/Programming/PLR/wandb/run-20230930_182146-xpw9xxhb/files/output.log
2023-09-30 18:21:48,809 INFO    Thread-26 :16621 [dir_watcher.py:_on_file_created():271] file/dir created: /Users/leo/Programming/PLR/wandb/run-20230930_182146-xpw9xxhb/files/requirements.txt
2023-09-30 18:21:48,810 INFO    Thread-26 :16621 [dir_watcher.py:_on_file_created():271] file/dir created: /Users/leo/Programming/PLR/wandb/run-20230930_182146-xpw9xxhb/files/wandb-metadata.json
2023-09-30 18:21:50,897 INFO    Thread-26 :16621 [dir_watcher.py:_on_file_modified():288] file/dir modified: /Users/leo/Programming/PLR/wandb/run-20230930_182146-xpw9xxhb/files/output.log
2023-09-30 18:21:52,504 DEBUG   HandlerThread:16621 [handler.py:handle_request():144] handle_request: partial_history
2023-09-30 18:21:52,505 DEBUG   SenderThread:16621 [sender.py:send():379] send: history
2023-09-30 18:21:52,505 DEBUG   SenderThread:16621 [sender.py:send_request():406] send_request: summary_record
2023-09-30 18:21:52,505 DEBUG   HandlerThread:16621 [handler.py:handle_request():144] handle_request: status_report
2023-09-30 18:21:52,505 INFO    SenderThread:16621 [sender.py:_save_file():1375] saving file wandb-summary.json with policy end
2023-09-30 18:21:52,915 INFO    Thread-26 :16621 [dir_watcher.py:_on_file_modified():288] file/dir modified: /Users/leo/Programming/PLR/wandb/run-20230930_182146-xpw9xxhb/files/output.log
2023-09-30 18:21:52,917 INFO    Thread-26 :16621 [dir_watcher.py:_on_file_created():271] file/dir created: /Users/leo/Programming/PLR/wandb/run-20230930_182146-xpw9xxhb/files/wandb-summary.json
2023-09-30 18:21:54,941 INFO    Thread-26 :16621 [dir_watcher.py:_on_file_modified():288] file/dir modified: /Users/leo/Programming/PLR/wandb/run-20230930_182146-xpw9xxhb/files/output.log
2023-09-30 18:21:56,947 INFO    Thread-26 :16621 [dir_watcher.py:_on_file_modified():288] file/dir modified: /Users/leo/Programming/PLR/wandb/run-20230930_182146-xpw9xxhb/files/output.log
2023-09-30 18:21:57,069 DEBUG   HandlerThread:16621 [handler.py:handle_request():144] handle_request: partial_history
2023-09-30 18:21:57,069 DEBUG   SenderThread:16621 [sender.py:send():379] send: history
2023-09-30 18:21:57,069 DEBUG   SenderThread:16621 [sender.py:send_request():406] send_request: summary_record
2023-09-30 18:21:57,070 INFO    SenderThread:16621 [sender.py:_save_file():1375] saving file wandb-summary.json with policy end
2023-09-30 18:21:57,783 DEBUG   HandlerThread:16621 [handler.py:handle_request():144] handle_request: status_report
2023-09-30 18:21:57,961 INFO    Thread-26 :16621 [dir_watcher.py:_on_file_modified():288] file/dir modified: /Users/leo/Programming/PLR/wandb/run-20230930_182146-xpw9xxhb/files/wandb-summary.json
2023-09-30 18:21:58,965 INFO    Thread-26 :16621 [dir_watcher.py:_on_file_modified():288] file/dir modified: /Users/leo/Programming/PLR/wandb/run-20230930_182146-xpw9xxhb/files/output.log
2023-09-30 18:22:00,995 INFO    Thread-26 :16621 [dir_watcher.py:_on_file_modified():288] file/dir modified: /Users/leo/Programming/PLR/wandb/run-20230930_182146-xpw9xxhb/files/output.log
2023-09-30 18:22:02,403 DEBUG   HandlerThread:16621 [handler.py:handle_request():144] handle_request: partial_history
2023-09-30 18:22:02,403 DEBUG   SenderThread:16621 [sender.py:send():379] send: history
2023-09-30 18:22:02,404 DEBUG   SenderThread:16621 [sender.py:send_request():406] send_request: summary_record
2023-09-30 18:22:02,404 INFO    SenderThread:16621 [sender.py:_save_file():1375] saving file wandb-summary.json with policy end
2023-09-30 18:22:02,829 DEBUG   HandlerThread:16621 [handler.py:handle_request():144] handle_request: status_report
2023-09-30 18:22:02,908 DEBUG   HandlerThread:16621 [handler.py:handle_request():144] handle_request: stop_status
2023-09-30 18:22:02,916 DEBUG   SenderThread:16621 [sender.py:send_request():406] send_request: stop_status
2023-09-30 18:22:02,922 DEBUG   HandlerThread:16621 [handler.py:handle_request():144] handle_request: internal_messages
2023-09-30 18:22:03,014 INFO    Thread-26 :16621 [dir_watcher.py:_on_file_modified():288] file/dir modified: /Users/leo/Programming/PLR/wandb/run-20230930_182146-xpw9xxhb/files/wandb-summary.json
2023-09-30 18:22:03,014 INFO    Thread-26 :16621 [dir_watcher.py:_on_file_modified():288] file/dir modified: /Users/leo/Programming/PLR/wandb/run-20230930_182146-xpw9xxhb/files/output.log
2023-09-30 18:22:05,023 INFO    Thread-26 :16621 [dir_watcher.py:_on_file_modified():288] file/dir modified: /Users/leo/Programming/PLR/wandb/run-20230930_182146-xpw9xxhb/files/output.log
2023-09-30 18:22:06,827 DEBUG   HandlerThread:16621 [handler.py:handle_request():144] handle_request: partial_history
2023-09-30 18:22:06,827 DEBUG   SenderThread:16621 [sender.py:send():379] send: history
2023-09-30 18:22:06,827 DEBUG   SenderThread:16621 [sender.py:send_request():406] send_request: summary_record
2023-09-30 18:22:06,828 INFO    SenderThread:16621 [sender.py:_save_file():1375] saving file wandb-summary.json with policy end
2023-09-30 18:22:07,081 INFO    Thread-26 :16621 [dir_watcher.py:_on_file_modified():288] file/dir modified: /Users/leo/Programming/PLR/wandb/run-20230930_182146-xpw9xxhb/files/wandb-summary.json
2023-09-30 18:22:07,082 INFO    Thread-26 :16621 [dir_watcher.py:_on_file_modified():288] file/dir modified: /Users/leo/Programming/PLR/wandb/run-20230930_182146-xpw9xxhb/files/output.log
2023-09-30 18:22:08,020 DEBUG   HandlerThread:16621 [handler.py:handle_request():144] handle_request: status_report
2023-09-30 18:22:09,126 INFO    Thread-26 :16621 [dir_watcher.py:_on_file_modified():288] file/dir modified: /Users/leo/Programming/PLR/wandb/run-20230930_182146-xpw9xxhb/files/output.log
2023-09-30 18:22:11,131 INFO    Thread-26 :16621 [dir_watcher.py:_on_file_modified():288] file/dir modified: /Users/leo/Programming/PLR/wandb/run-20230930_182146-xpw9xxhb/files/output.log
2023-09-30 18:22:11,247 DEBUG   HandlerThread:16621 [handler.py:handle_request():144] handle_request: partial_history
2023-09-30 18:22:11,248 DEBUG   SenderThread:16621 [sender.py:send():379] send: history
2023-09-30 18:22:11,248 DEBUG   SenderThread:16621 [sender.py:send_request():406] send_request: summary_record
2023-09-30 18:22:11,248 INFO    SenderThread:16621 [sender.py:_save_file():1375] saving file wandb-summary.json with policy end
2023-09-30 18:22:12,137 INFO    Thread-26 :16621 [dir_watcher.py:_on_file_modified():288] file/dir modified: /Users/leo/Programming/PLR/wandb/run-20230930_182146-xpw9xxhb/files/wandb-summary.json
2023-09-30 18:22:13,115 DEBUG   HandlerThread:16621 [handler.py:handle_request():144] handle_request: status_report
2023-09-30 18:22:13,143 INFO    Thread-26 :16621 [dir_watcher.py:_on_file_modified():288] file/dir modified: /Users/leo/Programming/PLR/wandb/run-20230930_182146-xpw9xxhb/files/output.log
2023-09-30 18:22:15,153 INFO    Thread-26 :16621 [dir_watcher.py:_on_file_modified():288] file/dir modified: /Users/leo/Programming/PLR/wandb/run-20230930_182146-xpw9xxhb/files/output.log
2023-09-30 18:22:15,809 DEBUG   HandlerThread:16621 [handler.py:handle_request():144] handle_request: log_artifact
2023-09-30 18:22:15,810 DEBUG   SenderThread:16621 [sender.py:send_request():406] send_request: log_artifact
2023-09-30 18:22:15,815 DEBUG   HandlerThread:16621 [handler.py:handle_request():144] handle_request: partial_history
2023-09-30 18:22:16,154 INFO    Thread-26 :16621 [dir_watcher.py:_on_file_created():271] file/dir created: /Users/leo/Programming/PLR/wandb/run-20230930_182146-xpw9xxhb/files/media/table/Generations Table_5_dbd07bb3ca85f26cf068.table.json
2023-09-30 18:22:16,155 INFO    Thread-26 :16621 [dir_watcher.py:_on_file_created():271] file/dir created: /Users/leo/Programming/PLR/wandb/run-20230930_182146-xpw9xxhb/files/media
2023-09-30 18:22:16,155 INFO    Thread-26 :16621 [dir_watcher.py:_on_file_created():271] file/dir created: /Users/leo/Programming/PLR/wandb/run-20230930_182146-xpw9xxhb/files/media/table
2023-09-30 18:22:16,631 INFO    wandb-upload_0:16621 [upload_job.py:push():131] Uploaded file /var/folders/dt/bgs1hq3d2k3dvhpt3llvs4rw0000gn/T/tmp1gan13cjwandb/1supui78-media/table/Generations Table_5_dbd07bb3ca85f26cf068.table.json
2023-09-30 18:22:16,823 DEBUG   HandlerThread:16621 [handler.py:handle_request():144] handle_request: poll_exit
2023-09-30 18:22:17,158 INFO    Thread-26 :16621 [dir_watcher.py:_on_file_modified():288] file/dir modified: /Users/leo/Programming/PLR/wandb/run-20230930_182146-xpw9xxhb/files/output.log
2023-09-30 18:22:17,242 INFO    wandb-upload_1:16621 [upload_job.py:push():89] Uploaded file /Users/leo/Library/Application Support/wandb/artifacts/staging/tmp6yd9oazq
2023-09-30 18:22:18,018 INFO    SenderThread:16621 [sender.py:send_request_log_artifact():1441] logged artifact run-xpw9xxhb-GenerationsTable - {'id': 'QXJ0aWZhY3Q6NTg5OTQ4NzM0', 'state': 'PENDING', 'artifactSequence': {'id': 'QXJ0aWZhY3RDb2xsZWN0aW9uOjEwMjc3ODI5Mg==', 'latestArtifact': None}}
2023-09-30 18:22:18,018 DEBUG   SenderThread:16621 [sender.py:send():379] send: files
2023-09-30 18:22:18,018 INFO    SenderThread:16621 [sender.py:_save_file():1375] saving file media/table/Generations Table_5_dbd07bb3ca85f26cf068.table.json with policy now
2023-09-30 18:22:18,019 DEBUG   SenderThread:16621 [sender.py:send():379] send: history
2023-09-30 18:22:18,019 DEBUG   SenderThread:16621 [sender.py:send_request():406] send_request: summary_record
2023-09-30 18:22:18,020 INFO    SenderThread:16621 [sender.py:_save_file():1375] saving file wandb-summary.json with policy end
2023-09-30 18:22:18,020 DEBUG   SenderThread:16621 [sender.py:send():379] send: telemetry
2023-09-30 18:22:18,020 DEBUG   SenderThread:16621 [sender.py:send():379] send: exit
2023-09-30 18:22:18,020 INFO    SenderThread:16621 [sender.py:send_exit():584] handling exit code: 0
2023-09-30 18:22:18,020 INFO    SenderThread:16621 [sender.py:send_exit():586] handling runtime: 27
2023-09-30 18:22:18,020 INFO    SenderThread:16621 [sender.py:_save_file():1375] saving file wandb-summary.json with policy end
2023-09-30 18:22:18,020 INFO    SenderThread:16621 [sender.py:send_exit():592] send defer
2023-09-30 18:22:18,020 DEBUG   SenderThread:16621 [sender.py:send_request():406] send_request: poll_exit
2023-09-30 18:22:18,020 DEBUG   HandlerThread:16621 [handler.py:handle_request():144] handle_request: defer
2023-09-30 18:22:18,021 INFO    HandlerThread:16621 [handler.py:handle_request_defer():170] handle defer: 0
2023-09-30 18:22:18,021 DEBUG   SenderThread:16621 [sender.py:send_request():406] send_request: defer
2023-09-30 18:22:18,021 INFO    SenderThread:16621 [sender.py:send_request_defer():608] handle sender defer: 0
2023-09-30 18:22:18,021 INFO    SenderThread:16621 [sender.py:transition_state():612] send defer: 1
2023-09-30 18:22:18,021 DEBUG   HandlerThread:16621 [handler.py:handle_request():144] handle_request: defer
2023-09-30 18:22:18,021 INFO    HandlerThread:16621 [handler.py:handle_request_defer():170] handle defer: 1
2023-09-30 18:22:18,022 DEBUG   SenderThread:16621 [sender.py:send_request():406] send_request: defer
2023-09-30 18:22:18,022 INFO    SenderThread:16621 [sender.py:send_request_defer():608] handle sender defer: 1
2023-09-30 18:22:18,022 INFO    SenderThread:16621 [sender.py:transition_state():612] send defer: 2
2023-09-30 18:22:18,022 DEBUG   HandlerThread:16621 [handler.py:handle_request():144] handle_request: defer
2023-09-30 18:22:18,022 INFO    HandlerThread:16621 [handler.py:handle_request_defer():170] handle defer: 2
2023-09-30 18:22:18,023 INFO    HandlerThread:16621 [system_monitor.py:finish():190] Stopping system monitor
2023-09-30 18:22:18,023 INFO    HandlerThread:16621 [interfaces.py:finish():202] Joined cpu monitor
2023-09-30 18:22:18,023 DEBUG   SystemMonitor:16621 [system_monitor.py:_start():159] Starting system metrics aggregation loop
2023-09-30 18:22:18,023 DEBUG   SystemMonitor:16621 [system_monitor.py:_start():166] Finished system metrics aggregation loop
2023-09-30 18:22:18,023 INFO    HandlerThread:16621 [interfaces.py:finish():202] Joined disk monitor
2023-09-30 18:22:18,023 DEBUG   SystemMonitor:16621 [system_monitor.py:_start():170] Publishing last batch of metrics
2023-09-30 18:22:18,164 INFO    Thread-26 :16621 [dir_watcher.py:_on_file_modified():288] file/dir modified: /Users/leo/Programming/PLR/wandb/run-20230930_182146-xpw9xxhb/files/wandb-summary.json
2023-09-30 18:22:18,535 INFO    wandb-upload_0:16621 [upload_job.py:push():131] Uploaded file /var/folders/dt/bgs1hq3d2k3dvhpt3llvs4rw0000gn/T/tmp1gan13cjwandb/220a7u8c-media/table/Generations Table_5_dbd07bb3ca85f26cf068.table.json
2023-09-30 18:22:19,143 INFO    HandlerThread:16621 [interfaces.py:finish():202] Joined gpuapple monitor
2023-09-30 18:22:19,143 INFO    HandlerThread:16621 [interfaces.py:finish():202] Joined memory monitor
2023-09-30 18:22:19,143 INFO    HandlerThread:16621 [interfaces.py:finish():202] Joined network monitor
2023-09-30 18:22:19,143 DEBUG   HandlerThread:16621 [handler.py:handle_request():144] handle_request: status_report
2023-09-30 18:22:19,252 DEBUG   SenderThread:16621 [sender.py:send_request():406] send_request: defer
2023-09-30 18:22:19,252 INFO    SenderThread:16621 [sender.py:send_request_defer():608] handle sender defer: 2
2023-09-30 18:22:19,252 INFO    SenderThread:16621 [sender.py:transition_state():612] send defer: 3
2023-09-30 18:22:19,252 DEBUG   SenderThread:16621 [sender.py:send():379] send: telemetry
2023-09-30 18:22:19,252 DEBUG   HandlerThread:16621 [handler.py:handle_request():144] handle_request: defer
2023-09-30 18:22:19,252 DEBUG   SenderThread:16621 [sender.py:send():379] send: stats
2023-09-30 18:22:19,253 INFO    HandlerThread:16621 [handler.py:handle_request_defer():170] handle defer: 3
2023-09-30 18:22:19,253 DEBUG   SenderThread:16621 [sender.py:send_request():406] send_request: defer
2023-09-30 18:22:19,253 INFO    SenderThread:16621 [sender.py:send_request_defer():608] handle sender defer: 3
2023-09-30 18:22:19,253 INFO    SenderThread:16621 [sender.py:transition_state():612] send defer: 4
2023-09-30 18:22:19,253 DEBUG   HandlerThread:16621 [handler.py:handle_request():144] handle_request: defer
2023-09-30 18:22:19,253 INFO    HandlerThread:16621 [handler.py:handle_request_defer():170] handle defer: 4
2023-09-30 18:22:19,253 DEBUG   SenderThread:16621 [sender.py:send_request():406] send_request: defer
2023-09-30 18:22:19,253 INFO    SenderThread:16621 [sender.py:send_request_defer():608] handle sender defer: 4
2023-09-30 18:22:19,253 INFO    SenderThread:16621 [sender.py:transition_state():612] send defer: 5
2023-09-30 18:22:19,253 DEBUG   HandlerThread:16621 [handler.py:handle_request():144] handle_request: defer
2023-09-30 18:22:19,253 INFO    HandlerThread:16621 [handler.py:handle_request_defer():170] handle defer: 5
2023-09-30 18:22:19,254 DEBUG   SenderThread:16621 [sender.py:send():379] send: summary
2023-09-30 18:22:19,254 INFO    SenderThread:16621 [sender.py:_save_file():1375] saving file wandb-summary.json with policy end
2023-09-30 18:22:19,254 DEBUG   SenderThread:16621 [sender.py:send_request():406] send_request: defer
2023-09-30 18:22:19,254 INFO    SenderThread:16621 [sender.py:send_request_defer():608] handle sender defer: 5
2023-09-30 18:22:19,254 INFO    SenderThread:16621 [sender.py:transition_state():612] send defer: 6
2023-09-30 18:22:19,254 DEBUG   HandlerThread:16621 [handler.py:handle_request():144] handle_request: defer
2023-09-30 18:22:19,254 INFO    HandlerThread:16621 [handler.py:handle_request_defer():170] handle defer: 6
2023-09-30 18:22:19,254 DEBUG   SenderThread:16621 [sender.py:send_request():406] send_request: defer
2023-09-30 18:22:19,254 INFO    SenderThread:16621 [sender.py:send_request_defer():608] handle sender defer: 6
2023-09-30 18:22:19,256 DEBUG   HandlerThread:16621 [handler.py:handle_request():144] handle_request: status_report
2023-09-30 18:22:19,453 INFO    SenderThread:16621 [sender.py:transition_state():612] send defer: 7
2023-09-30 18:22:19,454 DEBUG   HandlerThread:16621 [handler.py:handle_request():144] handle_request: defer
2023-09-30 18:22:19,454 INFO    HandlerThread:16621 [handler.py:handle_request_defer():170] handle defer: 7
2023-09-30 18:22:19,454 DEBUG   SenderThread:16621 [sender.py:send_request():406] send_request: defer
2023-09-30 18:22:19,454 INFO    SenderThread:16621 [sender.py:send_request_defer():608] handle sender defer: 7
2023-09-30 18:22:20,170 INFO    Thread-26 :16621 [dir_watcher.py:_on_file_modified():288] file/dir modified: /Users/leo/Programming/PLR/wandb/run-20230930_182146-xpw9xxhb/files/wandb-summary.json
2023-09-30 18:22:20,170 INFO    Thread-26 :16621 [dir_watcher.py:_on_file_modified():288] file/dir modified: /Users/leo/Programming/PLR/wandb/run-20230930_182146-xpw9xxhb/files/config.yaml
2023-09-30 18:22:20,403 INFO    SenderThread:16621 [sender.py:transition_state():612] send defer: 8
2023-09-30 18:22:20,403 DEBUG   HandlerThread:16621 [handler.py:handle_request():144] handle_request: defer
2023-09-30 18:22:20,403 INFO    HandlerThread:16621 [handler.py:handle_request_defer():170] handle defer: 8
2023-09-30 18:22:20,403 DEBUG   SenderThread:16621 [sender.py:send_request():406] send_request: defer
2023-09-30 18:22:20,403 INFO    SenderThread:16621 [sender.py:send_request_defer():608] handle sender defer: 8
2023-09-30 18:22:20,404 INFO    SenderThread:16621 [job_builder.py:build():281] Attempting to build job artifact
2023-09-30 18:22:20,404 INFO    SenderThread:16621 [job_builder.py:_get_source_type():393] is repo sourced job
2023-09-30 18:22:20,406 INFO    SenderThread:16621 [job_builder.py:build():369] adding wandb-job metadata file
2023-09-30 18:22:20,410 INFO    SenderThread:16621 [sender.py:transition_state():612] send defer: 9
2023-09-30 18:22:20,410 DEBUG   HandlerThread:16621 [handler.py:handle_request():144] handle_request: defer
2023-09-30 18:22:20,410 INFO    HandlerThread:16621 [handler.py:handle_request_defer():170] handle defer: 9
2023-09-30 18:22:20,410 DEBUG   SenderThread:16621 [sender.py:send():379] send: artifact
2023-09-30 18:22:21,174 INFO    Thread-26 :16621 [dir_watcher.py:_on_file_modified():288] file/dir modified: /Users/leo/Programming/PLR/wandb/run-20230930_182146-xpw9xxhb/files/output.log
2023-09-30 18:22:21,257 INFO    wandb-upload_1:16621 [upload_job.py:push():86] Skipped uploading /Users/leo/Library/Application Support/wandb/artifacts/staging/tmpv782c5zo
2023-09-30 18:22:21,836 DEBUG   HandlerThread:16621 [handler.py:handle_request():144] handle_request: keepalive
2023-09-30 18:22:21,946 INFO    wandb-upload_0:16621 [upload_job.py:push():89] Uploaded file /Users/leo/Library/Application Support/wandb/artifacts/staging/tmpnh7vu9c8
2023-09-30 18:22:24,040 INFO    SenderThread:16621 [sender.py:send_artifact():1453] sent artifact job-https___github.com_leothesouthafrican_PLR.git_Leo_gen_algo_opt_folder_genetic_algorithm.py - {'id': 'QXJ0aWZhY3Q6NTg5OTQ4Nzg4', 'state': 'PENDING', 'artifactSequence': {'id': 'QXJ0aWZhY3RDb2xsZWN0aW9uOjEwMjY3Mjc5OA==', 'latestArtifact': {'id': 'QXJ0aWZhY3Q6NTg5OTQ0MjU2', 'versionIndex': 9}}}
2023-09-30 18:22:24,041 DEBUG   SenderThread:16621 [sender.py:send_request():406] send_request: defer
2023-09-30 18:22:24,041 INFO    SenderThread:16621 [sender.py:send_request_defer():608] handle sender defer: 9
2023-09-30 18:22:24,041 INFO    SenderThread:16621 [dir_watcher.py:finish():358] shutting down directory watcher
2023-09-30 18:22:24,190 INFO    SenderThread:16621 [dir_watcher.py:finish():388] scan: /Users/leo/Programming/PLR/wandb/run-20230930_182146-xpw9xxhb/files
2023-09-30 18:22:24,190 INFO    SenderThread:16621 [dir_watcher.py:finish():402] scan save: /Users/leo/Programming/PLR/wandb/run-20230930_182146-xpw9xxhb/files/requirements.txt requirements.txt
2023-09-30 18:22:24,190 INFO    SenderThread:16621 [dir_watcher.py:finish():402] scan save: /Users/leo/Programming/PLR/wandb/run-20230930_182146-xpw9xxhb/files/output.log output.log
2023-09-30 18:22:24,192 INFO    SenderThread:16621 [dir_watcher.py:finish():402] scan save: /Users/leo/Programming/PLR/wandb/run-20230930_182146-xpw9xxhb/files/config.yaml config.yaml
2023-09-30 18:22:24,194 INFO    SenderThread:16621 [dir_watcher.py:finish():402] scan save: /Users/leo/Programming/PLR/wandb/run-20230930_182146-xpw9xxhb/files/wandb-summary.json wandb-summary.json
2023-09-30 18:22:24,194 INFO    SenderThread:16621 [dir_watcher.py:finish():402] scan save: /Users/leo/Programming/PLR/wandb/run-20230930_182146-xpw9xxhb/files/wandb-metadata.json wandb-metadata.json
2023-09-30 18:22:24,199 INFO    SenderThread:16621 [dir_watcher.py:finish():402] scan save: /Users/leo/Programming/PLR/wandb/run-20230930_182146-xpw9xxhb/files/media/table/Generations Table_5_dbd07bb3ca85f26cf068.table.json media/table/Generations Table_5_dbd07bb3ca85f26cf068.table.json
2023-09-30 18:22:24,199 INFO    SenderThread:16621 [sender.py:transition_state():612] send defer: 10
2023-09-30 18:22:24,199 DEBUG   HandlerThread:16621 [handler.py:handle_request():144] handle_request: defer
2023-09-30 18:22:24,199 INFO    HandlerThread:16621 [handler.py:handle_request_defer():170] handle defer: 10
2023-09-30 18:22:24,200 DEBUG   SenderThread:16621 [sender.py:send_request():406] send_request: defer
2023-09-30 18:22:24,200 INFO    SenderThread:16621 [sender.py:send_request_defer():608] handle sender defer: 10
2023-09-30 18:22:24,200 INFO    SenderThread:16621 [file_pusher.py:finish():175] shutting down file pusher
2023-09-30 18:22:24,561 INFO    wandb-upload_0:16621 [upload_job.py:push():131] Uploaded file /Users/leo/Programming/PLR/wandb/run-20230930_182146-xpw9xxhb/files/output.log
2023-09-30 18:22:24,595 INFO    wandb-upload_1:16621 [upload_job.py:push():131] Uploaded file /Users/leo/Programming/PLR/wandb/run-20230930_182146-xpw9xxhb/files/requirements.txt
2023-09-30 18:22:24,825 INFO    wandb-upload_2:16621 [upload_job.py:push():131] Uploaded file /Users/leo/Programming/PLR/wandb/run-20230930_182146-xpw9xxhb/files/config.yaml
2023-09-30 18:22:24,826 INFO    wandb-upload_3:16621 [upload_job.py:push():131] Uploaded file /Users/leo/Programming/PLR/wandb/run-20230930_182146-xpw9xxhb/files/wandb-summary.json
2023-09-30 18:22:25,029 INFO    Thread-25 (_thread_body):16621 [sender.py:transition_state():612] send defer: 11
2023-09-30 18:22:25,031 DEBUG   HandlerThread:16621 [handler.py:handle_request():144] handle_request: defer
2023-09-30 18:22:25,032 INFO    HandlerThread:16621 [handler.py:handle_request_defer():170] handle defer: 11
2023-09-30 18:22:25,032 DEBUG   SenderThread:16621 [sender.py:send_request():406] send_request: defer
2023-09-30 18:22:25,032 INFO    SenderThread:16621 [sender.py:send_request_defer():608] handle sender defer: 11
2023-09-30 18:22:25,032 INFO    SenderThread:16621 [file_pusher.py:join():181] waiting for file pusher
2023-09-30 18:22:25,032 INFO    SenderThread:16621 [sender.py:transition_state():612] send defer: 12
2023-09-30 18:22:25,033 DEBUG   HandlerThread:16621 [handler.py:handle_request():144] handle_request: defer
2023-09-30 18:22:25,033 INFO    HandlerThread:16621 [handler.py:handle_request_defer():170] handle defer: 12
2023-09-30 18:22:25,033 DEBUG   HandlerThread:16621 [handler.py:handle_request():144] handle_request: status_report
2023-09-30 18:22:25,033 DEBUG   SenderThread:16621 [sender.py:send_request():406] send_request: defer
2023-09-30 18:22:25,033 INFO    SenderThread:16621 [sender.py:send_request_defer():608] handle sender defer: 12
2023-09-30 18:22:25,033 INFO    SenderThread:16621 [file_stream.py:finish():594] file stream finish called
2023-09-30 18:22:25,204 INFO    SenderThread:16621 [file_stream.py:finish():598] file stream finish is done
2023-09-30 18:22:25,205 INFO    SenderThread:16621 [sender.py:transition_state():612] send defer: 13
2023-09-30 18:22:25,206 DEBUG   HandlerThread:16621 [handler.py:handle_request():144] handle_request: defer
2023-09-30 18:22:25,206 INFO    HandlerThread:16621 [handler.py:handle_request_defer():170] handle defer: 13
2023-09-30 18:22:25,207 DEBUG   SenderThread:16621 [sender.py:send_request():406] send_request: defer
2023-09-30 18:22:25,207 INFO    SenderThread:16621 [sender.py:send_request_defer():608] handle sender defer: 13
2023-09-30 18:22:25,207 INFO    SenderThread:16621 [sender.py:transition_state():612] send defer: 14
2023-09-30 18:22:25,207 DEBUG   HandlerThread:16621 [handler.py:handle_request():144] handle_request: defer
2023-09-30 18:22:25,207 INFO    HandlerThread:16621 [handler.py:handle_request_defer():170] handle defer: 14
2023-09-30 18:22:25,207 DEBUG   SenderThread:16621 [sender.py:send():379] send: final
2023-09-30 18:22:25,207 DEBUG   SenderThread:16621 [sender.py:send():379] send: footer
2023-09-30 18:22:25,207 DEBUG   SenderThread:16621 [sender.py:send_request():406] send_request: defer
2023-09-30 18:22:25,207 INFO    SenderThread:16621 [sender.py:send_request_defer():608] handle sender defer: 14
2023-09-30 18:22:25,208 DEBUG   HandlerThread:16621 [handler.py:handle_request():144] handle_request: internal_messages
2023-09-30 18:22:25,209 DEBUG   HandlerThread:16621 [handler.py:handle_request():144] handle_request: poll_exit
2023-09-30 18:22:25,209 DEBUG   HandlerThread:16621 [handler.py:handle_request():144] handle_request: server_info
2023-09-30 18:22:25,209 DEBUG   SenderThread:16621 [sender.py:send_request():406] send_request: poll_exit
2023-09-30 18:22:25,209 DEBUG   HandlerThread:16621 [handler.py:handle_request():144] handle_request: get_summary
2023-09-30 18:22:25,210 DEBUG   SenderThread:16621 [sender.py:send_request():406] send_request: server_info
2023-09-30 18:22:25,210 DEBUG   HandlerThread:16621 [handler.py:handle_request():144] handle_request: sampled_history
2023-09-30 18:22:25,212 DEBUG   HandlerThread:16621 [handler.py:handle_request():144] handle_request: job_info
2023-09-30 18:22:25,356 DEBUG   SenderThread:16621 [sender.py:send_request():406] send_request: job_info
2023-09-30 18:22:25,357 DEBUG   HandlerThread:16621 [handler.py:handle_request():144] handle_request: shutdown
2023-09-30 18:22:25,357 INFO    HandlerThread:16621 [handler.py:finish():840] shutting down handler
2023-09-30 18:22:26,217 INFO    WriterThread:16621 [datastore.py:close():294] close: /Users/leo/Programming/PLR/wandb/run-20230930_182146-xpw9xxhb/run-xpw9xxhb.wandb
2023-09-30 18:22:26,361 INFO    SenderThread:16621 [sender.py:finish():1531] shutting down sender
2023-09-30 18:22:26,361 INFO    SenderThread:16621 [file_pusher.py:finish():175] shutting down file pusher
2023-09-30 18:22:26,361 INFO    SenderThread:16621 [file_pusher.py:join():181] waiting for file pusher
