2023-09-30 18:25:00,468 INFO    StreamThr :16621 [internal.py:wandb_internal():86] W&B internal server running at pid: 16621, started at: 2023-09-30 18:25:00.467118
2023-09-30 18:25:00,469 DEBUG   HandlerThread:16621 [handler.py:handle_request():144] handle_request: status
2023-09-30 18:25:00,470 INFO    WriterThread:16621 [datastore.py:open_for_write():85] open: /Users/leo/Programming/PLR/wandb/run-20230930_182459-no66wgb4/run-no66wgb4.wandb
2023-09-30 18:25:00,471 DEBUG   SenderThread:16621 [sender.py:send():379] send: header
2023-09-30 18:25:00,471 DEBUG   SenderThread:16621 [sender.py:send():379] send: run
2023-09-30 18:25:01,061 INFO    SenderThread:16621 [dir_watcher.py:__init__():211] watching files in: /Users/leo/Programming/PLR/wandb/run-20230930_182459-no66wgb4/files
2023-09-30 18:25:01,061 INFO    SenderThread:16621 [sender.py:_start_run_threads():1121] run started: no66wgb4 with start time 1696094699.533437
2023-09-30 18:25:01,070 DEBUG   HandlerThread:16621 [handler.py:handle_request():144] handle_request: check_version
2023-09-30 18:25:01,071 DEBUG   SenderThread:16621 [sender.py:send_request():406] send_request: check_version
2023-09-30 18:25:01,204 DEBUG   HandlerThread:16621 [handler.py:handle_request():144] handle_request: run_start
2023-09-30 18:25:01,205 DEBUG   HandlerThread:16621 [system_info.py:__init__():32] System info init
2023-09-30 18:25:01,205 DEBUG   HandlerThread:16621 [system_info.py:__init__():47] System info init done
2023-09-30 18:25:01,205 INFO    HandlerThread:16621 [system_monitor.py:start():181] Starting system monitor
2023-09-30 18:25:01,205 INFO    SystemMonitor:16621 [system_monitor.py:_start():145] Starting system asset monitoring threads
2023-09-30 18:25:01,205 INFO    HandlerThread:16621 [system_monitor.py:probe():201] Collecting system info
2023-09-30 18:25:01,206 INFO    SystemMonitor:16621 [interfaces.py:start():190] Started cpu monitoring
2023-09-30 18:25:01,206 INFO    SystemMonitor:16621 [interfaces.py:start():190] Started disk monitoring
2023-09-30 18:25:01,206 INFO    SystemMonitor:16621 [interfaces.py:start():190] Started gpuapple monitoring
2023-09-30 18:25:01,209 DEBUG   HandlerThread:16621 [system_info.py:probe():196] Probing system
2023-09-30 18:25:01,211 INFO    SystemMonitor:16621 [interfaces.py:start():190] Started memory monitoring
2023-09-30 18:25:01,212 INFO    SystemMonitor:16621 [interfaces.py:start():190] Started network monitoring
2023-09-30 18:25:01,212 DEBUG   HandlerThread:16621 [system_info.py:_probe_git():181] Probing git
2023-09-30 18:25:01,226 DEBUG   HandlerThread:16621 [system_info.py:_probe_git():189] Probing git done
2023-09-30 18:25:01,226 DEBUG   HandlerThread:16621 [system_info.py:probe():244] Probing system done
2023-09-30 18:25:01,226 DEBUG   HandlerThread:16621 [system_monitor.py:probe():210] {'os': 'macOS-14.0-arm64-arm-64bit', 'python': '3.11.4', 'heartbeatAt': '2023-09-30T17:25:01.210010', 'startedAt': '2023-09-30T17:24:59.528096', 'docker': None, 'cuda': None, 'args': (), 'state': 'running', 'program': '/Users/leo/Programming/PLR/Leo/gen_algo_opt_folder/genetic_algorithm.py', 'codePathLocal': 'Leo/gen_algo_opt_folder/genetic_algorithm.py', 'codePath': 'Leo/gen_algo_opt_folder/genetic_algorithm.py', 'git': {'remote': 'https://github.com/leothesouthafrican/PLR.git', 'commit': '5fd3a4eb908a10330b25120a123e86d552235212'}, 'email': '38779415+leothesouthafrican@users.noreply.github.com', 'root': '/Users/leo/Programming/PLR', 'host': 'Leos-MacBook-Pro.local', 'username': 'leo', 'executable': '/Users/leo/Programming/PLR/Leo/env/bin/python3', 'cpu_count': 10, 'cpu_count_logical': 10, 'disk': {'/': {'total': 855.9619140625, 'used': 12.108589172363281}}, 'gpuapple': {'type': 'arm', 'vendor': 'Apple'}, 'memory': {'total': 32.0}}
2023-09-30 18:25:01,226 INFO    HandlerThread:16621 [system_monitor.py:probe():211] Finished collecting system info
2023-09-30 18:25:01,226 INFO    HandlerThread:16621 [system_monitor.py:probe():214] Publishing system info
2023-09-30 18:25:01,226 DEBUG   HandlerThread:16621 [system_info.py:_save_pip():52] Saving list of pip packages installed into the current environment
2023-09-30 18:25:01,226 DEBUG   HandlerThread:16621 [system_info.py:_save_pip():68] Saving pip packages done
2023-09-30 18:25:01,226 INFO    HandlerThread:16621 [system_monitor.py:probe():216] Finished publishing system info
2023-09-30 18:25:01,227 DEBUG   SenderThread:16621 [sender.py:send():379] send: files
2023-09-30 18:25:01,227 INFO    SenderThread:16621 [sender.py:_save_file():1375] saving file wandb-metadata.json with policy now
2023-09-30 18:25:01,229 DEBUG   HandlerThread:16621 [handler.py:handle_request():144] handle_request: stop_status
2023-09-30 18:25:01,229 DEBUG   SenderThread:16621 [sender.py:send_request():406] send_request: stop_status
2023-09-30 18:25:01,230 DEBUG   HandlerThread:16621 [handler.py:handle_request():144] handle_request: internal_messages
2023-09-30 18:25:01,455 DEBUG   SenderThread:16621 [sender.py:send():379] send: telemetry
2023-09-30 18:25:01,456 DEBUG   SenderThread:16621 [sender.py:send():379] send: config
2023-09-30 18:25:01,895 INFO    wandb-upload_0:16621 [upload_job.py:push():131] Uploaded file /var/folders/dt/bgs1hq3d2k3dvhpt3llvs4rw0000gn/T/tmpl3jkryv6wandb/cj1157g9-wandb-metadata.json
2023-09-30 18:25:02,071 INFO    Thread-96 :16621 [dir_watcher.py:_on_file_created():271] file/dir created: /Users/leo/Programming/PLR/wandb/run-20230930_182459-no66wgb4/files/output.log
2023-09-30 18:25:02,076 INFO    Thread-96 :16621 [dir_watcher.py:_on_file_created():271] file/dir created: /Users/leo/Programming/PLR/wandb/run-20230930_182459-no66wgb4/files/wandb-metadata.json
2023-09-30 18:25:02,076 INFO    Thread-96 :16621 [dir_watcher.py:_on_file_created():271] file/dir created: /Users/leo/Programming/PLR/wandb/run-20230930_182459-no66wgb4/files/requirements.txt
2023-09-30 18:25:04,077 INFO    Thread-96 :16621 [dir_watcher.py:_on_file_modified():288] file/dir modified: /Users/leo/Programming/PLR/wandb/run-20230930_182459-no66wgb4/files/output.log
2023-09-30 18:25:05,841 DEBUG   HandlerThread:16621 [handler.py:handle_request():144] handle_request: partial_history
2023-09-30 18:25:05,842 DEBUG   SenderThread:16621 [sender.py:send():379] send: history
2023-09-30 18:25:05,842 DEBUG   SenderThread:16621 [sender.py:send_request():406] send_request: summary_record
2023-09-30 18:25:05,842 DEBUG   HandlerThread:16621 [handler.py:handle_request():144] handle_request: status_report
2023-09-30 18:25:05,842 INFO    SenderThread:16621 [sender.py:_save_file():1375] saving file wandb-summary.json with policy end
2023-09-30 18:25:06,099 INFO    Thread-96 :16621 [dir_watcher.py:_on_file_modified():288] file/dir modified: /Users/leo/Programming/PLR/wandb/run-20230930_182459-no66wgb4/files/output.log
2023-09-30 18:25:06,099 INFO    Thread-96 :16621 [dir_watcher.py:_on_file_created():271] file/dir created: /Users/leo/Programming/PLR/wandb/run-20230930_182459-no66wgb4/files/wandb-summary.json
2023-09-30 18:25:08,112 INFO    Thread-96 :16621 [dir_watcher.py:_on_file_modified():288] file/dir modified: /Users/leo/Programming/PLR/wandb/run-20230930_182459-no66wgb4/files/output.log
2023-09-30 18:25:10,120 INFO    Thread-96 :16621 [dir_watcher.py:_on_file_modified():288] file/dir modified: /Users/leo/Programming/PLR/wandb/run-20230930_182459-no66wgb4/files/output.log
2023-09-30 18:25:10,324 DEBUG   HandlerThread:16621 [handler.py:handle_request():144] handle_request: partial_history
2023-09-30 18:25:10,324 DEBUG   SenderThread:16621 [sender.py:send():379] send: history
2023-09-30 18:25:10,325 DEBUG   SenderThread:16621 [sender.py:send_request():406] send_request: summary_record
2023-09-30 18:25:10,325 INFO    SenderThread:16621 [sender.py:_save_file():1375] saving file wandb-summary.json with policy end
2023-09-30 18:25:11,050 DEBUG   HandlerThread:16621 [handler.py:handle_request():144] handle_request: status_report
2023-09-30 18:25:11,132 INFO    Thread-96 :16621 [dir_watcher.py:_on_file_modified():288] file/dir modified: /Users/leo/Programming/PLR/wandb/run-20230930_182459-no66wgb4/files/wandb-summary.json
2023-09-30 18:25:12,150 INFO    Thread-96 :16621 [dir_watcher.py:_on_file_modified():288] file/dir modified: /Users/leo/Programming/PLR/wandb/run-20230930_182459-no66wgb4/files/output.log
2023-09-30 18:25:14,158 INFO    Thread-96 :16621 [dir_watcher.py:_on_file_modified():288] file/dir modified: /Users/leo/Programming/PLR/wandb/run-20230930_182459-no66wgb4/files/output.log
2023-09-30 18:25:14,835 DEBUG   HandlerThread:16621 [handler.py:handle_request():144] handle_request: partial_history
2023-09-30 18:25:14,836 DEBUG   SenderThread:16621 [sender.py:send():379] send: history
2023-09-30 18:25:14,836 DEBUG   SenderThread:16621 [sender.py:send_request():406] send_request: summary_record
2023-09-30 18:25:14,837 INFO    SenderThread:16621 [sender.py:_save_file():1375] saving file wandb-summary.json with policy end
2023-09-30 18:25:15,166 INFO    Thread-96 :16621 [dir_watcher.py:_on_file_modified():288] file/dir modified: /Users/leo/Programming/PLR/wandb/run-20230930_182459-no66wgb4/files/wandb-summary.json
2023-09-30 18:25:16,176 INFO    Thread-96 :16621 [dir_watcher.py:_on_file_modified():288] file/dir modified: /Users/leo/Programming/PLR/wandb/run-20230930_182459-no66wgb4/files/output.log
2023-09-30 18:25:16,238 DEBUG   HandlerThread:16621 [handler.py:handle_request():144] handle_request: stop_status
2023-09-30 18:25:16,240 DEBUG   HandlerThread:16621 [handler.py:handle_request():144] handle_request: internal_messages
2023-09-30 18:25:16,241 DEBUG   SenderThread:16621 [sender.py:send_request():406] send_request: stop_status
2023-09-30 18:25:16,465 DEBUG   HandlerThread:16621 [handler.py:handle_request():144] handle_request: status_report
2023-09-30 18:25:18,204 INFO    Thread-96 :16621 [dir_watcher.py:_on_file_modified():288] file/dir modified: /Users/leo/Programming/PLR/wandb/run-20230930_182459-no66wgb4/files/output.log
2023-09-30 18:25:19,346 DEBUG   HandlerThread:16621 [handler.py:handle_request():144] handle_request: partial_history
2023-09-30 18:25:19,347 DEBUG   SenderThread:16621 [sender.py:send():379] send: history
2023-09-30 18:25:19,347 DEBUG   SenderThread:16621 [sender.py:send_request():406] send_request: summary_record
2023-09-30 18:25:19,348 INFO    SenderThread:16621 [sender.py:_save_file():1375] saving file wandb-summary.json with policy end
2023-09-30 18:25:20,272 INFO    Thread-96 :16621 [dir_watcher.py:_on_file_modified():288] file/dir modified: /Users/leo/Programming/PLR/wandb/run-20230930_182459-no66wgb4/files/wandb-summary.json
2023-09-30 18:25:20,276 INFO    Thread-96 :16621 [dir_watcher.py:_on_file_modified():288] file/dir modified: /Users/leo/Programming/PLR/wandb/run-20230930_182459-no66wgb4/files/output.log
2023-09-30 18:25:21,663 DEBUG   HandlerThread:16621 [handler.py:handle_request():144] handle_request: status_report
2023-09-30 18:25:22,257 INFO    Thread-96 :16621 [dir_watcher.py:_on_file_modified():288] file/dir modified: /Users/leo/Programming/PLR/wandb/run-20230930_182459-no66wgb4/files/output.log
2023-09-30 18:25:23,981 DEBUG   HandlerThread:16621 [handler.py:handle_request():144] handle_request: partial_history
2023-09-30 18:25:23,981 DEBUG   SenderThread:16621 [sender.py:send():379] send: history
2023-09-30 18:25:23,982 DEBUG   SenderThread:16621 [sender.py:send_request():406] send_request: summary_record
2023-09-30 18:25:23,982 INFO    SenderThread:16621 [sender.py:_save_file():1375] saving file wandb-summary.json with policy end
2023-09-30 18:25:24,260 INFO    Thread-96 :16621 [dir_watcher.py:_on_file_modified():288] file/dir modified: /Users/leo/Programming/PLR/wandb/run-20230930_182459-no66wgb4/files/wandb-summary.json
2023-09-30 18:25:24,260 INFO    Thread-96 :16621 [dir_watcher.py:_on_file_modified():288] file/dir modified: /Users/leo/Programming/PLR/wandb/run-20230930_182459-no66wgb4/files/output.log
2023-09-30 18:25:26,322 INFO    Thread-96 :16621 [dir_watcher.py:_on_file_modified():288] file/dir modified: /Users/leo/Programming/PLR/wandb/run-20230930_182459-no66wgb4/files/output.log
2023-09-30 18:25:26,825 DEBUG   HandlerThread:16621 [handler.py:handle_request():144] handle_request: status_report
2023-09-30 18:25:28,324 INFO    Thread-96 :16621 [dir_watcher.py:_on_file_modified():288] file/dir modified: /Users/leo/Programming/PLR/wandb/run-20230930_182459-no66wgb4/files/output.log
2023-09-30 18:25:28,842 DEBUG   HandlerThread:16621 [handler.py:handle_request():144] handle_request: log_artifact
2023-09-30 18:25:28,843 DEBUG   SenderThread:16621 [sender.py:send_request():406] send_request: log_artifact
2023-09-30 18:25:28,848 DEBUG   HandlerThread:16621 [handler.py:handle_request():144] handle_request: partial_history
2023-09-30 18:25:29,331 INFO    Thread-96 :16621 [dir_watcher.py:_on_file_created():271] file/dir created: /Users/leo/Programming/PLR/wandb/run-20230930_182459-no66wgb4/files/media/table/Generations Table_5_38858e64583af38657a2.table.json
2023-09-30 18:25:29,333 INFO    Thread-96 :16621 [dir_watcher.py:_on_file_created():271] file/dir created: /Users/leo/Programming/PLR/wandb/run-20230930_182459-no66wgb4/files/media
2023-09-30 18:25:29,333 INFO    Thread-96 :16621 [dir_watcher.py:_on_file_created():271] file/dir created: /Users/leo/Programming/PLR/wandb/run-20230930_182459-no66wgb4/files/media/table
2023-09-30 18:25:29,853 DEBUG   HandlerThread:16621 [handler.py:handle_request():144] handle_request: poll_exit
2023-09-30 18:25:29,887 INFO    wandb-upload_0:16621 [upload_job.py:push():131] Uploaded file /var/folders/dt/bgs1hq3d2k3dvhpt3llvs4rw0000gn/T/tmpl3jkryv6wandb/brhiq95r-media/table/Generations Table_5_38858e64583af38657a2.table.json
2023-09-30 18:25:30,159 INFO    wandb-upload_1:16621 [upload_job.py:push():89] Uploaded file /Users/leo/Library/Application Support/wandb/artifacts/staging/tmpgtz_c_99
2023-09-30 18:25:30,337 INFO    Thread-96 :16621 [dir_watcher.py:_on_file_modified():288] file/dir modified: /Users/leo/Programming/PLR/wandb/run-20230930_182459-no66wgb4/files/output.log
2023-09-30 18:25:30,960 INFO    SenderThread:16621 [sender.py:send_request_log_artifact():1441] logged artifact run-no66wgb4-GenerationsTable - {'id': 'QXJ0aWZhY3Q6NTg5OTUxNDA2', 'state': 'PENDING', 'artifactSequence': {'id': 'QXJ0aWZhY3RDb2xsZWN0aW9uOjEwMjc3ODg0NA==', 'latestArtifact': None}}
2023-09-30 18:25:30,960 DEBUG   SenderThread:16621 [sender.py:send():379] send: files
2023-09-30 18:25:30,960 INFO    SenderThread:16621 [sender.py:_save_file():1375] saving file media/table/Generations Table_5_38858e64583af38657a2.table.json with policy now
2023-09-30 18:25:30,961 DEBUG   SenderThread:16621 [sender.py:send():379] send: history
2023-09-30 18:25:30,961 DEBUG   SenderThread:16621 [sender.py:send_request():406] send_request: summary_record
2023-09-30 18:25:30,962 INFO    SenderThread:16621 [sender.py:_save_file():1375] saving file wandb-summary.json with policy end
2023-09-30 18:25:30,962 DEBUG   SenderThread:16621 [sender.py:send():379] send: telemetry
2023-09-30 18:25:30,962 DEBUG   SenderThread:16621 [sender.py:send():379] send: exit
2023-09-30 18:25:30,962 INFO    SenderThread:16621 [sender.py:send_exit():584] handling exit code: 0
2023-09-30 18:25:30,962 INFO    SenderThread:16621 [sender.py:send_exit():586] handling runtime: 27
2023-09-30 18:25:30,963 INFO    SenderThread:16621 [sender.py:_save_file():1375] saving file wandb-summary.json with policy end
2023-09-30 18:25:30,963 INFO    SenderThread:16621 [sender.py:send_exit():592] send defer
2023-09-30 18:25:30,963 DEBUG   SenderThread:16621 [sender.py:send_request():406] send_request: poll_exit
2023-09-30 18:25:30,963 DEBUG   HandlerThread:16621 [handler.py:handle_request():144] handle_request: defer
2023-09-30 18:25:30,965 INFO    HandlerThread:16621 [handler.py:handle_request_defer():170] handle defer: 0
2023-09-30 18:25:30,965 DEBUG   SenderThread:16621 [sender.py:send_request():406] send_request: defer
2023-09-30 18:25:30,965 INFO    SenderThread:16621 [sender.py:send_request_defer():608] handle sender defer: 0
2023-09-30 18:25:30,965 INFO    SenderThread:16621 [sender.py:transition_state():612] send defer: 1
2023-09-30 18:25:30,965 DEBUG   HandlerThread:16621 [handler.py:handle_request():144] handle_request: defer
2023-09-30 18:25:30,965 INFO    HandlerThread:16621 [handler.py:handle_request_defer():170] handle defer: 1
2023-09-30 18:25:30,965 DEBUG   SenderThread:16621 [sender.py:send_request():406] send_request: defer
2023-09-30 18:25:30,965 INFO    SenderThread:16621 [sender.py:send_request_defer():608] handle sender defer: 1
2023-09-30 18:25:30,965 INFO    SenderThread:16621 [sender.py:transition_state():612] send defer: 2
2023-09-30 18:25:30,965 DEBUG   HandlerThread:16621 [handler.py:handle_request():144] handle_request: defer
2023-09-30 18:25:30,965 INFO    HandlerThread:16621 [handler.py:handle_request_defer():170] handle defer: 2
2023-09-30 18:25:30,965 INFO    HandlerThread:16621 [system_monitor.py:finish():190] Stopping system monitor
2023-09-30 18:25:30,965 DEBUG   SystemMonitor:16621 [system_monitor.py:_start():159] Starting system metrics aggregation loop
2023-09-30 18:25:30,966 DEBUG   SystemMonitor:16621 [system_monitor.py:_start():166] Finished system metrics aggregation loop
2023-09-30 18:25:30,966 INFO    HandlerThread:16621 [interfaces.py:finish():202] Joined cpu monitor
2023-09-30 18:25:30,966 DEBUG   SystemMonitor:16621 [system_monitor.py:_start():170] Publishing last batch of metrics
2023-09-30 18:25:30,966 INFO    HandlerThread:16621 [interfaces.py:finish():202] Joined disk monitor
2023-09-30 18:25:31,343 INFO    Thread-96 :16621 [dir_watcher.py:_on_file_modified():288] file/dir modified: /Users/leo/Programming/PLR/wandb/run-20230930_182459-no66wgb4/files/wandb-summary.json
2023-09-30 18:25:31,465 INFO    wandb-upload_0:16621 [upload_job.py:push():131] Uploaded file /var/folders/dt/bgs1hq3d2k3dvhpt3llvs4rw0000gn/T/tmpl3jkryv6wandb/zuloescy-media/table/Generations Table_5_38858e64583af38657a2.table.json
2023-09-30 18:25:32,143 INFO    HandlerThread:16621 [interfaces.py:finish():202] Joined gpuapple monitor
2023-09-30 18:25:32,143 INFO    HandlerThread:16621 [interfaces.py:finish():202] Joined memory monitor
2023-09-30 18:25:32,143 INFO    HandlerThread:16621 [interfaces.py:finish():202] Joined network monitor
2023-09-30 18:25:32,144 DEBUG   HandlerThread:16621 [handler.py:handle_request():144] handle_request: status_report
2023-09-30 18:25:32,181 DEBUG   SenderThread:16621 [sender.py:send_request():406] send_request: defer
2023-09-30 18:25:32,181 INFO    SenderThread:16621 [sender.py:send_request_defer():608] handle sender defer: 2
2023-09-30 18:25:32,181 INFO    SenderThread:16621 [sender.py:transition_state():612] send defer: 3
2023-09-30 18:25:32,182 DEBUG   SenderThread:16621 [sender.py:send():379] send: telemetry
2023-09-30 18:25:32,182 DEBUG   HandlerThread:16621 [handler.py:handle_request():144] handle_request: defer
2023-09-30 18:25:32,182 INFO    HandlerThread:16621 [handler.py:handle_request_defer():170] handle defer: 3
2023-09-30 18:25:32,182 DEBUG   SenderThread:16621 [sender.py:send():379] send: stats
2023-09-30 18:25:32,182 DEBUG   SenderThread:16621 [sender.py:send_request():406] send_request: defer
2023-09-30 18:25:32,182 INFO    SenderThread:16621 [sender.py:send_request_defer():608] handle sender defer: 3
2023-09-30 18:25:32,182 INFO    SenderThread:16621 [sender.py:transition_state():612] send defer: 4
2023-09-30 18:25:32,182 DEBUG   HandlerThread:16621 [handler.py:handle_request():144] handle_request: defer
2023-09-30 18:25:32,182 INFO    HandlerThread:16621 [handler.py:handle_request_defer():170] handle defer: 4
2023-09-30 18:25:32,182 DEBUG   SenderThread:16621 [sender.py:send_request():406] send_request: defer
2023-09-30 18:25:32,182 INFO    SenderThread:16621 [sender.py:send_request_defer():608] handle sender defer: 4
2023-09-30 18:25:32,182 INFO    SenderThread:16621 [sender.py:transition_state():612] send defer: 5
2023-09-30 18:25:32,182 DEBUG   HandlerThread:16621 [handler.py:handle_request():144] handle_request: defer
2023-09-30 18:25:32,182 INFO    HandlerThread:16621 [handler.py:handle_request_defer():170] handle defer: 5
2023-09-30 18:25:32,183 DEBUG   SenderThread:16621 [sender.py:send():379] send: summary
2023-09-30 18:25:32,183 INFO    SenderThread:16621 [sender.py:_save_file():1375] saving file wandb-summary.json with policy end
2023-09-30 18:25:32,183 DEBUG   SenderThread:16621 [sender.py:send_request():406] send_request: defer
2023-09-30 18:25:32,183 INFO    SenderThread:16621 [sender.py:send_request_defer():608] handle sender defer: 5
2023-09-30 18:25:32,183 INFO    SenderThread:16621 [sender.py:transition_state():612] send defer: 6
2023-09-30 18:25:32,183 DEBUG   HandlerThread:16621 [handler.py:handle_request():144] handle_request: defer
2023-09-30 18:25:32,183 INFO    HandlerThread:16621 [handler.py:handle_request_defer():170] handle defer: 6
2023-09-30 18:25:32,183 DEBUG   SenderThread:16621 [sender.py:send_request():406] send_request: defer
2023-09-30 18:25:32,183 INFO    SenderThread:16621 [sender.py:send_request_defer():608] handle sender defer: 6
2023-09-30 18:25:32,184 DEBUG   HandlerThread:16621 [handler.py:handle_request():144] handle_request: status_report
2023-09-30 18:25:32,346 INFO    SenderThread:16621 [sender.py:transition_state():612] send defer: 7
2023-09-30 18:25:32,346 DEBUG   HandlerThread:16621 [handler.py:handle_request():144] handle_request: defer
2023-09-30 18:25:32,346 INFO    HandlerThread:16621 [handler.py:handle_request_defer():170] handle defer: 7
2023-09-30 18:25:32,347 DEBUG   SenderThread:16621 [sender.py:send_request():406] send_request: defer
2023-09-30 18:25:32,347 INFO    SenderThread:16621 [sender.py:send_request_defer():608] handle sender defer: 7
2023-09-30 18:25:32,348 INFO    Thread-96 :16621 [dir_watcher.py:_on_file_modified():288] file/dir modified: /Users/leo/Programming/PLR/wandb/run-20230930_182459-no66wgb4/files/wandb-summary.json
2023-09-30 18:25:32,348 INFO    Thread-96 :16621 [dir_watcher.py:_on_file_modified():288] file/dir modified: /Users/leo/Programming/PLR/wandb/run-20230930_182459-no66wgb4/files/config.yaml
2023-09-30 18:25:33,723 INFO    SenderThread:16621 [sender.py:transition_state():612] send defer: 8
2023-09-30 18:25:33,724 DEBUG   HandlerThread:16621 [handler.py:handle_request():144] handle_request: defer
2023-09-30 18:25:33,724 INFO    HandlerThread:16621 [handler.py:handle_request_defer():170] handle defer: 8
2023-09-30 18:25:33,724 DEBUG   SenderThread:16621 [sender.py:send_request():406] send_request: defer
2023-09-30 18:25:33,724 INFO    SenderThread:16621 [sender.py:send_request_defer():608] handle sender defer: 8
2023-09-30 18:25:33,724 INFO    SenderThread:16621 [job_builder.py:build():281] Attempting to build job artifact
2023-09-30 18:25:33,725 INFO    SenderThread:16621 [job_builder.py:_get_source_type():393] is repo sourced job
2023-09-30 18:25:33,726 INFO    SenderThread:16621 [job_builder.py:build():369] adding wandb-job metadata file
2023-09-30 18:25:33,730 INFO    SenderThread:16621 [sender.py:transition_state():612] send defer: 9
2023-09-30 18:25:33,730 DEBUG   SenderThread:16621 [sender.py:send():379] send: artifact
2023-09-30 18:25:33,731 DEBUG   HandlerThread:16621 [handler.py:handle_request():144] handle_request: defer
2023-09-30 18:25:33,731 INFO    HandlerThread:16621 [handler.py:handle_request_defer():170] handle defer: 9
2023-09-30 18:25:34,352 INFO    Thread-96 :16621 [dir_watcher.py:_on_file_modified():288] file/dir modified: /Users/leo/Programming/PLR/wandb/run-20230930_182459-no66wgb4/files/output.log
2023-09-30 18:25:34,607 INFO    wandb-upload_1:16621 [upload_job.py:push():86] Skipped uploading /Users/leo/Library/Application Support/wandb/artifacts/staging/tmpg589c0qi
2023-09-30 18:25:34,873 DEBUG   HandlerThread:16621 [handler.py:handle_request():144] handle_request: keepalive
2023-09-30 18:25:34,893 INFO    wandb-upload_0:16621 [upload_job.py:push():89] Uploaded file /Users/leo/Library/Application Support/wandb/artifacts/staging/tmpixpj0wgy
2023-09-30 18:25:36,038 INFO    SenderThread:16621 [sender.py:send_artifact():1453] sent artifact job-https___github.com_leothesouthafrican_PLR.git_Leo_gen_algo_opt_folder_genetic_algorithm.py - {'id': 'QXJ0aWZhY3Q6NTg5OTUxNDYw', 'state': 'PENDING', 'artifactSequence': {'id': 'QXJ0aWZhY3RDb2xsZWN0aW9uOjEwMjY3Mjc5OA==', 'latestArtifact': {'id': 'QXJ0aWZhY3Q6NTg5OTUwOTgz', 'versionIndex': 14}}}
2023-09-30 18:25:36,038 DEBUG   SenderThread:16621 [sender.py:send_request():406] send_request: defer
2023-09-30 18:25:36,038 INFO    SenderThread:16621 [sender.py:send_request_defer():608] handle sender defer: 9
2023-09-30 18:25:36,039 INFO    SenderThread:16621 [dir_watcher.py:finish():358] shutting down directory watcher
2023-09-30 18:25:36,359 INFO    SenderThread:16621 [dir_watcher.py:finish():388] scan: /Users/leo/Programming/PLR/wandb/run-20230930_182459-no66wgb4/files
2023-09-30 18:25:36,359 INFO    SenderThread:16621 [dir_watcher.py:finish():402] scan save: /Users/leo/Programming/PLR/wandb/run-20230930_182459-no66wgb4/files/requirements.txt requirements.txt
2023-09-30 18:25:36,359 INFO    SenderThread:16621 [dir_watcher.py:finish():402] scan save: /Users/leo/Programming/PLR/wandb/run-20230930_182459-no66wgb4/files/output.log output.log
2023-09-30 18:25:36,361 INFO    SenderThread:16621 [dir_watcher.py:finish():402] scan save: /Users/leo/Programming/PLR/wandb/run-20230930_182459-no66wgb4/files/config.yaml config.yaml
2023-09-30 18:25:36,361 INFO    SenderThread:16621 [dir_watcher.py:finish():402] scan save: /Users/leo/Programming/PLR/wandb/run-20230930_182459-no66wgb4/files/wandb-summary.json wandb-summary.json
2023-09-30 18:25:36,362 INFO    SenderThread:16621 [dir_watcher.py:finish():402] scan save: /Users/leo/Programming/PLR/wandb/run-20230930_182459-no66wgb4/files/wandb-metadata.json wandb-metadata.json
2023-09-30 18:25:36,362 INFO    SenderThread:16621 [dir_watcher.py:finish():402] scan save: /Users/leo/Programming/PLR/wandb/run-20230930_182459-no66wgb4/files/media/table/Generations Table_5_38858e64583af38657a2.table.json media/table/Generations Table_5_38858e64583af38657a2.table.json
2023-09-30 18:25:36,362 INFO    SenderThread:16621 [sender.py:transition_state():612] send defer: 10
2023-09-30 18:25:36,362 DEBUG   HandlerThread:16621 [handler.py:handle_request():144] handle_request: defer
2023-09-30 18:25:36,362 INFO    HandlerThread:16621 [handler.py:handle_request_defer():170] handle defer: 10
2023-09-30 18:25:36,363 DEBUG   SenderThread:16621 [sender.py:send_request():406] send_request: defer
2023-09-30 18:25:36,363 INFO    SenderThread:16621 [sender.py:send_request_defer():608] handle sender defer: 10
2023-09-30 18:25:36,364 INFO    SenderThread:16621 [file_pusher.py:finish():175] shutting down file pusher
2023-09-30 18:25:36,739 INFO    wandb-upload_1:16621 [upload_job.py:push():131] Uploaded file /Users/leo/Programming/PLR/wandb/run-20230930_182459-no66wgb4/files/requirements.txt
2023-09-30 18:25:36,895 INFO    wandb-upload_2:16621 [upload_job.py:push():131] Uploaded file /Users/leo/Programming/PLR/wandb/run-20230930_182459-no66wgb4/files/output.log
2023-09-30 18:25:36,896 INFO    wandb-upload_0:16621 [upload_job.py:push():131] Uploaded file /Users/leo/Programming/PLR/wandb/run-20230930_182459-no66wgb4/files/config.yaml
2023-09-30 18:25:36,904 INFO    wandb-upload_3:16621 [upload_job.py:push():131] Uploaded file /Users/leo/Programming/PLR/wandb/run-20230930_182459-no66wgb4/files/wandb-summary.json
2023-09-30 18:25:37,109 INFO    Thread-95 (_thread_body):16621 [sender.py:transition_state():612] send defer: 11
2023-09-30 18:25:37,110 DEBUG   HandlerThread:16621 [handler.py:handle_request():144] handle_request: defer
2023-09-30 18:25:37,110 INFO    HandlerThread:16621 [handler.py:handle_request_defer():170] handle defer: 11
2023-09-30 18:25:37,111 DEBUG   SenderThread:16621 [sender.py:send_request():406] send_request: defer
2023-09-30 18:25:37,111 INFO    SenderThread:16621 [sender.py:send_request_defer():608] handle sender defer: 11
2023-09-30 18:25:37,111 INFO    SenderThread:16621 [file_pusher.py:join():181] waiting for file pusher
2023-09-30 18:25:37,111 INFO    SenderThread:16621 [sender.py:transition_state():612] send defer: 12
2023-09-30 18:25:37,111 DEBUG   HandlerThread:16621 [handler.py:handle_request():144] handle_request: defer
2023-09-30 18:25:37,111 INFO    HandlerThread:16621 [handler.py:handle_request_defer():170] handle defer: 12
2023-09-30 18:25:37,111 DEBUG   SenderThread:16621 [sender.py:send_request():406] send_request: defer
2023-09-30 18:25:37,111 INFO    SenderThread:16621 [sender.py:send_request_defer():608] handle sender defer: 12
2023-09-30 18:25:37,112 INFO    SenderThread:16621 [file_stream.py:finish():594] file stream finish called
2023-09-30 18:25:37,256 INFO    SenderThread:16621 [file_stream.py:finish():598] file stream finish is done
2023-09-30 18:25:37,256 INFO    SenderThread:16621 [sender.py:transition_state():612] send defer: 13
2023-09-30 18:25:37,256 DEBUG   HandlerThread:16621 [handler.py:handle_request():144] handle_request: defer
2023-09-30 18:25:37,257 INFO    HandlerThread:16621 [handler.py:handle_request_defer():170] handle defer: 13
2023-09-30 18:25:37,257 DEBUG   HandlerThread:16621 [handler.py:handle_request():144] handle_request: status_report
2023-09-30 18:25:37,257 DEBUG   SenderThread:16621 [sender.py:send_request():406] send_request: defer
2023-09-30 18:25:37,257 INFO    SenderThread:16621 [sender.py:send_request_defer():608] handle sender defer: 13
2023-09-30 18:25:37,257 INFO    SenderThread:16621 [sender.py:transition_state():612] send defer: 14
2023-09-30 18:25:37,257 DEBUG   HandlerThread:16621 [handler.py:handle_request():144] handle_request: defer
2023-09-30 18:25:37,257 INFO    HandlerThread:16621 [handler.py:handle_request_defer():170] handle defer: 14
2023-09-30 18:25:37,257 DEBUG   SenderThread:16621 [sender.py:send():379] send: final
2023-09-30 18:25:37,257 DEBUG   SenderThread:16621 [sender.py:send():379] send: footer
2023-09-30 18:25:37,257 DEBUG   SenderThread:16621 [sender.py:send_request():406] send_request: defer
2023-09-30 18:25:37,257 INFO    SenderThread:16621 [sender.py:send_request_defer():608] handle sender defer: 14
2023-09-30 18:25:37,258 DEBUG   HandlerThread:16621 [handler.py:handle_request():144] handle_request: internal_messages
2023-09-30 18:25:37,258 DEBUG   HandlerThread:16621 [handler.py:handle_request():144] handle_request: poll_exit
2023-09-30 18:25:37,258 DEBUG   HandlerThread:16621 [handler.py:handle_request():144] handle_request: server_info
2023-09-30 18:25:37,259 DEBUG   HandlerThread:16621 [handler.py:handle_request():144] handle_request: get_summary
2023-09-30 18:25:37,259 DEBUG   HandlerThread:16621 [handler.py:handle_request():144] handle_request: sampled_history
2023-09-30 18:25:37,259 DEBUG   HandlerThread:16621 [handler.py:handle_request():144] handle_request: job_info
2023-09-30 18:25:37,259 DEBUG   SenderThread:16621 [sender.py:send_request():406] send_request: poll_exit
2023-09-30 18:25:37,259 DEBUG   SenderThread:16621 [sender.py:send_request():406] send_request: server_info
2023-09-30 18:25:37,423 DEBUG   SenderThread:16621 [sender.py:send_request():406] send_request: job_info
2023-09-30 18:25:37,425 DEBUG   HandlerThread:16621 [handler.py:handle_request():144] handle_request: shutdown
2023-09-30 18:25:37,425 INFO    HandlerThread:16621 [handler.py:finish():840] shutting down handler
2023-09-30 18:25:38,264 INFO    WriterThread:16621 [datastore.py:close():294] close: /Users/leo/Programming/PLR/wandb/run-20230930_182459-no66wgb4/run-no66wgb4.wandb
2023-09-30 18:25:38,424 INFO    SenderThread:16621 [sender.py:finish():1531] shutting down sender
2023-09-30 18:25:38,425 INFO    SenderThread:16621 [file_pusher.py:finish():175] shutting down file pusher
2023-09-30 18:25:38,425 INFO    SenderThread:16621 [file_pusher.py:join():181] waiting for file pusher
