2023-09-30 16:43:31,399 INFO    StreamThr :14071 [internal.py:wandb_internal():86] W&B internal server running at pid: 14071, started at: 2023-09-30 16:43:31.398349
2023-09-30 16:43:31,400 DEBUG   HandlerThread:14071 [handler.py:handle_request():144] handle_request: status
2023-09-30 16:43:31,403 INFO    WriterThread:14071 [datastore.py:open_for_write():85] open: /Users/leo/Programming/PLR/wandb/run-20230930_164331-fobxpep5/run-fobxpep5.wandb
2023-09-30 16:43:31,404 DEBUG   SenderThread:14071 [sender.py:send():379] send: header
2023-09-30 16:43:31,427 DEBUG   SenderThread:14071 [sender.py:send():379] send: run
2023-09-30 16:43:31,911 INFO    SenderThread:14071 [dir_watcher.py:__init__():211] watching files in: /Users/leo/Programming/PLR/wandb/run-20230930_164331-fobxpep5/files
2023-09-30 16:43:31,911 INFO    SenderThread:14071 [sender.py:_start_run_threads():1121] run started: fobxpep5 with start time 1696088611.398788
2023-09-30 16:43:31,921 DEBUG   HandlerThread:14071 [handler.py:handle_request():144] handle_request: check_version
2023-09-30 16:43:31,921 DEBUG   SenderThread:14071 [sender.py:send_request():406] send_request: check_version
2023-09-30 16:43:31,982 DEBUG   HandlerThread:14071 [handler.py:handle_request():144] handle_request: run_start
2023-09-30 16:43:31,994 DEBUG   HandlerThread:14071 [system_info.py:__init__():32] System info init
2023-09-30 16:43:31,994 DEBUG   HandlerThread:14071 [system_info.py:__init__():47] System info init done
2023-09-30 16:43:31,994 INFO    HandlerThread:14071 [system_monitor.py:start():181] Starting system monitor
2023-09-30 16:43:31,994 INFO    SystemMonitor:14071 [system_monitor.py:_start():145] Starting system asset monitoring threads
2023-09-30 16:43:31,994 INFO    HandlerThread:14071 [system_monitor.py:probe():201] Collecting system info
2023-09-30 16:43:31,995 INFO    SystemMonitor:14071 [interfaces.py:start():190] Started cpu monitoring
2023-09-30 16:43:31,995 INFO    SystemMonitor:14071 [interfaces.py:start():190] Started disk monitoring
2023-09-30 16:43:31,995 DEBUG   HandlerThread:14071 [system_info.py:probe():196] Probing system
2023-09-30 16:43:31,997 INFO    SystemMonitor:14071 [interfaces.py:start():190] Started gpuapple monitoring
2023-09-30 16:43:32,001 INFO    SystemMonitor:14071 [interfaces.py:start():190] Started memory monitoring
2023-09-30 16:43:32,002 INFO    SystemMonitor:14071 [interfaces.py:start():190] Started network monitoring
2023-09-30 16:43:32,005 DEBUG   HandlerThread:14071 [system_info.py:_probe_git():181] Probing git
2023-09-30 16:43:32,017 DEBUG   HandlerThread:14071 [system_info.py:_probe_git():189] Probing git done
2023-09-30 16:43:32,017 DEBUG   HandlerThread:14071 [system_info.py:probe():244] Probing system done
2023-09-30 16:43:32,017 DEBUG   HandlerThread:14071 [system_monitor.py:probe():210] {'os': 'macOS-14.0-arm64-arm-64bit', 'python': '3.11.4', 'heartbeatAt': '2023-09-30T15:43:31.996014', 'startedAt': '2023-09-30T15:43:31.391937', 'docker': None, 'cuda': None, 'args': (), 'state': 'running', 'program': '/Users/leo/Programming/PLR/Leo/gen_algo_opt_folder/genetic_algorithm.py', 'codePathLocal': 'Leo/gen_algo_opt_folder/genetic_algorithm.py', 'codePath': 'Leo/gen_algo_opt_folder/genetic_algorithm.py', 'git': {'remote': 'https://github.com/leothesouthafrican/PLR.git', 'commit': '7589be778cebd92f972ede671c501681bad7604d'}, 'email': '38779415+leothesouthafrican@users.noreply.github.com', 'root': '/Users/leo/Programming/PLR', 'host': 'Leos-MacBook-Pro.local', 'username': 'leo', 'executable': '/Users/leo/Programming/PLR/Leo/env/bin/python3', 'cpu_count': 10, 'cpu_count_logical': 10, 'disk': {'/': {'total': 855.9619140625, 'used': 12.108589172363281}}, 'gpuapple': {'type': 'arm', 'vendor': 'Apple'}, 'memory': {'total': 32.0}}
2023-09-30 16:43:32,017 INFO    HandlerThread:14071 [system_monitor.py:probe():211] Finished collecting system info
2023-09-30 16:43:32,017 INFO    HandlerThread:14071 [system_monitor.py:probe():214] Publishing system info
2023-09-30 16:43:32,017 DEBUG   HandlerThread:14071 [system_info.py:_save_pip():52] Saving list of pip packages installed into the current environment
2023-09-30 16:43:32,018 DEBUG   HandlerThread:14071 [system_info.py:_save_pip():68] Saving pip packages done
2023-09-30 16:43:32,018 INFO    HandlerThread:14071 [system_monitor.py:probe():216] Finished publishing system info
2023-09-30 16:43:32,019 DEBUG   SenderThread:14071 [sender.py:send():379] send: files
2023-09-30 16:43:32,020 INFO    SenderThread:14071 [sender.py:_save_file():1375] saving file wandb-metadata.json with policy now
2023-09-30 16:43:32,022 DEBUG   HandlerThread:14071 [handler.py:handle_request():144] handle_request: stop_status
2023-09-30 16:43:32,022 DEBUG   SenderThread:14071 [sender.py:send_request():406] send_request: stop_status
2023-09-30 16:43:32,023 DEBUG   HandlerThread:14071 [handler.py:handle_request():144] handle_request: internal_messages
2023-09-30 16:43:32,271 DEBUG   SenderThread:14071 [sender.py:send():379] send: telemetry
2023-09-30 16:43:32,719 INFO    wandb-upload_0:14071 [upload_job.py:push():131] Uploaded file /var/folders/dt/bgs1hq3d2k3dvhpt3llvs4rw0000gn/T/tmpb3xr76xnwandb/m3ygq7kw-wandb-metadata.json
2023-09-30 16:43:32,916 INFO    Thread-12 :14071 [dir_watcher.py:_on_file_created():271] file/dir created: /Users/leo/Programming/PLR/wandb/run-20230930_164331-fobxpep5/files/output.log
2023-09-30 16:43:32,916 INFO    Thread-12 :14071 [dir_watcher.py:_on_file_created():271] file/dir created: /Users/leo/Programming/PLR/wandb/run-20230930_164331-fobxpep5/files/requirements.txt
2023-09-30 16:43:32,916 INFO    Thread-12 :14071 [dir_watcher.py:_on_file_created():271] file/dir created: /Users/leo/Programming/PLR/wandb/run-20230930_164331-fobxpep5/files/wandb-metadata.json
2023-09-30 16:43:34,926 INFO    Thread-12 :14071 [dir_watcher.py:_on_file_modified():288] file/dir modified: /Users/leo/Programming/PLR/wandb/run-20230930_164331-fobxpep5/files/output.log
2023-09-30 16:43:36,532 DEBUG   HandlerThread:14071 [handler.py:handle_request():144] handle_request: status_report
2023-09-30 16:43:36,944 INFO    Thread-12 :14071 [dir_watcher.py:_on_file_modified():288] file/dir modified: /Users/leo/Programming/PLR/wandb/run-20230930_164331-fobxpep5/files/output.log
2023-09-30 16:43:38,961 INFO    Thread-12 :14071 [dir_watcher.py:_on_file_modified():288] file/dir modified: /Users/leo/Programming/PLR/wandb/run-20230930_164331-fobxpep5/files/output.log
2023-09-30 16:43:40,976 INFO    Thread-12 :14071 [dir_watcher.py:_on_file_modified():288] file/dir modified: /Users/leo/Programming/PLR/wandb/run-20230930_164331-fobxpep5/files/output.log
2023-09-30 16:43:41,929 DEBUG   HandlerThread:14071 [handler.py:handle_request():144] handle_request: status_report
2023-09-30 16:43:42,986 INFO    Thread-12 :14071 [dir_watcher.py:_on_file_modified():288] file/dir modified: /Users/leo/Programming/PLR/wandb/run-20230930_164331-fobxpep5/files/output.log
2023-09-30 16:43:44,993 INFO    Thread-12 :14071 [dir_watcher.py:_on_file_modified():288] file/dir modified: /Users/leo/Programming/PLR/wandb/run-20230930_164331-fobxpep5/files/output.log
2023-09-30 16:43:46,976 DEBUG   HandlerThread:14071 [handler.py:handle_request():144] handle_request: status_report
2023-09-30 16:43:47,001 INFO    Thread-12 :14071 [dir_watcher.py:_on_file_modified():288] file/dir modified: /Users/leo/Programming/PLR/wandb/run-20230930_164331-fobxpep5/files/output.log
2023-09-30 16:43:47,026 DEBUG   HandlerThread:14071 [handler.py:handle_request():144] handle_request: stop_status
2023-09-30 16:43:47,027 DEBUG   HandlerThread:14071 [handler.py:handle_request():144] handle_request: internal_messages
2023-09-30 16:43:47,027 DEBUG   SenderThread:14071 [sender.py:send_request():406] send_request: stop_status
2023-09-30 16:43:49,016 INFO    Thread-12 :14071 [dir_watcher.py:_on_file_modified():288] file/dir modified: /Users/leo/Programming/PLR/wandb/run-20230930_164331-fobxpep5/files/output.log
2023-09-30 16:43:51,026 INFO    Thread-12 :14071 [dir_watcher.py:_on_file_modified():288] file/dir modified: /Users/leo/Programming/PLR/wandb/run-20230930_164331-fobxpep5/files/output.log
2023-09-30 16:43:52,165 DEBUG   HandlerThread:14071 [handler.py:handle_request():144] handle_request: status_report
2023-09-30 16:43:53,037 INFO    Thread-12 :14071 [dir_watcher.py:_on_file_modified():288] file/dir modified: /Users/leo/Programming/PLR/wandb/run-20230930_164331-fobxpep5/files/output.log
2023-09-30 16:43:55,054 INFO    Thread-12 :14071 [dir_watcher.py:_on_file_modified():288] file/dir modified: /Users/leo/Programming/PLR/wandb/run-20230930_164331-fobxpep5/files/output.log
2023-09-30 16:43:57,063 INFO    Thread-12 :14071 [dir_watcher.py:_on_file_modified():288] file/dir modified: /Users/leo/Programming/PLR/wandb/run-20230930_164331-fobxpep5/files/output.log
2023-09-30 16:43:57,646 DEBUG   HandlerThread:14071 [handler.py:handle_request():144] handle_request: status_report
2023-09-30 16:43:59,072 INFO    Thread-12 :14071 [dir_watcher.py:_on_file_modified():288] file/dir modified: /Users/leo/Programming/PLR/wandb/run-20230930_164331-fobxpep5/files/output.log
2023-09-30 16:44:01,079 INFO    Thread-12 :14071 [dir_watcher.py:_on_file_modified():288] file/dir modified: /Users/leo/Programming/PLR/wandb/run-20230930_164331-fobxpep5/files/output.log
2023-09-30 16:44:02,028 DEBUG   HandlerThread:14071 [handler.py:handle_request():144] handle_request: internal_messages
2023-09-30 16:44:02,030 DEBUG   HandlerThread:14071 [handler.py:handle_request():144] handle_request: stop_status
2023-09-30 16:44:02,030 DEBUG   SenderThread:14071 [sender.py:send_request():406] send_request: stop_status
2023-09-30 16:44:02,761 DEBUG   HandlerThread:14071 [handler.py:handle_request():144] handle_request: status_report
2023-09-30 16:44:03,089 INFO    Thread-12 :14071 [dir_watcher.py:_on_file_modified():288] file/dir modified: /Users/leo/Programming/PLR/wandb/run-20230930_164331-fobxpep5/files/output.log
2023-09-30 16:44:03,089 INFO    Thread-12 :14071 [dir_watcher.py:_on_file_modified():288] file/dir modified: /Users/leo/Programming/PLR/wandb/run-20230930_164331-fobxpep5/files/config.yaml
2023-09-30 16:44:05,096 INFO    Thread-12 :14071 [dir_watcher.py:_on_file_modified():288] file/dir modified: /Users/leo/Programming/PLR/wandb/run-20230930_164331-fobxpep5/files/output.log
2023-09-30 16:44:07,116 INFO    Thread-12 :14071 [dir_watcher.py:_on_file_modified():288] file/dir modified: /Users/leo/Programming/PLR/wandb/run-20230930_164331-fobxpep5/files/output.log
2023-09-30 16:44:08,057 DEBUG   HandlerThread:14071 [handler.py:handle_request():144] handle_request: partial_history
2023-09-30 16:44:08,062 DEBUG   SenderThread:14071 [sender.py:send():379] send: history
2023-09-30 16:44:08,062 DEBUG   SenderThread:14071 [sender.py:send_request():406] send_request: summary_record
2023-09-30 16:44:08,064 INFO    SenderThread:14071 [sender.py:_save_file():1375] saving file wandb-summary.json with policy end
2023-09-30 16:44:08,066 DEBUG   HandlerThread:14071 [handler.py:handle_request():144] handle_request: status_report
2023-09-30 16:44:08,125 INFO    Thread-12 :14071 [dir_watcher.py:_on_file_created():271] file/dir created: /Users/leo/Programming/PLR/wandb/run-20230930_164331-fobxpep5/files/wandb-summary.json
2023-09-30 16:44:09,123 INFO    Thread-12 :14071 [dir_watcher.py:_on_file_modified():288] file/dir modified: /Users/leo/Programming/PLR/wandb/run-20230930_164331-fobxpep5/files/output.log
2023-09-30 16:44:11,129 INFO    Thread-12 :14071 [dir_watcher.py:_on_file_modified():288] file/dir modified: /Users/leo/Programming/PLR/wandb/run-20230930_164331-fobxpep5/files/output.log
2023-09-30 16:44:13,155 INFO    Thread-12 :14071 [dir_watcher.py:_on_file_modified():288] file/dir modified: /Users/leo/Programming/PLR/wandb/run-20230930_164331-fobxpep5/files/output.log
2023-09-30 16:44:13,200 DEBUG   HandlerThread:14071 [handler.py:handle_request():144] handle_request: status_report
2023-09-30 16:44:15,164 INFO    Thread-12 :14071 [dir_watcher.py:_on_file_modified():288] file/dir modified: /Users/leo/Programming/PLR/wandb/run-20230930_164331-fobxpep5/files/output.log
2023-09-30 16:44:17,035 DEBUG   HandlerThread:14071 [handler.py:handle_request():144] handle_request: internal_messages
2023-09-30 16:44:17,036 DEBUG   HandlerThread:14071 [handler.py:handle_request():144] handle_request: stop_status
2023-09-30 16:44:17,036 DEBUG   SenderThread:14071 [sender.py:send_request():406] send_request: stop_status
2023-09-30 16:44:17,169 INFO    Thread-12 :14071 [dir_watcher.py:_on_file_modified():288] file/dir modified: /Users/leo/Programming/PLR/wandb/run-20230930_164331-fobxpep5/files/output.log
2023-09-30 16:44:18,569 DEBUG   HandlerThread:14071 [handler.py:handle_request():144] handle_request: status_report
2023-09-30 16:44:19,180 INFO    Thread-12 :14071 [dir_watcher.py:_on_file_modified():288] file/dir modified: /Users/leo/Programming/PLR/wandb/run-20230930_164331-fobxpep5/files/output.log
2023-09-30 16:44:21,184 INFO    Thread-12 :14071 [dir_watcher.py:_on_file_modified():288] file/dir modified: /Users/leo/Programming/PLR/wandb/run-20230930_164331-fobxpep5/files/output.log
2023-09-30 16:44:23,195 INFO    Thread-12 :14071 [dir_watcher.py:_on_file_modified():288] file/dir modified: /Users/leo/Programming/PLR/wandb/run-20230930_164331-fobxpep5/files/output.log
2023-09-30 16:44:23,924 DEBUG   HandlerThread:14071 [handler.py:handle_request():144] handle_request: status_report
2023-09-30 16:44:25,197 INFO    Thread-12 :14071 [dir_watcher.py:_on_file_modified():288] file/dir modified: /Users/leo/Programming/PLR/wandb/run-20230930_164331-fobxpep5/files/output.log
2023-09-30 16:44:27,209 INFO    Thread-12 :14071 [dir_watcher.py:_on_file_modified():288] file/dir modified: /Users/leo/Programming/PLR/wandb/run-20230930_164331-fobxpep5/files/output.log
2023-09-30 16:44:29,228 INFO    Thread-12 :14071 [dir_watcher.py:_on_file_modified():288] file/dir modified: /Users/leo/Programming/PLR/wandb/run-20230930_164331-fobxpep5/files/output.log
2023-09-30 16:44:29,245 DEBUG   HandlerThread:14071 [handler.py:handle_request():144] handle_request: status_report
2023-09-30 16:44:31,236 INFO    Thread-12 :14071 [dir_watcher.py:_on_file_modified():288] file/dir modified: /Users/leo/Programming/PLR/wandb/run-20230930_164331-fobxpep5/files/output.log
2023-09-30 16:44:32,025 DEBUG   SystemMonitor:14071 [system_monitor.py:_start():159] Starting system metrics aggregation loop
2023-09-30 16:44:32,038 DEBUG   SenderThread:14071 [sender.py:send():379] send: telemetry
2023-09-30 16:44:32,039 DEBUG   SenderThread:14071 [sender.py:send():379] send: stats
2023-09-30 16:44:32,057 DEBUG   HandlerThread:14071 [handler.py:handle_request():144] handle_request: stop_status
2023-09-30 16:44:32,058 DEBUG   HandlerThread:14071 [handler.py:handle_request():144] handle_request: internal_messages
2023-09-30 16:44:32,059 DEBUG   SenderThread:14071 [sender.py:send_request():406] send_request: stop_status
2023-09-30 16:44:33,255 INFO    Thread-12 :14071 [dir_watcher.py:_on_file_modified():288] file/dir modified: /Users/leo/Programming/PLR/wandb/run-20230930_164331-fobxpep5/files/output.log
2023-09-30 16:44:34,368 DEBUG   HandlerThread:14071 [handler.py:handle_request():144] handle_request: status_report
2023-09-30 16:44:35,271 INFO    Thread-12 :14071 [dir_watcher.py:_on_file_modified():288] file/dir modified: /Users/leo/Programming/PLR/wandb/run-20230930_164331-fobxpep5/files/output.log
2023-09-30 16:44:35,271 INFO    Thread-12 :14071 [dir_watcher.py:_on_file_modified():288] file/dir modified: /Users/leo/Programming/PLR/wandb/run-20230930_164331-fobxpep5/files/config.yaml
2023-09-30 16:44:37,273 INFO    Thread-12 :14071 [dir_watcher.py:_on_file_modified():288] file/dir modified: /Users/leo/Programming/PLR/wandb/run-20230930_164331-fobxpep5/files/output.log
2023-09-30 16:44:39,288 INFO    Thread-12 :14071 [dir_watcher.py:_on_file_modified():288] file/dir modified: /Users/leo/Programming/PLR/wandb/run-20230930_164331-fobxpep5/files/output.log
2023-09-30 16:44:39,865 DEBUG   HandlerThread:14071 [handler.py:handle_request():144] handle_request: status_report
2023-09-30 16:44:41,307 INFO    Thread-12 :14071 [dir_watcher.py:_on_file_modified():288] file/dir modified: /Users/leo/Programming/PLR/wandb/run-20230930_164331-fobxpep5/files/output.log
2023-09-30 16:44:43,318 INFO    Thread-12 :14071 [dir_watcher.py:_on_file_modified():288] file/dir modified: /Users/leo/Programming/PLR/wandb/run-20230930_164331-fobxpep5/files/output.log
2023-09-30 16:44:45,030 DEBUG   HandlerThread:14071 [handler.py:handle_request():144] handle_request: status_report
2023-09-30 16:44:45,329 INFO    Thread-12 :14071 [dir_watcher.py:_on_file_modified():288] file/dir modified: /Users/leo/Programming/PLR/wandb/run-20230930_164331-fobxpep5/files/output.log
2023-09-30 16:44:45,483 DEBUG   HandlerThread:14071 [handler.py:handle_request():144] handle_request: partial_history
2023-09-30 16:44:45,489 DEBUG   SenderThread:14071 [sender.py:send():379] send: history
2023-09-30 16:44:45,489 DEBUG   SenderThread:14071 [sender.py:send_request():406] send_request: summary_record
2023-09-30 16:44:45,490 INFO    SenderThread:14071 [sender.py:_save_file():1375] saving file wandb-summary.json with policy end
2023-09-30 16:44:46,344 INFO    Thread-12 :14071 [dir_watcher.py:_on_file_modified():288] file/dir modified: /Users/leo/Programming/PLR/wandb/run-20230930_164331-fobxpep5/files/wandb-summary.json
2023-09-30 16:44:47,042 DEBUG   HandlerThread:14071 [handler.py:handle_request():144] handle_request: internal_messages
2023-09-30 16:44:47,043 DEBUG   HandlerThread:14071 [handler.py:handle_request():144] handle_request: stop_status
2023-09-30 16:44:47,044 DEBUG   SenderThread:14071 [sender.py:send_request():406] send_request: stop_status
2023-09-30 16:44:47,349 INFO    Thread-12 :14071 [dir_watcher.py:_on_file_modified():288] file/dir modified: /Users/leo/Programming/PLR/wandb/run-20230930_164331-fobxpep5/files/output.log
2023-09-30 16:44:49,383 INFO    Thread-12 :14071 [dir_watcher.py:_on_file_modified():288] file/dir modified: /Users/leo/Programming/PLR/wandb/run-20230930_164331-fobxpep5/files/output.log
2023-09-30 16:44:50,424 DEBUG   HandlerThread:14071 [handler.py:handle_request():144] handle_request: status_report
2023-09-30 16:44:51,386 INFO    Thread-12 :14071 [dir_watcher.py:_on_file_modified():288] file/dir modified: /Users/leo/Programming/PLR/wandb/run-20230930_164331-fobxpep5/files/output.log
2023-09-30 16:44:53,391 INFO    Thread-12 :14071 [dir_watcher.py:_on_file_modified():288] file/dir modified: /Users/leo/Programming/PLR/wandb/run-20230930_164331-fobxpep5/files/output.log
2023-09-30 16:44:55,402 INFO    Thread-12 :14071 [dir_watcher.py:_on_file_modified():288] file/dir modified: /Users/leo/Programming/PLR/wandb/run-20230930_164331-fobxpep5/files/output.log
2023-09-30 16:44:55,773 DEBUG   HandlerThread:14071 [handler.py:handle_request():144] handle_request: status_report
2023-09-30 16:44:57,408 INFO    Thread-12 :14071 [dir_watcher.py:_on_file_modified():288] file/dir modified: /Users/leo/Programming/PLR/wandb/run-20230930_164331-fobxpep5/files/output.log
2023-09-30 16:44:59,415 INFO    Thread-12 :14071 [dir_watcher.py:_on_file_modified():288] file/dir modified: /Users/leo/Programming/PLR/wandb/run-20230930_164331-fobxpep5/files/output.log
2023-09-30 16:45:01,063 DEBUG   HandlerThread:14071 [handler.py:handle_request():144] handle_request: status_report
2023-09-30 16:45:01,435 INFO    Thread-12 :14071 [dir_watcher.py:_on_file_modified():288] file/dir modified: /Users/leo/Programming/PLR/wandb/run-20230930_164331-fobxpep5/files/output.log
2023-09-30 16:45:02,033 DEBUG   SenderThread:14071 [sender.py:send():379] send: stats
2023-09-30 16:45:02,045 DEBUG   HandlerThread:14071 [handler.py:handle_request():144] handle_request: internal_messages
2023-09-30 16:45:02,046 DEBUG   HandlerThread:14071 [handler.py:handle_request():144] handle_request: stop_status
2023-09-30 16:45:02,047 DEBUG   SenderThread:14071 [sender.py:send_request():406] send_request: stop_status
2023-09-30 16:45:03,463 INFO    Thread-12 :14071 [dir_watcher.py:_on_file_modified():288] file/dir modified: /Users/leo/Programming/PLR/wandb/run-20230930_164331-fobxpep5/files/output.log
2023-09-30 16:45:05,471 INFO    Thread-12 :14071 [dir_watcher.py:_on_file_modified():288] file/dir modified: /Users/leo/Programming/PLR/wandb/run-20230930_164331-fobxpep5/files/output.log
2023-09-30 16:45:06,221 DEBUG   HandlerThread:14071 [handler.py:handle_request():144] handle_request: status_report
2023-09-30 16:45:07,483 INFO    Thread-12 :14071 [dir_watcher.py:_on_file_modified():288] file/dir modified: /Users/leo/Programming/PLR/wandb/run-20230930_164331-fobxpep5/files/output.log
2023-09-30 16:45:09,500 INFO    Thread-12 :14071 [dir_watcher.py:_on_file_modified():288] file/dir modified: /Users/leo/Programming/PLR/wandb/run-20230930_164331-fobxpep5/files/output.log
2023-09-30 16:45:11,504 INFO    Thread-12 :14071 [dir_watcher.py:_on_file_modified():288] file/dir modified: /Users/leo/Programming/PLR/wandb/run-20230930_164331-fobxpep5/files/output.log
2023-09-30 16:45:11,543 DEBUG   HandlerThread:14071 [handler.py:handle_request():144] handle_request: status_report
2023-09-30 16:45:13,514 INFO    Thread-12 :14071 [dir_watcher.py:_on_file_modified():288] file/dir modified: /Users/leo/Programming/PLR/wandb/run-20230930_164331-fobxpep5/files/output.log
2023-09-30 16:45:15,523 INFO    Thread-12 :14071 [dir_watcher.py:_on_file_modified():288] file/dir modified: /Users/leo/Programming/PLR/wandb/run-20230930_164331-fobxpep5/files/output.log
2023-09-30 16:45:16,750 DEBUG   HandlerThread:14071 [handler.py:handle_request():144] handle_request: status_report
2023-09-30 16:45:17,061 DEBUG   HandlerThread:14071 [handler.py:handle_request():144] handle_request: internal_messages
2023-09-30 16:45:17,062 DEBUG   HandlerThread:14071 [handler.py:handle_request():144] handle_request: stop_status
2023-09-30 16:45:17,065 DEBUG   SenderThread:14071 [sender.py:send_request():406] send_request: stop_status
2023-09-30 16:45:17,534 INFO    Thread-12 :14071 [dir_watcher.py:_on_file_modified():288] file/dir modified: /Users/leo/Programming/PLR/wandb/run-20230930_164331-fobxpep5/files/output.log
2023-09-30 16:45:19,544 INFO    Thread-12 :14071 [dir_watcher.py:_on_file_modified():288] file/dir modified: /Users/leo/Programming/PLR/wandb/run-20230930_164331-fobxpep5/files/output.log
2023-09-30 16:45:21,554 INFO    Thread-12 :14071 [dir_watcher.py:_on_file_modified():288] file/dir modified: /Users/leo/Programming/PLR/wandb/run-20230930_164331-fobxpep5/files/output.log
2023-09-30 16:45:22,135 DEBUG   HandlerThread:14071 [handler.py:handle_request():144] handle_request: status_report
2023-09-30 16:45:23,062 DEBUG   HandlerThread:14071 [handler.py:handle_request():144] handle_request: partial_history
2023-09-30 16:45:23,064 DEBUG   SenderThread:14071 [sender.py:send():379] send: history
2023-09-30 16:45:23,064 DEBUG   SenderThread:14071 [sender.py:send_request():406] send_request: summary_record
2023-09-30 16:45:23,065 INFO    SenderThread:14071 [sender.py:_save_file():1375] saving file wandb-summary.json with policy end
2023-09-30 16:45:23,560 INFO    Thread-12 :14071 [dir_watcher.py:_on_file_modified():288] file/dir modified: /Users/leo/Programming/PLR/wandb/run-20230930_164331-fobxpep5/files/output.log
2023-09-30 16:45:23,560 INFO    Thread-12 :14071 [dir_watcher.py:_on_file_modified():288] file/dir modified: /Users/leo/Programming/PLR/wandb/run-20230930_164331-fobxpep5/files/wandb-summary.json
2023-09-30 16:45:25,574 INFO    Thread-12 :14071 [dir_watcher.py:_on_file_modified():288] file/dir modified: /Users/leo/Programming/PLR/wandb/run-20230930_164331-fobxpep5/files/output.log
2023-09-30 16:45:27,579 INFO    Thread-12 :14071 [dir_watcher.py:_on_file_modified():288] file/dir modified: /Users/leo/Programming/PLR/wandb/run-20230930_164331-fobxpep5/files/output.log
2023-09-30 16:45:27,604 DEBUG   HandlerThread:14071 [handler.py:handle_request():144] handle_request: status_report
2023-09-30 16:45:29,599 INFO    Thread-12 :14071 [dir_watcher.py:_on_file_modified():288] file/dir modified: /Users/leo/Programming/PLR/wandb/run-20230930_164331-fobxpep5/files/output.log
2023-09-30 16:45:31,600 INFO    Thread-12 :14071 [dir_watcher.py:_on_file_modified():288] file/dir modified: /Users/leo/Programming/PLR/wandb/run-20230930_164331-fobxpep5/files/output.log
2023-09-30 16:45:32,037 DEBUG   SenderThread:14071 [sender.py:send():379] send: stats
2023-09-30 16:45:32,054 DEBUG   HandlerThread:14071 [handler.py:handle_request():144] handle_request: internal_messages
2023-09-30 16:45:32,062 DEBUG   HandlerThread:14071 [handler.py:handle_request():144] handle_request: stop_status
2023-09-30 16:45:32,062 DEBUG   SenderThread:14071 [sender.py:send_request():406] send_request: stop_status
2023-09-30 16:45:32,841 DEBUG   HandlerThread:14071 [handler.py:handle_request():144] handle_request: status_report
2023-09-30 16:45:33,608 INFO    Thread-12 :14071 [dir_watcher.py:_on_file_modified():288] file/dir modified: /Users/leo/Programming/PLR/wandb/run-20230930_164331-fobxpep5/files/output.log
2023-09-30 16:45:35,619 INFO    Thread-12 :14071 [dir_watcher.py:_on_file_modified():288] file/dir modified: /Users/leo/Programming/PLR/wandb/run-20230930_164331-fobxpep5/files/output.log
2023-09-30 16:45:37,625 INFO    Thread-12 :14071 [dir_watcher.py:_on_file_modified():288] file/dir modified: /Users/leo/Programming/PLR/wandb/run-20230930_164331-fobxpep5/files/output.log
2023-09-30 16:45:37,876 DEBUG   HandlerThread:14071 [handler.py:handle_request():144] handle_request: status_report
2023-09-30 16:45:39,640 INFO    Thread-12 :14071 [dir_watcher.py:_on_file_modified():288] file/dir modified: /Users/leo/Programming/PLR/wandb/run-20230930_164331-fobxpep5/files/output.log
2023-09-30 16:45:41,648 INFO    Thread-12 :14071 [dir_watcher.py:_on_file_modified():288] file/dir modified: /Users/leo/Programming/PLR/wandb/run-20230930_164331-fobxpep5/files/output.log
2023-09-30 16:45:42,915 DEBUG   HandlerThread:14071 [handler.py:handle_request():144] handle_request: status_report
2023-09-30 16:45:43,652 INFO    Thread-12 :14071 [dir_watcher.py:_on_file_modified():288] file/dir modified: /Users/leo/Programming/PLR/wandb/run-20230930_164331-fobxpep5/files/output.log
2023-09-30 16:45:45,662 INFO    Thread-12 :14071 [dir_watcher.py:_on_file_modified():288] file/dir modified: /Users/leo/Programming/PLR/wandb/run-20230930_164331-fobxpep5/files/output.log
2023-09-30 16:45:47,058 DEBUG   HandlerThread:14071 [handler.py:handle_request():144] handle_request: internal_messages
2023-09-30 16:45:47,066 DEBUG   HandlerThread:14071 [handler.py:handle_request():144] handle_request: stop_status
2023-09-30 16:45:47,066 DEBUG   SenderThread:14071 [sender.py:send_request():406] send_request: stop_status
2023-09-30 16:45:47,687 INFO    Thread-12 :14071 [dir_watcher.py:_on_file_modified():288] file/dir modified: /Users/leo/Programming/PLR/wandb/run-20230930_164331-fobxpep5/files/output.log
2023-09-30 16:45:48,156 DEBUG   HandlerThread:14071 [handler.py:handle_request():144] handle_request: status_report
2023-09-30 16:45:49,697 INFO    Thread-12 :14071 [dir_watcher.py:_on_file_modified():288] file/dir modified: /Users/leo/Programming/PLR/wandb/run-20230930_164331-fobxpep5/files/output.log
2023-09-30 16:45:51,707 INFO    Thread-12 :14071 [dir_watcher.py:_on_file_modified():288] file/dir modified: /Users/leo/Programming/PLR/wandb/run-20230930_164331-fobxpep5/files/output.log
2023-09-30 16:45:53,245 DEBUG   HandlerThread:14071 [handler.py:handle_request():144] handle_request: status_report
2023-09-30 16:45:53,712 INFO    Thread-12 :14071 [dir_watcher.py:_on_file_modified():288] file/dir modified: /Users/leo/Programming/PLR/wandb/run-20230930_164331-fobxpep5/files/output.log
2023-09-30 16:45:55,738 INFO    Thread-12 :14071 [dir_watcher.py:_on_file_modified():288] file/dir modified: /Users/leo/Programming/PLR/wandb/run-20230930_164331-fobxpep5/files/output.log
2023-09-30 16:45:56,748 INFO    Thread-12 :14071 [dir_watcher.py:_on_file_modified():288] file/dir modified: /Users/leo/Programming/PLR/wandb/run-20230930_164331-fobxpep5/files/output.log
2023-09-30 16:45:58,730 DEBUG   HandlerThread:14071 [handler.py:handle_request():144] handle_request: status_report
2023-09-30 16:45:59,728 DEBUG   HandlerThread:14071 [handler.py:handle_request():144] handle_request: partial_history
2023-09-30 16:45:59,735 DEBUG   SenderThread:14071 [sender.py:send():379] send: history
2023-09-30 16:45:59,736 DEBUG   SenderThread:14071 [sender.py:send_request():406] send_request: summary_record
2023-09-30 16:45:59,736 INFO    SenderThread:14071 [sender.py:_save_file():1375] saving file wandb-summary.json with policy end
2023-09-30 16:45:59,769 INFO    Thread-12 :14071 [dir_watcher.py:_on_file_modified():288] file/dir modified: /Users/leo/Programming/PLR/wandb/run-20230930_164331-fobxpep5/files/output.log
2023-09-30 16:45:59,769 INFO    Thread-12 :14071 [dir_watcher.py:_on_file_modified():288] file/dir modified: /Users/leo/Programming/PLR/wandb/run-20230930_164331-fobxpep5/files/wandb-summary.json
2023-09-30 16:46:01,780 INFO    Thread-12 :14071 [dir_watcher.py:_on_file_modified():288] file/dir modified: /Users/leo/Programming/PLR/wandb/run-20230930_164331-fobxpep5/files/output.log
2023-09-30 16:46:02,041 DEBUG   SenderThread:14071 [sender.py:send():379] send: stats
2023-09-30 16:46:02,063 DEBUG   HandlerThread:14071 [handler.py:handle_request():144] handle_request: internal_messages
2023-09-30 16:46:02,073 DEBUG   HandlerThread:14071 [handler.py:handle_request():144] handle_request: stop_status
2023-09-30 16:46:02,073 DEBUG   SenderThread:14071 [sender.py:send_request():406] send_request: stop_status
2023-09-30 16:46:02,782 INFO    Thread-12 :14071 [dir_watcher.py:_on_file_modified():288] file/dir modified: /Users/leo/Programming/PLR/wandb/run-20230930_164331-fobxpep5/files/output.log
2023-09-30 16:46:03,766 DEBUG   HandlerThread:14071 [handler.py:handle_request():144] handle_request: status_report
2023-09-30 16:46:04,798 INFO    Thread-12 :14071 [dir_watcher.py:_on_file_modified():288] file/dir modified: /Users/leo/Programming/PLR/wandb/run-20230930_164331-fobxpep5/files/output.log
2023-09-30 16:46:06,814 INFO    Thread-12 :14071 [dir_watcher.py:_on_file_modified():288] file/dir modified: /Users/leo/Programming/PLR/wandb/run-20230930_164331-fobxpep5/files/output.log
2023-09-30 16:46:08,816 INFO    Thread-12 :14071 [dir_watcher.py:_on_file_modified():288] file/dir modified: /Users/leo/Programming/PLR/wandb/run-20230930_164331-fobxpep5/files/output.log
2023-09-30 16:46:09,053 DEBUG   HandlerThread:14071 [handler.py:handle_request():144] handle_request: status_report
2023-09-30 16:46:10,828 INFO    Thread-12 :14071 [dir_watcher.py:_on_file_modified():288] file/dir modified: /Users/leo/Programming/PLR/wandb/run-20230930_164331-fobxpep5/files/output.log
2023-09-30 16:46:12,838 INFO    Thread-12 :14071 [dir_watcher.py:_on_file_modified():288] file/dir modified: /Users/leo/Programming/PLR/wandb/run-20230930_164331-fobxpep5/files/output.log
2023-09-30 16:46:14,239 DEBUG   HandlerThread:14071 [handler.py:handle_request():144] handle_request: status_report
2023-09-30 16:46:14,851 INFO    Thread-12 :14071 [dir_watcher.py:_on_file_modified():288] file/dir modified: /Users/leo/Programming/PLR/wandb/run-20230930_164331-fobxpep5/files/output.log
2023-09-30 16:46:16,863 INFO    Thread-12 :14071 [dir_watcher.py:_on_file_modified():288] file/dir modified: /Users/leo/Programming/PLR/wandb/run-20230930_164331-fobxpep5/files/output.log
2023-09-30 16:46:17,065 DEBUG   HandlerThread:14071 [handler.py:handle_request():144] handle_request: internal_messages
2023-09-30 16:46:17,073 DEBUG   HandlerThread:14071 [handler.py:handle_request():144] handle_request: stop_status
2023-09-30 16:46:17,073 DEBUG   SenderThread:14071 [sender.py:send_request():406] send_request: stop_status
2023-09-30 16:46:18,881 INFO    Thread-12 :14071 [dir_watcher.py:_on_file_modified():288] file/dir modified: /Users/leo/Programming/PLR/wandb/run-20230930_164331-fobxpep5/files/output.log
2023-09-30 16:46:19,507 DEBUG   HandlerThread:14071 [handler.py:handle_request():144] handle_request: status_report
2023-09-30 16:46:20,901 INFO    Thread-12 :14071 [dir_watcher.py:_on_file_modified():288] file/dir modified: /Users/leo/Programming/PLR/wandb/run-20230930_164331-fobxpep5/files/output.log
2023-09-30 16:46:22,917 INFO    Thread-12 :14071 [dir_watcher.py:_on_file_modified():288] file/dir modified: /Users/leo/Programming/PLR/wandb/run-20230930_164331-fobxpep5/files/output.log
2023-09-30 16:46:24,638 DEBUG   HandlerThread:14071 [handler.py:handle_request():144] handle_request: status_report
2023-09-30 16:46:24,925 INFO    Thread-12 :14071 [dir_watcher.py:_on_file_modified():288] file/dir modified: /Users/leo/Programming/PLR/wandb/run-20230930_164331-fobxpep5/files/output.log
2023-09-30 16:46:26,939 INFO    Thread-12 :14071 [dir_watcher.py:_on_file_modified():288] file/dir modified: /Users/leo/Programming/PLR/wandb/run-20230930_164331-fobxpep5/files/output.log
2023-09-30 16:46:28,955 INFO    Thread-12 :14071 [dir_watcher.py:_on_file_modified():288] file/dir modified: /Users/leo/Programming/PLR/wandb/run-20230930_164331-fobxpep5/files/output.log
2023-09-30 16:46:29,858 DEBUG   HandlerThread:14071 [handler.py:handle_request():144] handle_request: status_report
2023-09-30 16:46:30,964 INFO    Thread-12 :14071 [dir_watcher.py:_on_file_modified():288] file/dir modified: /Users/leo/Programming/PLR/wandb/run-20230930_164331-fobxpep5/files/output.log
2023-09-30 16:46:32,045 DEBUG   SenderThread:14071 [sender.py:send():379] send: stats
2023-09-30 16:46:32,072 DEBUG   HandlerThread:14071 [handler.py:handle_request():144] handle_request: internal_messages
2023-09-30 16:46:32,081 DEBUG   HandlerThread:14071 [handler.py:handle_request():144] handle_request: stop_status
2023-09-30 16:46:32,082 DEBUG   SenderThread:14071 [sender.py:send_request():406] send_request: stop_status
2023-09-30 16:46:32,969 INFO    Thread-12 :14071 [dir_watcher.py:_on_file_modified():288] file/dir modified: /Users/leo/Programming/PLR/wandb/run-20230930_164331-fobxpep5/files/output.log
2023-09-30 16:46:34,977 INFO    Thread-12 :14071 [dir_watcher.py:_on_file_modified():288] file/dir modified: /Users/leo/Programming/PLR/wandb/run-20230930_164331-fobxpep5/files/output.log
2023-09-30 16:46:35,157 DEBUG   HandlerThread:14071 [handler.py:handle_request():144] handle_request: status_report
2023-09-30 16:46:36,999 INFO    Thread-12 :14071 [dir_watcher.py:_on_file_modified():288] file/dir modified: /Users/leo/Programming/PLR/wandb/run-20230930_164331-fobxpep5/files/output.log
2023-09-30 16:46:39,002 INFO    Thread-12 :14071 [dir_watcher.py:_on_file_modified():288] file/dir modified: /Users/leo/Programming/PLR/wandb/run-20230930_164331-fobxpep5/files/output.log
2023-09-30 16:46:40,242 DEBUG   HandlerThread:14071 [handler.py:handle_request():144] handle_request: partial_history
2023-09-30 16:46:40,247 DEBUG   HandlerThread:14071 [handler.py:handle_request():144] handle_request: status_report
2023-09-30 16:46:40,253 DEBUG   SenderThread:14071 [sender.py:send():379] send: history
2023-09-30 16:46:40,253 DEBUG   SenderThread:14071 [sender.py:send_request():406] send_request: summary_record
2023-09-30 16:46:40,255 INFO    SenderThread:14071 [sender.py:_save_file():1375] saving file wandb-summary.json with policy end
2023-09-30 16:46:41,007 INFO    Thread-12 :14071 [dir_watcher.py:_on_file_modified():288] file/dir modified: /Users/leo/Programming/PLR/wandb/run-20230930_164331-fobxpep5/files/output.log
2023-09-30 16:46:41,007 INFO    Thread-12 :14071 [dir_watcher.py:_on_file_modified():288] file/dir modified: /Users/leo/Programming/PLR/wandb/run-20230930_164331-fobxpep5/files/wandb-summary.json
2023-09-30 16:46:43,018 INFO    Thread-12 :14071 [dir_watcher.py:_on_file_modified():288] file/dir modified: /Users/leo/Programming/PLR/wandb/run-20230930_164331-fobxpep5/files/output.log
2023-09-30 16:46:45,025 INFO    Thread-12 :14071 [dir_watcher.py:_on_file_modified():288] file/dir modified: /Users/leo/Programming/PLR/wandb/run-20230930_164331-fobxpep5/files/output.log
2023-09-30 16:46:45,375 DEBUG   HandlerThread:14071 [handler.py:handle_request():144] handle_request: status_report
2023-09-30 16:46:47,034 INFO    Thread-12 :14071 [dir_watcher.py:_on_file_modified():288] file/dir modified: /Users/leo/Programming/PLR/wandb/run-20230930_164331-fobxpep5/files/output.log
2023-09-30 16:46:47,082 DEBUG   HandlerThread:14071 [handler.py:handle_request():144] handle_request: internal_messages
2023-09-30 16:46:47,091 DEBUG   HandlerThread:14071 [handler.py:handle_request():144] handle_request: stop_status
2023-09-30 16:46:47,102 DEBUG   SenderThread:14071 [sender.py:send_request():406] send_request: stop_status
2023-09-30 16:46:49,047 INFO    Thread-12 :14071 [dir_watcher.py:_on_file_modified():288] file/dir modified: /Users/leo/Programming/PLR/wandb/run-20230930_164331-fobxpep5/files/output.log
2023-09-30 16:46:50,545 DEBUG   HandlerThread:14071 [handler.py:handle_request():144] handle_request: status_report
2023-09-30 16:46:51,053 INFO    Thread-12 :14071 [dir_watcher.py:_on_file_modified():288] file/dir modified: /Users/leo/Programming/PLR/wandb/run-20230930_164331-fobxpep5/files/output.log
2023-09-30 16:46:53,064 INFO    Thread-12 :14071 [dir_watcher.py:_on_file_modified():288] file/dir modified: /Users/leo/Programming/PLR/wandb/run-20230930_164331-fobxpep5/files/output.log
2023-09-30 16:46:55,075 INFO    Thread-12 :14071 [dir_watcher.py:_on_file_modified():288] file/dir modified: /Users/leo/Programming/PLR/wandb/run-20230930_164331-fobxpep5/files/output.log
2023-09-30 16:46:55,918 DEBUG   HandlerThread:14071 [handler.py:handle_request():144] handle_request: status_report
2023-09-30 16:46:57,085 INFO    Thread-12 :14071 [dir_watcher.py:_on_file_modified():288] file/dir modified: /Users/leo/Programming/PLR/wandb/run-20230930_164331-fobxpep5/files/output.log
2023-09-30 16:46:59,093 INFO    Thread-12 :14071 [dir_watcher.py:_on_file_modified():288] file/dir modified: /Users/leo/Programming/PLR/wandb/run-20230930_164331-fobxpep5/files/output.log
2023-09-30 16:47:01,109 INFO    Thread-12 :14071 [dir_watcher.py:_on_file_modified():288] file/dir modified: /Users/leo/Programming/PLR/wandb/run-20230930_164331-fobxpep5/files/output.log
2023-09-30 16:47:01,160 DEBUG   HandlerThread:14071 [handler.py:handle_request():144] handle_request: status_report
2023-09-30 16:47:02,066 DEBUG   SenderThread:14071 [sender.py:send():379] send: stats
2023-09-30 16:47:02,083 DEBUG   HandlerThread:14071 [handler.py:handle_request():144] handle_request: internal_messages
2023-09-30 16:47:02,092 DEBUG   HandlerThread:14071 [handler.py:handle_request():144] handle_request: stop_status
2023-09-30 16:47:02,093 DEBUG   SenderThread:14071 [sender.py:send_request():406] send_request: stop_status
2023-09-30 16:47:03,113 INFO    Thread-12 :14071 [dir_watcher.py:_on_file_modified():288] file/dir modified: /Users/leo/Programming/PLR/wandb/run-20230930_164331-fobxpep5/files/output.log
2023-09-30 16:47:05,116 INFO    Thread-12 :14071 [dir_watcher.py:_on_file_modified():288] file/dir modified: /Users/leo/Programming/PLR/wandb/run-20230930_164331-fobxpep5/files/output.log
2023-09-30 16:47:06,539 DEBUG   HandlerThread:14071 [handler.py:handle_request():144] handle_request: status_report
2023-09-30 16:47:07,132 INFO    Thread-12 :14071 [dir_watcher.py:_on_file_modified():288] file/dir modified: /Users/leo/Programming/PLR/wandb/run-20230930_164331-fobxpep5/files/output.log
2023-09-30 16:47:09,146 INFO    Thread-12 :14071 [dir_watcher.py:_on_file_modified():288] file/dir modified: /Users/leo/Programming/PLR/wandb/run-20230930_164331-fobxpep5/files/output.log
2023-09-30 16:47:11,156 INFO    Thread-12 :14071 [dir_watcher.py:_on_file_modified():288] file/dir modified: /Users/leo/Programming/PLR/wandb/run-20230930_164331-fobxpep5/files/output.log
2023-09-30 16:47:11,863 DEBUG   HandlerThread:14071 [handler.py:handle_request():144] handle_request: status_report
2023-09-30 16:47:13,163 INFO    Thread-12 :14071 [dir_watcher.py:_on_file_modified():288] file/dir modified: /Users/leo/Programming/PLR/wandb/run-20230930_164331-fobxpep5/files/output.log
2023-09-30 16:47:15,166 INFO    Thread-12 :14071 [dir_watcher.py:_on_file_modified():288] file/dir modified: /Users/leo/Programming/PLR/wandb/run-20230930_164331-fobxpep5/files/output.log
2023-09-30 16:47:17,087 DEBUG   HandlerThread:14071 [handler.py:handle_request():144] handle_request: internal_messages
2023-09-30 16:47:17,092 DEBUG   HandlerThread:14071 [handler.py:handle_request():144] handle_request: stop_status
2023-09-30 16:47:17,092 DEBUG   SenderThread:14071 [sender.py:send_request():406] send_request: stop_status
2023-09-30 16:47:17,181 INFO    Thread-12 :14071 [dir_watcher.py:_on_file_modified():288] file/dir modified: /Users/leo/Programming/PLR/wandb/run-20230930_164331-fobxpep5/files/output.log
2023-09-30 16:47:17,339 DEBUG   HandlerThread:14071 [handler.py:handle_request():144] handle_request: status_report
2023-09-30 16:47:19,194 INFO    Thread-12 :14071 [dir_watcher.py:_on_file_modified():288] file/dir modified: /Users/leo/Programming/PLR/wandb/run-20230930_164331-fobxpep5/files/output.log
2023-09-30 16:47:20,843 DEBUG   HandlerThread:14071 [handler.py:handle_request():144] handle_request: log_artifact
2023-09-30 16:47:20,844 DEBUG   SenderThread:14071 [sender.py:send_request():406] send_request: log_artifact
2023-09-30 16:47:21,199 INFO    Thread-12 :14071 [dir_watcher.py:_on_file_modified():288] file/dir modified: /Users/leo/Programming/PLR/wandb/run-20230930_164331-fobxpep5/files/output.log
2023-09-30 16:47:21,200 INFO    Thread-12 :14071 [dir_watcher.py:_on_file_created():271] file/dir created: /Users/leo/Programming/PLR/wandb/run-20230930_164331-fobxpep5/files/media/table/Generations Table_5_1becffd5a9286f3ce114.table.json
2023-09-30 16:47:21,200 INFO    Thread-12 :14071 [dir_watcher.py:_on_file_created():271] file/dir created: /Users/leo/Programming/PLR/wandb/run-20230930_164331-fobxpep5/files/media/table
2023-09-30 16:47:21,200 INFO    Thread-12 :14071 [dir_watcher.py:_on_file_created():271] file/dir created: /Users/leo/Programming/PLR/wandb/run-20230930_164331-fobxpep5/files/media
2023-09-30 16:47:21,362 DEBUG   HandlerThread:14071 [handler.py:handle_request():144] handle_request: partial_history
2023-09-30 16:47:21,613 INFO    wandb-upload_0:14071 [upload_job.py:push():131] Uploaded file /var/folders/dt/bgs1hq3d2k3dvhpt3llvs4rw0000gn/T/tmpb3xr76xnwandb/cb1os8rt-media/table/Generations Table_5_1becffd5a9286f3ce114.table.json
2023-09-30 16:47:22,363 INFO    wandb-upload_0:14071 [upload_job.py:push():89] Uploaded file /Users/leo/Library/Application Support/wandb/artifacts/staging/tmpe09_4bb2
2023-09-30 16:47:22,370 DEBUG   HandlerThread:14071 [handler.py:handle_request():144] handle_request: poll_exit
2023-09-30 16:47:23,165 INFO    SenderThread:14071 [sender.py:send_request_log_artifact():1441] logged artifact run-fobxpep5-GenerationsTable - {'id': 'QXJ0aWZhY3Q6NTg5ODcxMjQ3', 'state': 'PENDING', 'artifactSequence': {'id': 'QXJ0aWZhY3RDb2xsZWN0aW9uOjEwMjc1NzM3Mw==', 'latestArtifact': None}}
2023-09-30 16:47:23,165 DEBUG   SenderThread:14071 [sender.py:send():379] send: files
2023-09-30 16:47:23,165 DEBUG   HandlerThread:14071 [handler.py:handle_request():144] handle_request: status_report
2023-09-30 16:47:23,165 INFO    SenderThread:14071 [sender.py:_save_file():1375] saving file media/table/Generations Table_5_1becffd5a9286f3ce114.table.json with policy now
2023-09-30 16:47:23,166 DEBUG   SenderThread:14071 [sender.py:send():379] send: history
2023-09-30 16:47:23,166 DEBUG   SenderThread:14071 [sender.py:send_request():406] send_request: summary_record
2023-09-30 16:47:23,166 INFO    SenderThread:14071 [sender.py:_save_file():1375] saving file wandb-summary.json with policy end
2023-09-30 16:47:23,166 DEBUG   SenderThread:14071 [sender.py:send():379] send: telemetry
2023-09-30 16:47:23,166 DEBUG   SenderThread:14071 [sender.py:send():379] send: exit
2023-09-30 16:47:23,166 INFO    SenderThread:14071 [sender.py:send_exit():584] handling exit code: 0
2023-09-30 16:47:23,166 INFO    SenderThread:14071 [sender.py:send_exit():586] handling runtime: 229
2023-09-30 16:47:23,166 INFO    SenderThread:14071 [sender.py:_save_file():1375] saving file wandb-summary.json with policy end
2023-09-30 16:47:23,167 INFO    SenderThread:14071 [sender.py:send_exit():592] send defer
2023-09-30 16:47:23,167 DEBUG   SenderThread:14071 [sender.py:send_request():406] send_request: poll_exit
2023-09-30 16:47:23,167 DEBUG   HandlerThread:14071 [handler.py:handle_request():144] handle_request: defer
2023-09-30 16:47:23,167 INFO    HandlerThread:14071 [handler.py:handle_request_defer():170] handle defer: 0
2023-09-30 16:47:23,167 DEBUG   SenderThread:14071 [sender.py:send_request():406] send_request: defer
2023-09-30 16:47:23,168 INFO    SenderThread:14071 [sender.py:send_request_defer():608] handle sender defer: 0
2023-09-30 16:47:23,168 INFO    SenderThread:14071 [sender.py:transition_state():612] send defer: 1
2023-09-30 16:47:23,168 DEBUG   HandlerThread:14071 [handler.py:handle_request():144] handle_request: defer
2023-09-30 16:47:23,168 INFO    HandlerThread:14071 [handler.py:handle_request_defer():170] handle defer: 1
2023-09-30 16:47:23,168 DEBUG   SenderThread:14071 [sender.py:send_request():406] send_request: defer
2023-09-30 16:47:23,168 INFO    SenderThread:14071 [sender.py:send_request_defer():608] handle sender defer: 1
2023-09-30 16:47:23,168 INFO    SenderThread:14071 [sender.py:transition_state():612] send defer: 2
2023-09-30 16:47:23,168 DEBUG   HandlerThread:14071 [handler.py:handle_request():144] handle_request: defer
2023-09-30 16:47:23,168 INFO    HandlerThread:14071 [handler.py:handle_request_defer():170] handle defer: 2
2023-09-30 16:47:23,168 INFO    HandlerThread:14071 [system_monitor.py:finish():190] Stopping system monitor
2023-09-30 16:47:23,168 DEBUG   SystemMonitor:14071 [system_monitor.py:_start():166] Finished system metrics aggregation loop
2023-09-30 16:47:23,168 DEBUG   SystemMonitor:14071 [system_monitor.py:_start():170] Publishing last batch of metrics
2023-09-30 16:47:23,169 INFO    HandlerThread:14071 [interfaces.py:finish():202] Joined cpu monitor
2023-09-30 16:47:23,169 INFO    HandlerThread:14071 [interfaces.py:finish():202] Joined disk monitor
2023-09-30 16:47:23,206 INFO    Thread-12 :14071 [dir_watcher.py:_on_file_modified():288] file/dir modified: /Users/leo/Programming/PLR/wandb/run-20230930_164331-fobxpep5/files/wandb-summary.json
2023-09-30 16:47:23,644 INFO    wandb-upload_0:14071 [upload_job.py:push():131] Uploaded file /var/folders/dt/bgs1hq3d2k3dvhpt3llvs4rw0000gn/T/tmpb3xr76xnwandb/rpwadudi-media/table/Generations Table_5_1becffd5a9286f3ce114.table.json
2023-09-30 16:47:23,782 INFO    HandlerThread:14071 [interfaces.py:finish():202] Joined gpuapple monitor
2023-09-30 16:47:23,782 INFO    HandlerThread:14071 [interfaces.py:finish():202] Joined memory monitor
2023-09-30 16:47:23,782 INFO    HandlerThread:14071 [interfaces.py:finish():202] Joined network monitor
2023-09-30 16:47:23,782 DEBUG   HandlerThread:14071 [handler.py:handle_request():144] handle_request: poll_exit
2023-09-30 16:47:23,782 DEBUG   SenderThread:14071 [sender.py:send_request():406] send_request: defer
2023-09-30 16:47:23,782 INFO    SenderThread:14071 [sender.py:send_request_defer():608] handle sender defer: 2
2023-09-30 16:47:23,782 INFO    SenderThread:14071 [sender.py:transition_state():612] send defer: 3
2023-09-30 16:47:23,783 DEBUG   SenderThread:14071 [sender.py:send():379] send: stats
2023-09-30 16:47:23,783 DEBUG   SenderThread:14071 [sender.py:send_request():406] send_request: poll_exit
2023-09-30 16:47:23,783 DEBUG   HandlerThread:14071 [handler.py:handle_request():144] handle_request: defer
2023-09-30 16:47:23,783 INFO    HandlerThread:14071 [handler.py:handle_request_defer():170] handle defer: 3
2023-09-30 16:47:23,783 DEBUG   SenderThread:14071 [sender.py:send_request():406] send_request: defer
2023-09-30 16:47:23,783 INFO    SenderThread:14071 [sender.py:send_request_defer():608] handle sender defer: 3
2023-09-30 16:47:23,783 INFO    SenderThread:14071 [sender.py:transition_state():612] send defer: 4
2023-09-30 16:47:23,783 DEBUG   HandlerThread:14071 [handler.py:handle_request():144] handle_request: defer
2023-09-30 16:47:23,783 INFO    HandlerThread:14071 [handler.py:handle_request_defer():170] handle defer: 4
2023-09-30 16:47:23,783 DEBUG   SenderThread:14071 [sender.py:send_request():406] send_request: defer
2023-09-30 16:47:23,783 INFO    SenderThread:14071 [sender.py:send_request_defer():608] handle sender defer: 4
2023-09-30 16:47:23,783 INFO    SenderThread:14071 [sender.py:transition_state():612] send defer: 5
2023-09-30 16:47:23,783 DEBUG   HandlerThread:14071 [handler.py:handle_request():144] handle_request: defer
2023-09-30 16:47:23,783 INFO    HandlerThread:14071 [handler.py:handle_request_defer():170] handle defer: 5
2023-09-30 16:47:23,784 DEBUG   SenderThread:14071 [sender.py:send():379] send: summary
2023-09-30 16:47:23,784 INFO    SenderThread:14071 [sender.py:_save_file():1375] saving file wandb-summary.json with policy end
2023-09-30 16:47:23,784 DEBUG   SenderThread:14071 [sender.py:send_request():406] send_request: defer
2023-09-30 16:47:23,784 INFO    SenderThread:14071 [sender.py:send_request_defer():608] handle sender defer: 5
2023-09-30 16:47:23,784 INFO    SenderThread:14071 [sender.py:transition_state():612] send defer: 6
2023-09-30 16:47:23,784 DEBUG   HandlerThread:14071 [handler.py:handle_request():144] handle_request: defer
2023-09-30 16:47:23,784 INFO    HandlerThread:14071 [handler.py:handle_request_defer():170] handle defer: 6
2023-09-30 16:47:23,784 DEBUG   SenderThread:14071 [sender.py:send_request():406] send_request: defer
2023-09-30 16:47:23,784 INFO    SenderThread:14071 [sender.py:send_request_defer():608] handle sender defer: 6
2023-09-30 16:47:23,785 DEBUG   HandlerThread:14071 [handler.py:handle_request():144] handle_request: status_report
2023-09-30 16:47:23,979 INFO    SenderThread:14071 [sender.py:transition_state():612] send defer: 7
2023-09-30 16:47:23,980 DEBUG   HandlerThread:14071 [handler.py:handle_request():144] handle_request: defer
2023-09-30 16:47:23,980 INFO    HandlerThread:14071 [handler.py:handle_request_defer():170] handle defer: 7
2023-09-30 16:47:23,981 DEBUG   SenderThread:14071 [sender.py:send_request():406] send_request: defer
2023-09-30 16:47:23,984 INFO    SenderThread:14071 [sender.py:send_request_defer():608] handle sender defer: 7
2023-09-30 16:47:24,210 INFO    Thread-12 :14071 [dir_watcher.py:_on_file_modified():288] file/dir modified: /Users/leo/Programming/PLR/wandb/run-20230930_164331-fobxpep5/files/wandb-summary.json
2023-09-30 16:47:24,210 INFO    Thread-12 :14071 [dir_watcher.py:_on_file_modified():288] file/dir modified: /Users/leo/Programming/PLR/wandb/run-20230930_164331-fobxpep5/files/config.yaml
2023-09-30 16:47:24,381 DEBUG   HandlerThread:14071 [handler.py:handle_request():144] handle_request: poll_exit
2023-09-30 16:47:25,045 INFO    SenderThread:14071 [sender.py:transition_state():612] send defer: 8
2023-09-30 16:47:25,046 DEBUG   SenderThread:14071 [sender.py:send_request():406] send_request: poll_exit
2023-09-30 16:47:25,046 DEBUG   HandlerThread:14071 [handler.py:handle_request():144] handle_request: defer
2023-09-30 16:47:25,047 INFO    HandlerThread:14071 [handler.py:handle_request_defer():170] handle defer: 8
2023-09-30 16:47:25,047 DEBUG   SenderThread:14071 [sender.py:send_request():406] send_request: defer
2023-09-30 16:47:25,047 INFO    SenderThread:14071 [sender.py:send_request_defer():608] handle sender defer: 8
2023-09-30 16:47:25,047 INFO    SenderThread:14071 [job_builder.py:build():281] Attempting to build job artifact
2023-09-30 16:47:25,049 INFO    SenderThread:14071 [job_builder.py:_get_source_type():393] is repo sourced job
2023-09-30 16:47:25,051 INFO    SenderThread:14071 [job_builder.py:build():369] adding wandb-job metadata file
2023-09-30 16:47:25,061 INFO    SenderThread:14071 [sender.py:transition_state():612] send defer: 9
2023-09-30 16:47:25,062 DEBUG   SenderThread:14071 [sender.py:send():379] send: artifact
2023-09-30 16:47:25,065 DEBUG   HandlerThread:14071 [handler.py:handle_request():144] handle_request: defer
2023-09-30 16:47:25,065 INFO    HandlerThread:14071 [handler.py:handle_request_defer():170] handle defer: 9
2023-09-30 16:47:25,215 INFO    Thread-12 :14071 [dir_watcher.py:_on_file_modified():288] file/dir modified: /Users/leo/Programming/PLR/wandb/run-20230930_164331-fobxpep5/files/output.log
2023-09-30 16:47:25,385 DEBUG   HandlerThread:14071 [handler.py:handle_request():144] handle_request: poll_exit
2023-09-30 16:47:25,912 INFO    SenderThread:14071 [sender.py:send_artifact():1453] sent artifact job-https___github.com_leothesouthafrican_PLR.git_Leo_gen_algo_opt_folder_genetic_algorithm.py - {'id': 'QXJ0aWZhY3Q6NTg5NzUxNzY1', 'state': 'COMMITTED', 'artifactSequence': {'id': 'QXJ0aWZhY3RDb2xsZWN0aW9uOjEwMjY3Mjc5OA==', 'latestArtifact': {'id': 'QXJ0aWZhY3Q6NTg5Nzc2Nzg4', 'versionIndex': 5}}}
2023-09-30 16:47:25,913 DEBUG   SenderThread:14071 [sender.py:send_request():406] send_request: defer
2023-09-30 16:47:25,913 INFO    SenderThread:14071 [sender.py:send_request_defer():608] handle sender defer: 9
2023-09-30 16:47:25,913 INFO    SenderThread:14071 [dir_watcher.py:finish():358] shutting down directory watcher
2023-09-30 16:47:26,222 INFO    SenderThread:14071 [dir_watcher.py:finish():388] scan: /Users/leo/Programming/PLR/wandb/run-20230930_164331-fobxpep5/files
2023-09-30 16:47:26,224 INFO    SenderThread:14071 [dir_watcher.py:finish():402] scan save: /Users/leo/Programming/PLR/wandb/run-20230930_164331-fobxpep5/files/requirements.txt requirements.txt
2023-09-30 16:47:26,224 INFO    SenderThread:14071 [dir_watcher.py:finish():402] scan save: /Users/leo/Programming/PLR/wandb/run-20230930_164331-fobxpep5/files/output.log output.log
2023-09-30 16:47:26,224 INFO    SenderThread:14071 [dir_watcher.py:finish():402] scan save: /Users/leo/Programming/PLR/wandb/run-20230930_164331-fobxpep5/files/config.yaml config.yaml
2023-09-30 16:47:26,224 INFO    SenderThread:14071 [dir_watcher.py:finish():402] scan save: /Users/leo/Programming/PLR/wandb/run-20230930_164331-fobxpep5/files/wandb-summary.json wandb-summary.json
2023-09-30 16:47:26,225 INFO    SenderThread:14071 [dir_watcher.py:finish():402] scan save: /Users/leo/Programming/PLR/wandb/run-20230930_164331-fobxpep5/files/wandb-metadata.json wandb-metadata.json
2023-09-30 16:47:26,225 INFO    SenderThread:14071 [dir_watcher.py:finish():402] scan save: /Users/leo/Programming/PLR/wandb/run-20230930_164331-fobxpep5/files/media/table/Generations Table_5_1becffd5a9286f3ce114.table.json media/table/Generations Table_5_1becffd5a9286f3ce114.table.json
2023-09-30 16:47:26,226 INFO    SenderThread:14071 [sender.py:transition_state():612] send defer: 10
2023-09-30 16:47:26,226 DEBUG   SenderThread:14071 [sender.py:send_request():406] send_request: poll_exit
2023-09-30 16:47:26,226 DEBUG   HandlerThread:14071 [handler.py:handle_request():144] handle_request: defer
2023-09-30 16:47:26,227 INFO    HandlerThread:14071 [handler.py:handle_request_defer():170] handle defer: 10
2023-09-30 16:47:26,238 DEBUG   SenderThread:14071 [sender.py:send_request():406] send_request: defer
2023-09-30 16:47:26,239 INFO    SenderThread:14071 [sender.py:send_request_defer():608] handle sender defer: 10
2023-09-30 16:47:26,241 INFO    SenderThread:14071 [file_pusher.py:finish():175] shutting down file pusher
2023-09-30 16:47:26,396 DEBUG   HandlerThread:14071 [handler.py:handle_request():144] handle_request: poll_exit
2023-09-30 16:47:26,399 DEBUG   SenderThread:14071 [sender.py:send_request():406] send_request: poll_exit
2023-09-30 16:47:26,665 INFO    wandb-upload_0:14071 [upload_job.py:push():131] Uploaded file /Users/leo/Programming/PLR/wandb/run-20230930_164331-fobxpep5/files/requirements.txt
2023-09-30 16:47:26,771 INFO    wandb-upload_1:14071 [upload_job.py:push():131] Uploaded file /Users/leo/Programming/PLR/wandb/run-20230930_164331-fobxpep5/files/output.log
2023-09-30 16:47:26,771 INFO    wandb-upload_2:14071 [upload_job.py:push():131] Uploaded file /Users/leo/Programming/PLR/wandb/run-20230930_164331-fobxpep5/files/config.yaml
2023-09-30 16:47:26,771 INFO    wandb-upload_3:14071 [upload_job.py:push():131] Uploaded file /Users/leo/Programming/PLR/wandb/run-20230930_164331-fobxpep5/files/wandb-summary.json
2023-09-30 16:47:26,976 INFO    Thread-11 (_thread_body):14071 [sender.py:transition_state():612] send defer: 11
2023-09-30 16:47:26,978 DEBUG   HandlerThread:14071 [handler.py:handle_request():144] handle_request: defer
2023-09-30 16:47:26,978 INFO    HandlerThread:14071 [handler.py:handle_request_defer():170] handle defer: 11
2023-09-30 16:47:26,979 DEBUG   SenderThread:14071 [sender.py:send_request():406] send_request: defer
2023-09-30 16:47:26,984 INFO    SenderThread:14071 [sender.py:send_request_defer():608] handle sender defer: 11
2023-09-30 16:47:26,984 INFO    SenderThread:14071 [file_pusher.py:join():181] waiting for file pusher
2023-09-30 16:47:26,984 INFO    SenderThread:14071 [sender.py:transition_state():612] send defer: 12
2023-09-30 16:47:26,985 DEBUG   HandlerThread:14071 [handler.py:handle_request():144] handle_request: defer
2023-09-30 16:47:26,985 INFO    HandlerThread:14071 [handler.py:handle_request_defer():170] handle defer: 12
2023-09-30 16:47:26,985 DEBUG   SenderThread:14071 [sender.py:send_request():406] send_request: defer
2023-09-30 16:47:26,985 INFO    SenderThread:14071 [sender.py:send_request_defer():608] handle sender defer: 12
2023-09-30 16:47:26,985 INFO    SenderThread:14071 [file_stream.py:finish():594] file stream finish called
2023-09-30 16:47:27,394 DEBUG   HandlerThread:14071 [handler.py:handle_request():144] handle_request: poll_exit
2023-09-30 16:47:27,531 INFO    SenderThread:14071 [file_stream.py:finish():598] file stream finish is done
2023-09-30 16:47:27,531 INFO    SenderThread:14071 [sender.py:transition_state():612] send defer: 13
2023-09-30 16:47:27,532 DEBUG   SenderThread:14071 [sender.py:send_request():406] send_request: poll_exit
2023-09-30 16:47:27,532 DEBUG   HandlerThread:14071 [handler.py:handle_request():144] handle_request: defer
2023-09-30 16:47:27,532 INFO    HandlerThread:14071 [handler.py:handle_request_defer():170] handle defer: 13
2023-09-30 16:47:27,532 DEBUG   SenderThread:14071 [sender.py:send_request():406] send_request: defer
2023-09-30 16:47:27,533 INFO    SenderThread:14071 [sender.py:send_request_defer():608] handle sender defer: 13
2023-09-30 16:47:27,533 INFO    SenderThread:14071 [sender.py:transition_state():612] send defer: 14
2023-09-30 16:47:27,536 DEBUG   HandlerThread:14071 [handler.py:handle_request():144] handle_request: defer
2023-09-30 16:47:27,536 INFO    HandlerThread:14071 [handler.py:handle_request_defer():170] handle defer: 14
2023-09-30 16:47:27,536 DEBUG   SenderThread:14071 [sender.py:send():379] send: final
2023-09-30 16:47:27,536 DEBUG   SenderThread:14071 [sender.py:send():379] send: footer
2023-09-30 16:47:27,537 DEBUG   SenderThread:14071 [sender.py:send_request():406] send_request: defer
2023-09-30 16:47:27,537 INFO    SenderThread:14071 [sender.py:send_request_defer():608] handle sender defer: 14
2023-09-30 16:47:27,538 DEBUG   HandlerThread:14071 [handler.py:handle_request():144] handle_request: internal_messages
2023-09-30 16:47:27,539 DEBUG   HandlerThread:14071 [handler.py:handle_request():144] handle_request: poll_exit
2023-09-30 16:47:27,539 DEBUG   HandlerThread:14071 [handler.py:handle_request():144] handle_request: server_info
2023-09-30 16:47:27,539 DEBUG   SenderThread:14071 [sender.py:send_request():406] send_request: poll_exit
2023-09-30 16:47:27,540 DEBUG   HandlerThread:14071 [handler.py:handle_request():144] handle_request: get_summary
2023-09-30 16:47:27,540 DEBUG   HandlerThread:14071 [handler.py:handle_request():144] handle_request: sampled_history
2023-09-30 16:47:27,541 DEBUG   HandlerThread:14071 [handler.py:handle_request():144] handle_request: job_info
2023-09-30 16:47:27,541 DEBUG   SenderThread:14071 [sender.py:send_request():406] send_request: server_info
2023-09-30 16:47:27,817 DEBUG   SenderThread:14071 [sender.py:send_request():406] send_request: job_info
2023-09-30 16:47:27,818 DEBUG   HandlerThread:14071 [handler.py:handle_request():144] handle_request: shutdown
2023-09-30 16:47:27,818 INFO    HandlerThread:14071 [handler.py:finish():840] shutting down handler
2023-09-30 16:47:28,546 INFO    WriterThread:14071 [datastore.py:close():294] close: /Users/leo/Programming/PLR/wandb/run-20230930_164331-fobxpep5/run-fobxpep5.wandb
2023-09-30 16:47:28,820 INFO    SenderThread:14071 [sender.py:finish():1531] shutting down sender
2023-09-30 16:47:28,820 INFO    SenderThread:14071 [file_pusher.py:finish():175] shutting down file pusher
2023-09-30 16:47:28,820 INFO    SenderThread:14071 [file_pusher.py:join():181] waiting for file pusher
