2023-09-30 14:53:43,250 INFO    StreamThr :11226 [internal.py:wandb_internal():86] W&B internal server running at pid: 11226, started at: 2023-09-30 14:53:43.250080
2023-09-30 14:53:43,251 DEBUG   HandlerThread:11226 [handler.py:handle_request():144] handle_request: status
2023-09-30 14:53:43,254 INFO    WriterThread:11226 [datastore.py:open_for_write():85] open: /Users/leo/Programming/PLR/wandb/run-20230930_145343-vefsbeho/run-vefsbeho.wandb
2023-09-30 14:53:43,254 DEBUG   SenderThread:11226 [sender.py:send():379] send: header
2023-09-30 14:53:43,271 DEBUG   SenderThread:11226 [sender.py:send():379] send: run
2023-09-30 14:53:43,616 INFO    SenderThread:11226 [dir_watcher.py:__init__():211] watching files in: /Users/leo/Programming/PLR/wandb/run-20230930_145343-vefsbeho/files
2023-09-30 14:53:43,616 INFO    SenderThread:11226 [sender.py:_start_run_threads():1121] run started: vefsbeho with start time 1696082023.250597
2023-09-30 14:53:43,629 DEBUG   HandlerThread:11226 [handler.py:handle_request():144] handle_request: check_version
2023-09-30 14:53:43,630 DEBUG   SenderThread:11226 [sender.py:send_request():406] send_request: check_version
2023-09-30 14:53:43,718 DEBUG   HandlerThread:11226 [handler.py:handle_request():144] handle_request: run_start
2023-09-30 14:53:43,729 DEBUG   HandlerThread:11226 [system_info.py:__init__():32] System info init
2023-09-30 14:53:43,729 DEBUG   HandlerThread:11226 [system_info.py:__init__():47] System info init done
2023-09-30 14:53:43,729 INFO    HandlerThread:11226 [system_monitor.py:start():181] Starting system monitor
2023-09-30 14:53:43,729 INFO    SystemMonitor:11226 [system_monitor.py:_start():145] Starting system asset monitoring threads
2023-09-30 14:53:43,729 INFO    HandlerThread:11226 [system_monitor.py:probe():201] Collecting system info
2023-09-30 14:53:43,730 INFO    SystemMonitor:11226 [interfaces.py:start():190] Started cpu monitoring
2023-09-30 14:53:43,730 DEBUG   HandlerThread:11226 [system_info.py:probe():196] Probing system
2023-09-30 14:53:43,730 INFO    SystemMonitor:11226 [interfaces.py:start():190] Started disk monitoring
2023-09-30 14:53:43,732 INFO    SystemMonitor:11226 [interfaces.py:start():190] Started gpuapple monitoring
2023-09-30 14:53:43,736 INFO    SystemMonitor:11226 [interfaces.py:start():190] Started memory monitoring
2023-09-30 14:53:43,737 INFO    SystemMonitor:11226 [interfaces.py:start():190] Started network monitoring
2023-09-30 14:53:43,740 DEBUG   HandlerThread:11226 [system_info.py:_probe_git():181] Probing git
2023-09-30 14:53:43,752 DEBUG   HandlerThread:11226 [system_info.py:_probe_git():189] Probing git done
2023-09-30 14:53:43,752 DEBUG   HandlerThread:11226 [system_info.py:probe():244] Probing system done
2023-09-30 14:53:43,752 DEBUG   HandlerThread:11226 [system_monitor.py:probe():210] {'os': 'macOS-14.0-arm64-arm-64bit', 'python': '3.11.4', 'heartbeatAt': '2023-09-30T13:53:43.732253', 'startedAt': '2023-09-30T13:53:43.245272', 'docker': None, 'cuda': None, 'args': (), 'state': 'running', 'program': '/Users/leo/Programming/PLR/Leo/gen_algo_opt_folder/genetic_algorithm.py', 'codePathLocal': 'Leo/gen_algo_opt_folder/genetic_algorithm.py', 'codePath': 'Leo/gen_algo_opt_folder/genetic_algorithm.py', 'git': {'remote': 'https://github.com/leothesouthafrican/PLR.git', 'commit': '7589be778cebd92f972ede671c501681bad7604d'}, 'email': '38779415+leothesouthafrican@users.noreply.github.com', 'root': '/Users/leo/Programming/PLR', 'host': 'Leos-MacBook-Pro.local', 'username': 'leo', 'executable': '/Users/leo/Programming/PLR/Leo/env/bin/python3', 'cpu_count': 10, 'cpu_count_logical': 10, 'disk': {'/': {'total': 855.9619140625, 'used': 12.108589172363281}}, 'gpuapple': {'type': 'arm', 'vendor': 'Apple'}, 'memory': {'total': 32.0}}
2023-09-30 14:53:43,752 INFO    HandlerThread:11226 [system_monitor.py:probe():211] Finished collecting system info
2023-09-30 14:53:43,752 INFO    HandlerThread:11226 [system_monitor.py:probe():214] Publishing system info
2023-09-30 14:53:43,752 DEBUG   HandlerThread:11226 [system_info.py:_save_pip():52] Saving list of pip packages installed into the current environment
2023-09-30 14:53:43,753 DEBUG   HandlerThread:11226 [system_info.py:_save_pip():68] Saving pip packages done
2023-09-30 14:53:43,753 INFO    HandlerThread:11226 [system_monitor.py:probe():216] Finished publishing system info
2023-09-30 14:53:43,754 DEBUG   SenderThread:11226 [sender.py:send():379] send: files
2023-09-30 14:53:43,754 INFO    SenderThread:11226 [sender.py:_save_file():1375] saving file wandb-metadata.json with policy now
2023-09-30 14:53:43,757 DEBUG   SenderThread:11226 [sender.py:send():379] send: telemetry
2023-09-30 14:53:43,757 DEBUG   HandlerThread:11226 [handler.py:handle_request():144] handle_request: stop_status
2023-09-30 14:53:43,757 DEBUG   HandlerThread:11226 [handler.py:handle_request():144] handle_request: internal_messages
2023-09-30 14:53:43,758 DEBUG   SenderThread:11226 [sender.py:send_request():406] send_request: stop_status
2023-09-30 14:53:44,366 INFO    wandb-upload_0:11226 [upload_job.py:push():131] Uploaded file /var/folders/dt/bgs1hq3d2k3dvhpt3llvs4rw0000gn/T/tmp5igi1yb5wandb/ni99xont-wandb-metadata.json
2023-09-30 14:53:44,620 INFO    Thread-12 :11226 [dir_watcher.py:_on_file_created():271] file/dir created: /Users/leo/Programming/PLR/wandb/run-20230930_145343-vefsbeho/files/requirements.txt
2023-09-30 14:53:44,620 INFO    Thread-12 :11226 [dir_watcher.py:_on_file_created():271] file/dir created: /Users/leo/Programming/PLR/wandb/run-20230930_145343-vefsbeho/files/wandb-metadata.json
2023-09-30 14:53:44,620 INFO    Thread-12 :11226 [dir_watcher.py:_on_file_created():271] file/dir created: /Users/leo/Programming/PLR/wandb/run-20230930_145343-vefsbeho/files/output.log
2023-09-30 14:53:46,630 INFO    Thread-12 :11226 [dir_watcher.py:_on_file_modified():288] file/dir modified: /Users/leo/Programming/PLR/wandb/run-20230930_145343-vefsbeho/files/output.log
2023-09-30 14:53:47,636 INFO    Thread-12 :11226 [dir_watcher.py:_on_file_modified():288] file/dir modified: /Users/leo/Programming/PLR/wandb/run-20230930_145343-vefsbeho/files/output.log
2023-09-30 14:53:48,327 DEBUG   HandlerThread:11226 [handler.py:handle_request():144] handle_request: status_report
2023-09-30 14:53:48,637 INFO    Thread-12 :11226 [dir_watcher.py:_on_file_modified():288] file/dir modified: /Users/leo/Programming/PLR/wandb/run-20230930_145343-vefsbeho/files/output.log
2023-09-30 14:53:49,640 INFO    Thread-12 :11226 [dir_watcher.py:_on_file_modified():288] file/dir modified: /Users/leo/Programming/PLR/wandb/run-20230930_145343-vefsbeho/files/output.log
2023-09-30 14:53:50,646 INFO    Thread-12 :11226 [dir_watcher.py:_on_file_modified():288] file/dir modified: /Users/leo/Programming/PLR/wandb/run-20230930_145343-vefsbeho/files/output.log
2023-09-30 14:53:51,651 INFO    Thread-12 :11226 [dir_watcher.py:_on_file_modified():288] file/dir modified: /Users/leo/Programming/PLR/wandb/run-20230930_145343-vefsbeho/files/output.log
2023-09-30 14:53:52,656 INFO    Thread-12 :11226 [dir_watcher.py:_on_file_modified():288] file/dir modified: /Users/leo/Programming/PLR/wandb/run-20230930_145343-vefsbeho/files/output.log
2023-09-30 14:53:53,343 DEBUG   HandlerThread:11226 [handler.py:handle_request():144] handle_request: status_report
2023-09-30 14:53:53,662 INFO    Thread-12 :11226 [dir_watcher.py:_on_file_modified():288] file/dir modified: /Users/leo/Programming/PLR/wandb/run-20230930_145343-vefsbeho/files/output.log
2023-09-30 14:53:54,662 INFO    Thread-12 :11226 [dir_watcher.py:_on_file_modified():288] file/dir modified: /Users/leo/Programming/PLR/wandb/run-20230930_145343-vefsbeho/files/output.log
2023-09-30 14:53:55,667 INFO    Thread-12 :11226 [dir_watcher.py:_on_file_modified():288] file/dir modified: /Users/leo/Programming/PLR/wandb/run-20230930_145343-vefsbeho/files/output.log
2023-09-30 14:53:56,672 INFO    Thread-12 :11226 [dir_watcher.py:_on_file_modified():288] file/dir modified: /Users/leo/Programming/PLR/wandb/run-20230930_145343-vefsbeho/files/output.log
2023-09-30 14:53:57,678 INFO    Thread-12 :11226 [dir_watcher.py:_on_file_modified():288] file/dir modified: /Users/leo/Programming/PLR/wandb/run-20230930_145343-vefsbeho/files/output.log
2023-09-30 14:53:58,401 DEBUG   HandlerThread:11226 [handler.py:handle_request():144] handle_request: status_report
2023-09-30 14:53:58,706 INFO    Thread-12 :11226 [dir_watcher.py:_on_file_modified():288] file/dir modified: /Users/leo/Programming/PLR/wandb/run-20230930_145343-vefsbeho/files/output.log
2023-09-30 14:53:58,764 DEBUG   HandlerThread:11226 [handler.py:handle_request():144] handle_request: internal_messages
2023-09-30 14:53:58,765 DEBUG   HandlerThread:11226 [handler.py:handle_request():144] handle_request: stop_status
2023-09-30 14:53:58,765 DEBUG   SenderThread:11226 [sender.py:send_request():406] send_request: stop_status
2023-09-30 14:53:59,705 INFO    Thread-12 :11226 [dir_watcher.py:_on_file_modified():288] file/dir modified: /Users/leo/Programming/PLR/wandb/run-20230930_145343-vefsbeho/files/output.log
2023-09-30 14:54:00,713 INFO    Thread-12 :11226 [dir_watcher.py:_on_file_modified():288] file/dir modified: /Users/leo/Programming/PLR/wandb/run-20230930_145343-vefsbeho/files/output.log
2023-09-30 14:54:01,710 INFO    Thread-12 :11226 [dir_watcher.py:_on_file_modified():288] file/dir modified: /Users/leo/Programming/PLR/wandb/run-20230930_145343-vefsbeho/files/output.log
2023-09-30 14:54:02,717 INFO    Thread-12 :11226 [dir_watcher.py:_on_file_modified():288] file/dir modified: /Users/leo/Programming/PLR/wandb/run-20230930_145343-vefsbeho/files/output.log
2023-09-30 14:54:03,723 INFO    Thread-12 :11226 [dir_watcher.py:_on_file_modified():288] file/dir modified: /Users/leo/Programming/PLR/wandb/run-20230930_145343-vefsbeho/files/output.log
2023-09-30 14:54:03,753 DEBUG   HandlerThread:11226 [handler.py:handle_request():144] handle_request: status_report
2023-09-30 14:54:04,725 INFO    Thread-12 :11226 [dir_watcher.py:_on_file_modified():288] file/dir modified: /Users/leo/Programming/PLR/wandb/run-20230930_145343-vefsbeho/files/output.log
2023-09-30 14:54:06,735 INFO    Thread-12 :11226 [dir_watcher.py:_on_file_modified():288] file/dir modified: /Users/leo/Programming/PLR/wandb/run-20230930_145343-vefsbeho/files/output.log
2023-09-30 14:54:08,745 INFO    Thread-12 :11226 [dir_watcher.py:_on_file_modified():288] file/dir modified: /Users/leo/Programming/PLR/wandb/run-20230930_145343-vefsbeho/files/output.log
2023-09-30 14:54:09,094 DEBUG   HandlerThread:11226 [handler.py:handle_request():144] handle_request: status_report
2023-09-30 14:54:09,755 INFO    Thread-12 :11226 [dir_watcher.py:_on_file_modified():288] file/dir modified: /Users/leo/Programming/PLR/wandb/run-20230930_145343-vefsbeho/files/output.log
2023-09-30 14:54:10,758 INFO    Thread-12 :11226 [dir_watcher.py:_on_file_modified():288] file/dir modified: /Users/leo/Programming/PLR/wandb/run-20230930_145343-vefsbeho/files/output.log
2023-09-30 14:54:12,769 INFO    Thread-12 :11226 [dir_watcher.py:_on_file_modified():288] file/dir modified: /Users/leo/Programming/PLR/wandb/run-20230930_145343-vefsbeho/files/output.log
2023-09-30 14:54:13,767 DEBUG   HandlerThread:11226 [handler.py:handle_request():144] handle_request: stop_status
2023-09-30 14:54:13,768 DEBUG   HandlerThread:11226 [handler.py:handle_request():144] handle_request: internal_messages
2023-09-30 14:54:13,768 DEBUG   SenderThread:11226 [sender.py:send_request():406] send_request: stop_status
2023-09-30 14:54:13,774 INFO    Thread-12 :11226 [dir_watcher.py:_on_file_modified():288] file/dir modified: /Users/leo/Programming/PLR/wandb/run-20230930_145343-vefsbeho/files/output.log
2023-09-30 14:54:14,298 DEBUG   HandlerThread:11226 [handler.py:handle_request():144] handle_request: status_report
2023-09-30 14:54:14,779 INFO    Thread-12 :11226 [dir_watcher.py:_on_file_modified():288] file/dir modified: /Users/leo/Programming/PLR/wandb/run-20230930_145343-vefsbeho/files/config.yaml
2023-09-30 14:54:14,779 INFO    Thread-12 :11226 [dir_watcher.py:_on_file_modified():288] file/dir modified: /Users/leo/Programming/PLR/wandb/run-20230930_145343-vefsbeho/files/output.log
2023-09-30 14:54:16,805 INFO    Thread-12 :11226 [dir_watcher.py:_on_file_modified():288] file/dir modified: /Users/leo/Programming/PLR/wandb/run-20230930_145343-vefsbeho/files/output.log
2023-09-30 14:54:17,797 INFO    Thread-12 :11226 [dir_watcher.py:_on_file_modified():288] file/dir modified: /Users/leo/Programming/PLR/wandb/run-20230930_145343-vefsbeho/files/output.log
2023-09-30 14:54:18,799 INFO    Thread-12 :11226 [dir_watcher.py:_on_file_modified():288] file/dir modified: /Users/leo/Programming/PLR/wandb/run-20230930_145343-vefsbeho/files/output.log
2023-09-30 14:54:19,753 DEBUG   HandlerThread:11226 [handler.py:handle_request():144] handle_request: status_report
2023-09-30 14:54:19,805 INFO    Thread-12 :11226 [dir_watcher.py:_on_file_modified():288] file/dir modified: /Users/leo/Programming/PLR/wandb/run-20230930_145343-vefsbeho/files/output.log
2023-09-30 14:54:20,810 INFO    Thread-12 :11226 [dir_watcher.py:_on_file_modified():288] file/dir modified: /Users/leo/Programming/PLR/wandb/run-20230930_145343-vefsbeho/files/output.log
2023-09-30 14:54:21,816 INFO    Thread-12 :11226 [dir_watcher.py:_on_file_modified():288] file/dir modified: /Users/leo/Programming/PLR/wandb/run-20230930_145343-vefsbeho/files/output.log
2023-09-30 14:54:22,822 INFO    Thread-12 :11226 [dir_watcher.py:_on_file_modified():288] file/dir modified: /Users/leo/Programming/PLR/wandb/run-20230930_145343-vefsbeho/files/output.log
2023-09-30 14:54:24,805 DEBUG   HandlerThread:11226 [handler.py:handle_request():144] handle_request: status_report
2023-09-30 14:54:24,830 INFO    Thread-12 :11226 [dir_watcher.py:_on_file_modified():288] file/dir modified: /Users/leo/Programming/PLR/wandb/run-20230930_145343-vefsbeho/files/output.log
2023-09-30 14:54:25,164 DEBUG   HandlerThread:11226 [handler.py:handle_request():144] handle_request: partial_history
2023-09-30 14:54:25,176 DEBUG   SenderThread:11226 [sender.py:send():379] send: history
2023-09-30 14:54:25,176 DEBUG   SenderThread:11226 [sender.py:send_request():406] send_request: summary_record
2023-09-30 14:54:25,177 INFO    SenderThread:11226 [sender.py:_save_file():1375] saving file wandb-summary.json with policy end
2023-09-30 14:54:25,620 DEBUG   SenderThread:11226 [sender.py:send():379] send: exit
2023-09-30 14:54:25,620 INFO    SenderThread:11226 [sender.py:send_exit():584] handling exit code: 1
2023-09-30 14:54:25,620 INFO    SenderThread:11226 [sender.py:send_exit():586] handling runtime: 41
2023-09-30 14:54:25,620 INFO    SenderThread:11226 [sender.py:_save_file():1375] saving file wandb-summary.json with policy end
2023-09-30 14:54:25,620 INFO    SenderThread:11226 [sender.py:send_exit():592] send defer
2023-09-30 14:54:25,620 DEBUG   HandlerThread:11226 [handler.py:handle_request():144] handle_request: defer
2023-09-30 14:54:25,620 INFO    HandlerThread:11226 [handler.py:handle_request_defer():170] handle defer: 0
2023-09-30 14:54:25,621 DEBUG   SenderThread:11226 [sender.py:send_request():406] send_request: defer
2023-09-30 14:54:25,621 INFO    SenderThread:11226 [sender.py:send_request_defer():608] handle sender defer: 0
2023-09-30 14:54:25,621 INFO    SenderThread:11226 [sender.py:transition_state():612] send defer: 1
2023-09-30 14:54:25,621 DEBUG   HandlerThread:11226 [handler.py:handle_request():144] handle_request: defer
2023-09-30 14:54:25,621 INFO    HandlerThread:11226 [handler.py:handle_request_defer():170] handle defer: 1
2023-09-30 14:54:25,621 DEBUG   SenderThread:11226 [sender.py:send_request():406] send_request: defer
2023-09-30 14:54:25,621 INFO    SenderThread:11226 [sender.py:send_request_defer():608] handle sender defer: 1
2023-09-30 14:54:25,621 INFO    SenderThread:11226 [sender.py:transition_state():612] send defer: 2
2023-09-30 14:54:25,621 DEBUG   HandlerThread:11226 [handler.py:handle_request():144] handle_request: defer
2023-09-30 14:54:25,621 INFO    HandlerThread:11226 [handler.py:handle_request_defer():170] handle defer: 2
2023-09-30 14:54:25,621 INFO    HandlerThread:11226 [system_monitor.py:finish():190] Stopping system monitor
2023-09-30 14:54:25,621 INFO    HandlerThread:11226 [interfaces.py:finish():202] Joined cpu monitor
2023-09-30 14:54:25,621 DEBUG   SystemMonitor:11226 [system_monitor.py:_start():159] Starting system metrics aggregation loop
2023-09-30 14:54:25,621 DEBUG   SystemMonitor:11226 [system_monitor.py:_start():166] Finished system metrics aggregation loop
2023-09-30 14:54:25,622 DEBUG   SystemMonitor:11226 [system_monitor.py:_start():170] Publishing last batch of metrics
2023-09-30 14:54:25,621 INFO    HandlerThread:11226 [interfaces.py:finish():202] Joined disk monitor
2023-09-30 14:54:25,835 INFO    Thread-12 :11226 [dir_watcher.py:_on_file_modified():288] file/dir modified: /Users/leo/Programming/PLR/wandb/run-20230930_145343-vefsbeho/files/output.log
2023-09-30 14:54:25,835 INFO    Thread-12 :11226 [dir_watcher.py:_on_file_created():271] file/dir created: /Users/leo/Programming/PLR/wandb/run-20230930_145343-vefsbeho/files/wandb-summary.json
2023-09-30 14:54:26,305 INFO    HandlerThread:11226 [interfaces.py:finish():202] Joined gpuapple monitor
2023-09-30 14:54:26,305 INFO    HandlerThread:11226 [interfaces.py:finish():202] Joined memory monitor
2023-09-30 14:54:26,305 INFO    HandlerThread:11226 [interfaces.py:finish():202] Joined network monitor
2023-09-30 14:54:26,306 DEBUG   SenderThread:11226 [sender.py:send_request():406] send_request: defer
2023-09-30 14:54:26,306 INFO    SenderThread:11226 [sender.py:send_request_defer():608] handle sender defer: 2
2023-09-30 14:54:26,306 INFO    SenderThread:11226 [sender.py:transition_state():612] send defer: 3
2023-09-30 14:54:26,306 DEBUG   SenderThread:11226 [sender.py:send():379] send: telemetry
2023-09-30 14:54:26,306 DEBUG   SenderThread:11226 [sender.py:send():379] send: stats
2023-09-30 14:54:26,306 DEBUG   HandlerThread:11226 [handler.py:handle_request():144] handle_request: defer
2023-09-30 14:54:26,306 INFO    HandlerThread:11226 [handler.py:handle_request_defer():170] handle defer: 3
2023-09-30 14:54:26,306 DEBUG   SenderThread:11226 [sender.py:send_request():406] send_request: defer
2023-09-30 14:54:26,306 INFO    SenderThread:11226 [sender.py:send_request_defer():608] handle sender defer: 3
2023-09-30 14:54:26,306 INFO    SenderThread:11226 [sender.py:transition_state():612] send defer: 4
2023-09-30 14:54:26,306 DEBUG   HandlerThread:11226 [handler.py:handle_request():144] handle_request: defer
2023-09-30 14:54:26,306 INFO    HandlerThread:11226 [handler.py:handle_request_defer():170] handle defer: 4
2023-09-30 14:54:26,306 DEBUG   SenderThread:11226 [sender.py:send_request():406] send_request: defer
2023-09-30 14:54:26,306 INFO    SenderThread:11226 [sender.py:send_request_defer():608] handle sender defer: 4
2023-09-30 14:54:26,306 INFO    SenderThread:11226 [sender.py:transition_state():612] send defer: 5
2023-09-30 14:54:26,306 DEBUG   HandlerThread:11226 [handler.py:handle_request():144] handle_request: defer
2023-09-30 14:54:26,306 INFO    HandlerThread:11226 [handler.py:handle_request_defer():170] handle defer: 5
2023-09-30 14:54:26,306 DEBUG   SenderThread:11226 [sender.py:send():379] send: summary
2023-09-30 14:54:26,306 INFO    SenderThread:11226 [sender.py:_save_file():1375] saving file wandb-summary.json with policy end
2023-09-30 14:54:26,306 DEBUG   SenderThread:11226 [sender.py:send_request():406] send_request: defer
2023-09-30 14:54:26,307 INFO    SenderThread:11226 [sender.py:send_request_defer():608] handle sender defer: 5
2023-09-30 14:54:26,307 INFO    SenderThread:11226 [sender.py:transition_state():612] send defer: 6
2023-09-30 14:54:26,307 DEBUG   HandlerThread:11226 [handler.py:handle_request():144] handle_request: defer
2023-09-30 14:54:26,307 INFO    HandlerThread:11226 [handler.py:handle_request_defer():170] handle defer: 6
2023-09-30 14:54:26,307 DEBUG   SenderThread:11226 [sender.py:send_request():406] send_request: defer
2023-09-30 14:54:26,307 INFO    SenderThread:11226 [sender.py:send_request_defer():608] handle sender defer: 6
2023-09-30 14:54:26,308 DEBUG   HandlerThread:11226 [handler.py:handle_request():144] handle_request: status_report
2023-09-30 14:54:26,467 INFO    SenderThread:11226 [sender.py:transition_state():612] send defer: 7
2023-09-30 14:54:26,467 DEBUG   HandlerThread:11226 [handler.py:handle_request():144] handle_request: defer
2023-09-30 14:54:26,468 INFO    HandlerThread:11226 [handler.py:handle_request_defer():170] handle defer: 7
2023-09-30 14:54:26,468 DEBUG   SenderThread:11226 [sender.py:send_request():406] send_request: defer
2023-09-30 14:54:26,468 INFO    SenderThread:11226 [sender.py:send_request_defer():608] handle sender defer: 7
2023-09-30 14:54:26,631 DEBUG   HandlerThread:11226 [handler.py:handle_request():144] handle_request: poll_exit
2023-09-30 14:54:26,842 INFO    Thread-12 :11226 [dir_watcher.py:_on_file_modified():288] file/dir modified: /Users/leo/Programming/PLR/wandb/run-20230930_145343-vefsbeho/files/config.yaml
2023-09-30 14:54:26,843 INFO    Thread-12 :11226 [dir_watcher.py:_on_file_modified():288] file/dir modified: /Users/leo/Programming/PLR/wandb/run-20230930_145343-vefsbeho/files/output.log
2023-09-30 14:54:26,843 INFO    Thread-12 :11226 [dir_watcher.py:_on_file_modified():288] file/dir modified: /Users/leo/Programming/PLR/wandb/run-20230930_145343-vefsbeho/files/wandb-summary.json
2023-09-30 14:54:27,844 INFO    Thread-12 :11226 [dir_watcher.py:_on_file_modified():288] file/dir modified: /Users/leo/Programming/PLR/wandb/run-20230930_145343-vefsbeho/files/output.log
2023-09-30 14:54:29,490 INFO    SenderThread:11226 [sender.py:transition_state():612] send defer: 8
2023-09-30 14:54:29,490 DEBUG   SenderThread:11226 [sender.py:send_request():406] send_request: poll_exit
2023-09-30 14:54:29,490 DEBUG   HandlerThread:11226 [handler.py:handle_request():144] handle_request: defer
2023-09-30 14:54:29,490 INFO    HandlerThread:11226 [handler.py:handle_request_defer():170] handle defer: 8
2023-09-30 14:54:29,490 DEBUG   SenderThread:11226 [sender.py:send_request():406] send_request: defer
2023-09-30 14:54:29,491 INFO    SenderThread:11226 [sender.py:send_request_defer():608] handle sender defer: 8
2023-09-30 14:54:29,491 INFO    SenderThread:11226 [job_builder.py:build():281] Attempting to build job artifact
2023-09-30 14:54:29,492 INFO    SenderThread:11226 [job_builder.py:_get_source_type():393] is repo sourced job
2023-09-30 14:54:29,494 INFO    SenderThread:11226 [job_builder.py:build():369] adding wandb-job metadata file
2023-09-30 14:54:29,498 INFO    SenderThread:11226 [sender.py:transition_state():612] send defer: 9
2023-09-30 14:54:29,498 DEBUG   HandlerThread:11226 [handler.py:handle_request():144] handle_request: defer
2023-09-30 14:54:29,498 DEBUG   SenderThread:11226 [sender.py:send():379] send: artifact
2023-09-30 14:54:29,498 INFO    HandlerThread:11226 [handler.py:handle_request_defer():170] handle defer: 9
2023-09-30 14:54:29,852 INFO    Thread-12 :11226 [dir_watcher.py:_on_file_modified():288] file/dir modified: /Users/leo/Programming/PLR/wandb/run-20230930_145343-vefsbeho/files/output.log
2023-09-30 14:54:30,240 INFO    SenderThread:11226 [sender.py:send_artifact():1453] sent artifact job-https___github.com_leothesouthafrican_PLR.git_Leo_gen_algo_opt_folder_genetic_algorithm.py - {'id': 'QXJ0aWZhY3Q6NTg5NzcyODg5', 'state': 'COMMITTED', 'artifactSequence': {'id': 'QXJ0aWZhY3RDb2xsZWN0aW9uOjEwMjY3Mjc5OA==', 'latestArtifact': {'id': 'QXJ0aWZhY3Q6NTg5Nzc2Nzg4', 'versionIndex': 5}}}
2023-09-30 14:54:30,241 DEBUG   SenderThread:11226 [sender.py:send_request():406] send_request: defer
2023-09-30 14:54:30,241 INFO    SenderThread:11226 [sender.py:send_request_defer():608] handle sender defer: 9
2023-09-30 14:54:30,241 INFO    SenderThread:11226 [dir_watcher.py:finish():358] shutting down directory watcher
2023-09-30 14:54:30,859 INFO    SenderThread:11226 [dir_watcher.py:finish():388] scan: /Users/leo/Programming/PLR/wandb/run-20230930_145343-vefsbeho/files
2023-09-30 14:54:30,860 INFO    SenderThread:11226 [dir_watcher.py:finish():402] scan save: /Users/leo/Programming/PLR/wandb/run-20230930_145343-vefsbeho/files/requirements.txt requirements.txt
2023-09-30 14:54:30,860 INFO    SenderThread:11226 [dir_watcher.py:finish():402] scan save: /Users/leo/Programming/PLR/wandb/run-20230930_145343-vefsbeho/files/output.log output.log
2023-09-30 14:54:30,862 INFO    SenderThread:11226 [dir_watcher.py:finish():402] scan save: /Users/leo/Programming/PLR/wandb/run-20230930_145343-vefsbeho/files/config.yaml config.yaml
2023-09-30 14:54:30,863 INFO    SenderThread:11226 [dir_watcher.py:finish():402] scan save: /Users/leo/Programming/PLR/wandb/run-20230930_145343-vefsbeho/files/wandb-summary.json wandb-summary.json
2023-09-30 14:54:30,864 INFO    SenderThread:11226 [dir_watcher.py:finish():402] scan save: /Users/leo/Programming/PLR/wandb/run-20230930_145343-vefsbeho/files/wandb-metadata.json wandb-metadata.json
2023-09-30 14:54:30,864 INFO    SenderThread:11226 [sender.py:transition_state():612] send defer: 10
2023-09-30 14:54:30,866 DEBUG   HandlerThread:11226 [handler.py:handle_request():144] handle_request: defer
2023-09-30 14:54:30,867 INFO    HandlerThread:11226 [handler.py:handle_request_defer():170] handle defer: 10
2023-09-30 14:54:30,869 DEBUG   SenderThread:11226 [sender.py:send_request():406] send_request: defer
2023-09-30 14:54:30,869 INFO    SenderThread:11226 [sender.py:send_request_defer():608] handle sender defer: 10
2023-09-30 14:54:30,869 INFO    SenderThread:11226 [file_pusher.py:finish():175] shutting down file pusher
2023-09-30 14:54:31,237 INFO    wandb-upload_2:11226 [upload_job.py:push():131] Uploaded file /Users/leo/Programming/PLR/wandb/run-20230930_145343-vefsbeho/files/config.yaml
2023-09-30 14:54:31,262 INFO    wandb-upload_0:11226 [upload_job.py:push():131] Uploaded file /Users/leo/Programming/PLR/wandb/run-20230930_145343-vefsbeho/files/requirements.txt
2023-09-30 14:54:31,283 INFO    wandb-upload_1:11226 [upload_job.py:push():131] Uploaded file /Users/leo/Programming/PLR/wandb/run-20230930_145343-vefsbeho/files/output.log
2023-09-30 14:54:31,292 INFO    wandb-upload_3:11226 [upload_job.py:push():131] Uploaded file /Users/leo/Programming/PLR/wandb/run-20230930_145343-vefsbeho/files/wandb-summary.json
2023-09-30 14:54:31,497 INFO    Thread-11 (_thread_body):11226 [sender.py:transition_state():612] send defer: 11
2023-09-30 14:54:31,498 DEBUG   HandlerThread:11226 [handler.py:handle_request():144] handle_request: defer
2023-09-30 14:54:31,499 INFO    HandlerThread:11226 [handler.py:handle_request_defer():170] handle defer: 11
2023-09-30 14:54:31,499 DEBUG   SenderThread:11226 [sender.py:send_request():406] send_request: defer
2023-09-30 14:54:31,499 INFO    SenderThread:11226 [sender.py:send_request_defer():608] handle sender defer: 11
2023-09-30 14:54:31,500 INFO    SenderThread:11226 [file_pusher.py:join():181] waiting for file pusher
2023-09-30 14:54:31,500 INFO    SenderThread:11226 [sender.py:transition_state():612] send defer: 12
2023-09-30 14:54:31,500 DEBUG   HandlerThread:11226 [handler.py:handle_request():144] handle_request: defer
2023-09-30 14:54:31,500 INFO    HandlerThread:11226 [handler.py:handle_request_defer():170] handle defer: 12
2023-09-30 14:54:31,500 DEBUG   SenderThread:11226 [sender.py:send_request():406] send_request: defer
2023-09-30 14:54:31,500 INFO    SenderThread:11226 [sender.py:send_request_defer():608] handle sender defer: 12
2023-09-30 14:54:31,501 INFO    SenderThread:11226 [file_stream.py:finish():594] file stream finish called
2023-09-30 14:54:31,650 DEBUG   HandlerThread:11226 [handler.py:handle_request():144] handle_request: keepalive
2023-09-30 14:54:31,676 INFO    SenderThread:11226 [file_stream.py:finish():598] file stream finish is done
2023-09-30 14:54:31,676 INFO    SenderThread:11226 [sender.py:transition_state():612] send defer: 13
2023-09-30 14:54:31,676 DEBUG   HandlerThread:11226 [handler.py:handle_request():144] handle_request: defer
2023-09-30 14:54:31,677 INFO    HandlerThread:11226 [handler.py:handle_request_defer():170] handle defer: 13
2023-09-30 14:54:31,677 DEBUG   SenderThread:11226 [sender.py:send_request():406] send_request: defer
2023-09-30 14:54:31,677 INFO    SenderThread:11226 [sender.py:send_request_defer():608] handle sender defer: 13
2023-09-30 14:54:31,677 INFO    SenderThread:11226 [sender.py:transition_state():612] send defer: 14
2023-09-30 14:54:31,678 DEBUG   SenderThread:11226 [sender.py:send():379] send: final
2023-09-30 14:54:31,678 DEBUG   HandlerThread:11226 [handler.py:handle_request():144] handle_request: defer
2023-09-30 14:54:31,678 DEBUG   SenderThread:11226 [sender.py:send():379] send: footer
2023-09-30 14:54:31,678 INFO    HandlerThread:11226 [handler.py:handle_request_defer():170] handle defer: 14
2023-09-30 14:54:31,678 DEBUG   SenderThread:11226 [sender.py:send_request():406] send_request: defer
2023-09-30 14:54:31,678 INFO    SenderThread:11226 [sender.py:send_request_defer():608] handle sender defer: 14
2023-09-30 14:54:31,679 DEBUG   HandlerThread:11226 [handler.py:handle_request():144] handle_request: poll_exit
2023-09-30 14:54:31,679 DEBUG   SenderThread:11226 [sender.py:send_request():406] send_request: poll_exit
2023-09-30 14:54:31,680 DEBUG   HandlerThread:11226 [handler.py:handle_request():144] handle_request: server_info
2023-09-30 14:54:31,680 DEBUG   HandlerThread:11226 [handler.py:handle_request():144] handle_request: get_summary
2023-09-30 14:54:31,680 DEBUG   SenderThread:11226 [sender.py:send_request():406] send_request: server_info
2023-09-30 14:54:31,682 DEBUG   HandlerThread:11226 [handler.py:handle_request():144] handle_request: sampled_history
2023-09-30 14:54:31,683 DEBUG   HandlerThread:11226 [handler.py:handle_request():144] handle_request: internal_messages
2023-09-30 14:54:31,683 DEBUG   HandlerThread:11226 [handler.py:handle_request():144] handle_request: job_info
2023-09-30 14:54:31,827 DEBUG   SenderThread:11226 [sender.py:send_request():406] send_request: job_info
2023-09-30 14:54:31,827 INFO    MainThread:11226 [wandb_run.py:_footer_history_summary_info():3557] rendering history
2023-09-30 14:54:31,828 INFO    MainThread:11226 [wandb_run.py:_footer_history_summary_info():3589] rendering summary
2023-09-30 14:54:31,829 INFO    MainThread:11226 [wandb_run.py:_footer_sync_info():3516] logging synced files
2023-09-30 14:54:31,830 DEBUG   HandlerThread:11226 [handler.py:handle_request():144] handle_request: shutdown
2023-09-30 14:54:31,830 INFO    HandlerThread:11226 [handler.py:finish():840] shutting down handler
2023-09-30 14:54:32,686 INFO    WriterThread:11226 [datastore.py:close():294] close: /Users/leo/Programming/PLR/wandb/run-20230930_145343-vefsbeho/run-vefsbeho.wandb
2023-09-30 14:54:32,832 INFO    SenderThread:11226 [sender.py:finish():1531] shutting down sender
2023-09-30 14:54:32,833 INFO    SenderThread:11226 [file_pusher.py:finish():175] shutting down file pusher
2023-09-30 14:54:32,833 INFO    SenderThread:11226 [file_pusher.py:join():181] waiting for file pusher
