2023-09-30 16:10:29,597 INFO    StreamThr :12701 [internal.py:wandb_internal():86] W&B internal server running at pid: 12701, started at: 2023-09-30 16:10:29.596839
2023-09-30 16:10:29,599 DEBUG   HandlerThread:12701 [handler.py:handle_request():144] handle_request: status
2023-09-30 16:10:29,602 INFO    WriterThread:12701 [datastore.py:open_for_write():85] open: /Users/leo/Programming/PLR/wandb/run-20230930_161029-tgd9p5yz/run-tgd9p5yz.wandb
2023-09-30 16:10:29,603 DEBUG   SenderThread:12701 [sender.py:send():379] send: header
2023-09-30 16:10:29,625 DEBUG   SenderThread:12701 [sender.py:send():379] send: run
2023-09-30 16:10:30,139 INFO    SenderThread:12701 [dir_watcher.py:__init__():211] watching files in: /Users/leo/Programming/PLR/wandb/run-20230930_161029-tgd9p5yz/files
2023-09-30 16:10:30,139 INFO    SenderThread:12701 [sender.py:_start_run_threads():1121] run started: tgd9p5yz with start time 1696086629.597005
2023-09-30 16:10:30,149 DEBUG   HandlerThread:12701 [handler.py:handle_request():144] handle_request: check_version
2023-09-30 16:10:30,149 DEBUG   SenderThread:12701 [sender.py:send_request():406] send_request: check_version
2023-09-30 16:10:30,199 DEBUG   HandlerThread:12701 [handler.py:handle_request():144] handle_request: run_start
2023-09-30 16:10:30,208 DEBUG   HandlerThread:12701 [system_info.py:__init__():32] System info init
2023-09-30 16:10:30,209 DEBUG   HandlerThread:12701 [system_info.py:__init__():47] System info init done
2023-09-30 16:10:30,209 INFO    HandlerThread:12701 [system_monitor.py:start():181] Starting system monitor
2023-09-30 16:10:30,209 INFO    SystemMonitor:12701 [system_monitor.py:_start():145] Starting system asset monitoring threads
2023-09-30 16:10:30,209 INFO    HandlerThread:12701 [system_monitor.py:probe():201] Collecting system info
2023-09-30 16:10:30,210 INFO    SystemMonitor:12701 [interfaces.py:start():190] Started cpu monitoring
2023-09-30 16:10:30,210 DEBUG   HandlerThread:12701 [system_info.py:probe():196] Probing system
2023-09-30 16:10:30,211 INFO    SystemMonitor:12701 [interfaces.py:start():190] Started disk monitoring
2023-09-30 16:10:30,214 INFO    SystemMonitor:12701 [interfaces.py:start():190] Started gpuapple monitoring
2023-09-30 16:10:30,215 INFO    SystemMonitor:12701 [interfaces.py:start():190] Started memory monitoring
2023-09-30 16:10:30,216 INFO    SystemMonitor:12701 [interfaces.py:start():190] Started network monitoring
2023-09-30 16:10:30,219 DEBUG   HandlerThread:12701 [system_info.py:_probe_git():181] Probing git
2023-09-30 16:10:30,232 DEBUG   HandlerThread:12701 [system_info.py:_probe_git():189] Probing git done
2023-09-30 16:10:30,232 DEBUG   HandlerThread:12701 [system_info.py:probe():244] Probing system done
2023-09-30 16:10:30,232 DEBUG   HandlerThread:12701 [system_monitor.py:probe():210] {'os': 'macOS-14.0-arm64-arm-64bit', 'python': '3.11.4', 'heartbeatAt': '2023-09-30T15:10:30.212002', 'startedAt': '2023-09-30T15:10:29.589711', 'docker': None, 'cuda': None, 'args': (), 'state': 'running', 'program': '/Users/leo/Programming/PLR/Leo/gen_algo_opt_folder/genetic_algorithm.py', 'codePathLocal': 'Leo/gen_algo_opt_folder/genetic_algorithm.py', 'codePath': 'Leo/gen_algo_opt_folder/genetic_algorithm.py', 'git': {'remote': 'https://github.com/leothesouthafrican/PLR.git', 'commit': '7589be778cebd92f972ede671c501681bad7604d'}, 'email': '38779415+leothesouthafrican@users.noreply.github.com', 'root': '/Users/leo/Programming/PLR', 'host': 'Leos-MacBook-Pro.local', 'username': 'leo', 'executable': '/Users/leo/Programming/PLR/Leo/env/bin/python3', 'cpu_count': 10, 'cpu_count_logical': 10, 'disk': {'/': {'total': 855.9619140625, 'used': 12.108589172363281}}, 'gpuapple': {'type': 'arm', 'vendor': 'Apple'}, 'memory': {'total': 32.0}}
2023-09-30 16:10:30,232 INFO    HandlerThread:12701 [system_monitor.py:probe():211] Finished collecting system info
2023-09-30 16:10:30,232 INFO    HandlerThread:12701 [system_monitor.py:probe():214] Publishing system info
2023-09-30 16:10:30,232 DEBUG   HandlerThread:12701 [system_info.py:_save_pip():52] Saving list of pip packages installed into the current environment
2023-09-30 16:10:30,232 DEBUG   HandlerThread:12701 [system_info.py:_save_pip():68] Saving pip packages done
2023-09-30 16:10:30,233 INFO    HandlerThread:12701 [system_monitor.py:probe():216] Finished publishing system info
2023-09-30 16:10:30,234 DEBUG   SenderThread:12701 [sender.py:send():379] send: files
2023-09-30 16:10:30,234 INFO    SenderThread:12701 [sender.py:_save_file():1375] saving file wandb-metadata.json with policy now
2023-09-30 16:10:30,237 DEBUG   HandlerThread:12701 [handler.py:handle_request():144] handle_request: stop_status
2023-09-30 16:10:30,237 DEBUG   HandlerThread:12701 [handler.py:handle_request():144] handle_request: internal_messages
2023-09-30 16:10:30,237 DEBUG   SenderThread:12701 [sender.py:send_request():406] send_request: stop_status
2023-09-30 16:10:30,488 DEBUG   SenderThread:12701 [sender.py:send():379] send: telemetry
2023-09-30 16:10:30,889 INFO    wandb-upload_0:12701 [upload_job.py:push():131] Uploaded file /var/folders/dt/bgs1hq3d2k3dvhpt3llvs4rw0000gn/T/tmpmfr4o5uiwandb/ezo1u8li-wandb-metadata.json
2023-09-30 16:10:31,145 INFO    Thread-12 :12701 [dir_watcher.py:_on_file_created():271] file/dir created: /Users/leo/Programming/PLR/wandb/run-20230930_161029-tgd9p5yz/files/requirements.txt
2023-09-30 16:10:31,146 INFO    Thread-12 :12701 [dir_watcher.py:_on_file_created():271] file/dir created: /Users/leo/Programming/PLR/wandb/run-20230930_161029-tgd9p5yz/files/wandb-metadata.json
2023-09-30 16:10:31,146 INFO    Thread-12 :12701 [dir_watcher.py:_on_file_created():271] file/dir created: /Users/leo/Programming/PLR/wandb/run-20230930_161029-tgd9p5yz/files/output.log
2023-09-30 16:10:33,152 INFO    Thread-12 :12701 [dir_watcher.py:_on_file_modified():288] file/dir modified: /Users/leo/Programming/PLR/wandb/run-20230930_161029-tgd9p5yz/files/output.log
2023-09-30 16:10:34,960 DEBUG   HandlerThread:12701 [handler.py:handle_request():144] handle_request: status_report
2023-09-30 16:10:35,159 INFO    Thread-12 :12701 [dir_watcher.py:_on_file_modified():288] file/dir modified: /Users/leo/Programming/PLR/wandb/run-20230930_161029-tgd9p5yz/files/output.log
2023-09-30 16:10:37,169 INFO    Thread-12 :12701 [dir_watcher.py:_on_file_modified():288] file/dir modified: /Users/leo/Programming/PLR/wandb/run-20230930_161029-tgd9p5yz/files/output.log
2023-09-30 16:10:39,179 INFO    Thread-12 :12701 [dir_watcher.py:_on_file_modified():288] file/dir modified: /Users/leo/Programming/PLR/wandb/run-20230930_161029-tgd9p5yz/files/output.log
2023-09-30 16:10:40,302 DEBUG   HandlerThread:12701 [handler.py:handle_request():144] handle_request: status_report
2023-09-30 16:10:41,189 INFO    Thread-12 :12701 [dir_watcher.py:_on_file_modified():288] file/dir modified: /Users/leo/Programming/PLR/wandb/run-20230930_161029-tgd9p5yz/files/output.log
2023-09-30 16:10:43,198 INFO    Thread-12 :12701 [dir_watcher.py:_on_file_modified():288] file/dir modified: /Users/leo/Programming/PLR/wandb/run-20230930_161029-tgd9p5yz/files/output.log
2023-09-30 16:10:45,216 INFO    Thread-12 :12701 [dir_watcher.py:_on_file_modified():288] file/dir modified: /Users/leo/Programming/PLR/wandb/run-20230930_161029-tgd9p5yz/files/output.log
2023-09-30 16:10:45,253 DEBUG   HandlerThread:12701 [handler.py:handle_request():144] handle_request: stop_status
2023-09-30 16:10:45,253 DEBUG   HandlerThread:12701 [handler.py:handle_request():144] handle_request: internal_messages
2023-09-30 16:10:45,265 DEBUG   SenderThread:12701 [sender.py:send_request():406] send_request: stop_status
2023-09-30 16:10:45,513 DEBUG   HandlerThread:12701 [handler.py:handle_request():144] handle_request: status_report
2023-09-30 16:10:47,229 INFO    Thread-12 :12701 [dir_watcher.py:_on_file_modified():288] file/dir modified: /Users/leo/Programming/PLR/wandb/run-20230930_161029-tgd9p5yz/files/output.log
2023-09-30 16:10:49,253 INFO    Thread-12 :12701 [dir_watcher.py:_on_file_modified():288] file/dir modified: /Users/leo/Programming/PLR/wandb/run-20230930_161029-tgd9p5yz/files/output.log
2023-09-30 16:10:50,839 DEBUG   HandlerThread:12701 [handler.py:handle_request():144] handle_request: status_report
2023-09-30 16:10:51,270 INFO    Thread-12 :12701 [dir_watcher.py:_on_file_modified():288] file/dir modified: /Users/leo/Programming/PLR/wandb/run-20230930_161029-tgd9p5yz/files/output.log
2023-09-30 16:10:53,277 INFO    Thread-12 :12701 [dir_watcher.py:_on_file_modified():288] file/dir modified: /Users/leo/Programming/PLR/wandb/run-20230930_161029-tgd9p5yz/files/output.log
2023-09-30 16:10:55,288 INFO    Thread-12 :12701 [dir_watcher.py:_on_file_modified():288] file/dir modified: /Users/leo/Programming/PLR/wandb/run-20230930_161029-tgd9p5yz/files/output.log
2023-09-30 16:10:56,275 DEBUG   HandlerThread:12701 [handler.py:handle_request():144] handle_request: status_report
2023-09-30 16:10:57,295 INFO    Thread-12 :12701 [dir_watcher.py:_on_file_modified():288] file/dir modified: /Users/leo/Programming/PLR/wandb/run-20230930_161029-tgd9p5yz/files/output.log
2023-09-30 16:10:59,305 INFO    Thread-12 :12701 [dir_watcher.py:_on_file_modified():288] file/dir modified: /Users/leo/Programming/PLR/wandb/run-20230930_161029-tgd9p5yz/files/output.log
2023-09-30 16:11:00,244 DEBUG   HandlerThread:12701 [handler.py:handle_request():144] handle_request: stop_status
2023-09-30 16:11:00,244 DEBUG   SenderThread:12701 [sender.py:send_request():406] send_request: stop_status
2023-09-30 16:11:00,246 DEBUG   HandlerThread:12701 [handler.py:handle_request():144] handle_request: internal_messages
2023-09-30 16:11:01,315 INFO    Thread-12 :12701 [dir_watcher.py:_on_file_modified():288] file/dir modified: /Users/leo/Programming/PLR/wandb/run-20230930_161029-tgd9p5yz/files/output.log
2023-09-30 16:11:01,531 DEBUG   HandlerThread:12701 [handler.py:handle_request():144] handle_request: status_report
2023-09-30 16:11:02,321 INFO    Thread-12 :12701 [dir_watcher.py:_on_file_modified():288] file/dir modified: /Users/leo/Programming/PLR/wandb/run-20230930_161029-tgd9p5yz/files/config.yaml
2023-09-30 16:11:03,323 INFO    Thread-12 :12701 [dir_watcher.py:_on_file_modified():288] file/dir modified: /Users/leo/Programming/PLR/wandb/run-20230930_161029-tgd9p5yz/files/output.log
2023-09-30 16:11:05,362 INFO    Thread-12 :12701 [dir_watcher.py:_on_file_modified():288] file/dir modified: /Users/leo/Programming/PLR/wandb/run-20230930_161029-tgd9p5yz/files/output.log
2023-09-30 16:11:06,832 DEBUG   HandlerThread:12701 [handler.py:handle_request():144] handle_request: status_report
2023-09-30 16:11:07,372 INFO    Thread-12 :12701 [dir_watcher.py:_on_file_modified():288] file/dir modified: /Users/leo/Programming/PLR/wandb/run-20230930_161029-tgd9p5yz/files/output.log
2023-09-30 16:11:09,381 INFO    Thread-12 :12701 [dir_watcher.py:_on_file_modified():288] file/dir modified: /Users/leo/Programming/PLR/wandb/run-20230930_161029-tgd9p5yz/files/output.log
2023-09-30 16:11:11,393 INFO    Thread-12 :12701 [dir_watcher.py:_on_file_modified():288] file/dir modified: /Users/leo/Programming/PLR/wandb/run-20230930_161029-tgd9p5yz/files/output.log
2023-09-30 16:11:11,909 DEBUG   HandlerThread:12701 [handler.py:handle_request():144] handle_request: status_report
2023-09-30 16:11:13,404 INFO    Thread-12 :12701 [dir_watcher.py:_on_file_modified():288] file/dir modified: /Users/leo/Programming/PLR/wandb/run-20230930_161029-tgd9p5yz/files/output.log
2023-09-30 16:11:15,255 DEBUG   HandlerThread:12701 [handler.py:handle_request():144] handle_request: stop_status
2023-09-30 16:11:15,261 DEBUG   SenderThread:12701 [sender.py:send_request():406] send_request: stop_status
2023-09-30 16:11:15,267 DEBUG   HandlerThread:12701 [handler.py:handle_request():144] handle_request: internal_messages
2023-09-30 16:11:15,414 INFO    Thread-12 :12701 [dir_watcher.py:_on_file_modified():288] file/dir modified: /Users/leo/Programming/PLR/wandb/run-20230930_161029-tgd9p5yz/files/output.log
2023-09-30 16:11:16,430 DEBUG   HandlerThread:12701 [handler.py:handle_request():144] handle_request: partial_history
2023-09-30 16:11:16,434 DEBUG   SenderThread:12701 [sender.py:send():379] send: history
2023-09-30 16:11:16,437 DEBUG   SenderThread:12701 [sender.py:send_request():406] send_request: summary_record
2023-09-30 16:11:16,438 INFO    SenderThread:12701 [sender.py:_save_file():1375] saving file wandb-summary.json with policy end
2023-09-30 16:11:16,901 DEBUG   SenderThread:12701 [sender.py:send():379] send: exit
2023-09-30 16:11:16,901 INFO    SenderThread:12701 [sender.py:send_exit():584] handling exit code: 1
2023-09-30 16:11:16,901 INFO    SenderThread:12701 [sender.py:send_exit():586] handling runtime: 46
2023-09-30 16:11:16,902 INFO    SenderThread:12701 [sender.py:_save_file():1375] saving file wandb-summary.json with policy end
2023-09-30 16:11:16,902 INFO    SenderThread:12701 [sender.py:send_exit():592] send defer
2023-09-30 16:11:16,902 DEBUG   HandlerThread:12701 [handler.py:handle_request():144] handle_request: defer
2023-09-30 16:11:16,902 INFO    HandlerThread:12701 [handler.py:handle_request_defer():170] handle defer: 0
2023-09-30 16:11:16,903 DEBUG   SenderThread:12701 [sender.py:send_request():406] send_request: defer
2023-09-30 16:11:16,903 INFO    SenderThread:12701 [sender.py:send_request_defer():608] handle sender defer: 0
2023-09-30 16:11:16,903 INFO    SenderThread:12701 [sender.py:transition_state():612] send defer: 1
2023-09-30 16:11:16,903 DEBUG   HandlerThread:12701 [handler.py:handle_request():144] handle_request: defer
2023-09-30 16:11:16,903 INFO    HandlerThread:12701 [handler.py:handle_request_defer():170] handle defer: 1
2023-09-30 16:11:16,903 DEBUG   SenderThread:12701 [sender.py:send_request():406] send_request: defer
2023-09-30 16:11:16,903 INFO    SenderThread:12701 [sender.py:send_request_defer():608] handle sender defer: 1
2023-09-30 16:11:16,903 INFO    SenderThread:12701 [sender.py:transition_state():612] send defer: 2
2023-09-30 16:11:16,904 DEBUG   HandlerThread:12701 [handler.py:handle_request():144] handle_request: defer
2023-09-30 16:11:16,904 INFO    HandlerThread:12701 [handler.py:handle_request_defer():170] handle defer: 2
2023-09-30 16:11:16,904 INFO    HandlerThread:12701 [system_monitor.py:finish():190] Stopping system monitor
2023-09-30 16:11:16,904 DEBUG   SystemMonitor:12701 [system_monitor.py:_start():159] Starting system metrics aggregation loop
2023-09-30 16:11:16,904 DEBUG   SystemMonitor:12701 [system_monitor.py:_start():166] Finished system metrics aggregation loop
2023-09-30 16:11:16,904 DEBUG   SystemMonitor:12701 [system_monitor.py:_start():170] Publishing last batch of metrics
2023-09-30 16:11:16,905 INFO    HandlerThread:12701 [interfaces.py:finish():202] Joined cpu monitor
2023-09-30 16:11:16,905 INFO    HandlerThread:12701 [interfaces.py:finish():202] Joined disk monitor
2023-09-30 16:11:16,905 INFO    HandlerThread:12701 [interfaces.py:finish():202] Joined gpuapple monitor
2023-09-30 16:11:16,905 INFO    HandlerThread:12701 [interfaces.py:finish():202] Joined memory monitor
2023-09-30 16:11:16,905 INFO    HandlerThread:12701 [interfaces.py:finish():202] Joined network monitor
2023-09-30 16:11:16,906 DEBUG   SenderThread:12701 [sender.py:send_request():406] send_request: defer
2023-09-30 16:11:16,906 INFO    SenderThread:12701 [sender.py:send_request_defer():608] handle sender defer: 2
2023-09-30 16:11:16,906 INFO    SenderThread:12701 [sender.py:transition_state():612] send defer: 3
2023-09-30 16:11:16,906 DEBUG   SenderThread:12701 [sender.py:send():379] send: telemetry
2023-09-30 16:11:16,907 DEBUG   SenderThread:12701 [sender.py:send():379] send: stats
2023-09-30 16:11:16,906 DEBUG   HandlerThread:12701 [handler.py:handle_request():144] handle_request: defer
2023-09-30 16:11:16,907 INFO    HandlerThread:12701 [handler.py:handle_request_defer():170] handle defer: 3
2023-09-30 16:11:16,907 DEBUG   SenderThread:12701 [sender.py:send_request():406] send_request: defer
2023-09-30 16:11:16,907 INFO    SenderThread:12701 [sender.py:send_request_defer():608] handle sender defer: 3
2023-09-30 16:11:16,908 INFO    SenderThread:12701 [sender.py:transition_state():612] send defer: 4
2023-09-30 16:11:16,908 DEBUG   HandlerThread:12701 [handler.py:handle_request():144] handle_request: defer
2023-09-30 16:11:16,908 INFO    HandlerThread:12701 [handler.py:handle_request_defer():170] handle defer: 4
2023-09-30 16:11:16,908 DEBUG   SenderThread:12701 [sender.py:send_request():406] send_request: defer
2023-09-30 16:11:16,909 INFO    SenderThread:12701 [sender.py:send_request_defer():608] handle sender defer: 4
2023-09-30 16:11:16,909 INFO    SenderThread:12701 [sender.py:transition_state():612] send defer: 5
2023-09-30 16:11:16,909 DEBUG   HandlerThread:12701 [handler.py:handle_request():144] handle_request: defer
2023-09-30 16:11:16,909 INFO    HandlerThread:12701 [handler.py:handle_request_defer():170] handle defer: 5
2023-09-30 16:11:16,909 DEBUG   SenderThread:12701 [sender.py:send():379] send: summary
2023-09-30 16:11:16,910 INFO    SenderThread:12701 [sender.py:_save_file():1375] saving file wandb-summary.json with policy end
2023-09-30 16:11:16,910 DEBUG   SenderThread:12701 [sender.py:send_request():406] send_request: defer
2023-09-30 16:11:16,910 DEBUG   HandlerThread:12701 [handler.py:handle_request():144] handle_request: status_report
2023-09-30 16:11:16,910 INFO    SenderThread:12701 [sender.py:send_request_defer():608] handle sender defer: 5
2023-09-30 16:11:16,910 INFO    SenderThread:12701 [sender.py:transition_state():612] send defer: 6
2023-09-30 16:11:16,910 DEBUG   HandlerThread:12701 [handler.py:handle_request():144] handle_request: defer
2023-09-30 16:11:16,911 INFO    HandlerThread:12701 [handler.py:handle_request_defer():170] handle defer: 6
2023-09-30 16:11:16,911 DEBUG   SenderThread:12701 [sender.py:send_request():406] send_request: defer
2023-09-30 16:11:16,911 INFO    SenderThread:12701 [sender.py:send_request_defer():608] handle sender defer: 6
2023-09-30 16:11:16,915 DEBUG   HandlerThread:12701 [handler.py:handle_request():144] handle_request: status_report
2023-09-30 16:11:17,186 INFO    SenderThread:12701 [sender.py:transition_state():612] send defer: 7
2023-09-30 16:11:17,186 DEBUG   HandlerThread:12701 [handler.py:handle_request():144] handle_request: defer
2023-09-30 16:11:17,186 INFO    HandlerThread:12701 [handler.py:handle_request_defer():170] handle defer: 7
2023-09-30 16:11:17,186 DEBUG   SenderThread:12701 [sender.py:send_request():406] send_request: defer
2023-09-30 16:11:17,186 INFO    SenderThread:12701 [sender.py:send_request_defer():608] handle sender defer: 7
2023-09-30 16:11:17,426 INFO    Thread-12 :12701 [dir_watcher.py:_on_file_modified():288] file/dir modified: /Users/leo/Programming/PLR/wandb/run-20230930_161029-tgd9p5yz/files/output.log
2023-09-30 16:11:17,427 INFO    Thread-12 :12701 [dir_watcher.py:_on_file_modified():288] file/dir modified: /Users/leo/Programming/PLR/wandb/run-20230930_161029-tgd9p5yz/files/config.yaml
2023-09-30 16:11:17,427 INFO    Thread-12 :12701 [dir_watcher.py:_on_file_created():271] file/dir created: /Users/leo/Programming/PLR/wandb/run-20230930_161029-tgd9p5yz/files/wandb-summary.json
2023-09-30 16:11:17,905 DEBUG   HandlerThread:12701 [handler.py:handle_request():144] handle_request: poll_exit
2023-09-30 16:11:18,638 INFO    SenderThread:12701 [sender.py:transition_state():612] send defer: 8
2023-09-30 16:11:18,638 DEBUG   SenderThread:12701 [sender.py:send_request():406] send_request: poll_exit
2023-09-30 16:11:18,639 DEBUG   HandlerThread:12701 [handler.py:handle_request():144] handle_request: defer
2023-09-30 16:11:18,639 INFO    HandlerThread:12701 [handler.py:handle_request_defer():170] handle defer: 8
2023-09-30 16:11:18,639 DEBUG   SenderThread:12701 [sender.py:send_request():406] send_request: defer
2023-09-30 16:11:18,639 INFO    SenderThread:12701 [sender.py:send_request_defer():608] handle sender defer: 8
2023-09-30 16:11:18,639 INFO    SenderThread:12701 [job_builder.py:build():281] Attempting to build job artifact
2023-09-30 16:11:18,639 INFO    SenderThread:12701 [job_builder.py:_get_source_type():393] is repo sourced job
2023-09-30 16:11:18,642 INFO    SenderThread:12701 [job_builder.py:build():369] adding wandb-job metadata file
2023-09-30 16:11:18,647 INFO    SenderThread:12701 [sender.py:transition_state():612] send defer: 9
2023-09-30 16:11:18,647 DEBUG   HandlerThread:12701 [handler.py:handle_request():144] handle_request: defer
2023-09-30 16:11:18,647 DEBUG   SenderThread:12701 [sender.py:send():379] send: artifact
2023-09-30 16:11:18,647 INFO    HandlerThread:12701 [handler.py:handle_request_defer():170] handle defer: 9
2023-09-30 16:11:18,909 DEBUG   HandlerThread:12701 [handler.py:handle_request():144] handle_request: poll_exit
2023-09-30 16:11:19,434 INFO    Thread-12 :12701 [dir_watcher.py:_on_file_modified():288] file/dir modified: /Users/leo/Programming/PLR/wandb/run-20230930_161029-tgd9p5yz/files/output.log
2023-09-30 16:11:19,597 INFO    SenderThread:12701 [sender.py:send_artifact():1453] sent artifact job-https___github.com_leothesouthafrican_PLR.git_Leo_gen_algo_opt_folder_genetic_algorithm.py - {'id': 'QXJ0aWZhY3Q6NTg5NzcyODg5', 'state': 'COMMITTED', 'artifactSequence': {'id': 'QXJ0aWZhY3RDb2xsZWN0aW9uOjEwMjY3Mjc5OA==', 'latestArtifact': {'id': 'QXJ0aWZhY3Q6NTg5Nzc2Nzg4', 'versionIndex': 5}}}
2023-09-30 16:11:19,598 DEBUG   SenderThread:12701 [sender.py:send_request():406] send_request: defer
2023-09-30 16:11:19,598 INFO    SenderThread:12701 [sender.py:send_request_defer():608] handle sender defer: 9
2023-09-30 16:11:19,598 INFO    SenderThread:12701 [dir_watcher.py:finish():358] shutting down directory watcher
2023-09-30 16:11:20,439 INFO    SenderThread:12701 [dir_watcher.py:finish():388] scan: /Users/leo/Programming/PLR/wandb/run-20230930_161029-tgd9p5yz/files
2023-09-30 16:11:20,439 INFO    SenderThread:12701 [dir_watcher.py:finish():402] scan save: /Users/leo/Programming/PLR/wandb/run-20230930_161029-tgd9p5yz/files/requirements.txt requirements.txt
2023-09-30 16:11:20,440 INFO    SenderThread:12701 [dir_watcher.py:finish():402] scan save: /Users/leo/Programming/PLR/wandb/run-20230930_161029-tgd9p5yz/files/output.log output.log
2023-09-30 16:11:20,443 INFO    SenderThread:12701 [dir_watcher.py:finish():402] scan save: /Users/leo/Programming/PLR/wandb/run-20230930_161029-tgd9p5yz/files/config.yaml config.yaml
2023-09-30 16:11:20,444 INFO    SenderThread:12701 [dir_watcher.py:finish():402] scan save: /Users/leo/Programming/PLR/wandb/run-20230930_161029-tgd9p5yz/files/wandb-summary.json wandb-summary.json
2023-09-30 16:11:20,447 INFO    SenderThread:12701 [dir_watcher.py:finish():402] scan save: /Users/leo/Programming/PLR/wandb/run-20230930_161029-tgd9p5yz/files/wandb-metadata.json wandb-metadata.json
2023-09-30 16:11:20,448 INFO    SenderThread:12701 [sender.py:transition_state():612] send defer: 10
2023-09-30 16:11:20,448 DEBUG   SenderThread:12701 [sender.py:send_request():406] send_request: poll_exit
2023-09-30 16:11:20,448 DEBUG   HandlerThread:12701 [handler.py:handle_request():144] handle_request: defer
2023-09-30 16:11:20,450 INFO    HandlerThread:12701 [handler.py:handle_request_defer():170] handle defer: 10
2023-09-30 16:11:20,451 DEBUG   SenderThread:12701 [sender.py:send_request():406] send_request: defer
2023-09-30 16:11:20,451 INFO    SenderThread:12701 [sender.py:send_request_defer():608] handle sender defer: 10
2023-09-30 16:11:20,451 INFO    SenderThread:12701 [file_pusher.py:finish():175] shutting down file pusher
2023-09-30 16:11:20,872 INFO    wandb-upload_0:12701 [upload_job.py:push():131] Uploaded file /Users/leo/Programming/PLR/wandb/run-20230930_161029-tgd9p5yz/files/requirements.txt
2023-09-30 16:11:20,915 INFO    wandb-upload_3:12701 [upload_job.py:push():131] Uploaded file /Users/leo/Programming/PLR/wandb/run-20230930_161029-tgd9p5yz/files/wandb-summary.json
2023-09-30 16:11:20,926 INFO    wandb-upload_2:12701 [upload_job.py:push():131] Uploaded file /Users/leo/Programming/PLR/wandb/run-20230930_161029-tgd9p5yz/files/config.yaml
2023-09-30 16:11:20,927 INFO    wandb-upload_1:12701 [upload_job.py:push():131] Uploaded file /Users/leo/Programming/PLR/wandb/run-20230930_161029-tgd9p5yz/files/output.log
2023-09-30 16:11:21,131 INFO    Thread-11 (_thread_body):12701 [sender.py:transition_state():612] send defer: 11
2023-09-30 16:11:21,131 DEBUG   HandlerThread:12701 [handler.py:handle_request():144] handle_request: defer
2023-09-30 16:11:21,131 INFO    HandlerThread:12701 [handler.py:handle_request_defer():170] handle defer: 11
2023-09-30 16:11:21,132 DEBUG   SenderThread:12701 [sender.py:send_request():406] send_request: defer
2023-09-30 16:11:21,132 INFO    SenderThread:12701 [sender.py:send_request_defer():608] handle sender defer: 11
2023-09-30 16:11:21,132 INFO    SenderThread:12701 [file_pusher.py:join():181] waiting for file pusher
2023-09-30 16:11:21,132 INFO    SenderThread:12701 [sender.py:transition_state():612] send defer: 12
2023-09-30 16:11:21,132 DEBUG   HandlerThread:12701 [handler.py:handle_request():144] handle_request: defer
2023-09-30 16:11:21,132 INFO    HandlerThread:12701 [handler.py:handle_request_defer():170] handle defer: 12
2023-09-30 16:11:21,132 DEBUG   SenderThread:12701 [sender.py:send_request():406] send_request: defer
2023-09-30 16:11:21,132 INFO    SenderThread:12701 [sender.py:send_request_defer():608] handle sender defer: 12
2023-09-30 16:11:21,132 INFO    SenderThread:12701 [file_stream.py:finish():594] file stream finish called
2023-09-30 16:11:21,291 INFO    SenderThread:12701 [file_stream.py:finish():598] file stream finish is done
2023-09-30 16:11:21,291 INFO    SenderThread:12701 [sender.py:transition_state():612] send defer: 13
2023-09-30 16:11:21,292 DEBUG   HandlerThread:12701 [handler.py:handle_request():144] handle_request: defer
2023-09-30 16:11:21,292 INFO    HandlerThread:12701 [handler.py:handle_request_defer():170] handle defer: 13
2023-09-30 16:11:21,292 DEBUG   SenderThread:12701 [sender.py:send_request():406] send_request: defer
2023-09-30 16:11:21,292 INFO    SenderThread:12701 [sender.py:send_request_defer():608] handle sender defer: 13
2023-09-30 16:11:21,292 INFO    SenderThread:12701 [sender.py:transition_state():612] send defer: 14
2023-09-30 16:11:21,292 DEBUG   HandlerThread:12701 [handler.py:handle_request():144] handle_request: defer
2023-09-30 16:11:21,292 INFO    HandlerThread:12701 [handler.py:handle_request_defer():170] handle defer: 14
2023-09-30 16:11:21,292 DEBUG   SenderThread:12701 [sender.py:send():379] send: final
2023-09-30 16:11:21,292 DEBUG   SenderThread:12701 [sender.py:send():379] send: footer
2023-09-30 16:11:21,292 DEBUG   SenderThread:12701 [sender.py:send_request():406] send_request: defer
2023-09-30 16:11:21,292 INFO    SenderThread:12701 [sender.py:send_request_defer():608] handle sender defer: 14
2023-09-30 16:11:21,293 DEBUG   HandlerThread:12701 [handler.py:handle_request():144] handle_request: poll_exit
2023-09-30 16:11:21,293 DEBUG   HandlerThread:12701 [handler.py:handle_request():144] handle_request: server_info
2023-09-30 16:11:21,293 DEBUG   HandlerThread:12701 [handler.py:handle_request():144] handle_request: get_summary
2023-09-30 16:11:21,294 DEBUG   HandlerThread:12701 [handler.py:handle_request():144] handle_request: sampled_history
2023-09-30 16:11:21,294 DEBUG   SenderThread:12701 [sender.py:send_request():406] send_request: poll_exit
2023-09-30 16:11:21,294 DEBUG   SenderThread:12701 [sender.py:send_request():406] send_request: server_info
2023-09-30 16:11:21,295 DEBUG   HandlerThread:12701 [handler.py:handle_request():144] handle_request: internal_messages
2023-09-30 16:11:21,295 DEBUG   HandlerThread:12701 [handler.py:handle_request():144] handle_request: job_info
2023-09-30 16:11:21,881 DEBUG   SenderThread:12701 [sender.py:send_request():406] send_request: job_info
2023-09-30 16:11:21,881 INFO    MainThread:12701 [wandb_run.py:_footer_history_summary_info():3557] rendering history
2023-09-30 16:11:21,881 INFO    MainThread:12701 [wandb_run.py:_footer_history_summary_info():3589] rendering summary
2023-09-30 16:11:21,881 INFO    MainThread:12701 [wandb_run.py:_footer_sync_info():3516] logging synced files
2023-09-30 16:11:21,881 DEBUG   HandlerThread:12701 [handler.py:handle_request():144] handle_request: shutdown
2023-09-30 16:11:21,881 INFO    HandlerThread:12701 [handler.py:finish():840] shutting down handler
2023-09-30 16:11:22,301 INFO    WriterThread:12701 [datastore.py:close():294] close: /Users/leo/Programming/PLR/wandb/run-20230930_161029-tgd9p5yz/run-tgd9p5yz.wandb
2023-09-30 16:11:22,881 INFO    SenderThread:12701 [sender.py:finish():1531] shutting down sender
2023-09-30 16:11:22,881 INFO    SenderThread:12701 [file_pusher.py:finish():175] shutting down file pusher
2023-09-30 16:11:22,882 INFO    SenderThread:12701 [file_pusher.py:join():181] waiting for file pusher
