2023-09-30 16:15:05,295 INFO    StreamThr :12962 [internal.py:wandb_internal():86] W&B internal server running at pid: 12962, started at: 2023-09-30 16:15:05.294294
2023-09-30 16:15:05,296 DEBUG   HandlerThread:12962 [handler.py:handle_request():144] handle_request: status
2023-09-30 16:15:05,297 INFO    WriterThread:12962 [datastore.py:open_for_write():85] open: /Users/leo/Programming/PLR/wandb/run-20230930_161505-dhoslrn2/run-dhoslrn2.wandb
2023-09-30 16:15:05,297 DEBUG   SenderThread:12962 [sender.py:send():379] send: header
2023-09-30 16:15:05,316 DEBUG   SenderThread:12962 [sender.py:send():379] send: run
2023-09-30 16:15:06,245 INFO    SenderThread:12962 [dir_watcher.py:__init__():211] watching files in: /Users/leo/Programming/PLR/wandb/run-20230930_161505-dhoslrn2/files
2023-09-30 16:15:06,245 INFO    SenderThread:12962 [sender.py:_start_run_threads():1121] run started: dhoslrn2 with start time 1696086905.29443
2023-09-30 16:15:06,257 DEBUG   HandlerThread:12962 [handler.py:handle_request():144] handle_request: check_version
2023-09-30 16:15:06,257 DEBUG   SenderThread:12962 [sender.py:send_request():406] send_request: check_version
2023-09-30 16:15:06,311 DEBUG   HandlerThread:12962 [handler.py:handle_request():144] handle_request: run_start
2023-09-30 16:15:06,321 DEBUG   HandlerThread:12962 [system_info.py:__init__():32] System info init
2023-09-30 16:15:06,321 DEBUG   HandlerThread:12962 [system_info.py:__init__():47] System info init done
2023-09-30 16:15:06,321 INFO    HandlerThread:12962 [system_monitor.py:start():181] Starting system monitor
2023-09-30 16:15:06,321 INFO    SystemMonitor:12962 [system_monitor.py:_start():145] Starting system asset monitoring threads
2023-09-30 16:15:06,322 INFO    HandlerThread:12962 [system_monitor.py:probe():201] Collecting system info
2023-09-30 16:15:06,322 DEBUG   HandlerThread:12962 [system_info.py:probe():196] Probing system
2023-09-30 16:15:06,322 INFO    SystemMonitor:12962 [interfaces.py:start():190] Started cpu monitoring
2023-09-30 16:15:06,322 INFO    SystemMonitor:12962 [interfaces.py:start():190] Started disk monitoring
2023-09-30 16:15:06,324 INFO    SystemMonitor:12962 [interfaces.py:start():190] Started gpuapple monitoring
2023-09-30 16:15:06,328 INFO    SystemMonitor:12962 [interfaces.py:start():190] Started memory monitoring
2023-09-30 16:15:06,329 INFO    SystemMonitor:12962 [interfaces.py:start():190] Started network monitoring
2023-09-30 16:15:06,332 DEBUG   HandlerThread:12962 [system_info.py:_probe_git():181] Probing git
2023-09-30 16:15:06,346 DEBUG   HandlerThread:12962 [system_info.py:_probe_git():189] Probing git done
2023-09-30 16:15:06,346 DEBUG   HandlerThread:12962 [system_info.py:probe():244] Probing system done
2023-09-30 16:15:06,346 DEBUG   HandlerThread:12962 [system_monitor.py:probe():210] {'os': 'macOS-14.0-arm64-arm-64bit', 'python': '3.11.4', 'heartbeatAt': '2023-09-30T15:15:06.322498', 'startedAt': '2023-09-30T15:15:05.288386', 'docker': None, 'cuda': None, 'args': (), 'state': 'running', 'program': '/Users/leo/Programming/PLR/Leo/gen_algo_opt_folder/genetic_algorithm.py', 'codePathLocal': 'Leo/gen_algo_opt_folder/genetic_algorithm.py', 'codePath': 'Leo/gen_algo_opt_folder/genetic_algorithm.py', 'git': {'remote': 'https://github.com/leothesouthafrican/PLR.git', 'commit': '7589be778cebd92f972ede671c501681bad7604d'}, 'email': '38779415+leothesouthafrican@users.noreply.github.com', 'root': '/Users/leo/Programming/PLR', 'host': 'Leos-MacBook-Pro.local', 'username': 'leo', 'executable': '/Users/leo/Programming/PLR/Leo/env/bin/python3', 'cpu_count': 10, 'cpu_count_logical': 10, 'disk': {'/': {'total': 855.9619140625, 'used': 12.108589172363281}}, 'gpuapple': {'type': 'arm', 'vendor': 'Apple'}, 'memory': {'total': 32.0}}
2023-09-30 16:15:06,346 INFO    HandlerThread:12962 [system_monitor.py:probe():211] Finished collecting system info
2023-09-30 16:15:06,346 INFO    HandlerThread:12962 [system_monitor.py:probe():214] Publishing system info
2023-09-30 16:15:06,346 DEBUG   HandlerThread:12962 [system_info.py:_save_pip():52] Saving list of pip packages installed into the current environment
2023-09-30 16:15:06,347 DEBUG   HandlerThread:12962 [system_info.py:_save_pip():68] Saving pip packages done
2023-09-30 16:15:06,347 INFO    HandlerThread:12962 [system_monitor.py:probe():216] Finished publishing system info
2023-09-30 16:15:06,348 DEBUG   SenderThread:12962 [sender.py:send():379] send: files
2023-09-30 16:15:06,348 INFO    SenderThread:12962 [sender.py:_save_file():1375] saving file wandb-metadata.json with policy now
2023-09-30 16:15:06,351 DEBUG   HandlerThread:12962 [handler.py:handle_request():144] handle_request: stop_status
2023-09-30 16:15:06,351 DEBUG   SenderThread:12962 [sender.py:send_request():406] send_request: stop_status
2023-09-30 16:15:06,352 DEBUG   HandlerThread:12962 [handler.py:handle_request():144] handle_request: internal_messages
2023-09-30 16:15:06,762 DEBUG   SenderThread:12962 [sender.py:send():379] send: telemetry
2023-09-30 16:15:07,251 INFO    Thread-12 :12962 [dir_watcher.py:_on_file_created():271] file/dir created: /Users/leo/Programming/PLR/wandb/run-20230930_161505-dhoslrn2/files/wandb-metadata.json
2023-09-30 16:15:07,251 INFO    Thread-12 :12962 [dir_watcher.py:_on_file_created():271] file/dir created: /Users/leo/Programming/PLR/wandb/run-20230930_161505-dhoslrn2/files/output.log
2023-09-30 16:15:07,251 INFO    Thread-12 :12962 [dir_watcher.py:_on_file_created():271] file/dir created: /Users/leo/Programming/PLR/wandb/run-20230930_161505-dhoslrn2/files/requirements.txt
2023-09-30 16:15:07,617 INFO    wandb-upload_0:12962 [upload_job.py:push():131] Uploaded file /var/folders/dt/bgs1hq3d2k3dvhpt3llvs4rw0000gn/T/tmppnsg94efwandb/rixha8f9-wandb-metadata.json
2023-09-30 16:15:09,259 INFO    Thread-12 :12962 [dir_watcher.py:_on_file_modified():288] file/dir modified: /Users/leo/Programming/PLR/wandb/run-20230930_161505-dhoslrn2/files/output.log
2023-09-30 16:15:10,515 DEBUG   HandlerThread:12962 [handler.py:handle_request():144] handle_request: status_report
2023-09-30 16:15:11,266 INFO    Thread-12 :12962 [dir_watcher.py:_on_file_modified():288] file/dir modified: /Users/leo/Programming/PLR/wandb/run-20230930_161505-dhoslrn2/files/output.log
2023-09-30 16:15:13,278 INFO    Thread-12 :12962 [dir_watcher.py:_on_file_modified():288] file/dir modified: /Users/leo/Programming/PLR/wandb/run-20230930_161505-dhoslrn2/files/output.log
2023-09-30 16:15:15,292 INFO    Thread-12 :12962 [dir_watcher.py:_on_file_modified():288] file/dir modified: /Users/leo/Programming/PLR/wandb/run-20230930_161505-dhoslrn2/files/output.log
2023-09-30 16:15:15,778 DEBUG   HandlerThread:12962 [handler.py:handle_request():144] handle_request: status_report
2023-09-30 16:15:17,298 INFO    Thread-12 :12962 [dir_watcher.py:_on_file_modified():288] file/dir modified: /Users/leo/Programming/PLR/wandb/run-20230930_161505-dhoslrn2/files/output.log
2023-09-30 16:15:19,311 INFO    Thread-12 :12962 [dir_watcher.py:_on_file_modified():288] file/dir modified: /Users/leo/Programming/PLR/wandb/run-20230930_161505-dhoslrn2/files/output.log
2023-09-30 16:15:21,107 DEBUG   HandlerThread:12962 [handler.py:handle_request():144] handle_request: status_report
2023-09-30 16:15:21,316 INFO    Thread-12 :12962 [dir_watcher.py:_on_file_modified():288] file/dir modified: /Users/leo/Programming/PLR/wandb/run-20230930_161505-dhoslrn2/files/output.log
2023-09-30 16:15:21,351 DEBUG   HandlerThread:12962 [handler.py:handle_request():144] handle_request: stop_status
2023-09-30 16:15:21,351 DEBUG   SenderThread:12962 [sender.py:send_request():406] send_request: stop_status
2023-09-30 16:15:21,352 DEBUG   HandlerThread:12962 [handler.py:handle_request():144] handle_request: internal_messages
2023-09-30 16:15:23,328 INFO    Thread-12 :12962 [dir_watcher.py:_on_file_modified():288] file/dir modified: /Users/leo/Programming/PLR/wandb/run-20230930_161505-dhoslrn2/files/output.log
2023-09-30 16:15:25,336 INFO    Thread-12 :12962 [dir_watcher.py:_on_file_modified():288] file/dir modified: /Users/leo/Programming/PLR/wandb/run-20230930_161505-dhoslrn2/files/output.log
2023-09-30 16:15:26,437 DEBUG   HandlerThread:12962 [handler.py:handle_request():144] handle_request: status_report
2023-09-30 16:15:27,345 INFO    Thread-12 :12962 [dir_watcher.py:_on_file_modified():288] file/dir modified: /Users/leo/Programming/PLR/wandb/run-20230930_161505-dhoslrn2/files/output.log
2023-09-30 16:15:29,352 INFO    Thread-12 :12962 [dir_watcher.py:_on_file_modified():288] file/dir modified: /Users/leo/Programming/PLR/wandb/run-20230930_161505-dhoslrn2/files/output.log
2023-09-30 16:15:31,357 INFO    Thread-12 :12962 [dir_watcher.py:_on_file_modified():288] file/dir modified: /Users/leo/Programming/PLR/wandb/run-20230930_161505-dhoslrn2/files/output.log
2023-09-30 16:15:31,734 DEBUG   HandlerThread:12962 [handler.py:handle_request():144] handle_request: status_report
2023-09-30 16:15:33,368 INFO    Thread-12 :12962 [dir_watcher.py:_on_file_modified():288] file/dir modified: /Users/leo/Programming/PLR/wandb/run-20230930_161505-dhoslrn2/files/output.log
2023-09-30 16:15:35,378 INFO    Thread-12 :12962 [dir_watcher.py:_on_file_modified():288] file/dir modified: /Users/leo/Programming/PLR/wandb/run-20230930_161505-dhoslrn2/files/output.log
2023-09-30 16:15:36,415 DEBUG   HandlerThread:12962 [handler.py:handle_request():144] handle_request: stop_status
2023-09-30 16:15:36,415 DEBUG   HandlerThread:12962 [handler.py:handle_request():144] handle_request: internal_messages
2023-09-30 16:15:36,434 DEBUG   SenderThread:12962 [sender.py:send_request():406] send_request: stop_status
2023-09-30 16:15:36,961 DEBUG   HandlerThread:12962 [handler.py:handle_request():144] handle_request: status_report
2023-09-30 16:15:37,430 INFO    Thread-12 :12962 [dir_watcher.py:_on_file_modified():288] file/dir modified: /Users/leo/Programming/PLR/wandb/run-20230930_161505-dhoslrn2/files/output.log
2023-09-30 16:15:37,430 INFO    Thread-12 :12962 [dir_watcher.py:_on_file_modified():288] file/dir modified: /Users/leo/Programming/PLR/wandb/run-20230930_161505-dhoslrn2/files/config.yaml
2023-09-30 16:15:39,437 INFO    Thread-12 :12962 [dir_watcher.py:_on_file_modified():288] file/dir modified: /Users/leo/Programming/PLR/wandb/run-20230930_161505-dhoslrn2/files/output.log
2023-09-30 16:15:41,452 INFO    Thread-12 :12962 [dir_watcher.py:_on_file_modified():288] file/dir modified: /Users/leo/Programming/PLR/wandb/run-20230930_161505-dhoslrn2/files/output.log
2023-09-30 16:15:42,222 DEBUG   HandlerThread:12962 [handler.py:handle_request():144] handle_request: status_report
2023-09-30 16:15:43,457 INFO    Thread-12 :12962 [dir_watcher.py:_on_file_modified():288] file/dir modified: /Users/leo/Programming/PLR/wandb/run-20230930_161505-dhoslrn2/files/output.log
2023-09-30 16:15:45,467 INFO    Thread-12 :12962 [dir_watcher.py:_on_file_modified():288] file/dir modified: /Users/leo/Programming/PLR/wandb/run-20230930_161505-dhoslrn2/files/output.log
2023-09-30 16:15:47,356 DEBUG   HandlerThread:12962 [handler.py:handle_request():144] handle_request: status_report
2023-09-30 16:15:47,478 INFO    Thread-12 :12962 [dir_watcher.py:_on_file_modified():288] file/dir modified: /Users/leo/Programming/PLR/wandb/run-20230930_161505-dhoslrn2/files/output.log
2023-09-30 16:15:49,488 INFO    Thread-12 :12962 [dir_watcher.py:_on_file_modified():288] file/dir modified: /Users/leo/Programming/PLR/wandb/run-20230930_161505-dhoslrn2/files/output.log
2023-09-30 16:15:51,372 DEBUG   HandlerThread:12962 [handler.py:handle_request():144] handle_request: internal_messages
2023-09-30 16:15:51,372 DEBUG   HandlerThread:12962 [handler.py:handle_request():144] handle_request: stop_status
2023-09-30 16:15:51,372 DEBUG   SenderThread:12962 [sender.py:send_request():406] send_request: stop_status
2023-09-30 16:15:51,494 INFO    Thread-12 :12962 [dir_watcher.py:_on_file_modified():288] file/dir modified: /Users/leo/Programming/PLR/wandb/run-20230930_161505-dhoslrn2/files/output.log
2023-09-30 16:15:52,089 DEBUG   HandlerThread:12962 [handler.py:handle_request():144] handle_request: partial_history
2023-09-30 16:15:52,090 DEBUG   SenderThread:12962 [sender.py:send():379] send: history
2023-09-30 16:15:52,090 DEBUG   SenderThread:12962 [sender.py:send_request():406] send_request: summary_record
2023-09-30 16:15:52,091 INFO    SenderThread:12962 [sender.py:_save_file():1375] saving file wandb-summary.json with policy end
2023-09-30 16:15:52,503 INFO    Thread-12 :12962 [dir_watcher.py:_on_file_created():271] file/dir created: /Users/leo/Programming/PLR/wandb/run-20230930_161505-dhoslrn2/files/wandb-summary.json
2023-09-30 16:15:52,581 DEBUG   HandlerThread:12962 [handler.py:handle_request():144] handle_request: status_report
2023-09-30 16:15:52,582 DEBUG   SenderThread:12962 [sender.py:send():379] send: exit
2023-09-30 16:15:52,582 INFO    SenderThread:12962 [sender.py:send_exit():584] handling exit code: 1
2023-09-30 16:15:52,582 INFO    SenderThread:12962 [sender.py:send_exit():586] handling runtime: 46
2023-09-30 16:15:52,582 INFO    SenderThread:12962 [sender.py:_save_file():1375] saving file wandb-summary.json with policy end
2023-09-30 16:15:52,582 INFO    SenderThread:12962 [sender.py:send_exit():592] send defer
2023-09-30 16:15:52,582 DEBUG   HandlerThread:12962 [handler.py:handle_request():144] handle_request: defer
2023-09-30 16:15:52,582 INFO    HandlerThread:12962 [handler.py:handle_request_defer():170] handle defer: 0
2023-09-30 16:15:52,582 DEBUG   SenderThread:12962 [sender.py:send_request():406] send_request: defer
2023-09-30 16:15:52,583 INFO    SenderThread:12962 [sender.py:send_request_defer():608] handle sender defer: 0
2023-09-30 16:15:52,583 INFO    SenderThread:12962 [sender.py:transition_state():612] send defer: 1
2023-09-30 16:15:52,583 DEBUG   HandlerThread:12962 [handler.py:handle_request():144] handle_request: defer
2023-09-30 16:15:52,583 INFO    HandlerThread:12962 [handler.py:handle_request_defer():170] handle defer: 1
2023-09-30 16:15:52,583 DEBUG   SenderThread:12962 [sender.py:send_request():406] send_request: defer
2023-09-30 16:15:52,583 INFO    SenderThread:12962 [sender.py:send_request_defer():608] handle sender defer: 1
2023-09-30 16:15:52,583 INFO    SenderThread:12962 [sender.py:transition_state():612] send defer: 2
2023-09-30 16:15:52,583 DEBUG   HandlerThread:12962 [handler.py:handle_request():144] handle_request: defer
2023-09-30 16:15:52,583 INFO    HandlerThread:12962 [handler.py:handle_request_defer():170] handle defer: 2
2023-09-30 16:15:52,583 INFO    HandlerThread:12962 [system_monitor.py:finish():190] Stopping system monitor
2023-09-30 16:15:52,584 DEBUG   SystemMonitor:12962 [system_monitor.py:_start():159] Starting system metrics aggregation loop
2023-09-30 16:15:52,584 DEBUG   SystemMonitor:12962 [system_monitor.py:_start():166] Finished system metrics aggregation loop
2023-09-30 16:15:52,584 DEBUG   SystemMonitor:12962 [system_monitor.py:_start():170] Publishing last batch of metrics
2023-09-30 16:15:52,585 INFO    HandlerThread:12962 [interfaces.py:finish():202] Joined cpu monitor
2023-09-30 16:15:52,586 INFO    HandlerThread:12962 [interfaces.py:finish():202] Joined disk monitor
2023-09-30 16:15:52,586 INFO    HandlerThread:12962 [interfaces.py:finish():202] Joined gpuapple monitor
2023-09-30 16:15:52,587 INFO    HandlerThread:12962 [interfaces.py:finish():202] Joined memory monitor
2023-09-30 16:15:52,587 INFO    HandlerThread:12962 [interfaces.py:finish():202] Joined network monitor
2023-09-30 16:15:52,587 DEBUG   SenderThread:12962 [sender.py:send_request():406] send_request: defer
2023-09-30 16:15:52,587 INFO    SenderThread:12962 [sender.py:send_request_defer():608] handle sender defer: 2
2023-09-30 16:15:52,587 INFO    SenderThread:12962 [sender.py:transition_state():612] send defer: 3
2023-09-30 16:15:52,587 DEBUG   SenderThread:12962 [sender.py:send():379] send: telemetry
2023-09-30 16:15:52,587 DEBUG   HandlerThread:12962 [handler.py:handle_request():144] handle_request: defer
2023-09-30 16:15:52,587 INFO    HandlerThread:12962 [handler.py:handle_request_defer():170] handle defer: 3
2023-09-30 16:15:52,587 DEBUG   SenderThread:12962 [sender.py:send():379] send: stats
2023-09-30 16:15:52,588 DEBUG   SenderThread:12962 [sender.py:send_request():406] send_request: defer
2023-09-30 16:15:52,588 INFO    SenderThread:12962 [sender.py:send_request_defer():608] handle sender defer: 3
2023-09-30 16:15:52,588 INFO    SenderThread:12962 [sender.py:transition_state():612] send defer: 4
2023-09-30 16:15:52,588 DEBUG   HandlerThread:12962 [handler.py:handle_request():144] handle_request: defer
2023-09-30 16:15:52,588 INFO    HandlerThread:12962 [handler.py:handle_request_defer():170] handle defer: 4
2023-09-30 16:15:52,589 DEBUG   SenderThread:12962 [sender.py:send_request():406] send_request: defer
2023-09-30 16:15:52,589 INFO    SenderThread:12962 [sender.py:send_request_defer():608] handle sender defer: 4
2023-09-30 16:15:52,589 INFO    SenderThread:12962 [sender.py:transition_state():612] send defer: 5
2023-09-30 16:15:52,589 DEBUG   HandlerThread:12962 [handler.py:handle_request():144] handle_request: defer
2023-09-30 16:15:52,589 INFO    HandlerThread:12962 [handler.py:handle_request_defer():170] handle defer: 5
2023-09-30 16:15:52,589 DEBUG   SenderThread:12962 [sender.py:send():379] send: summary
2023-09-30 16:15:52,590 INFO    SenderThread:12962 [sender.py:_save_file():1375] saving file wandb-summary.json with policy end
2023-09-30 16:15:52,590 DEBUG   SenderThread:12962 [sender.py:send_request():406] send_request: defer
2023-09-30 16:15:52,590 INFO    SenderThread:12962 [sender.py:send_request_defer():608] handle sender defer: 5
2023-09-30 16:15:52,590 INFO    SenderThread:12962 [sender.py:transition_state():612] send defer: 6
2023-09-30 16:15:52,590 DEBUG   HandlerThread:12962 [handler.py:handle_request():144] handle_request: defer
2023-09-30 16:15:52,590 INFO    HandlerThread:12962 [handler.py:handle_request_defer():170] handle defer: 6
2023-09-30 16:15:52,590 DEBUG   SenderThread:12962 [sender.py:send_request():406] send_request: defer
2023-09-30 16:15:52,590 INFO    SenderThread:12962 [sender.py:send_request_defer():608] handle sender defer: 6
2023-09-30 16:15:52,592 DEBUG   HandlerThread:12962 [handler.py:handle_request():144] handle_request: status_report
2023-09-30 16:15:52,862 INFO    SenderThread:12962 [sender.py:transition_state():612] send defer: 7
2023-09-30 16:15:52,862 DEBUG   HandlerThread:12962 [handler.py:handle_request():144] handle_request: defer
2023-09-30 16:15:52,862 INFO    HandlerThread:12962 [handler.py:handle_request_defer():170] handle defer: 7
2023-09-30 16:15:52,862 DEBUG   SenderThread:12962 [sender.py:send_request():406] send_request: defer
2023-09-30 16:15:52,862 INFO    SenderThread:12962 [sender.py:send_request_defer():608] handle sender defer: 7
2023-09-30 16:15:53,515 INFO    Thread-12 :12962 [dir_watcher.py:_on_file_modified():288] file/dir modified: /Users/leo/Programming/PLR/wandb/run-20230930_161505-dhoslrn2/files/wandb-summary.json
2023-09-30 16:15:53,515 INFO    Thread-12 :12962 [dir_watcher.py:_on_file_modified():288] file/dir modified: /Users/leo/Programming/PLR/wandb/run-20230930_161505-dhoslrn2/files/output.log
2023-09-30 16:15:53,516 INFO    Thread-12 :12962 [dir_watcher.py:_on_file_modified():288] file/dir modified: /Users/leo/Programming/PLR/wandb/run-20230930_161505-dhoslrn2/files/config.yaml
2023-09-30 16:15:53,587 DEBUG   HandlerThread:12962 [handler.py:handle_request():144] handle_request: poll_exit
2023-09-30 16:15:54,906 INFO    SenderThread:12962 [sender.py:transition_state():612] send defer: 8
2023-09-30 16:15:54,907 DEBUG   SenderThread:12962 [sender.py:send_request():406] send_request: poll_exit
2023-09-30 16:15:54,907 DEBUG   HandlerThread:12962 [handler.py:handle_request():144] handle_request: defer
2023-09-30 16:15:54,908 INFO    HandlerThread:12962 [handler.py:handle_request_defer():170] handle defer: 8
2023-09-30 16:15:54,908 DEBUG   SenderThread:12962 [sender.py:send_request():406] send_request: defer
2023-09-30 16:15:54,908 INFO    SenderThread:12962 [sender.py:send_request_defer():608] handle sender defer: 8
2023-09-30 16:15:54,909 INFO    SenderThread:12962 [job_builder.py:build():281] Attempting to build job artifact
2023-09-30 16:15:54,909 INFO    SenderThread:12962 [job_builder.py:_get_source_type():393] is repo sourced job
2023-09-30 16:15:54,911 INFO    SenderThread:12962 [job_builder.py:build():369] adding wandb-job metadata file
2023-09-30 16:15:54,916 INFO    SenderThread:12962 [sender.py:transition_state():612] send defer: 9
2023-09-30 16:15:54,916 DEBUG   HandlerThread:12962 [handler.py:handle_request():144] handle_request: defer
2023-09-30 16:15:54,916 DEBUG   SenderThread:12962 [sender.py:send():379] send: artifact
2023-09-30 16:15:54,916 INFO    HandlerThread:12962 [handler.py:handle_request_defer():170] handle defer: 9
2023-09-30 16:15:55,524 INFO    Thread-12 :12962 [dir_watcher.py:_on_file_modified():288] file/dir modified: /Users/leo/Programming/PLR/wandb/run-20230930_161505-dhoslrn2/files/output.log
2023-09-30 16:15:55,849 INFO    SenderThread:12962 [sender.py:send_artifact():1453] sent artifact job-https___github.com_leothesouthafrican_PLR.git_Leo_gen_algo_opt_folder_genetic_algorithm.py - {'id': 'QXJ0aWZhY3Q6NTg5NzcyODg5', 'state': 'COMMITTED', 'artifactSequence': {'id': 'QXJ0aWZhY3RDb2xsZWN0aW9uOjEwMjY3Mjc5OA==', 'latestArtifact': {'id': 'QXJ0aWZhY3Q6NTg5Nzc2Nzg4', 'versionIndex': 5}}}
2023-09-30 16:15:55,849 DEBUG   SenderThread:12962 [sender.py:send_request():406] send_request: defer
2023-09-30 16:15:55,849 INFO    SenderThread:12962 [sender.py:send_request_defer():608] handle sender defer: 9
2023-09-30 16:15:55,850 INFO    SenderThread:12962 [dir_watcher.py:finish():358] shutting down directory watcher
2023-09-30 16:15:56,530 INFO    SenderThread:12962 [dir_watcher.py:finish():388] scan: /Users/leo/Programming/PLR/wandb/run-20230930_161505-dhoslrn2/files
2023-09-30 16:15:56,530 INFO    SenderThread:12962 [dir_watcher.py:finish():402] scan save: /Users/leo/Programming/PLR/wandb/run-20230930_161505-dhoslrn2/files/requirements.txt requirements.txt
2023-09-30 16:15:56,530 INFO    SenderThread:12962 [dir_watcher.py:finish():402] scan save: /Users/leo/Programming/PLR/wandb/run-20230930_161505-dhoslrn2/files/output.log output.log
2023-09-30 16:15:56,530 INFO    SenderThread:12962 [dir_watcher.py:finish():402] scan save: /Users/leo/Programming/PLR/wandb/run-20230930_161505-dhoslrn2/files/config.yaml config.yaml
2023-09-30 16:15:56,533 INFO    SenderThread:12962 [dir_watcher.py:finish():402] scan save: /Users/leo/Programming/PLR/wandb/run-20230930_161505-dhoslrn2/files/wandb-summary.json wandb-summary.json
2023-09-30 16:15:56,533 INFO    SenderThread:12962 [dir_watcher.py:finish():402] scan save: /Users/leo/Programming/PLR/wandb/run-20230930_161505-dhoslrn2/files/wandb-metadata.json wandb-metadata.json
2023-09-30 16:15:56,533 INFO    SenderThread:12962 [sender.py:transition_state():612] send defer: 10
2023-09-30 16:15:56,534 DEBUG   HandlerThread:12962 [handler.py:handle_request():144] handle_request: defer
2023-09-30 16:15:56,535 INFO    HandlerThread:12962 [handler.py:handle_request_defer():170] handle defer: 10
2023-09-30 16:15:56,536 DEBUG   SenderThread:12962 [sender.py:send_request():406] send_request: defer
2023-09-30 16:15:56,536 INFO    SenderThread:12962 [sender.py:send_request_defer():608] handle sender defer: 10
2023-09-30 16:15:56,536 INFO    SenderThread:12962 [file_pusher.py:finish():175] shutting down file pusher
2023-09-30 16:15:56,929 INFO    wandb-upload_2:12962 [upload_job.py:push():131] Uploaded file /Users/leo/Programming/PLR/wandb/run-20230930_161505-dhoslrn2/files/config.yaml
2023-09-30 16:15:56,971 INFO    wandb-upload_0:12962 [upload_job.py:push():131] Uploaded file /Users/leo/Programming/PLR/wandb/run-20230930_161505-dhoslrn2/files/requirements.txt
2023-09-30 16:15:57,141 INFO    wandb-upload_1:12962 [upload_job.py:push():131] Uploaded file /Users/leo/Programming/PLR/wandb/run-20230930_161505-dhoslrn2/files/output.log
2023-09-30 16:15:57,155 INFO    wandb-upload_3:12962 [upload_job.py:push():131] Uploaded file /Users/leo/Programming/PLR/wandb/run-20230930_161505-dhoslrn2/files/wandb-summary.json
2023-09-30 16:15:57,357 INFO    Thread-11 (_thread_body):12962 [sender.py:transition_state():612] send defer: 11
2023-09-30 16:15:57,359 DEBUG   HandlerThread:12962 [handler.py:handle_request():144] handle_request: defer
2023-09-30 16:15:57,359 INFO    HandlerThread:12962 [handler.py:handle_request_defer():170] handle defer: 11
2023-09-30 16:15:57,360 DEBUG   SenderThread:12962 [sender.py:send_request():406] send_request: defer
2023-09-30 16:15:57,360 INFO    SenderThread:12962 [sender.py:send_request_defer():608] handle sender defer: 11
2023-09-30 16:15:57,360 INFO    SenderThread:12962 [file_pusher.py:join():181] waiting for file pusher
2023-09-30 16:15:57,360 INFO    SenderThread:12962 [sender.py:transition_state():612] send defer: 12
2023-09-30 16:15:57,360 DEBUG   HandlerThread:12962 [handler.py:handle_request():144] handle_request: defer
2023-09-30 16:15:57,360 INFO    HandlerThread:12962 [handler.py:handle_request_defer():170] handle defer: 12
2023-09-30 16:15:57,360 DEBUG   SenderThread:12962 [sender.py:send_request():406] send_request: defer
2023-09-30 16:15:57,360 INFO    SenderThread:12962 [sender.py:send_request_defer():608] handle sender defer: 12
2023-09-30 16:15:57,361 INFO    SenderThread:12962 [file_stream.py:finish():594] file stream finish called
2023-09-30 16:15:57,630 INFO    SenderThread:12962 [file_stream.py:finish():598] file stream finish is done
2023-09-30 16:15:57,630 INFO    SenderThread:12962 [sender.py:transition_state():612] send defer: 13
2023-09-30 16:15:57,631 DEBUG   HandlerThread:12962 [handler.py:handle_request():144] handle_request: defer
2023-09-30 16:15:57,631 INFO    HandlerThread:12962 [handler.py:handle_request_defer():170] handle defer: 13
2023-09-30 16:15:57,631 DEBUG   HandlerThread:12962 [handler.py:handle_request():144] handle_request: status_report
2023-09-30 16:15:57,631 DEBUG   SenderThread:12962 [sender.py:send_request():406] send_request: defer
2023-09-30 16:15:57,632 INFO    SenderThread:12962 [sender.py:send_request_defer():608] handle sender defer: 13
2023-09-30 16:15:57,632 INFO    SenderThread:12962 [sender.py:transition_state():612] send defer: 14
2023-09-30 16:15:57,632 DEBUG   HandlerThread:12962 [handler.py:handle_request():144] handle_request: defer
2023-09-30 16:15:57,632 DEBUG   SenderThread:12962 [sender.py:send():379] send: final
2023-09-30 16:15:57,632 INFO    HandlerThread:12962 [handler.py:handle_request_defer():170] handle defer: 14
2023-09-30 16:15:57,632 DEBUG   SenderThread:12962 [sender.py:send():379] send: footer
2023-09-30 16:15:57,633 DEBUG   SenderThread:12962 [sender.py:send_request():406] send_request: defer
2023-09-30 16:15:57,633 INFO    SenderThread:12962 [sender.py:send_request_defer():608] handle sender defer: 14
2023-09-30 16:15:57,633 DEBUG   HandlerThread:12962 [handler.py:handle_request():144] handle_request: poll_exit
2023-09-30 16:15:57,634 DEBUG   SenderThread:12962 [sender.py:send_request():406] send_request: poll_exit
2023-09-30 16:15:57,634 DEBUG   HandlerThread:12962 [handler.py:handle_request():144] handle_request: server_info
2023-09-30 16:15:57,635 DEBUG   HandlerThread:12962 [handler.py:handle_request():144] handle_request: get_summary
2023-09-30 16:15:57,635 DEBUG   HandlerThread:12962 [handler.py:handle_request():144] handle_request: sampled_history
2023-09-30 16:15:57,635 DEBUG   SenderThread:12962 [sender.py:send_request():406] send_request: server_info
2023-09-30 16:15:57,637 DEBUG   HandlerThread:12962 [handler.py:handle_request():144] handle_request: internal_messages
2023-09-30 16:15:57,637 DEBUG   HandlerThread:12962 [handler.py:handle_request():144] handle_request: job_info
2023-09-30 16:15:57,773 DEBUG   SenderThread:12962 [sender.py:send_request():406] send_request: job_info
2023-09-30 16:15:57,773 INFO    MainThread:12962 [wandb_run.py:_footer_history_summary_info():3557] rendering history
2023-09-30 16:15:57,774 INFO    MainThread:12962 [wandb_run.py:_footer_history_summary_info():3589] rendering summary
2023-09-30 16:15:57,775 INFO    MainThread:12962 [wandb_run.py:_footer_sync_info():3516] logging synced files
2023-09-30 16:15:57,776 DEBUG   HandlerThread:12962 [handler.py:handle_request():144] handle_request: shutdown
2023-09-30 16:15:57,776 INFO    HandlerThread:12962 [handler.py:finish():840] shutting down handler
2023-09-30 16:15:58,642 INFO    WriterThread:12962 [datastore.py:close():294] close: /Users/leo/Programming/PLR/wandb/run-20230930_161505-dhoslrn2/run-dhoslrn2.wandb
2023-09-30 16:15:58,778 INFO    SenderThread:12962 [sender.py:finish():1531] shutting down sender
2023-09-30 16:15:58,778 INFO    SenderThread:12962 [file_pusher.py:finish():175] shutting down file pusher
2023-09-30 16:15:58,779 INFO    SenderThread:12962 [file_pusher.py:join():181] waiting for file pusher
