2023-09-30 15:40:21,533 INFO    StreamThr :12102 [internal.py:wandb_internal():86] W&B internal server running at pid: 12102, started at: 2023-09-30 15:40:21.532548
2023-09-30 15:40:21,534 DEBUG   HandlerThread:12102 [handler.py:handle_request():144] handle_request: status
2023-09-30 15:40:21,537 INFO    WriterThread:12102 [datastore.py:open_for_write():85] open: /Users/leo/Programming/PLR/wandb/run-20230930_154021-red75tc0/run-red75tc0.wandb
2023-09-30 15:40:21,538 DEBUG   SenderThread:12102 [sender.py:send():379] send: header
2023-09-30 15:40:21,566 DEBUG   SenderThread:12102 [sender.py:send():379] send: run
2023-09-30 15:40:21,916 INFO    SenderThread:12102 [dir_watcher.py:__init__():211] watching files in: /Users/leo/Programming/PLR/wandb/run-20230930_154021-red75tc0/files
2023-09-30 15:40:21,916 INFO    SenderThread:12102 [sender.py:_start_run_threads():1121] run started: red75tc0 with start time 1696084821.532941
2023-09-30 15:40:21,925 DEBUG   HandlerThread:12102 [handler.py:handle_request():144] handle_request: check_version
2023-09-30 15:40:21,925 DEBUG   SenderThread:12102 [sender.py:send_request():406] send_request: check_version
2023-09-30 15:40:21,981 DEBUG   HandlerThread:12102 [handler.py:handle_request():144] handle_request: run_start
2023-09-30 15:40:21,987 DEBUG   HandlerThread:12102 [system_info.py:__init__():32] System info init
2023-09-30 15:40:21,987 DEBUG   HandlerThread:12102 [system_info.py:__init__():47] System info init done
2023-09-30 15:40:21,987 INFO    HandlerThread:12102 [system_monitor.py:start():181] Starting system monitor
2023-09-30 15:40:21,987 INFO    SystemMonitor:12102 [system_monitor.py:_start():145] Starting system asset monitoring threads
2023-09-30 15:40:21,987 INFO    HandlerThread:12102 [system_monitor.py:probe():201] Collecting system info
2023-09-30 15:40:21,988 DEBUG   HandlerThread:12102 [system_info.py:probe():196] Probing system
2023-09-30 15:40:21,988 INFO    SystemMonitor:12102 [interfaces.py:start():190] Started cpu monitoring
2023-09-30 15:40:21,989 INFO    SystemMonitor:12102 [interfaces.py:start():190] Started disk monitoring
2023-09-30 15:40:21,991 INFO    SystemMonitor:12102 [interfaces.py:start():190] Started gpuapple monitoring
2023-09-30 15:40:21,992 INFO    SystemMonitor:12102 [interfaces.py:start():190] Started memory monitoring
2023-09-30 15:40:21,992 INFO    SystemMonitor:12102 [interfaces.py:start():190] Started network monitoring
2023-09-30 15:40:21,996 DEBUG   HandlerThread:12102 [system_info.py:_probe_git():181] Probing git
2023-09-30 15:40:22,008 DEBUG   HandlerThread:12102 [system_info.py:_probe_git():189] Probing git done
2023-09-30 15:40:22,008 DEBUG   HandlerThread:12102 [system_info.py:probe():244] Probing system done
2023-09-30 15:40:22,008 DEBUG   HandlerThread:12102 [system_monitor.py:probe():210] {'os': 'macOS-14.0-arm64-arm-64bit', 'python': '3.11.4', 'heartbeatAt': '2023-09-30T14:40:21.988654', 'startedAt': '2023-09-30T14:40:21.526061', 'docker': None, 'cuda': None, 'args': (), 'state': 'running', 'program': '/Users/leo/Programming/PLR/Leo/gen_algo_opt_folder/genetic_algorithm.py', 'codePathLocal': 'Leo/gen_algo_opt_folder/genetic_algorithm.py', 'codePath': 'Leo/gen_algo_opt_folder/genetic_algorithm.py', 'git': {'remote': 'https://github.com/leothesouthafrican/PLR.git', 'commit': '7589be778cebd92f972ede671c501681bad7604d'}, 'email': '38779415+leothesouthafrican@users.noreply.github.com', 'root': '/Users/leo/Programming/PLR', 'host': 'Leos-MacBook-Pro.local', 'username': 'leo', 'executable': '/Users/leo/Programming/PLR/Leo/env/bin/python3', 'cpu_count': 10, 'cpu_count_logical': 10, 'disk': {'/': {'total': 855.9619140625, 'used': 12.108589172363281}}, 'gpuapple': {'type': 'arm', 'vendor': 'Apple'}, 'memory': {'total': 32.0}}
2023-09-30 15:40:22,008 INFO    HandlerThread:12102 [system_monitor.py:probe():211] Finished collecting system info
2023-09-30 15:40:22,008 INFO    HandlerThread:12102 [system_monitor.py:probe():214] Publishing system info
2023-09-30 15:40:22,008 DEBUG   HandlerThread:12102 [system_info.py:_save_pip():52] Saving list of pip packages installed into the current environment
2023-09-30 15:40:22,009 DEBUG   HandlerThread:12102 [system_info.py:_save_pip():68] Saving pip packages done
2023-09-30 15:40:22,009 INFO    HandlerThread:12102 [system_monitor.py:probe():216] Finished publishing system info
2023-09-30 15:40:22,010 DEBUG   SenderThread:12102 [sender.py:send():379] send: files
2023-09-30 15:40:22,010 INFO    SenderThread:12102 [sender.py:_save_file():1375] saving file wandb-metadata.json with policy now
2023-09-30 15:40:22,013 DEBUG   HandlerThread:12102 [handler.py:handle_request():144] handle_request: stop_status
2023-09-30 15:40:22,013 DEBUG   HandlerThread:12102 [handler.py:handle_request():144] handle_request: internal_messages
2023-09-30 15:40:22,013 DEBUG   SenderThread:12102 [sender.py:send_request():406] send_request: stop_status
2023-09-30 15:40:22,203 DEBUG   SenderThread:12102 [sender.py:send():379] send: telemetry
2023-09-30 15:40:22,636 INFO    wandb-upload_0:12102 [upload_job.py:push():131] Uploaded file /var/folders/dt/bgs1hq3d2k3dvhpt3llvs4rw0000gn/T/tmpz8xjwg1awandb/k94zmg3i-wandb-metadata.json
2023-09-30 15:40:22,922 INFO    Thread-12 :12102 [dir_watcher.py:_on_file_created():271] file/dir created: /Users/leo/Programming/PLR/wandb/run-20230930_154021-red75tc0/files/output.log
2023-09-30 15:40:22,922 INFO    Thread-12 :12102 [dir_watcher.py:_on_file_created():271] file/dir created: /Users/leo/Programming/PLR/wandb/run-20230930_154021-red75tc0/files/wandb-metadata.json
2023-09-30 15:40:22,922 INFO    Thread-12 :12102 [dir_watcher.py:_on_file_created():271] file/dir created: /Users/leo/Programming/PLR/wandb/run-20230930_154021-red75tc0/files/requirements.txt
2023-09-30 15:40:24,932 INFO    Thread-12 :12102 [dir_watcher.py:_on_file_modified():288] file/dir modified: /Users/leo/Programming/PLR/wandb/run-20230930_154021-red75tc0/files/output.log
2023-09-30 15:40:25,937 INFO    Thread-12 :12102 [dir_watcher.py:_on_file_modified():288] file/dir modified: /Users/leo/Programming/PLR/wandb/run-20230930_154021-red75tc0/files/output.log
2023-09-30 15:40:26,578 DEBUG   HandlerThread:12102 [handler.py:handle_request():144] handle_request: status_report
2023-09-30 15:40:26,947 INFO    Thread-12 :12102 [dir_watcher.py:_on_file_modified():288] file/dir modified: /Users/leo/Programming/PLR/wandb/run-20230930_154021-red75tc0/files/output.log
2023-09-30 15:40:28,954 INFO    Thread-12 :12102 [dir_watcher.py:_on_file_modified():288] file/dir modified: /Users/leo/Programming/PLR/wandb/run-20230930_154021-red75tc0/files/output.log
2023-09-30 15:40:30,964 INFO    Thread-12 :12102 [dir_watcher.py:_on_file_modified():288] file/dir modified: /Users/leo/Programming/PLR/wandb/run-20230930_154021-red75tc0/files/output.log
2023-09-30 15:40:31,672 DEBUG   HandlerThread:12102 [handler.py:handle_request():144] handle_request: status_report
2023-09-30 15:40:32,975 INFO    Thread-12 :12102 [dir_watcher.py:_on_file_modified():288] file/dir modified: /Users/leo/Programming/PLR/wandb/run-20230930_154021-red75tc0/files/output.log
2023-09-30 15:40:33,980 INFO    Thread-12 :12102 [dir_watcher.py:_on_file_modified():288] file/dir modified: /Users/leo/Programming/PLR/wandb/run-20230930_154021-red75tc0/files/output.log
2023-09-30 15:40:34,985 INFO    Thread-12 :12102 [dir_watcher.py:_on_file_modified():288] file/dir modified: /Users/leo/Programming/PLR/wandb/run-20230930_154021-red75tc0/files/output.log
2023-09-30 15:40:36,695 DEBUG   HandlerThread:12102 [handler.py:handle_request():144] handle_request: status_report
2023-09-30 15:40:36,995 INFO    Thread-12 :12102 [dir_watcher.py:_on_file_modified():288] file/dir modified: /Users/leo/Programming/PLR/wandb/run-20230930_154021-red75tc0/files/output.log
2023-09-30 15:40:37,017 DEBUG   HandlerThread:12102 [handler.py:handle_request():144] handle_request: stop_status
2023-09-30 15:40:37,017 DEBUG   HandlerThread:12102 [handler.py:handle_request():144] handle_request: internal_messages
2023-09-30 15:40:37,017 DEBUG   SenderThread:12102 [sender.py:send_request():406] send_request: stop_status
2023-09-30 15:40:38,001 INFO    Thread-12 :12102 [dir_watcher.py:_on_file_modified():288] file/dir modified: /Users/leo/Programming/PLR/wandb/run-20230930_154021-red75tc0/files/output.log
2023-09-30 15:40:39,006 INFO    Thread-12 :12102 [dir_watcher.py:_on_file_modified():288] file/dir modified: /Users/leo/Programming/PLR/wandb/run-20230930_154021-red75tc0/files/output.log
2023-09-30 15:40:40,011 INFO    Thread-12 :12102 [dir_watcher.py:_on_file_modified():288] file/dir modified: /Users/leo/Programming/PLR/wandb/run-20230930_154021-red75tc0/files/output.log
2023-09-30 15:40:41,016 INFO    Thread-12 :12102 [dir_watcher.py:_on_file_modified():288] file/dir modified: /Users/leo/Programming/PLR/wandb/run-20230930_154021-red75tc0/files/output.log
2023-09-30 15:40:42,035 INFO    Thread-12 :12102 [dir_watcher.py:_on_file_modified():288] file/dir modified: /Users/leo/Programming/PLR/wandb/run-20230930_154021-red75tc0/files/output.log
2023-09-30 15:40:42,105 DEBUG   HandlerThread:12102 [handler.py:handle_request():144] handle_request: status_report
2023-09-30 15:40:43,050 INFO    Thread-12 :12102 [dir_watcher.py:_on_file_modified():288] file/dir modified: /Users/leo/Programming/PLR/wandb/run-20230930_154021-red75tc0/files/output.log
2023-09-30 15:40:45,047 INFO    Thread-12 :12102 [dir_watcher.py:_on_file_modified():288] file/dir modified: /Users/leo/Programming/PLR/wandb/run-20230930_154021-red75tc0/files/output.log
2023-09-30 15:40:46,052 INFO    Thread-12 :12102 [dir_watcher.py:_on_file_modified():288] file/dir modified: /Users/leo/Programming/PLR/wandb/run-20230930_154021-red75tc0/files/output.log
2023-09-30 15:40:47,057 INFO    Thread-12 :12102 [dir_watcher.py:_on_file_modified():288] file/dir modified: /Users/leo/Programming/PLR/wandb/run-20230930_154021-red75tc0/files/output.log
2023-09-30 15:40:47,189 DEBUG   HandlerThread:12102 [handler.py:handle_request():144] handle_request: status_report
2023-09-30 15:40:48,061 INFO    Thread-12 :12102 [dir_watcher.py:_on_file_modified():288] file/dir modified: /Users/leo/Programming/PLR/wandb/run-20230930_154021-red75tc0/files/output.log
2023-09-30 15:40:49,068 INFO    Thread-12 :12102 [dir_watcher.py:_on_file_modified():288] file/dir modified: /Users/leo/Programming/PLR/wandb/run-20230930_154021-red75tc0/files/output.log
2023-09-30 15:40:50,073 INFO    Thread-12 :12102 [dir_watcher.py:_on_file_modified():288] file/dir modified: /Users/leo/Programming/PLR/wandb/run-20230930_154021-red75tc0/files/output.log
2023-09-30 15:40:51,081 INFO    Thread-12 :12102 [dir_watcher.py:_on_file_modified():288] file/dir modified: /Users/leo/Programming/PLR/wandb/run-20230930_154021-red75tc0/files/output.log
2023-09-30 15:40:52,022 DEBUG   HandlerThread:12102 [handler.py:handle_request():144] handle_request: stop_status
2023-09-30 15:40:52,023 DEBUG   SenderThread:12102 [sender.py:send_request():406] send_request: stop_status
2023-09-30 15:40:52,025 DEBUG   HandlerThread:12102 [handler.py:handle_request():144] handle_request: internal_messages
2023-09-30 15:40:52,085 INFO    Thread-12 :12102 [dir_watcher.py:_on_file_modified():288] file/dir modified: /Users/leo/Programming/PLR/wandb/run-20230930_154021-red75tc0/files/output.log
2023-09-30 15:40:52,196 DEBUG   HandlerThread:12102 [handler.py:handle_request():144] handle_request: status_report
2023-09-30 15:40:53,098 INFO    Thread-12 :12102 [dir_watcher.py:_on_file_modified():288] file/dir modified: /Users/leo/Programming/PLR/wandb/run-20230930_154021-red75tc0/files/config.yaml
2023-09-30 15:40:53,099 INFO    Thread-12 :12102 [dir_watcher.py:_on_file_modified():288] file/dir modified: /Users/leo/Programming/PLR/wandb/run-20230930_154021-red75tc0/files/output.log
2023-09-30 15:40:55,107 INFO    Thread-12 :12102 [dir_watcher.py:_on_file_modified():288] file/dir modified: /Users/leo/Programming/PLR/wandb/run-20230930_154021-red75tc0/files/output.log
2023-09-30 15:40:56,117 INFO    Thread-12 :12102 [dir_watcher.py:_on_file_modified():288] file/dir modified: /Users/leo/Programming/PLR/wandb/run-20230930_154021-red75tc0/files/output.log
2023-09-30 15:40:57,131 INFO    Thread-12 :12102 [dir_watcher.py:_on_file_modified():288] file/dir modified: /Users/leo/Programming/PLR/wandb/run-20230930_154021-red75tc0/files/output.log
2023-09-30 15:40:57,659 DEBUG   HandlerThread:12102 [handler.py:handle_request():144] handle_request: status_report
2023-09-30 15:40:58,135 INFO    Thread-12 :12102 [dir_watcher.py:_on_file_modified():288] file/dir modified: /Users/leo/Programming/PLR/wandb/run-20230930_154021-red75tc0/files/output.log
2023-09-30 15:40:59,150 INFO    Thread-12 :12102 [dir_watcher.py:_on_file_modified():288] file/dir modified: /Users/leo/Programming/PLR/wandb/run-20230930_154021-red75tc0/files/output.log
2023-09-30 15:41:01,176 INFO    Thread-12 :12102 [dir_watcher.py:_on_file_modified():288] file/dir modified: /Users/leo/Programming/PLR/wandb/run-20230930_154021-red75tc0/files/output.log
2023-09-30 15:41:02,185 INFO    Thread-12 :12102 [dir_watcher.py:_on_file_modified():288] file/dir modified: /Users/leo/Programming/PLR/wandb/run-20230930_154021-red75tc0/files/output.log
2023-09-30 15:41:02,978 DEBUG   HandlerThread:12102 [handler.py:handle_request():144] handle_request: status_report
2023-09-30 15:41:03,187 INFO    Thread-12 :12102 [dir_watcher.py:_on_file_modified():288] file/dir modified: /Users/leo/Programming/PLR/wandb/run-20230930_154021-red75tc0/files/output.log
2023-09-30 15:41:05,197 INFO    Thread-12 :12102 [dir_watcher.py:_on_file_modified():288] file/dir modified: /Users/leo/Programming/PLR/wandb/run-20230930_154021-red75tc0/files/output.log
2023-09-30 15:41:06,203 INFO    Thread-12 :12102 [dir_watcher.py:_on_file_modified():288] file/dir modified: /Users/leo/Programming/PLR/wandb/run-20230930_154021-red75tc0/files/output.log
2023-09-30 15:41:07,026 DEBUG   HandlerThread:12102 [handler.py:handle_request():144] handle_request: internal_messages
2023-09-30 15:41:07,027 DEBUG   HandlerThread:12102 [handler.py:handle_request():144] handle_request: stop_status
2023-09-30 15:41:07,027 DEBUG   SenderThread:12102 [sender.py:send_request():406] send_request: stop_status
2023-09-30 15:41:07,207 INFO    Thread-12 :12102 [dir_watcher.py:_on_file_modified():288] file/dir modified: /Users/leo/Programming/PLR/wandb/run-20230930_154021-red75tc0/files/output.log
2023-09-30 15:41:07,345 DEBUG   HandlerThread:12102 [handler.py:handle_request():144] handle_request: partial_history
2023-09-30 15:41:07,346 DEBUG   SenderThread:12102 [sender.py:send():379] send: history
2023-09-30 15:41:07,346 DEBUG   SenderThread:12102 [sender.py:send_request():406] send_request: summary_record
2023-09-30 15:41:07,346 INFO    SenderThread:12102 [sender.py:_save_file():1375] saving file wandb-summary.json with policy end
2023-09-30 15:41:07,697 DEBUG   SenderThread:12102 [sender.py:send():379] send: exit
2023-09-30 15:41:07,697 INFO    SenderThread:12102 [sender.py:send_exit():584] handling exit code: 1
2023-09-30 15:41:07,697 INFO    SenderThread:12102 [sender.py:send_exit():586] handling runtime: 45
2023-09-30 15:41:07,697 INFO    SenderThread:12102 [sender.py:_save_file():1375] saving file wandb-summary.json with policy end
2023-09-30 15:41:07,697 INFO    SenderThread:12102 [sender.py:send_exit():592] send defer
2023-09-30 15:41:07,698 DEBUG   HandlerThread:12102 [handler.py:handle_request():144] handle_request: defer
2023-09-30 15:41:07,698 INFO    HandlerThread:12102 [handler.py:handle_request_defer():170] handle defer: 0
2023-09-30 15:41:07,698 DEBUG   SenderThread:12102 [sender.py:send_request():406] send_request: defer
2023-09-30 15:41:07,698 INFO    SenderThread:12102 [sender.py:send_request_defer():608] handle sender defer: 0
2023-09-30 15:41:07,698 INFO    SenderThread:12102 [sender.py:transition_state():612] send defer: 1
2023-09-30 15:41:07,698 DEBUG   HandlerThread:12102 [handler.py:handle_request():144] handle_request: defer
2023-09-30 15:41:07,698 INFO    HandlerThread:12102 [handler.py:handle_request_defer():170] handle defer: 1
2023-09-30 15:41:07,699 DEBUG   SenderThread:12102 [sender.py:send_request():406] send_request: defer
2023-09-30 15:41:07,699 INFO    SenderThread:12102 [sender.py:send_request_defer():608] handle sender defer: 1
2023-09-30 15:41:07,699 INFO    SenderThread:12102 [sender.py:transition_state():612] send defer: 2
2023-09-30 15:41:07,699 DEBUG   HandlerThread:12102 [handler.py:handle_request():144] handle_request: defer
2023-09-30 15:41:07,699 INFO    HandlerThread:12102 [handler.py:handle_request_defer():170] handle defer: 2
2023-09-30 15:41:07,699 INFO    HandlerThread:12102 [system_monitor.py:finish():190] Stopping system monitor
2023-09-30 15:41:07,699 DEBUG   SystemMonitor:12102 [system_monitor.py:_start():159] Starting system metrics aggregation loop
2023-09-30 15:41:07,700 DEBUG   SystemMonitor:12102 [system_monitor.py:_start():166] Finished system metrics aggregation loop
2023-09-30 15:41:07,700 DEBUG   SystemMonitor:12102 [system_monitor.py:_start():170] Publishing last batch of metrics
2023-09-30 15:41:07,701 INFO    HandlerThread:12102 [interfaces.py:finish():202] Joined cpu monitor
2023-09-30 15:41:07,701 INFO    HandlerThread:12102 [interfaces.py:finish():202] Joined disk monitor
2023-09-30 15:41:07,950 INFO    HandlerThread:12102 [interfaces.py:finish():202] Joined gpuapple monitor
2023-09-30 15:41:07,951 INFO    HandlerThread:12102 [interfaces.py:finish():202] Joined memory monitor
2023-09-30 15:41:07,951 INFO    HandlerThread:12102 [interfaces.py:finish():202] Joined network monitor
2023-09-30 15:41:07,951 DEBUG   SenderThread:12102 [sender.py:send_request():406] send_request: defer
2023-09-30 15:41:07,951 INFO    SenderThread:12102 [sender.py:send_request_defer():608] handle sender defer: 2
2023-09-30 15:41:07,951 INFO    SenderThread:12102 [sender.py:transition_state():612] send defer: 3
2023-09-30 15:41:07,951 DEBUG   SenderThread:12102 [sender.py:send():379] send: telemetry
2023-09-30 15:41:07,951 DEBUG   SenderThread:12102 [sender.py:send():379] send: stats
2023-09-30 15:41:07,951 DEBUG   HandlerThread:12102 [handler.py:handle_request():144] handle_request: defer
2023-09-30 15:41:07,951 INFO    HandlerThread:12102 [handler.py:handle_request_defer():170] handle defer: 3
2023-09-30 15:41:07,951 DEBUG   SenderThread:12102 [sender.py:send_request():406] send_request: defer
2023-09-30 15:41:07,951 INFO    SenderThread:12102 [sender.py:send_request_defer():608] handle sender defer: 3
2023-09-30 15:41:07,951 INFO    SenderThread:12102 [sender.py:transition_state():612] send defer: 4
2023-09-30 15:41:07,951 DEBUG   HandlerThread:12102 [handler.py:handle_request():144] handle_request: defer
2023-09-30 15:41:07,951 INFO    HandlerThread:12102 [handler.py:handle_request_defer():170] handle defer: 4
2023-09-30 15:41:07,951 DEBUG   SenderThread:12102 [sender.py:send_request():406] send_request: defer
2023-09-30 15:41:07,951 INFO    SenderThread:12102 [sender.py:send_request_defer():608] handle sender defer: 4
2023-09-30 15:41:07,951 INFO    SenderThread:12102 [sender.py:transition_state():612] send defer: 5
2023-09-30 15:41:07,951 DEBUG   HandlerThread:12102 [handler.py:handle_request():144] handle_request: defer
2023-09-30 15:41:07,951 INFO    HandlerThread:12102 [handler.py:handle_request_defer():170] handle defer: 5
2023-09-30 15:41:07,951 DEBUG   SenderThread:12102 [sender.py:send():379] send: summary
2023-09-30 15:41:07,952 INFO    SenderThread:12102 [sender.py:_save_file():1375] saving file wandb-summary.json with policy end
2023-09-30 15:41:07,952 DEBUG   SenderThread:12102 [sender.py:send_request():406] send_request: defer
2023-09-30 15:41:07,952 INFO    SenderThread:12102 [sender.py:send_request_defer():608] handle sender defer: 5
2023-09-30 15:41:07,952 INFO    SenderThread:12102 [sender.py:transition_state():612] send defer: 6
2023-09-30 15:41:07,952 DEBUG   HandlerThread:12102 [handler.py:handle_request():144] handle_request: defer
2023-09-30 15:41:07,952 INFO    HandlerThread:12102 [handler.py:handle_request_defer():170] handle defer: 6
2023-09-30 15:41:07,952 DEBUG   SenderThread:12102 [sender.py:send_request():406] send_request: defer
2023-09-30 15:41:07,952 INFO    SenderThread:12102 [sender.py:send_request_defer():608] handle sender defer: 6
2023-09-30 15:41:07,953 DEBUG   HandlerThread:12102 [handler.py:handle_request():144] handle_request: status_report
2023-09-30 15:41:08,134 INFO    SenderThread:12102 [sender.py:transition_state():612] send defer: 7
2023-09-30 15:41:08,134 DEBUG   HandlerThread:12102 [handler.py:handle_request():144] handle_request: defer
2023-09-30 15:41:08,134 INFO    HandlerThread:12102 [handler.py:handle_request_defer():170] handle defer: 7
2023-09-30 15:41:08,134 DEBUG   SenderThread:12102 [sender.py:send_request():406] send_request: defer
2023-09-30 15:41:08,134 INFO    SenderThread:12102 [sender.py:send_request_defer():608] handle sender defer: 7
2023-09-30 15:41:08,211 INFO    Thread-12 :12102 [dir_watcher.py:_on_file_modified():288] file/dir modified: /Users/leo/Programming/PLR/wandb/run-20230930_154021-red75tc0/files/config.yaml
2023-09-30 15:41:08,212 INFO    Thread-12 :12102 [dir_watcher.py:_on_file_modified():288] file/dir modified: /Users/leo/Programming/PLR/wandb/run-20230930_154021-red75tc0/files/output.log
2023-09-30 15:41:08,212 INFO    Thread-12 :12102 [dir_watcher.py:_on_file_created():271] file/dir created: /Users/leo/Programming/PLR/wandb/run-20230930_154021-red75tc0/files/wandb-summary.json
2023-09-30 15:41:08,701 DEBUG   HandlerThread:12102 [handler.py:handle_request():144] handle_request: poll_exit
2023-09-30 15:41:09,218 INFO    Thread-12 :12102 [dir_watcher.py:_on_file_modified():288] file/dir modified: /Users/leo/Programming/PLR/wandb/run-20230930_154021-red75tc0/files/output.log
2023-09-30 15:41:09,757 INFO    SenderThread:12102 [sender.py:transition_state():612] send defer: 8
2023-09-30 15:41:09,757 DEBUG   SenderThread:12102 [sender.py:send_request():406] send_request: poll_exit
2023-09-30 15:41:09,757 DEBUG   HandlerThread:12102 [handler.py:handle_request():144] handle_request: defer
2023-09-30 15:41:09,757 INFO    HandlerThread:12102 [handler.py:handle_request_defer():170] handle defer: 8
2023-09-30 15:41:09,758 DEBUG   SenderThread:12102 [sender.py:send_request():406] send_request: defer
2023-09-30 15:41:09,758 INFO    SenderThread:12102 [sender.py:send_request_defer():608] handle sender defer: 8
2023-09-30 15:41:09,758 INFO    SenderThread:12102 [job_builder.py:build():281] Attempting to build job artifact
2023-09-30 15:41:09,758 INFO    SenderThread:12102 [job_builder.py:_get_source_type():393] is repo sourced job
2023-09-30 15:41:09,760 INFO    SenderThread:12102 [job_builder.py:build():369] adding wandb-job metadata file
2023-09-30 15:41:09,764 INFO    SenderThread:12102 [sender.py:transition_state():612] send defer: 9
2023-09-30 15:41:09,765 DEBUG   HandlerThread:12102 [handler.py:handle_request():144] handle_request: defer
2023-09-30 15:41:09,765 INFO    HandlerThread:12102 [handler.py:handle_request_defer():170] handle defer: 9
2023-09-30 15:41:09,765 DEBUG   SenderThread:12102 [sender.py:send():379] send: artifact
2023-09-30 15:41:10,224 INFO    Thread-12 :12102 [dir_watcher.py:_on_file_modified():288] file/dir modified: /Users/leo/Programming/PLR/wandb/run-20230930_154021-red75tc0/files/output.log
2023-09-30 15:41:10,555 INFO    SenderThread:12102 [sender.py:send_artifact():1453] sent artifact job-https___github.com_leothesouthafrican_PLR.git_Leo_gen_algo_opt_folder_genetic_algorithm.py - {'id': 'QXJ0aWZhY3Q6NTg5NzcyODg5', 'state': 'COMMITTED', 'artifactSequence': {'id': 'QXJ0aWZhY3RDb2xsZWN0aW9uOjEwMjY3Mjc5OA==', 'latestArtifact': {'id': 'QXJ0aWZhY3Q6NTg5Nzc2Nzg4', 'versionIndex': 5}}}
2023-09-30 15:41:10,555 DEBUG   SenderThread:12102 [sender.py:send_request():406] send_request: defer
2023-09-30 15:41:10,555 INFO    SenderThread:12102 [sender.py:send_request_defer():608] handle sender defer: 9
2023-09-30 15:41:10,556 INFO    SenderThread:12102 [dir_watcher.py:finish():358] shutting down directory watcher
2023-09-30 15:41:11,225 INFO    SenderThread:12102 [dir_watcher.py:finish():388] scan: /Users/leo/Programming/PLR/wandb/run-20230930_154021-red75tc0/files
2023-09-30 15:41:11,225 INFO    SenderThread:12102 [dir_watcher.py:finish():402] scan save: /Users/leo/Programming/PLR/wandb/run-20230930_154021-red75tc0/files/requirements.txt requirements.txt
2023-09-30 15:41:11,225 INFO    SenderThread:12102 [dir_watcher.py:finish():402] scan save: /Users/leo/Programming/PLR/wandb/run-20230930_154021-red75tc0/files/output.log output.log
2023-09-30 15:41:11,226 INFO    SenderThread:12102 [dir_watcher.py:finish():402] scan save: /Users/leo/Programming/PLR/wandb/run-20230930_154021-red75tc0/files/config.yaml config.yaml
2023-09-30 15:41:11,228 INFO    SenderThread:12102 [dir_watcher.py:finish():402] scan save: /Users/leo/Programming/PLR/wandb/run-20230930_154021-red75tc0/files/wandb-summary.json wandb-summary.json
2023-09-30 15:41:11,230 INFO    SenderThread:12102 [dir_watcher.py:finish():402] scan save: /Users/leo/Programming/PLR/wandb/run-20230930_154021-red75tc0/files/wandb-metadata.json wandb-metadata.json
2023-09-30 15:41:11,230 INFO    SenderThread:12102 [sender.py:transition_state():612] send defer: 10
2023-09-30 15:41:11,231 DEBUG   HandlerThread:12102 [handler.py:handle_request():144] handle_request: defer
2023-09-30 15:41:11,231 INFO    HandlerThread:12102 [handler.py:handle_request_defer():170] handle defer: 10
2023-09-30 15:41:11,233 DEBUG   SenderThread:12102 [sender.py:send_request():406] send_request: defer
2023-09-30 15:41:11,233 INFO    SenderThread:12102 [sender.py:send_request_defer():608] handle sender defer: 10
2023-09-30 15:41:11,233 INFO    SenderThread:12102 [file_pusher.py:finish():175] shutting down file pusher
2023-09-30 15:41:11,613 INFO    wandb-upload_2:12102 [upload_job.py:push():131] Uploaded file /Users/leo/Programming/PLR/wandb/run-20230930_154021-red75tc0/files/config.yaml
2023-09-30 15:41:11,627 INFO    wandb-upload_1:12102 [upload_job.py:push():131] Uploaded file /Users/leo/Programming/PLR/wandb/run-20230930_154021-red75tc0/files/requirements.txt
2023-09-30 15:41:11,637 INFO    wandb-upload_3:12102 [upload_job.py:push():131] Uploaded file /Users/leo/Programming/PLR/wandb/run-20230930_154021-red75tc0/files/wandb-summary.json
2023-09-30 15:41:11,644 INFO    wandb-upload_0:12102 [upload_job.py:push():131] Uploaded file /Users/leo/Programming/PLR/wandb/run-20230930_154021-red75tc0/files/output.log
2023-09-30 15:41:11,847 INFO    Thread-11 (_thread_body):12102 [sender.py:transition_state():612] send defer: 11
2023-09-30 15:41:11,849 DEBUG   HandlerThread:12102 [handler.py:handle_request():144] handle_request: defer
2023-09-30 15:41:11,849 INFO    HandlerThread:12102 [handler.py:handle_request_defer():170] handle defer: 11
2023-09-30 15:41:11,850 DEBUG   SenderThread:12102 [sender.py:send_request():406] send_request: defer
2023-09-30 15:41:11,850 INFO    SenderThread:12102 [sender.py:send_request_defer():608] handle sender defer: 11
2023-09-30 15:41:11,851 INFO    SenderThread:12102 [file_pusher.py:join():181] waiting for file pusher
2023-09-30 15:41:11,851 INFO    SenderThread:12102 [sender.py:transition_state():612] send defer: 12
2023-09-30 15:41:11,851 DEBUG   HandlerThread:12102 [handler.py:handle_request():144] handle_request: defer
2023-09-30 15:41:11,851 INFO    HandlerThread:12102 [handler.py:handle_request_defer():170] handle defer: 12
2023-09-30 15:41:11,852 DEBUG   SenderThread:12102 [sender.py:send_request():406] send_request: defer
2023-09-30 15:41:11,852 INFO    SenderThread:12102 [sender.py:send_request_defer():608] handle sender defer: 12
2023-09-30 15:41:11,853 INFO    SenderThread:12102 [file_stream.py:finish():594] file stream finish called
2023-09-30 15:41:12,025 INFO    SenderThread:12102 [file_stream.py:finish():598] file stream finish is done
2023-09-30 15:41:12,026 INFO    SenderThread:12102 [sender.py:transition_state():612] send defer: 13
2023-09-30 15:41:12,026 DEBUG   HandlerThread:12102 [handler.py:handle_request():144] handle_request: defer
2023-09-30 15:41:12,026 INFO    HandlerThread:12102 [handler.py:handle_request_defer():170] handle defer: 13
2023-09-30 15:41:12,027 DEBUG   SenderThread:12102 [sender.py:send_request():406] send_request: defer
2023-09-30 15:41:12,027 INFO    SenderThread:12102 [sender.py:send_request_defer():608] handle sender defer: 13
2023-09-30 15:41:12,027 INFO    SenderThread:12102 [sender.py:transition_state():612] send defer: 14
2023-09-30 15:41:12,028 DEBUG   SenderThread:12102 [sender.py:send():379] send: final
2023-09-30 15:41:12,028 DEBUG   HandlerThread:12102 [handler.py:handle_request():144] handle_request: defer
2023-09-30 15:41:12,028 DEBUG   SenderThread:12102 [sender.py:send():379] send: footer
2023-09-30 15:41:12,028 INFO    HandlerThread:12102 [handler.py:handle_request_defer():170] handle defer: 14
2023-09-30 15:41:12,028 DEBUG   SenderThread:12102 [sender.py:send_request():406] send_request: defer
2023-09-30 15:41:12,028 INFO    SenderThread:12102 [sender.py:send_request_defer():608] handle sender defer: 14
2023-09-30 15:41:12,029 DEBUG   HandlerThread:12102 [handler.py:handle_request():144] handle_request: poll_exit
2023-09-30 15:41:12,029 DEBUG   SenderThread:12102 [sender.py:send_request():406] send_request: poll_exit
2023-09-30 15:41:12,030 DEBUG   HandlerThread:12102 [handler.py:handle_request():144] handle_request: server_info
2023-09-30 15:41:12,030 DEBUG   SenderThread:12102 [sender.py:send_request():406] send_request: server_info
2023-09-30 15:41:12,031 DEBUG   HandlerThread:12102 [handler.py:handle_request():144] handle_request: get_summary
2023-09-30 15:41:12,032 DEBUG   HandlerThread:12102 [handler.py:handle_request():144] handle_request: sampled_history
2023-09-30 15:41:12,032 DEBUG   HandlerThread:12102 [handler.py:handle_request():144] handle_request: internal_messages
2023-09-30 15:41:12,033 DEBUG   HandlerThread:12102 [handler.py:handle_request():144] handle_request: job_info
2023-09-30 15:41:12,174 DEBUG   SenderThread:12102 [sender.py:send_request():406] send_request: job_info
2023-09-30 15:41:12,175 INFO    MainThread:12102 [wandb_run.py:_footer_history_summary_info():3557] rendering history
2023-09-30 15:41:12,176 INFO    MainThread:12102 [wandb_run.py:_footer_history_summary_info():3589] rendering summary
2023-09-30 15:41:12,176 INFO    MainThread:12102 [wandb_run.py:_footer_sync_info():3516] logging synced files
2023-09-30 15:41:12,177 DEBUG   HandlerThread:12102 [handler.py:handle_request():144] handle_request: shutdown
2023-09-30 15:41:12,177 INFO    HandlerThread:12102 [handler.py:finish():840] shutting down handler
2023-09-30 15:41:13,039 INFO    WriterThread:12102 [datastore.py:close():294] close: /Users/leo/Programming/PLR/wandb/run-20230930_154021-red75tc0/run-red75tc0.wandb
2023-09-30 15:41:13,180 INFO    SenderThread:12102 [sender.py:finish():1531] shutting down sender
2023-09-30 15:41:13,180 INFO    SenderThread:12102 [file_pusher.py:finish():175] shutting down file pusher
2023-09-30 15:41:13,180 INFO    SenderThread:12102 [file_pusher.py:join():181] waiting for file pusher
