Generations:   0%|                                                                                                                                                                         | 0/20 [00:00<?, ?it/s]
Eval Fitness Gen 1 - Best Fitness: 0.2273:   3%|███▉                                                                                                                              | 3/100 [00:01<00:45,  2.12it/s]
Mutated clustering hyperparameter


Eval Fitness Gen 1 - Best Fitness: 0.5747:  13%|████████████████▊                                                                                                                | 13/100 [00:05<00:40,  2.16it/s]
Mutated latent dimension
Flipped feature 14
Flipped feature 17
Flipped feature 82

Eval Fitness Gen 1 - Best Fitness: 0.5747:  17%|█████████████████████▉                                                                                                           | 17/100 [00:07<00:39,  2.13it/s]
Flipped feature 0
Flipped feature 7
Flipped feature 12
Flipped feature 14
Flipped feature 18


Eval Fitness Gen 1 - Best Fitness: 0.8032:  26%|█████████████████████████████████▌                                                                                               | 26/100 [00:11<00:31,  2.34it/s]
Mutated depth

Eval Fitness Gen 1 - Best Fitness: 0.8032:  31%|███████████████████████████████████████▉                                                                                         | 31/100 [00:13<00:24,  2.76it/s]


Eval Fitness Gen 1 - Best Fitness: 0.8032:  40%|███████████████████████████████████████████████████▌                                                                             | 40/100 [00:17<00:25,  2.39it/s]
Flipped feature 3
Flipped feature 4
Flipped feature 8
Flipped feature 21
Flipped feature 32
Flipped feature 80
Flipped feature 93
Flipped feature 118


Eval Fitness Gen 1 - Best Fitness: 0.8032:  48%|█████████████████████████████████████████████████████████████▉                                                                   | 48/100 [00:21<00:23,  2.17it/s]
Flipped feature 10
Flipped feature 28
Flipped feature 30
Flipped feature 37
Flipped feature 72
Flipped feature 95
Flipped feature 106
Flipped feature 118
Flipped feature 126

Eval Fitness Gen 1 - Best Fitness: 0.8032:  52%|███████████████████████████████████████████████████████████████████                                                              | 52/100 [00:23<00:25,  1.91it/s]
Mutated depth
Flipped feature 11
Flipped feature 24
Flipped feature 32
Flipped feature 36
Flipped feature 84
Flipped feature 89
Flipped feature 100
Flipped feature 116
Flipped feature 117


Eval Fitness Gen 1 - Best Fitness: 0.8032:  60%|█████████████████████████████████████████████████████████████████████████████▍                                                   | 60/100 [00:27<00:19,  2.09it/s]
Mutated depth
Flipped feature 31
Flipped feature 41
Flipped feature 53
Flipped feature 97
Flipped feature 102
Flipped feature 108

Eval Fitness Gen 1 - Best Fitness: 0.8032:  64%|██████████████████████████████████████████████████████████████████████████████████▌                                              | 64/100 [00:29<00:18,  1.97it/s]
Flipped feature 1
Flipped feature 11
Flipped feature 48
Flipped feature 56
Flipped feature 122
Flipped feature 138
Flipped feature 139

Eval Fitness Gen 1 - Best Fitness: 0.8044:  68%|███████████████████████████████████████████████████████████████████████████████████████▋                                         | 68/100 [00:31<00:14,  2.16it/s]

Traceback (most recent call last):
  File "/Users/leo/Programming/PLR/Leo/gen_algo_opt_folder/genetic_algorithm.py", line 280, in <module>
    print("Best Fitness:", best_fitness)
                                    ^^^^^
  File "/Users/leo/Programming/PLR/Leo/gen_algo_opt_folder/genetic_algorithm.py", line 207, in run
    best_fitness_this_gen = fitness_val
              ^^^^^^^^^^^^^^^^^^^^^^^^
  File "/Users/leo/Programming/PLR/Leo/gen_algo_opt_folder/genetic_algorithm.py", line 74, in fitness
    loss.backward()
  File "/Users/leo/Programming/PLR/Leo/env/lib/python3.11/site-packages/torch/_tensor.py", line 487, in backward
    torch.autograd.backward(
  File "/Users/leo/Programming/PLR/Leo/env/lib/python3.11/site-packages/torch/autograd/__init__.py", line 200, in backward
    Variable._execution_engine.run_backward(  # Calls into the C++ engine to run the backward pass
KeyboardInterrupt