2023-09-30 15:33:38,786 INFO    StreamThr :11719 [internal.py:wandb_internal():86] W&B internal server running at pid: 11719, started at: 2023-09-30 15:33:38.785306
2023-09-30 15:33:38,786 DEBUG   HandlerThread:11719 [handler.py:handle_request():144] handle_request: status
2023-09-30 15:33:38,788 INFO    WriterThread:11719 [datastore.py:open_for_write():85] open: /Users/leo/Programming/PLR/wandb/run-20230930_153338-28lalbr2/run-28lalbr2.wandb
2023-09-30 15:33:38,789 DEBUG   SenderThread:11719 [sender.py:send():379] send: header
2023-09-30 15:33:38,804 DEBUG   SenderThread:11719 [sender.py:send():379] send: run
2023-09-30 15:33:39,262 INFO    SenderThread:11719 [dir_watcher.py:__init__():211] watching files in: /Users/leo/Programming/PLR/wandb/run-20230930_153338-28lalbr2/files
2023-09-30 15:33:39,263 INFO    SenderThread:11719 [sender.py:_start_run_threads():1121] run started: 28lalbr2 with start time 1696084418.785494
2023-09-30 15:33:39,273 DEBUG   HandlerThread:11719 [handler.py:handle_request():144] handle_request: check_version
2023-09-30 15:33:39,273 DEBUG   SenderThread:11719 [sender.py:send_request():406] send_request: check_version
2023-09-30 15:33:39,319 DEBUG   HandlerThread:11719 [handler.py:handle_request():144] handle_request: run_start
2023-09-30 15:33:39,325 DEBUG   HandlerThread:11719 [system_info.py:__init__():32] System info init
2023-09-30 15:33:39,325 DEBUG   HandlerThread:11719 [system_info.py:__init__():47] System info init done
2023-09-30 15:33:39,325 INFO    HandlerThread:11719 [system_monitor.py:start():181] Starting system monitor
2023-09-30 15:33:39,325 INFO    SystemMonitor:11719 [system_monitor.py:_start():145] Starting system asset monitoring threads
2023-09-30 15:33:39,325 INFO    HandlerThread:11719 [system_monitor.py:probe():201] Collecting system info
2023-09-30 15:33:39,326 INFO    SystemMonitor:11719 [interfaces.py:start():190] Started cpu monitoring
2023-09-30 15:33:39,327 INFO    SystemMonitor:11719 [interfaces.py:start():190] Started disk monitoring
2023-09-30 15:33:39,328 DEBUG   HandlerThread:11719 [system_info.py:probe():196] Probing system
2023-09-30 15:33:39,329 INFO    SystemMonitor:11719 [interfaces.py:start():190] Started gpuapple monitoring
2023-09-30 15:33:39,329 INFO    SystemMonitor:11719 [interfaces.py:start():190] Started memory monitoring
2023-09-30 15:33:39,330 INFO    SystemMonitor:11719 [interfaces.py:start():190] Started network monitoring
2023-09-30 15:33:39,333 DEBUG   HandlerThread:11719 [system_info.py:_probe_git():181] Probing git
2023-09-30 15:33:39,345 DEBUG   HandlerThread:11719 [system_info.py:_probe_git():189] Probing git done
2023-09-30 15:33:39,345 DEBUG   HandlerThread:11719 [system_info.py:probe():244] Probing system done
2023-09-30 15:33:39,345 DEBUG   HandlerThread:11719 [system_monitor.py:probe():210] {'os': 'macOS-14.0-arm64-arm-64bit', 'python': '3.11.4', 'heartbeatAt': '2023-09-30T14:33:39.328895', 'startedAt': '2023-09-30T14:33:38.780626', 'docker': None, 'cuda': None, 'args': (), 'state': 'running', 'program': '/Users/leo/Programming/PLR/Leo/gen_algo_opt_folder/genetic_algorithm.py', 'codePathLocal': 'Leo/gen_algo_opt_folder/genetic_algorithm.py', 'codePath': 'Leo/gen_algo_opt_folder/genetic_algorithm.py', 'git': {'remote': 'https://github.com/leothesouthafrican/PLR.git', 'commit': '7589be778cebd92f972ede671c501681bad7604d'}, 'email': '38779415+leothesouthafrican@users.noreply.github.com', 'root': '/Users/leo/Programming/PLR', 'host': 'Leos-MacBook-Pro.local', 'username': 'leo', 'executable': '/Users/leo/Programming/PLR/Leo/env/bin/python3', 'cpu_count': 10, 'cpu_count_logical': 10, 'disk': {'/': {'total': 855.9619140625, 'used': 12.108589172363281}}, 'gpuapple': {'type': 'arm', 'vendor': 'Apple'}, 'memory': {'total': 32.0}}
2023-09-30 15:33:39,345 INFO    HandlerThread:11719 [system_monitor.py:probe():211] Finished collecting system info
2023-09-30 15:33:39,345 INFO    HandlerThread:11719 [system_monitor.py:probe():214] Publishing system info
2023-09-30 15:33:39,345 DEBUG   HandlerThread:11719 [system_info.py:_save_pip():52] Saving list of pip packages installed into the current environment
2023-09-30 15:33:39,345 DEBUG   HandlerThread:11719 [system_info.py:_save_pip():68] Saving pip packages done
2023-09-30 15:33:39,346 INFO    HandlerThread:11719 [system_monitor.py:probe():216] Finished publishing system info
2023-09-30 15:33:39,347 DEBUG   SenderThread:11719 [sender.py:send():379] send: files
2023-09-30 15:33:39,347 INFO    SenderThread:11719 [sender.py:_save_file():1375] saving file wandb-metadata.json with policy now
2023-09-30 15:33:39,349 DEBUG   HandlerThread:11719 [handler.py:handle_request():144] handle_request: stop_status
2023-09-30 15:33:39,350 DEBUG   HandlerThread:11719 [handler.py:handle_request():144] handle_request: internal_messages
2023-09-30 15:33:39,350 DEBUG   SenderThread:11719 [sender.py:send_request():406] send_request: stop_status
2023-09-30 15:33:39,526 DEBUG   SenderThread:11719 [sender.py:send():379] send: telemetry
2023-09-30 15:33:39,882 INFO    wandb-upload_0:11719 [upload_job.py:push():131] Uploaded file /var/folders/dt/bgs1hq3d2k3dvhpt3llvs4rw0000gn/T/tmpnkd4gbr_wandb/ub73c3ry-wandb-metadata.json
2023-09-30 15:33:40,268 INFO    Thread-12 :11719 [dir_watcher.py:_on_file_created():271] file/dir created: /Users/leo/Programming/PLR/wandb/run-20230930_153338-28lalbr2/files/requirements.txt
2023-09-30 15:33:40,268 INFO    Thread-12 :11719 [dir_watcher.py:_on_file_created():271] file/dir created: /Users/leo/Programming/PLR/wandb/run-20230930_153338-28lalbr2/files/output.log
2023-09-30 15:33:40,268 INFO    Thread-12 :11719 [dir_watcher.py:_on_file_created():271] file/dir created: /Users/leo/Programming/PLR/wandb/run-20230930_153338-28lalbr2/files/wandb-metadata.json
2023-09-30 15:33:42,278 INFO    Thread-12 :11719 [dir_watcher.py:_on_file_modified():288] file/dir modified: /Users/leo/Programming/PLR/wandb/run-20230930_153338-28lalbr2/files/output.log
2023-09-30 15:33:44,544 DEBUG   HandlerThread:11719 [handler.py:handle_request():144] handle_request: status_report
2023-09-30 15:33:48,306 INFO    Thread-12 :11719 [dir_watcher.py:_on_file_modified():288] file/dir modified: /Users/leo/Programming/PLR/wandb/run-20230930_153338-28lalbr2/files/output.log
2023-09-30 15:33:50,173 DEBUG   HandlerThread:11719 [handler.py:handle_request():144] handle_request: status_report
2023-09-30 15:33:54,355 DEBUG   HandlerThread:11719 [handler.py:handle_request():144] handle_request: stop_status
2023-09-30 15:33:54,355 DEBUG   HandlerThread:11719 [handler.py:handle_request():144] handle_request: internal_messages
2023-09-30 15:33:54,355 DEBUG   SenderThread:11719 [sender.py:send_request():406] send_request: stop_status
2023-09-30 15:33:55,563 DEBUG   HandlerThread:11719 [handler.py:handle_request():144] handle_request: status_report
2023-09-30 15:33:58,358 INFO    Thread-12 :11719 [dir_watcher.py:_on_file_modified():288] file/dir modified: /Users/leo/Programming/PLR/wandb/run-20230930_153338-28lalbr2/files/output.log
2023-09-30 15:34:01,106 DEBUG   HandlerThread:11719 [handler.py:handle_request():144] handle_request: status_report
2023-09-30 15:34:06,397 INFO    Thread-12 :11719 [dir_watcher.py:_on_file_modified():288] file/dir modified: /Users/leo/Programming/PLR/wandb/run-20230930_153338-28lalbr2/files/output.log
2023-09-30 15:34:06,549 DEBUG   HandlerThread:11719 [handler.py:handle_request():144] handle_request: status_report
2023-09-30 15:34:08,406 INFO    Thread-12 :11719 [dir_watcher.py:_on_file_modified():288] file/dir modified: /Users/leo/Programming/PLR/wandb/run-20230930_153338-28lalbr2/files/output.log
2023-09-30 15:34:09,358 DEBUG   HandlerThread:11719 [handler.py:handle_request():144] handle_request: internal_messages
2023-09-30 15:34:09,359 DEBUG   HandlerThread:11719 [handler.py:handle_request():144] handle_request: stop_status
2023-09-30 15:34:09,360 DEBUG   SenderThread:11719 [sender.py:send_request():406] send_request: stop_status
2023-09-30 15:34:11,566 DEBUG   HandlerThread:11719 [handler.py:handle_request():144] handle_request: status_report
2023-09-30 15:34:12,421 INFO    Thread-12 :11719 [dir_watcher.py:_on_file_modified():288] file/dir modified: /Users/leo/Programming/PLR/wandb/run-20230930_153338-28lalbr2/files/config.yaml
2023-09-30 15:34:17,707 DEBUG   HandlerThread:11719 [handler.py:handle_request():144] handle_request: status_report
2023-09-30 15:34:18,446 INFO    Thread-12 :11719 [dir_watcher.py:_on_file_modified():288] file/dir modified: /Users/leo/Programming/PLR/wandb/run-20230930_153338-28lalbr2/files/output.log
2023-09-30 15:34:22,733 DEBUG   HandlerThread:11719 [handler.py:handle_request():144] handle_request: status_report
2023-09-30 15:34:24,363 DEBUG   HandlerThread:11719 [handler.py:handle_request():144] handle_request: stop_status
2023-09-30 15:34:24,363 DEBUG   HandlerThread:11719 [handler.py:handle_request():144] handle_request: internal_messages
2023-09-30 15:34:24,363 DEBUG   SenderThread:11719 [sender.py:send_request():406] send_request: stop_status
2023-09-30 15:34:28,610 DEBUG   HandlerThread:11719 [handler.py:handle_request():144] handle_request: status_report
2023-09-30 15:34:32,401 DEBUG   SenderThread:11719 [sender.py:send():379] send: exit
2023-09-30 15:34:32,401 INFO    SenderThread:11719 [sender.py:send_exit():584] handling exit code: 255
2023-09-30 15:34:32,401 INFO    SenderThread:11719 [sender.py:send_exit():586] handling runtime: 53
2023-09-30 15:34:32,401 INFO    SenderThread:11719 [sender.py:_save_file():1375] saving file wandb-summary.json with policy end
2023-09-30 15:34:32,402 INFO    SenderThread:11719 [sender.py:send_exit():592] send defer
2023-09-30 15:34:32,402 DEBUG   HandlerThread:11719 [handler.py:handle_request():144] handle_request: defer
2023-09-30 15:34:32,402 INFO    HandlerThread:11719 [handler.py:handle_request_defer():170] handle defer: 0
2023-09-30 15:34:32,402 DEBUG   SenderThread:11719 [sender.py:send_request():406] send_request: defer
2023-09-30 15:34:32,402 INFO    SenderThread:11719 [sender.py:send_request_defer():608] handle sender defer: 0
2023-09-30 15:34:32,402 INFO    SenderThread:11719 [sender.py:transition_state():612] send defer: 1
2023-09-30 15:34:32,402 DEBUG   HandlerThread:11719 [handler.py:handle_request():144] handle_request: defer
2023-09-30 15:34:32,402 INFO    HandlerThread:11719 [handler.py:handle_request_defer():170] handle defer: 1
2023-09-30 15:34:32,402 DEBUG   SenderThread:11719 [sender.py:send_request():406] send_request: defer
2023-09-30 15:34:32,402 INFO    SenderThread:11719 [sender.py:send_request_defer():608] handle sender defer: 1
2023-09-30 15:34:32,402 INFO    SenderThread:11719 [sender.py:transition_state():612] send defer: 2
2023-09-30 15:34:32,402 DEBUG   HandlerThread:11719 [handler.py:handle_request():144] handle_request: defer
2023-09-30 15:34:32,402 INFO    HandlerThread:11719 [handler.py:handle_request_defer():170] handle defer: 2
2023-09-30 15:34:32,402 INFO    HandlerThread:11719 [system_monitor.py:finish():190] Stopping system monitor
2023-09-30 15:34:32,402 DEBUG   SystemMonitor:11719 [system_monitor.py:_start():159] Starting system metrics aggregation loop
2023-09-30 15:34:32,402 DEBUG   SystemMonitor:11719 [system_monitor.py:_start():166] Finished system metrics aggregation loop
2023-09-30 15:34:32,402 INFO    HandlerThread:11719 [interfaces.py:finish():202] Joined cpu monitor
2023-09-30 15:34:32,403 DEBUG   SystemMonitor:11719 [system_monitor.py:_start():170] Publishing last batch of metrics
2023-09-30 15:34:32,403 INFO    HandlerThread:11719 [interfaces.py:finish():202] Joined disk monitor
2023-09-30 15:34:32,403 INFO    HandlerThread:11719 [interfaces.py:finish():202] Joined gpuapple monitor
2023-09-30 15:34:32,403 INFO    HandlerThread:11719 [interfaces.py:finish():202] Joined memory monitor
2023-09-30 15:34:32,403 INFO    HandlerThread:11719 [interfaces.py:finish():202] Joined network monitor
2023-09-30 15:34:32,403 DEBUG   SenderThread:11719 [sender.py:send_request():406] send_request: defer
2023-09-30 15:34:32,403 INFO    SenderThread:11719 [sender.py:send_request_defer():608] handle sender defer: 2
2023-09-30 15:34:32,403 INFO    SenderThread:11719 [sender.py:transition_state():612] send defer: 3
2023-09-30 15:34:32,404 DEBUG   SenderThread:11719 [sender.py:send():379] send: telemetry
2023-09-30 15:34:32,404 DEBUG   HandlerThread:11719 [handler.py:handle_request():144] handle_request: defer
2023-09-30 15:34:32,404 INFO    HandlerThread:11719 [handler.py:handle_request_defer():170] handle defer: 3
2023-09-30 15:34:32,404 DEBUG   SenderThread:11719 [sender.py:send():379] send: stats
2023-09-30 15:34:32,404 DEBUG   SenderThread:11719 [sender.py:send_request():406] send_request: defer
2023-09-30 15:34:32,404 INFO    SenderThread:11719 [sender.py:send_request_defer():608] handle sender defer: 3
2023-09-30 15:34:32,404 INFO    SenderThread:11719 [sender.py:transition_state():612] send defer: 4
2023-09-30 15:34:32,404 DEBUG   HandlerThread:11719 [handler.py:handle_request():144] handle_request: defer
2023-09-30 15:34:32,404 INFO    HandlerThread:11719 [handler.py:handle_request_defer():170] handle defer: 4
2023-09-30 15:34:32,404 DEBUG   SenderThread:11719 [sender.py:send_request():406] send_request: defer
2023-09-30 15:34:32,404 INFO    SenderThread:11719 [sender.py:send_request_defer():608] handle sender defer: 4
2023-09-30 15:34:32,404 INFO    SenderThread:11719 [sender.py:transition_state():612] send defer: 5
2023-09-30 15:34:32,404 DEBUG   HandlerThread:11719 [handler.py:handle_request():144] handle_request: defer
2023-09-30 15:34:32,404 INFO    HandlerThread:11719 [handler.py:handle_request_defer():170] handle defer: 5
2023-09-30 15:34:32,404 DEBUG   SenderThread:11719 [sender.py:send():379] send: summary
2023-09-30 15:34:32,404 INFO    SenderThread:11719 [sender.py:_save_file():1375] saving file wandb-summary.json with policy end
2023-09-30 15:34:32,404 DEBUG   SenderThread:11719 [sender.py:send_request():406] send_request: defer
2023-09-30 15:34:32,404 INFO    SenderThread:11719 [sender.py:send_request_defer():608] handle sender defer: 5
2023-09-30 15:34:32,404 INFO    SenderThread:11719 [sender.py:transition_state():612] send defer: 6
2023-09-30 15:34:32,404 DEBUG   HandlerThread:11719 [handler.py:handle_request():144] handle_request: defer
2023-09-30 15:34:32,404 INFO    HandlerThread:11719 [handler.py:handle_request_defer():170] handle defer: 6
2023-09-30 15:34:32,404 DEBUG   SenderThread:11719 [sender.py:send_request():406] send_request: defer
2023-09-30 15:34:32,404 INFO    SenderThread:11719 [sender.py:send_request_defer():608] handle sender defer: 6
2023-09-30 15:34:32,406 DEBUG   HandlerThread:11719 [handler.py:handle_request():144] handle_request: status_report
2023-09-30 15:34:32,513 INFO    Thread-12 :11719 [dir_watcher.py:_on_file_created():271] file/dir created: /Users/leo/Programming/PLR/wandb/run-20230930_153338-28lalbr2/files/wandb-summary.json
2023-09-30 15:34:32,602 INFO    SenderThread:11719 [sender.py:transition_state():612] send defer: 7
2023-09-30 15:34:32,602 DEBUG   HandlerThread:11719 [handler.py:handle_request():144] handle_request: defer
2023-09-30 15:34:32,602 INFO    HandlerThread:11719 [handler.py:handle_request_defer():170] handle defer: 7
2023-09-30 15:34:32,603 DEBUG   SenderThread:11719 [sender.py:send_request():406] send_request: defer
2023-09-30 15:34:32,603 INFO    SenderThread:11719 [sender.py:send_request_defer():608] handle sender defer: 7
2023-09-30 15:34:33,406 DEBUG   HandlerThread:11719 [handler.py:handle_request():144] handle_request: poll_exit
2023-09-30 15:34:33,519 INFO    Thread-12 :11719 [dir_watcher.py:_on_file_modified():288] file/dir modified: /Users/leo/Programming/PLR/wandb/run-20230930_153338-28lalbr2/files/config.yaml
2023-09-30 15:34:34,180 INFO    SenderThread:11719 [sender.py:transition_state():612] send defer: 8
2023-09-30 15:34:34,180 DEBUG   SenderThread:11719 [sender.py:send_request():406] send_request: poll_exit
2023-09-30 15:34:34,180 DEBUG   HandlerThread:11719 [handler.py:handle_request():144] handle_request: defer
2023-09-30 15:34:34,180 INFO    HandlerThread:11719 [handler.py:handle_request_defer():170] handle defer: 8
2023-09-30 15:34:34,181 DEBUG   SenderThread:11719 [sender.py:send_request():406] send_request: defer
2023-09-30 15:34:34,181 INFO    SenderThread:11719 [sender.py:send_request_defer():608] handle sender defer: 8
2023-09-30 15:34:34,181 INFO    SenderThread:11719 [job_builder.py:build():281] Attempting to build job artifact
2023-09-30 15:34:34,182 INFO    SenderThread:11719 [job_builder.py:_get_source_type():393] is repo sourced job
2023-09-30 15:34:34,183 INFO    SenderThread:11719 [job_builder.py:build():369] adding wandb-job metadata file
2023-09-30 15:34:34,189 INFO    SenderThread:11719 [sender.py:transition_state():612] send defer: 9
2023-09-30 15:34:34,189 DEBUG   HandlerThread:11719 [handler.py:handle_request():144] handle_request: defer
2023-09-30 15:34:34,189 DEBUG   SenderThread:11719 [sender.py:send():379] send: artifact
2023-09-30 15:34:34,189 INFO    HandlerThread:11719 [handler.py:handle_request_defer():170] handle defer: 9
2023-09-30 15:34:34,412 DEBUG   HandlerThread:11719 [handler.py:handle_request():144] handle_request: poll_exit
2023-09-30 15:34:34,523 INFO    Thread-12 :11719 [dir_watcher.py:_on_file_modified():288] file/dir modified: /Users/leo/Programming/PLR/wandb/run-20230930_153338-28lalbr2/files/output.log
2023-09-30 15:34:34,975 INFO    SenderThread:11719 [sender.py:send_artifact():1453] sent artifact job-https___github.com_leothesouthafrican_PLR.git_Leo_gen_algo_opt_folder_genetic_algorithm.py - {'id': 'QXJ0aWZhY3Q6NTg5Nzc2Nzg4', 'state': 'COMMITTED', 'artifactSequence': {'id': 'QXJ0aWZhY3RDb2xsZWN0aW9uOjEwMjY3Mjc5OA==', 'latestArtifact': {'id': 'QXJ0aWZhY3Q6NTg5Nzc2Nzg4', 'versionIndex': 5}}}
2023-09-30 15:34:34,976 DEBUG   SenderThread:11719 [sender.py:send_request():406] send_request: defer
2023-09-30 15:34:34,976 INFO    SenderThread:11719 [sender.py:send_request_defer():608] handle sender defer: 9
2023-09-30 15:34:34,976 INFO    SenderThread:11719 [dir_watcher.py:finish():358] shutting down directory watcher
2023-09-30 15:34:35,528 INFO    SenderThread:11719 [dir_watcher.py:finish():388] scan: /Users/leo/Programming/PLR/wandb/run-20230930_153338-28lalbr2/files
2023-09-30 15:34:35,528 INFO    SenderThread:11719 [dir_watcher.py:finish():402] scan save: /Users/leo/Programming/PLR/wandb/run-20230930_153338-28lalbr2/files/requirements.txt requirements.txt
2023-09-30 15:34:35,528 INFO    SenderThread:11719 [dir_watcher.py:finish():402] scan save: /Users/leo/Programming/PLR/wandb/run-20230930_153338-28lalbr2/files/output.log output.log
2023-09-30 15:34:35,528 INFO    SenderThread:11719 [dir_watcher.py:finish():402] scan save: /Users/leo/Programming/PLR/wandb/run-20230930_153338-28lalbr2/files/config.yaml config.yaml
2023-09-30 15:34:35,529 INFO    SenderThread:11719 [dir_watcher.py:finish():402] scan save: /Users/leo/Programming/PLR/wandb/run-20230930_153338-28lalbr2/files/wandb-summary.json wandb-summary.json
2023-09-30 15:34:35,529 INFO    SenderThread:11719 [dir_watcher.py:finish():402] scan save: /Users/leo/Programming/PLR/wandb/run-20230930_153338-28lalbr2/files/wandb-metadata.json wandb-metadata.json
2023-09-30 15:34:35,529 INFO    SenderThread:11719 [sender.py:transition_state():612] send defer: 10
2023-09-30 15:34:35,529 DEBUG   SenderThread:11719 [sender.py:send_request():406] send_request: poll_exit
2023-09-30 15:34:35,530 DEBUG   HandlerThread:11719 [handler.py:handle_request():144] handle_request: defer
2023-09-30 15:34:35,530 INFO    HandlerThread:11719 [handler.py:handle_request_defer():170] handle defer: 10
2023-09-30 15:34:35,532 DEBUG   SenderThread:11719 [sender.py:send_request():406] send_request: defer
2023-09-30 15:34:35,532 INFO    SenderThread:11719 [sender.py:send_request_defer():608] handle sender defer: 10
2023-09-30 15:34:35,533 INFO    SenderThread:11719 [file_pusher.py:finish():175] shutting down file pusher
2023-09-30 15:34:35,927 INFO    wandb-upload_2:11719 [upload_job.py:push():131] Uploaded file /Users/leo/Programming/PLR/wandb/run-20230930_153338-28lalbr2/files/config.yaml
2023-09-30 15:34:35,956 INFO    wandb-upload_0:11719 [upload_job.py:push():131] Uploaded file /Users/leo/Programming/PLR/wandb/run-20230930_153338-28lalbr2/files/output.log
2023-09-30 15:34:35,959 INFO    wandb-upload_3:11719 [upload_job.py:push():131] Uploaded file /Users/leo/Programming/PLR/wandb/run-20230930_153338-28lalbr2/files/wandb-summary.json
2023-09-30 15:34:35,969 INFO    wandb-upload_1:11719 [upload_job.py:push():131] Uploaded file /Users/leo/Programming/PLR/wandb/run-20230930_153338-28lalbr2/files/requirements.txt
2023-09-30 15:34:36,173 INFO    Thread-11 (_thread_body):11719 [sender.py:transition_state():612] send defer: 11
2023-09-30 15:34:36,174 DEBUG   HandlerThread:11719 [handler.py:handle_request():144] handle_request: defer
2023-09-30 15:34:36,174 INFO    HandlerThread:11719 [handler.py:handle_request_defer():170] handle defer: 11
2023-09-30 15:34:36,175 DEBUG   SenderThread:11719 [sender.py:send_request():406] send_request: defer
2023-09-30 15:34:36,175 INFO    SenderThread:11719 [sender.py:send_request_defer():608] handle sender defer: 11
2023-09-30 15:34:36,175 INFO    SenderThread:11719 [file_pusher.py:join():181] waiting for file pusher
2023-09-30 15:34:36,175 INFO    SenderThread:11719 [sender.py:transition_state():612] send defer: 12
2023-09-30 15:34:36,180 DEBUG   HandlerThread:11719 [handler.py:handle_request():144] handle_request: defer
2023-09-30 15:34:36,180 INFO    HandlerThread:11719 [handler.py:handle_request_defer():170] handle defer: 12
2023-09-30 15:34:36,181 DEBUG   SenderThread:11719 [sender.py:send_request():406] send_request: defer
2023-09-30 15:34:36,181 INFO    SenderThread:11719 [sender.py:send_request_defer():608] handle sender defer: 12
2023-09-30 15:34:36,181 INFO    SenderThread:11719 [file_stream.py:finish():594] file stream finish called
2023-09-30 15:34:36,370 INFO    SenderThread:11719 [file_stream.py:finish():598] file stream finish is done
2023-09-30 15:34:36,371 INFO    SenderThread:11719 [sender.py:transition_state():612] send defer: 13
2023-09-30 15:34:36,371 DEBUG   HandlerThread:11719 [handler.py:handle_request():144] handle_request: defer
2023-09-30 15:34:36,371 INFO    HandlerThread:11719 [handler.py:handle_request_defer():170] handle defer: 13
2023-09-30 15:34:36,385 DEBUG   SenderThread:11719 [sender.py:send_request():406] send_request: defer
2023-09-30 15:34:36,385 INFO    SenderThread:11719 [sender.py:send_request_defer():608] handle sender defer: 13
2023-09-30 15:34:36,385 INFO    SenderThread:11719 [sender.py:transition_state():612] send defer: 14
2023-09-30 15:34:36,386 DEBUG   HandlerThread:11719 [handler.py:handle_request():144] handle_request: defer
2023-09-30 15:34:36,386 INFO    HandlerThread:11719 [handler.py:handle_request_defer():170] handle defer: 14
2023-09-30 15:34:36,386 DEBUG   SenderThread:11719 [sender.py:send():379] send: final
2023-09-30 15:34:36,386 DEBUG   SenderThread:11719 [sender.py:send():379] send: footer
2023-09-30 15:34:36,386 DEBUG   SenderThread:11719 [sender.py:send_request():406] send_request: defer
2023-09-30 15:34:36,386 INFO    SenderThread:11719 [sender.py:send_request_defer():608] handle sender defer: 14
2023-09-30 15:34:36,387 DEBUG   HandlerThread:11719 [handler.py:handle_request():144] handle_request: poll_exit
2023-09-30 15:34:36,387 DEBUG   HandlerThread:11719 [handler.py:handle_request():144] handle_request: server_info
2023-09-30 15:34:36,388 DEBUG   HandlerThread:11719 [handler.py:handle_request():144] handle_request: get_summary
2023-09-30 15:34:36,388 DEBUG   SenderThread:11719 [sender.py:send_request():406] send_request: poll_exit
2023-09-30 15:34:36,388 DEBUG   HandlerThread:11719 [handler.py:handle_request():144] handle_request: sampled_history
2023-09-30 15:34:36,388 DEBUG   SenderThread:11719 [sender.py:send_request():406] send_request: server_info
2023-09-30 15:34:36,389 DEBUG   HandlerThread:11719 [handler.py:handle_request():144] handle_request: internal_messages
2023-09-30 15:34:36,390 DEBUG   HandlerThread:11719 [handler.py:handle_request():144] handle_request: job_info
2023-09-30 15:34:36,549 DEBUG   SenderThread:11719 [sender.py:send_request():406] send_request: job_info
2023-09-30 15:34:36,549 INFO    MainThread:11719 [wandb_run.py:_footer_history_summary_info():3557] rendering history
2023-09-30 15:34:36,550 INFO    MainThread:11719 [wandb_run.py:_footer_history_summary_info():3589] rendering summary
2023-09-30 15:34:36,550 INFO    MainThread:11719 [wandb_run.py:_footer_sync_info():3516] logging synced files
2023-09-30 15:34:36,551 DEBUG   HandlerThread:11719 [handler.py:handle_request():144] handle_request: shutdown
2023-09-30 15:34:36,551 INFO    HandlerThread:11719 [handler.py:finish():840] shutting down handler
2023-09-30 15:34:37,395 INFO    WriterThread:11719 [datastore.py:close():294] close: /Users/leo/Programming/PLR/wandb/run-20230930_153338-28lalbr2/run-28lalbr2.wandb
2023-09-30 15:34:37,550 INFO    SenderThread:11719 [sender.py:finish():1531] shutting down sender
2023-09-30 15:34:37,550 INFO    SenderThread:11719 [file_pusher.py:finish():175] shutting down file pusher
2023-09-30 15:34:37,550 INFO    SenderThread:11719 [file_pusher.py:join():181] waiting for file pusher
