2023-09-29 19:54:37,734 INFO    StreamThr :478 [internal.py:wandb_internal():86] W&B internal server running at pid: 478, started at: 2023-09-29 19:54:37.733805
2023-09-29 19:54:37,734 DEBUG   HandlerThread:478 [handler.py:handle_request():144] handle_request: status
2023-09-29 19:54:37,736 INFO    WriterThread:478 [datastore.py:open_for_write():85] open: /Users/leo/Programming/PLR/wandb/run-20230929_195437-f1pd9g4l/run-f1pd9g4l.wandb
2023-09-29 19:54:37,737 DEBUG   SenderThread:478 [sender.py:send():379] send: header
2023-09-29 19:54:37,749 DEBUG   SenderThread:478 [sender.py:send():379] send: run
2023-09-29 19:54:39,096 INFO    SenderThread:478 [dir_watcher.py:__init__():211] watching files in: /Users/leo/Programming/PLR/wandb/run-20230929_195437-f1pd9g4l/files
2023-09-29 19:54:39,096 INFO    SenderThread:478 [sender.py:_start_run_threads():1121] run started: f1pd9g4l with start time 1696013677.734758
2023-09-29 19:54:39,103 DEBUG   HandlerThread:478 [handler.py:handle_request():144] handle_request: check_version
2023-09-29 19:54:39,103 DEBUG   SenderThread:478 [sender.py:send_request():406] send_request: check_version
2023-09-29 19:54:39,318 DEBUG   HandlerThread:478 [handler.py:handle_request():144] handle_request: run_start
2023-09-29 19:54:39,323 DEBUG   HandlerThread:478 [system_info.py:__init__():32] System info init
2023-09-29 19:54:39,323 DEBUG   HandlerThread:478 [system_info.py:__init__():47] System info init done
2023-09-29 19:54:39,323 INFO    HandlerThread:478 [system_monitor.py:start():181] Starting system monitor
2023-09-29 19:54:39,324 INFO    SystemMonitor:478 [system_monitor.py:_start():145] Starting system asset monitoring threads
2023-09-29 19:54:39,324 INFO    HandlerThread:478 [system_monitor.py:probe():201] Collecting system info
2023-09-29 19:54:39,324 DEBUG   HandlerThread:478 [system_info.py:probe():196] Probing system
2023-09-29 19:54:39,324 INFO    SystemMonitor:478 [interfaces.py:start():190] Started cpu monitoring
2023-09-29 19:54:39,325 INFO    SystemMonitor:478 [interfaces.py:start():190] Started disk monitoring
2023-09-29 19:54:39,327 INFO    SystemMonitor:478 [interfaces.py:start():190] Started gpuapple monitoring
2023-09-29 19:54:39,328 INFO    SystemMonitor:478 [interfaces.py:start():190] Started memory monitoring
2023-09-29 19:54:39,329 INFO    SystemMonitor:478 [interfaces.py:start():190] Started network monitoring
2023-09-29 19:54:39,332 DEBUG   HandlerThread:478 [system_info.py:_probe_git():181] Probing git
2023-09-29 19:54:39,346 DEBUG   HandlerThread:478 [system_info.py:_probe_git():189] Probing git done
2023-09-29 19:54:39,346 DEBUG   HandlerThread:478 [system_info.py:probe():244] Probing system done
2023-09-29 19:54:39,346 DEBUG   HandlerThread:478 [system_monitor.py:probe():210] {'os': 'macOS-14.0-arm64-arm-64bit', 'python': '3.11.4', 'heartbeatAt': '2023-09-29T18:54:39.324721', 'startedAt': '2023-09-29T18:54:37.726749', 'docker': None, 'cuda': None, 'args': (), 'state': 'running', 'program': '/Users/leo/Programming/PLR/Leo/gen_algo_opt_folder/gen_algo2.py', 'codePathLocal': 'Leo/gen_algo_opt_folder/gen_algo2.py', 'codePath': 'Leo/gen_algo_opt_folder/gen_algo2.py', 'git': {'remote': 'https://github.com/leothesouthafrican/PLR.git', 'commit': '17c440643012a28a1c012a2814851fe71d6b6ec3'}, 'email': '38779415+leothesouthafrican@users.noreply.github.com', 'root': '/Users/leo/Programming/PLR', 'host': 'Leos-MacBook-Pro.local', 'username': 'leo', 'executable': '/Users/leo/Programming/PLR/Leo/env/bin/python3.11', 'cpu_count': 10, 'cpu_count_logical': 10, 'disk': {'/': {'total': 855.9619140625, 'used': 12.108589172363281}}, 'gpuapple': {'type': 'arm', 'vendor': 'Apple'}, 'memory': {'total': 32.0}}
2023-09-29 19:54:39,346 INFO    HandlerThread:478 [system_monitor.py:probe():211] Finished collecting system info
2023-09-29 19:54:39,346 INFO    HandlerThread:478 [system_monitor.py:probe():214] Publishing system info
2023-09-29 19:54:39,346 DEBUG   HandlerThread:478 [system_info.py:_save_pip():52] Saving list of pip packages installed into the current environment
2023-09-29 19:54:39,347 DEBUG   HandlerThread:478 [system_info.py:_save_pip():68] Saving pip packages done
2023-09-29 19:54:39,347 INFO    HandlerThread:478 [system_monitor.py:probe():216] Finished publishing system info
2023-09-29 19:54:39,349 DEBUG   SenderThread:478 [sender.py:send():379] send: files
2023-09-29 19:54:39,349 INFO    SenderThread:478 [sender.py:_save_file():1375] saving file wandb-metadata.json with policy now
2023-09-29 19:54:39,354 DEBUG   HandlerThread:478 [handler.py:handle_request():144] handle_request: stop_status
2023-09-29 19:54:39,354 DEBUG   HandlerThread:478 [handler.py:handle_request():144] handle_request: internal_messages
2023-09-29 19:54:39,354 DEBUG   SenderThread:478 [sender.py:send_request():406] send_request: stop_status
2023-09-29 19:54:39,620 DEBUG   SenderThread:478 [sender.py:send():379] send: telemetry
2023-09-29 19:54:40,088 INFO    wandb-upload_0:478 [upload_job.py:push():131] Uploaded file /var/folders/dt/bgs1hq3d2k3dvhpt3llvs4rw0000gn/T/tmpwh_gfrwywandb/sq9tmzxv-wandb-metadata.json
2023-09-29 19:54:40,103 INFO    Thread-12 :478 [dir_watcher.py:_on_file_created():271] file/dir created: /Users/leo/Programming/PLR/wandb/run-20230929_195437-f1pd9g4l/files/requirements.txt
2023-09-29 19:54:40,103 INFO    Thread-12 :478 [dir_watcher.py:_on_file_created():271] file/dir created: /Users/leo/Programming/PLR/wandb/run-20230929_195437-f1pd9g4l/files/output.log
2023-09-29 19:54:40,103 INFO    Thread-12 :478 [dir_watcher.py:_on_file_created():271] file/dir created: /Users/leo/Programming/PLR/wandb/run-20230929_195437-f1pd9g4l/files/wandb-metadata.json
2023-09-29 19:54:42,112 INFO    Thread-12 :478 [dir_watcher.py:_on_file_modified():288] file/dir modified: /Users/leo/Programming/PLR/wandb/run-20230929_195437-f1pd9g4l/files/output.log
2023-09-29 19:54:43,643 DEBUG   HandlerThread:478 [handler.py:handle_request():144] handle_request: status_report
2023-09-29 19:54:48,663 DEBUG   HandlerThread:478 [handler.py:handle_request():144] handle_request: status_report
2023-09-29 19:54:53,681 DEBUG   HandlerThread:478 [handler.py:handle_request():144] handle_request: status_report
2023-09-29 19:54:54,358 DEBUG   HandlerThread:478 [handler.py:handle_request():144] handle_request: internal_messages
2023-09-29 19:54:54,359 DEBUG   HandlerThread:478 [handler.py:handle_request():144] handle_request: stop_status
2023-09-29 19:54:54,359 DEBUG   SenderThread:478 [sender.py:send_request():406] send_request: stop_status
2023-09-29 19:54:59,680 DEBUG   HandlerThread:478 [handler.py:handle_request():144] handle_request: status_report
2023-09-29 19:55:04,707 DEBUG   HandlerThread:478 [handler.py:handle_request():144] handle_request: status_report
2023-09-29 19:55:09,360 DEBUG   HandlerThread:478 [handler.py:handle_request():144] handle_request: internal_messages
2023-09-29 19:55:09,361 DEBUG   HandlerThread:478 [handler.py:handle_request():144] handle_request: stop_status
2023-09-29 19:55:09,361 DEBUG   SenderThread:478 [sender.py:send_request():406] send_request: stop_status
2023-09-29 19:55:09,811 DEBUG   HandlerThread:478 [handler.py:handle_request():144] handle_request: status_report
2023-09-29 19:55:10,242 INFO    Thread-12 :478 [dir_watcher.py:_on_file_modified():288] file/dir modified: /Users/leo/Programming/PLR/wandb/run-20230929_195437-f1pd9g4l/files/config.yaml
2023-09-29 19:55:15,031 DEBUG   HandlerThread:478 [handler.py:handle_request():144] handle_request: status_report
2023-09-29 19:55:20,059 DEBUG   HandlerThread:478 [handler.py:handle_request():144] handle_request: status_report
2023-09-29 19:55:24,365 DEBUG   HandlerThread:478 [handler.py:handle_request():144] handle_request: internal_messages
2023-09-29 19:55:24,365 DEBUG   HandlerThread:478 [handler.py:handle_request():144] handle_request: stop_status
2023-09-29 19:55:24,366 DEBUG   SenderThread:478 [sender.py:send_request():406] send_request: stop_status
2023-09-29 19:55:25,579 DEBUG   HandlerThread:478 [handler.py:handle_request():144] handle_request: status_report
2023-09-29 19:55:30,601 DEBUG   HandlerThread:478 [handler.py:handle_request():144] handle_request: status_report
2023-09-29 19:55:35,616 DEBUG   HandlerThread:478 [handler.py:handle_request():144] handle_request: status_report
2023-09-29 19:55:39,333 DEBUG   SystemMonitor:478 [system_monitor.py:_start():159] Starting system metrics aggregation loop
2023-09-29 19:55:39,335 DEBUG   SenderThread:478 [sender.py:send():379] send: telemetry
2023-09-29 19:55:39,335 DEBUG   SenderThread:478 [sender.py:send():379] send: stats
2023-09-29 19:55:39,365 DEBUG   HandlerThread:478 [handler.py:handle_request():144] handle_request: internal_messages
2023-09-29 19:55:39,367 DEBUG   HandlerThread:478 [handler.py:handle_request():144] handle_request: stop_status
2023-09-29 19:55:39,367 DEBUG   SenderThread:478 [sender.py:send_request():406] send_request: stop_status
2023-09-29 19:55:41,613 DEBUG   HandlerThread:478 [handler.py:handle_request():144] handle_request: status_report
2023-09-29 19:55:42,386 INFO    Thread-12 :478 [dir_watcher.py:_on_file_modified():288] file/dir modified: /Users/leo/Programming/PLR/wandb/run-20230929_195437-f1pd9g4l/files/config.yaml
2023-09-29 19:55:46,827 DEBUG   HandlerThread:478 [handler.py:handle_request():144] handle_request: status_report
2023-09-29 19:55:51,847 DEBUG   HandlerThread:478 [handler.py:handle_request():144] handle_request: status_report
2023-09-29 19:55:54,337 DEBUG   SenderThread:478 [sender.py:send():379] send: exit
2023-09-29 19:55:54,337 INFO    SenderThread:478 [sender.py:send_exit():584] handling exit code: 1
2023-09-29 19:55:54,337 INFO    SenderThread:478 [sender.py:send_exit():586] handling runtime: 75
2023-09-29 19:55:54,338 INFO    SenderThread:478 [sender.py:_save_file():1375] saving file wandb-summary.json with policy end
2023-09-29 19:55:54,338 INFO    SenderThread:478 [sender.py:send_exit():592] send defer
2023-09-29 19:55:54,338 DEBUG   HandlerThread:478 [handler.py:handle_request():144] handle_request: defer
2023-09-29 19:55:54,338 INFO    HandlerThread:478 [handler.py:handle_request_defer():170] handle defer: 0
2023-09-29 19:55:54,338 DEBUG   SenderThread:478 [sender.py:send_request():406] send_request: defer
2023-09-29 19:55:54,338 INFO    SenderThread:478 [sender.py:send_request_defer():608] handle sender defer: 0
2023-09-29 19:55:54,338 INFO    SenderThread:478 [sender.py:transition_state():612] send defer: 1
2023-09-29 19:55:54,338 DEBUG   HandlerThread:478 [handler.py:handle_request():144] handle_request: defer
2023-09-29 19:55:54,338 INFO    HandlerThread:478 [handler.py:handle_request_defer():170] handle defer: 1
2023-09-29 19:55:54,338 DEBUG   SenderThread:478 [sender.py:send_request():406] send_request: defer
2023-09-29 19:55:54,338 INFO    SenderThread:478 [sender.py:send_request_defer():608] handle sender defer: 1
2023-09-29 19:55:54,338 INFO    SenderThread:478 [sender.py:transition_state():612] send defer: 2
2023-09-29 19:55:54,338 DEBUG   HandlerThread:478 [handler.py:handle_request():144] handle_request: defer
2023-09-29 19:55:54,338 INFO    HandlerThread:478 [handler.py:handle_request_defer():170] handle defer: 2
2023-09-29 19:55:54,338 INFO    HandlerThread:478 [system_monitor.py:finish():190] Stopping system monitor
2023-09-29 19:55:54,338 DEBUG   SystemMonitor:478 [system_monitor.py:_start():166] Finished system metrics aggregation loop
2023-09-29 19:55:54,338 DEBUG   SystemMonitor:478 [system_monitor.py:_start():170] Publishing last batch of metrics
2023-09-29 19:55:54,338 INFO    HandlerThread:478 [interfaces.py:finish():202] Joined cpu monitor
2023-09-29 19:55:54,339 INFO    HandlerThread:478 [interfaces.py:finish():202] Joined disk monitor
2023-09-29 19:55:54,440 INFO    Thread-12 :478 [dir_watcher.py:_on_file_modified():288] file/dir modified: /Users/leo/Programming/PLR/wandb/run-20230929_195437-f1pd9g4l/files/output.log
2023-09-29 19:55:54,440 INFO    Thread-12 :478 [dir_watcher.py:_on_file_created():271] file/dir created: /Users/leo/Programming/PLR/wandb/run-20230929_195437-f1pd9g4l/files/wandb-summary.json
2023-09-29 19:55:54,889 INFO    HandlerThread:478 [interfaces.py:finish():202] Joined gpuapple monitor
2023-09-29 19:55:54,889 INFO    HandlerThread:478 [interfaces.py:finish():202] Joined memory monitor
2023-09-29 19:55:54,889 INFO    HandlerThread:478 [interfaces.py:finish():202] Joined network monitor
2023-09-29 19:55:54,890 DEBUG   SenderThread:478 [sender.py:send_request():406] send_request: defer
2023-09-29 19:55:54,890 INFO    SenderThread:478 [sender.py:send_request_defer():608] handle sender defer: 2
2023-09-29 19:55:54,890 INFO    SenderThread:478 [sender.py:transition_state():612] send defer: 3
2023-09-29 19:55:54,890 DEBUG   SenderThread:478 [sender.py:send():379] send: stats
2023-09-29 19:55:54,890 DEBUG   HandlerThread:478 [handler.py:handle_request():144] handle_request: defer
2023-09-29 19:55:54,890 INFO    HandlerThread:478 [handler.py:handle_request_defer():170] handle defer: 3
2023-09-29 19:55:54,890 DEBUG   SenderThread:478 [sender.py:send_request():406] send_request: defer
2023-09-29 19:55:54,890 INFO    SenderThread:478 [sender.py:send_request_defer():608] handle sender defer: 3
2023-09-29 19:55:54,890 INFO    SenderThread:478 [sender.py:transition_state():612] send defer: 4
2023-09-29 19:55:54,890 DEBUG   HandlerThread:478 [handler.py:handle_request():144] handle_request: defer
2023-09-29 19:55:54,890 INFO    HandlerThread:478 [handler.py:handle_request_defer():170] handle defer: 4
2023-09-29 19:55:54,890 DEBUG   SenderThread:478 [sender.py:send_request():406] send_request: defer
2023-09-29 19:55:54,890 INFO    SenderThread:478 [sender.py:send_request_defer():608] handle sender defer: 4
2023-09-29 19:55:54,890 INFO    SenderThread:478 [sender.py:transition_state():612] send defer: 5
2023-09-29 19:55:54,890 DEBUG   HandlerThread:478 [handler.py:handle_request():144] handle_request: defer
2023-09-29 19:55:54,890 INFO    HandlerThread:478 [handler.py:handle_request_defer():170] handle defer: 5
2023-09-29 19:55:54,890 DEBUG   SenderThread:478 [sender.py:send():379] send: summary
2023-09-29 19:55:54,890 INFO    SenderThread:478 [sender.py:_save_file():1375] saving file wandb-summary.json with policy end
2023-09-29 19:55:54,891 DEBUG   SenderThread:478 [sender.py:send_request():406] send_request: defer
2023-09-29 19:55:54,891 INFO    SenderThread:478 [sender.py:send_request_defer():608] handle sender defer: 5
2023-09-29 19:55:54,891 INFO    SenderThread:478 [sender.py:transition_state():612] send defer: 6
2023-09-29 19:55:54,891 DEBUG   HandlerThread:478 [handler.py:handle_request():144] handle_request: defer
2023-09-29 19:55:54,891 INFO    HandlerThread:478 [handler.py:handle_request_defer():170] handle defer: 6
2023-09-29 19:55:54,891 DEBUG   SenderThread:478 [sender.py:send_request():406] send_request: defer
2023-09-29 19:55:54,891 INFO    SenderThread:478 [sender.py:send_request_defer():608] handle sender defer: 6
2023-09-29 19:55:54,891 INFO    SenderThread:478 [sender.py:transition_state():612] send defer: 7
2023-09-29 19:55:54,891 DEBUG   HandlerThread:478 [handler.py:handle_request():144] handle_request: status_report
2023-09-29 19:55:54,891 DEBUG   HandlerThread:478 [handler.py:handle_request():144] handle_request: defer
2023-09-29 19:55:54,891 INFO    HandlerThread:478 [handler.py:handle_request_defer():170] handle defer: 7
2023-09-29 19:55:54,891 DEBUG   SenderThread:478 [sender.py:send_request():406] send_request: defer
2023-09-29 19:55:54,891 INFO    SenderThread:478 [sender.py:send_request_defer():608] handle sender defer: 7
2023-09-29 19:55:55,342 DEBUG   HandlerThread:478 [handler.py:handle_request():144] handle_request: poll_exit
2023-09-29 19:55:55,446 INFO    Thread-12 :478 [dir_watcher.py:_on_file_modified():288] file/dir modified: /Users/leo/Programming/PLR/wandb/run-20230929_195437-f1pd9g4l/files/wandb-summary.json
2023-09-29 19:55:56,451 INFO    Thread-12 :478 [dir_watcher.py:_on_file_modified():288] file/dir modified: /Users/leo/Programming/PLR/wandb/run-20230929_195437-f1pd9g4l/files/output.log
2023-09-29 19:55:57,586 INFO    SenderThread:478 [sender.py:transition_state():612] send defer: 8
2023-09-29 19:55:57,587 DEBUG   SenderThread:478 [sender.py:send_request():406] send_request: poll_exit
2023-09-29 19:55:57,587 DEBUG   HandlerThread:478 [handler.py:handle_request():144] handle_request: defer
2023-09-29 19:55:57,587 INFO    HandlerThread:478 [handler.py:handle_request_defer():170] handle defer: 8
2023-09-29 19:55:57,588 DEBUG   SenderThread:478 [sender.py:send_request():406] send_request: defer
2023-09-29 19:55:57,588 INFO    SenderThread:478 [sender.py:send_request_defer():608] handle sender defer: 8
2023-09-29 19:55:57,588 INFO    SenderThread:478 [job_builder.py:build():281] Attempting to build job artifact
2023-09-29 19:55:57,589 INFO    SenderThread:478 [job_builder.py:_get_source_type():393] is repo sourced job
2023-09-29 19:55:57,592 INFO    SenderThread:478 [job_builder.py:build():369] adding wandb-job metadata file
2023-09-29 19:55:57,598 INFO    SenderThread:478 [sender.py:transition_state():612] send defer: 9
2023-09-29 19:55:57,598 DEBUG   SenderThread:478 [sender.py:send():379] send: artifact
2023-09-29 19:55:57,598 DEBUG   HandlerThread:478 [handler.py:handle_request():144] handle_request: defer
2023-09-29 19:55:57,600 INFO    HandlerThread:478 [handler.py:handle_request_defer():170] handle defer: 9
2023-09-29 19:55:58,455 INFO    Thread-12 :478 [dir_watcher.py:_on_file_modified():288] file/dir modified: /Users/leo/Programming/PLR/wandb/run-20230929_195437-f1pd9g4l/files/output.log
2023-09-29 19:55:58,477 INFO    SenderThread:478 [sender.py:send_artifact():1453] sent artifact job-https___github.com_leothesouthafrican_PLR.git_Leo_gen_algo_opt_folder_gen_algo2.py - {'id': 'QXJ0aWZhY3Q6NTg4ODk3OTYz', 'state': 'COMMITTED', 'artifactSequence': {'id': 'QXJ0aWZhY3RDb2xsZWN0aW9uOjEwMjQ3MTkxNw==', 'latestArtifact': {'id': 'QXJ0aWZhY3Q6NTg4ODk3OTYz', 'versionIndex': 3}}}
2023-09-29 19:55:58,477 DEBUG   SenderThread:478 [sender.py:send_request():406] send_request: defer
2023-09-29 19:55:58,477 INFO    SenderThread:478 [sender.py:send_request_defer():608] handle sender defer: 9
2023-09-29 19:55:58,478 INFO    SenderThread:478 [dir_watcher.py:finish():358] shutting down directory watcher
2023-09-29 19:55:59,460 INFO    SenderThread:478 [dir_watcher.py:finish():388] scan: /Users/leo/Programming/PLR/wandb/run-20230929_195437-f1pd9g4l/files
2023-09-29 19:55:59,460 INFO    SenderThread:478 [dir_watcher.py:finish():402] scan save: /Users/leo/Programming/PLR/wandb/run-20230929_195437-f1pd9g4l/files/requirements.txt requirements.txt
2023-09-29 19:55:59,461 INFO    SenderThread:478 [dir_watcher.py:finish():402] scan save: /Users/leo/Programming/PLR/wandb/run-20230929_195437-f1pd9g4l/files/output.log output.log
2023-09-29 19:55:59,465 INFO    SenderThread:478 [dir_watcher.py:finish():402] scan save: /Users/leo/Programming/PLR/wandb/run-20230929_195437-f1pd9g4l/files/config.yaml config.yaml
2023-09-29 19:55:59,465 INFO    SenderThread:478 [dir_watcher.py:finish():402] scan save: /Users/leo/Programming/PLR/wandb/run-20230929_195437-f1pd9g4l/files/wandb-summary.json wandb-summary.json
2023-09-29 19:55:59,465 INFO    SenderThread:478 [dir_watcher.py:finish():402] scan save: /Users/leo/Programming/PLR/wandb/run-20230929_195437-f1pd9g4l/files/wandb-metadata.json wandb-metadata.json
2023-09-29 19:55:59,466 INFO    SenderThread:478 [sender.py:transition_state():612] send defer: 10
2023-09-29 19:55:59,466 DEBUG   HandlerThread:478 [handler.py:handle_request():144] handle_request: defer
2023-09-29 19:55:59,467 INFO    HandlerThread:478 [handler.py:handle_request_defer():170] handle defer: 10
2023-09-29 19:55:59,469 DEBUG   SenderThread:478 [sender.py:send_request():406] send_request: defer
2023-09-29 19:55:59,469 INFO    SenderThread:478 [sender.py:send_request_defer():608] handle sender defer: 10
2023-09-29 19:55:59,469 INFO    SenderThread:478 [file_pusher.py:finish():175] shutting down file pusher
2023-09-29 19:55:59,937 INFO    wandb-upload_0:478 [upload_job.py:push():131] Uploaded file /Users/leo/Programming/PLR/wandb/run-20230929_195437-f1pd9g4l/files/requirements.txt
2023-09-29 19:56:00,010 INFO    wandb-upload_1:478 [upload_job.py:push():131] Uploaded file /Users/leo/Programming/PLR/wandb/run-20230929_195437-f1pd9g4l/files/output.log
2023-09-29 19:56:00,051 INFO    wandb-upload_3:478 [upload_job.py:push():131] Uploaded file /Users/leo/Programming/PLR/wandb/run-20230929_195437-f1pd9g4l/files/wandb-summary.json
2023-09-29 19:56:00,062 INFO    wandb-upload_2:478 [upload_job.py:push():131] Uploaded file /Users/leo/Programming/PLR/wandb/run-20230929_195437-f1pd9g4l/files/config.yaml
2023-09-29 19:56:00,267 INFO    Thread-11 (_thread_body):478 [sender.py:transition_state():612] send defer: 11
2023-09-29 19:56:00,268 DEBUG   HandlerThread:478 [handler.py:handle_request():144] handle_request: defer
2023-09-29 19:56:00,268 INFO    HandlerThread:478 [handler.py:handle_request_defer():170] handle defer: 11
2023-09-29 19:56:00,268 DEBUG   SenderThread:478 [sender.py:send_request():406] send_request: defer
2023-09-29 19:56:00,268 INFO    SenderThread:478 [sender.py:send_request_defer():608] handle sender defer: 11
2023-09-29 19:56:00,268 INFO    SenderThread:478 [file_pusher.py:join():181] waiting for file pusher
2023-09-29 19:56:00,268 INFO    SenderThread:478 [sender.py:transition_state():612] send defer: 12
2023-09-29 19:56:00,269 DEBUG   HandlerThread:478 [handler.py:handle_request():144] handle_request: defer
2023-09-29 19:56:00,269 INFO    HandlerThread:478 [handler.py:handle_request_defer():170] handle defer: 12
2023-09-29 19:56:00,269 DEBUG   SenderThread:478 [sender.py:send_request():406] send_request: defer
2023-09-29 19:56:00,269 INFO    SenderThread:478 [sender.py:send_request_defer():608] handle sender defer: 12
2023-09-29 19:56:00,269 INFO    SenderThread:478 [file_stream.py:finish():594] file stream finish called
2023-09-29 19:56:00,362 DEBUG   HandlerThread:478 [handler.py:handle_request():144] handle_request: keepalive
2023-09-29 19:56:00,844 INFO    SenderThread:478 [file_stream.py:finish():598] file stream finish is done
2023-09-29 19:56:00,844 INFO    SenderThread:478 [sender.py:transition_state():612] send defer: 13
2023-09-29 19:56:00,844 DEBUG   HandlerThread:478 [handler.py:handle_request():144] handle_request: defer
2023-09-29 19:56:00,844 INFO    HandlerThread:478 [handler.py:handle_request_defer():170] handle defer: 13
2023-09-29 19:56:00,845 DEBUG   SenderThread:478 [sender.py:send_request():406] send_request: defer
2023-09-29 19:56:00,845 INFO    SenderThread:478 [sender.py:send_request_defer():608] handle sender defer: 13
2023-09-29 19:56:00,845 INFO    SenderThread:478 [sender.py:transition_state():612] send defer: 14
2023-09-29 19:56:00,845 DEBUG   HandlerThread:478 [handler.py:handle_request():144] handle_request: defer
2023-09-29 19:56:00,846 INFO    HandlerThread:478 [handler.py:handle_request_defer():170] handle defer: 14
2023-09-29 19:56:00,847 DEBUG   SenderThread:478 [sender.py:send():379] send: final
2023-09-29 19:56:00,847 DEBUG   SenderThread:478 [sender.py:send():379] send: footer
2023-09-29 19:56:00,847 DEBUG   SenderThread:478 [sender.py:send_request():406] send_request: defer
2023-09-29 19:56:00,847 INFO    SenderThread:478 [sender.py:send_request_defer():608] handle sender defer: 14
2023-09-29 19:56:00,848 DEBUG   HandlerThread:478 [handler.py:handle_request():144] handle_request: poll_exit
2023-09-29 19:56:00,849 DEBUG   SenderThread:478 [sender.py:send_request():406] send_request: poll_exit
2023-09-29 19:56:00,849 DEBUG   HandlerThread:478 [handler.py:handle_request():144] handle_request: server_info
2023-09-29 19:56:00,850 DEBUG   HandlerThread:478 [handler.py:handle_request():144] handle_request: get_summary
2023-09-29 19:56:00,850 DEBUG   HandlerThread:478 [handler.py:handle_request():144] handle_request: sampled_history
2023-09-29 19:56:00,850 DEBUG   HandlerThread:478 [handler.py:handle_request():144] handle_request: internal_messages
2023-09-29 19:56:00,851 DEBUG   SenderThread:478 [sender.py:send_request():406] send_request: server_info
2023-09-29 19:56:00,854 DEBUG   HandlerThread:478 [handler.py:handle_request():144] handle_request: job_info
2023-09-29 19:56:01,013 DEBUG   SenderThread:478 [sender.py:send_request():406] send_request: job_info
2023-09-29 19:56:01,013 INFO    MainThread:478 [wandb_run.py:_footer_history_summary_info():3557] rendering history
2023-09-29 19:56:01,014 INFO    MainThread:478 [wandb_run.py:_footer_history_summary_info():3589] rendering summary
2023-09-29 19:56:01,014 INFO    MainThread:478 [wandb_run.py:_footer_sync_info():3516] logging synced files
2023-09-29 19:56:01,017 DEBUG   HandlerThread:478 [handler.py:handle_request():144] handle_request: shutdown
2023-09-29 19:56:01,018 INFO    HandlerThread:478 [handler.py:finish():840] shutting down handler
2023-09-29 19:56:01,856 INFO    WriterThread:478 [datastore.py:close():294] close: /Users/leo/Programming/PLR/wandb/run-20230929_195437-f1pd9g4l/run-f1pd9g4l.wandb
2023-09-29 19:56:02,014 INFO    SenderThread:478 [sender.py:finish():1531] shutting down sender
2023-09-29 19:56:02,015 INFO    SenderThread:478 [file_pusher.py:finish():175] shutting down file pusher
2023-09-29 19:56:02,015 INFO    SenderThread:478 [file_pusher.py:join():181] waiting for file pusher
