2023-09-30 18:26:20,975 INFO    MainThread:16612 [wandb_setup.py:_flush():76] Current SDK version is 0.15.10
2023-09-30 18:26:20,975 INFO    MainThread:16612 [wandb_setup.py:_flush():76] Configure stats pid to 16612
2023-09-30 18:26:20,975 INFO    MainThread:16612 [wandb_setup.py:_flush():76] Loading settings from /Users/leo/.config/wandb/settings
2023-09-30 18:26:20,975 INFO    MainThread:16612 [wandb_setup.py:_flush():76] Loading settings from /Users/leo/Programming/PLR/wandb/settings
2023-09-30 18:26:20,975 INFO    MainThread:16612 [wandb_setup.py:_flush():76] Loading settings from environment variables: {}
2023-09-30 18:26:20,975 INFO    MainThread:16612 [wandb_setup.py:_flush():76] Applying setup settings: {'_disable_service': False}
2023-09-30 18:26:20,975 INFO    MainThread:16612 [wandb_setup.py:_flush():76] Inferring run settings from compute environment: {'program_relpath': 'Leo/gen_algo_opt_folder/genetic_algorithm.py', 'program': '/Users/leo/Programming/PLR/Leo/gen_algo_opt_folder/genetic_algorithm.py'}
2023-09-30 18:26:20,975 INFO    MainThread:16612 [wandb_init.py:_log_setup():524] Logging user logs to /Users/leo/Programming/PLR/wandb/run-20230930_182620-fh9nuy3a/logs/debug.log
2023-09-30 18:26:20,976 INFO    MainThread:16612 [wandb_init.py:_log_setup():525] Logging internal logs to /Users/leo/Programming/PLR/wandb/run-20230930_182620-fh9nuy3a/logs/debug-internal.log
2023-09-30 18:26:20,976 INFO    MainThread:16612 [wandb_init.py:init():564] calling init triggers
2023-09-30 18:26:20,976 INFO    MainThread:16612 [wandb_init.py:init():571] wandb.init called with sweep_config: {}
config: {}
2023-09-30 18:26:20,976 INFO    MainThread:16612 [wandb_init.py:init():614] starting backend
2023-09-30 18:26:20,976 INFO    MainThread:16612 [wandb_init.py:init():618] setting up manager
2023-09-30 18:26:20,977 INFO    MainThread:16612 [backend.py:_multiprocessing_setup():105] multiprocessing start_methods=spawn,fork,forkserver, using: spawn
2023-09-30 18:26:20,977 INFO    MainThread:16612 [wandb_init.py:init():624] backend started and connected
2023-09-30 18:26:20,979 INFO    MainThread:16612 [wandb_init.py:init():715] updated telemetry
2023-09-30 18:26:20,997 INFO    MainThread:16612 [wandb_init.py:init():748] communicating run to backend with 90.0 second timeout
2023-09-30 18:26:21,392 INFO    MainThread:16612 [wandb_run.py:_on_init():2220] communicating current version
2023-09-30 18:26:21,506 INFO    MainThread:16612 [wandb_run.py:_on_init():2229] got version response upgrade_message: "wandb version 0.15.11 is available!  To upgrade, please run:\n $ pip install wandb --upgrade"

2023-09-30 18:26:21,506 INFO    MainThread:16612 [wandb_init.py:init():799] starting run threads in backend
2023-09-30 18:26:21,546 INFO    MainThread:16612 [wandb_run.py:_console_start():2199] atexit reg
2023-09-30 18:26:21,546 INFO    MainThread:16612 [wandb_run.py:_redirect():2054] redirect: wrap_raw
2023-09-30 18:26:21,546 INFO    MainThread:16612 [wandb_run.py:_redirect():2119] Wrapping output streams.
2023-09-30 18:26:21,546 INFO    MainThread:16612 [wandb_run.py:_redirect():2144] Redirects installed.
2023-09-30 18:26:21,547 INFO    MainThread:16612 [wandb_init.py:init():840] run started, returning control to user process
2023-09-30 18:26:21,547 INFO    MainThread:16612 [wandb_run.py:_config_callback():1324] config_cb None None {'population_size': '100', 'n_generations': '5', 'selection_rate': '0.3', 'mutation_rate': '0.05', 'increased_mutation_rate': '0.2', 'num_elites': '10', 'n_features': '141', 'max_depth': '5', 'depth_range': '(1, 5)', 'latent_dim_range': '(2, 128)', 'n_epochs': '5', 'score_metric': '<function silhouette_score at 0x15cd28400>', 'parent_selection_method': 'rank', 'crossover_method': 'uniform', 'clustering_algo': 'hdbscan', 'min_cluster_size_range': '(2, 50)', 'learning_rate': '0.001', 'batch_size': '64', 'device': 'cpu'}
2023-09-30 18:26:50,318 INFO    MainThread:16612 [wandb_run.py:_finish():1934] finishing run leothesouthafrican/PLR/fh9nuy3a
2023-09-30 18:26:50,318 INFO    MainThread:16612 [wandb_run.py:_atexit_cleanup():2168] got exitcode: 0
2023-09-30 18:26:50,319 INFO    MainThread:16612 [wandb_run.py:_restore():2151] restore
2023-09-30 18:26:50,319 INFO    MainThread:16612 [wandb_run.py:_restore():2157] restore done
2023-09-30 18:27:00,784 INFO    MainThread:16612 [wandb_run.py:_footer_history_summary_info():3557] rendering history
2023-09-30 18:27:00,791 INFO    MainThread:16612 [wandb_run.py:_footer_history_summary_info():3589] rendering summary
2023-09-30 18:27:00,801 INFO    MainThread:16612 [wandb_run.py:_footer_sync_info():3516] logging synced files
