2023-09-30 16:09:42,762 INFO    StreamThr :12599 [internal.py:wandb_internal():86] W&B internal server running at pid: 12599, started at: 2023-09-30 16:09:42.761317
2023-09-30 16:09:42,763 DEBUG   HandlerThread:12599 [handler.py:handle_request():144] handle_request: status
2023-09-30 16:09:42,765 INFO    WriterThread:12599 [datastore.py:open_for_write():85] open: /Users/leo/Programming/PLR/wandb/run-20230930_160942-c5n66ja2/run-c5n66ja2.wandb
2023-09-30 16:09:42,766 DEBUG   SenderThread:12599 [sender.py:send():379] send: header
2023-09-30 16:09:42,785 DEBUG   SenderThread:12599 [sender.py:send():379] send: run
2023-09-30 16:09:43,176 INFO    SenderThread:12599 [dir_watcher.py:__init__():211] watching files in: /Users/leo/Programming/PLR/wandb/run-20230930_160942-c5n66ja2/files
2023-09-30 16:09:43,176 INFO    SenderThread:12599 [sender.py:_start_run_threads():1121] run started: c5n66ja2 with start time 1696086582.761754
2023-09-30 16:09:43,186 DEBUG   HandlerThread:12599 [handler.py:handle_request():144] handle_request: check_version
2023-09-30 16:09:43,186 DEBUG   SenderThread:12599 [sender.py:send_request():406] send_request: check_version
2023-09-30 16:09:43,340 DEBUG   HandlerThread:12599 [handler.py:handle_request():144] handle_request: run_start
2023-09-30 16:09:43,353 DEBUG   HandlerThread:12599 [system_info.py:__init__():32] System info init
2023-09-30 16:09:43,353 DEBUG   HandlerThread:12599 [system_info.py:__init__():47] System info init done
2023-09-30 16:09:43,353 INFO    HandlerThread:12599 [system_monitor.py:start():181] Starting system monitor
2023-09-30 16:09:43,354 INFO    SystemMonitor:12599 [system_monitor.py:_start():145] Starting system asset monitoring threads
2023-09-30 16:09:43,354 INFO    HandlerThread:12599 [system_monitor.py:probe():201] Collecting system info
2023-09-30 16:09:43,355 INFO    SystemMonitor:12599 [interfaces.py:start():190] Started cpu monitoring
2023-09-30 16:09:43,355 INFO    SystemMonitor:12599 [interfaces.py:start():190] Started disk monitoring
2023-09-30 16:09:43,355 DEBUG   HandlerThread:12599 [system_info.py:probe():196] Probing system
2023-09-30 16:09:43,359 INFO    SystemMonitor:12599 [interfaces.py:start():190] Started gpuapple monitoring
2023-09-30 16:09:43,361 INFO    SystemMonitor:12599 [interfaces.py:start():190] Started memory monitoring
2023-09-30 16:09:43,362 INFO    SystemMonitor:12599 [interfaces.py:start():190] Started network monitoring
2023-09-30 16:09:43,366 DEBUG   HandlerThread:12599 [system_info.py:_probe_git():181] Probing git
2023-09-30 16:09:43,380 DEBUG   HandlerThread:12599 [system_info.py:_probe_git():189] Probing git done
2023-09-30 16:09:43,380 DEBUG   HandlerThread:12599 [system_info.py:probe():244] Probing system done
2023-09-30 16:09:43,380 DEBUG   HandlerThread:12599 [system_monitor.py:probe():210] {'os': 'macOS-14.0-arm64-arm-64bit', 'python': '3.11.4', 'heartbeatAt': '2023-09-30T15:09:43.359328', 'startedAt': '2023-09-30T15:09:42.755338', 'docker': None, 'cuda': None, 'args': (), 'state': 'running', 'program': '/Users/leo/Programming/PLR/Leo/gen_algo_opt_folder/genetic_algorithm.py', 'codePathLocal': 'Leo/gen_algo_opt_folder/genetic_algorithm.py', 'codePath': 'Leo/gen_algo_opt_folder/genetic_algorithm.py', 'git': {'remote': 'https://github.com/leothesouthafrican/PLR.git', 'commit': '7589be778cebd92f972ede671c501681bad7604d'}, 'email': '38779415+leothesouthafrican@users.noreply.github.com', 'root': '/Users/leo/Programming/PLR', 'host': 'Leos-MacBook-Pro.local', 'username': 'leo', 'executable': '/Users/leo/Programming/PLR/Leo/env/bin/python3', 'cpu_count': 10, 'cpu_count_logical': 10, 'disk': {'/': {'total': 855.9619140625, 'used': 12.108589172363281}}, 'gpuapple': {'type': 'arm', 'vendor': 'Apple'}, 'memory': {'total': 32.0}}
2023-09-30 16:09:43,380 INFO    HandlerThread:12599 [system_monitor.py:probe():211] Finished collecting system info
2023-09-30 16:09:43,380 INFO    HandlerThread:12599 [system_monitor.py:probe():214] Publishing system info
2023-09-30 16:09:43,380 DEBUG   HandlerThread:12599 [system_info.py:_save_pip():52] Saving list of pip packages installed into the current environment
2023-09-30 16:09:43,380 DEBUG   HandlerThread:12599 [system_info.py:_save_pip():68] Saving pip packages done
2023-09-30 16:09:43,380 INFO    HandlerThread:12599 [system_monitor.py:probe():216] Finished publishing system info
2023-09-30 16:09:43,382 DEBUG   SenderThread:12599 [sender.py:send():379] send: files
2023-09-30 16:09:43,382 INFO    SenderThread:12599 [sender.py:_save_file():1375] saving file wandb-metadata.json with policy now
2023-09-30 16:09:43,384 DEBUG   HandlerThread:12599 [handler.py:handle_request():144] handle_request: stop_status
2023-09-30 16:09:43,384 DEBUG   SenderThread:12599 [sender.py:send_request():406] send_request: stop_status
2023-09-30 16:09:43,385 DEBUG   HandlerThread:12599 [handler.py:handle_request():144] handle_request: internal_messages
2023-09-30 16:09:43,637 DEBUG   SenderThread:12599 [sender.py:send():379] send: telemetry
2023-09-30 16:09:43,951 INFO    wandb-upload_0:12599 [upload_job.py:push():131] Uploaded file /var/folders/dt/bgs1hq3d2k3dvhpt3llvs4rw0000gn/T/tmphuimad49wandb/by3ocs89-wandb-metadata.json
2023-09-30 16:09:44,182 INFO    Thread-12 :12599 [dir_watcher.py:_on_file_created():271] file/dir created: /Users/leo/Programming/PLR/wandb/run-20230930_160942-c5n66ja2/files/output.log
2023-09-30 16:09:44,182 INFO    Thread-12 :12599 [dir_watcher.py:_on_file_created():271] file/dir created: /Users/leo/Programming/PLR/wandb/run-20230930_160942-c5n66ja2/files/requirements.txt
2023-09-30 16:09:44,187 INFO    Thread-12 :12599 [dir_watcher.py:_on_file_created():271] file/dir created: /Users/leo/Programming/PLR/wandb/run-20230930_160942-c5n66ja2/files/wandb-metadata.json
2023-09-30 16:09:46,193 INFO    Thread-12 :12599 [dir_watcher.py:_on_file_modified():288] file/dir modified: /Users/leo/Programming/PLR/wandb/run-20230930_160942-c5n66ja2/files/output.log
2023-09-30 16:09:47,203 INFO    Thread-12 :12599 [dir_watcher.py:_on_file_modified():288] file/dir modified: /Users/leo/Programming/PLR/wandb/run-20230930_160942-c5n66ja2/files/output.log
2023-09-30 16:09:47,794 DEBUG   HandlerThread:12599 [handler.py:handle_request():144] handle_request: status_report
2023-09-30 16:09:48,235 INFO    Thread-12 :12599 [dir_watcher.py:_on_file_modified():288] file/dir modified: /Users/leo/Programming/PLR/wandb/run-20230930_160942-c5n66ja2/files/output.log
2023-09-30 16:09:50,221 INFO    Thread-12 :12599 [dir_watcher.py:_on_file_modified():288] file/dir modified: /Users/leo/Programming/PLR/wandb/run-20230930_160942-c5n66ja2/files/output.log
2023-09-30 16:09:51,226 INFO    Thread-12 :12599 [dir_watcher.py:_on_file_modified():288] file/dir modified: /Users/leo/Programming/PLR/wandb/run-20230930_160942-c5n66ja2/files/output.log
2023-09-30 16:09:52,231 INFO    Thread-12 :12599 [dir_watcher.py:_on_file_modified():288] file/dir modified: /Users/leo/Programming/PLR/wandb/run-20230930_160942-c5n66ja2/files/output.log
2023-09-30 16:09:53,094 DEBUG   HandlerThread:12599 [handler.py:handle_request():144] handle_request: status_report
2023-09-30 16:09:53,233 INFO    Thread-12 :12599 [dir_watcher.py:_on_file_modified():288] file/dir modified: /Users/leo/Programming/PLR/wandb/run-20230930_160942-c5n66ja2/files/output.log
2023-09-30 16:09:54,238 INFO    Thread-12 :12599 [dir_watcher.py:_on_file_modified():288] file/dir modified: /Users/leo/Programming/PLR/wandb/run-20230930_160942-c5n66ja2/files/output.log
2023-09-30 16:09:56,258 INFO    Thread-12 :12599 [dir_watcher.py:_on_file_modified():288] file/dir modified: /Users/leo/Programming/PLR/wandb/run-20230930_160942-c5n66ja2/files/output.log
2023-09-30 16:09:57,263 INFO    Thread-12 :12599 [dir_watcher.py:_on_file_modified():288] file/dir modified: /Users/leo/Programming/PLR/wandb/run-20230930_160942-c5n66ja2/files/output.log
2023-09-30 16:09:58,268 INFO    Thread-12 :12599 [dir_watcher.py:_on_file_modified():288] file/dir modified: /Users/leo/Programming/PLR/wandb/run-20230930_160942-c5n66ja2/files/output.log
2023-09-30 16:09:58,398 DEBUG   HandlerThread:12599 [handler.py:handle_request():144] handle_request: internal_messages
2023-09-30 16:09:58,402 DEBUG   HandlerThread:12599 [handler.py:handle_request():144] handle_request: stop_status
2023-09-30 16:09:58,402 DEBUG   SenderThread:12599 [sender.py:send_request():406] send_request: stop_status
2023-09-30 16:09:58,574 DEBUG   HandlerThread:12599 [handler.py:handle_request():144] handle_request: status_report
2023-09-30 16:09:59,275 INFO    Thread-12 :12599 [dir_watcher.py:_on_file_modified():288] file/dir modified: /Users/leo/Programming/PLR/wandb/run-20230930_160942-c5n66ja2/files/output.log
2023-09-30 16:10:00,287 INFO    Thread-12 :12599 [dir_watcher.py:_on_file_modified():288] file/dir modified: /Users/leo/Programming/PLR/wandb/run-20230930_160942-c5n66ja2/files/output.log
2023-09-30 16:10:02,295 INFO    Thread-12 :12599 [dir_watcher.py:_on_file_modified():288] file/dir modified: /Users/leo/Programming/PLR/wandb/run-20230930_160942-c5n66ja2/files/output.log
2023-09-30 16:10:03,302 INFO    Thread-12 :12599 [dir_watcher.py:_on_file_modified():288] file/dir modified: /Users/leo/Programming/PLR/wandb/run-20230930_160942-c5n66ja2/files/output.log
2023-09-30 16:10:03,673 DEBUG   HandlerThread:12599 [handler.py:handle_request():144] handle_request: status_report
2023-09-30 16:10:04,307 INFO    Thread-12 :12599 [dir_watcher.py:_on_file_modified():288] file/dir modified: /Users/leo/Programming/PLR/wandb/run-20230930_160942-c5n66ja2/files/output.log
2023-09-30 16:10:06,314 INFO    Thread-12 :12599 [dir_watcher.py:_on_file_modified():288] file/dir modified: /Users/leo/Programming/PLR/wandb/run-20230930_160942-c5n66ja2/files/output.log
2023-09-30 16:10:07,328 INFO    Thread-12 :12599 [dir_watcher.py:_on_file_modified():288] file/dir modified: /Users/leo/Programming/PLR/wandb/run-20230930_160942-c5n66ja2/files/output.log
2023-09-30 16:10:08,332 INFO    Thread-12 :12599 [dir_watcher.py:_on_file_modified():288] file/dir modified: /Users/leo/Programming/PLR/wandb/run-20230930_160942-c5n66ja2/files/output.log
2023-09-30 16:10:08,767 DEBUG   HandlerThread:12599 [handler.py:handle_request():144] handle_request: status_report
2023-09-30 16:10:09,337 INFO    Thread-12 :12599 [dir_watcher.py:_on_file_modified():288] file/dir modified: /Users/leo/Programming/PLR/wandb/run-20230930_160942-c5n66ja2/files/output.log
2023-09-30 16:10:10,341 INFO    Thread-12 :12599 [dir_watcher.py:_on_file_modified():288] file/dir modified: /Users/leo/Programming/PLR/wandb/run-20230930_160942-c5n66ja2/files/output.log
2023-09-30 16:10:12,354 INFO    Thread-12 :12599 [dir_watcher.py:_on_file_modified():288] file/dir modified: /Users/leo/Programming/PLR/wandb/run-20230930_160942-c5n66ja2/files/output.log
2023-09-30 16:10:13,359 INFO    Thread-12 :12599 [dir_watcher.py:_on_file_modified():288] file/dir modified: /Users/leo/Programming/PLR/wandb/run-20230930_160942-c5n66ja2/files/output.log
2023-09-30 16:10:13,391 DEBUG   HandlerThread:12599 [handler.py:handle_request():144] handle_request: internal_messages
2023-09-30 16:10:13,406 DEBUG   HandlerThread:12599 [handler.py:handle_request():144] handle_request: stop_status
2023-09-30 16:10:13,407 DEBUG   SenderThread:12599 [sender.py:send_request():406] send_request: stop_status
2023-09-30 16:10:13,776 DEBUG   HandlerThread:12599 [handler.py:handle_request():144] handle_request: status_report
2023-09-30 16:10:14,364 INFO    Thread-12 :12599 [dir_watcher.py:_on_file_modified():288] file/dir modified: /Users/leo/Programming/PLR/wandb/run-20230930_160942-c5n66ja2/files/output.log
2023-09-30 16:10:14,364 INFO    Thread-12 :12599 [dir_watcher.py:_on_file_modified():288] file/dir modified: /Users/leo/Programming/PLR/wandb/run-20230930_160942-c5n66ja2/files/config.yaml
2023-09-30 16:10:15,369 INFO    Thread-12 :12599 [dir_watcher.py:_on_file_modified():288] file/dir modified: /Users/leo/Programming/PLR/wandb/run-20230930_160942-c5n66ja2/files/output.log
2023-09-30 16:10:16,374 INFO    Thread-12 :12599 [dir_watcher.py:_on_file_modified():288] file/dir modified: /Users/leo/Programming/PLR/wandb/run-20230930_160942-c5n66ja2/files/output.log
2023-09-30 16:10:17,383 INFO    Thread-12 :12599 [dir_watcher.py:_on_file_modified():288] file/dir modified: /Users/leo/Programming/PLR/wandb/run-20230930_160942-c5n66ja2/files/output.log
2023-09-30 16:10:18,306 DEBUG   SenderThread:12599 [sender.py:send():379] send: exit
2023-09-30 16:10:18,306 INFO    SenderThread:12599 [sender.py:send_exit():584] handling exit code: 255
2023-09-30 16:10:18,307 INFO    SenderThread:12599 [sender.py:send_exit():586] handling runtime: 34
2023-09-30 16:10:18,307 INFO    SenderThread:12599 [sender.py:_save_file():1375] saving file wandb-summary.json with policy end
2023-09-30 16:10:18,307 INFO    SenderThread:12599 [sender.py:send_exit():592] send defer
2023-09-30 16:10:18,307 DEBUG   HandlerThread:12599 [handler.py:handle_request():144] handle_request: defer
2023-09-30 16:10:18,307 INFO    HandlerThread:12599 [handler.py:handle_request_defer():170] handle defer: 0
2023-09-30 16:10:18,307 DEBUG   SenderThread:12599 [sender.py:send_request():406] send_request: defer
2023-09-30 16:10:18,308 INFO    SenderThread:12599 [sender.py:send_request_defer():608] handle sender defer: 0
2023-09-30 16:10:18,308 INFO    SenderThread:12599 [sender.py:transition_state():612] send defer: 1
2023-09-30 16:10:18,308 DEBUG   HandlerThread:12599 [handler.py:handle_request():144] handle_request: defer
2023-09-30 16:10:18,308 INFO    HandlerThread:12599 [handler.py:handle_request_defer():170] handle defer: 1
2023-09-30 16:10:18,308 DEBUG   SenderThread:12599 [sender.py:send_request():406] send_request: defer
2023-09-30 16:10:18,308 INFO    SenderThread:12599 [sender.py:send_request_defer():608] handle sender defer: 1
2023-09-30 16:10:18,308 INFO    SenderThread:12599 [sender.py:transition_state():612] send defer: 2
2023-09-30 16:10:18,308 DEBUG   HandlerThread:12599 [handler.py:handle_request():144] handle_request: defer
2023-09-30 16:10:18,308 INFO    HandlerThread:12599 [handler.py:handle_request_defer():170] handle defer: 2
2023-09-30 16:10:18,308 INFO    HandlerThread:12599 [system_monitor.py:finish():190] Stopping system monitor
2023-09-30 16:10:18,309 DEBUG   SystemMonitor:12599 [system_monitor.py:_start():159] Starting system metrics aggregation loop
2023-09-30 16:10:18,309 INFO    HandlerThread:12599 [interfaces.py:finish():202] Joined cpu monitor
2023-09-30 16:10:18,309 DEBUG   SystemMonitor:12599 [system_monitor.py:_start():166] Finished system metrics aggregation loop
2023-09-30 16:10:18,309 INFO    HandlerThread:12599 [interfaces.py:finish():202] Joined disk monitor
2023-09-30 16:10:18,309 DEBUG   SystemMonitor:12599 [system_monitor.py:_start():170] Publishing last batch of metrics
2023-09-30 16:10:18,309 INFO    HandlerThread:12599 [interfaces.py:finish():202] Joined gpuapple monitor
2023-09-30 16:10:18,310 INFO    HandlerThread:12599 [interfaces.py:finish():202] Joined memory monitor
2023-09-30 16:10:18,310 INFO    HandlerThread:12599 [interfaces.py:finish():202] Joined network monitor
2023-09-30 16:10:18,311 DEBUG   SenderThread:12599 [sender.py:send_request():406] send_request: defer
2023-09-30 16:10:18,311 INFO    SenderThread:12599 [sender.py:send_request_defer():608] handle sender defer: 2
2023-09-30 16:10:18,311 INFO    SenderThread:12599 [sender.py:transition_state():612] send defer: 3
2023-09-30 16:10:18,311 DEBUG   SenderThread:12599 [sender.py:send():379] send: telemetry
2023-09-30 16:10:18,311 DEBUG   HandlerThread:12599 [handler.py:handle_request():144] handle_request: defer
2023-09-30 16:10:18,311 DEBUG   SenderThread:12599 [sender.py:send():379] send: stats
2023-09-30 16:10:18,311 INFO    HandlerThread:12599 [handler.py:handle_request_defer():170] handle defer: 3
2023-09-30 16:10:18,311 DEBUG   SenderThread:12599 [sender.py:send_request():406] send_request: defer
2023-09-30 16:10:18,311 INFO    SenderThread:12599 [sender.py:send_request_defer():608] handle sender defer: 3
2023-09-30 16:10:18,312 INFO    SenderThread:12599 [sender.py:transition_state():612] send defer: 4
2023-09-30 16:10:18,312 DEBUG   HandlerThread:12599 [handler.py:handle_request():144] handle_request: defer
2023-09-30 16:10:18,313 INFO    HandlerThread:12599 [handler.py:handle_request_defer():170] handle defer: 4
2023-09-30 16:10:18,313 DEBUG   SenderThread:12599 [sender.py:send_request():406] send_request: defer
2023-09-30 16:10:18,313 INFO    SenderThread:12599 [sender.py:send_request_defer():608] handle sender defer: 4
2023-09-30 16:10:18,313 INFO    SenderThread:12599 [sender.py:transition_state():612] send defer: 5
2023-09-30 16:10:18,313 DEBUG   HandlerThread:12599 [handler.py:handle_request():144] handle_request: defer
2023-09-30 16:10:18,313 INFO    HandlerThread:12599 [handler.py:handle_request_defer():170] handle defer: 5
2023-09-30 16:10:18,313 DEBUG   SenderThread:12599 [sender.py:send():379] send: summary
2023-09-30 16:10:18,314 INFO    SenderThread:12599 [sender.py:_save_file():1375] saving file wandb-summary.json with policy end
2023-09-30 16:10:18,314 DEBUG   SenderThread:12599 [sender.py:send_request():406] send_request: defer
2023-09-30 16:10:18,314 INFO    SenderThread:12599 [sender.py:send_request_defer():608] handle sender defer: 5
2023-09-30 16:10:18,314 INFO    SenderThread:12599 [sender.py:transition_state():612] send defer: 6
2023-09-30 16:10:18,314 DEBUG   HandlerThread:12599 [handler.py:handle_request():144] handle_request: defer
2023-09-30 16:10:18,315 INFO    HandlerThread:12599 [handler.py:handle_request_defer():170] handle defer: 6
2023-09-30 16:10:18,315 DEBUG   SenderThread:12599 [sender.py:send_request():406] send_request: defer
2023-09-30 16:10:18,315 INFO    SenderThread:12599 [sender.py:send_request_defer():608] handle sender defer: 6
2023-09-30 16:10:18,318 DEBUG   HandlerThread:12599 [handler.py:handle_request():144] handle_request: status_report
2023-09-30 16:10:18,387 INFO    Thread-12 :12599 [dir_watcher.py:_on_file_modified():288] file/dir modified: /Users/leo/Programming/PLR/wandb/run-20230930_160942-c5n66ja2/files/output.log
2023-09-30 16:10:18,387 INFO    Thread-12 :12599 [dir_watcher.py:_on_file_created():271] file/dir created: /Users/leo/Programming/PLR/wandb/run-20230930_160942-c5n66ja2/files/wandb-summary.json
2023-09-30 16:10:18,472 INFO    SenderThread:12599 [sender.py:transition_state():612] send defer: 7
2023-09-30 16:10:18,472 DEBUG   HandlerThread:12599 [handler.py:handle_request():144] handle_request: defer
2023-09-30 16:10:18,472 INFO    HandlerThread:12599 [handler.py:handle_request_defer():170] handle defer: 7
2023-09-30 16:10:18,473 DEBUG   SenderThread:12599 [sender.py:send_request():406] send_request: defer
2023-09-30 16:10:18,473 INFO    SenderThread:12599 [sender.py:send_request_defer():608] handle sender defer: 7
2023-09-30 16:10:19,309 DEBUG   HandlerThread:12599 [handler.py:handle_request():144] handle_request: poll_exit
2023-09-30 16:10:19,393 INFO    Thread-12 :12599 [dir_watcher.py:_on_file_modified():288] file/dir modified: /Users/leo/Programming/PLR/wandb/run-20230930_160942-c5n66ja2/files/config.yaml
2023-09-30 16:10:20,402 INFO    Thread-12 :12599 [dir_watcher.py:_on_file_modified():288] file/dir modified: /Users/leo/Programming/PLR/wandb/run-20230930_160942-c5n66ja2/files/output.log
2023-09-30 16:10:20,871 INFO    SenderThread:12599 [sender.py:transition_state():612] send defer: 8
2023-09-30 16:10:20,872 DEBUG   SenderThread:12599 [sender.py:send_request():406] send_request: poll_exit
2023-09-30 16:10:20,872 DEBUG   HandlerThread:12599 [handler.py:handle_request():144] handle_request: defer
2023-09-30 16:10:20,872 INFO    HandlerThread:12599 [handler.py:handle_request_defer():170] handle defer: 8
2023-09-30 16:10:20,873 DEBUG   SenderThread:12599 [sender.py:send_request():406] send_request: defer
2023-09-30 16:10:20,873 INFO    SenderThread:12599 [sender.py:send_request_defer():608] handle sender defer: 8
2023-09-30 16:10:20,873 INFO    SenderThread:12599 [job_builder.py:build():281] Attempting to build job artifact
2023-09-30 16:10:20,874 INFO    SenderThread:12599 [job_builder.py:_get_source_type():393] is repo sourced job
2023-09-30 16:10:20,877 INFO    SenderThread:12599 [job_builder.py:build():369] adding wandb-job metadata file
2023-09-30 16:10:20,883 INFO    SenderThread:12599 [sender.py:transition_state():612] send defer: 9
2023-09-30 16:10:20,884 DEBUG   SenderThread:12599 [sender.py:send():379] send: artifact
2023-09-30 16:10:20,884 DEBUG   HandlerThread:12599 [handler.py:handle_request():144] handle_request: defer
2023-09-30 16:10:20,885 INFO    HandlerThread:12599 [handler.py:handle_request_defer():170] handle defer: 9
2023-09-30 16:10:21,406 INFO    Thread-12 :12599 [dir_watcher.py:_on_file_modified():288] file/dir modified: /Users/leo/Programming/PLR/wandb/run-20230930_160942-c5n66ja2/files/output.log
2023-09-30 16:10:21,908 INFO    SenderThread:12599 [sender.py:send_artifact():1453] sent artifact job-https___github.com_leothesouthafrican_PLR.git_Leo_gen_algo_opt_folder_genetic_algorithm.py - {'id': 'QXJ0aWZhY3Q6NTg5Nzc2Nzg4', 'state': 'COMMITTED', 'artifactSequence': {'id': 'QXJ0aWZhY3RDb2xsZWN0aW9uOjEwMjY3Mjc5OA==', 'latestArtifact': {'id': 'QXJ0aWZhY3Q6NTg5Nzc2Nzg4', 'versionIndex': 5}}}
2023-09-30 16:10:21,909 DEBUG   SenderThread:12599 [sender.py:send_request():406] send_request: defer
2023-09-30 16:10:21,909 INFO    SenderThread:12599 [sender.py:send_request_defer():608] handle sender defer: 9
2023-09-30 16:10:21,909 INFO    SenderThread:12599 [dir_watcher.py:finish():358] shutting down directory watcher
2023-09-30 16:10:22,411 INFO    SenderThread:12599 [dir_watcher.py:finish():388] scan: /Users/leo/Programming/PLR/wandb/run-20230930_160942-c5n66ja2/files
2023-09-30 16:10:22,412 INFO    SenderThread:12599 [dir_watcher.py:finish():402] scan save: /Users/leo/Programming/PLR/wandb/run-20230930_160942-c5n66ja2/files/requirements.txt requirements.txt
2023-09-30 16:10:22,412 INFO    SenderThread:12599 [dir_watcher.py:finish():402] scan save: /Users/leo/Programming/PLR/wandb/run-20230930_160942-c5n66ja2/files/output.log output.log
2023-09-30 16:10:22,412 INFO    SenderThread:12599 [dir_watcher.py:finish():402] scan save: /Users/leo/Programming/PLR/wandb/run-20230930_160942-c5n66ja2/files/config.yaml config.yaml
2023-09-30 16:10:22,412 INFO    SenderThread:12599 [dir_watcher.py:finish():402] scan save: /Users/leo/Programming/PLR/wandb/run-20230930_160942-c5n66ja2/files/wandb-summary.json wandb-summary.json
2023-09-30 16:10:22,419 INFO    SenderThread:12599 [dir_watcher.py:finish():402] scan save: /Users/leo/Programming/PLR/wandb/run-20230930_160942-c5n66ja2/files/wandb-metadata.json wandb-metadata.json
2023-09-30 16:10:22,419 INFO    SenderThread:12599 [sender.py:transition_state():612] send defer: 10
2023-09-30 16:10:22,420 DEBUG   HandlerThread:12599 [handler.py:handle_request():144] handle_request: defer
2023-09-30 16:10:22,421 INFO    HandlerThread:12599 [handler.py:handle_request_defer():170] handle defer: 10
2023-09-30 16:10:22,422 DEBUG   SenderThread:12599 [sender.py:send_request():406] send_request: defer
2023-09-30 16:10:22,422 INFO    SenderThread:12599 [sender.py:send_request_defer():608] handle sender defer: 10
2023-09-30 16:10:22,422 INFO    SenderThread:12599 [file_pusher.py:finish():175] shutting down file pusher
2023-09-30 16:10:22,803 INFO    wandb-upload_1:12599 [upload_job.py:push():131] Uploaded file /Users/leo/Programming/PLR/wandb/run-20230930_160942-c5n66ja2/files/output.log
2023-09-30 16:10:22,819 INFO    wandb-upload_2:12599 [upload_job.py:push():131] Uploaded file /Users/leo/Programming/PLR/wandb/run-20230930_160942-c5n66ja2/files/config.yaml
2023-09-30 16:10:22,861 INFO    wandb-upload_3:12599 [upload_job.py:push():131] Uploaded file /Users/leo/Programming/PLR/wandb/run-20230930_160942-c5n66ja2/files/wandb-summary.json
2023-09-30 16:10:22,979 INFO    wandb-upload_0:12599 [upload_job.py:push():131] Uploaded file /Users/leo/Programming/PLR/wandb/run-20230930_160942-c5n66ja2/files/requirements.txt
2023-09-30 16:10:23,181 INFO    Thread-11 (_thread_body):12599 [sender.py:transition_state():612] send defer: 11
2023-09-30 16:10:23,182 DEBUG   HandlerThread:12599 [handler.py:handle_request():144] handle_request: defer
2023-09-30 16:10:23,182 INFO    HandlerThread:12599 [handler.py:handle_request_defer():170] handle defer: 11
2023-09-30 16:10:23,182 DEBUG   SenderThread:12599 [sender.py:send_request():406] send_request: defer
2023-09-30 16:10:23,182 INFO    SenderThread:12599 [sender.py:send_request_defer():608] handle sender defer: 11
2023-09-30 16:10:23,182 INFO    SenderThread:12599 [file_pusher.py:join():181] waiting for file pusher
2023-09-30 16:10:23,182 INFO    SenderThread:12599 [sender.py:transition_state():612] send defer: 12
2023-09-30 16:10:23,182 DEBUG   HandlerThread:12599 [handler.py:handle_request():144] handle_request: defer
2023-09-30 16:10:23,182 INFO    HandlerThread:12599 [handler.py:handle_request_defer():170] handle defer: 12
2023-09-30 16:10:23,183 DEBUG   SenderThread:12599 [sender.py:send_request():406] send_request: defer
2023-09-30 16:10:23,183 INFO    SenderThread:12599 [sender.py:send_request_defer():608] handle sender defer: 12
2023-09-30 16:10:23,183 INFO    SenderThread:12599 [file_stream.py:finish():594] file stream finish called
2023-09-30 16:10:23,358 INFO    SenderThread:12599 [file_stream.py:finish():598] file stream finish is done
2023-09-30 16:10:23,359 INFO    SenderThread:12599 [sender.py:transition_state():612] send defer: 13
2023-09-30 16:10:23,359 DEBUG   HandlerThread:12599 [handler.py:handle_request():144] handle_request: defer
2023-09-30 16:10:23,359 INFO    HandlerThread:12599 [handler.py:handle_request_defer():170] handle defer: 13
2023-09-30 16:10:23,360 DEBUG   SenderThread:12599 [sender.py:send_request():406] send_request: defer
2023-09-30 16:10:23,360 INFO    SenderThread:12599 [sender.py:send_request_defer():608] handle sender defer: 13
2023-09-30 16:10:23,360 INFO    SenderThread:12599 [sender.py:transition_state():612] send defer: 14
2023-09-30 16:10:23,360 DEBUG   HandlerThread:12599 [handler.py:handle_request():144] handle_request: defer
2023-09-30 16:10:23,360 DEBUG   SenderThread:12599 [sender.py:send():379] send: final
2023-09-30 16:10:23,360 INFO    HandlerThread:12599 [handler.py:handle_request_defer():170] handle defer: 14
2023-09-30 16:10:23,360 DEBUG   SenderThread:12599 [sender.py:send():379] send: footer
2023-09-30 16:10:23,361 DEBUG   SenderThread:12599 [sender.py:send_request():406] send_request: defer
2023-09-30 16:10:23,361 INFO    SenderThread:12599 [sender.py:send_request_defer():608] handle sender defer: 14
2023-09-30 16:10:23,361 DEBUG   HandlerThread:12599 [handler.py:handle_request():144] handle_request: poll_exit
2023-09-30 16:10:23,362 DEBUG   HandlerThread:12599 [handler.py:handle_request():144] handle_request: server_info
2023-09-30 16:10:23,362 DEBUG   HandlerThread:12599 [handler.py:handle_request():144] handle_request: get_summary
2023-09-30 16:10:23,362 DEBUG   SenderThread:12599 [sender.py:send_request():406] send_request: poll_exit
2023-09-30 16:10:23,363 DEBUG   HandlerThread:12599 [handler.py:handle_request():144] handle_request: sampled_history
2023-09-30 16:10:23,363 DEBUG   SenderThread:12599 [sender.py:send_request():406] send_request: server_info
2023-09-30 16:10:23,363 DEBUG   HandlerThread:12599 [handler.py:handle_request():144] handle_request: internal_messages
2023-09-30 16:10:23,365 DEBUG   HandlerThread:12599 [handler.py:handle_request():144] handle_request: job_info
2023-09-30 16:10:23,497 DEBUG   SenderThread:12599 [sender.py:send_request():406] send_request: job_info
2023-09-30 16:10:23,498 INFO    MainThread:12599 [wandb_run.py:_footer_history_summary_info():3557] rendering history
2023-09-30 16:10:23,498 INFO    MainThread:12599 [wandb_run.py:_footer_history_summary_info():3589] rendering summary
2023-09-30 16:10:23,498 INFO    MainThread:12599 [wandb_run.py:_footer_sync_info():3516] logging synced files
2023-09-30 16:10:23,499 DEBUG   HandlerThread:12599 [handler.py:handle_request():144] handle_request: shutdown
2023-09-30 16:10:23,499 INFO    HandlerThread:12599 [handler.py:finish():840] shutting down handler
2023-09-30 16:10:24,370 INFO    WriterThread:12599 [datastore.py:close():294] close: /Users/leo/Programming/PLR/wandb/run-20230930_160942-c5n66ja2/run-c5n66ja2.wandb
2023-09-30 16:10:24,503 INFO    SenderThread:12599 [sender.py:finish():1531] shutting down sender
2023-09-30 16:10:24,503 INFO    SenderThread:12599 [file_pusher.py:finish():175] shutting down file pusher
2023-09-30 16:10:24,503 INFO    SenderThread:12599 [file_pusher.py:join():181] waiting for file pusher
