Generations:   0%|                                                                                                                                                                         | 0/25 [00:00<?, ?it/s]







Generations:   4%|██████▍                                                                                                                                                          | 1/25 [00:17<06:54, 17.26s/it]








Generations:   8%|████████████▉                                                                                                                                                    | 2/25 [00:34<06:30, 17.00s/it]







Generations:  12%|███████████████████▎                                                                                                                                             | 3/25 [00:50<06:10, 16.83s/it]







Generations:  16%|█████████████████████████▊                                                                                                                                       | 4/25 [01:07<05:53, 16.82s/it]








Generations:  20%|████████████████████████████████▏                                                                                                                                | 5/25 [01:24<05:35, 16.78s/it]







Generations:  24%|██████████████████████████████████████▋                                                                                                                          | 6/25 [01:40<05:18, 16.76s/it]







Generations:  28%|█████████████████████████████████████████████                                                                                                                    | 7/25 [01:57<05:01, 16.77s/it]








Generations:  32%|███████████████████████████████████████████████████▌                                                                                                             | 8/25 [02:14<04:45, 16.79s/it]







Generations:  36%|█████████████████████████████████████████████████████████▉                                                                                                       | 9/25 [02:31<04:31, 16.96s/it]







Generations:  40%|████████████████████████████████████████████████████████████████                                                                                                | 10/25 [02:48<04:13, 16.92s/it]








Generations:  44%|██████████████████████████████████████████████████████████████████████▍                                                                                         | 11/25 [03:05<03:56, 16.87s/it]







Generations:  48%|████████████████████████████████████████████████████████████████████████████▊                                                                                   | 12/25 [03:22<03:39, 16.91s/it]







Generations:  52%|███████████████████████████████████████████████████████████████████████████████████▏                                                                            | 13/25 [03:39<03:22, 16.86s/it]








Generations:  56%|█████████████████████████████████████████████████████████████████████████████████████████▌                                                                      | 14/25 [03:56<03:05, 16.84s/it]







Generations:  60%|████████████████████████████████████████████████████████████████████████████████████████████████                                                                | 15/25 [04:12<02:48, 16.81s/it]








Generations:  64%|██████████████████████████████████████████████████████████████████████████████████████████████████████▍                                                         | 16/25 [04:29<02:31, 16.82s/it]







Generations:  68%|████████████████████████████████████████████████████████████████████████████████████████████████████████████▊                                                   | 17/25 [04:46<02:14, 16.83s/it]







Generations:  72%|███████████████████████████████████████████████████████████████████████████████████████████████████████████████████▏                                            | 18/25 [05:03<01:57, 16.79s/it]








Generations:  76%|█████████████████████████████████████████████████████████████████████████████████████████████████████████████████████████▌                                      | 19/25 [05:19<01:40, 16.77s/it]







Generations:  80%|████████████████████████████████████████████████████████████████████████████████████████████████████████████████████████████████                                | 20/25 [05:36<01:24, 16.85s/it]








Generations:  84%|██████████████████████████████████████████████████████████████████████████████████████████████████████████████████████████████████████▍                         | 21/25 [05:54<01:07, 16.96s/it]







Generations:  88%|████████████████████████████████████████████████████████████████████████████████████████████████████████████████████████████████████████████▊                   | 22/25 [06:11<00:50, 16.94s/it]







Generations:  92%|███████████████████████████████████████████████████████████████████████████████████████████████████████████████████████████████████████████████████▏            | 23/25 [06:27<00:33, 16.88s/it]








Generations:  96%|█████████████████████████████████████████████████████████████████████████████████████████████████████████████████████████████████████████████████████████▌      | 24/25 [06:44<00:16, 16.83s/it]







Generations: 100%|████████████████████████████████████████████████████████████████████████████████████████████████████████████████████████████████████████████████████████████████| 25/25 [07:01<00:00, 16.85s/it]







Final Fitness Evaluation: 100%|█████████████████████████████████████████████████████████████████████████████████████████████████████████████████████████████████████████████████| 160/160 [00:14<00:00, 10.77it/s]