Generations:   0%|                                                                                                                                                                         | 0/25 [00:00<?, ?it/s]








Generations:   4%|██████▍                                                                                                                                                          | 1/25 [00:18<07:26, 18.59s/it]







Generations:   8%|████████████▉                                                                                                                                                    | 2/25 [00:35<06:50, 17.85s/it]








Generations:  12%|███████████████████▎                                                                                                                                             | 3/25 [00:53<06:29, 17.69s/it]








Generations:  16%|█████████████████████████▊                                                                                                                                       | 4/25 [01:10<06:06, 17.44s/it]







Generations:  20%|████████████████████████████████▏                                                                                                                                | 5/25 [01:27<05:48, 17.45s/it]








Generations:  24%|██████████████████████████████████████▋                                                                                                                          | 6/25 [01:45<05:30, 17.41s/it]








Generations:  28%|█████████████████████████████████████████████                                                                                                                    | 7/25 [02:02<05:13, 17.40s/it]







Generations:  32%|███████████████████████████████████████████████████▌                                                                                                             | 8/25 [02:20<04:55, 17.38s/it]








Generations:  36%|█████████████████████████████████████████████████████████▉                                                                                                       | 9/25 [02:37<04:37, 17.37s/it]







Generations:  40%|████████████████████████████████████████████████████████████████                                                                                                | 10/25 [02:54<04:19, 17.30s/it]








Generations:  44%|██████████████████████████████████████████████████████████████████████▍                                                                                         | 11/25 [03:11<04:02, 17.29s/it]







Generations:  48%|████████████████████████████████████████████████████████████████████████████▊                                                                                   | 12/25 [03:28<03:44, 17.25s/it]








Generations:  52%|███████████████████████████████████████████████████████████████████████████████████▏                                                                            | 13/25 [03:46<03:27, 17.27s/it]








Generations:  56%|█████████████████████████████████████████████████████████████████████████████████████████▌                                                                      | 14/25 [04:04<03:13, 17.59s/it]








Generations:  60%|████████████████████████████████████████████████████████████████████████████████████████████████                                                                | 15/25 [04:21<02:53, 17.38s/it]







Generations:  64%|██████████████████████████████████████████████████████████████████████████████████████████████████████▍                                                         | 16/25 [04:38<02:34, 17.21s/it]







Generations:  68%|████████████████████████████████████████████████████████████████████████████████████████████████████████████▊                                                   | 17/25 [04:54<02:16, 17.04s/it]








Generations:  72%|███████████████████████████████████████████████████████████████████████████████████████████████████████████████████▏                                            | 18/25 [05:12<02:01, 17.35s/it]








Generations:  76%|█████████████████████████████████████████████████████████████████████████████████████████████████████████████████████████▌                                      | 19/25 [05:30<01:44, 17.48s/it]








Generations:  80%|████████████████████████████████████████████████████████████████████████████████████████████████████████████████████████████████                                | 20/25 [05:48<01:27, 17.41s/it]







Generations:  84%|██████████████████████████████████████████████████████████████████████████████████████████████████████████████████████████████████████▍                         | 21/25 [06:04<01:08, 17.24s/it]







Generations:  88%|████████████████████████████████████████████████████████████████████████████████████████████████████████████████████████████████████████████▊                   | 22/25 [06:21<00:51, 17.11s/it]








Generations:  92%|███████████████████████████████████████████████████████████████████████████████████████████████████████████████████████████████████████████████████▏            | 23/25 [06:38<00:33, 16.99s/it]







Generations:  96%|█████████████████████████████████████████████████████████████████████████████████████████████████████████████████████████████████████████████████████████▌      | 24/25 [06:55<00:16, 16.89s/it]







Generations: 100%|████████████████████████████████████████████████████████████████████████████████████████████████████████████████████████████████████████████████████████████████| 25/25 [07:11<00:00, 17.26s/it]








Final Fitness Evaluation: 100%|█████████████████████████████████████████████████████████████████████████████████████████████████████████████████████████████████████████████████| 160/160 [00:14<00:00, 10.74it/s]