Generations:   0%|                                                                                                                                                                         | 0/25 [00:00<?, ?it/s]







Generations:   4%|██████▍                                                                                                                                                          | 1/25 [00:17<07:04, 17.68s/it]








Generations:   8%|████████████▉                                                                                                                                                    | 2/25 [00:34<06:32, 17.06s/it]







Generations:  12%|███████████████████▎                                                                                                                                             | 3/25 [00:51<06:12, 16.93s/it]








Generations:  16%|█████████████████████████▊                                                                                                                                       | 4/25 [01:09<06:04, 17.35s/it]








Generations:  20%|████████████████████████████████▏                                                                                                                                | 5/25 [01:26<05:48, 17.44s/it]







Generations:  24%|██████████████████████████████████████▋                                                                                                                          | 6/25 [01:44<05:31, 17.46s/it]








Generations:  28%|█████████████████████████████████████████████                                                                                                                    | 7/25 [02:01<05:13, 17.41s/it]







Generations:  32%|███████████████████████████████████████████████████▌                                                                                                             | 8/25 [02:18<04:53, 17.26s/it]








Generations:  36%|█████████████████████████████████████████████████████████▉                                                                                                       | 9/25 [02:35<04:34, 17.13s/it]







Generations:  40%|████████████████████████████████████████████████████████████████                                                                                                | 10/25 [02:52<04:15, 17.01s/it]







Generations:  44%|██████████████████████████████████████████████████████████████████████▍                                                                                         | 11/25 [03:08<03:57, 16.94s/it]








Generations:  48%|████████████████████████████████████████████████████████████████████████████▊                                                                                   | 12/25 [03:25<03:39, 16.89s/it]







Generations:  52%|███████████████████████████████████████████████████████████████████████████████████▏                                                                            | 13/25 [03:42<03:22, 16.89s/it]







Generations:  56%|█████████████████████████████████████████████████████████████████████████████████████████▌                                                                      | 14/25 [03:59<03:05, 16.87s/it]








Generations:  60%|████████████████████████████████████████████████████████████████████████████████████████████████                                                                | 15/25 [04:16<02:48, 16.87s/it]







Generations:  64%|██████████████████████████████████████████████████████████████████████████████████████████████████████▍                                                         | 16/25 [04:33<02:31, 16.88s/it]







Generations:  68%|████████████████████████████████████████████████████████████████████████████████████████████████████████████▊                                                   | 17/25 [04:49<02:14, 16.83s/it]







Generations:  72%|███████████████████████████████████████████████████████████████████████████████████████████████████████████████████▏                                            | 18/25 [05:06<01:57, 16.83s/it]







Generations:  76%|█████████████████████████████████████████████████████████████████████████████████████████████████████████████████████████▌                                      | 19/25 [05:23<01:41, 16.86s/it]








Generations:  80%|████████████████████████████████████████████████████████████████████████████████████████████████████████████████████████████████                                | 20/25 [05:40<01:24, 16.87s/it]







Generations:  84%|██████████████████████████████████████████████████████████████████████████████████████████████████████████████████████████████████████▍                         | 21/25 [05:57<01:07, 16.92s/it]








Generations:  88%|████████████████████████████████████████████████████████████████████████████████████████████████████████████████████████████████████████████▊                   | 22/25 [06:14<00:51, 17.01s/it]







Generations:  92%|███████████████████████████████████████████████████████████████████████████████████████████████████████████████████████████████████████████████████▏            | 23/25 [06:31<00:33, 16.97s/it]








Generations:  96%|█████████████████████████████████████████████████████████████████████████████████████████████████████████████████████████████████████████████████████████▌      | 24/25 [06:48<00:16, 16.93s/it]







Generations: 100%|████████████████████████████████████████████████████████████████████████████████████████████████████████████████████████████████████████████████████████████████| 25/25 [07:05<00:00, 17.01s/it]







Final Fitness Evaluation: 100%|█████████████████████████████████████████████████████████████████████████████████████████████████████████████████████████████████████████████████| 160/160 [00:14<00:00, 11.15it/s]