2023-09-30 16:14:07,345 INFO    StreamThr :12865 [internal.py:wandb_internal():86] W&B internal server running at pid: 12865, started at: 2023-09-30 16:14:07.344776
2023-09-30 16:14:07,347 DEBUG   HandlerThread:12865 [handler.py:handle_request():144] handle_request: status
2023-09-30 16:14:07,350 INFO    WriterThread:12865 [datastore.py:open_for_write():85] open: /Users/leo/Programming/PLR/wandb/run-20230930_161407-qf6qfsxl/run-qf6qfsxl.wandb
2023-09-30 16:14:07,350 DEBUG   SenderThread:12865 [sender.py:send():379] send: header
2023-09-30 16:14:07,367 DEBUG   SenderThread:12865 [sender.py:send():379] send: run
2023-09-30 16:14:08,905 INFO    SenderThread:12865 [dir_watcher.py:__init__():211] watching files in: /Users/leo/Programming/PLR/wandb/run-20230930_161407-qf6qfsxl/files
2023-09-30 16:14:08,905 INFO    SenderThread:12865 [sender.py:_start_run_threads():1121] run started: qf6qfsxl with start time 1696086847.345349
2023-09-30 16:14:08,911 DEBUG   HandlerThread:12865 [handler.py:handle_request():144] handle_request: check_version
2023-09-30 16:14:08,912 DEBUG   SenderThread:12865 [sender.py:send_request():406] send_request: check_version
2023-09-30 16:14:08,959 DEBUG   HandlerThread:12865 [handler.py:handle_request():144] handle_request: run_start
2023-09-30 16:14:08,965 DEBUG   HandlerThread:12865 [system_info.py:__init__():32] System info init
2023-09-30 16:14:08,965 DEBUG   HandlerThread:12865 [system_info.py:__init__():47] System info init done
2023-09-30 16:14:08,965 INFO    HandlerThread:12865 [system_monitor.py:start():181] Starting system monitor
2023-09-30 16:14:08,965 INFO    SystemMonitor:12865 [system_monitor.py:_start():145] Starting system asset monitoring threads
2023-09-30 16:14:08,966 INFO    HandlerThread:12865 [system_monitor.py:probe():201] Collecting system info
2023-09-30 16:14:08,966 INFO    SystemMonitor:12865 [interfaces.py:start():190] Started cpu monitoring
2023-09-30 16:14:08,966 DEBUG   HandlerThread:12865 [system_info.py:probe():196] Probing system
2023-09-30 16:14:08,966 INFO    SystemMonitor:12865 [interfaces.py:start():190] Started disk monitoring
2023-09-30 16:14:08,968 INFO    SystemMonitor:12865 [interfaces.py:start():190] Started gpuapple monitoring
2023-09-30 16:14:08,970 INFO    SystemMonitor:12865 [interfaces.py:start():190] Started memory monitoring
2023-09-30 16:14:08,970 INFO    SystemMonitor:12865 [interfaces.py:start():190] Started network monitoring
2023-09-30 16:14:08,973 DEBUG   HandlerThread:12865 [system_info.py:_probe_git():181] Probing git
2023-09-30 16:14:08,985 DEBUG   HandlerThread:12865 [system_info.py:_probe_git():189] Probing git done
2023-09-30 16:14:08,985 DEBUG   HandlerThread:12865 [system_info.py:probe():244] Probing system done
2023-09-30 16:14:08,986 DEBUG   HandlerThread:12865 [system_monitor.py:probe():210] {'os': 'macOS-14.0-arm64-arm-64bit', 'python': '3.11.4', 'heartbeatAt': '2023-09-30T15:14:08.967620', 'startedAt': '2023-09-30T15:14:07.337673', 'docker': None, 'cuda': None, 'args': (), 'state': 'running', 'program': '/Users/leo/Programming/PLR/Leo/gen_algo_opt_folder/genetic_algorithm.py', 'codePathLocal': 'Leo/gen_algo_opt_folder/genetic_algorithm.py', 'codePath': 'Leo/gen_algo_opt_folder/genetic_algorithm.py', 'git': {'remote': 'https://github.com/leothesouthafrican/PLR.git', 'commit': '7589be778cebd92f972ede671c501681bad7604d'}, 'email': '38779415+leothesouthafrican@users.noreply.github.com', 'root': '/Users/leo/Programming/PLR', 'host': 'Leos-MacBook-Pro.local', 'username': 'leo', 'executable': '/Users/leo/Programming/PLR/Leo/env/bin/python3', 'cpu_count': 10, 'cpu_count_logical': 10, 'disk': {'/': {'total': 855.9619140625, 'used': 12.108589172363281}}, 'gpuapple': {'type': 'arm', 'vendor': 'Apple'}, 'memory': {'total': 32.0}}
2023-09-30 16:14:08,986 INFO    HandlerThread:12865 [system_monitor.py:probe():211] Finished collecting system info
2023-09-30 16:14:08,986 INFO    HandlerThread:12865 [system_monitor.py:probe():214] Publishing system info
2023-09-30 16:14:08,986 DEBUG   HandlerThread:12865 [system_info.py:_save_pip():52] Saving list of pip packages installed into the current environment
2023-09-30 16:14:08,986 DEBUG   HandlerThread:12865 [system_info.py:_save_pip():68] Saving pip packages done
2023-09-30 16:14:08,986 INFO    HandlerThread:12865 [system_monitor.py:probe():216] Finished publishing system info
2023-09-30 16:14:08,988 DEBUG   SenderThread:12865 [sender.py:send():379] send: files
2023-09-30 16:14:08,988 INFO    SenderThread:12865 [sender.py:_save_file():1375] saving file wandb-metadata.json with policy now
2023-09-30 16:14:08,990 DEBUG   HandlerThread:12865 [handler.py:handle_request():144] handle_request: stop_status
2023-09-30 16:14:08,991 DEBUG   SenderThread:12865 [sender.py:send_request():406] send_request: stop_status
2023-09-30 16:14:08,991 DEBUG   HandlerThread:12865 [handler.py:handle_request():144] handle_request: internal_messages
2023-09-30 16:14:09,174 DEBUG   SenderThread:12865 [sender.py:send():379] send: telemetry
2023-09-30 16:14:09,511 INFO    wandb-upload_0:12865 [upload_job.py:push():131] Uploaded file /var/folders/dt/bgs1hq3d2k3dvhpt3llvs4rw0000gn/T/tmpap44hkg9wandb/qq7ieitx-wandb-metadata.json
2023-09-30 16:14:09,906 INFO    Thread-12 :12865 [dir_watcher.py:_on_file_created():271] file/dir created: /Users/leo/Programming/PLR/wandb/run-20230930_161407-qf6qfsxl/files/output.log
2023-09-30 16:14:09,906 INFO    Thread-12 :12865 [dir_watcher.py:_on_file_created():271] file/dir created: /Users/leo/Programming/PLR/wandb/run-20230930_161407-qf6qfsxl/files/requirements.txt
2023-09-30 16:14:09,906 INFO    Thread-12 :12865 [dir_watcher.py:_on_file_created():271] file/dir created: /Users/leo/Programming/PLR/wandb/run-20230930_161407-qf6qfsxl/files/wandb-metadata.json
2023-09-30 16:14:11,917 INFO    Thread-12 :12865 [dir_watcher.py:_on_file_modified():288] file/dir modified: /Users/leo/Programming/PLR/wandb/run-20230930_161407-qf6qfsxl/files/output.log
2023-09-30 16:14:12,510 DEBUG   HandlerThread:12865 [handler.py:handle_request():144] handle_request: status_report
2023-09-30 16:14:13,924 INFO    Thread-12 :12865 [dir_watcher.py:_on_file_modified():288] file/dir modified: /Users/leo/Programming/PLR/wandb/run-20230930_161407-qf6qfsxl/files/output.log
2023-09-30 16:14:15,932 INFO    Thread-12 :12865 [dir_watcher.py:_on_file_modified():288] file/dir modified: /Users/leo/Programming/PLR/wandb/run-20230930_161407-qf6qfsxl/files/output.log
2023-09-30 16:14:17,948 INFO    Thread-12 :12865 [dir_watcher.py:_on_file_modified():288] file/dir modified: /Users/leo/Programming/PLR/wandb/run-20230930_161407-qf6qfsxl/files/output.log
2023-09-30 16:14:17,963 DEBUG   HandlerThread:12865 [handler.py:handle_request():144] handle_request: status_report
2023-09-30 16:14:19,955 INFO    Thread-12 :12865 [dir_watcher.py:_on_file_modified():288] file/dir modified: /Users/leo/Programming/PLR/wandb/run-20230930_161407-qf6qfsxl/files/output.log
2023-09-30 16:14:21,964 INFO    Thread-12 :12865 [dir_watcher.py:_on_file_modified():288] file/dir modified: /Users/leo/Programming/PLR/wandb/run-20230930_161407-qf6qfsxl/files/output.log
2023-09-30 16:14:23,710 DEBUG   HandlerThread:12865 [handler.py:handle_request():144] handle_request: status_report
2023-09-30 16:14:23,971 INFO    Thread-12 :12865 [dir_watcher.py:_on_file_modified():288] file/dir modified: /Users/leo/Programming/PLR/wandb/run-20230930_161407-qf6qfsxl/files/output.log
2023-09-30 16:14:23,994 DEBUG   HandlerThread:12865 [handler.py:handle_request():144] handle_request: stop_status
2023-09-30 16:14:23,995 DEBUG   HandlerThread:12865 [handler.py:handle_request():144] handle_request: internal_messages
2023-09-30 16:14:23,995 DEBUG   SenderThread:12865 [sender.py:send_request():406] send_request: stop_status
2023-09-30 16:14:25,979 INFO    Thread-12 :12865 [dir_watcher.py:_on_file_modified():288] file/dir modified: /Users/leo/Programming/PLR/wandb/run-20230930_161407-qf6qfsxl/files/output.log
2023-09-30 16:14:27,989 INFO    Thread-12 :12865 [dir_watcher.py:_on_file_modified():288] file/dir modified: /Users/leo/Programming/PLR/wandb/run-20230930_161407-qf6qfsxl/files/output.log
2023-09-30 16:14:28,740 DEBUG   HandlerThread:12865 [handler.py:handle_request():144] handle_request: status_report
2023-09-30 16:14:29,995 INFO    Thread-12 :12865 [dir_watcher.py:_on_file_modified():288] file/dir modified: /Users/leo/Programming/PLR/wandb/run-20230930_161407-qf6qfsxl/files/output.log
2023-09-30 16:14:32,008 INFO    Thread-12 :12865 [dir_watcher.py:_on_file_modified():288] file/dir modified: /Users/leo/Programming/PLR/wandb/run-20230930_161407-qf6qfsxl/files/output.log
2023-09-30 16:14:33,910 DEBUG   HandlerThread:12865 [handler.py:handle_request():144] handle_request: status_report
2023-09-30 16:14:34,019 INFO    Thread-12 :12865 [dir_watcher.py:_on_file_modified():288] file/dir modified: /Users/leo/Programming/PLR/wandb/run-20230930_161407-qf6qfsxl/files/output.log
2023-09-30 16:14:36,025 INFO    Thread-12 :12865 [dir_watcher.py:_on_file_modified():288] file/dir modified: /Users/leo/Programming/PLR/wandb/run-20230930_161407-qf6qfsxl/files/output.log
2023-09-30 16:14:38,030 INFO    Thread-12 :12865 [dir_watcher.py:_on_file_modified():288] file/dir modified: /Users/leo/Programming/PLR/wandb/run-20230930_161407-qf6qfsxl/files/output.log
2023-09-30 16:14:38,996 DEBUG   HandlerThread:12865 [handler.py:handle_request():144] handle_request: internal_messages
2023-09-30 16:14:38,999 DEBUG   HandlerThread:12865 [handler.py:handle_request():144] handle_request: status_report
2023-09-30 16:14:38,999 DEBUG   HandlerThread:12865 [handler.py:handle_request():144] handle_request: stop_status
2023-09-30 16:14:39,311 DEBUG   SenderThread:12865 [sender.py:send_request():406] send_request: stop_status
2023-09-30 16:14:40,040 INFO    Thread-12 :12865 [dir_watcher.py:_on_file_modified():288] file/dir modified: /Users/leo/Programming/PLR/wandb/run-20230930_161407-qf6qfsxl/files/output.log
2023-09-30 16:14:40,041 INFO    Thread-12 :12865 [dir_watcher.py:_on_file_modified():288] file/dir modified: /Users/leo/Programming/PLR/wandb/run-20230930_161407-qf6qfsxl/files/config.yaml
2023-09-30 16:14:42,047 INFO    Thread-12 :12865 [dir_watcher.py:_on_file_modified():288] file/dir modified: /Users/leo/Programming/PLR/wandb/run-20230930_161407-qf6qfsxl/files/output.log
2023-09-30 16:14:44,055 INFO    Thread-12 :12865 [dir_watcher.py:_on_file_modified():288] file/dir modified: /Users/leo/Programming/PLR/wandb/run-20230930_161407-qf6qfsxl/files/output.log
2023-09-30 16:14:44,311 DEBUG   HandlerThread:12865 [handler.py:handle_request():144] handle_request: status_report
2023-09-30 16:14:46,066 INFO    Thread-12 :12865 [dir_watcher.py:_on_file_modified():288] file/dir modified: /Users/leo/Programming/PLR/wandb/run-20230930_161407-qf6qfsxl/files/output.log
2023-09-30 16:14:48,078 INFO    Thread-12 :12865 [dir_watcher.py:_on_file_modified():288] file/dir modified: /Users/leo/Programming/PLR/wandb/run-20230930_161407-qf6qfsxl/files/output.log
2023-09-30 16:14:48,368 DEBUG   SenderThread:12865 [sender.py:send():379] send: exit
2023-09-30 16:14:48,368 INFO    SenderThread:12865 [sender.py:send_exit():584] handling exit code: 255
2023-09-30 16:14:48,368 INFO    SenderThread:12865 [sender.py:send_exit():586] handling runtime: 39
2023-09-30 16:14:48,369 INFO    SenderThread:12865 [sender.py:_save_file():1375] saving file wandb-summary.json with policy end
2023-09-30 16:14:48,369 INFO    SenderThread:12865 [sender.py:send_exit():592] send defer
2023-09-30 16:14:48,369 DEBUG   HandlerThread:12865 [handler.py:handle_request():144] handle_request: defer
2023-09-30 16:14:48,369 INFO    HandlerThread:12865 [handler.py:handle_request_defer():170] handle defer: 0
2023-09-30 16:14:48,369 DEBUG   SenderThread:12865 [sender.py:send_request():406] send_request: defer
2023-09-30 16:14:48,369 INFO    SenderThread:12865 [sender.py:send_request_defer():608] handle sender defer: 0
2023-09-30 16:14:48,369 INFO    SenderThread:12865 [sender.py:transition_state():612] send defer: 1
2023-09-30 16:14:48,369 DEBUG   HandlerThread:12865 [handler.py:handle_request():144] handle_request: defer
2023-09-30 16:14:48,369 INFO    HandlerThread:12865 [handler.py:handle_request_defer():170] handle defer: 1
2023-09-30 16:14:48,369 DEBUG   SenderThread:12865 [sender.py:send_request():406] send_request: defer
2023-09-30 16:14:48,369 INFO    SenderThread:12865 [sender.py:send_request_defer():608] handle sender defer: 1
2023-09-30 16:14:48,369 INFO    SenderThread:12865 [sender.py:transition_state():612] send defer: 2
2023-09-30 16:14:48,369 DEBUG   HandlerThread:12865 [handler.py:handle_request():144] handle_request: defer
2023-09-30 16:14:48,369 INFO    HandlerThread:12865 [handler.py:handle_request_defer():170] handle defer: 2
2023-09-30 16:14:48,369 INFO    HandlerThread:12865 [system_monitor.py:finish():190] Stopping system monitor
2023-09-30 16:14:48,369 DEBUG   SystemMonitor:12865 [system_monitor.py:_start():159] Starting system metrics aggregation loop
2023-09-30 16:14:48,369 DEBUG   SystemMonitor:12865 [system_monitor.py:_start():166] Finished system metrics aggregation loop
2023-09-30 16:14:48,369 INFO    HandlerThread:12865 [interfaces.py:finish():202] Joined cpu monitor
2023-09-30 16:14:48,369 DEBUG   SystemMonitor:12865 [system_monitor.py:_start():170] Publishing last batch of metrics
2023-09-30 16:14:48,369 INFO    HandlerThread:12865 [interfaces.py:finish():202] Joined disk monitor
2023-09-30 16:14:48,803 INFO    HandlerThread:12865 [interfaces.py:finish():202] Joined gpuapple monitor
2023-09-30 16:14:48,803 INFO    HandlerThread:12865 [interfaces.py:finish():202] Joined memory monitor
2023-09-30 16:14:48,803 INFO    HandlerThread:12865 [interfaces.py:finish():202] Joined network monitor
2023-09-30 16:14:48,803 DEBUG   SenderThread:12865 [sender.py:send_request():406] send_request: defer
2023-09-30 16:14:48,803 INFO    SenderThread:12865 [sender.py:send_request_defer():608] handle sender defer: 2
2023-09-30 16:14:48,803 INFO    SenderThread:12865 [sender.py:transition_state():612] send defer: 3
2023-09-30 16:14:48,803 DEBUG   SenderThread:12865 [sender.py:send():379] send: telemetry
2023-09-30 16:14:48,803 DEBUG   SenderThread:12865 [sender.py:send():379] send: stats
2023-09-30 16:14:48,803 DEBUG   HandlerThread:12865 [handler.py:handle_request():144] handle_request: defer
2023-09-30 16:14:48,803 INFO    HandlerThread:12865 [handler.py:handle_request_defer():170] handle defer: 3
2023-09-30 16:14:48,803 DEBUG   SenderThread:12865 [sender.py:send_request():406] send_request: defer
2023-09-30 16:14:48,803 INFO    SenderThread:12865 [sender.py:send_request_defer():608] handle sender defer: 3
2023-09-30 16:14:48,804 INFO    SenderThread:12865 [sender.py:transition_state():612] send defer: 4
2023-09-30 16:14:48,804 DEBUG   HandlerThread:12865 [handler.py:handle_request():144] handle_request: defer
2023-09-30 16:14:48,804 INFO    HandlerThread:12865 [handler.py:handle_request_defer():170] handle defer: 4
2023-09-30 16:14:48,804 DEBUG   SenderThread:12865 [sender.py:send_request():406] send_request: defer
2023-09-30 16:14:48,804 INFO    SenderThread:12865 [sender.py:send_request_defer():608] handle sender defer: 4
2023-09-30 16:14:48,804 INFO    SenderThread:12865 [sender.py:transition_state():612] send defer: 5
2023-09-30 16:14:48,804 DEBUG   HandlerThread:12865 [handler.py:handle_request():144] handle_request: defer
2023-09-30 16:14:48,804 INFO    HandlerThread:12865 [handler.py:handle_request_defer():170] handle defer: 5
2023-09-30 16:14:48,804 DEBUG   SenderThread:12865 [sender.py:send():379] send: summary
2023-09-30 16:14:48,804 INFO    SenderThread:12865 [sender.py:_save_file():1375] saving file wandb-summary.json with policy end
2023-09-30 16:14:48,804 DEBUG   SenderThread:12865 [sender.py:send_request():406] send_request: defer
2023-09-30 16:14:48,804 INFO    SenderThread:12865 [sender.py:send_request_defer():608] handle sender defer: 5
2023-09-30 16:14:48,804 INFO    SenderThread:12865 [sender.py:transition_state():612] send defer: 6
2023-09-30 16:14:48,804 DEBUG   HandlerThread:12865 [handler.py:handle_request():144] handle_request: defer
2023-09-30 16:14:48,804 INFO    HandlerThread:12865 [handler.py:handle_request_defer():170] handle defer: 6
2023-09-30 16:14:48,804 DEBUG   SenderThread:12865 [sender.py:send_request():406] send_request: defer
2023-09-30 16:14:48,804 INFO    SenderThread:12865 [sender.py:send_request_defer():608] handle sender defer: 6
2023-09-30 16:14:48,806 DEBUG   HandlerThread:12865 [handler.py:handle_request():144] handle_request: status_report
2023-09-30 16:14:49,014 INFO    SenderThread:12865 [sender.py:transition_state():612] send defer: 7
2023-09-30 16:14:49,014 DEBUG   HandlerThread:12865 [handler.py:handle_request():144] handle_request: defer
2023-09-30 16:14:49,014 INFO    HandlerThread:12865 [handler.py:handle_request_defer():170] handle defer: 7
2023-09-30 16:14:49,014 DEBUG   SenderThread:12865 [sender.py:send_request():406] send_request: defer
2023-09-30 16:14:49,014 INFO    SenderThread:12865 [sender.py:send_request_defer():608] handle sender defer: 7
2023-09-30 16:14:49,099 INFO    Thread-12 :12865 [dir_watcher.py:_on_file_modified():288] file/dir modified: /Users/leo/Programming/PLR/wandb/run-20230930_161407-qf6qfsxl/files/config.yaml
2023-09-30 16:14:49,100 INFO    Thread-12 :12865 [dir_watcher.py:_on_file_created():271] file/dir created: /Users/leo/Programming/PLR/wandb/run-20230930_161407-qf6qfsxl/files/wandb-summary.json
2023-09-30 16:14:49,377 DEBUG   HandlerThread:12865 [handler.py:handle_request():144] handle_request: poll_exit
2023-09-30 16:14:50,105 INFO    Thread-12 :12865 [dir_watcher.py:_on_file_modified():288] file/dir modified: /Users/leo/Programming/PLR/wandb/run-20230930_161407-qf6qfsxl/files/output.log
2023-09-30 16:14:51,335 INFO    SenderThread:12865 [sender.py:transition_state():612] send defer: 8
2023-09-30 16:14:51,335 DEBUG   SenderThread:12865 [sender.py:send_request():406] send_request: poll_exit
2023-09-30 16:14:51,336 DEBUG   HandlerThread:12865 [handler.py:handle_request():144] handle_request: defer
2023-09-30 16:14:51,336 INFO    HandlerThread:12865 [handler.py:handle_request_defer():170] handle defer: 8
2023-09-30 16:14:51,336 DEBUG   SenderThread:12865 [sender.py:send_request():406] send_request: defer
2023-09-30 16:14:51,336 INFO    SenderThread:12865 [sender.py:send_request_defer():608] handle sender defer: 8
2023-09-30 16:14:51,336 INFO    SenderThread:12865 [job_builder.py:build():281] Attempting to build job artifact
2023-09-30 16:14:51,337 INFO    SenderThread:12865 [job_builder.py:_get_source_type():393] is repo sourced job
2023-09-30 16:14:51,339 INFO    SenderThread:12865 [job_builder.py:build():369] adding wandb-job metadata file
2023-09-30 16:14:51,344 INFO    SenderThread:12865 [sender.py:transition_state():612] send defer: 9
2023-09-30 16:14:51,344 DEBUG   HandlerThread:12865 [handler.py:handle_request():144] handle_request: defer
2023-09-30 16:14:51,344 INFO    HandlerThread:12865 [handler.py:handle_request_defer():170] handle defer: 9
2023-09-30 16:14:51,344 DEBUG   SenderThread:12865 [sender.py:send():379] send: artifact
2023-09-30 16:14:52,109 INFO    Thread-12 :12865 [dir_watcher.py:_on_file_modified():288] file/dir modified: /Users/leo/Programming/PLR/wandb/run-20230930_161407-qf6qfsxl/files/output.log
2023-09-30 16:14:52,288 INFO    SenderThread:12865 [sender.py:send_artifact():1453] sent artifact job-https___github.com_leothesouthafrican_PLR.git_Leo_gen_algo_opt_folder_genetic_algorithm.py - {'id': 'QXJ0aWZhY3Q6NTg5Nzc2Nzg4', 'state': 'COMMITTED', 'artifactSequence': {'id': 'QXJ0aWZhY3RDb2xsZWN0aW9uOjEwMjY3Mjc5OA==', 'latestArtifact': {'id': 'QXJ0aWZhY3Q6NTg5Nzc2Nzg4', 'versionIndex': 5}}}
2023-09-30 16:14:52,289 DEBUG   SenderThread:12865 [sender.py:send_request():406] send_request: defer
2023-09-30 16:14:52,289 INFO    SenderThread:12865 [sender.py:send_request_defer():608] handle sender defer: 9
2023-09-30 16:14:52,289 INFO    SenderThread:12865 [dir_watcher.py:finish():358] shutting down directory watcher
2023-09-30 16:14:53,115 INFO    SenderThread:12865 [dir_watcher.py:finish():388] scan: /Users/leo/Programming/PLR/wandb/run-20230930_161407-qf6qfsxl/files
2023-09-30 16:14:53,116 INFO    SenderThread:12865 [dir_watcher.py:finish():402] scan save: /Users/leo/Programming/PLR/wandb/run-20230930_161407-qf6qfsxl/files/requirements.txt requirements.txt
2023-09-30 16:14:53,116 INFO    SenderThread:12865 [dir_watcher.py:finish():402] scan save: /Users/leo/Programming/PLR/wandb/run-20230930_161407-qf6qfsxl/files/output.log output.log
2023-09-30 16:14:53,116 INFO    SenderThread:12865 [dir_watcher.py:finish():402] scan save: /Users/leo/Programming/PLR/wandb/run-20230930_161407-qf6qfsxl/files/config.yaml config.yaml
2023-09-30 16:14:53,120 INFO    SenderThread:12865 [dir_watcher.py:finish():402] scan save: /Users/leo/Programming/PLR/wandb/run-20230930_161407-qf6qfsxl/files/wandb-summary.json wandb-summary.json
2023-09-30 16:14:53,122 INFO    SenderThread:12865 [dir_watcher.py:finish():402] scan save: /Users/leo/Programming/PLR/wandb/run-20230930_161407-qf6qfsxl/files/wandb-metadata.json wandb-metadata.json
2023-09-30 16:14:53,123 INFO    SenderThread:12865 [sender.py:transition_state():612] send defer: 10
2023-09-30 16:14:53,124 DEBUG   HandlerThread:12865 [handler.py:handle_request():144] handle_request: defer
2023-09-30 16:14:53,125 INFO    HandlerThread:12865 [handler.py:handle_request_defer():170] handle defer: 10
2023-09-30 16:14:53,126 DEBUG   SenderThread:12865 [sender.py:send_request():406] send_request: defer
2023-09-30 16:14:53,126 INFO    SenderThread:12865 [sender.py:send_request_defer():608] handle sender defer: 10
2023-09-30 16:14:53,126 INFO    SenderThread:12865 [file_pusher.py:finish():175] shutting down file pusher
2023-09-30 16:14:53,693 INFO    wandb-upload_0:12865 [upload_job.py:push():131] Uploaded file /Users/leo/Programming/PLR/wandb/run-20230930_161407-qf6qfsxl/files/requirements.txt
2023-09-30 16:14:53,720 INFO    wandb-upload_3:12865 [upload_job.py:push():131] Uploaded file /Users/leo/Programming/PLR/wandb/run-20230930_161407-qf6qfsxl/files/wandb-summary.json
2023-09-30 16:14:53,721 INFO    wandb-upload_2:12865 [upload_job.py:push():131] Uploaded file /Users/leo/Programming/PLR/wandb/run-20230930_161407-qf6qfsxl/files/config.yaml
2023-09-30 16:14:53,733 INFO    wandb-upload_1:12865 [upload_job.py:push():131] Uploaded file /Users/leo/Programming/PLR/wandb/run-20230930_161407-qf6qfsxl/files/output.log
2023-09-30 16:14:53,938 INFO    Thread-11 (_thread_body):12865 [sender.py:transition_state():612] send defer: 11
2023-09-30 16:14:53,939 DEBUG   HandlerThread:12865 [handler.py:handle_request():144] handle_request: defer
2023-09-30 16:14:53,939 INFO    HandlerThread:12865 [handler.py:handle_request_defer():170] handle defer: 11
2023-09-30 16:14:53,940 DEBUG   SenderThread:12865 [sender.py:send_request():406] send_request: defer
2023-09-30 16:14:53,940 INFO    SenderThread:12865 [sender.py:send_request_defer():608] handle sender defer: 11
2023-09-30 16:14:53,940 INFO    SenderThread:12865 [file_pusher.py:join():181] waiting for file pusher
2023-09-30 16:14:53,940 INFO    SenderThread:12865 [sender.py:transition_state():612] send defer: 12
2023-09-30 16:14:53,941 DEBUG   HandlerThread:12865 [handler.py:handle_request():144] handle_request: defer
2023-09-30 16:14:53,941 INFO    HandlerThread:12865 [handler.py:handle_request_defer():170] handle defer: 12
2023-09-30 16:14:53,941 DEBUG   SenderThread:12865 [sender.py:send_request():406] send_request: defer
2023-09-30 16:14:53,941 INFO    SenderThread:12865 [sender.py:send_request_defer():608] handle sender defer: 12
2023-09-30 16:14:53,941 INFO    SenderThread:12865 [file_stream.py:finish():594] file stream finish called
2023-09-30 16:14:54,154 INFO    SenderThread:12865 [file_stream.py:finish():598] file stream finish is done
2023-09-30 16:14:54,154 INFO    SenderThread:12865 [sender.py:transition_state():612] send defer: 13
2023-09-30 16:14:54,155 DEBUG   HandlerThread:12865 [handler.py:handle_request():144] handle_request: defer
2023-09-30 16:14:54,155 INFO    HandlerThread:12865 [handler.py:handle_request_defer():170] handle defer: 13
2023-09-30 16:14:54,155 DEBUG   SenderThread:12865 [sender.py:send_request():406] send_request: defer
2023-09-30 16:14:54,156 INFO    SenderThread:12865 [sender.py:send_request_defer():608] handle sender defer: 13
2023-09-30 16:14:54,156 INFO    SenderThread:12865 [sender.py:transition_state():612] send defer: 14
2023-09-30 16:14:54,156 DEBUG   SenderThread:12865 [sender.py:send():379] send: final
2023-09-30 16:14:54,156 DEBUG   HandlerThread:12865 [handler.py:handle_request():144] handle_request: defer
2023-09-30 16:14:54,156 INFO    HandlerThread:12865 [handler.py:handle_request_defer():170] handle defer: 14
2023-09-30 16:14:54,156 DEBUG   SenderThread:12865 [sender.py:send():379] send: footer
2023-09-30 16:14:54,157 DEBUG   SenderThread:12865 [sender.py:send_request():406] send_request: defer
2023-09-30 16:14:54,157 INFO    SenderThread:12865 [sender.py:send_request_defer():608] handle sender defer: 14
2023-09-30 16:14:54,157 DEBUG   HandlerThread:12865 [handler.py:handle_request():144] handle_request: poll_exit
2023-09-30 16:14:54,158 DEBUG   SenderThread:12865 [sender.py:send_request():406] send_request: poll_exit
2023-09-30 16:14:54,158 DEBUG   HandlerThread:12865 [handler.py:handle_request():144] handle_request: server_info
2023-09-30 16:14:54,158 DEBUG   SenderThread:12865 [sender.py:send_request():406] send_request: server_info
2023-09-30 16:14:54,160 DEBUG   HandlerThread:12865 [handler.py:handle_request():144] handle_request: get_summary
2023-09-30 16:14:54,160 DEBUG   HandlerThread:12865 [handler.py:handle_request():144] handle_request: sampled_history
2023-09-30 16:14:54,160 DEBUG   HandlerThread:12865 [handler.py:handle_request():144] handle_request: internal_messages
2023-09-30 16:14:54,160 DEBUG   HandlerThread:12865 [handler.py:handle_request():144] handle_request: job_info
2023-09-30 16:14:54,290 DEBUG   SenderThread:12865 [sender.py:send_request():406] send_request: job_info
2023-09-30 16:14:54,291 INFO    MainThread:12865 [wandb_run.py:_footer_history_summary_info():3557] rendering history
2023-09-30 16:14:54,291 INFO    MainThread:12865 [wandb_run.py:_footer_history_summary_info():3589] rendering summary
2023-09-30 16:14:54,291 INFO    MainThread:12865 [wandb_run.py:_footer_sync_info():3516] logging synced files
2023-09-30 16:14:54,292 DEBUG   HandlerThread:12865 [handler.py:handle_request():144] handle_request: shutdown
2023-09-30 16:14:54,292 INFO    HandlerThread:12865 [handler.py:finish():840] shutting down handler
2023-09-30 16:14:55,166 INFO    WriterThread:12865 [datastore.py:close():294] close: /Users/leo/Programming/PLR/wandb/run-20230930_161407-qf6qfsxl/run-qf6qfsxl.wandb
2023-09-30 16:14:55,291 INFO    SenderThread:12865 [sender.py:finish():1531] shutting down sender
2023-09-30 16:14:55,292 INFO    SenderThread:12865 [file_pusher.py:finish():175] shutting down file pusher
2023-09-30 16:14:55,292 INFO    SenderThread:12865 [file_pusher.py:join():181] waiting for file pusher
