2023-09-30 18:24:21,321 INFO    StreamThr :16621 [internal.py:wandb_internal():86] W&B internal server running at pid: 16621, started at: 2023-09-30 18:24:21.320937
2023-09-30 18:24:21,323 DEBUG   HandlerThread:16621 [handler.py:handle_request():144] handle_request: status
2023-09-30 18:24:21,323 INFO    WriterThread:16621 [datastore.py:open_for_write():85] open: /Users/leo/Programming/PLR/wandb/run-20230930_182420-uleul5ej/run-uleul5ej.wandb
2023-09-30 18:24:21,325 DEBUG   SenderThread:16621 [sender.py:send():379] send: header
2023-09-30 18:24:21,325 DEBUG   SenderThread:16621 [sender.py:send():379] send: run
2023-09-30 18:24:21,938 INFO    SenderThread:16621 [dir_watcher.py:__init__():211] watching files in: /Users/leo/Programming/PLR/wandb/run-20230930_182420-uleul5ej/files
2023-09-30 18:24:21,938 INFO    SenderThread:16621 [sender.py:_start_run_threads():1121] run started: uleul5ej with start time 1696094660.395068
2023-09-30 18:24:21,948 DEBUG   HandlerThread:16621 [handler.py:handle_request():144] handle_request: check_version
2023-09-30 18:24:21,949 DEBUG   SenderThread:16621 [sender.py:send_request():406] send_request: check_version
2023-09-30 18:24:22,017 DEBUG   HandlerThread:16621 [handler.py:handle_request():144] handle_request: run_start
2023-09-30 18:24:22,019 DEBUG   HandlerThread:16621 [system_info.py:__init__():32] System info init
2023-09-30 18:24:22,019 DEBUG   HandlerThread:16621 [system_info.py:__init__():47] System info init done
2023-09-30 18:24:22,019 INFO    HandlerThread:16621 [system_monitor.py:start():181] Starting system monitor
2023-09-30 18:24:22,019 INFO    SystemMonitor:16621 [system_monitor.py:_start():145] Starting system asset monitoring threads
2023-09-30 18:24:22,019 INFO    HandlerThread:16621 [system_monitor.py:probe():201] Collecting system info
2023-09-30 18:24:22,020 INFO    SystemMonitor:16621 [interfaces.py:start():190] Started cpu monitoring
2023-09-30 18:24:22,020 DEBUG   HandlerThread:16621 [system_info.py:probe():196] Probing system
2023-09-30 18:24:22,022 INFO    SystemMonitor:16621 [interfaces.py:start():190] Started disk monitoring
2023-09-30 18:24:22,029 INFO    SystemMonitor:16621 [interfaces.py:start():190] Started gpuapple monitoring
2023-09-30 18:24:22,033 INFO    SystemMonitor:16621 [interfaces.py:start():190] Started memory monitoring
2023-09-30 18:24:22,034 INFO    SystemMonitor:16621 [interfaces.py:start():190] Started network monitoring
2023-09-30 18:24:22,035 DEBUG   HandlerThread:16621 [system_info.py:_probe_git():181] Probing git
2023-09-30 18:24:22,052 DEBUG   HandlerThread:16621 [system_info.py:_probe_git():189] Probing git done
2023-09-30 18:24:22,052 DEBUG   HandlerThread:16621 [system_info.py:probe():244] Probing system done
2023-09-30 18:24:22,052 DEBUG   HandlerThread:16621 [system_monitor.py:probe():210] {'os': 'macOS-14.0-arm64-arm-64bit', 'python': '3.11.4', 'heartbeatAt': '2023-09-30T17:24:22.020933', 'startedAt': '2023-09-30T17:24:20.390599', 'docker': None, 'cuda': None, 'args': (), 'state': 'running', 'program': '/Users/leo/Programming/PLR/Leo/gen_algo_opt_folder/genetic_algorithm.py', 'codePathLocal': 'Leo/gen_algo_opt_folder/genetic_algorithm.py', 'codePath': 'Leo/gen_algo_opt_folder/genetic_algorithm.py', 'git': {'remote': 'https://github.com/leothesouthafrican/PLR.git', 'commit': '5fd3a4eb908a10330b25120a123e86d552235212'}, 'email': '38779415+leothesouthafrican@users.noreply.github.com', 'root': '/Users/leo/Programming/PLR', 'host': 'Leos-MacBook-Pro.local', 'username': 'leo', 'executable': '/Users/leo/Programming/PLR/Leo/env/bin/python3', 'cpu_count': 10, 'cpu_count_logical': 10, 'disk': {'/': {'total': 855.9619140625, 'used': 12.108589172363281}}, 'gpuapple': {'type': 'arm', 'vendor': 'Apple'}, 'memory': {'total': 32.0}}
2023-09-30 18:24:22,052 INFO    HandlerThread:16621 [system_monitor.py:probe():211] Finished collecting system info
2023-09-30 18:24:22,052 INFO    HandlerThread:16621 [system_monitor.py:probe():214] Publishing system info
2023-09-30 18:24:22,052 DEBUG   HandlerThread:16621 [system_info.py:_save_pip():52] Saving list of pip packages installed into the current environment
2023-09-30 18:24:22,052 DEBUG   HandlerThread:16621 [system_info.py:_save_pip():68] Saving pip packages done
2023-09-30 18:24:22,053 INFO    HandlerThread:16621 [system_monitor.py:probe():216] Finished publishing system info
2023-09-30 18:24:22,053 DEBUG   SenderThread:16621 [sender.py:send():379] send: files
2023-09-30 18:24:22,053 INFO    SenderThread:16621 [sender.py:_save_file():1375] saving file wandb-metadata.json with policy now
2023-09-30 18:24:22,057 DEBUG   HandlerThread:16621 [handler.py:handle_request():144] handle_request: stop_status
2023-09-30 18:24:22,057 DEBUG   HandlerThread:16621 [handler.py:handle_request():144] handle_request: internal_messages
2023-09-30 18:24:22,057 DEBUG   SenderThread:16621 [sender.py:send_request():406] send_request: stop_status
2023-09-30 18:24:22,316 DEBUG   SenderThread:16621 [sender.py:send():379] send: telemetry
2023-09-30 18:24:22,317 DEBUG   SenderThread:16621 [sender.py:send():379] send: config
2023-09-30 18:24:22,943 INFO    Thread-82 :16621 [dir_watcher.py:_on_file_created():271] file/dir created: /Users/leo/Programming/PLR/wandb/run-20230930_182420-uleul5ej/files/requirements.txt
2023-09-30 18:24:22,945 INFO    Thread-82 :16621 [dir_watcher.py:_on_file_created():271] file/dir created: /Users/leo/Programming/PLR/wandb/run-20230930_182420-uleul5ej/files/wandb-metadata.json
2023-09-30 18:24:22,945 INFO    Thread-82 :16621 [dir_watcher.py:_on_file_created():271] file/dir created: /Users/leo/Programming/PLR/wandb/run-20230930_182420-uleul5ej/files/output.log
2023-09-30 18:24:22,993 INFO    wandb-upload_0:16621 [upload_job.py:push():131] Uploaded file /var/folders/dt/bgs1hq3d2k3dvhpt3llvs4rw0000gn/T/tmpmgy4q2p_wandb/oncjz3n4-wandb-metadata.json
2023-09-30 18:24:24,962 INFO    Thread-82 :16621 [dir_watcher.py:_on_file_modified():288] file/dir modified: /Users/leo/Programming/PLR/wandb/run-20230930_182420-uleul5ej/files/output.log
2023-09-30 18:24:26,612 DEBUG   HandlerThread:16621 [handler.py:handle_request():144] handle_request: partial_history
2023-09-30 18:24:26,613 DEBUG   SenderThread:16621 [sender.py:send():379] send: history
2023-09-30 18:24:26,613 DEBUG   SenderThread:16621 [sender.py:send_request():406] send_request: summary_record
2023-09-30 18:24:26,613 DEBUG   HandlerThread:16621 [handler.py:handle_request():144] handle_request: status_report
2023-09-30 18:24:26,613 INFO    SenderThread:16621 [sender.py:_save_file():1375] saving file wandb-summary.json with policy end
2023-09-30 18:24:27,065 INFO    Thread-82 :16621 [dir_watcher.py:_on_file_modified():288] file/dir modified: /Users/leo/Programming/PLR/wandb/run-20230930_182420-uleul5ej/files/output.log
2023-09-30 18:24:27,077 INFO    Thread-82 :16621 [dir_watcher.py:_on_file_created():271] file/dir created: /Users/leo/Programming/PLR/wandb/run-20230930_182420-uleul5ej/files/wandb-summary.json
2023-09-30 18:24:29,099 INFO    Thread-82 :16621 [dir_watcher.py:_on_file_modified():288] file/dir modified: /Users/leo/Programming/PLR/wandb/run-20230930_182420-uleul5ej/files/output.log
2023-09-30 18:24:31,064 DEBUG   HandlerThread:16621 [handler.py:handle_request():144] handle_request: partial_history
2023-09-30 18:24:31,065 DEBUG   SenderThread:16621 [sender.py:send():379] send: history
2023-09-30 18:24:31,065 DEBUG   SenderThread:16621 [sender.py:send_request():406] send_request: summary_record
2023-09-30 18:24:31,066 INFO    SenderThread:16621 [sender.py:_save_file():1375] saving file wandb-summary.json with policy end
2023-09-30 18:24:31,112 INFO    Thread-82 :16621 [dir_watcher.py:_on_file_modified():288] file/dir modified: /Users/leo/Programming/PLR/wandb/run-20230930_182420-uleul5ej/files/wandb-summary.json
2023-09-30 18:24:31,113 INFO    Thread-82 :16621 [dir_watcher.py:_on_file_modified():288] file/dir modified: /Users/leo/Programming/PLR/wandb/run-20230930_182420-uleul5ej/files/output.log
2023-09-30 18:24:31,799 DEBUG   HandlerThread:16621 [handler.py:handle_request():144] handle_request: status_report
2023-09-30 18:24:33,123 INFO    Thread-82 :16621 [dir_watcher.py:_on_file_modified():288] file/dir modified: /Users/leo/Programming/PLR/wandb/run-20230930_182420-uleul5ej/files/output.log
2023-09-30 18:24:35,172 INFO    Thread-82 :16621 [dir_watcher.py:_on_file_modified():288] file/dir modified: /Users/leo/Programming/PLR/wandb/run-20230930_182420-uleul5ej/files/output.log
2023-09-30 18:24:35,584 DEBUG   HandlerThread:16621 [handler.py:handle_request():144] handle_request: partial_history
2023-09-30 18:24:35,585 DEBUG   SenderThread:16621 [sender.py:send():379] send: history
2023-09-30 18:24:35,585 DEBUG   SenderThread:16621 [sender.py:send_request():406] send_request: summary_record
2023-09-30 18:24:35,585 INFO    SenderThread:16621 [sender.py:_save_file():1375] saving file wandb-summary.json with policy end
2023-09-30 18:24:36,197 INFO    Thread-82 :16621 [dir_watcher.py:_on_file_modified():288] file/dir modified: /Users/leo/Programming/PLR/wandb/run-20230930_182420-uleul5ej/files/wandb-summary.json
2023-09-30 18:24:36,833 DEBUG   HandlerThread:16621 [handler.py:handle_request():144] handle_request: status_report
2023-09-30 18:24:37,059 DEBUG   HandlerThread:16621 [handler.py:handle_request():144] handle_request: stop_status
2023-09-30 18:24:37,061 DEBUG   SenderThread:16621 [sender.py:send_request():406] send_request: stop_status
2023-09-30 18:24:37,063 DEBUG   HandlerThread:16621 [handler.py:handle_request():144] handle_request: internal_messages
2023-09-30 18:24:37,212 INFO    Thread-82 :16621 [dir_watcher.py:_on_file_modified():288] file/dir modified: /Users/leo/Programming/PLR/wandb/run-20230930_182420-uleul5ej/files/output.log
2023-09-30 18:24:39,256 INFO    Thread-82 :16621 [dir_watcher.py:_on_file_modified():288] file/dir modified: /Users/leo/Programming/PLR/wandb/run-20230930_182420-uleul5ej/files/output.log
2023-09-30 18:24:40,143 DEBUG   HandlerThread:16621 [handler.py:handle_request():144] handle_request: partial_history
2023-09-30 18:24:40,144 DEBUG   SenderThread:16621 [sender.py:send():379] send: history
2023-09-30 18:24:40,144 DEBUG   SenderThread:16621 [sender.py:send_request():406] send_request: summary_record
2023-09-30 18:24:40,144 INFO    SenderThread:16621 [sender.py:_save_file():1375] saving file wandb-summary.json with policy end
2023-09-30 18:24:40,264 INFO    Thread-82 :16621 [dir_watcher.py:_on_file_modified():288] file/dir modified: /Users/leo/Programming/PLR/wandb/run-20230930_182420-uleul5ej/files/wandb-summary.json
2023-09-30 18:24:41,265 INFO    Thread-82 :16621 [dir_watcher.py:_on_file_modified():288] file/dir modified: /Users/leo/Programming/PLR/wandb/run-20230930_182420-uleul5ej/files/output.log
2023-09-30 18:24:42,300 DEBUG   HandlerThread:16621 [handler.py:handle_request():144] handle_request: status_report
2023-09-30 18:24:43,278 INFO    Thread-82 :16621 [dir_watcher.py:_on_file_modified():288] file/dir modified: /Users/leo/Programming/PLR/wandb/run-20230930_182420-uleul5ej/files/output.log
2023-09-30 18:24:45,260 DEBUG   HandlerThread:16621 [handler.py:handle_request():144] handle_request: partial_history
2023-09-30 18:24:45,261 DEBUG   SenderThread:16621 [sender.py:send():379] send: history
2023-09-30 18:24:45,261 DEBUG   SenderThread:16621 [sender.py:send_request():406] send_request: summary_record
2023-09-30 18:24:45,261 INFO    SenderThread:16621 [sender.py:_save_file():1375] saving file wandb-summary.json with policy end
2023-09-30 18:24:45,289 INFO    Thread-82 :16621 [dir_watcher.py:_on_file_modified():288] file/dir modified: /Users/leo/Programming/PLR/wandb/run-20230930_182420-uleul5ej/files/wandb-summary.json
2023-09-30 18:24:45,289 INFO    Thread-82 :16621 [dir_watcher.py:_on_file_modified():288] file/dir modified: /Users/leo/Programming/PLR/wandb/run-20230930_182420-uleul5ej/files/output.log
2023-09-30 18:24:47,304 INFO    Thread-82 :16621 [dir_watcher.py:_on_file_modified():288] file/dir modified: /Users/leo/Programming/PLR/wandb/run-20230930_182420-uleul5ej/files/output.log
2023-09-30 18:24:47,558 DEBUG   HandlerThread:16621 [handler.py:handle_request():144] handle_request: status_report
2023-09-30 18:24:49,330 INFO    Thread-82 :16621 [dir_watcher.py:_on_file_modified():288] file/dir modified: /Users/leo/Programming/PLR/wandb/run-20230930_182420-uleul5ej/files/output.log
2023-09-30 18:24:49,924 DEBUG   HandlerThread:16621 [handler.py:handle_request():144] handle_request: log_artifact
2023-09-30 18:24:49,924 DEBUG   SenderThread:16621 [sender.py:send_request():406] send_request: log_artifact
2023-09-30 18:24:49,934 DEBUG   HandlerThread:16621 [handler.py:handle_request():144] handle_request: partial_history
2023-09-30 18:24:50,334 INFO    Thread-82 :16621 [dir_watcher.py:_on_file_created():271] file/dir created: /Users/leo/Programming/PLR/wandb/run-20230930_182420-uleul5ej/files/media/table/Generations Table_5_ac586bedd4301d45f2d7.table.json
2023-09-30 18:24:50,334 INFO    Thread-82 :16621 [dir_watcher.py:_on_file_created():271] file/dir created: /Users/leo/Programming/PLR/wandb/run-20230930_182420-uleul5ej/files/media/table
2023-09-30 18:24:50,334 INFO    Thread-82 :16621 [dir_watcher.py:_on_file_created():271] file/dir created: /Users/leo/Programming/PLR/wandb/run-20230930_182420-uleul5ej/files/media
2023-09-30 18:24:50,800 INFO    wandb-upload_0:16621 [upload_job.py:push():131] Uploaded file /var/folders/dt/bgs1hq3d2k3dvhpt3llvs4rw0000gn/T/tmpmgy4q2p_wandb/vmbtzn5l-media/table/Generations Table_5_ac586bedd4301d45f2d7.table.json
2023-09-30 18:24:50,937 DEBUG   HandlerThread:16621 [handler.py:handle_request():144] handle_request: poll_exit
2023-09-30 18:24:51,300 INFO    wandb-upload_1:16621 [upload_job.py:push():89] Uploaded file /Users/leo/Library/Application Support/wandb/artifacts/staging/tmp8sb8csj0
2023-09-30 18:24:51,339 INFO    Thread-82 :16621 [dir_watcher.py:_on_file_modified():288] file/dir modified: /Users/leo/Programming/PLR/wandb/run-20230930_182420-uleul5ej/files/output.log
2023-09-30 18:24:52,147 INFO    SenderThread:16621 [sender.py:send_request_log_artifact():1441] logged artifact run-uleul5ej-GenerationsTable - {'id': 'QXJ0aWZhY3Q6NTg5OTUwOTI3', 'state': 'PENDING', 'artifactSequence': {'id': 'QXJ0aWZhY3RDb2xsZWN0aW9uOjEwMjc3ODc2Nw==', 'latestArtifact': None}}
2023-09-30 18:24:52,147 DEBUG   SenderThread:16621 [sender.py:send():379] send: files
2023-09-30 18:24:52,147 INFO    SenderThread:16621 [sender.py:_save_file():1375] saving file media/table/Generations Table_5_ac586bedd4301d45f2d7.table.json with policy now
2023-09-30 18:24:52,148 DEBUG   SenderThread:16621 [sender.py:send():379] send: history
2023-09-30 18:24:52,148 DEBUG   SenderThread:16621 [sender.py:send_request():406] send_request: summary_record
2023-09-30 18:24:52,148 INFO    SenderThread:16621 [sender.py:_save_file():1375] saving file wandb-summary.json with policy end
2023-09-30 18:24:52,148 DEBUG   SenderThread:16621 [sender.py:send():379] send: telemetry
2023-09-30 18:24:52,148 DEBUG   SenderThread:16621 [sender.py:send():379] send: exit
2023-09-30 18:24:52,148 INFO    SenderThread:16621 [sender.py:send_exit():584] handling exit code: 0
2023-09-30 18:24:52,149 INFO    SenderThread:16621 [sender.py:send_exit():586] handling runtime: 27
2023-09-30 18:24:52,149 INFO    SenderThread:16621 [sender.py:_save_file():1375] saving file wandb-summary.json with policy end
2023-09-30 18:24:52,149 INFO    SenderThread:16621 [sender.py:send_exit():592] send defer
2023-09-30 18:24:52,149 DEBUG   SenderThread:16621 [sender.py:send_request():406] send_request: poll_exit
2023-09-30 18:24:52,149 DEBUG   HandlerThread:16621 [handler.py:handle_request():144] handle_request: defer
2023-09-30 18:24:52,149 INFO    HandlerThread:16621 [handler.py:handle_request_defer():170] handle defer: 0
2023-09-30 18:24:52,149 DEBUG   SenderThread:16621 [sender.py:send_request():406] send_request: defer
2023-09-30 18:24:52,149 INFO    SenderThread:16621 [sender.py:send_request_defer():608] handle sender defer: 0
2023-09-30 18:24:52,149 INFO    SenderThread:16621 [sender.py:transition_state():612] send defer: 1
2023-09-30 18:24:52,149 DEBUG   HandlerThread:16621 [handler.py:handle_request():144] handle_request: defer
2023-09-30 18:24:52,149 INFO    HandlerThread:16621 [handler.py:handle_request_defer():170] handle defer: 1
2023-09-30 18:24:52,150 DEBUG   SenderThread:16621 [sender.py:send_request():406] send_request: defer
2023-09-30 18:24:52,150 INFO    SenderThread:16621 [sender.py:send_request_defer():608] handle sender defer: 1
2023-09-30 18:24:52,150 INFO    SenderThread:16621 [sender.py:transition_state():612] send defer: 2
2023-09-30 18:24:52,150 DEBUG   HandlerThread:16621 [handler.py:handle_request():144] handle_request: defer
2023-09-30 18:24:52,150 INFO    HandlerThread:16621 [handler.py:handle_request_defer():170] handle defer: 2
2023-09-30 18:24:52,151 INFO    HandlerThread:16621 [system_monitor.py:finish():190] Stopping system monitor
2023-09-30 18:24:52,151 DEBUG   SystemMonitor:16621 [system_monitor.py:_start():159] Starting system metrics aggregation loop
2023-09-30 18:24:52,151 DEBUG   SystemMonitor:16621 [system_monitor.py:_start():166] Finished system metrics aggregation loop
2023-09-30 18:24:52,151 INFO    HandlerThread:16621 [interfaces.py:finish():202] Joined cpu monitor
2023-09-30 18:24:52,151 DEBUG   SystemMonitor:16621 [system_monitor.py:_start():170] Publishing last batch of metrics
2023-09-30 18:24:52,151 INFO    HandlerThread:16621 [interfaces.py:finish():202] Joined disk monitor
2023-09-30 18:24:52,343 INFO    Thread-82 :16621 [dir_watcher.py:_on_file_modified():288] file/dir modified: /Users/leo/Programming/PLR/wandb/run-20230930_182420-uleul5ej/files/wandb-summary.json
2023-09-30 18:24:52,677 INFO    wandb-upload_0:16621 [upload_job.py:push():131] Uploaded file /var/folders/dt/bgs1hq3d2k3dvhpt3llvs4rw0000gn/T/tmpmgy4q2p_wandb/hcxji2kf-media/table/Generations Table_5_ac586bedd4301d45f2d7.table.json
2023-09-30 18:24:52,835 INFO    HandlerThread:16621 [interfaces.py:finish():202] Joined gpuapple monitor
2023-09-30 18:24:52,835 INFO    HandlerThread:16621 [interfaces.py:finish():202] Joined memory monitor
2023-09-30 18:24:52,835 INFO    HandlerThread:16621 [interfaces.py:finish():202] Joined network monitor
2023-09-30 18:24:52,835 DEBUG   SenderThread:16621 [sender.py:send_request():406] send_request: defer
2023-09-30 18:24:52,835 INFO    SenderThread:16621 [sender.py:send_request_defer():608] handle sender defer: 2
2023-09-30 18:24:52,835 INFO    SenderThread:16621 [sender.py:transition_state():612] send defer: 3
2023-09-30 18:24:52,836 DEBUG   HandlerThread:16621 [handler.py:handle_request():144] handle_request: defer
2023-09-30 18:24:52,836 INFO    HandlerThread:16621 [handler.py:handle_request_defer():170] handle defer: 3
2023-09-30 18:24:52,836 DEBUG   HandlerThread:16621 [handler.py:handle_request():144] handle_request: status_report
2023-09-30 18:24:53,025 DEBUG   SenderThread:16621 [sender.py:send():379] send: telemetry
2023-09-30 18:24:53,025 DEBUG   SenderThread:16621 [sender.py:send():379] send: stats
2023-09-30 18:24:53,025 DEBUG   SenderThread:16621 [sender.py:send_request():406] send_request: defer
2023-09-30 18:24:53,025 INFO    SenderThread:16621 [sender.py:send_request_defer():608] handle sender defer: 3
2023-09-30 18:24:53,025 INFO    SenderThread:16621 [sender.py:transition_state():612] send defer: 4
2023-09-30 18:24:53,025 DEBUG   HandlerThread:16621 [handler.py:handle_request():144] handle_request: defer
2023-09-30 18:24:53,025 INFO    HandlerThread:16621 [handler.py:handle_request_defer():170] handle defer: 4
2023-09-30 18:24:53,025 DEBUG   SenderThread:16621 [sender.py:send_request():406] send_request: defer
2023-09-30 18:24:53,025 INFO    SenderThread:16621 [sender.py:send_request_defer():608] handle sender defer: 4
2023-09-30 18:24:53,025 INFO    SenderThread:16621 [sender.py:transition_state():612] send defer: 5
2023-09-30 18:24:53,026 DEBUG   HandlerThread:16621 [handler.py:handle_request():144] handle_request: defer
2023-09-30 18:24:53,026 INFO    HandlerThread:16621 [handler.py:handle_request_defer():170] handle defer: 5
2023-09-30 18:24:53,026 DEBUG   SenderThread:16621 [sender.py:send():379] send: summary
2023-09-30 18:24:53,026 INFO    SenderThread:16621 [sender.py:_save_file():1375] saving file wandb-summary.json with policy end
2023-09-30 18:24:53,026 DEBUG   SenderThread:16621 [sender.py:send_request():406] send_request: defer
2023-09-30 18:24:53,026 INFO    SenderThread:16621 [sender.py:send_request_defer():608] handle sender defer: 5
2023-09-30 18:24:53,026 INFO    SenderThread:16621 [sender.py:transition_state():612] send defer: 6
2023-09-30 18:24:53,027 DEBUG   HandlerThread:16621 [handler.py:handle_request():144] handle_request: defer
2023-09-30 18:24:53,027 INFO    HandlerThread:16621 [handler.py:handle_request_defer():170] handle defer: 6
2023-09-30 18:24:53,027 DEBUG   SenderThread:16621 [sender.py:send_request():406] send_request: defer
2023-09-30 18:24:53,027 INFO    SenderThread:16621 [sender.py:send_request_defer():608] handle sender defer: 6
2023-09-30 18:24:53,029 DEBUG   HandlerThread:16621 [handler.py:handle_request():144] handle_request: status_report
2023-09-30 18:24:53,217 INFO    SenderThread:16621 [sender.py:transition_state():612] send defer: 7
2023-09-30 18:24:53,217 DEBUG   HandlerThread:16621 [handler.py:handle_request():144] handle_request: defer
2023-09-30 18:24:53,217 INFO    HandlerThread:16621 [handler.py:handle_request_defer():170] handle defer: 7
2023-09-30 18:24:53,217 DEBUG   SenderThread:16621 [sender.py:send_request():406] send_request: defer
2023-09-30 18:24:53,218 INFO    SenderThread:16621 [sender.py:send_request_defer():608] handle sender defer: 7
2023-09-30 18:24:53,345 INFO    Thread-82 :16621 [dir_watcher.py:_on_file_modified():288] file/dir modified: /Users/leo/Programming/PLR/wandb/run-20230930_182420-uleul5ej/files/config.yaml
2023-09-30 18:24:53,346 INFO    Thread-82 :16621 [dir_watcher.py:_on_file_modified():288] file/dir modified: /Users/leo/Programming/PLR/wandb/run-20230930_182420-uleul5ej/files/wandb-summary.json
2023-09-30 18:24:54,598 INFO    SenderThread:16621 [sender.py:transition_state():612] send defer: 8
2023-09-30 18:24:54,598 DEBUG   HandlerThread:16621 [handler.py:handle_request():144] handle_request: defer
2023-09-30 18:24:54,599 INFO    HandlerThread:16621 [handler.py:handle_request_defer():170] handle defer: 8
2023-09-30 18:24:54,599 DEBUG   SenderThread:16621 [sender.py:send_request():406] send_request: defer
2023-09-30 18:24:54,599 INFO    SenderThread:16621 [sender.py:send_request_defer():608] handle sender defer: 8
2023-09-30 18:24:54,599 INFO    SenderThread:16621 [job_builder.py:build():281] Attempting to build job artifact
2023-09-30 18:24:54,600 INFO    SenderThread:16621 [job_builder.py:_get_source_type():393] is repo sourced job
2023-09-30 18:24:54,601 INFO    SenderThread:16621 [job_builder.py:build():369] adding wandb-job metadata file
2023-09-30 18:24:54,607 INFO    SenderThread:16621 [sender.py:transition_state():612] send defer: 9
2023-09-30 18:24:54,607 DEBUG   HandlerThread:16621 [handler.py:handle_request():144] handle_request: defer
2023-09-30 18:24:54,607 DEBUG   SenderThread:16621 [sender.py:send():379] send: artifact
2023-09-30 18:24:54,607 INFO    HandlerThread:16621 [handler.py:handle_request_defer():170] handle defer: 9
2023-09-30 18:24:55,356 INFO    Thread-82 :16621 [dir_watcher.py:_on_file_modified():288] file/dir modified: /Users/leo/Programming/PLR/wandb/run-20230930_182420-uleul5ej/files/output.log
2023-09-30 18:24:55,488 INFO    wandb-upload_1:16621 [upload_job.py:push():86] Skipped uploading /Users/leo/Library/Application Support/wandb/artifacts/staging/tmpqecwgb_k
2023-09-30 18:24:55,824 INFO    wandb-upload_0:16621 [upload_job.py:push():89] Uploaded file /Users/leo/Library/Application Support/wandb/artifacts/staging/tmp8zysjn7x
2023-09-30 18:24:55,959 DEBUG   HandlerThread:16621 [handler.py:handle_request():144] handle_request: keepalive
2023-09-30 18:24:57,060 INFO    SenderThread:16621 [sender.py:send_artifact():1453] sent artifact job-https___github.com_leothesouthafrican_PLR.git_Leo_gen_algo_opt_folder_genetic_algorithm.py - {'id': 'QXJ0aWZhY3Q6NTg5OTUwOTgz', 'state': 'PENDING', 'artifactSequence': {'id': 'QXJ0aWZhY3RDb2xsZWN0aW9uOjEwMjY3Mjc5OA==', 'latestArtifact': {'id': 'QXJ0aWZhY3Q6NTg5OTUwMzQ5', 'versionIndex': 13}}}
2023-09-30 18:24:57,060 DEBUG   SenderThread:16621 [sender.py:send_request():406] send_request: defer
2023-09-30 18:24:57,060 INFO    SenderThread:16621 [sender.py:send_request_defer():608] handle sender defer: 9
2023-09-30 18:24:57,060 INFO    SenderThread:16621 [dir_watcher.py:finish():358] shutting down directory watcher
2023-09-30 18:24:57,364 INFO    SenderThread:16621 [dir_watcher.py:finish():388] scan: /Users/leo/Programming/PLR/wandb/run-20230930_182420-uleul5ej/files
2023-09-30 18:24:57,366 INFO    SenderThread:16621 [dir_watcher.py:finish():402] scan save: /Users/leo/Programming/PLR/wandb/run-20230930_182420-uleul5ej/files/requirements.txt requirements.txt
2023-09-30 18:24:57,367 INFO    SenderThread:16621 [dir_watcher.py:finish():402] scan save: /Users/leo/Programming/PLR/wandb/run-20230930_182420-uleul5ej/files/output.log output.log
2023-09-30 18:24:57,367 INFO    SenderThread:16621 [dir_watcher.py:finish():402] scan save: /Users/leo/Programming/PLR/wandb/run-20230930_182420-uleul5ej/files/config.yaml config.yaml
2023-09-30 18:24:57,368 INFO    SenderThread:16621 [dir_watcher.py:finish():402] scan save: /Users/leo/Programming/PLR/wandb/run-20230930_182420-uleul5ej/files/wandb-summary.json wandb-summary.json
2023-09-30 18:24:57,368 INFO    SenderThread:16621 [dir_watcher.py:finish():402] scan save: /Users/leo/Programming/PLR/wandb/run-20230930_182420-uleul5ej/files/wandb-metadata.json wandb-metadata.json
2023-09-30 18:24:57,368 INFO    SenderThread:16621 [dir_watcher.py:finish():402] scan save: /Users/leo/Programming/PLR/wandb/run-20230930_182420-uleul5ej/files/media/table/Generations Table_5_ac586bedd4301d45f2d7.table.json media/table/Generations Table_5_ac586bedd4301d45f2d7.table.json
2023-09-30 18:24:57,369 INFO    SenderThread:16621 [sender.py:transition_state():612] send defer: 10
2023-09-30 18:24:57,373 DEBUG   HandlerThread:16621 [handler.py:handle_request():144] handle_request: defer
2023-09-30 18:24:57,374 INFO    HandlerThread:16621 [handler.py:handle_request_defer():170] handle defer: 10
2023-09-30 18:24:57,377 DEBUG   SenderThread:16621 [sender.py:send_request():406] send_request: defer
2023-09-30 18:24:57,377 INFO    SenderThread:16621 [sender.py:send_request_defer():608] handle sender defer: 10
2023-09-30 18:24:57,378 INFO    SenderThread:16621 [file_pusher.py:finish():175] shutting down file pusher
2023-09-30 18:24:57,909 INFO    wandb-upload_2:16621 [upload_job.py:push():131] Uploaded file /Users/leo/Programming/PLR/wandb/run-20230930_182420-uleul5ej/files/config.yaml
2023-09-30 18:24:57,910 INFO    wandb-upload_1:16621 [upload_job.py:push():131] Uploaded file /Users/leo/Programming/PLR/wandb/run-20230930_182420-uleul5ej/files/requirements.txt
2023-09-30 18:24:57,910 INFO    wandb-upload_3:16621 [upload_job.py:push():131] Uploaded file /Users/leo/Programming/PLR/wandb/run-20230930_182420-uleul5ej/files/wandb-summary.json
2023-09-30 18:24:57,910 INFO    wandb-upload_0:16621 [upload_job.py:push():131] Uploaded file /Users/leo/Programming/PLR/wandb/run-20230930_182420-uleul5ej/files/output.log
2023-09-30 18:24:58,112 INFO    Thread-81 (_thread_body):16621 [sender.py:transition_state():612] send defer: 11
2023-09-30 18:24:58,114 DEBUG   HandlerThread:16621 [handler.py:handle_request():144] handle_request: defer
2023-09-30 18:24:58,114 INFO    HandlerThread:16621 [handler.py:handle_request_defer():170] handle defer: 11
2023-09-30 18:24:58,115 DEBUG   SenderThread:16621 [sender.py:send_request():406] send_request: defer
2023-09-30 18:24:58,115 INFO    SenderThread:16621 [sender.py:send_request_defer():608] handle sender defer: 11
2023-09-30 18:24:58,115 INFO    SenderThread:16621 [file_pusher.py:join():181] waiting for file pusher
2023-09-30 18:24:58,115 INFO    SenderThread:16621 [sender.py:transition_state():612] send defer: 12
2023-09-30 18:24:58,115 DEBUG   HandlerThread:16621 [handler.py:handle_request():144] handle_request: defer
2023-09-30 18:24:58,115 INFO    HandlerThread:16621 [handler.py:handle_request_defer():170] handle defer: 12
2023-09-30 18:24:58,115 DEBUG   HandlerThread:16621 [handler.py:handle_request():144] handle_request: status_report
2023-09-30 18:24:58,115 DEBUG   SenderThread:16621 [sender.py:send_request():406] send_request: defer
2023-09-30 18:24:58,115 INFO    SenderThread:16621 [sender.py:send_request_defer():608] handle sender defer: 12
2023-09-30 18:24:58,115 INFO    SenderThread:16621 [file_stream.py:finish():594] file stream finish called
2023-09-30 18:24:58,269 INFO    SenderThread:16621 [file_stream.py:finish():598] file stream finish is done
2023-09-30 18:24:58,269 INFO    SenderThread:16621 [sender.py:transition_state():612] send defer: 13
2023-09-30 18:24:58,274 DEBUG   HandlerThread:16621 [handler.py:handle_request():144] handle_request: defer
2023-09-30 18:24:58,275 INFO    HandlerThread:16621 [handler.py:handle_request_defer():170] handle defer: 13
2023-09-30 18:24:58,275 DEBUG   SenderThread:16621 [sender.py:send_request():406] send_request: defer
2023-09-30 18:24:58,275 INFO    SenderThread:16621 [sender.py:send_request_defer():608] handle sender defer: 13
2023-09-30 18:24:58,275 INFO    SenderThread:16621 [sender.py:transition_state():612] send defer: 14
2023-09-30 18:24:58,275 DEBUG   HandlerThread:16621 [handler.py:handle_request():144] handle_request: defer
2023-09-30 18:24:58,276 INFO    HandlerThread:16621 [handler.py:handle_request_defer():170] handle defer: 14
2023-09-30 18:24:58,276 DEBUG   SenderThread:16621 [sender.py:send():379] send: final
2023-09-30 18:24:58,276 DEBUG   SenderThread:16621 [sender.py:send():379] send: footer
2023-09-30 18:24:58,276 DEBUG   SenderThread:16621 [sender.py:send_request():406] send_request: defer
2023-09-30 18:24:58,276 INFO    SenderThread:16621 [sender.py:send_request_defer():608] handle sender defer: 14
2023-09-30 18:24:58,277 DEBUG   HandlerThread:16621 [handler.py:handle_request():144] handle_request: internal_messages
2023-09-30 18:24:58,278 DEBUG   HandlerThread:16621 [handler.py:handle_request():144] handle_request: poll_exit
2023-09-30 18:24:58,278 DEBUG   HandlerThread:16621 [handler.py:handle_request():144] handle_request: server_info
2023-09-30 18:24:58,278 DEBUG   SenderThread:16621 [sender.py:send_request():406] send_request: poll_exit
2023-09-30 18:24:58,278 DEBUG   HandlerThread:16621 [handler.py:handle_request():144] handle_request: get_summary
2023-09-30 18:24:58,279 DEBUG   HandlerThread:16621 [handler.py:handle_request():144] handle_request: sampled_history
2023-09-30 18:24:58,279 DEBUG   HandlerThread:16621 [handler.py:handle_request():144] handle_request: job_info
2023-09-30 18:24:58,280 DEBUG   SenderThread:16621 [sender.py:send_request():406] send_request: server_info
2023-09-30 18:24:58,452 DEBUG   SenderThread:16621 [sender.py:send_request():406] send_request: job_info
2023-09-30 18:24:58,455 DEBUG   HandlerThread:16621 [handler.py:handle_request():144] handle_request: shutdown
2023-09-30 18:24:58,455 INFO    HandlerThread:16621 [handler.py:finish():840] shutting down handler
2023-09-30 18:24:59,283 INFO    WriterThread:16621 [datastore.py:close():294] close: /Users/leo/Programming/PLR/wandb/run-20230930_182420-uleul5ej/run-uleul5ej.wandb
2023-09-30 18:24:59,455 INFO    SenderThread:16621 [sender.py:finish():1531] shutting down sender
2023-09-30 18:24:59,456 INFO    SenderThread:16621 [file_pusher.py:finish():175] shutting down file pusher
2023-09-30 18:24:59,456 INFO    SenderThread:16621 [file_pusher.py:join():181] waiting for file pusher
