2023-09-30 18:22:27,363 INFO    StreamThr :16621 [internal.py:wandb_internal():86] W&B internal server running at pid: 16621, started at: 2023-09-30 18:22:27.362056
2023-09-30 18:22:27,364 DEBUG   HandlerThread:16621 [handler.py:handle_request():144] handle_request: status
2023-09-30 18:22:27,365 INFO    WriterThread:16621 [datastore.py:open_for_write():85] open: /Users/leo/Programming/PLR/wandb/run-20230930_182226-zdkdty5y/run-zdkdty5y.wandb
2023-09-30 18:22:27,366 DEBUG   SenderThread:16621 [sender.py:send():379] send: header
2023-09-30 18:22:27,366 DEBUG   SenderThread:16621 [sender.py:send():379] send: run
2023-09-30 18:22:27,979 INFO    SenderThread:16621 [dir_watcher.py:__init__():211] watching files in: /Users/leo/Programming/PLR/wandb/run-20230930_182226-zdkdty5y/files
2023-09-30 18:22:27,980 INFO    SenderThread:16621 [sender.py:_start_run_threads():1121] run started: zdkdty5y with start time 1696094546.438321
2023-09-30 18:22:27,991 DEBUG   HandlerThread:16621 [handler.py:handle_request():144] handle_request: check_version
2023-09-30 18:22:27,991 DEBUG   SenderThread:16621 [sender.py:send_request():406] send_request: check_version
2023-09-30 18:22:28,042 DEBUG   HandlerThread:16621 [handler.py:handle_request():144] handle_request: run_start
2023-09-30 18:22:28,044 DEBUG   HandlerThread:16621 [system_info.py:__init__():32] System info init
2023-09-30 18:22:28,044 DEBUG   HandlerThread:16621 [system_info.py:__init__():47] System info init done
2023-09-30 18:22:28,044 INFO    HandlerThread:16621 [system_monitor.py:start():181] Starting system monitor
2023-09-30 18:22:28,044 INFO    SystemMonitor:16621 [system_monitor.py:_start():145] Starting system asset monitoring threads
2023-09-30 18:22:28,044 INFO    HandlerThread:16621 [system_monitor.py:probe():201] Collecting system info
2023-09-30 18:22:28,044 INFO    SystemMonitor:16621 [interfaces.py:start():190] Started cpu monitoring
2023-09-30 18:22:28,044 INFO    SystemMonitor:16621 [interfaces.py:start():190] Started disk monitoring
2023-09-30 18:22:28,048 DEBUG   HandlerThread:16621 [system_info.py:probe():196] Probing system
2023-09-30 18:22:28,050 INFO    SystemMonitor:16621 [interfaces.py:start():190] Started gpuapple monitoring
2023-09-30 18:22:28,050 INFO    SystemMonitor:16621 [interfaces.py:start():190] Started memory monitoring
2023-09-30 18:22:28,051 INFO    SystemMonitor:16621 [interfaces.py:start():190] Started network monitoring
2023-09-30 18:22:28,051 DEBUG   HandlerThread:16621 [system_info.py:_probe_git():181] Probing git
2023-09-30 18:22:28,067 DEBUG   HandlerThread:16621 [system_info.py:_probe_git():189] Probing git done
2023-09-30 18:22:28,067 DEBUG   HandlerThread:16621 [system_info.py:probe():244] Probing system done
2023-09-30 18:22:28,068 DEBUG   HandlerThread:16621 [system_monitor.py:probe():210] {'os': 'macOS-14.0-arm64-arm-64bit', 'python': '3.11.4', 'heartbeatAt': '2023-09-30T17:22:28.048403', 'startedAt': '2023-09-30T17:22:26.433145', 'docker': None, 'cuda': None, 'args': (), 'state': 'running', 'program': '/Users/leo/Programming/PLR/Leo/gen_algo_opt_folder/genetic_algorithm.py', 'codePathLocal': 'Leo/gen_algo_opt_folder/genetic_algorithm.py', 'codePath': 'Leo/gen_algo_opt_folder/genetic_algorithm.py', 'git': {'remote': 'https://github.com/leothesouthafrican/PLR.git', 'commit': '5fd3a4eb908a10330b25120a123e86d552235212'}, 'email': '38779415+leothesouthafrican@users.noreply.github.com', 'root': '/Users/leo/Programming/PLR', 'host': 'Leos-MacBook-Pro.local', 'username': 'leo', 'executable': '/Users/leo/Programming/PLR/Leo/env/bin/python3', 'cpu_count': 10, 'cpu_count_logical': 10, 'disk': {'/': {'total': 855.9619140625, 'used': 12.108589172363281}}, 'gpuapple': {'type': 'arm', 'vendor': 'Apple'}, 'memory': {'total': 32.0}}
2023-09-30 18:22:28,068 INFO    HandlerThread:16621 [system_monitor.py:probe():211] Finished collecting system info
2023-09-30 18:22:28,068 INFO    HandlerThread:16621 [system_monitor.py:probe():214] Publishing system info
2023-09-30 18:22:28,068 DEBUG   HandlerThread:16621 [system_info.py:_save_pip():52] Saving list of pip packages installed into the current environment
2023-09-30 18:22:28,068 DEBUG   HandlerThread:16621 [system_info.py:_save_pip():68] Saving pip packages done
2023-09-30 18:22:28,068 INFO    HandlerThread:16621 [system_monitor.py:probe():216] Finished publishing system info
2023-09-30 18:22:28,069 DEBUG   SenderThread:16621 [sender.py:send():379] send: files
2023-09-30 18:22:28,069 INFO    SenderThread:16621 [sender.py:_save_file():1375] saving file wandb-metadata.json with policy now
2023-09-30 18:22:28,071 DEBUG   HandlerThread:16621 [handler.py:handle_request():144] handle_request: stop_status
2023-09-30 18:22:28,071 DEBUG   HandlerThread:16621 [handler.py:handle_request():144] handle_request: internal_messages
2023-09-30 18:22:28,071 DEBUG   SenderThread:16621 [sender.py:send_request():406] send_request: stop_status
2023-09-30 18:22:28,396 DEBUG   SenderThread:16621 [sender.py:send():379] send: telemetry
2023-09-30 18:22:28,396 DEBUG   SenderThread:16621 [sender.py:send():379] send: config
2023-09-30 18:22:28,799 INFO    wandb-upload_0:16621 [upload_job.py:push():131] Uploaded file /var/folders/dt/bgs1hq3d2k3dvhpt3llvs4rw0000gn/T/tmpfaqfjbhcwandb/dsok30xv-wandb-metadata.json
2023-09-30 18:22:28,982 INFO    Thread-40 :16621 [dir_watcher.py:_on_file_created():271] file/dir created: /Users/leo/Programming/PLR/wandb/run-20230930_182226-zdkdty5y/files/output.log
2023-09-30 18:22:28,983 INFO    Thread-40 :16621 [dir_watcher.py:_on_file_created():271] file/dir created: /Users/leo/Programming/PLR/wandb/run-20230930_182226-zdkdty5y/files/wandb-metadata.json
2023-09-30 18:22:28,983 INFO    Thread-40 :16621 [dir_watcher.py:_on_file_created():271] file/dir created: /Users/leo/Programming/PLR/wandb/run-20230930_182226-zdkdty5y/files/requirements.txt
2023-09-30 18:22:31,010 INFO    Thread-40 :16621 [dir_watcher.py:_on_file_modified():288] file/dir modified: /Users/leo/Programming/PLR/wandb/run-20230930_182226-zdkdty5y/files/output.log
2023-09-30 18:22:32,570 DEBUG   HandlerThread:16621 [handler.py:handle_request():144] handle_request: partial_history
2023-09-30 18:22:32,571 DEBUG   SenderThread:16621 [sender.py:send():379] send: history
2023-09-30 18:22:32,571 DEBUG   SenderThread:16621 [sender.py:send_request():406] send_request: summary_record
2023-09-30 18:22:32,571 DEBUG   HandlerThread:16621 [handler.py:handle_request():144] handle_request: status_report
2023-09-30 18:22:32,572 INFO    SenderThread:16621 [sender.py:_save_file():1375] saving file wandb-summary.json with policy end
2023-09-30 18:22:33,032 INFO    Thread-40 :16621 [dir_watcher.py:_on_file_modified():288] file/dir modified: /Users/leo/Programming/PLR/wandb/run-20230930_182226-zdkdty5y/files/output.log
2023-09-30 18:22:33,034 INFO    Thread-40 :16621 [dir_watcher.py:_on_file_created():271] file/dir created: /Users/leo/Programming/PLR/wandb/run-20230930_182226-zdkdty5y/files/wandb-summary.json
2023-09-30 18:22:35,071 INFO    Thread-40 :16621 [dir_watcher.py:_on_file_modified():288] file/dir modified: /Users/leo/Programming/PLR/wandb/run-20230930_182226-zdkdty5y/files/output.log
2023-09-30 18:22:37,096 DEBUG   HandlerThread:16621 [handler.py:handle_request():144] handle_request: partial_history
2023-09-30 18:22:37,097 DEBUG   SenderThread:16621 [sender.py:send():379] send: history
2023-09-30 18:22:37,097 DEBUG   SenderThread:16621 [sender.py:send_request():406] send_request: summary_record
2023-09-30 18:22:37,097 INFO    SenderThread:16621 [sender.py:_save_file():1375] saving file wandb-summary.json with policy end
2023-09-30 18:22:37,099 INFO    Thread-40 :16621 [dir_watcher.py:_on_file_modified():288] file/dir modified: /Users/leo/Programming/PLR/wandb/run-20230930_182226-zdkdty5y/files/output.log
2023-09-30 18:22:37,099 INFO    Thread-40 :16621 [dir_watcher.py:_on_file_modified():288] file/dir modified: /Users/leo/Programming/PLR/wandb/run-20230930_182226-zdkdty5y/files/wandb-summary.json
2023-09-30 18:22:37,777 DEBUG   HandlerThread:16621 [handler.py:handle_request():144] handle_request: status_report
2023-09-30 18:22:39,109 INFO    Thread-40 :16621 [dir_watcher.py:_on_file_modified():288] file/dir modified: /Users/leo/Programming/PLR/wandb/run-20230930_182226-zdkdty5y/files/output.log
2023-09-30 18:22:41,146 INFO    Thread-40 :16621 [dir_watcher.py:_on_file_modified():288] file/dir modified: /Users/leo/Programming/PLR/wandb/run-20230930_182226-zdkdty5y/files/output.log
2023-09-30 18:22:41,511 DEBUG   HandlerThread:16621 [handler.py:handle_request():144] handle_request: partial_history
2023-09-30 18:22:41,512 DEBUG   SenderThread:16621 [sender.py:send():379] send: history
2023-09-30 18:22:41,512 DEBUG   SenderThread:16621 [sender.py:send_request():406] send_request: summary_record
2023-09-30 18:22:41,512 INFO    SenderThread:16621 [sender.py:_save_file():1375] saving file wandb-summary.json with policy end
2023-09-30 18:22:42,153 INFO    Thread-40 :16621 [dir_watcher.py:_on_file_modified():288] file/dir modified: /Users/leo/Programming/PLR/wandb/run-20230930_182226-zdkdty5y/files/wandb-summary.json
2023-09-30 18:22:43,102 DEBUG   HandlerThread:16621 [handler.py:handle_request():144] handle_request: internal_messages
2023-09-30 18:22:43,103 DEBUG   HandlerThread:16621 [handler.py:handle_request():144] handle_request: stop_status
2023-09-30 18:22:43,104 DEBUG   HandlerThread:16621 [handler.py:handle_request():144] handle_request: status_report
2023-09-30 18:22:43,104 DEBUG   SenderThread:16621 [sender.py:send_request():406] send_request: stop_status
2023-09-30 18:22:43,161 INFO    Thread-40 :16621 [dir_watcher.py:_on_file_modified():288] file/dir modified: /Users/leo/Programming/PLR/wandb/run-20230930_182226-zdkdty5y/files/output.log
2023-09-30 18:22:45,182 INFO    Thread-40 :16621 [dir_watcher.py:_on_file_modified():288] file/dir modified: /Users/leo/Programming/PLR/wandb/run-20230930_182226-zdkdty5y/files/output.log
2023-09-30 18:22:47,193 INFO    Thread-40 :16621 [dir_watcher.py:_on_file_modified():288] file/dir modified: /Users/leo/Programming/PLR/wandb/run-20230930_182226-zdkdty5y/files/output.log
2023-09-30 18:22:47,518 DEBUG   HandlerThread:16621 [handler.py:handle_request():144] handle_request: partial_history
2023-09-30 18:22:47,518 DEBUG   SenderThread:16621 [sender.py:send():379] send: history
2023-09-30 18:22:47,518 DEBUG   SenderThread:16621 [sender.py:send_request():406] send_request: summary_record
2023-09-30 18:22:47,520 INFO    SenderThread:16621 [sender.py:_save_file():1375] saving file wandb-summary.json with policy end
2023-09-30 18:22:48,207 INFO    Thread-40 :16621 [dir_watcher.py:_on_file_modified():288] file/dir modified: /Users/leo/Programming/PLR/wandb/run-20230930_182226-zdkdty5y/files/wandb-summary.json
2023-09-30 18:22:48,294 DEBUG   HandlerThread:16621 [handler.py:handle_request():144] handle_request: status_report
2023-09-30 18:22:49,221 INFO    Thread-40 :16621 [dir_watcher.py:_on_file_modified():288] file/dir modified: /Users/leo/Programming/PLR/wandb/run-20230930_182226-zdkdty5y/files/output.log
2023-09-30 18:22:51,231 INFO    Thread-40 :16621 [dir_watcher.py:_on_file_modified():288] file/dir modified: /Users/leo/Programming/PLR/wandb/run-20230930_182226-zdkdty5y/files/output.log
2023-09-30 18:22:51,929 DEBUG   HandlerThread:16621 [handler.py:handle_request():144] handle_request: partial_history
2023-09-30 18:22:51,930 DEBUG   SenderThread:16621 [sender.py:send():379] send: history
2023-09-30 18:22:51,930 DEBUG   SenderThread:16621 [sender.py:send_request():406] send_request: summary_record
2023-09-30 18:22:51,930 INFO    SenderThread:16621 [sender.py:_save_file():1375] saving file wandb-summary.json with policy end
2023-09-30 18:22:52,237 INFO    Thread-40 :16621 [dir_watcher.py:_on_file_modified():288] file/dir modified: /Users/leo/Programming/PLR/wandb/run-20230930_182226-zdkdty5y/files/wandb-summary.json
2023-09-30 18:22:53,240 INFO    Thread-40 :16621 [dir_watcher.py:_on_file_modified():288] file/dir modified: /Users/leo/Programming/PLR/wandb/run-20230930_182226-zdkdty5y/files/output.log
2023-09-30 18:22:53,493 DEBUG   HandlerThread:16621 [handler.py:handle_request():144] handle_request: status_report
2023-09-30 18:22:55,264 INFO    Thread-40 :16621 [dir_watcher.py:_on_file_modified():288] file/dir modified: /Users/leo/Programming/PLR/wandb/run-20230930_182226-zdkdty5y/files/output.log
2023-09-30 18:22:56,645 DEBUG   HandlerThread:16621 [handler.py:handle_request():144] handle_request: log_artifact
2023-09-30 18:22:56,645 DEBUG   SenderThread:16621 [sender.py:send_request():406] send_request: log_artifact
2023-09-30 18:22:56,657 DEBUG   HandlerThread:16621 [handler.py:handle_request():144] handle_request: partial_history
2023-09-30 18:22:57,265 INFO    Thread-40 :16621 [dir_watcher.py:_on_file_modified():288] file/dir modified: /Users/leo/Programming/PLR/wandb/run-20230930_182226-zdkdty5y/files/output.log
2023-09-30 18:22:57,266 INFO    Thread-40 :16621 [dir_watcher.py:_on_file_created():271] file/dir created: /Users/leo/Programming/PLR/wandb/run-20230930_182226-zdkdty5y/files/media/table/Generations Table_5_83a049a4d9fdc894b0be.table.json
2023-09-30 18:22:57,267 INFO    Thread-40 :16621 [dir_watcher.py:_on_file_created():271] file/dir created: /Users/leo/Programming/PLR/wandb/run-20230930_182226-zdkdty5y/files/media
2023-09-30 18:22:57,267 INFO    Thread-40 :16621 [dir_watcher.py:_on_file_created():271] file/dir created: /Users/leo/Programming/PLR/wandb/run-20230930_182226-zdkdty5y/files/media/table
2023-09-30 18:22:57,668 DEBUG   HandlerThread:16621 [handler.py:handle_request():144] handle_request: poll_exit
2023-09-30 18:22:57,866 INFO    wandb-upload_0:16621 [upload_job.py:push():131] Uploaded file /var/folders/dt/bgs1hq3d2k3dvhpt3llvs4rw0000gn/T/tmpfaqfjbhcwandb/6exaxdiu-media/table/Generations Table_5_83a049a4d9fdc894b0be.table.json
2023-09-30 18:22:58,049 INFO    wandb-upload_1:16621 [upload_job.py:push():89] Uploaded file /Users/leo/Library/Application Support/wandb/artifacts/staging/tmp264d06tj
2023-09-30 18:22:58,753 INFO    SenderThread:16621 [sender.py:send_request_log_artifact():1441] logged artifact run-zdkdty5y-GenerationsTable - {'id': 'QXJ0aWZhY3Q6NTg5OTQ5MjU4', 'state': 'PENDING', 'artifactSequence': {'id': 'QXJ0aWZhY3RDb2xsZWN0aW9uOjEwMjc3ODQwMw==', 'latestArtifact': None}}
2023-09-30 18:22:58,755 DEBUG   HandlerThread:16621 [handler.py:handle_request():144] handle_request: status_report
2023-09-30 18:22:58,928 DEBUG   SenderThread:16621 [sender.py:send():379] send: files
2023-09-30 18:22:58,928 INFO    SenderThread:16621 [sender.py:_save_file():1375] saving file media/table/Generations Table_5_83a049a4d9fdc894b0be.table.json with policy now
2023-09-30 18:22:58,929 DEBUG   SenderThread:16621 [sender.py:send():379] send: history
2023-09-30 18:22:58,929 DEBUG   SenderThread:16621 [sender.py:send_request():406] send_request: summary_record
2023-09-30 18:22:58,929 INFO    SenderThread:16621 [sender.py:_save_file():1375] saving file wandb-summary.json with policy end
2023-09-30 18:22:58,929 DEBUG   SenderThread:16621 [sender.py:send():379] send: telemetry
2023-09-30 18:22:58,929 DEBUG   SenderThread:16621 [sender.py:send():379] send: exit
2023-09-30 18:22:58,929 INFO    SenderThread:16621 [sender.py:send_exit():584] handling exit code: 0
2023-09-30 18:22:58,929 INFO    SenderThread:16621 [sender.py:send_exit():586] handling runtime: 28
2023-09-30 18:22:58,930 INFO    SenderThread:16621 [sender.py:_save_file():1375] saving file wandb-summary.json with policy end
2023-09-30 18:22:58,930 INFO    SenderThread:16621 [sender.py:send_exit():592] send defer
2023-09-30 18:22:58,930 DEBUG   SenderThread:16621 [sender.py:send_request():406] send_request: poll_exit
2023-09-30 18:22:58,930 DEBUG   HandlerThread:16621 [handler.py:handle_request():144] handle_request: defer
2023-09-30 18:22:58,930 INFO    HandlerThread:16621 [handler.py:handle_request_defer():170] handle defer: 0
2023-09-30 18:22:58,930 DEBUG   SenderThread:16621 [sender.py:send_request():406] send_request: defer
2023-09-30 18:22:58,930 INFO    SenderThread:16621 [sender.py:send_request_defer():608] handle sender defer: 0
2023-09-30 18:22:58,930 INFO    SenderThread:16621 [sender.py:transition_state():612] send defer: 1
2023-09-30 18:22:58,930 DEBUG   HandlerThread:16621 [handler.py:handle_request():144] handle_request: defer
2023-09-30 18:22:58,931 INFO    HandlerThread:16621 [handler.py:handle_request_defer():170] handle defer: 1
2023-09-30 18:22:58,931 DEBUG   SenderThread:16621 [sender.py:send_request():406] send_request: defer
2023-09-30 18:22:58,931 INFO    SenderThread:16621 [sender.py:send_request_defer():608] handle sender defer: 1
2023-09-30 18:22:58,932 INFO    SenderThread:16621 [sender.py:transition_state():612] send defer: 2
2023-09-30 18:22:58,932 DEBUG   HandlerThread:16621 [handler.py:handle_request():144] handle_request: defer
2023-09-30 18:22:58,932 INFO    HandlerThread:16621 [handler.py:handle_request_defer():170] handle defer: 2
2023-09-30 18:22:58,932 INFO    HandlerThread:16621 [system_monitor.py:finish():190] Stopping system monitor
2023-09-30 18:22:58,932 INFO    HandlerThread:16621 [interfaces.py:finish():202] Joined cpu monitor
2023-09-30 18:22:58,932 DEBUG   SystemMonitor:16621 [system_monitor.py:_start():159] Starting system metrics aggregation loop
2023-09-30 18:22:58,932 INFO    HandlerThread:16621 [interfaces.py:finish():202] Joined disk monitor
2023-09-30 18:22:58,932 DEBUG   SystemMonitor:16621 [system_monitor.py:_start():166] Finished system metrics aggregation loop
2023-09-30 18:22:58,932 DEBUG   SystemMonitor:16621 [system_monitor.py:_start():170] Publishing last batch of metrics
2023-09-30 18:22:59,015 INFO    HandlerThread:16621 [interfaces.py:finish():202] Joined gpuapple monitor
2023-09-30 18:22:59,015 INFO    HandlerThread:16621 [interfaces.py:finish():202] Joined memory monitor
2023-09-30 18:22:59,015 INFO    HandlerThread:16621 [interfaces.py:finish():202] Joined network monitor
2023-09-30 18:22:59,015 DEBUG   SenderThread:16621 [sender.py:send_request():406] send_request: defer
2023-09-30 18:22:59,015 INFO    SenderThread:16621 [sender.py:send_request_defer():608] handle sender defer: 2
2023-09-30 18:22:59,015 INFO    SenderThread:16621 [sender.py:transition_state():612] send defer: 3
2023-09-30 18:22:59,015 DEBUG   SenderThread:16621 [sender.py:send():379] send: telemetry
2023-09-30 18:22:59,015 DEBUG   SenderThread:16621 [sender.py:send():379] send: stats
2023-09-30 18:22:59,015 DEBUG   HandlerThread:16621 [handler.py:handle_request():144] handle_request: defer
2023-09-30 18:22:59,016 INFO    HandlerThread:16621 [handler.py:handle_request_defer():170] handle defer: 3
2023-09-30 18:22:59,016 DEBUG   SenderThread:16621 [sender.py:send_request():406] send_request: defer
2023-09-30 18:22:59,016 INFO    SenderThread:16621 [sender.py:send_request_defer():608] handle sender defer: 3
2023-09-30 18:22:59,016 INFO    SenderThread:16621 [sender.py:transition_state():612] send defer: 4
2023-09-30 18:22:59,016 DEBUG   HandlerThread:16621 [handler.py:handle_request():144] handle_request: defer
2023-09-30 18:22:59,016 INFO    HandlerThread:16621 [handler.py:handle_request_defer():170] handle defer: 4
2023-09-30 18:22:59,016 DEBUG   SenderThread:16621 [sender.py:send_request():406] send_request: defer
2023-09-30 18:22:59,016 INFO    SenderThread:16621 [sender.py:send_request_defer():608] handle sender defer: 4
2023-09-30 18:22:59,016 INFO    SenderThread:16621 [sender.py:transition_state():612] send defer: 5
2023-09-30 18:22:59,016 DEBUG   HandlerThread:16621 [handler.py:handle_request():144] handle_request: defer
2023-09-30 18:22:59,016 INFO    HandlerThread:16621 [handler.py:handle_request_defer():170] handle defer: 5
2023-09-30 18:22:59,016 DEBUG   SenderThread:16621 [sender.py:send():379] send: summary
2023-09-30 18:22:59,016 INFO    SenderThread:16621 [sender.py:_save_file():1375] saving file wandb-summary.json with policy end
2023-09-30 18:22:59,016 DEBUG   SenderThread:16621 [sender.py:send_request():406] send_request: defer
2023-09-30 18:22:59,016 INFO    SenderThread:16621 [sender.py:send_request_defer():608] handle sender defer: 5
2023-09-30 18:22:59,016 INFO    SenderThread:16621 [sender.py:transition_state():612] send defer: 6
2023-09-30 18:22:59,016 DEBUG   HandlerThread:16621 [handler.py:handle_request():144] handle_request: defer
2023-09-30 18:22:59,016 INFO    HandlerThread:16621 [handler.py:handle_request_defer():170] handle defer: 6
2023-09-30 18:22:59,016 DEBUG   SenderThread:16621 [sender.py:send_request():406] send_request: defer
2023-09-30 18:22:59,016 INFO    SenderThread:16621 [sender.py:send_request_defer():608] handle sender defer: 6
2023-09-30 18:22:59,017 DEBUG   HandlerThread:16621 [handler.py:handle_request():144] handle_request: status_report
2023-09-30 18:22:59,275 INFO    Thread-40 :16621 [dir_watcher.py:_on_file_modified():288] file/dir modified: /Users/leo/Programming/PLR/wandb/run-20230930_182226-zdkdty5y/files/config.yaml
2023-09-30 18:22:59,276 INFO    SenderThread:16621 [sender.py:transition_state():612] send defer: 7
2023-09-30 18:22:59,276 INFO    Thread-40 :16621 [dir_watcher.py:_on_file_modified():288] file/dir modified: /Users/leo/Programming/PLR/wandb/run-20230930_182226-zdkdty5y/files/wandb-summary.json
2023-09-30 18:22:59,276 DEBUG   HandlerThread:16621 [handler.py:handle_request():144] handle_request: defer
2023-09-30 18:22:59,276 INFO    HandlerThread:16621 [handler.py:handle_request_defer():170] handle defer: 7
2023-09-30 18:22:59,277 DEBUG   SenderThread:16621 [sender.py:send_request():406] send_request: defer
2023-09-30 18:22:59,277 INFO    SenderThread:16621 [sender.py:send_request_defer():608] handle sender defer: 7
2023-09-30 18:22:59,437 INFO    wandb-upload_0:16621 [upload_job.py:push():131] Uploaded file /var/folders/dt/bgs1hq3d2k3dvhpt3llvs4rw0000gn/T/tmpfaqfjbhcwandb/h3efe5h2-media/table/Generations Table_5_83a049a4d9fdc894b0be.table.json
2023-09-30 18:23:00,279 INFO    Thread-40 :16621 [dir_watcher.py:_on_file_modified():288] file/dir modified: /Users/leo/Programming/PLR/wandb/run-20230930_182226-zdkdty5y/files/config.yaml
2023-09-30 18:23:00,605 INFO    SenderThread:16621 [sender.py:transition_state():612] send defer: 8
2023-09-30 18:23:00,606 DEBUG   HandlerThread:16621 [handler.py:handle_request():144] handle_request: defer
2023-09-30 18:23:00,606 INFO    HandlerThread:16621 [handler.py:handle_request_defer():170] handle defer: 8
2023-09-30 18:23:00,606 DEBUG   SenderThread:16621 [sender.py:send_request():406] send_request: defer
2023-09-30 18:23:00,606 INFO    SenderThread:16621 [sender.py:send_request_defer():608] handle sender defer: 8
2023-09-30 18:23:00,606 INFO    SenderThread:16621 [job_builder.py:build():281] Attempting to build job artifact
2023-09-30 18:23:00,607 INFO    SenderThread:16621 [job_builder.py:_get_source_type():393] is repo sourced job
2023-09-30 18:23:00,608 INFO    SenderThread:16621 [job_builder.py:build():369] adding wandb-job metadata file
2023-09-30 18:23:00,613 INFO    SenderThread:16621 [sender.py:transition_state():612] send defer: 9
2023-09-30 18:23:00,614 DEBUG   HandlerThread:16621 [handler.py:handle_request():144] handle_request: defer
2023-09-30 18:23:00,614 INFO    HandlerThread:16621 [handler.py:handle_request_defer():170] handle defer: 9
2023-09-30 18:23:00,614 DEBUG   SenderThread:16621 [sender.py:send():379] send: artifact
2023-09-30 18:23:01,284 INFO    Thread-40 :16621 [dir_watcher.py:_on_file_modified():288] file/dir modified: /Users/leo/Programming/PLR/wandb/run-20230930_182226-zdkdty5y/files/output.log
2023-09-30 18:23:01,526 INFO    wandb-upload_1:16621 [upload_job.py:push():86] Skipped uploading /Users/leo/Library/Application Support/wandb/artifacts/staging/tmp6ldz_veg
2023-09-30 18:23:01,798 INFO    wandb-upload_0:16621 [upload_job.py:push():89] Uploaded file /Users/leo/Library/Application Support/wandb/artifacts/staging/tmpx6aikap2
2023-09-30 18:23:02,678 DEBUG   HandlerThread:16621 [handler.py:handle_request():144] handle_request: keepalive
2023-09-30 18:23:03,109 INFO    SenderThread:16621 [sender.py:send_artifact():1453] sent artifact job-https___github.com_leothesouthafrican_PLR.git_Leo_gen_algo_opt_folder_genetic_algorithm.py - {'id': 'QXJ0aWZhY3Q6NTg5OTQ5MzA0', 'state': 'PENDING', 'artifactSequence': {'id': 'QXJ0aWZhY3RDb2xsZWN0aW9uOjEwMjY3Mjc5OA==', 'latestArtifact': {'id': 'QXJ0aWZhY3Q6NTg5OTQ4Nzg4', 'versionIndex': 10}}}
2023-09-30 18:23:03,109 DEBUG   SenderThread:16621 [sender.py:send_request():406] send_request: defer
2023-09-30 18:23:03,109 INFO    SenderThread:16621 [sender.py:send_request_defer():608] handle sender defer: 9
2023-09-30 18:23:03,109 INFO    SenderThread:16621 [dir_watcher.py:finish():358] shutting down directory watcher
2023-09-30 18:23:03,301 INFO    SenderThread:16621 [dir_watcher.py:finish():388] scan: /Users/leo/Programming/PLR/wandb/run-20230930_182226-zdkdty5y/files
2023-09-30 18:23:03,301 INFO    SenderThread:16621 [dir_watcher.py:finish():402] scan save: /Users/leo/Programming/PLR/wandb/run-20230930_182226-zdkdty5y/files/requirements.txt requirements.txt
2023-09-30 18:23:03,301 INFO    SenderThread:16621 [dir_watcher.py:finish():402] scan save: /Users/leo/Programming/PLR/wandb/run-20230930_182226-zdkdty5y/files/output.log output.log
2023-09-30 18:23:03,302 INFO    SenderThread:16621 [dir_watcher.py:finish():402] scan save: /Users/leo/Programming/PLR/wandb/run-20230930_182226-zdkdty5y/files/config.yaml config.yaml
2023-09-30 18:23:03,304 INFO    SenderThread:16621 [dir_watcher.py:finish():402] scan save: /Users/leo/Programming/PLR/wandb/run-20230930_182226-zdkdty5y/files/wandb-summary.json wandb-summary.json
2023-09-30 18:23:03,307 INFO    SenderThread:16621 [dir_watcher.py:finish():402] scan save: /Users/leo/Programming/PLR/wandb/run-20230930_182226-zdkdty5y/files/wandb-metadata.json wandb-metadata.json
2023-09-30 18:23:03,310 INFO    SenderThread:16621 [dir_watcher.py:finish():402] scan save: /Users/leo/Programming/PLR/wandb/run-20230930_182226-zdkdty5y/files/media/table/Generations Table_5_83a049a4d9fdc894b0be.table.json media/table/Generations Table_5_83a049a4d9fdc894b0be.table.json
2023-09-30 18:23:03,310 INFO    SenderThread:16621 [sender.py:transition_state():612] send defer: 10
2023-09-30 18:23:03,311 DEBUG   HandlerThread:16621 [handler.py:handle_request():144] handle_request: defer
2023-09-30 18:23:03,311 INFO    HandlerThread:16621 [handler.py:handle_request_defer():170] handle defer: 10
2023-09-30 18:23:03,312 DEBUG   SenderThread:16621 [sender.py:send_request():406] send_request: defer
2023-09-30 18:23:03,312 INFO    SenderThread:16621 [sender.py:send_request_defer():608] handle sender defer: 10
2023-09-30 18:23:03,312 INFO    SenderThread:16621 [file_pusher.py:finish():175] shutting down file pusher
2023-09-30 18:23:03,686 INFO    wandb-upload_0:16621 [upload_job.py:push():131] Uploaded file /Users/leo/Programming/PLR/wandb/run-20230930_182226-zdkdty5y/files/output.log
2023-09-30 18:23:03,726 INFO    wandb-upload_2:16621 [upload_job.py:push():131] Uploaded file /Users/leo/Programming/PLR/wandb/run-20230930_182226-zdkdty5y/files/config.yaml
2023-09-30 18:23:03,812 INFO    wandb-upload_3:16621 [upload_job.py:push():131] Uploaded file /Users/leo/Programming/PLR/wandb/run-20230930_182226-zdkdty5y/files/wandb-summary.json
2023-09-30 18:23:03,813 INFO    wandb-upload_1:16621 [upload_job.py:push():131] Uploaded file /Users/leo/Programming/PLR/wandb/run-20230930_182226-zdkdty5y/files/requirements.txt
2023-09-30 18:23:04,014 INFO    Thread-39 (_thread_body):16621 [sender.py:transition_state():612] send defer: 11
2023-09-30 18:23:04,015 DEBUG   HandlerThread:16621 [handler.py:handle_request():144] handle_request: defer
2023-09-30 18:23:04,015 INFO    HandlerThread:16621 [handler.py:handle_request_defer():170] handle defer: 11
2023-09-30 18:23:04,015 DEBUG   SenderThread:16621 [sender.py:send_request():406] send_request: defer
2023-09-30 18:23:04,015 INFO    SenderThread:16621 [sender.py:send_request_defer():608] handle sender defer: 11
2023-09-30 18:23:04,016 INFO    SenderThread:16621 [file_pusher.py:join():181] waiting for file pusher
2023-09-30 18:23:04,016 INFO    SenderThread:16621 [sender.py:transition_state():612] send defer: 12
2023-09-30 18:23:04,016 DEBUG   HandlerThread:16621 [handler.py:handle_request():144] handle_request: defer
2023-09-30 18:23:04,016 INFO    HandlerThread:16621 [handler.py:handle_request_defer():170] handle defer: 12
2023-09-30 18:23:04,016 DEBUG   SenderThread:16621 [sender.py:send_request():406] send_request: defer
2023-09-30 18:23:04,016 INFO    SenderThread:16621 [sender.py:send_request_defer():608] handle sender defer: 12
2023-09-30 18:23:04,016 INFO    SenderThread:16621 [file_stream.py:finish():594] file stream finish called
2023-09-30 18:23:04,180 INFO    SenderThread:16621 [file_stream.py:finish():598] file stream finish is done
2023-09-30 18:23:04,181 INFO    SenderThread:16621 [sender.py:transition_state():612] send defer: 13
2023-09-30 18:23:04,181 DEBUG   HandlerThread:16621 [handler.py:handle_request():144] handle_request: defer
2023-09-30 18:23:04,181 INFO    HandlerThread:16621 [handler.py:handle_request_defer():170] handle defer: 13
2023-09-30 18:23:04,182 DEBUG   SenderThread:16621 [sender.py:send_request():406] send_request: defer
2023-09-30 18:23:04,182 INFO    SenderThread:16621 [sender.py:send_request_defer():608] handle sender defer: 13
2023-09-30 18:23:04,182 INFO    SenderThread:16621 [sender.py:transition_state():612] send defer: 14
2023-09-30 18:23:04,182 DEBUG   HandlerThread:16621 [handler.py:handle_request():144] handle_request: defer
2023-09-30 18:23:04,183 INFO    HandlerThread:16621 [handler.py:handle_request_defer():170] handle defer: 14
2023-09-30 18:23:04,183 DEBUG   SenderThread:16621 [sender.py:send():379] send: final
2023-09-30 18:23:04,183 DEBUG   SenderThread:16621 [sender.py:send():379] send: footer
2023-09-30 18:23:04,183 DEBUG   SenderThread:16621 [sender.py:send_request():406] send_request: defer
2023-09-30 18:23:04,183 INFO    SenderThread:16621 [sender.py:send_request_defer():608] handle sender defer: 14
2023-09-30 18:23:04,184 DEBUG   HandlerThread:16621 [handler.py:handle_request():144] handle_request: internal_messages
2023-09-30 18:23:04,185 DEBUG   HandlerThread:16621 [handler.py:handle_request():144] handle_request: poll_exit
2023-09-30 18:23:04,185 DEBUG   HandlerThread:16621 [handler.py:handle_request():144] handle_request: server_info
2023-09-30 18:23:04,186 DEBUG   HandlerThread:16621 [handler.py:handle_request():144] handle_request: get_summary
2023-09-30 18:23:04,186 DEBUG   SenderThread:16621 [sender.py:send_request():406] send_request: poll_exit
2023-09-30 18:23:04,186 DEBUG   HandlerThread:16621 [handler.py:handle_request():144] handle_request: sampled_history
2023-09-30 18:23:04,187 DEBUG   SenderThread:16621 [sender.py:send_request():406] send_request: server_info
2023-09-30 18:23:04,187 DEBUG   HandlerThread:16621 [handler.py:handle_request():144] handle_request: job_info
2023-09-30 18:23:04,336 DEBUG   SenderThread:16621 [sender.py:send_request():406] send_request: job_info
2023-09-30 18:23:04,339 DEBUG   HandlerThread:16621 [handler.py:handle_request():144] handle_request: shutdown
2023-09-30 18:23:04,339 INFO    HandlerThread:16621 [handler.py:finish():840] shutting down handler
2023-09-30 18:23:05,194 INFO    WriterThread:16621 [datastore.py:close():294] close: /Users/leo/Programming/PLR/wandb/run-20230930_182226-zdkdty5y/run-zdkdty5y.wandb
2023-09-30 18:23:05,342 INFO    SenderThread:16621 [sender.py:finish():1531] shutting down sender
2023-09-30 18:23:05,342 INFO    SenderThread:16621 [file_pusher.py:finish():175] shutting down file pusher
2023-09-30 18:23:05,342 INFO    SenderThread:16621 [file_pusher.py:join():181] waiting for file pusher
