2023-09-30 18:42:24,481 INFO    StreamThr :17505 [internal.py:wandb_internal():86] W&B internal server running at pid: 17505, started at: 2023-09-30 18:42:24.480520
2023-09-30 18:42:24,482 DEBUG   HandlerThread:17505 [handler.py:handle_request():144] handle_request: status
2023-09-30 18:42:24,486 INFO    WriterThread:17505 [datastore.py:open_for_write():85] open: /Users/leo/Programming/PLR/wandb/run-20230930_184224-7palh9lj/run-7palh9lj.wandb
2023-09-30 18:42:24,486 DEBUG   SenderThread:17505 [sender.py:send():379] send: header
2023-09-30 18:42:24,505 DEBUG   SenderThread:17505 [sender.py:send():379] send: run
2023-09-30 18:42:24,854 INFO    SenderThread:17505 [dir_watcher.py:__init__():211] watching files in: /Users/leo/Programming/PLR/wandb/run-20230930_184224-7palh9lj/files
2023-09-30 18:42:24,854 INFO    SenderThread:17505 [sender.py:_start_run_threads():1121] run started: 7palh9lj with start time 1696095744.481846
2023-09-30 18:42:24,858 DEBUG   HandlerThread:17505 [handler.py:handle_request():144] handle_request: check_version
2023-09-30 18:42:24,859 DEBUG   SenderThread:17505 [sender.py:send_request():406] send_request: check_version
2023-09-30 18:42:25,014 DEBUG   HandlerThread:17505 [handler.py:handle_request():144] handle_request: run_start
2023-09-30 18:42:25,025 DEBUG   HandlerThread:17505 [system_info.py:__init__():32] System info init
2023-09-30 18:42:25,025 DEBUG   HandlerThread:17505 [system_info.py:__init__():47] System info init done
2023-09-30 18:42:25,025 INFO    HandlerThread:17505 [system_monitor.py:start():181] Starting system monitor
2023-09-30 18:42:25,025 INFO    SystemMonitor:17505 [system_monitor.py:_start():145] Starting system asset monitoring threads
2023-09-30 18:42:25,025 INFO    HandlerThread:17505 [system_monitor.py:probe():201] Collecting system info
2023-09-30 18:42:25,026 INFO    SystemMonitor:17505 [interfaces.py:start():190] Started cpu monitoring
2023-09-30 18:42:25,026 INFO    SystemMonitor:17505 [interfaces.py:start():190] Started disk monitoring
2023-09-30 18:42:25,030 DEBUG   HandlerThread:17505 [system_info.py:probe():196] Probing system
2023-09-30 18:42:25,030 INFO    SystemMonitor:17505 [interfaces.py:start():190] Started gpuapple monitoring
2023-09-30 18:42:25,031 INFO    SystemMonitor:17505 [interfaces.py:start():190] Started memory monitoring
2023-09-30 18:42:25,032 INFO    SystemMonitor:17505 [interfaces.py:start():190] Started network monitoring
2023-09-30 18:42:25,035 DEBUG   HandlerThread:17505 [system_info.py:_probe_git():181] Probing git
2023-09-30 18:42:25,048 DEBUG   HandlerThread:17505 [system_info.py:_probe_git():189] Probing git done
2023-09-30 18:42:25,048 DEBUG   HandlerThread:17505 [system_info.py:probe():244] Probing system done
2023-09-30 18:42:25,048 DEBUG   HandlerThread:17505 [system_monitor.py:probe():210] {'os': 'macOS-14.0-arm64-arm-64bit', 'python': '3.11.4', 'heartbeatAt': '2023-09-30T17:42:25.030422', 'startedAt': '2023-09-30T17:42:24.472452', 'docker': None, 'cuda': None, 'args': (), 'state': 'running', 'program': '/Users/leo/Programming/PLR/Leo/gen_algo_opt_folder/genetic_algorithm.py', 'codePathLocal': 'Leo/gen_algo_opt_folder/genetic_algorithm.py', 'codePath': 'Leo/gen_algo_opt_folder/genetic_algorithm.py', 'git': {'remote': 'https://github.com/leothesouthafrican/PLR.git', 'commit': '5fd3a4eb908a10330b25120a123e86d552235212'}, 'email': '38779415+leothesouthafrican@users.noreply.github.com', 'root': '/Users/leo/Programming/PLR', 'host': 'Leos-MacBook-Pro.local', 'username': 'leo', 'executable': '/Users/leo/Programming/PLR/Leo/env/bin/python3', 'cpu_count': 10, 'cpu_count_logical': 10, 'disk': {'/': {'total': 855.9619140625, 'used': 12.108589172363281}}, 'gpuapple': {'type': 'arm', 'vendor': 'Apple'}, 'memory': {'total': 32.0}}
2023-09-30 18:42:25,048 INFO    HandlerThread:17505 [system_monitor.py:probe():211] Finished collecting system info
2023-09-30 18:42:25,048 INFO    HandlerThread:17505 [system_monitor.py:probe():214] Publishing system info
2023-09-30 18:42:25,048 DEBUG   HandlerThread:17505 [system_info.py:_save_pip():52] Saving list of pip packages installed into the current environment
2023-09-30 18:42:25,049 DEBUG   HandlerThread:17505 [system_info.py:_save_pip():68] Saving pip packages done
2023-09-30 18:42:25,049 INFO    HandlerThread:17505 [system_monitor.py:probe():216] Finished publishing system info
2023-09-30 18:42:25,051 DEBUG   SenderThread:17505 [sender.py:send():379] send: files
2023-09-30 18:42:25,051 INFO    SenderThread:17505 [sender.py:_save_file():1375] saving file wandb-metadata.json with policy now
2023-09-30 18:42:25,054 DEBUG   HandlerThread:17505 [handler.py:handle_request():144] handle_request: stop_status
2023-09-30 18:42:25,054 DEBUG   SenderThread:17505 [sender.py:send_request():406] send_request: stop_status
2023-09-30 18:42:25,055 DEBUG   HandlerThread:17505 [handler.py:handle_request():144] handle_request: internal_messages
2023-09-30 18:42:25,260 DEBUG   SenderThread:17505 [sender.py:send():379] send: telemetry
2023-09-30 18:42:25,261 DEBUG   SenderThread:17505 [sender.py:send():379] send: config
2023-09-30 18:42:25,643 INFO    wandb-upload_0:17505 [upload_job.py:push():131] Uploaded file /var/folders/dt/bgs1hq3d2k3dvhpt3llvs4rw0000gn/T/tmpu2yqh_sjwandb/8bq5h6vd-wandb-metadata.json
2023-09-30 18:42:25,861 INFO    Thread-12 :17505 [dir_watcher.py:_on_file_created():271] file/dir created: /Users/leo/Programming/PLR/wandb/run-20230930_184224-7palh9lj/files/requirements.txt
2023-09-30 18:42:25,861 INFO    Thread-12 :17505 [dir_watcher.py:_on_file_created():271] file/dir created: /Users/leo/Programming/PLR/wandb/run-20230930_184224-7palh9lj/files/wandb-metadata.json
2023-09-30 18:42:25,861 INFO    Thread-12 :17505 [dir_watcher.py:_on_file_created():271] file/dir created: /Users/leo/Programming/PLR/wandb/run-20230930_184224-7palh9lj/files/output.log
2023-09-30 18:42:27,871 INFO    Thread-12 :17505 [dir_watcher.py:_on_file_modified():288] file/dir modified: /Users/leo/Programming/PLR/wandb/run-20230930_184224-7palh9lj/files/output.log
2023-09-30 18:42:29,888 INFO    Thread-12 :17505 [dir_watcher.py:_on_file_modified():288] file/dir modified: /Users/leo/Programming/PLR/wandb/run-20230930_184224-7palh9lj/files/output.log
2023-09-30 18:42:30,382 DEBUG   HandlerThread:17505 [handler.py:handle_request():144] handle_request: status_report
2023-09-30 18:42:31,895 INFO    Thread-12 :17505 [dir_watcher.py:_on_file_modified():288] file/dir modified: /Users/leo/Programming/PLR/wandb/run-20230930_184224-7palh9lj/files/output.log
2023-09-30 18:42:33,904 INFO    Thread-12 :17505 [dir_watcher.py:_on_file_modified():288] file/dir modified: /Users/leo/Programming/PLR/wandb/run-20230930_184224-7palh9lj/files/output.log
2023-09-30 18:42:35,616 DEBUG   HandlerThread:17505 [handler.py:handle_request():144] handle_request: status_report
2023-09-30 18:42:35,915 INFO    Thread-12 :17505 [dir_watcher.py:_on_file_modified():288] file/dir modified: /Users/leo/Programming/PLR/wandb/run-20230930_184224-7palh9lj/files/output.log
2023-09-30 18:42:37,921 INFO    Thread-12 :17505 [dir_watcher.py:_on_file_modified():288] file/dir modified: /Users/leo/Programming/PLR/wandb/run-20230930_184224-7palh9lj/files/output.log
2023-09-30 18:42:39,927 INFO    Thread-12 :17505 [dir_watcher.py:_on_file_modified():288] file/dir modified: /Users/leo/Programming/PLR/wandb/run-20230930_184224-7palh9lj/files/output.log
2023-09-30 18:42:40,056 DEBUG   HandlerThread:17505 [handler.py:handle_request():144] handle_request: stop_status
2023-09-30 18:42:40,059 DEBUG   SenderThread:17505 [sender.py:send_request():406] send_request: stop_status
2023-09-30 18:42:40,065 DEBUG   HandlerThread:17505 [handler.py:handle_request():144] handle_request: internal_messages
2023-09-30 18:42:40,817 DEBUG   HandlerThread:17505 [handler.py:handle_request():144] handle_request: status_report
2023-09-30 18:42:41,938 INFO    Thread-12 :17505 [dir_watcher.py:_on_file_modified():288] file/dir modified: /Users/leo/Programming/PLR/wandb/run-20230930_184224-7palh9lj/files/output.log
2023-09-30 18:42:43,942 INFO    Thread-12 :17505 [dir_watcher.py:_on_file_modified():288] file/dir modified: /Users/leo/Programming/PLR/wandb/run-20230930_184224-7palh9lj/files/output.log
2023-09-30 18:42:44,713 DEBUG   HandlerThread:17505 [handler.py:handle_request():144] handle_request: partial_history
2023-09-30 18:42:44,714 DEBUG   SenderThread:17505 [sender.py:send():379] send: history
2023-09-30 18:42:44,714 DEBUG   SenderThread:17505 [sender.py:send_request():406] send_request: summary_record
2023-09-30 18:42:44,714 INFO    SenderThread:17505 [sender.py:_save_file():1375] saving file wandb-summary.json with policy end
2023-09-30 18:42:44,947 INFO    Thread-12 :17505 [dir_watcher.py:_on_file_created():271] file/dir created: /Users/leo/Programming/PLR/wandb/run-20230930_184224-7palh9lj/files/wandb-summary.json
2023-09-30 18:42:45,956 INFO    Thread-12 :17505 [dir_watcher.py:_on_file_modified():288] file/dir modified: /Users/leo/Programming/PLR/wandb/run-20230930_184224-7palh9lj/files/output.log
2023-09-30 18:42:46,625 DEBUG   HandlerThread:17505 [handler.py:handle_request():144] handle_request: status_report
2023-09-30 18:42:47,969 INFO    Thread-12 :17505 [dir_watcher.py:_on_file_modified():288] file/dir modified: /Users/leo/Programming/PLR/wandb/run-20230930_184224-7palh9lj/files/output.log
2023-09-30 18:42:49,977 INFO    Thread-12 :17505 [dir_watcher.py:_on_file_modified():288] file/dir modified: /Users/leo/Programming/PLR/wandb/run-20230930_184224-7palh9lj/files/output.log
2023-09-30 18:42:51,767 DEBUG   HandlerThread:17505 [handler.py:handle_request():144] handle_request: status_report
2023-09-30 18:42:51,983 INFO    Thread-12 :17505 [dir_watcher.py:_on_file_modified():288] file/dir modified: /Users/leo/Programming/PLR/wandb/run-20230930_184224-7palh9lj/files/output.log
2023-09-30 18:42:53,989 INFO    Thread-12 :17505 [dir_watcher.py:_on_file_modified():288] file/dir modified: /Users/leo/Programming/PLR/wandb/run-20230930_184224-7palh9lj/files/output.log
2023-09-30 18:42:55,073 DEBUG   HandlerThread:17505 [handler.py:handle_request():144] handle_request: stop_status
2023-09-30 18:42:55,077 DEBUG   HandlerThread:17505 [handler.py:handle_request():144] handle_request: internal_messages
2023-09-30 18:42:55,078 DEBUG   SenderThread:17505 [sender.py:send_request():406] send_request: stop_status
2023-09-30 18:42:56,006 INFO    Thread-12 :17505 [dir_watcher.py:_on_file_modified():288] file/dir modified: /Users/leo/Programming/PLR/wandb/run-20230930_184224-7palh9lj/files/output.log
2023-09-30 18:42:57,627 DEBUG   HandlerThread:17505 [handler.py:handle_request():144] handle_request: status_report
2023-09-30 18:42:58,014 INFO    Thread-12 :17505 [dir_watcher.py:_on_file_modified():288] file/dir modified: /Users/leo/Programming/PLR/wandb/run-20230930_184224-7palh9lj/files/output.log
2023-09-30 18:42:58,015 INFO    Thread-12 :17505 [dir_watcher.py:_on_file_modified():288] file/dir modified: /Users/leo/Programming/PLR/wandb/run-20230930_184224-7palh9lj/files/config.yaml
2023-09-30 18:43:00,033 INFO    Thread-12 :17505 [dir_watcher.py:_on_file_modified():288] file/dir modified: /Users/leo/Programming/PLR/wandb/run-20230930_184224-7palh9lj/files/output.log
2023-09-30 18:43:02,038 INFO    Thread-12 :17505 [dir_watcher.py:_on_file_modified():288] file/dir modified: /Users/leo/Programming/PLR/wandb/run-20230930_184224-7palh9lj/files/output.log
2023-09-30 18:43:03,512 DEBUG   HandlerThread:17505 [handler.py:handle_request():144] handle_request: partial_history
2023-09-30 18:43:03,513 DEBUG   SenderThread:17505 [sender.py:send():379] send: history
2023-09-30 18:43:03,513 DEBUG   SenderThread:17505 [sender.py:send_request():406] send_request: summary_record
2023-09-30 18:43:03,513 DEBUG   HandlerThread:17505 [handler.py:handle_request():144] handle_request: status_report
2023-09-30 18:43:03,514 INFO    SenderThread:17505 [sender.py:_save_file():1375] saving file wandb-summary.json with policy end
2023-09-30 18:43:04,053 INFO    Thread-12 :17505 [dir_watcher.py:_on_file_modified():288] file/dir modified: /Users/leo/Programming/PLR/wandb/run-20230930_184224-7palh9lj/files/wandb-summary.json
2023-09-30 18:43:04,054 INFO    Thread-12 :17505 [dir_watcher.py:_on_file_modified():288] file/dir modified: /Users/leo/Programming/PLR/wandb/run-20230930_184224-7palh9lj/files/output.log
2023-09-30 18:43:06,064 INFO    Thread-12 :17505 [dir_watcher.py:_on_file_modified():288] file/dir modified: /Users/leo/Programming/PLR/wandb/run-20230930_184224-7palh9lj/files/output.log
2023-09-30 18:43:08,084 INFO    Thread-12 :17505 [dir_watcher.py:_on_file_modified():288] file/dir modified: /Users/leo/Programming/PLR/wandb/run-20230930_184224-7palh9lj/files/output.log
2023-09-30 18:43:09,081 DEBUG   HandlerThread:17505 [handler.py:handle_request():144] handle_request: status_report
2023-09-30 18:43:10,073 DEBUG   HandlerThread:17505 [handler.py:handle_request():144] handle_request: stop_status
2023-09-30 18:43:10,074 DEBUG   SenderThread:17505 [sender.py:send_request():406] send_request: stop_status
2023-09-30 18:43:10,081 DEBUG   HandlerThread:17505 [handler.py:handle_request():144] handle_request: internal_messages
2023-09-30 18:43:10,097 INFO    Thread-12 :17505 [dir_watcher.py:_on_file_modified():288] file/dir modified: /Users/leo/Programming/PLR/wandb/run-20230930_184224-7palh9lj/files/output.log
2023-09-30 18:43:12,105 INFO    Thread-12 :17505 [dir_watcher.py:_on_file_modified():288] file/dir modified: /Users/leo/Programming/PLR/wandb/run-20230930_184224-7palh9lj/files/output.log
2023-09-30 18:43:14,116 INFO    Thread-12 :17505 [dir_watcher.py:_on_file_modified():288] file/dir modified: /Users/leo/Programming/PLR/wandb/run-20230930_184224-7palh9lj/files/output.log
2023-09-30 18:43:14,814 DEBUG   HandlerThread:17505 [handler.py:handle_request():144] handle_request: status_report
2023-09-30 18:43:16,131 INFO    Thread-12 :17505 [dir_watcher.py:_on_file_modified():288] file/dir modified: /Users/leo/Programming/PLR/wandb/run-20230930_184224-7palh9lj/files/output.log
2023-09-30 18:43:18,141 INFO    Thread-12 :17505 [dir_watcher.py:_on_file_modified():288] file/dir modified: /Users/leo/Programming/PLR/wandb/run-20230930_184224-7palh9lj/files/output.log
2023-09-30 18:43:19,994 DEBUG   HandlerThread:17505 [handler.py:handle_request():144] handle_request: status_report
2023-09-30 18:43:20,150 INFO    Thread-12 :17505 [dir_watcher.py:_on_file_modified():288] file/dir modified: /Users/leo/Programming/PLR/wandb/run-20230930_184224-7palh9lj/files/output.log
2023-09-30 18:43:22,157 INFO    Thread-12 :17505 [dir_watcher.py:_on_file_modified():288] file/dir modified: /Users/leo/Programming/PLR/wandb/run-20230930_184224-7palh9lj/files/output.log
2023-09-30 18:43:22,996 DEBUG   HandlerThread:17505 [handler.py:handle_request():144] handle_request: partial_history
2023-09-30 18:43:22,997 DEBUG   SenderThread:17505 [sender.py:send():379] send: history
2023-09-30 18:43:22,997 DEBUG   SenderThread:17505 [sender.py:send_request():406] send_request: summary_record
2023-09-30 18:43:22,997 INFO    SenderThread:17505 [sender.py:_save_file():1375] saving file wandb-summary.json with policy end
2023-09-30 18:43:23,162 INFO    Thread-12 :17505 [dir_watcher.py:_on_file_modified():288] file/dir modified: /Users/leo/Programming/PLR/wandb/run-20230930_184224-7palh9lj/files/wandb-summary.json
2023-09-30 18:43:24,171 INFO    Thread-12 :17505 [dir_watcher.py:_on_file_modified():288] file/dir modified: /Users/leo/Programming/PLR/wandb/run-20230930_184224-7palh9lj/files/output.log
2023-09-30 18:43:25,033 DEBUG   SystemMonitor:17505 [system_monitor.py:_start():159] Starting system metrics aggregation loop
2023-09-30 18:43:25,035 DEBUG   SenderThread:17505 [sender.py:send():379] send: telemetry
2023-09-30 18:43:25,036 DEBUG   HandlerThread:17505 [handler.py:handle_request():144] handle_request: status_report
2023-09-30 18:43:25,036 DEBUG   SenderThread:17505 [sender.py:send():379] send: stats
2023-09-30 18:43:25,073 DEBUG   HandlerThread:17505 [handler.py:handle_request():144] handle_request: stop_status
2023-09-30 18:43:25,073 DEBUG   SenderThread:17505 [sender.py:send_request():406] send_request: stop_status
2023-09-30 18:43:25,082 DEBUG   HandlerThread:17505 [handler.py:handle_request():144] handle_request: internal_messages
2023-09-30 18:43:26,168 INFO    Thread-12 :17505 [dir_watcher.py:_on_file_modified():288] file/dir modified: /Users/leo/Programming/PLR/wandb/run-20230930_184224-7palh9lj/files/output.log
2023-09-30 18:43:28,182 INFO    Thread-12 :17505 [dir_watcher.py:_on_file_modified():288] file/dir modified: /Users/leo/Programming/PLR/wandb/run-20230930_184224-7palh9lj/files/output.log
2023-09-30 18:43:30,175 DEBUG   HandlerThread:17505 [handler.py:handle_request():144] handle_request: status_report
2023-09-30 18:43:30,187 INFO    Thread-12 :17505 [dir_watcher.py:_on_file_modified():288] file/dir modified: /Users/leo/Programming/PLR/wandb/run-20230930_184224-7palh9lj/files/output.log
2023-09-30 18:43:31,192 INFO    Thread-12 :17505 [dir_watcher.py:_on_file_modified():288] file/dir modified: /Users/leo/Programming/PLR/wandb/run-20230930_184224-7palh9lj/files/config.yaml
2023-09-30 18:43:32,273 INFO    Thread-12 :17505 [dir_watcher.py:_on_file_modified():288] file/dir modified: /Users/leo/Programming/PLR/wandb/run-20230930_184224-7palh9lj/files/output.log
2023-09-30 18:43:34,238 INFO    Thread-12 :17505 [dir_watcher.py:_on_file_modified():288] file/dir modified: /Users/leo/Programming/PLR/wandb/run-20230930_184224-7palh9lj/files/output.log
2023-09-30 18:43:36,021 DEBUG   HandlerThread:17505 [handler.py:handle_request():144] handle_request: status_report
2023-09-30 18:43:36,249 INFO    Thread-12 :17505 [dir_watcher.py:_on_file_modified():288] file/dir modified: /Users/leo/Programming/PLR/wandb/run-20230930_184224-7palh9lj/files/output.log
2023-09-30 18:43:38,270 INFO    Thread-12 :17505 [dir_watcher.py:_on_file_modified():288] file/dir modified: /Users/leo/Programming/PLR/wandb/run-20230930_184224-7palh9lj/files/output.log
2023-09-30 18:43:40,083 DEBUG   HandlerThread:17505 [handler.py:handle_request():144] handle_request: stop_status
2023-09-30 18:43:40,087 DEBUG   SenderThread:17505 [sender.py:send_request():406] send_request: stop_status
2023-09-30 18:43:40,088 DEBUG   HandlerThread:17505 [handler.py:handle_request():144] handle_request: internal_messages
2023-09-30 18:43:40,272 INFO    Thread-12 :17505 [dir_watcher.py:_on_file_modified():288] file/dir modified: /Users/leo/Programming/PLR/wandb/run-20230930_184224-7palh9lj/files/output.log
2023-09-30 18:43:41,450 DEBUG   HandlerThread:17505 [handler.py:handle_request():144] handle_request: status_report
2023-09-30 18:43:41,952 DEBUG   HandlerThread:17505 [handler.py:handle_request():144] handle_request: partial_history
2023-09-30 18:43:41,953 DEBUG   SenderThread:17505 [sender.py:send():379] send: history
2023-09-30 18:43:41,953 DEBUG   SenderThread:17505 [sender.py:send_request():406] send_request: summary_record
2023-09-30 18:43:41,954 INFO    SenderThread:17505 [sender.py:_save_file():1375] saving file wandb-summary.json with policy end
2023-09-30 18:43:42,284 INFO    Thread-12 :17505 [dir_watcher.py:_on_file_modified():288] file/dir modified: /Users/leo/Programming/PLR/wandb/run-20230930_184224-7palh9lj/files/wandb-summary.json
2023-09-30 18:43:42,285 INFO    Thread-12 :17505 [dir_watcher.py:_on_file_modified():288] file/dir modified: /Users/leo/Programming/PLR/wandb/run-20230930_184224-7palh9lj/files/output.log
2023-09-30 18:43:44,294 INFO    Thread-12 :17505 [dir_watcher.py:_on_file_modified():288] file/dir modified: /Users/leo/Programming/PLR/wandb/run-20230930_184224-7palh9lj/files/output.log
2023-09-30 18:43:46,347 INFO    Thread-12 :17505 [dir_watcher.py:_on_file_modified():288] file/dir modified: /Users/leo/Programming/PLR/wandb/run-20230930_184224-7palh9lj/files/output.log
2023-09-30 18:43:47,225 DEBUG   HandlerThread:17505 [handler.py:handle_request():144] handle_request: status_report
2023-09-30 18:43:48,366 INFO    Thread-12 :17505 [dir_watcher.py:_on_file_modified():288] file/dir modified: /Users/leo/Programming/PLR/wandb/run-20230930_184224-7palh9lj/files/output.log
2023-09-30 18:43:50,415 INFO    Thread-12 :17505 [dir_watcher.py:_on_file_modified():288] file/dir modified: /Users/leo/Programming/PLR/wandb/run-20230930_184224-7palh9lj/files/output.log
2023-09-30 18:43:52,400 INFO    Thread-12 :17505 [dir_watcher.py:_on_file_modified():288] file/dir modified: /Users/leo/Programming/PLR/wandb/run-20230930_184224-7palh9lj/files/output.log
2023-09-30 18:43:52,528 DEBUG   HandlerThread:17505 [handler.py:handle_request():144] handle_request: status_report
2023-09-30 18:43:54,412 INFO    Thread-12 :17505 [dir_watcher.py:_on_file_modified():288] file/dir modified: /Users/leo/Programming/PLR/wandb/run-20230930_184224-7palh9lj/files/output.log
2023-09-30 18:43:55,037 DEBUG   SenderThread:17505 [sender.py:send():379] send: stats
2023-09-30 18:43:55,086 DEBUG   HandlerThread:17505 [handler.py:handle_request():144] handle_request: stop_status
2023-09-30 18:43:55,086 DEBUG   HandlerThread:17505 [handler.py:handle_request():144] handle_request: internal_messages
2023-09-30 18:43:55,087 DEBUG   SenderThread:17505 [sender.py:send_request():406] send_request: stop_status
2023-09-30 18:43:56,423 INFO    Thread-12 :17505 [dir_watcher.py:_on_file_modified():288] file/dir modified: /Users/leo/Programming/PLR/wandb/run-20230930_184224-7palh9lj/files/output.log
2023-09-30 18:43:57,800 DEBUG   HandlerThread:17505 [handler.py:handle_request():144] handle_request: status_report
2023-09-30 18:43:58,437 INFO    Thread-12 :17505 [dir_watcher.py:_on_file_modified():288] file/dir modified: /Users/leo/Programming/PLR/wandb/run-20230930_184224-7palh9lj/files/output.log
2023-09-30 18:43:59,337 DEBUG   HandlerThread:17505 [handler.py:handle_request():144] handle_request: partial_history
2023-09-30 18:43:59,338 DEBUG   SenderThread:17505 [sender.py:send():379] send: history
2023-09-30 18:43:59,338 DEBUG   SenderThread:17505 [sender.py:send_request():406] send_request: summary_record
2023-09-30 18:43:59,339 INFO    SenderThread:17505 [sender.py:_save_file():1375] saving file wandb-summary.json with policy end
2023-09-30 18:43:59,446 INFO    Thread-12 :17505 [dir_watcher.py:_on_file_modified():288] file/dir modified: /Users/leo/Programming/PLR/wandb/run-20230930_184224-7palh9lj/files/wandb-summary.json
2023-09-30 18:44:00,452 INFO    Thread-12 :17505 [dir_watcher.py:_on_file_modified():288] file/dir modified: /Users/leo/Programming/PLR/wandb/run-20230930_184224-7palh9lj/files/output.log
2023-09-30 18:44:02,477 INFO    Thread-12 :17505 [dir_watcher.py:_on_file_modified():288] file/dir modified: /Users/leo/Programming/PLR/wandb/run-20230930_184224-7palh9lj/files/output.log
2023-09-30 18:44:03,475 DEBUG   HandlerThread:17505 [handler.py:handle_request():144] handle_request: status_report
2023-09-30 18:44:04,489 INFO    Thread-12 :17505 [dir_watcher.py:_on_file_modified():288] file/dir modified: /Users/leo/Programming/PLR/wandb/run-20230930_184224-7palh9lj/files/output.log
2023-09-30 18:44:06,512 INFO    Thread-12 :17505 [dir_watcher.py:_on_file_modified():288] file/dir modified: /Users/leo/Programming/PLR/wandb/run-20230930_184224-7palh9lj/files/output.log
2023-09-30 18:44:08,522 INFO    Thread-12 :17505 [dir_watcher.py:_on_file_modified():288] file/dir modified: /Users/leo/Programming/PLR/wandb/run-20230930_184224-7palh9lj/files/output.log
2023-09-30 18:44:08,713 DEBUG   HandlerThread:17505 [handler.py:handle_request():144] handle_request: status_report
2023-09-30 18:44:10,090 DEBUG   HandlerThread:17505 [handler.py:handle_request():144] handle_request: stop_status
2023-09-30 18:44:10,092 DEBUG   SenderThread:17505 [sender.py:send_request():406] send_request: stop_status
2023-09-30 18:44:10,098 DEBUG   HandlerThread:17505 [handler.py:handle_request():144] handle_request: internal_messages
2023-09-30 18:44:10,540 INFO    Thread-12 :17505 [dir_watcher.py:_on_file_modified():288] file/dir modified: /Users/leo/Programming/PLR/wandb/run-20230930_184224-7palh9lj/files/output.log
2023-09-30 18:44:12,553 INFO    Thread-12 :17505 [dir_watcher.py:_on_file_modified():288] file/dir modified: /Users/leo/Programming/PLR/wandb/run-20230930_184224-7palh9lj/files/output.log
2023-09-30 18:44:13,983 DEBUG   HandlerThread:17505 [handler.py:handle_request():144] handle_request: status_report
2023-09-30 18:44:14,596 INFO    Thread-12 :17505 [dir_watcher.py:_on_file_modified():288] file/dir modified: /Users/leo/Programming/PLR/wandb/run-20230930_184224-7palh9lj/files/output.log
2023-09-30 18:44:16,606 INFO    Thread-12 :17505 [dir_watcher.py:_on_file_modified():288] file/dir modified: /Users/leo/Programming/PLR/wandb/run-20230930_184224-7palh9lj/files/output.log
2023-09-30 18:44:16,639 DEBUG   HandlerThread:17505 [handler.py:handle_request():144] handle_request: partial_history
2023-09-30 18:44:16,640 DEBUG   SenderThread:17505 [sender.py:send():379] send: history
2023-09-30 18:44:16,640 DEBUG   SenderThread:17505 [sender.py:send_request():406] send_request: summary_record
2023-09-30 18:44:16,640 INFO    SenderThread:17505 [sender.py:_save_file():1375] saving file wandb-summary.json with policy end
2023-09-30 18:44:17,609 INFO    Thread-12 :17505 [dir_watcher.py:_on_file_modified():288] file/dir modified: /Users/leo/Programming/PLR/wandb/run-20230930_184224-7palh9lj/files/wandb-summary.json
2023-09-30 18:44:18,614 INFO    Thread-12 :17505 [dir_watcher.py:_on_file_modified():288] file/dir modified: /Users/leo/Programming/PLR/wandb/run-20230930_184224-7palh9lj/files/output.log
2023-09-30 18:44:19,703 DEBUG   HandlerThread:17505 [handler.py:handle_request():144] handle_request: status_report
2023-09-30 18:44:20,631 INFO    Thread-12 :17505 [dir_watcher.py:_on_file_modified():288] file/dir modified: /Users/leo/Programming/PLR/wandb/run-20230930_184224-7palh9lj/files/output.log
2023-09-30 18:44:22,645 INFO    Thread-12 :17505 [dir_watcher.py:_on_file_modified():288] file/dir modified: /Users/leo/Programming/PLR/wandb/run-20230930_184224-7palh9lj/files/output.log
2023-09-30 18:44:24,686 INFO    Thread-12 :17505 [dir_watcher.py:_on_file_modified():288] file/dir modified: /Users/leo/Programming/PLR/wandb/run-20230930_184224-7palh9lj/files/output.log
2023-09-30 18:44:25,050 DEBUG   SenderThread:17505 [sender.py:send():379] send: stats
2023-09-30 18:44:25,051 DEBUG   HandlerThread:17505 [handler.py:handle_request():144] handle_request: status_report
2023-09-30 18:44:25,100 DEBUG   HandlerThread:17505 [handler.py:handle_request():144] handle_request: internal_messages
2023-09-30 18:44:25,100 DEBUG   HandlerThread:17505 [handler.py:handle_request():144] handle_request: stop_status
2023-09-30 18:44:25,106 DEBUG   SenderThread:17505 [sender.py:send_request():406] send_request: stop_status
2023-09-30 18:44:26,710 INFO    Thread-12 :17505 [dir_watcher.py:_on_file_modified():288] file/dir modified: /Users/leo/Programming/PLR/wandb/run-20230930_184224-7palh9lj/files/output.log
2023-09-30 18:44:28,719 INFO    Thread-12 :17505 [dir_watcher.py:_on_file_modified():288] file/dir modified: /Users/leo/Programming/PLR/wandb/run-20230930_184224-7palh9lj/files/output.log
2023-09-30 18:44:30,263 DEBUG   HandlerThread:17505 [handler.py:handle_request():144] handle_request: status_report
2023-09-30 18:44:30,818 INFO    Thread-12 :17505 [dir_watcher.py:_on_file_modified():288] file/dir modified: /Users/leo/Programming/PLR/wandb/run-20230930_184224-7palh9lj/files/output.log
2023-09-30 18:44:32,822 INFO    Thread-12 :17505 [dir_watcher.py:_on_file_modified():288] file/dir modified: /Users/leo/Programming/PLR/wandb/run-20230930_184224-7palh9lj/files/output.log
2023-09-30 18:44:34,105 DEBUG   HandlerThread:17505 [handler.py:handle_request():144] handle_request: partial_history
2023-09-30 18:44:34,107 DEBUG   SenderThread:17505 [sender.py:send():379] send: history
2023-09-30 18:44:34,107 DEBUG   SenderThread:17505 [sender.py:send_request():406] send_request: summary_record
2023-09-30 18:44:34,107 INFO    SenderThread:17505 [sender.py:_save_file():1375] saving file wandb-summary.json with policy end
2023-09-30 18:44:34,831 INFO    Thread-12 :17505 [dir_watcher.py:_on_file_modified():288] file/dir modified: /Users/leo/Programming/PLR/wandb/run-20230930_184224-7palh9lj/files/wandb-summary.json
2023-09-30 18:44:34,833 INFO    Thread-12 :17505 [dir_watcher.py:_on_file_modified():288] file/dir modified: /Users/leo/Programming/PLR/wandb/run-20230930_184224-7palh9lj/files/output.log
2023-09-30 18:44:36,233 DEBUG   HandlerThread:17505 [handler.py:handle_request():144] handle_request: status_report
2023-09-30 18:44:36,845 INFO    Thread-12 :17505 [dir_watcher.py:_on_file_modified():288] file/dir modified: /Users/leo/Programming/PLR/wandb/run-20230930_184224-7palh9lj/files/output.log
2023-09-30 18:44:38,854 INFO    Thread-12 :17505 [dir_watcher.py:_on_file_modified():288] file/dir modified: /Users/leo/Programming/PLR/wandb/run-20230930_184224-7palh9lj/files/output.log
2023-09-30 18:44:40,136 DEBUG   HandlerThread:17505 [handler.py:handle_request():144] handle_request: internal_messages
2023-09-30 18:44:40,140 DEBUG   HandlerThread:17505 [handler.py:handle_request():144] handle_request: stop_status
2023-09-30 18:44:40,161 DEBUG   SenderThread:17505 [sender.py:send_request():406] send_request: stop_status
2023-09-30 18:44:40,860 INFO    Thread-12 :17505 [dir_watcher.py:_on_file_modified():288] file/dir modified: /Users/leo/Programming/PLR/wandb/run-20230930_184224-7palh9lj/files/output.log
2023-09-30 18:44:41,377 DEBUG   HandlerThread:17505 [handler.py:handle_request():144] handle_request: status_report
2023-09-30 18:44:42,870 INFO    Thread-12 :17505 [dir_watcher.py:_on_file_modified():288] file/dir modified: /Users/leo/Programming/PLR/wandb/run-20230930_184224-7palh9lj/files/output.log
2023-09-30 18:44:44,884 INFO    Thread-12 :17505 [dir_watcher.py:_on_file_modified():288] file/dir modified: /Users/leo/Programming/PLR/wandb/run-20230930_184224-7palh9lj/files/output.log
2023-09-30 18:44:46,763 DEBUG   HandlerThread:17505 [handler.py:handle_request():144] handle_request: status_report
2023-09-30 18:44:46,894 INFO    Thread-12 :17505 [dir_watcher.py:_on_file_modified():288] file/dir modified: /Users/leo/Programming/PLR/wandb/run-20230930_184224-7palh9lj/files/output.log
2023-09-30 18:44:48,927 INFO    Thread-12 :17505 [dir_watcher.py:_on_file_modified():288] file/dir modified: /Users/leo/Programming/PLR/wandb/run-20230930_184224-7palh9lj/files/output.log
2023-09-30 18:44:50,925 INFO    Thread-12 :17505 [dir_watcher.py:_on_file_modified():288] file/dir modified: /Users/leo/Programming/PLR/wandb/run-20230930_184224-7palh9lj/files/output.log
2023-09-30 18:44:51,337 DEBUG   HandlerThread:17505 [handler.py:handle_request():144] handle_request: partial_history
2023-09-30 18:44:51,338 DEBUG   SenderThread:17505 [sender.py:send():379] send: history
2023-09-30 18:44:51,338 DEBUG   SenderThread:17505 [sender.py:send_request():406] send_request: summary_record
2023-09-30 18:44:51,338 INFO    SenderThread:17505 [sender.py:_save_file():1375] saving file wandb-summary.json with policy end
2023-09-30 18:44:51,937 INFO    Thread-12 :17505 [dir_watcher.py:_on_file_modified():288] file/dir modified: /Users/leo/Programming/PLR/wandb/run-20230930_184224-7palh9lj/files/wandb-summary.json
2023-09-30 18:44:51,938 INFO    Thread-12 :17505 [dir_watcher.py:_on_file_modified():288] file/dir modified: /Users/leo/Programming/PLR/wandb/run-20230930_184224-7palh9lj/files/output.log
2023-09-30 18:44:52,336 DEBUG   HandlerThread:17505 [handler.py:handle_request():144] handle_request: status_report
2023-09-30 18:44:53,954 INFO    Thread-12 :17505 [dir_watcher.py:_on_file_modified():288] file/dir modified: /Users/leo/Programming/PLR/wandb/run-20230930_184224-7palh9lj/files/output.log
2023-09-30 18:44:55,048 DEBUG   SenderThread:17505 [sender.py:send():379] send: stats
2023-09-30 18:44:55,114 DEBUG   HandlerThread:17505 [handler.py:handle_request():144] handle_request: internal_messages
2023-09-30 18:44:55,115 DEBUG   HandlerThread:17505 [handler.py:handle_request():144] handle_request: stop_status
2023-09-30 18:44:55,115 DEBUG   SenderThread:17505 [sender.py:send_request():406] send_request: stop_status
2023-09-30 18:44:55,970 INFO    Thread-12 :17505 [dir_watcher.py:_on_file_modified():288] file/dir modified: /Users/leo/Programming/PLR/wandb/run-20230930_184224-7palh9lj/files/output.log
2023-09-30 18:44:57,515 DEBUG   HandlerThread:17505 [handler.py:handle_request():144] handle_request: status_report
2023-09-30 18:44:57,984 INFO    Thread-12 :17505 [dir_watcher.py:_on_file_modified():288] file/dir modified: /Users/leo/Programming/PLR/wandb/run-20230930_184224-7palh9lj/files/output.log
2023-09-30 18:44:59,992 INFO    Thread-12 :17505 [dir_watcher.py:_on_file_modified():288] file/dir modified: /Users/leo/Programming/PLR/wandb/run-20230930_184224-7palh9lj/files/output.log
2023-09-30 18:45:02,004 INFO    Thread-12 :17505 [dir_watcher.py:_on_file_modified():288] file/dir modified: /Users/leo/Programming/PLR/wandb/run-20230930_184224-7palh9lj/files/output.log
2023-09-30 18:45:02,736 DEBUG   HandlerThread:17505 [handler.py:handle_request():144] handle_request: status_report
2023-09-30 18:45:04,011 INFO    Thread-12 :17505 [dir_watcher.py:_on_file_modified():288] file/dir modified: /Users/leo/Programming/PLR/wandb/run-20230930_184224-7palh9lj/files/output.log
2023-09-30 18:45:06,025 INFO    Thread-12 :17505 [dir_watcher.py:_on_file_modified():288] file/dir modified: /Users/leo/Programming/PLR/wandb/run-20230930_184224-7palh9lj/files/output.log
2023-09-30 18:45:07,994 DEBUG   HandlerThread:17505 [handler.py:handle_request():144] handle_request: status_report
2023-09-30 18:45:08,039 INFO    Thread-12 :17505 [dir_watcher.py:_on_file_modified():288] file/dir modified: /Users/leo/Programming/PLR/wandb/run-20230930_184224-7palh9lj/files/output.log
2023-09-30 18:45:08,413 DEBUG   HandlerThread:17505 [handler.py:handle_request():144] handle_request: partial_history
2023-09-30 18:45:08,414 DEBUG   SenderThread:17505 [sender.py:send():379] send: history
2023-09-30 18:45:08,414 DEBUG   SenderThread:17505 [sender.py:send_request():406] send_request: summary_record
2023-09-30 18:45:08,415 INFO    SenderThread:17505 [sender.py:_save_file():1375] saving file wandb-summary.json with policy end
2023-09-30 18:45:09,046 INFO    Thread-12 :17505 [dir_watcher.py:_on_file_modified():288] file/dir modified: /Users/leo/Programming/PLR/wandb/run-20230930_184224-7palh9lj/files/wandb-summary.json
2023-09-30 18:45:10,052 INFO    Thread-12 :17505 [dir_watcher.py:_on_file_modified():288] file/dir modified: /Users/leo/Programming/PLR/wandb/run-20230930_184224-7palh9lj/files/output.log
2023-09-30 18:45:10,151 DEBUG   HandlerThread:17505 [handler.py:handle_request():144] handle_request: internal_messages
2023-09-30 18:45:10,151 DEBUG   HandlerThread:17505 [handler.py:handle_request():144] handle_request: stop_status
2023-09-30 18:45:10,155 DEBUG   SenderThread:17505 [sender.py:send_request():406] send_request: stop_status
2023-09-30 18:45:12,066 INFO    Thread-12 :17505 [dir_watcher.py:_on_file_modified():288] file/dir modified: /Users/leo/Programming/PLR/wandb/run-20230930_184224-7palh9lj/files/output.log
2023-09-30 18:45:13,549 DEBUG   HandlerThread:17505 [handler.py:handle_request():144] handle_request: status_report
2023-09-30 18:45:14,078 INFO    Thread-12 :17505 [dir_watcher.py:_on_file_modified():288] file/dir modified: /Users/leo/Programming/PLR/wandb/run-20230930_184224-7palh9lj/files/output.log
2023-09-30 18:45:16,101 INFO    Thread-12 :17505 [dir_watcher.py:_on_file_modified():288] file/dir modified: /Users/leo/Programming/PLR/wandb/run-20230930_184224-7palh9lj/files/output.log
2023-09-30 18:45:18,105 INFO    Thread-12 :17505 [dir_watcher.py:_on_file_modified():288] file/dir modified: /Users/leo/Programming/PLR/wandb/run-20230930_184224-7palh9lj/files/output.log
2023-09-30 18:45:18,732 DEBUG   HandlerThread:17505 [handler.py:handle_request():144] handle_request: status_report
2023-09-30 18:45:20,152 INFO    Thread-12 :17505 [dir_watcher.py:_on_file_modified():288] file/dir modified: /Users/leo/Programming/PLR/wandb/run-20230930_184224-7palh9lj/files/output.log
2023-09-30 18:45:22,176 INFO    Thread-12 :17505 [dir_watcher.py:_on_file_modified():288] file/dir modified: /Users/leo/Programming/PLR/wandb/run-20230930_184224-7palh9lj/files/output.log
2023-09-30 18:45:23,981 DEBUG   HandlerThread:17505 [handler.py:handle_request():144] handle_request: status_report
2023-09-30 18:45:24,188 INFO    Thread-12 :17505 [dir_watcher.py:_on_file_modified():288] file/dir modified: /Users/leo/Programming/PLR/wandb/run-20230930_184224-7palh9lj/files/output.log
2023-09-30 18:45:25,053 DEBUG   SenderThread:17505 [sender.py:send():379] send: stats
2023-09-30 18:45:25,149 DEBUG   HandlerThread:17505 [handler.py:handle_request():144] handle_request: internal_messages
2023-09-30 18:45:25,149 DEBUG   HandlerThread:17505 [handler.py:handle_request():144] handle_request: stop_status
2023-09-30 18:45:25,151 DEBUG   SenderThread:17505 [sender.py:send_request():406] send_request: stop_status
2023-09-30 18:45:25,589 DEBUG   HandlerThread:17505 [handler.py:handle_request():144] handle_request: partial_history
2023-09-30 18:45:25,591 DEBUG   SenderThread:17505 [sender.py:send():379] send: history
2023-09-30 18:45:25,591 DEBUG   SenderThread:17505 [sender.py:send_request():406] send_request: summary_record
2023-09-30 18:45:25,591 INFO    SenderThread:17505 [sender.py:_save_file():1375] saving file wandb-summary.json with policy end
2023-09-30 18:45:26,198 INFO    Thread-12 :17505 [dir_watcher.py:_on_file_modified():288] file/dir modified: /Users/leo/Programming/PLR/wandb/run-20230930_184224-7palh9lj/files/wandb-summary.json
2023-09-30 18:45:26,198 INFO    Thread-12 :17505 [dir_watcher.py:_on_file_modified():288] file/dir modified: /Users/leo/Programming/PLR/wandb/run-20230930_184224-7palh9lj/files/output.log
2023-09-30 18:45:28,218 INFO    Thread-12 :17505 [dir_watcher.py:_on_file_modified():288] file/dir modified: /Users/leo/Programming/PLR/wandb/run-20230930_184224-7palh9lj/files/output.log
2023-09-30 18:45:29,700 DEBUG   HandlerThread:17505 [handler.py:handle_request():144] handle_request: status_report
2023-09-30 18:45:30,230 INFO    Thread-12 :17505 [dir_watcher.py:_on_file_modified():288] file/dir modified: /Users/leo/Programming/PLR/wandb/run-20230930_184224-7palh9lj/files/output.log
2023-09-30 18:45:32,239 INFO    Thread-12 :17505 [dir_watcher.py:_on_file_modified():288] file/dir modified: /Users/leo/Programming/PLR/wandb/run-20230930_184224-7palh9lj/files/output.log
2023-09-30 18:45:34,251 INFO    Thread-12 :17505 [dir_watcher.py:_on_file_modified():288] file/dir modified: /Users/leo/Programming/PLR/wandb/run-20230930_184224-7palh9lj/files/output.log
2023-09-30 18:45:34,914 DEBUG   HandlerThread:17505 [handler.py:handle_request():144] handle_request: status_report
2023-09-30 18:45:36,258 INFO    Thread-12 :17505 [dir_watcher.py:_on_file_modified():288] file/dir modified: /Users/leo/Programming/PLR/wandb/run-20230930_184224-7palh9lj/files/output.log
2023-09-30 18:45:38,270 INFO    Thread-12 :17505 [dir_watcher.py:_on_file_modified():288] file/dir modified: /Users/leo/Programming/PLR/wandb/run-20230930_184224-7palh9lj/files/output.log
2023-09-30 18:45:40,002 DEBUG   HandlerThread:17505 [handler.py:handle_request():144] handle_request: status_report
2023-09-30 18:45:40,146 DEBUG   HandlerThread:17505 [handler.py:handle_request():144] handle_request: internal_messages
2023-09-30 18:45:40,148 DEBUG   HandlerThread:17505 [handler.py:handle_request():144] handle_request: stop_status
2023-09-30 18:45:40,151 DEBUG   SenderThread:17505 [sender.py:send_request():406] send_request: stop_status
2023-09-30 18:45:40,277 INFO    Thread-12 :17505 [dir_watcher.py:_on_file_modified():288] file/dir modified: /Users/leo/Programming/PLR/wandb/run-20230930_184224-7palh9lj/files/output.log
2023-09-30 18:45:42,290 INFO    Thread-12 :17505 [dir_watcher.py:_on_file_modified():288] file/dir modified: /Users/leo/Programming/PLR/wandb/run-20230930_184224-7palh9lj/files/output.log
2023-09-30 18:45:42,651 DEBUG   HandlerThread:17505 [handler.py:handle_request():144] handle_request: partial_history
2023-09-30 18:45:42,652 DEBUG   SenderThread:17505 [sender.py:send():379] send: history
2023-09-30 18:45:42,652 DEBUG   SenderThread:17505 [sender.py:send_request():406] send_request: summary_record
2023-09-30 18:45:42,653 INFO    SenderThread:17505 [sender.py:_save_file():1375] saving file wandb-summary.json with policy end
2023-09-30 18:45:43,296 INFO    Thread-12 :17505 [dir_watcher.py:_on_file_modified():288] file/dir modified: /Users/leo/Programming/PLR/wandb/run-20230930_184224-7palh9lj/files/wandb-summary.json
2023-09-30 18:45:44,325 INFO    Thread-12 :17505 [dir_watcher.py:_on_file_modified():288] file/dir modified: /Users/leo/Programming/PLR/wandb/run-20230930_184224-7palh9lj/files/output.log
2023-09-30 18:45:45,639 DEBUG   HandlerThread:17505 [handler.py:handle_request():144] handle_request: status_report
2023-09-30 18:45:46,343 INFO    Thread-12 :17505 [dir_watcher.py:_on_file_modified():288] file/dir modified: /Users/leo/Programming/PLR/wandb/run-20230930_184224-7palh9lj/files/output.log
2023-09-30 18:45:48,362 INFO    Thread-12 :17505 [dir_watcher.py:_on_file_modified():288] file/dir modified: /Users/leo/Programming/PLR/wandb/run-20230930_184224-7palh9lj/files/output.log
2023-09-30 18:45:50,370 INFO    Thread-12 :17505 [dir_watcher.py:_on_file_modified():288] file/dir modified: /Users/leo/Programming/PLR/wandb/run-20230930_184224-7palh9lj/files/output.log
2023-09-30 18:45:50,756 DEBUG   HandlerThread:17505 [handler.py:handle_request():144] handle_request: status_report
2023-09-30 18:45:52,392 INFO    Thread-12 :17505 [dir_watcher.py:_on_file_modified():288] file/dir modified: /Users/leo/Programming/PLR/wandb/run-20230930_184224-7palh9lj/files/output.log
2023-09-30 18:45:54,400 INFO    Thread-12 :17505 [dir_watcher.py:_on_file_modified():288] file/dir modified: /Users/leo/Programming/PLR/wandb/run-20230930_184224-7palh9lj/files/output.log
2023-09-30 18:45:55,062 DEBUG   SenderThread:17505 [sender.py:send():379] send: stats
2023-09-30 18:45:55,152 DEBUG   HandlerThread:17505 [handler.py:handle_request():144] handle_request: internal_messages
2023-09-30 18:45:55,157 DEBUG   HandlerThread:17505 [handler.py:handle_request():144] handle_request: stop_status
2023-09-30 18:45:55,158 DEBUG   SenderThread:17505 [sender.py:send_request():406] send_request: stop_status
2023-09-30 18:45:56,050 DEBUG   HandlerThread:17505 [handler.py:handle_request():144] handle_request: status_report
2023-09-30 18:45:56,406 INFO    Thread-12 :17505 [dir_watcher.py:_on_file_modified():288] file/dir modified: /Users/leo/Programming/PLR/wandb/run-20230930_184224-7palh9lj/files/output.log
2023-09-30 18:45:58,418 INFO    Thread-12 :17505 [dir_watcher.py:_on_file_modified():288] file/dir modified: /Users/leo/Programming/PLR/wandb/run-20230930_184224-7palh9lj/files/output.log
2023-09-30 18:46:00,421 INFO    Thread-12 :17505 [dir_watcher.py:_on_file_modified():288] file/dir modified: /Users/leo/Programming/PLR/wandb/run-20230930_184224-7palh9lj/files/output.log
2023-09-30 18:46:00,751 DEBUG   HandlerThread:17505 [handler.py:handle_request():144] handle_request: partial_history
2023-09-30 18:46:00,752 DEBUG   SenderThread:17505 [sender.py:send():379] send: history
2023-09-30 18:46:00,752 DEBUG   SenderThread:17505 [sender.py:send_request():406] send_request: summary_record
2023-09-30 18:46:00,753 INFO    SenderThread:17505 [sender.py:_save_file():1375] saving file wandb-summary.json with policy end
2023-09-30 18:46:01,445 INFO    Thread-12 :17505 [dir_watcher.py:_on_file_modified():288] file/dir modified: /Users/leo/Programming/PLR/wandb/run-20230930_184224-7palh9lj/files/wandb-summary.json
2023-09-30 18:46:01,753 DEBUG   HandlerThread:17505 [handler.py:handle_request():144] handle_request: status_report
2023-09-30 18:46:02,434 INFO    Thread-12 :17505 [dir_watcher.py:_on_file_modified():288] file/dir modified: /Users/leo/Programming/PLR/wandb/run-20230930_184224-7palh9lj/files/output.log
2023-09-30 18:46:04,447 INFO    Thread-12 :17505 [dir_watcher.py:_on_file_modified():288] file/dir modified: /Users/leo/Programming/PLR/wandb/run-20230930_184224-7palh9lj/files/output.log
2023-09-30 18:46:06,456 INFO    Thread-12 :17505 [dir_watcher.py:_on_file_modified():288] file/dir modified: /Users/leo/Programming/PLR/wandb/run-20230930_184224-7palh9lj/files/output.log
2023-09-30 18:46:06,952 DEBUG   HandlerThread:17505 [handler.py:handle_request():144] handle_request: status_report
2023-09-30 18:46:08,469 INFO    Thread-12 :17505 [dir_watcher.py:_on_file_modified():288] file/dir modified: /Users/leo/Programming/PLR/wandb/run-20230930_184224-7palh9lj/files/output.log
2023-09-30 18:46:10,157 DEBUG   HandlerThread:17505 [handler.py:handle_request():144] handle_request: internal_messages
2023-09-30 18:46:10,164 DEBUG   HandlerThread:17505 [handler.py:handle_request():144] handle_request: stop_status
2023-09-30 18:46:10,165 DEBUG   SenderThread:17505 [sender.py:send_request():406] send_request: stop_status
2023-09-30 18:46:10,485 INFO    Thread-12 :17505 [dir_watcher.py:_on_file_modified():288] file/dir modified: /Users/leo/Programming/PLR/wandb/run-20230930_184224-7palh9lj/files/output.log
2023-09-30 18:46:12,269 DEBUG   HandlerThread:17505 [handler.py:handle_request():144] handle_request: status_report
2023-09-30 18:46:12,489 INFO    Thread-12 :17505 [dir_watcher.py:_on_file_modified():288] file/dir modified: /Users/leo/Programming/PLR/wandb/run-20230930_184224-7palh9lj/files/output.log
2023-09-30 18:46:14,506 INFO    Thread-12 :17505 [dir_watcher.py:_on_file_modified():288] file/dir modified: /Users/leo/Programming/PLR/wandb/run-20230930_184224-7palh9lj/files/output.log
2023-09-30 18:46:16,512 INFO    Thread-12 :17505 [dir_watcher.py:_on_file_modified():288] file/dir modified: /Users/leo/Programming/PLR/wandb/run-20230930_184224-7palh9lj/files/output.log
2023-09-30 18:46:17,628 DEBUG   HandlerThread:17505 [handler.py:handle_request():144] handle_request: status_report
2023-09-30 18:46:18,152 DEBUG   HandlerThread:17505 [handler.py:handle_request():144] handle_request: partial_history
2023-09-30 18:46:18,153 DEBUG   SenderThread:17505 [sender.py:send():379] send: history
2023-09-30 18:46:18,153 DEBUG   SenderThread:17505 [sender.py:send_request():406] send_request: summary_record
2023-09-30 18:46:18,153 INFO    SenderThread:17505 [sender.py:_save_file():1375] saving file wandb-summary.json with policy end
2023-09-30 18:46:18,530 INFO    Thread-12 :17505 [dir_watcher.py:_on_file_modified():288] file/dir modified: /Users/leo/Programming/PLR/wandb/run-20230930_184224-7palh9lj/files/wandb-summary.json
2023-09-30 18:46:18,530 INFO    Thread-12 :17505 [dir_watcher.py:_on_file_modified():288] file/dir modified: /Users/leo/Programming/PLR/wandb/run-20230930_184224-7palh9lj/files/output.log
2023-09-30 18:46:20,552 INFO    Thread-12 :17505 [dir_watcher.py:_on_file_modified():288] file/dir modified: /Users/leo/Programming/PLR/wandb/run-20230930_184224-7palh9lj/files/output.log
2023-09-30 18:46:22,567 INFO    Thread-12 :17505 [dir_watcher.py:_on_file_modified():288] file/dir modified: /Users/leo/Programming/PLR/wandb/run-20230930_184224-7palh9lj/files/output.log
2023-09-30 18:46:23,323 DEBUG   HandlerThread:17505 [handler.py:handle_request():144] handle_request: status_report
2023-09-30 18:46:24,585 INFO    Thread-12 :17505 [dir_watcher.py:_on_file_modified():288] file/dir modified: /Users/leo/Programming/PLR/wandb/run-20230930_184224-7palh9lj/files/output.log
2023-09-30 18:46:25,059 DEBUG   SenderThread:17505 [sender.py:send():379] send: stats
2023-09-30 18:46:25,164 DEBUG   HandlerThread:17505 [handler.py:handle_request():144] handle_request: internal_messages
2023-09-30 18:46:25,168 DEBUG   HandlerThread:17505 [handler.py:handle_request():144] handle_request: stop_status
2023-09-30 18:46:25,185 DEBUG   SenderThread:17505 [sender.py:send_request():406] send_request: stop_status
2023-09-30 18:46:26,600 INFO    Thread-12 :17505 [dir_watcher.py:_on_file_modified():288] file/dir modified: /Users/leo/Programming/PLR/wandb/run-20230930_184224-7palh9lj/files/output.log
2023-09-30 18:46:28,593 DEBUG   HandlerThread:17505 [handler.py:handle_request():144] handle_request: status_report
2023-09-30 18:46:28,616 INFO    Thread-12 :17505 [dir_watcher.py:_on_file_modified():288] file/dir modified: /Users/leo/Programming/PLR/wandb/run-20230930_184224-7palh9lj/files/output.log
2023-09-30 18:46:30,632 INFO    Thread-12 :17505 [dir_watcher.py:_on_file_modified():288] file/dir modified: /Users/leo/Programming/PLR/wandb/run-20230930_184224-7palh9lj/files/output.log
2023-09-30 18:46:32,647 INFO    Thread-12 :17505 [dir_watcher.py:_on_file_modified():288] file/dir modified: /Users/leo/Programming/PLR/wandb/run-20230930_184224-7palh9lj/files/output.log
2023-09-30 18:46:33,842 DEBUG   HandlerThread:17505 [handler.py:handle_request():144] handle_request: status_report
2023-09-30 18:46:34,666 INFO    Thread-12 :17505 [dir_watcher.py:_on_file_modified():288] file/dir modified: /Users/leo/Programming/PLR/wandb/run-20230930_184224-7palh9lj/files/output.log
2023-09-30 18:46:35,340 DEBUG   HandlerThread:17505 [handler.py:handle_request():144] handle_request: partial_history
2023-09-30 18:46:35,341 DEBUG   SenderThread:17505 [sender.py:send():379] send: history
2023-09-30 18:46:35,342 DEBUG   SenderThread:17505 [sender.py:send_request():406] send_request: summary_record
2023-09-30 18:46:35,342 INFO    SenderThread:17505 [sender.py:_save_file():1375] saving file wandb-summary.json with policy end
2023-09-30 18:46:35,668 INFO    Thread-12 :17505 [dir_watcher.py:_on_file_modified():288] file/dir modified: /Users/leo/Programming/PLR/wandb/run-20230930_184224-7palh9lj/files/wandb-summary.json
2023-09-30 18:46:36,678 INFO    Thread-12 :17505 [dir_watcher.py:_on_file_modified():288] file/dir modified: /Users/leo/Programming/PLR/wandb/run-20230930_184224-7palh9lj/files/output.log
2023-09-30 18:46:38,706 INFO    Thread-12 :17505 [dir_watcher.py:_on_file_modified():288] file/dir modified: /Users/leo/Programming/PLR/wandb/run-20230930_184224-7palh9lj/files/output.log
2023-09-30 18:46:39,521 DEBUG   HandlerThread:17505 [handler.py:handle_request():144] handle_request: status_report
2023-09-30 18:46:40,164 DEBUG   HandlerThread:17505 [handler.py:handle_request():144] handle_request: internal_messages
2023-09-30 18:46:40,169 DEBUG   HandlerThread:17505 [handler.py:handle_request():144] handle_request: stop_status
2023-09-30 18:46:40,169 DEBUG   SenderThread:17505 [sender.py:send_request():406] send_request: stop_status
2023-09-30 18:46:40,718 INFO    Thread-12 :17505 [dir_watcher.py:_on_file_modified():288] file/dir modified: /Users/leo/Programming/PLR/wandb/run-20230930_184224-7palh9lj/files/output.log
2023-09-30 18:46:42,732 INFO    Thread-12 :17505 [dir_watcher.py:_on_file_modified():288] file/dir modified: /Users/leo/Programming/PLR/wandb/run-20230930_184224-7palh9lj/files/output.log
2023-09-30 18:46:44,754 INFO    Thread-12 :17505 [dir_watcher.py:_on_file_modified():288] file/dir modified: /Users/leo/Programming/PLR/wandb/run-20230930_184224-7palh9lj/files/output.log
2023-09-30 18:46:44,816 DEBUG   HandlerThread:17505 [handler.py:handle_request():144] handle_request: status_report
2023-09-30 18:46:46,752 INFO    Thread-12 :17505 [dir_watcher.py:_on_file_modified():288] file/dir modified: /Users/leo/Programming/PLR/wandb/run-20230930_184224-7palh9lj/files/output.log
2023-09-30 18:46:48,769 INFO    Thread-12 :17505 [dir_watcher.py:_on_file_modified():288] file/dir modified: /Users/leo/Programming/PLR/wandb/run-20230930_184224-7palh9lj/files/output.log
2023-09-30 18:46:50,086 DEBUG   HandlerThread:17505 [handler.py:handle_request():144] handle_request: status_report
2023-09-30 18:46:50,778 INFO    Thread-12 :17505 [dir_watcher.py:_on_file_modified():288] file/dir modified: /Users/leo/Programming/PLR/wandb/run-20230930_184224-7palh9lj/files/output.log
2023-09-30 18:46:52,501 DEBUG   HandlerThread:17505 [handler.py:handle_request():144] handle_request: partial_history
2023-09-30 18:46:52,502 DEBUG   SenderThread:17505 [sender.py:send():379] send: history
2023-09-30 18:46:52,502 DEBUG   SenderThread:17505 [sender.py:send_request():406] send_request: summary_record
2023-09-30 18:46:52,502 INFO    SenderThread:17505 [sender.py:_save_file():1375] saving file wandb-summary.json with policy end
2023-09-30 18:46:52,792 INFO    Thread-12 :17505 [dir_watcher.py:_on_file_modified():288] file/dir modified: /Users/leo/Programming/PLR/wandb/run-20230930_184224-7palh9lj/files/wandb-summary.json
2023-09-30 18:46:52,796 INFO    Thread-12 :17505 [dir_watcher.py:_on_file_modified():288] file/dir modified: /Users/leo/Programming/PLR/wandb/run-20230930_184224-7palh9lj/files/output.log
2023-09-30 18:46:54,803 INFO    Thread-12 :17505 [dir_watcher.py:_on_file_modified():288] file/dir modified: /Users/leo/Programming/PLR/wandb/run-20230930_184224-7palh9lj/files/output.log
2023-09-30 18:46:55,066 DEBUG   SenderThread:17505 [sender.py:send():379] send: stats
2023-09-30 18:46:55,139 DEBUG   HandlerThread:17505 [handler.py:handle_request():144] handle_request: status_report
2023-09-30 18:46:55,168 DEBUG   HandlerThread:17505 [handler.py:handle_request():144] handle_request: internal_messages
2023-09-30 18:46:55,175 DEBUG   HandlerThread:17505 [handler.py:handle_request():144] handle_request: stop_status
2023-09-30 18:46:55,181 DEBUG   SenderThread:17505 [sender.py:send_request():406] send_request: stop_status
2023-09-30 18:46:56,812 INFO    Thread-12 :17505 [dir_watcher.py:_on_file_modified():288] file/dir modified: /Users/leo/Programming/PLR/wandb/run-20230930_184224-7palh9lj/files/output.log
2023-09-30 18:46:58,825 INFO    Thread-12 :17505 [dir_watcher.py:_on_file_modified():288] file/dir modified: /Users/leo/Programming/PLR/wandb/run-20230930_184224-7palh9lj/files/output.log
2023-09-30 18:47:00,852 INFO    Thread-12 :17505 [dir_watcher.py:_on_file_modified():288] file/dir modified: /Users/leo/Programming/PLR/wandb/run-20230930_184224-7palh9lj/files/output.log
2023-09-30 18:47:00,864 DEBUG   HandlerThread:17505 [handler.py:handle_request():144] handle_request: status_report
2023-09-30 18:47:02,868 INFO    Thread-12 :17505 [dir_watcher.py:_on_file_modified():288] file/dir modified: /Users/leo/Programming/PLR/wandb/run-20230930_184224-7palh9lj/files/output.log
2023-09-30 18:47:04,880 INFO    Thread-12 :17505 [dir_watcher.py:_on_file_modified():288] file/dir modified: /Users/leo/Programming/PLR/wandb/run-20230930_184224-7palh9lj/files/output.log
2023-09-30 18:47:06,088 DEBUG   HandlerThread:17505 [handler.py:handle_request():144] handle_request: status_report
2023-09-30 18:47:06,901 INFO    Thread-12 :17505 [dir_watcher.py:_on_file_modified():288] file/dir modified: /Users/leo/Programming/PLR/wandb/run-20230930_184224-7palh9lj/files/output.log
2023-09-30 18:47:08,917 INFO    Thread-12 :17505 [dir_watcher.py:_on_file_modified():288] file/dir modified: /Users/leo/Programming/PLR/wandb/run-20230930_184224-7palh9lj/files/output.log
2023-09-30 18:47:09,729 DEBUG   HandlerThread:17505 [handler.py:handle_request():144] handle_request: partial_history
2023-09-30 18:47:09,729 DEBUG   SenderThread:17505 [sender.py:send():379] send: history
2023-09-30 18:47:09,730 DEBUG   SenderThread:17505 [sender.py:send_request():406] send_request: summary_record
2023-09-30 18:47:09,730 INFO    SenderThread:17505 [sender.py:_save_file():1375] saving file wandb-summary.json with policy end
2023-09-30 18:47:09,928 INFO    Thread-12 :17505 [dir_watcher.py:_on_file_modified():288] file/dir modified: /Users/leo/Programming/PLR/wandb/run-20230930_184224-7palh9lj/files/wandb-summary.json
2023-09-30 18:47:10,187 DEBUG   HandlerThread:17505 [handler.py:handle_request():144] handle_request: internal_messages
2023-09-30 18:47:10,188 DEBUG   HandlerThread:17505 [handler.py:handle_request():144] handle_request: stop_status
2023-09-30 18:47:10,189 DEBUG   SenderThread:17505 [sender.py:send_request():406] send_request: stop_status
2023-09-30 18:47:10,925 INFO    Thread-12 :17505 [dir_watcher.py:_on_file_modified():288] file/dir modified: /Users/leo/Programming/PLR/wandb/run-20230930_184224-7palh9lj/files/output.log
2023-09-30 18:47:11,714 DEBUG   HandlerThread:17505 [handler.py:handle_request():144] handle_request: status_report
2023-09-30 18:47:12,935 INFO    Thread-12 :17505 [dir_watcher.py:_on_file_modified():288] file/dir modified: /Users/leo/Programming/PLR/wandb/run-20230930_184224-7palh9lj/files/output.log
2023-09-30 18:47:14,943 INFO    Thread-12 :17505 [dir_watcher.py:_on_file_modified():288] file/dir modified: /Users/leo/Programming/PLR/wandb/run-20230930_184224-7palh9lj/files/output.log
2023-09-30 18:47:16,956 INFO    Thread-12 :17505 [dir_watcher.py:_on_file_modified():288] file/dir modified: /Users/leo/Programming/PLR/wandb/run-20230930_184224-7palh9lj/files/output.log
2023-09-30 18:47:16,984 DEBUG   HandlerThread:17505 [handler.py:handle_request():144] handle_request: status_report
2023-09-30 18:47:18,967 INFO    Thread-12 :17505 [dir_watcher.py:_on_file_modified():288] file/dir modified: /Users/leo/Programming/PLR/wandb/run-20230930_184224-7palh9lj/files/output.log
2023-09-30 18:47:20,130 DEBUG   SenderThread:17505 [sender.py:send():379] send: exit
2023-09-30 18:47:20,130 INFO    SenderThread:17505 [sender.py:send_exit():584] handling exit code: 255
2023-09-30 18:47:20,130 INFO    SenderThread:17505 [sender.py:send_exit():586] handling runtime: 295
2023-09-30 18:47:20,130 INFO    SenderThread:17505 [sender.py:_save_file():1375] saving file wandb-summary.json with policy end
2023-09-30 18:47:20,130 INFO    SenderThread:17505 [sender.py:send_exit():592] send defer
2023-09-30 18:47:20,131 DEBUG   HandlerThread:17505 [handler.py:handle_request():144] handle_request: defer
2023-09-30 18:47:20,131 INFO    HandlerThread:17505 [handler.py:handle_request_defer():170] handle defer: 0
2023-09-30 18:47:20,131 DEBUG   SenderThread:17505 [sender.py:send_request():406] send_request: defer
2023-09-30 18:47:20,131 INFO    SenderThread:17505 [sender.py:send_request_defer():608] handle sender defer: 0
2023-09-30 18:47:20,131 INFO    SenderThread:17505 [sender.py:transition_state():612] send defer: 1
2023-09-30 18:47:20,131 DEBUG   HandlerThread:17505 [handler.py:handle_request():144] handle_request: defer
2023-09-30 18:47:20,131 INFO    HandlerThread:17505 [handler.py:handle_request_defer():170] handle defer: 1
2023-09-30 18:47:20,131 DEBUG   SenderThread:17505 [sender.py:send_request():406] send_request: defer
2023-09-30 18:47:20,131 INFO    SenderThread:17505 [sender.py:send_request_defer():608] handle sender defer: 1
2023-09-30 18:47:20,131 INFO    SenderThread:17505 [sender.py:transition_state():612] send defer: 2
2023-09-30 18:47:20,131 DEBUG   HandlerThread:17505 [handler.py:handle_request():144] handle_request: defer
2023-09-30 18:47:20,131 INFO    HandlerThread:17505 [handler.py:handle_request_defer():170] handle defer: 2
2023-09-30 18:47:20,131 INFO    HandlerThread:17505 [system_monitor.py:finish():190] Stopping system monitor
2023-09-30 18:47:20,131 DEBUG   SystemMonitor:17505 [system_monitor.py:_start():166] Finished system metrics aggregation loop
2023-09-30 18:47:20,131 INFO    HandlerThread:17505 [interfaces.py:finish():202] Joined cpu monitor
2023-09-30 18:47:20,131 DEBUG   SystemMonitor:17505 [system_monitor.py:_start():170] Publishing last batch of metrics
2023-09-30 18:47:20,131 INFO    HandlerThread:17505 [interfaces.py:finish():202] Joined disk monitor
2023-09-30 18:47:20,131 INFO    HandlerThread:17505 [interfaces.py:finish():202] Joined gpuapple monitor
2023-09-30 18:47:20,132 INFO    HandlerThread:17505 [interfaces.py:finish():202] Joined memory monitor
2023-09-30 18:47:20,132 INFO    HandlerThread:17505 [interfaces.py:finish():202] Joined network monitor
2023-09-30 18:47:20,132 DEBUG   SenderThread:17505 [sender.py:send_request():406] send_request: defer
2023-09-30 18:47:20,132 INFO    SenderThread:17505 [sender.py:send_request_defer():608] handle sender defer: 2
2023-09-30 18:47:20,132 INFO    SenderThread:17505 [sender.py:transition_state():612] send defer: 3
2023-09-30 18:47:20,132 DEBUG   SenderThread:17505 [sender.py:send():379] send: stats
2023-09-30 18:47:20,132 DEBUG   HandlerThread:17505 [handler.py:handle_request():144] handle_request: defer
2023-09-30 18:47:20,132 INFO    HandlerThread:17505 [handler.py:handle_request_defer():170] handle defer: 3
2023-09-30 18:47:20,132 DEBUG   SenderThread:17505 [sender.py:send_request():406] send_request: defer
2023-09-30 18:47:20,132 INFO    SenderThread:17505 [sender.py:send_request_defer():608] handle sender defer: 3
2023-09-30 18:47:20,132 INFO    SenderThread:17505 [sender.py:transition_state():612] send defer: 4
2023-09-30 18:47:20,132 DEBUG   HandlerThread:17505 [handler.py:handle_request():144] handle_request: defer
2023-09-30 18:47:20,132 INFO    HandlerThread:17505 [handler.py:handle_request_defer():170] handle defer: 4
2023-09-30 18:47:20,132 DEBUG   SenderThread:17505 [sender.py:send_request():406] send_request: defer
2023-09-30 18:47:20,132 INFO    SenderThread:17505 [sender.py:send_request_defer():608] handle sender defer: 4
2023-09-30 18:47:20,132 INFO    SenderThread:17505 [sender.py:transition_state():612] send defer: 5
2023-09-30 18:47:20,132 DEBUG   HandlerThread:17505 [handler.py:handle_request():144] handle_request: defer
2023-09-30 18:47:20,132 INFO    HandlerThread:17505 [handler.py:handle_request_defer():170] handle defer: 5
2023-09-30 18:47:20,132 DEBUG   SenderThread:17505 [sender.py:send():379] send: summary
2023-09-30 18:47:20,132 INFO    SenderThread:17505 [sender.py:_save_file():1375] saving file wandb-summary.json with policy end
2023-09-30 18:47:20,132 DEBUG   SenderThread:17505 [sender.py:send_request():406] send_request: defer
2023-09-30 18:47:20,132 INFO    SenderThread:17505 [sender.py:send_request_defer():608] handle sender defer: 5
2023-09-30 18:47:20,132 INFO    SenderThread:17505 [sender.py:transition_state():612] send defer: 6
2023-09-30 18:47:20,132 DEBUG   HandlerThread:17505 [handler.py:handle_request():144] handle_request: defer
2023-09-30 18:47:20,132 INFO    HandlerThread:17505 [handler.py:handle_request_defer():170] handle defer: 6
2023-09-30 18:47:20,133 DEBUG   SenderThread:17505 [sender.py:send_request():406] send_request: defer
2023-09-30 18:47:20,133 INFO    SenderThread:17505 [sender.py:send_request_defer():608] handle sender defer: 6
2023-09-30 18:47:20,133 INFO    SenderThread:17505 [sender.py:transition_state():612] send defer: 7
2023-09-30 18:47:20,133 DEBUG   HandlerThread:17505 [handler.py:handle_request():144] handle_request: status_report
2023-09-30 18:47:20,133 DEBUG   HandlerThread:17505 [handler.py:handle_request():144] handle_request: defer
2023-09-30 18:47:20,133 INFO    HandlerThread:17505 [handler.py:handle_request_defer():170] handle defer: 7
2023-09-30 18:47:20,133 DEBUG   SenderThread:17505 [sender.py:send_request():406] send_request: defer
2023-09-30 18:47:20,133 INFO    SenderThread:17505 [sender.py:send_request_defer():608] handle sender defer: 7
2023-09-30 18:47:20,727 INFO    SenderThread:17505 [sender.py:transition_state():612] send defer: 8
2023-09-30 18:47:20,727 DEBUG   HandlerThread:17505 [handler.py:handle_request():144] handle_request: defer
2023-09-30 18:47:20,727 INFO    HandlerThread:17505 [handler.py:handle_request_defer():170] handle defer: 8
2023-09-30 18:47:20,727 DEBUG   SenderThread:17505 [sender.py:send_request():406] send_request: defer
2023-09-30 18:47:20,727 INFO    SenderThread:17505 [sender.py:send_request_defer():608] handle sender defer: 8
2023-09-30 18:47:20,728 INFO    SenderThread:17505 [job_builder.py:build():281] Attempting to build job artifact
2023-09-30 18:47:20,729 INFO    SenderThread:17505 [job_builder.py:_get_source_type():393] is repo sourced job
2023-09-30 18:47:20,731 INFO    SenderThread:17505 [job_builder.py:build():369] adding wandb-job metadata file
2023-09-30 18:47:20,738 INFO    SenderThread:17505 [sender.py:transition_state():612] send defer: 9
2023-09-30 18:47:20,739 DEBUG   SenderThread:17505 [sender.py:send():379] send: artifact
2023-09-30 18:47:20,739 DEBUG   HandlerThread:17505 [handler.py:handle_request():144] handle_request: defer
2023-09-30 18:47:20,740 INFO    HandlerThread:17505 [handler.py:handle_request_defer():170] handle defer: 9
2023-09-30 18:47:20,978 INFO    Thread-12 :17505 [dir_watcher.py:_on_file_modified():288] file/dir modified: /Users/leo/Programming/PLR/wandb/run-20230930_184224-7palh9lj/files/wandb-summary.json
2023-09-30 18:47:20,978 INFO    Thread-12 :17505 [dir_watcher.py:_on_file_modified():288] file/dir modified: /Users/leo/Programming/PLR/wandb/run-20230930_184224-7palh9lj/files/output.log
2023-09-30 18:47:21,135 DEBUG   HandlerThread:17505 [handler.py:handle_request():144] handle_request: poll_exit
2023-09-30 18:47:21,798 INFO    wandb-upload_1:17505 [upload_job.py:push():86] Skipped uploading /Users/leo/Library/Application Support/wandb/artifacts/staging/tmpmg3r17h7
2023-09-30 18:47:22,190 INFO    wandb-upload_0:17505 [upload_job.py:push():89] Uploaded file /Users/leo/Library/Application Support/wandb/artifacts/staging/tmpclf0wusb
2023-09-30 18:47:23,333 INFO    SenderThread:17505 [sender.py:send_artifact():1453] sent artifact job-https___github.com_leothesouthafrican_PLR.git_Leo_gen_algo_opt_folder_genetic_algorithm.py - {'id': 'QXJ0aWZhY3Q6NTg5OTY5NTQ5', 'state': 'PENDING', 'artifactSequence': {'id': 'QXJ0aWZhY3RDb2xsZWN0aW9uOjEwMjY3Mjc5OA==', 'latestArtifact': {'id': 'QXJ0aWZhY3Q6NTg5OTUzMTcy', 'versionIndex': 18}}}
2023-09-30 18:47:23,333 DEBUG   SenderThread:17505 [sender.py:send_request():406] send_request: defer
2023-09-30 18:47:23,333 INFO    SenderThread:17505 [sender.py:send_request_defer():608] handle sender defer: 9
2023-09-30 18:47:23,333 INFO    SenderThread:17505 [dir_watcher.py:finish():358] shutting down directory watcher
2023-09-30 18:47:23,990 INFO    SenderThread:17505 [dir_watcher.py:finish():388] scan: /Users/leo/Programming/PLR/wandb/run-20230930_184224-7palh9lj/files
2023-09-30 18:47:23,992 INFO    SenderThread:17505 [dir_watcher.py:finish():402] scan save: /Users/leo/Programming/PLR/wandb/run-20230930_184224-7palh9lj/files/requirements.txt requirements.txt
2023-09-30 18:47:23,992 INFO    SenderThread:17505 [dir_watcher.py:finish():402] scan save: /Users/leo/Programming/PLR/wandb/run-20230930_184224-7palh9lj/files/output.log output.log
2023-09-30 18:47:23,992 INFO    SenderThread:17505 [dir_watcher.py:finish():402] scan save: /Users/leo/Programming/PLR/wandb/run-20230930_184224-7palh9lj/files/config.yaml config.yaml
2023-09-30 18:47:23,995 INFO    SenderThread:17505 [dir_watcher.py:finish():402] scan save: /Users/leo/Programming/PLR/wandb/run-20230930_184224-7palh9lj/files/wandb-summary.json wandb-summary.json
2023-09-30 18:47:23,997 INFO    SenderThread:17505 [dir_watcher.py:finish():402] scan save: /Users/leo/Programming/PLR/wandb/run-20230930_184224-7palh9lj/files/wandb-metadata.json wandb-metadata.json
2023-09-30 18:47:23,998 INFO    SenderThread:17505 [sender.py:transition_state():612] send defer: 10
2023-09-30 18:47:23,999 DEBUG   SenderThread:17505 [sender.py:send_request():406] send_request: poll_exit
2023-09-30 18:47:23,999 DEBUG   HandlerThread:17505 [handler.py:handle_request():144] handle_request: defer
2023-09-30 18:47:24,000 INFO    HandlerThread:17505 [handler.py:handle_request_defer():170] handle defer: 10
2023-09-30 18:47:24,002 DEBUG   SenderThread:17505 [sender.py:send_request():406] send_request: defer
2023-09-30 18:47:24,002 INFO    SenderThread:17505 [sender.py:send_request_defer():608] handle sender defer: 10
2023-09-30 18:47:24,002 INFO    SenderThread:17505 [file_pusher.py:finish():175] shutting down file pusher
2023-09-30 18:47:24,368 INFO    wandb-upload_0:17505 [upload_job.py:push():131] Uploaded file /Users/leo/Programming/PLR/wandb/run-20230930_184224-7palh9lj/files/output.log
2023-09-30 18:47:24,416 INFO    wandb-upload_1:17505 [upload_job.py:push():131] Uploaded file /Users/leo/Programming/PLR/wandb/run-20230930_184224-7palh9lj/files/requirements.txt
2023-09-30 18:47:24,444 INFO    wandb-upload_3:17505 [upload_job.py:push():131] Uploaded file /Users/leo/Programming/PLR/wandb/run-20230930_184224-7palh9lj/files/wandb-summary.json
2023-09-30 18:47:24,465 INFO    wandb-upload_2:17505 [upload_job.py:push():131] Uploaded file /Users/leo/Programming/PLR/wandb/run-20230930_184224-7palh9lj/files/config.yaml
2023-09-30 18:47:24,667 INFO    Thread-11 (_thread_body):17505 [sender.py:transition_state():612] send defer: 11
2023-09-30 18:47:24,669 DEBUG   HandlerThread:17505 [handler.py:handle_request():144] handle_request: defer
2023-09-30 18:47:24,669 INFO    HandlerThread:17505 [handler.py:handle_request_defer():170] handle defer: 11
2023-09-30 18:47:24,670 DEBUG   SenderThread:17505 [sender.py:send_request():406] send_request: defer
2023-09-30 18:47:24,670 INFO    SenderThread:17505 [sender.py:send_request_defer():608] handle sender defer: 11
2023-09-30 18:47:24,670 INFO    SenderThread:17505 [file_pusher.py:join():181] waiting for file pusher
2023-09-30 18:47:24,670 INFO    SenderThread:17505 [sender.py:transition_state():612] send defer: 12
2023-09-30 18:47:24,670 DEBUG   HandlerThread:17505 [handler.py:handle_request():144] handle_request: defer
2023-09-30 18:47:24,670 INFO    HandlerThread:17505 [handler.py:handle_request_defer():170] handle defer: 12
2023-09-30 18:47:24,670 DEBUG   SenderThread:17505 [sender.py:send_request():406] send_request: defer
2023-09-30 18:47:24,670 INFO    SenderThread:17505 [sender.py:send_request_defer():608] handle sender defer: 12
2023-09-30 18:47:24,670 INFO    SenderThread:17505 [file_stream.py:finish():594] file stream finish called
2023-09-30 18:47:25,137 INFO    SenderThread:17505 [file_stream.py:finish():598] file stream finish is done
2023-09-30 18:47:25,137 INFO    SenderThread:17505 [sender.py:transition_state():612] send defer: 13
2023-09-30 18:47:25,138 DEBUG   HandlerThread:17505 [handler.py:handle_request():144] handle_request: defer
2023-09-30 18:47:25,138 INFO    HandlerThread:17505 [handler.py:handle_request_defer():170] handle defer: 13
2023-09-30 18:47:25,138 DEBUG   SenderThread:17505 [sender.py:send_request():406] send_request: defer
2023-09-30 18:47:25,138 INFO    SenderThread:17505 [sender.py:send_request_defer():608] handle sender defer: 13
2023-09-30 18:47:25,138 INFO    SenderThread:17505 [sender.py:transition_state():612] send defer: 14
2023-09-30 18:47:25,138 DEBUG   HandlerThread:17505 [handler.py:handle_request():144] handle_request: defer
2023-09-30 18:47:25,138 INFO    HandlerThread:17505 [handler.py:handle_request_defer():170] handle defer: 14
2023-09-30 18:47:25,138 DEBUG   SenderThread:17505 [sender.py:send():379] send: final
2023-09-30 18:47:25,139 DEBUG   SenderThread:17505 [sender.py:send():379] send: footer
2023-09-30 18:47:25,139 DEBUG   SenderThread:17505 [sender.py:send_request():406] send_request: defer
2023-09-30 18:47:25,139 INFO    SenderThread:17505 [sender.py:send_request_defer():608] handle sender defer: 14
2023-09-30 18:47:25,139 DEBUG   HandlerThread:17505 [handler.py:handle_request():144] handle_request: poll_exit
2023-09-30 18:47:25,139 DEBUG   SenderThread:17505 [sender.py:send_request():406] send_request: poll_exit
2023-09-30 18:47:25,140 DEBUG   HandlerThread:17505 [handler.py:handle_request():144] handle_request: server_info
2023-09-30 18:47:25,140 DEBUG   SenderThread:17505 [sender.py:send_request():406] send_request: server_info
2023-09-30 18:47:25,142 DEBUG   HandlerThread:17505 [handler.py:handle_request():144] handle_request: get_summary
2023-09-30 18:47:25,142 DEBUG   HandlerThread:17505 [handler.py:handle_request():144] handle_request: sampled_history
2023-09-30 18:47:25,142 DEBUG   HandlerThread:17505 [handler.py:handle_request():144] handle_request: internal_messages
2023-09-30 18:47:25,143 DEBUG   HandlerThread:17505 [handler.py:handle_request():144] handle_request: job_info
2023-09-30 18:47:25,289 DEBUG   SenderThread:17505 [sender.py:send_request():406] send_request: job_info
2023-09-30 18:47:25,289 INFO    MainThread:17505 [wandb_run.py:_footer_history_summary_info():3557] rendering history
2023-09-30 18:47:25,290 INFO    MainThread:17505 [wandb_run.py:_footer_history_summary_info():3589] rendering summary
2023-09-30 18:47:25,290 INFO    MainThread:17505 [wandb_run.py:_footer_sync_info():3516] logging synced files
2023-09-30 18:47:25,290 DEBUG   HandlerThread:17505 [handler.py:handle_request():144] handle_request: shutdown
2023-09-30 18:47:25,290 INFO    HandlerThread:17505 [handler.py:finish():840] shutting down handler
2023-09-30 18:47:26,148 INFO    WriterThread:17505 [datastore.py:close():294] close: /Users/leo/Programming/PLR/wandb/run-20230930_184224-7palh9lj/run-7palh9lj.wandb
2023-09-30 18:47:26,296 INFO    SenderThread:17505 [sender.py:finish():1531] shutting down sender
2023-09-30 18:47:26,296 INFO    SenderThread:17505 [file_pusher.py:finish():175] shutting down file pusher
2023-09-30 18:47:26,297 INFO    SenderThread:17505 [file_pusher.py:join():181] waiting for file pusher
