2023-09-30 18:23:06,353 INFO    StreamThr :16621 [internal.py:wandb_internal():86] W&B internal server running at pid: 16621, started at: 2023-09-30 18:23:06.352224
2023-09-30 18:23:06,355 DEBUG   HandlerThread:16621 [handler.py:handle_request():144] handle_request: status
2023-09-30 18:23:06,355 INFO    WriterThread:16621 [datastore.py:open_for_write():85] open: /Users/leo/Programming/PLR/wandb/run-20230930_182305-0phoeoon/run-0phoeoon.wandb
2023-09-30 18:23:06,356 DEBUG   SenderThread:16621 [sender.py:send():379] send: header
2023-09-30 18:23:06,357 DEBUG   SenderThread:16621 [sender.py:send():379] send: run
2023-09-30 18:23:06,833 INFO    SenderThread:16621 [dir_watcher.py:__init__():211] watching files in: /Users/leo/Programming/PLR/wandb/run-20230930_182305-0phoeoon/files
2023-09-30 18:23:06,833 INFO    SenderThread:16621 [sender.py:_start_run_threads():1121] run started: 0phoeoon with start time 1696094585.433803
2023-09-30 18:23:06,846 DEBUG   HandlerThread:16621 [handler.py:handle_request():144] handle_request: check_version
2023-09-30 18:23:06,846 DEBUG   SenderThread:16621 [sender.py:send_request():406] send_request: check_version
2023-09-30 18:23:07,037 DEBUG   HandlerThread:16621 [handler.py:handle_request():144] handle_request: run_start
2023-09-30 18:23:07,038 DEBUG   HandlerThread:16621 [system_info.py:__init__():32] System info init
2023-09-30 18:23:07,038 DEBUG   HandlerThread:16621 [system_info.py:__init__():47] System info init done
2023-09-30 18:23:07,038 INFO    HandlerThread:16621 [system_monitor.py:start():181] Starting system monitor
2023-09-30 18:23:07,039 INFO    SystemMonitor:16621 [system_monitor.py:_start():145] Starting system asset monitoring threads
2023-09-30 18:23:07,039 INFO    HandlerThread:16621 [system_monitor.py:probe():201] Collecting system info
2023-09-30 18:23:07,039 INFO    SystemMonitor:16621 [interfaces.py:start():190] Started cpu monitoring
2023-09-30 18:23:07,040 INFO    SystemMonitor:16621 [interfaces.py:start():190] Started disk monitoring
2023-09-30 18:23:07,041 INFO    SystemMonitor:16621 [interfaces.py:start():190] Started gpuapple monitoring
2023-09-30 18:23:07,041 DEBUG   HandlerThread:16621 [system_info.py:probe():196] Probing system
2023-09-30 18:23:07,050 INFO    SystemMonitor:16621 [interfaces.py:start():190] Started memory monitoring
2023-09-30 18:23:07,051 INFO    SystemMonitor:16621 [interfaces.py:start():190] Started network monitoring
2023-09-30 18:23:07,052 DEBUG   HandlerThread:16621 [system_info.py:_probe_git():181] Probing git
2023-09-30 18:23:07,068 DEBUG   HandlerThread:16621 [system_info.py:_probe_git():189] Probing git done
2023-09-30 18:23:07,068 DEBUG   HandlerThread:16621 [system_info.py:probe():244] Probing system done
2023-09-30 18:23:07,068 DEBUG   HandlerThread:16621 [system_monitor.py:probe():210] {'os': 'macOS-14.0-arm64-arm-64bit', 'python': '3.11.4', 'heartbeatAt': '2023-09-30T17:23:07.050457', 'startedAt': '2023-09-30T17:23:05.429480', 'docker': None, 'cuda': None, 'args': (), 'state': 'running', 'program': '/Users/leo/Programming/PLR/Leo/gen_algo_opt_folder/genetic_algorithm.py', 'codePathLocal': 'Leo/gen_algo_opt_folder/genetic_algorithm.py', 'codePath': 'Leo/gen_algo_opt_folder/genetic_algorithm.py', 'git': {'remote': 'https://github.com/leothesouthafrican/PLR.git', 'commit': '5fd3a4eb908a10330b25120a123e86d552235212'}, 'email': '38779415+leothesouthafrican@users.noreply.github.com', 'root': '/Users/leo/Programming/PLR', 'host': 'Leos-MacBook-Pro.local', 'username': 'leo', 'executable': '/Users/leo/Programming/PLR/Leo/env/bin/python3', 'cpu_count': 10, 'cpu_count_logical': 10, 'disk': {'/': {'total': 855.9619140625, 'used': 12.108589172363281}}, 'gpuapple': {'type': 'arm', 'vendor': 'Apple'}, 'memory': {'total': 32.0}}
2023-09-30 18:23:07,068 INFO    HandlerThread:16621 [system_monitor.py:probe():211] Finished collecting system info
2023-09-30 18:23:07,068 INFO    HandlerThread:16621 [system_monitor.py:probe():214] Publishing system info
2023-09-30 18:23:07,069 DEBUG   HandlerThread:16621 [system_info.py:_save_pip():52] Saving list of pip packages installed into the current environment
2023-09-30 18:23:07,069 DEBUG   HandlerThread:16621 [system_info.py:_save_pip():68] Saving pip packages done
2023-09-30 18:23:07,069 INFO    HandlerThread:16621 [system_monitor.py:probe():216] Finished publishing system info
2023-09-30 18:23:07,070 DEBUG   SenderThread:16621 [sender.py:send():379] send: files
2023-09-30 18:23:07,070 INFO    SenderThread:16621 [sender.py:_save_file():1375] saving file wandb-metadata.json with policy now
2023-09-30 18:23:07,073 DEBUG   SenderThread:16621 [sender.py:send():379] send: telemetry
2023-09-30 18:23:07,073 DEBUG   HandlerThread:16621 [handler.py:handle_request():144] handle_request: internal_messages
2023-09-30 18:23:07,073 DEBUG   HandlerThread:16621 [handler.py:handle_request():144] handle_request: stop_status
2023-09-30 18:23:07,074 DEBUG   SenderThread:16621 [sender.py:send_request():406] send_request: stop_status
2023-09-30 18:23:07,380 DEBUG   SenderThread:16621 [sender.py:send():379] send: config
2023-09-30 18:23:07,844 INFO    Thread-54 :16621 [dir_watcher.py:_on_file_created():271] file/dir created: /Users/leo/Programming/PLR/wandb/run-20230930_182305-0phoeoon/files/requirements.txt
2023-09-30 18:23:07,844 INFO    Thread-54 :16621 [dir_watcher.py:_on_file_created():271] file/dir created: /Users/leo/Programming/PLR/wandb/run-20230930_182305-0phoeoon/files/output.log
2023-09-30 18:23:07,844 INFO    Thread-54 :16621 [dir_watcher.py:_on_file_created():271] file/dir created: /Users/leo/Programming/PLR/wandb/run-20230930_182305-0phoeoon/files/wandb-metadata.json
2023-09-30 18:23:07,876 INFO    wandb-upload_0:16621 [upload_job.py:push():131] Uploaded file /var/folders/dt/bgs1hq3d2k3dvhpt3llvs4rw0000gn/T/tmp9t4gtlknwandb/xkolqkkq-wandb-metadata.json
2023-09-30 18:23:09,870 INFO    Thread-54 :16621 [dir_watcher.py:_on_file_modified():288] file/dir modified: /Users/leo/Programming/PLR/wandb/run-20230930_182305-0phoeoon/files/output.log
2023-09-30 18:23:11,599 DEBUG   HandlerThread:16621 [handler.py:handle_request():144] handle_request: partial_history
2023-09-30 18:23:11,600 DEBUG   SenderThread:16621 [sender.py:send():379] send: history
2023-09-30 18:23:11,600 DEBUG   SenderThread:16621 [sender.py:send_request():406] send_request: summary_record
2023-09-30 18:23:11,600 DEBUG   HandlerThread:16621 [handler.py:handle_request():144] handle_request: status_report
2023-09-30 18:23:11,600 INFO    SenderThread:16621 [sender.py:_save_file():1375] saving file wandb-summary.json with policy end
2023-09-30 18:23:11,886 INFO    Thread-54 :16621 [dir_watcher.py:_on_file_modified():288] file/dir modified: /Users/leo/Programming/PLR/wandb/run-20230930_182305-0phoeoon/files/output.log
2023-09-30 18:23:11,890 INFO    Thread-54 :16621 [dir_watcher.py:_on_file_created():271] file/dir created: /Users/leo/Programming/PLR/wandb/run-20230930_182305-0phoeoon/files/wandb-summary.json
2023-09-30 18:23:13,900 INFO    Thread-54 :16621 [dir_watcher.py:_on_file_modified():288] file/dir modified: /Users/leo/Programming/PLR/wandb/run-20230930_182305-0phoeoon/files/output.log
2023-09-30 18:23:15,919 INFO    Thread-54 :16621 [dir_watcher.py:_on_file_modified():288] file/dir modified: /Users/leo/Programming/PLR/wandb/run-20230930_182305-0phoeoon/files/output.log
2023-09-30 18:23:16,003 DEBUG   HandlerThread:16621 [handler.py:handle_request():144] handle_request: partial_history
2023-09-30 18:23:16,003 DEBUG   SenderThread:16621 [sender.py:send():379] send: history
2023-09-30 18:23:16,004 DEBUG   SenderThread:16621 [sender.py:send_request():406] send_request: summary_record
2023-09-30 18:23:16,004 INFO    SenderThread:16621 [sender.py:_save_file():1375] saving file wandb-summary.json with policy end
2023-09-30 18:23:16,749 DEBUG   HandlerThread:16621 [handler.py:handle_request():144] handle_request: status_report
2023-09-30 18:23:17,009 INFO    Thread-54 :16621 [dir_watcher.py:_on_file_modified():288] file/dir modified: /Users/leo/Programming/PLR/wandb/run-20230930_182305-0phoeoon/files/wandb-summary.json
2023-09-30 18:23:18,036 INFO    Thread-54 :16621 [dir_watcher.py:_on_file_modified():288] file/dir modified: /Users/leo/Programming/PLR/wandb/run-20230930_182305-0phoeoon/files/output.log
2023-09-30 18:23:20,045 INFO    Thread-54 :16621 [dir_watcher.py:_on_file_modified():288] file/dir modified: /Users/leo/Programming/PLR/wandb/run-20230930_182305-0phoeoon/files/output.log
2023-09-30 18:23:20,370 DEBUG   HandlerThread:16621 [handler.py:handle_request():144] handle_request: partial_history
2023-09-30 18:23:20,371 DEBUG   SenderThread:16621 [sender.py:send():379] send: history
2023-09-30 18:23:20,371 DEBUG   SenderThread:16621 [sender.py:send_request():406] send_request: summary_record
2023-09-30 18:23:20,371 INFO    SenderThread:16621 [sender.py:_save_file():1375] saving file wandb-summary.json with policy end
2023-09-30 18:23:21,094 INFO    Thread-54 :16621 [dir_watcher.py:_on_file_modified():288] file/dir modified: /Users/leo/Programming/PLR/wandb/run-20230930_182305-0phoeoon/files/wandb-summary.json
2023-09-30 18:23:21,954 DEBUG   HandlerThread:16621 [handler.py:handle_request():144] handle_request: status_report
2023-09-30 18:23:22,082 DEBUG   HandlerThread:16621 [handler.py:handle_request():144] handle_request: stop_status
2023-09-30 18:23:22,083 DEBUG   HandlerThread:16621 [handler.py:handle_request():144] handle_request: internal_messages
2023-09-30 18:23:22,084 DEBUG   SenderThread:16621 [sender.py:send_request():406] send_request: stop_status
2023-09-30 18:23:22,109 INFO    Thread-54 :16621 [dir_watcher.py:_on_file_modified():288] file/dir modified: /Users/leo/Programming/PLR/wandb/run-20230930_182305-0phoeoon/files/output.log
2023-09-30 18:23:24,153 INFO    Thread-54 :16621 [dir_watcher.py:_on_file_modified():288] file/dir modified: /Users/leo/Programming/PLR/wandb/run-20230930_182305-0phoeoon/files/output.log
2023-09-30 18:23:24,768 DEBUG   HandlerThread:16621 [handler.py:handle_request():144] handle_request: partial_history
2023-09-30 18:23:24,768 DEBUG   SenderThread:16621 [sender.py:send():379] send: history
2023-09-30 18:23:24,768 DEBUG   SenderThread:16621 [sender.py:send_request():406] send_request: summary_record
2023-09-30 18:23:24,769 INFO    SenderThread:16621 [sender.py:_save_file():1375] saving file wandb-summary.json with policy end
2023-09-30 18:23:25,180 INFO    Thread-54 :16621 [dir_watcher.py:_on_file_modified():288] file/dir modified: /Users/leo/Programming/PLR/wandb/run-20230930_182305-0phoeoon/files/wandb-summary.json
2023-09-30 18:23:26,298 INFO    Thread-54 :16621 [dir_watcher.py:_on_file_modified():288] file/dir modified: /Users/leo/Programming/PLR/wandb/run-20230930_182305-0phoeoon/files/output.log
2023-09-30 18:23:27,077 DEBUG   HandlerThread:16621 [handler.py:handle_request():144] handle_request: status_report
2023-09-30 18:23:28,288 INFO    Thread-54 :16621 [dir_watcher.py:_on_file_modified():288] file/dir modified: /Users/leo/Programming/PLR/wandb/run-20230930_182305-0phoeoon/files/output.log
2023-09-30 18:23:29,116 DEBUG   HandlerThread:16621 [handler.py:handle_request():144] handle_request: partial_history
2023-09-30 18:23:29,117 DEBUG   SenderThread:16621 [sender.py:send():379] send: history
2023-09-30 18:23:29,117 DEBUG   SenderThread:16621 [sender.py:send_request():406] send_request: summary_record
2023-09-30 18:23:29,118 INFO    SenderThread:16621 [sender.py:_save_file():1375] saving file wandb-summary.json with policy end
2023-09-30 18:23:29,302 INFO    Thread-54 :16621 [dir_watcher.py:_on_file_modified():288] file/dir modified: /Users/leo/Programming/PLR/wandb/run-20230930_182305-0phoeoon/files/wandb-summary.json
2023-09-30 18:23:30,310 INFO    Thread-54 :16621 [dir_watcher.py:_on_file_modified():288] file/dir modified: /Users/leo/Programming/PLR/wandb/run-20230930_182305-0phoeoon/files/output.log
2023-09-30 18:23:32,299 DEBUG   HandlerThread:16621 [handler.py:handle_request():144] handle_request: status_report
2023-09-30 18:23:32,320 INFO    Thread-54 :16621 [dir_watcher.py:_on_file_modified():288] file/dir modified: /Users/leo/Programming/PLR/wandb/run-20230930_182305-0phoeoon/files/output.log
2023-09-30 18:23:33,727 DEBUG   HandlerThread:16621 [handler.py:handle_request():144] handle_request: log_artifact
2023-09-30 18:23:33,727 DEBUG   SenderThread:16621 [sender.py:send_request():406] send_request: log_artifact
2023-09-30 18:23:33,734 DEBUG   HandlerThread:16621 [handler.py:handle_request():144] handle_request: partial_history
2023-09-30 18:23:34,330 INFO    Thread-54 :16621 [dir_watcher.py:_on_file_modified():288] file/dir modified: /Users/leo/Programming/PLR/wandb/run-20230930_182305-0phoeoon/files/output.log
2023-09-30 18:23:34,331 INFO    Thread-54 :16621 [dir_watcher.py:_on_file_created():271] file/dir created: /Users/leo/Programming/PLR/wandb/run-20230930_182305-0phoeoon/files/media/table/Generations Table_5_7ed1aef6364a2a9fbad4.table.json
2023-09-30 18:23:34,331 INFO    Thread-54 :16621 [dir_watcher.py:_on_file_created():271] file/dir created: /Users/leo/Programming/PLR/wandb/run-20230930_182305-0phoeoon/files/media
2023-09-30 18:23:34,331 INFO    Thread-54 :16621 [dir_watcher.py:_on_file_created():271] file/dir created: /Users/leo/Programming/PLR/wandb/run-20230930_182305-0phoeoon/files/media/table
2023-09-30 18:23:34,737 DEBUG   HandlerThread:16621 [handler.py:handle_request():144] handle_request: poll_exit
2023-09-30 18:23:34,782 INFO    wandb-upload_0:16621 [upload_job.py:push():131] Uploaded file /var/folders/dt/bgs1hq3d2k3dvhpt3llvs4rw0000gn/T/tmp9t4gtlknwandb/j0fi9aqv-media/table/Generations Table_5_7ed1aef6364a2a9fbad4.table.json
2023-09-30 18:23:35,080 INFO    wandb-upload_1:16621 [upload_job.py:push():89] Uploaded file /Users/leo/Library/Application Support/wandb/artifacts/staging/tmpjxbjx4ex
2023-09-30 18:23:35,799 INFO    SenderThread:16621 [sender.py:send_request_log_artifact():1441] logged artifact run-0phoeoon-GenerationsTable - {'id': 'QXJ0aWZhY3Q6NTg5OTQ5Nzgw', 'state': 'PENDING', 'artifactSequence': {'id': 'QXJ0aWZhY3RDb2xsZWN0aW9uOjEwMjc3ODQ4Nw==', 'latestArtifact': None}}
2023-09-30 18:23:35,799 DEBUG   SenderThread:16621 [sender.py:send():379] send: files
2023-09-30 18:23:35,800 INFO    SenderThread:16621 [sender.py:_save_file():1375] saving file media/table/Generations Table_5_7ed1aef6364a2a9fbad4.table.json with policy now
2023-09-30 18:23:35,800 DEBUG   SenderThread:16621 [sender.py:send():379] send: history
2023-09-30 18:23:35,801 DEBUG   SenderThread:16621 [sender.py:send_request():406] send_request: summary_record
2023-09-30 18:23:35,805 INFO    SenderThread:16621 [sender.py:_save_file():1375] saving file wandb-summary.json with policy end
2023-09-30 18:23:35,805 DEBUG   SenderThread:16621 [sender.py:send():379] send: telemetry
2023-09-30 18:23:35,805 DEBUG   SenderThread:16621 [sender.py:send():379] send: exit
2023-09-30 18:23:35,806 INFO    SenderThread:16621 [sender.py:send_exit():584] handling exit code: 0
2023-09-30 18:23:35,806 INFO    SenderThread:16621 [sender.py:send_exit():586] handling runtime: 26
2023-09-30 18:23:35,806 INFO    SenderThread:16621 [sender.py:_save_file():1375] saving file wandb-summary.json with policy end
2023-09-30 18:23:35,806 INFO    SenderThread:16621 [sender.py:send_exit():592] send defer
2023-09-30 18:23:35,806 DEBUG   SenderThread:16621 [sender.py:send_request():406] send_request: poll_exit
2023-09-30 18:23:35,807 DEBUG   HandlerThread:16621 [handler.py:handle_request():144] handle_request: defer
2023-09-30 18:23:35,807 INFO    HandlerThread:16621 [handler.py:handle_request_defer():170] handle defer: 0
2023-09-30 18:23:35,807 DEBUG   SenderThread:16621 [sender.py:send_request():406] send_request: defer
2023-09-30 18:23:35,807 INFO    SenderThread:16621 [sender.py:send_request_defer():608] handle sender defer: 0
2023-09-30 18:23:35,807 INFO    SenderThread:16621 [sender.py:transition_state():612] send defer: 1
2023-09-30 18:23:35,807 DEBUG   HandlerThread:16621 [handler.py:handle_request():144] handle_request: defer
2023-09-30 18:23:35,807 INFO    HandlerThread:16621 [handler.py:handle_request_defer():170] handle defer: 1
2023-09-30 18:23:35,807 DEBUG   SenderThread:16621 [sender.py:send_request():406] send_request: defer
2023-09-30 18:23:35,808 INFO    SenderThread:16621 [sender.py:send_request_defer():608] handle sender defer: 1
2023-09-30 18:23:35,808 INFO    SenderThread:16621 [sender.py:transition_state():612] send defer: 2
2023-09-30 18:23:35,808 DEBUG   HandlerThread:16621 [handler.py:handle_request():144] handle_request: defer
2023-09-30 18:23:35,808 INFO    HandlerThread:16621 [handler.py:handle_request_defer():170] handle defer: 2
2023-09-30 18:23:35,808 INFO    HandlerThread:16621 [system_monitor.py:finish():190] Stopping system monitor
2023-09-30 18:23:35,808 INFO    HandlerThread:16621 [interfaces.py:finish():202] Joined cpu monitor
2023-09-30 18:23:35,808 DEBUG   SystemMonitor:16621 [system_monitor.py:_start():159] Starting system metrics aggregation loop
2023-09-30 18:23:35,809 DEBUG   SystemMonitor:16621 [system_monitor.py:_start():166] Finished system metrics aggregation loop
2023-09-30 18:23:35,809 DEBUG   SystemMonitor:16621 [system_monitor.py:_start():170] Publishing last batch of metrics
2023-09-30 18:23:35,809 INFO    HandlerThread:16621 [interfaces.py:finish():202] Joined disk monitor
2023-09-30 18:23:35,809 INFO    HandlerThread:16621 [interfaces.py:finish():202] Joined gpuapple monitor
2023-09-30 18:23:35,809 INFO    HandlerThread:16621 [interfaces.py:finish():202] Joined memory monitor
2023-09-30 18:23:35,810 INFO    HandlerThread:16621 [interfaces.py:finish():202] Joined network monitor
2023-09-30 18:23:35,810 DEBUG   SenderThread:16621 [sender.py:send_request():406] send_request: defer
2023-09-30 18:23:35,810 INFO    SenderThread:16621 [sender.py:send_request_defer():608] handle sender defer: 2
2023-09-30 18:23:35,810 INFO    SenderThread:16621 [sender.py:transition_state():612] send defer: 3
2023-09-30 18:23:35,810 DEBUG   SenderThread:16621 [sender.py:send():379] send: telemetry
2023-09-30 18:23:35,810 DEBUG   SenderThread:16621 [sender.py:send():379] send: stats
2023-09-30 18:23:35,810 DEBUG   HandlerThread:16621 [handler.py:handle_request():144] handle_request: defer
2023-09-30 18:23:35,810 INFO    HandlerThread:16621 [handler.py:handle_request_defer():170] handle defer: 3
2023-09-30 18:23:35,811 DEBUG   SenderThread:16621 [sender.py:send_request():406] send_request: defer
2023-09-30 18:23:35,811 INFO    SenderThread:16621 [sender.py:send_request_defer():608] handle sender defer: 3
2023-09-30 18:23:35,811 INFO    SenderThread:16621 [sender.py:transition_state():612] send defer: 4
2023-09-30 18:23:35,811 DEBUG   HandlerThread:16621 [handler.py:handle_request():144] handle_request: defer
2023-09-30 18:23:35,811 INFO    HandlerThread:16621 [handler.py:handle_request_defer():170] handle defer: 4
2023-09-30 18:23:35,811 DEBUG   SenderThread:16621 [sender.py:send_request():406] send_request: defer
2023-09-30 18:23:35,811 INFO    SenderThread:16621 [sender.py:send_request_defer():608] handle sender defer: 4
2023-09-30 18:23:35,811 INFO    SenderThread:16621 [sender.py:transition_state():612] send defer: 5
2023-09-30 18:23:35,811 DEBUG   HandlerThread:16621 [handler.py:handle_request():144] handle_request: defer
2023-09-30 18:23:35,811 INFO    HandlerThread:16621 [handler.py:handle_request_defer():170] handle defer: 5
2023-09-30 18:23:35,811 DEBUG   SenderThread:16621 [sender.py:send():379] send: summary
2023-09-30 18:23:35,812 INFO    SenderThread:16621 [sender.py:_save_file():1375] saving file wandb-summary.json with policy end
2023-09-30 18:23:35,812 DEBUG   SenderThread:16621 [sender.py:send_request():406] send_request: defer
2023-09-30 18:23:35,812 INFO    SenderThread:16621 [sender.py:send_request_defer():608] handle sender defer: 5
2023-09-30 18:23:35,812 INFO    SenderThread:16621 [sender.py:transition_state():612] send defer: 6
2023-09-30 18:23:35,812 DEBUG   HandlerThread:16621 [handler.py:handle_request():144] handle_request: defer
2023-09-30 18:23:35,812 INFO    HandlerThread:16621 [handler.py:handle_request_defer():170] handle defer: 6
2023-09-30 18:23:35,812 DEBUG   SenderThread:16621 [sender.py:send_request():406] send_request: defer
2023-09-30 18:23:35,812 INFO    SenderThread:16621 [sender.py:send_request_defer():608] handle sender defer: 6
2023-09-30 18:23:35,814 DEBUG   HandlerThread:16621 [handler.py:handle_request():144] handle_request: status_report
2023-09-30 18:23:35,994 INFO    SenderThread:16621 [sender.py:transition_state():612] send defer: 7
2023-09-30 18:23:35,995 DEBUG   HandlerThread:16621 [handler.py:handle_request():144] handle_request: defer
2023-09-30 18:23:35,995 INFO    HandlerThread:16621 [handler.py:handle_request_defer():170] handle defer: 7
2023-09-30 18:23:35,995 DEBUG   SenderThread:16621 [sender.py:send_request():406] send_request: defer
2023-09-30 18:23:35,995 INFO    SenderThread:16621 [sender.py:send_request_defer():608] handle sender defer: 7
2023-09-30 18:23:36,331 INFO    wandb-upload_0:16621 [upload_job.py:push():131] Uploaded file /var/folders/dt/bgs1hq3d2k3dvhpt3llvs4rw0000gn/T/tmp9t4gtlknwandb/z8lh19h1-media/table/Generations Table_5_7ed1aef6364a2a9fbad4.table.json
2023-09-30 18:23:36,341 INFO    Thread-54 :16621 [dir_watcher.py:_on_file_modified():288] file/dir modified: /Users/leo/Programming/PLR/wandb/run-20230930_182305-0phoeoon/files/wandb-summary.json
2023-09-30 18:23:36,341 INFO    Thread-54 :16621 [dir_watcher.py:_on_file_modified():288] file/dir modified: /Users/leo/Programming/PLR/wandb/run-20230930_182305-0phoeoon/files/config.yaml
2023-09-30 18:23:37,666 INFO    SenderThread:16621 [sender.py:transition_state():612] send defer: 8
2023-09-30 18:23:37,666 DEBUG   HandlerThread:16621 [handler.py:handle_request():144] handle_request: defer
2023-09-30 18:23:37,666 INFO    HandlerThread:16621 [handler.py:handle_request_defer():170] handle defer: 8
2023-09-30 18:23:37,666 DEBUG   SenderThread:16621 [sender.py:send_request():406] send_request: defer
2023-09-30 18:23:37,666 INFO    SenderThread:16621 [sender.py:send_request_defer():608] handle sender defer: 8
2023-09-30 18:23:37,666 INFO    SenderThread:16621 [job_builder.py:build():281] Attempting to build job artifact
2023-09-30 18:23:37,667 INFO    SenderThread:16621 [job_builder.py:_get_source_type():393] is repo sourced job
2023-09-30 18:23:37,668 INFO    SenderThread:16621 [job_builder.py:build():369] adding wandb-job metadata file
2023-09-30 18:23:37,674 INFO    SenderThread:16621 [sender.py:transition_state():612] send defer: 9
2023-09-30 18:23:37,675 DEBUG   HandlerThread:16621 [handler.py:handle_request():144] handle_request: defer
2023-09-30 18:23:37,675 DEBUG   SenderThread:16621 [sender.py:send():379] send: artifact
2023-09-30 18:23:37,675 INFO    HandlerThread:16621 [handler.py:handle_request_defer():170] handle defer: 9
2023-09-30 18:23:38,355 INFO    Thread-54 :16621 [dir_watcher.py:_on_file_modified():288] file/dir modified: /Users/leo/Programming/PLR/wandb/run-20230930_182305-0phoeoon/files/output.log
2023-09-30 18:23:38,462 INFO    wandb-upload_1:16621 [upload_job.py:push():86] Skipped uploading /Users/leo/Library/Application Support/wandb/artifacts/staging/tmp8wr4fjis
2023-09-30 18:23:38,763 INFO    wandb-upload_0:16621 [upload_job.py:push():89] Uploaded file /Users/leo/Library/Application Support/wandb/artifacts/staging/tmpwyny92ig
2023-09-30 18:23:39,766 DEBUG   HandlerThread:16621 [handler.py:handle_request():144] handle_request: keepalive
2023-09-30 18:23:40,185 INFO    SenderThread:16621 [sender.py:send_artifact():1453] sent artifact job-https___github.com_leothesouthafrican_PLR.git_Leo_gen_algo_opt_folder_genetic_algorithm.py - {'id': 'QXJ0aWZhY3Q6NTg5OTQ5ODIy', 'state': 'PENDING', 'artifactSequence': {'id': 'QXJ0aWZhY3RDb2xsZWN0aW9uOjEwMjY3Mjc5OA==', 'latestArtifact': {'id': 'QXJ0aWZhY3Q6NTg5OTQ5MzA0', 'versionIndex': 11}}}
2023-09-30 18:23:40,185 DEBUG   SenderThread:16621 [sender.py:send_request():406] send_request: defer
2023-09-30 18:23:40,185 INFO    SenderThread:16621 [sender.py:send_request_defer():608] handle sender defer: 9
2023-09-30 18:23:40,186 INFO    SenderThread:16621 [dir_watcher.py:finish():358] shutting down directory watcher
2023-09-30 18:23:40,363 INFO    SenderThread:16621 [dir_watcher.py:finish():388] scan: /Users/leo/Programming/PLR/wandb/run-20230930_182305-0phoeoon/files
2023-09-30 18:23:40,363 INFO    SenderThread:16621 [dir_watcher.py:finish():402] scan save: /Users/leo/Programming/PLR/wandb/run-20230930_182305-0phoeoon/files/requirements.txt requirements.txt
2023-09-30 18:23:40,364 INFO    SenderThread:16621 [dir_watcher.py:finish():402] scan save: /Users/leo/Programming/PLR/wandb/run-20230930_182305-0phoeoon/files/output.log output.log
2023-09-30 18:23:40,364 INFO    SenderThread:16621 [dir_watcher.py:finish():402] scan save: /Users/leo/Programming/PLR/wandb/run-20230930_182305-0phoeoon/files/config.yaml config.yaml
2023-09-30 18:23:40,364 INFO    SenderThread:16621 [dir_watcher.py:finish():402] scan save: /Users/leo/Programming/PLR/wandb/run-20230930_182305-0phoeoon/files/wandb-summary.json wandb-summary.json
2023-09-30 18:23:40,364 INFO    SenderThread:16621 [dir_watcher.py:finish():402] scan save: /Users/leo/Programming/PLR/wandb/run-20230930_182305-0phoeoon/files/wandb-metadata.json wandb-metadata.json
2023-09-30 18:23:40,368 INFO    SenderThread:16621 [dir_watcher.py:finish():402] scan save: /Users/leo/Programming/PLR/wandb/run-20230930_182305-0phoeoon/files/media/table/Generations Table_5_7ed1aef6364a2a9fbad4.table.json media/table/Generations Table_5_7ed1aef6364a2a9fbad4.table.json
2023-09-30 18:23:40,368 INFO    SenderThread:16621 [sender.py:transition_state():612] send defer: 10
2023-09-30 18:23:40,371 DEBUG   HandlerThread:16621 [handler.py:handle_request():144] handle_request: defer
2023-09-30 18:23:40,372 INFO    HandlerThread:16621 [handler.py:handle_request_defer():170] handle defer: 10
2023-09-30 18:23:40,372 DEBUG   SenderThread:16621 [sender.py:send_request():406] send_request: defer
2023-09-30 18:23:40,372 INFO    SenderThread:16621 [sender.py:send_request_defer():608] handle sender defer: 10
2023-09-30 18:23:40,372 INFO    SenderThread:16621 [file_pusher.py:finish():175] shutting down file pusher
2023-09-30 18:23:40,749 INFO    wandb-upload_1:16621 [upload_job.py:push():131] Uploaded file /Users/leo/Programming/PLR/wandb/run-20230930_182305-0phoeoon/files/requirements.txt
2023-09-30 18:23:40,842 INFO    wandb-upload_3:16621 [upload_job.py:push():131] Uploaded file /Users/leo/Programming/PLR/wandb/run-20230930_182305-0phoeoon/files/wandb-summary.json
2023-09-30 18:23:40,846 INFO    wandb-upload_0:16621 [upload_job.py:push():131] Uploaded file /Users/leo/Programming/PLR/wandb/run-20230930_182305-0phoeoon/files/output.log
2023-09-30 18:23:40,847 INFO    wandb-upload_2:16621 [upload_job.py:push():131] Uploaded file /Users/leo/Programming/PLR/wandb/run-20230930_182305-0phoeoon/files/config.yaml
2023-09-30 18:23:41,049 INFO    Thread-53 (_thread_body):16621 [sender.py:transition_state():612] send defer: 11
2023-09-30 18:23:41,052 DEBUG   HandlerThread:16621 [handler.py:handle_request():144] handle_request: defer
2023-09-30 18:23:41,052 INFO    HandlerThread:16621 [handler.py:handle_request_defer():170] handle defer: 11
2023-09-30 18:23:41,054 DEBUG   SenderThread:16621 [sender.py:send_request():406] send_request: defer
2023-09-30 18:23:41,054 INFO    SenderThread:16621 [sender.py:send_request_defer():608] handle sender defer: 11
2023-09-30 18:23:41,054 INFO    SenderThread:16621 [file_pusher.py:join():181] waiting for file pusher
2023-09-30 18:23:41,054 INFO    SenderThread:16621 [sender.py:transition_state():612] send defer: 12
2023-09-30 18:23:41,054 DEBUG   HandlerThread:16621 [handler.py:handle_request():144] handle_request: defer
2023-09-30 18:23:41,055 INFO    HandlerThread:16621 [handler.py:handle_request_defer():170] handle defer: 12
2023-09-30 18:23:41,055 DEBUG   SenderThread:16621 [sender.py:send_request():406] send_request: defer
2023-09-30 18:23:41,055 INFO    SenderThread:16621 [sender.py:send_request_defer():608] handle sender defer: 12
2023-09-30 18:23:41,055 INFO    SenderThread:16621 [file_stream.py:finish():594] file stream finish called
2023-09-30 18:23:41,210 INFO    SenderThread:16621 [file_stream.py:finish():598] file stream finish is done
2023-09-30 18:23:41,210 INFO    SenderThread:16621 [sender.py:transition_state():612] send defer: 13
2023-09-30 18:23:41,210 DEBUG   HandlerThread:16621 [handler.py:handle_request():144] handle_request: defer
2023-09-30 18:23:41,210 INFO    HandlerThread:16621 [handler.py:handle_request_defer():170] handle defer: 13
2023-09-30 18:23:41,211 DEBUG   SenderThread:16621 [sender.py:send_request():406] send_request: defer
2023-09-30 18:23:41,211 INFO    SenderThread:16621 [sender.py:send_request_defer():608] handle sender defer: 13
2023-09-30 18:23:41,211 INFO    SenderThread:16621 [sender.py:transition_state():612] send defer: 14
2023-09-30 18:23:41,211 DEBUG   HandlerThread:16621 [handler.py:handle_request():144] handle_request: defer
2023-09-30 18:23:41,211 INFO    HandlerThread:16621 [handler.py:handle_request_defer():170] handle defer: 14
2023-09-30 18:23:41,211 DEBUG   SenderThread:16621 [sender.py:send():379] send: final
2023-09-30 18:23:41,211 DEBUG   SenderThread:16621 [sender.py:send():379] send: footer
2023-09-30 18:23:41,212 DEBUG   SenderThread:16621 [sender.py:send_request():406] send_request: defer
2023-09-30 18:23:41,212 INFO    SenderThread:16621 [sender.py:send_request_defer():608] handle sender defer: 14
2023-09-30 18:23:41,212 DEBUG   HandlerThread:16621 [handler.py:handle_request():144] handle_request: internal_messages
2023-09-30 18:23:41,213 DEBUG   HandlerThread:16621 [handler.py:handle_request():144] handle_request: poll_exit
2023-09-30 18:23:41,213 DEBUG   HandlerThread:16621 [handler.py:handle_request():144] handle_request: server_info
2023-09-30 18:23:41,213 DEBUG   HandlerThread:16621 [handler.py:handle_request():144] handle_request: get_summary
2023-09-30 18:23:41,214 DEBUG   HandlerThread:16621 [handler.py:handle_request():144] handle_request: sampled_history
2023-09-30 18:23:41,214 DEBUG   HandlerThread:16621 [handler.py:handle_request():144] handle_request: job_info
2023-09-30 18:23:41,214 DEBUG   SenderThread:16621 [sender.py:send_request():406] send_request: poll_exit
2023-09-30 18:23:41,214 DEBUG   SenderThread:16621 [sender.py:send_request():406] send_request: server_info
2023-09-30 18:23:41,371 DEBUG   SenderThread:16621 [sender.py:send_request():406] send_request: job_info
2023-09-30 18:23:41,372 DEBUG   HandlerThread:16621 [handler.py:handle_request():144] handle_request: shutdown
2023-09-30 18:23:41,372 INFO    HandlerThread:16621 [handler.py:finish():840] shutting down handler
2023-09-30 18:23:42,222 INFO    WriterThread:16621 [datastore.py:close():294] close: /Users/leo/Programming/PLR/wandb/run-20230930_182305-0phoeoon/run-0phoeoon.wandb
2023-09-30 18:23:42,376 INFO    SenderThread:16621 [sender.py:finish():1531] shutting down sender
2023-09-30 18:23:42,376 INFO    SenderThread:16621 [file_pusher.py:finish():175] shutting down file pusher
2023-09-30 18:23:42,376 INFO    SenderThread:16621 [file_pusher.py:join():181] waiting for file pusher
