Generations:   0%|                                                                                                                                                                         | 0/25 [00:00<?, ?it/s]







Generations:   4%|██████▍                                                                                                                                                          | 1/25 [00:17<06:51, 17.14s/it]







Generations:   8%|████████████▉                                                                                                                                                    | 2/25 [00:34<06:31, 17.04s/it]








Generations:  12%|███████████████████▎                                                                                                                                             | 3/25 [00:50<06:12, 16.93s/it]







Generations:  16%|█████████████████████████▊                                                                                                                                       | 4/25 [01:07<05:56, 16.97s/it]
















Generations:  24%|██████████████████████████████████████▋                                                                                                                          | 6/25 [01:41<05:18, 16.78s/it]







Generations:  28%|█████████████████████████████████████████████                                                                                                                    | 7/25 [01:58<05:03, 16.84s/it]









Generations:  32%|███████████████████████████████████████████████████▌                                                                                                             | 8/25 [02:17<04:59, 17.60s/it]








Generations:  36%|█████████████████████████████████████████████████████████▉                                                                                                       | 9/25 [02:35<04:43, 17.69s/it]








Generations:  40%|████████████████████████████████████████████████████████████████                                                                                                | 10/25 [02:53<04:28, 17.90s/it]
















Generations:  48%|████████████████████████████████████████████████████████████████████████████▊                                                                                   | 12/25 [03:29<03:51, 17.78s/it]








Generations:  52%|███████████████████████████████████████████████████████████████████████████████████▏                                                                            | 13/25 [03:46<03:33, 17.82s/it]








Generations:  56%|█████████████████████████████████████████████████████████████████████████████████████████▌                                                                      | 14/25 [04:04<03:14, 17.68s/it]








Generations:  60%|████████████████████████████████████████████████████████████████████████████████████████████████                                                                | 15/25 [04:21<02:55, 17.53s/it]







Generations:  64%|██████████████████████████████████████████████████████████████████████████████████████████████████████▍                                                         | 16/25 [04:38<02:36, 17.42s/it]







Generations:  68%|████████████████████████████████████████████████████████████████████████████████████████████████████████████▊                                                   | 17/25 [04:55<02:17, 17.20s/it]








Generations:  72%|███████████████████████████████████████████████████████████████████████████████████████████████████████████████████▏                                            | 18/25 [05:12<01:59, 17.04s/it]







Generations:  76%|█████████████████████████████████████████████████████████████████████████████████████████████████████████████████████████▌                                      | 19/25 [05:28<01:41, 16.93s/it]







Generations:  80%|████████████████████████████████████████████████████████████████████████████████████████████████████████████████████████████████                                | 20/25 [05:45<01:24, 16.83s/it]







Generations:  84%|██████████████████████████████████████████████████████████████████████████████████████████████████████████████████████████████████████▍                         | 21/25 [06:01<01:07, 16.79s/it]








Generations:  88%|████████████████████████████████████████████████████████████████████████████████████████████████████████████████████████████████████████████▊                   | 22/25 [06:18<00:50, 16.79s/it]







Generations:  92%|███████████████████████████████████████████████████████████████████████████████████████████████████████████████████████████████████████████████████▏            | 23/25 [06:35<00:33, 16.78s/it]








Generations:  96%|█████████████████████████████████████████████████████████████████████████████████████████████████████████████████████████████████████████████████████████▌      | 24/25 [06:52<00:16, 16.77s/it]







Generations: 100%|████████████████████████████████████████████████████████████████████████████████████████████████████████████████████████████████████████████████████████████████| 25/25 [07:08<00:00, 17.16s/it]







Final Fitness Evaluation: 100%|█████████████████████████████████████████████████████████████████████████████████████████████████████████████████████████████████████████████████| 160/160 [00:14<00:00, 10.93it/s]