Generations:   0%|                                                                                                                                                                         | 0/20 [00:00<?, ?it/s]
Eval Fitness Gen 1 - Best Fitness: 0.3045:   3%|███▉                                                                                                                              | 3/100 [00:01<00:45,  2.15it/s]
Mutating...
Mutating...
Mutating...

Eval Fitness Gen 1 - Best Fitness: 0.9270:   7%|█████████                                                                                                                         | 7/100 [00:03<00:44,  2.07it/s]
Mutating...
Mutating...
Mutating...

Eval Fitness Gen 1 - Best Fitness: 0.9270:  12%|███████████████▍                                                                                                                 | 12/100 [00:05<00:38,  2.29it/s]
Mutating...
Mutating...
Mutating...

Eval Fitness Gen 1 - Best Fitness: 0.9270:  16%|████████████████████▋                                                                                                            | 16/100 [00:07<00:39,  2.15it/s]
Mutating...
Mutating...
Mutating...
Mutating...

Eval Fitness Gen 1 - Best Fitness: 0.9270:  21%|███████████████████████████                                                                                                      | 21/100 [00:09<00:31,  2.53it/s]
Mutating...
Mutating...
Mutating...

Eval Fitness Gen 1 - Best Fitness: 0.9270:  25%|████████████████████████████████▎                                                                                                | 25/100 [00:11<00:33,  2.24it/s]
Mutating...
Mutating...
Mutating...
Mutating...

Eval Fitness Gen 1 - Best Fitness: 0.9270:  29%|█████████████████████████████████████▍                                                                                           | 29/100 [00:13<00:38,  1.85it/s]
Mutating...
Flipped feature 21
Flipped feature 33
Mutating...
Mutated latent dimension

Eval Fitness Gen 1 - Best Fitness: 0.9270:  33%|██████████████████████████████████████████▌                                                                                      | 33/100 [00:15<00:34,  1.95it/s]
Mutating...
Mutating...
Mutated latent dimension
Mutating...
Mutated depth

Eval Fitness Gen 1 - Best Fitness: 0.9270:  37%|███████████████████████████████████████████████▋                                                                                 | 37/100 [00:17<00:31,  1.99it/s]
Mutating...
Mutating...
Mutating...
Mutating...

Eval Fitness Gen 1 - Best Fitness: 0.9270:  42%|██████████████████████████████████████████████████████▏                                                                          | 42/100 [00:19<00:27,  2.14it/s]
Mutating...
Mutating...
Mutating...

Eval Fitness Gen 1 - Best Fitness: 0.9270:  46%|███████████████████████████████████████████████████████████▎                                                                     | 46/100 [00:21<00:23,  2.26it/s]
Mutating...
Mutating...
Mutating...
Mutating...

Eval Fitness Gen 1 - Best Fitness: 0.9270:  51%|█████████████████████████████████████████████████████████████████▊                                                               | 51/100 [00:23<00:22,  2.15it/s]
Mutating...
Mutating...
Mutating...

Eval Fitness Gen 1 - Best Fitness: 0.9270:  55%|██████████████████████████████████████████████████████████████████████▉                                                          | 55/100 [00:25<00:21,  2.08it/s]
Mutating...
Mutating...
Mutating...

Eval Fitness Gen 1 - Best Fitness: 0.9270:  59%|████████████████████████████████████████████████████████████████████████████                                                     | 59/100 [00:27<00:20,  2.04it/s]
Mutating...
Mutating...
Mutated latent dimension
Mutating...
Flipped feature 15
Flipped feature 25
Flipped feature 42
Flipped feature 67
Flipped feature 114
Flipped feature 115

Eval Fitness Gen 1 - Best Fitness: 0.9270:  62%|███████████████████████████████████████████████████████████████████████████████▉                                                 | 62/100 [00:29<00:20,  1.88it/s]
Mutating...
Mutating...

Eval Fitness Gen 1 - Best Fitness: 0.9270:  67%|██████████████████████████████████████████████████████████████████████████████████████▍                                          | 67/100 [00:32<00:16,  1.98it/s]
Mutating...
Mutating...
Mutating...
Mutating...

Eval Fitness Gen 1 - Best Fitness: 0.9270:  71%|███████████████████████████████████████████████████████████████████████████████████████████▌                                     | 71/100 [00:33<00:13,  2.22it/s]
Mutating...
Mutating...
Mutating...

Eval Fitness Gen 1 - Best Fitness: 0.9270:  76%|██████████████████████████████████████████████████████████████████████████████████████████████████                               | 76/100 [00:36<00:10,  2.21it/s]
Mutating...
Mutating...
Mutating...
Mutating...
Mutated depth
Mutating...

Eval Fitness Gen 1 - Best Fitness: 0.9270:  81%|████████████████████████████████████████████████████████████████████████████████████████████████████████▍                        | 81/100 [00:38<00:08,  2.36it/s]
Mutating...
Mutating...
Mutated latent dimension
Mutating...
Mutating...

Eval Fitness Gen 1 - Best Fitness: 0.9270:  85%|█████████████████████████████████████████████████████████████████████████████████████████████████████████████▋                   | 85/100 [00:40<00:06,  2.14it/s]
Mutating...
Mutating...
Mutating...

Eval Fitness Gen 1 - Best Fitness: 0.9270:  89%|██████████████████████████████████████████████████████████████████████████████████████████████████████████████████▊              | 89/100 [00:41<00:05,  2.18it/s]
Mutating...
Mutating...
Mutating...
Flipped feature 2
Flipped feature 13
Flipped feature 23
Flipped feature 27
Flipped feature 47
Flipped feature 61
Flipped feature 115
Flipped feature 122
Flipped feature 133

Eval Fitness Gen 1 - Best Fitness: 0.9270:  93%|███████████████████████████████████████████████████████████████████████████████████████████████████████████████████████▉         | 93/100 [00:43<00:03,  2.17it/s]
Mutating...
Mutated depth
Mutating...
Mutating...
Mutating...

Eval Fitness Gen 1 - Best Fitness: 0.9270:  98%|██████████████████████████████████████████████████████████████████████████████████████████████████████████████████████████████▍  | 98/100 [00:46<00:00,  2.18it/s]
Mutating...
Mutating...
Mutating...
Mutating...
Mutated depth

Eval Fitness Gen 2 - Best Fitness: 0.3454:   2%|██▌                                                                                                                               | 2/100 [00:00<00:46,  2.12it/s]
Mutating...
Flipped feature 14
Flipped feature 28
Flipped feature 61
Flipped feature 69
Flipped feature 78
Flipped feature 89
Flipped feature 115
Flipped feature 118
Flipped feature 131
Mutating...
Flipped feature 27
Flipped feature 33
Flipped feature 40
Flipped feature 93
Flipped feature 106
Flipped feature 108
Flipped feature 129
Mutating...
Mutating...
Mutating...
Mutating...
Mutating...
Mutating...
Mutated latent dimension
Mutating...
Mutating...
Mutated depth
Mutating...
Mutating...
Mutating...
Flipped feature 41
Flipped feature 42
Flipped feature 52
Flipped feature 75
Flipped feature 92
Flipped feature 106
Flipped feature 134
Mutating...
Mutating...
Mutating...
Mutating...
Mutating...
Mutating...
Mutating...
Mutating...
Mutating...
Mutating...
Mutating...
Mutating...
Mutating...
Mutating...
Flipped feature 19
Flipped feature 38
Flipped feature 47
Flipped feature 49
Flipped feature 64
Flipped feature 115
Flipped feature 131
Mutating...
Mutating...
Mutating...
Mutating...
Mutating...
Mutating...
Mutating...
Mutating...
Mutating...
Mutating...
Mutating...
Mutating...
Flipped feature 42
Flipped feature 45
Flipped feature 52
Flipped feature 69
Flipped feature 75
Flipped feature 129
Mutating...
Mutating...
Mutating...
Mutated depth
Mutating...
Mutating...
Mutating...
Mutating...
Mutating...
Mutating...
Mutating...
Mutating...
Mutating...
Mutating...
Mutating...
Mutating...
Mutating...
Flipped feature 38
Flipped feature 51
Flipped feature 76
Flipped feature 90
Flipped feature 92
Flipped feature 109
Flipped feature 113
Mutating...
Mutating...
Mutating...
Mutating...
Mutating...
Mutating...
Mutated latent dimension
Mutating...
Mutating...
Mutating...
Mutated latent dimension
Mutating...
Mutating...
Mutating...
Mutating...
Mutating...
Mutating...
Mutating...
Mutating...
Mutating...
Mutating...
Mutating...
Mutating...
Flipped feature 9
Flipped feature 10
Flipped feature 17
Flipped feature 28
Flipped feature 29
Flipped feature 82
Flipped feature 100
Flipped feature 107
Flipped feature 140
Mutated latent dimension
Mutating...
Mutating...
Mutating...
Mutated latent dimension
Mutating...
Mutating...
Mutating...
Mutated depth
Mutating...
Mutating...
Mutating...
Mutating...
Mutated latent dimension
Mutating...
Mutating...
Mutating...
Mutating...
Mutating...
Mutating...
Mutating...
Mutating...
Mutating...
Mutating...
Mutating...
Mutating...
Mutating...
Mutating...
Mutating...
Mutating...
Mutated depth
Mutating...

Eval Fitness Gen 2 - Best Fitness: 0.4343:   6%|███████▊                                                                                                                          | 6/100 [00:02<00:46,  2.04it/s]
Mutating...
Mutating...
Mutating...
Mutating...

Eval Fitness Gen 2 - Best Fitness: 0.6775:  10%|████████████▉                                                                                                                    | 10/100 [00:05<00:46,  1.92it/s]
Mutating...
Mutating...
Mutating...
Flipped feature 21
Flipped feature 35
Flipped feature 113
Flipped feature 121
Flipped feature 127
Mutated depth

Eval Fitness Gen 2 - Best Fitness: 0.6775:  14%|██████████████████                                                                                                               | 14/100 [00:06<00:41,  2.05it/s]
Mutating...
Mutating...
Mutating...

Eval Fitness Gen 2 - Best Fitness: 0.7499:  18%|███████████████████████▏                                                                                                         | 18/100 [00:08<00:39,  2.06it/s]
Mutating...
Mutating...
Mutating...
Mutating...

Eval Fitness Gen 2 - Best Fitness: 0.8463:  23%|█████████████████████████████▋                                                                                                   | 23/100 [00:10<00:34,  2.24it/s]
Mutating...
Mutating...
Mutating...
Mutating...

Eval Fitness Gen 2 - Best Fitness: 0.8463:  27%|██████████████████████████████████▊                                                                                              | 27/100 [00:12<00:31,  2.32it/s]
Mutating...
Mutated depth
Mutating...
Mutating...
Mutating...

Eval Fitness Gen 2 - Best Fitness: 0.8463:  31%|███████████████████████████████████████▉                                                                                         | 31/100 [00:14<00:33,  2.07it/s]
Mutating...
Mutated latent dimension
Mutating...
Mutating...

Eval Fitness Gen 2 - Best Fitness: 0.8463:  36%|██████████████████████████████████████████████▍                                                                                  | 36/100 [00:16<00:28,  2.23it/s]
Mutating...
Mutated latent dimension
Mutating...
Mutating...

Eval Fitness Gen 2 - Best Fitness: 0.8463:  39%|██████████████████████████████████████████████████▎                                                                              | 39/100 [00:18<00:28,  2.16it/s]
Mutating...
Mutating...
Mutating...
Mutating...

Eval Fitness Gen 2 - Best Fitness: 0.8463:  44%|████████████████████████████████████████████████████████▊                                                                        | 44/100 [00:20<00:26,  2.08it/s]
Mutating...
Mutating...
Mutating...

Eval Fitness Gen 2 - Best Fitness: 0.8463:  48%|█████████████████████████████████████████████████████████████▉                                                                   | 48/100 [00:22<00:25,  2.07it/s]
Mutating...
Mutating...
Mutating...

Eval Fitness Gen 2 - Best Fitness: 0.8463:  53%|████████████████████████████████████████████████████████████████████▎                                                            | 53/100 [00:24<00:20,  2.25it/s]
Mutating...
Flipped feature 8
Flipped feature 15
Flipped feature 45
Flipped feature 69
Flipped feature 76
Flipped feature 85
Flipped feature 102
Flipped feature 114
Flipped feature 121
Flipped feature 134
Mutating...
Flipped feature 17
Flipped feature 36
Flipped feature 39
Flipped feature 134
Mutating...
Mutated latent dimension
Mutating...
Mutated depth

Eval Fitness Gen 2 - Best Fitness: 0.8463:  57%|█████████████████████████████████████████████████████████████████████████▌                                                       | 57/100 [00:26<00:20,  2.06it/s]
Mutating...
Mutating...
Mutating...

Eval Fitness Gen 2 - Best Fitness: 0.8463:  61%|██████████████████████████████████████████████████████████████████████████████▋                                                  | 61/100 [00:28<00:18,  2.06it/s]
Mutating...
Mutating...
Mutating...

Eval Fitness Gen 2 - Best Fitness: 0.8463:  65%|███████████████████████████████████████████████████████████████████████████████████▊                                             | 65/100 [00:30<00:17,  2.04it/s]
Mutating...
Mutated depth
Mutating...
Mutated depth
Mutating...
Mutating...

Eval Fitness Gen 2 - Best Fitness: 0.8463:  70%|██████████████████████████████████████████████████████████████████████████████████████████▎                                      | 70/100 [00:32<00:13,  2.24it/s]
Mutating...
Mutating...
Mutating...

Eval Fitness Gen 2 - Best Fitness: 0.8463:  75%|████████████████████████████████████████████████████████████████████████████████████████████████▊                                | 75/100 [00:34<00:10,  2.35it/s]
Mutating...
Mutating...
Mutating...
Mutating...

Eval Fitness Gen 2 - Best Fitness: 0.8463:  79%|█████████████████████████████████████████████████████████████████████████████████████████████████████▉                           | 79/100 [00:36<00:09,  2.19it/s]
Mutating...
Mutating...
Mutated depth

Eval Fitness Gen 2 - Best Fitness: 0.8463:  83%|███████████████████████████████████████████████████████████████████████████████████████████████████████████                      | 83/100 [00:38<00:08,  2.08it/s]
Mutating...
Mutating...
Mutating...
Mutating...
Flipped feature 6
Flipped feature 48
Flipped feature 65
Flipped feature 67
Flipped feature 74
Flipped feature 78
Flipped feature 91
Flipped feature 106
Flipped feature 110
Flipped feature 122

Eval Fitness Gen 2 - Best Fitness: 0.8463:  87%|████████████████████████████████████████████████████████████████████████████████████████████████████████████████▏                | 87/100 [00:40<00:06,  1.99it/s]
Mutating...
Mutating...
Mutating...

Eval Fitness Gen 2 - Best Fitness: 0.8463:  92%|██████████████████████████████████████████████████████████████████████████████████████████████████████████████████████▋          | 92/100 [00:42<00:03,  2.19it/s]
Mutating...
Mutating...
Mutated depth
Mutating...
Mutating...
Mutating...
Flipped feature 62
Flipped feature 68
Flipped feature 73
Flipped feature 90
Flipped feature 132
Flipped feature 139

Eval Fitness Gen 2 - Best Fitness: 0.8463:  96%|███████████████████████████████████████████████████████████████████████████████████████████████████████████████████████████▊     | 96/100 [00:44<00:01,  2.06it/s]
Mutating...
Flipped feature 63
Flipped feature 80
Flipped feature 108
Flipped feature 132
Mutated latent dimension
Mutating...
Mutating...

Eval Fitness Gen 3 - Best Fitness: 0.9269540905952454:   0%|                                                                                                                              | 0/100 [00:00<?, ?it/s]
Mutating...
Mutating...
Mutating...
Mutating...
Mutating...
Mutating...
Mutating...
Mutating...
Mutating...
Mutating...
Mutating...
Mutating...
Mutated latent dimension
Mutating...
Mutating...
Mutating...
Mutating...
Mutating...
Mutating...
Mutating...
Mutating...
Mutating...
Mutating...
Flipped feature 3
Flipped feature 60
Flipped feature 81
Flipped feature 87
Mutating...
Mutating...
Mutating...
Flipped feature 37
Flipped feature 87
Flipped feature 89
Flipped feature 120
Mutating...
Mutating...
Mutating...
Mutating...
Mutating...
Mutating...
Mutating...
Mutating...
Mutating...
Mutating...
Mutating...
Mutating...
Mutating...
Mutating...
Mutated latent dimension
Mutating...
Mutating...
Mutated latent dimension
Mutating...
Mutating...
Flipped feature 18
Flipped feature 41
Flipped feature 57
Flipped feature 73
Flipped feature 108
Flipped feature 116
Flipped feature 129
Flipped feature 138
Mutating...
Mutating...
Mutating...
Mutating...
Mutating...
Mutating...
Mutating...
Flipped feature 17
Flipped feature 22
Flipped feature 27
Flipped feature 31
Flipped feature 33
Flipped feature 60
Flipped feature 120
Mutating...
Mutating...
Mutating...
Mutating...
Mutating...
Mutating...
Mutating...
Mutated depth
Mutating...
Mutated depth
Mutating...
Mutating...
Mutating...
Mutating...
Mutating...
Mutating...
Mutating...
Mutating...
Mutating...
Mutating...
Mutating...
Mutated depth
Mutating...
Mutating...
Mutating...
Mutating...
Mutating...
Mutating...
Mutating...
Mutating...
Mutating...
Mutated latent dimension
Mutating...
Mutating...
Mutating...
Mutating...
Mutating...
Mutating...
Mutating...
Mutating...
Mutating...
Mutated latent dimension
Mutating...
Mutating...
Mutating...
Mutating...
Flipped feature 7
Flipped feature 9
Flipped feature 28
Flipped feature 54
Flipped feature 88
Flipped feature 113
Mutating...
Mutating...
Mutating...
Mutating...
Mutating...
Mutating...
Mutating...
Mutating...
Flipped feature 11
Flipped feature 17
Flipped feature 39
Flipped feature 103
Flipped feature 108
Flipped feature 112
Flipped feature 124
Mutating...
Mutating...
Mutating...
Mutating...

Eval Fitness Gen 3 - Best Fitness: 0.3829:   4%|█████▏                                                                                                                            | 4/100 [00:02<00:50,  1.91it/s]
Mutating...
Mutating...
Mutating...

Eval Fitness Gen 3 - Best Fitness: 0.8413:   8%|██████████▍                                                                                                                       | 8/100 [00:03<00:42,  2.18it/s]
Mutating...
Mutating...
Mutating...
Mutated depth
Mutating...
Mutating...

Eval Fitness Gen 3 - Best Fitness: 0.8562:  12%|███████████████▍                                                                                                                 | 12/100 [00:05<00:43,  2.03it/s]
Mutating...
Mutating...

Eval Fitness Gen 3 - Best Fitness: 0.8562:  17%|█████████████████████▉                                                                                                           | 17/100 [00:08<00:40,  2.03it/s]
Mutating...
Mutating...
Mutating...
Mutating...

Eval Fitness Gen 3 - Best Fitness: 0.8562:  21%|███████████████████████████                                                                                                      | 21/100 [00:10<00:38,  2.03it/s]
Mutating...
Mutating...
Mutating...

Eval Fitness Gen 3 - Best Fitness: 0.8562:  25%|████████████████████████████████▎                                                                                                | 25/100 [00:12<00:36,  2.07it/s]
Mutating...
Mutating...
Mutating...

Eval Fitness Gen 3 - Best Fitness: 0.8562:  29%|█████████████████████████████████████▍                                                                                           | 29/100 [00:14<00:34,  2.07it/s]
Mutating...
Mutating...
Mutating...
Mutated depth
Mutating...

Eval Fitness Gen 3 - Best Fitness: 0.8562:  34%|███████████████████████████████████████████▊                                                                                     | 34/100 [00:16<00:32,  2.05it/s]
Mutating...
Mutating...
Mutating...
Mutating...

Eval Fitness Gen 3 - Best Fitness: 0.8562:  38%|█████████████████████████████████████████████████                                                                                | 38/100 [00:18<00:28,  2.20it/s]
Mutating...
Mutating...
Mutating...

Eval Fitness Gen 3 - Best Fitness: 0.8562:  42%|██████████████████████████████████████████████████████▏                                                                          | 42/100 [00:20<00:26,  2.21it/s]
Mutating...
Mutating...
Mutating...

Eval Fitness Gen 3 - Best Fitness: 0.8562:  47%|████████████████████████████████████████████████████████████▋                                                                    | 47/100 [00:22<00:25,  2.06it/s]
Mutating...
Mutating...
Mutating...
Mutating...
Mutating...

Eval Fitness Gen 3 - Best Fitness: 0.8562:  51%|█████████████████████████████████████████████████████████████████▊                                                               | 51/100 [00:24<00:21,  2.27it/s]
Mutating...
Mutating...
Mutated latent dimension
Mutating...

Eval Fitness Gen 3 - Best Fitness: 0.8562:  56%|████████████████████████████████████████████████████████████████████████▏                                                        | 56/100 [00:26<00:20,  2.19it/s]
Mutating...
Mutating...
Mutating...
Mutating...

Eval Fitness Gen 3 - Best Fitness: 0.8562:  60%|█████████████████████████████████████████████████████████████████████████████▍                                                   | 60/100 [00:28<00:20,  1.99it/s]
Mutating...
Mutating...
Mutating...
Mutating...

Eval Fitness Gen 3 - Best Fitness: 0.8562:  63%|█████████████████████████████████████████████████████████████████████████████████▎                                               | 63/100 [00:29<00:18,  2.03it/s]
Mutating...
Mutating...
Mutating...

Eval Fitness Gen 3 - Best Fitness: 0.8562:  67%|██████████████████████████████████████████████████████████████████████████████████████▍                                          | 67/100 [00:32<00:16,  1.96it/s]
Mutating...
Mutating...
Mutating...
Mutated latent dimension

Eval Fitness Gen 3 - Best Fitness: 0.8562:  71%|███████████████████████████████████████████████████████████████████████████████████████████▌                                     | 71/100 [00:34<00:14,  1.94it/s]
Mutating...
Flipped feature 57
Flipped feature 74
Flipped feature 101
Mutating...
Mutating...

Eval Fitness Gen 3 - Best Fitness: 0.9482:  75%|████████████████████████████████████████████████████████████████████████████████████████████████▊                                | 75/100 [00:35<00:12,  2.06it/s]
Mutating...
Mutating...
Mutating...
Mutating...
Flipped feature 31
Flipped feature 50
Flipped feature 64
Flipped feature 85
Flipped feature 111
Flipped feature 122

Eval Fitness Gen 3 - Best Fitness: 0.9482:  79%|█████████████████████████████████████████████████████████████████████████████████████████████████████▉                           | 79/100 [00:38<00:11,  1.79it/s]
Mutating...
Mutating...
Mutating...

Eval Fitness Gen 3 - Best Fitness: 0.9482:  83%|███████████████████████████████████████████████████████████████████████████████████████████████████████████                      | 83/100 [00:39<00:08,  2.03it/s]
Mutating...
Mutating...
Mutating...

Eval Fitness Gen 3 - Best Fitness: 0.9482:  87%|████████████████████████████████████████████████████████████████████████████████████████████████████████████████▏                | 87/100 [00:41<00:06,  2.10it/s]
Mutating...
Mutating...
Mutating...

Eval Fitness Gen 3 - Best Fitness: 0.9482:  91%|█████████████████████████████████████████████████████████████████████████████████████████████████████████████████████▍           | 91/100 [00:43<00:04,  2.07it/s]
Mutating...
Mutating...
Mutating...
Mutating...

Eval Fitness Gen 3 - Best Fitness: 0.9482:  96%|███████████████████████████████████████████████████████████████████████████████████████████████████████████████████████████▊     | 96/100 [00:46<00:01,  2.01it/s]
Mutating...
Mutating...
Mutating...

Eval Fitness Gen 4 - Best Fitness: 0.9482424855232239:   0%|                                                                                                                              | 0/100 [00:00<?, ?it/s]
Mutating...
Mutating...
Mutating...
Mutating...
Mutating...
Mutating...
Mutating...
Mutating...
Mutating...
Mutated latent dimension
Mutating...
Mutating...
Mutating...
Mutating...
Mutating...
Mutating...
Mutating...
Mutating...
Mutating...
Mutating...
Mutating...
Mutating...
Mutating...
Mutating...
Mutating...
Mutating...
Mutating...
Mutating...
Mutating...
Mutating...
Mutating...
Mutated depth
Mutating...
Mutating...
Mutating...
Mutating...
Mutating...
Mutating...
Mutating...
Mutating...
Mutating...
Mutating...
Mutating...
Mutated latent dimension
Mutating...
Mutating...
Mutating...
Mutating...
Mutating...
Mutating...
Mutating...
Flipped feature 42
Flipped feature 80
Flipped feature 96
Flipped feature 125
Flipped feature 135
Flipped feature 137
Mutating...
Mutating...
Mutating...
Mutating...
Mutating...
Mutating...
Mutating...
Mutating...
Mutating...
Mutating...
Mutating...
Mutating...
Mutating...
Mutating...
Mutating...
Mutating...
Mutating...
Mutating...
Mutated depth
Mutating...
Mutating...
Mutating...
Mutating...
Mutating...
Mutating...
Mutating...
Mutating...
Mutating...
Mutating...
Flipped feature 75
Flipped feature 90
Flipped feature 92
Flipped feature 96
Flipped feature 103
Flipped feature 110
Flipped feature 113
Flipped feature 132
Flipped feature 139
Mutating...
Mutating...
Mutating...
Mutating...
Mutating...
Mutating...
Mutating...
Mutating...
Mutating...
Mutating...
Mutating...
Mutating...
Mutating...
Mutating...
Mutating...
Mutating...
Mutating...
Mutating...
Mutating...
Mutating...
Mutating...
Mutating...
Mutating...
Mutated latent dimension
Mutating...
Mutating...
Mutating...
Mutating...

Eval Fitness Gen 4 - Best Fitness: 0.3475:   4%|█████▏                                                                                                                            | 4/100 [00:01<00:47,  2.03it/s]
Mutating...
Mutated depth
Mutating...
Mutated depth
Mutating...

Eval Fitness Gen 4 - Best Fitness: 0.3475:   8%|██████████▍                                                                                                                       | 8/100 [00:03<00:44,  2.07it/s]
Mutating...
Mutating...
Mutating...

Eval Fitness Gen 4 - Best Fitness: 0.4232:  12%|███████████████▍                                                                                                                 | 12/100 [00:05<00:42,  2.07it/s]
Mutating...
Mutated latent dimension
Mutating...
Mutating...

Eval Fitness Gen 4 - Best Fitness: 0.4645:  16%|████████████████████▋                                                                                                            | 16/100 [00:07<00:41,  2.05it/s]
Mutating...
Mutating...
Mutating...
Mutating...
Flipped feature 32
Flipped feature 41
Flipped feature 59
Flipped feature 78
Flipped feature 94
Flipped feature 131

Eval Fitness Gen 4 - Best Fitness: 0.4645:  21%|███████████████████████████                                                                                                      | 21/100 [00:10<00:37,  2.08it/s]
Mutating...
Mutating...
Mutated depth

Eval Fitness Gen 4 - Best Fitness: 0.6210:  26%|█████████████████████████████████▌                                                                                               | 26/100 [00:12<00:30,  2.46it/s]
Mutating...
Mutating...
Mutating...
Mutating...
Mutating...
Mutating...

Eval Fitness Gen 4 - Best Fitness: 0.6210:  30%|██████████████████████████████████████▋                                                                                          | 30/100 [00:13<00:32,  2.16it/s]
Mutating...
Mutating...
Mutating...
Mutated depth
Mutating...

Eval Fitness Gen 4 - Best Fitness: 0.6210:  34%|███████████████████████████████████████████▊                                                                                     | 34/100 [00:15<00:31,  2.08it/s]
Mutating...
Mutating...
Mutating...
Mutating...

Eval Fitness Gen 4 - Best Fitness: 0.8334:  39%|██████████████████████████████████████████████████▎                                                                              | 39/100 [00:17<00:27,  2.25it/s]
Mutating...
Mutating...
Mutating...
Mutating...

Eval Fitness Gen 4 - Best Fitness: 0.8334:  43%|███████████████████████████████████████████████████████▍                                                                         | 43/100 [00:19<00:27,  2.10it/s]
Mutating...
Mutated latent dimension
Mutating...
Mutating...
Mutated depth

Eval Fitness Gen 4 - Best Fitness: 0.8334:  48%|█████████████████████████████████████████████████████████████▉                                                                   | 48/100 [00:22<00:23,  2.20it/s]
Mutating...
Mutating...
Mutating...

Eval Fitness Gen 4 - Best Fitness: 0.8334:  52%|███████████████████████████████████████████████████████████████████                                                              | 52/100 [00:23<00:20,  2.36it/s]
Mutating...
Mutating...
Mutating...
Mutating...

Eval Fitness Gen 4 - Best Fitness: 0.8334:  57%|█████████████████████████████████████████████████████████████████████████▌                                                       | 57/100 [00:26<00:19,  2.17it/s]
Mutating...
Flipped feature 1
Flipped feature 9
Flipped feature 13
Flipped feature 39
Flipped feature 49
Flipped feature 52
Flipped feature 56
Flipped feature 75
Flipped feature 104
Flipped feature 117
Flipped feature 132
Flipped feature 135
Mutating...
Mutating...
Mutating...

Eval Fitness Gen 4 - Best Fitness: 0.8334:  61%|██████████████████████████████████████████████████████████████████████████████▋                                                  | 61/100 [00:28<00:19,  2.05it/s]
Mutating...
Mutating...
Mutating...

Eval Fitness Gen 4 - Best Fitness: 0.8334:  65%|███████████████████████████████████████████████████████████████████████████████████▊                                             | 65/100 [00:29<00:15,  2.26it/s]
Mutating...
Mutating...
Mutating...

Eval Fitness Gen 4 - Best Fitness: 0.8334:  69%|█████████████████████████████████████████████████████████████████████████████████████████                                        | 69/100 [00:31<00:15,  2.04it/s]
Mutating...
Mutating...
Mutating...

Eval Fitness Gen 4 - Best Fitness: 0.8334:  73%|██████████████████████████████████████████████████████████████████████████████████████████████▏                                  | 73/100 [00:33<00:13,  2.03it/s]
Mutating...
Mutating...
Mutating...

Eval Fitness Gen 4 - Best Fitness: 0.8334:  77%|███████████████████████████████████████████████████████████████████████████████████████████████████▎                             | 77/100 [00:35<00:11,  2.06it/s]
Mutating...
Mutating...
Mutating...

Eval Fitness Gen 4 - Best Fitness: 0.8334:  80%|███████████████████████████████████████████████████████████████████████████████████████████████████████▏                         | 80/100 [00:37<00:09,  2.00it/s]
Mutating...
Mutating...
Mutating...

Eval Fitness Gen 4 - Best Fitness: 0.8334:  85%|█████████████████████████████████████████████████████████████████████████████████████████████████████████████▋                   | 85/100 [00:39<00:07,  1.99it/s]
Mutating...
Mutating...
Mutated latent dimension
Mutating...

Eval Fitness Gen 4 - Best Fitness: 0.8334:  89%|██████████████████████████████████████████████████████████████████████████████████████████████████████████████████▊              | 89/100 [00:41<00:04,  2.29it/s]
Mutating...
Flipped feature 11
Flipped feature 29
Flipped feature 55
Flipped feature 96
Flipped feature 115
Flipped feature 137
Mutating...
Mutating...
Mutating...

Eval Fitness Gen 4 - Best Fitness: 0.8334:  93%|███████████████████████████████████████████████████████████████████████████████████████████████████████████████████████▉         | 93/100 [00:43<00:03,  2.06it/s]
Mutating...
Mutating...
Mutating...

Eval Fitness Gen 4 - Best Fitness: 0.8334:  98%|██████████████████████████████████████████████████████████████████████████████████████████████████████████████████████████████▍  | 98/100 [00:45<00:00,  2.35it/s]
Mutating...
Mutating...
Mutating...
Mutating...

Eval Fitness Gen 5 - Best Fitness: 0.0301:   2%|██▌                                                                                                                               | 2/100 [00:00<00:45,  2.17it/s]
Mutating...
Mutated latent dimension
Mutating...
Mutating...
Mutating...
Flipped feature 8
Flipped feature 13
Flipped feature 52
Flipped feature 68
Flipped feature 71
Flipped feature 73
Flipped feature 75
Flipped feature 86
Flipped feature 113
Flipped feature 130
Flipped feature 139
Mutating...
Mutating...
Mutating...
Mutating...
Mutating...
Mutating...
Mutating...
Mutating...
Mutated latent dimension
Mutating...
Flipped feature 19
Flipped feature 21
Flipped feature 25
Flipped feature 40
Flipped feature 55
Flipped feature 81
Flipped feature 119
Flipped feature 124
Flipped feature 127
Mutating...
Mutating...
Mutating...
Flipped feature 4
Flipped feature 59
Flipped feature 61
Flipped feature 64
Flipped feature 96
Flipped feature 124
Mutating...
Flipped feature 15
Flipped feature 20
Flipped feature 63
Flipped feature 77
Flipped feature 94
Flipped feature 137
Mutated depth
Mutating...
Mutating...
Mutating...
Mutating...
Mutating...
Mutated latent dimension
Mutating...
Mutating...
Mutating...
Mutating...
Mutating...
Mutating...
Mutating...
Flipped feature 15
Flipped feature 21
Flipped feature 23
Flipped feature 35
Flipped feature 39
Flipped feature 41
Flipped feature 46
Flipped feature 52
Flipped feature 61
Flipped feature 76
Flipped feature 90
Flipped feature 113
Mutated latent dimension
Mutating...
Mutating...
Flipped feature 3
Flipped feature 85
Flipped feature 129
Mutated latent dimension
Mutating...
Mutating...
Mutating...
Mutating...
Mutating...
Mutating...
Mutating...
Mutating...
Mutating...
Mutating...
Mutating...
Mutating...
Mutating...
Mutating...
Mutating...
Mutating...
Mutated depth
Mutating...
Mutating...
Mutating...
Mutating...
Mutating...
Mutated depth
Mutating...
Mutating...
Mutating...
Mutating...
Mutating...
Mutating...
Mutating...
Mutating...
Mutating...
Mutating...
Mutating...
Mutated depth
Mutating...
Mutating...
Flipped feature 5
Flipped feature 10
Flipped feature 87
Flipped feature 88
Flipped feature 116
Mutating...
Mutating...
Mutating...
Mutating...
Mutating...
Mutating...
Mutating...
Mutating...
Mutating...
Mutating...
Mutating...
Mutating...
Mutating...
Mutating...
Mutating...
Mutating...
Mutated latent dimension
Mutating...
Mutating...
Mutating...
Mutating...
Mutating...
Mutating...
Mutating...
Mutating...
Mutating...
Mutated depth
Mutating...
Mutating...
Flipped feature 16
Flipped feature 47
Flipped feature 58
Flipped feature 114
Flipped feature 124
Flipped feature 134
Flipped feature 139
Mutating...
Mutating...
Mutating...
Mutated depth
Mutating...
Mutating...
Flipped feature 1
Flipped feature 36
Flipped feature 41
Flipped feature 85
Flipped feature 122
Mutating...
Mutating...
Mutating...
Mutating...
Mutating...
Mutated latent dimension
Mutating...

Eval Fitness Gen 5 - Best Fitness: 0.4451:   7%|█████████                                                                                                                         | 7/100 [00:03<00:37,  2.45it/s]
Mutating...
Mutating...
Mutating...
Mutating...

Eval Fitness Gen 5 - Best Fitness: 0.4451:  12%|███████████████▍                                                                                                                 | 12/100 [00:04<00:35,  2.48it/s]
Mutating...
Flipped feature 26
Flipped feature 33
Flipped feature 40
Flipped feature 49
Flipped feature 59
Flipped feature 60
Flipped feature 91
Flipped feature 92
Flipped feature 94
Flipped feature 131
Flipped feature 132
Flipped feature 136
Mutating...
Mutating...
Mutated latent dimension
Mutating...

Eval Fitness Gen 5 - Best Fitness: 0.8394:  16%|████████████████████▋                                                                                                            | 16/100 [00:06<00:37,  2.26it/s]
Mutating...
Mutated latent dimension
Mutating...
Mutating...

Eval Fitness Gen 5 - Best Fitness: 0.8394:  21%|███████████████████████████                                                                                                      | 21/100 [00:09<00:37,  2.10it/s]
Mutating...
Mutating...
Flipped feature 6
Flipped feature 35
Flipped feature 85
Flipped feature 100
Flipped feature 129
Mutating...
Mutated latent dimension

Eval Fitness Gen 5 - Best Fitness: 0.8394:  25%|████████████████████████████████▎                                                                                                | 25/100 [00:11<00:36,  2.05it/s]
Mutating...
Mutated depth
Mutating...
Mutating...
Mutated depth

Eval Fitness Gen 5 - Best Fitness: 0.8394:  29%|█████████████████████████████████████▍                                                                                           | 29/100 [00:13<00:33,  2.12it/s]
Mutating...
Mutated depth
Mutating...
Mutating...
Mutating...

Eval Fitness Gen 5 - Best Fitness: 0.8394:  34%|███████████████████████████████████████████▊                                                                                     | 34/100 [00:15<00:30,  2.16it/s]
Mutating...
Mutating...
Mutating...
Mutating...

Eval Fitness Gen 5 - Best Fitness: 0.8394:  38%|█████████████████████████████████████████████████                                                                                | 38/100 [00:17<00:29,  2.13it/s]
Mutating...
Mutating...
Mutating...

Eval Fitness Gen 5 - Best Fitness: 0.8394:  42%|██████████████████████████████████████████████████████▏                                                                          | 42/100 [00:19<00:27,  2.08it/s]
Mutating...
Mutating...
Mutating...

Eval Fitness Gen 5 - Best Fitness: 0.8394:  46%|███████████████████████████████████████████████████████████▎                                                                     | 46/100 [00:20<00:26,  2.05it/s]
Mutating...
Mutating...
Mutating...
Mutated latent dimension

Eval Fitness Gen 5 - Best Fitness: 0.8394:  51%|█████████████████████████████████████████████████████████████████▊                                                               | 51/100 [00:23<00:21,  2.24it/s]
Mutating...
Mutating...
Mutated latent dimension
Mutating...
Mutating...

Eval Fitness Gen 5 - Best Fitness: 0.8394:  56%|████████████████████████████████████████████████████████████████████████▏                                                        | 56/100 [00:25<00:18,  2.35it/s]
Mutating...
Mutating...
Mutating...

Eval Fitness Gen 5 - Best Fitness: 0.8394:  60%|█████████████████████████████████████████████████████████████████████████████▍                                                   | 60/100 [00:27<00:19,  2.08it/s]
Mutating...
Flipped feature 21
Flipped feature 41
Flipped feature 74
Flipped feature 121
Flipped feature 122
Flipped feature 128
Mutated depth
Mutating...
Mutated depth

Eval Fitness Gen 5 - Best Fitness: 0.8394:  64%|██████████████████████████████████████████████████████████████████████████████████▌                                              | 64/100 [00:29<00:17,  2.06it/s]
Mutating...
Mutating...
Mutated latent dimension
Mutating...

Eval Fitness Gen 5 - Best Fitness: 0.8394:  68%|███████████████████████████████████████████████████████████████████████████████████████▋                                         | 68/100 [00:31<00:16,  2.00it/s]
Mutating...
Mutating...
Mutating...

Eval Fitness Gen 5 - Best Fitness: 0.8394:  72%|████████████████████████████████████████████████████████████████████████████████████████████▉                                    | 72/100 [00:33<00:13,  2.11it/s]
Mutating...
Flipped feature 11
Flipped feature 32
Flipped feature 55
Flipped feature 67
Flipped feature 100
Mutating...
Mutating...
Mutating...

Eval Fitness Gen 5 - Best Fitness: 0.8394:  76%|██████████████████████████████████████████████████████████████████████████████████████████████████                               | 76/100 [00:35<00:12,  1.99it/s]
Mutating...
Mutating...
Mutating...
Mutated depth

Eval Fitness Gen 5 - Best Fitness: 0.8394:  80%|███████████████████████████████████████████████████████████████████████████████████████████████████████▏                         | 80/100 [00:37<00:09,  2.06it/s]
Mutating...
Mutating...
Flipped feature 12
Flipped feature 28
Flipped feature 38
Flipped feature 39
Flipped feature 73
Flipped feature 86
Flipped feature 130
Mutating...

Eval Fitness Gen 5 - Best Fitness: 0.8394:  85%|█████████████████████████████████████████████████████████████████████████████████████████████████████████████▋                   | 85/100 [00:39<00:06,  2.15it/s]
Mutating...
Mutating...
Mutating...

Eval Fitness Gen 5 - Best Fitness: 0.8394:  89%|██████████████████████████████████████████████████████████████████████████████████████████████████████████████████▊              | 89/100 [00:41<00:04,  2.30it/s]
Mutating...
Mutating...
Mutating...
Mutating...
Mutating...

Eval Fitness Gen 5 - Best Fitness: 0.8394:  94%|█████████████████████████████████████████████████████████████████████████████████████████████████████████████████████████▎       | 94/100 [00:43<00:02,  2.31it/s]
Mutating...
Flipped feature 68
Flipped feature 74
Flipped feature 82
Flipped feature 93
Flipped feature 114
Mutating...
Mutating...
Mutated depth
Mutating...
Mutating...

Eval Fitness Gen 5 - Best Fitness: 0.8394:  98%|██████████████████████████████████████████████████████████████████████████████████████████████████████████████████████████████▍  | 98/100 [00:45<00:00,  2.15it/s]
Mutating...
Flipped feature 38
Flipped feature 48
Flipped feature 72
Flipped feature 118
Flipped feature 129
Mutating...
Mutating...

Eval Fitness Gen 6 - Best Fitness: 0.3083:   2%|██▌                                                                                                                               | 2/100 [00:00<00:47,  2.05it/s]
Mutating...
Mutating...
Mutating...
Mutated latent dimension
Mutating...
Mutating...
Flipped feature 36
Flipped feature 42
Flipped feature 51
Flipped feature 71
Flipped feature 103
Flipped feature 113
Flipped feature 128
Flipped feature 131
Flipped feature 140
Mutated latent dimension
Mutating...
Mutating...
Mutating...
Mutating...
Mutating...
Mutating...
Mutating...
Mutating...
Mutating...
Mutating...
Mutating...
Mutating...
Mutating...
Mutating...
Mutating...
Mutating...
Mutating...
Mutating...
Mutating...
Mutating...
Mutating...
Mutating...
Mutating...
Mutating...
Mutating...
Mutated depth
Mutated latent dimension
Mutating...
Mutating...
Flipped feature 10
Flipped feature 11
Flipped feature 28
Mutating...
Mutating...
Mutating...
Mutating...
Mutating...
Flipped feature 6
Flipped feature 41
Flipped feature 43
Flipped feature 80
Flipped feature 121
Flipped feature 125
Mutating...
Mutated depth
Mutating...
Mutating...
Mutating...
Mutating...
Mutating...
Mutating...
Mutating...
Mutating...
Flipped feature 67
Flipped feature 75
Flipped feature 139
Mutating...
Mutating...
Mutating...
Mutating...
Mutated depth
Mutating...
Mutating...
Mutating...
Mutated latent dimension
Mutating...
Mutating...
Mutating...
Mutating...
Mutating...
Mutating...
Mutating...
Mutating...
Mutating...
Mutating...
Mutating...
Mutating...
Mutated latent dimension
Mutating...
Mutating...
Flipped feature 37
Flipped feature 40
Flipped feature 57
Flipped feature 87
Flipped feature 89
Mutating...
Mutating...
Mutating...
Mutating...
Mutating...
Mutating...
Mutating...
Mutating...
Mutating...
Mutating...
Mutating...
Mutating...
Mutating...
Mutating...
Mutating...
Mutating...
Mutating...
Mutating...
Mutating...
Mutating...
Mutating...
Flipped feature 65
Flipped feature 72
Flipped feature 74
Flipped feature 77
Flipped feature 89
Flipped feature 94
Mutating...
Mutating...
Flipped feature 43
Flipped feature 71
Flipped feature 75
Flipped feature 78
Flipped feature 116
Flipped feature 131
Mutating...
Mutating...
Mutating...
Mutating...
Mutating...
Mutating...
Mutating...
Mutating...
Mutating...
Mutating...
Mutating...
Mutated latent dimension
Mutating...
Mutated latent dimension
Mutating...
Mutating...

Eval Fitness Gen 6 - Best Fitness: 0.3083:   6%|███████▊                                                                                                                          | 6/100 [00:02<00:44,  2.11it/s]
Mutating...
Mutating...
Mutating...

Eval Fitness Gen 6 - Best Fitness: 0.5780:   9%|███████████▋                                                                                                                      | 9/100 [00:04<00:45,  2.00it/s]
Mutating...
Mutated latent dimension
Mutating...
Mutating...
Mutating...
Mutating...
Flipped feature 12
Flipped feature 24
Flipped feature 27
Flipped feature 48
Flipped feature 53
Flipped feature 68
Flipped feature 78
Flipped feature 86

Eval Fitness Gen 6 - Best Fitness: 0.5780:  14%|██████████████████                                                                                                               | 14/100 [00:06<00:39,  2.16it/s]
Mutating...
Mutating...
Mutating...

Eval Fitness Gen 6 - Best Fitness: 0.5780:  19%|████████████████████████▌                                                                                                        | 19/100 [00:08<00:34,  2.34it/s]
Mutating...
Flipped feature 4
Flipped feature 5
Flipped feature 16
Flipped feature 33
Flipped feature 70
Flipped feature 75
Flipped feature 137
Mutated latent dimension
Mutating...
Mutating...
Mutating...

Eval Fitness Gen 6 - Best Fitness: 0.5780:  23%|█████████████████████████████▋                                                                                                   | 23/100 [00:10<00:37,  2.07it/s]
Mutating...
Mutating...
Mutating...

Eval Fitness Gen 6 - Best Fitness: 0.5780:  27%|██████████████████████████████████▊                                                                                              | 27/100 [00:12<00:34,  2.13it/s]
Mutating...
Mutating...
Mutating...

Eval Fitness Gen 6 - Best Fitness: 0.9943:  32%|█████████████████████████████████████████▎                                                                                       | 32/100 [00:15<00:31,  2.14it/s]
Mutating...
Mutating...
Mutating...
Flipped feature 45
Flipped feature 53
Flipped feature 90
Flipped feature 111

Eval Fitness Gen 6 - Best Fitness: 0.9943:  35%|█████████████████████████████████████████████▏                                                                                   | 35/100 [00:16<00:31,  2.05it/s]
Mutating...
Mutating...
Mutating...

Eval Fitness Gen 6 - Best Fitness: 0.9943:  40%|███████████████████████████████████████████████████▌                                                                             | 40/100 [00:18<00:28,  2.08it/s]
Mutating...
Mutating...
Mutating...

Eval Fitness Gen 6 - Best Fitness: 0.9943:  44%|████████████████████████████████████████████████████████▊                                                                        | 44/100 [00:20<00:27,  2.03it/s]
Mutating...
Mutated depth
Mutating...
Mutating...

Eval Fitness Gen 6 - Best Fitness: 0.9943:  48%|█████████████████████████████████████████████████████████████▉                                                                   | 48/100 [00:23<00:26,  1.96it/s]
Mutating...
Mutating...
Mutating...

Eval Fitness Gen 6 - Best Fitness: 0.9943:  52%|███████████████████████████████████████████████████████████████████                                                              | 52/100 [00:24<00:23,  2.06it/s]
Mutating...
Mutating...
Mutating...
Mutating...

Eval Fitness Gen 6 - Best Fitness: 0.9943:  57%|█████████████████████████████████████████████████████████████████████████▌                                                       | 57/100 [00:27<00:19,  2.17it/s]
Mutating...
Mutating...
Mutating...

Eval Fitness Gen 6 - Best Fitness: 0.9943:  61%|██████████████████████████████████████████████████████████████████████████████▋                                                  | 61/100 [00:29<00:18,  2.12it/s]
Mutating...
Mutating...
Mutating...

Eval Fitness Gen 6 - Best Fitness: 0.9943:  66%|█████████████████████████████████████████████████████████████████████████████████████▏                                           | 66/100 [00:31<00:14,  2.29it/s]
Mutating...
Mutating...
Mutating...
Mutating...
Mutated depth

Eval Fitness Gen 6 - Best Fitness: 0.9943:  70%|██████████████████████████████████████████████████████████████████████████████████████████▎                                      | 70/100 [00:33<00:14,  2.08it/s]
Mutating...
Mutating...
Mutating...

Eval Fitness Gen 6 - Best Fitness: 0.9943:  74%|███████████████████████████████████████████████████████████████████████████████████████████████▍                                 | 74/100 [00:35<00:11,  2.27it/s]
Mutating...
Mutating...
Mutating...
Mutating...
Mutated depth
Mutating...
Mutated depth

Eval Fitness Gen 6 - Best Fitness: 0.9943:  78%|████████████████████████████████████████████████████████████████████████████████████████████████████▌                            | 78/100 [00:37<00:11,  1.98it/s]
Mutating...
Mutating...
Mutating...
Mutating...

Eval Fitness Gen 6 - Best Fitness: 0.9943:  82%|█████████████████████████████████████████████████████████████████████████████████████████████████████████▊                       | 82/100 [00:38<00:08,  2.21it/s]
Mutating...
Mutating...
Mutating...
Mutating...

Eval Fitness Gen 6 - Best Fitness: 0.9943:  87%|████████████████████████████████████████████████████████████████████████████████████████████████████████████████▏                | 87/100 [00:41<00:05,  2.34it/s]
Mutating...
Mutating...
Mutating...
Flipped feature 23
Flipped feature 35
Flipped feature 56
Flipped feature 66
Flipped feature 74
Flipped feature 87
Flipped feature 94
Flipped feature 107
Mutating...

Eval Fitness Gen 6 - Best Fitness: 0.9943:  92%|██████████████████████████████████████████████████████████████████████████████████████████████████████████████████████▋          | 92/100 [00:43<00:03,  2.28it/s]
Mutating...
Mutating...
Mutating...
Mutating...

Eval Fitness Gen 6 - Best Fitness: 0.9943:  96%|███████████████████████████████████████████████████████████████████████████████████████████████████████████████████████████▊     | 96/100 [00:45<00:01,  2.31it/s]
Mutating...
Mutating...
Mutating...
Mutating...
Mutated depth
Mutating...

Eval Fitness Gen 7 - Best Fitness: 0.9942770600318909:   0%|                                                                                                                              | 0/100 [00:00<?, ?it/s]
Mutating...
Mutating...
Mutating...
Mutating...
Mutating...
Mutating...
Mutating...
Mutated depth
Mutating...
Mutating...
Mutating...
Flipped feature 14
Flipped feature 22
Flipped feature 33
Flipped feature 67
Flipped feature 94
Flipped feature 125
Flipped feature 136
Flipped feature 140
Mutating...
Mutating...
Mutating...
Mutating...
Mutating...
Mutating...
Mutating...
Mutating...
Mutating...
Mutating...
Mutated latent dimension
Mutating...
Flipped feature 5
Flipped feature 51
Flipped feature 98
Flipped feature 106
Mutating...
Mutating...
Mutating...
Flipped feature 66
Flipped feature 77
Flipped feature 98
Flipped feature 132
Mutating...
Mutated latent dimension
Mutating...
Mutating...
Mutating...
Mutating...
Mutating...
Mutating...
Mutating...
Mutating...
Mutating...
Flipped feature 2
Flipped feature 10
Flipped feature 20
Flipped feature 21
Flipped feature 60
Flipped feature 75
Flipped feature 91
Flipped feature 134
Flipped feature 135
Mutating...
Mutating...
Flipped feature 7
Flipped feature 26
Flipped feature 42
Flipped feature 51
Flipped feature 59
Flipped feature 61
Flipped feature 107
Flipped feature 112
Flipped feature 121
Flipped feature 124
Flipped feature 129
Flipped feature 131
Mutating...
Mutated latent dimension
Mutating...
Mutating...
Mutating...
Mutating...
Mutating...
Mutating...
Mutating...
Mutating...
Mutating...
Mutated depth
Mutating...
Mutating...
Mutating...
Mutating...
Mutating...
Mutating...
Mutating...
Mutating...
Mutating...
Mutating...
Mutating...
Mutated latent dimension
Mutating...
Mutating...
Mutating...
Mutating...
Mutated depth
Mutating...
Mutating...
Mutating...
Mutating...
Mutating...
Mutating...
Mutating...
Mutating...
Mutating...
Mutating...
Mutated depth
Mutating...
Mutating...
Mutated depth
Mutating...
Mutating...
Mutating...
Mutating...
Mutating...
Flipped feature 2
Flipped feature 5
Flipped feature 7
Flipped feature 47
Flipped feature 51
Flipped feature 58
Flipped feature 64
Flipped feature 92
Flipped feature 93
Flipped feature 135
Mutating...
Mutating...
Mutating...
Mutating...
Mutating...
Mutating...
Mutated latent dimension
Mutating...
Mutating...
Mutating...
Mutating...
Mutating...
Mutating...
Flipped feature 25
Flipped feature 48
Flipped feature 89
Flipped feature 92
Flipped feature 97
Flipped feature 102
Flipped feature 128
Flipped feature 131
Mutating...
Mutating...
Mutating...
Mutating...
Mutating...
Mutated depth
Mutating...
Mutating...
Mutating...
Mutating...
Mutating...
Mutated latent dimension
Mutating...
Mutating...
Mutating...

Eval Fitness Gen 7 - Best Fitness: 0.8769:   5%|██████▌                                                                                                                           | 5/100 [00:02<00:42,  2.23it/s]
Mutating...
Mutating...
Mutated depth
Mutating...

Eval Fitness Gen 7 - Best Fitness: 0.8769:   9%|███████████▋                                                                                                                      | 9/100 [00:04<00:42,  2.16it/s]
Mutating...
Mutating...
Flipped feature 30
Flipped feature 43
Flipped feature 78
Flipped feature 88
Flipped feature 104
Flipped feature 117
Flipped feature 136
Flipped feature 138
Mutating...
Mutating...

Eval Fitness Gen 7 - Best Fitness: 0.8769:  13%|████████████████▊                                                                                                                | 13/100 [00:06<00:43,  2.02it/s]
Mutating...
Mutating...

Eval Fitness Gen 7 - Best Fitness: 0.8769:  18%|███████████████████████▏                                                                                                         | 18/100 [00:08<00:36,  2.23it/s]
Mutating...
Mutating...
Mutating...
Mutating...
Flipped feature 35
Flipped feature 37
Flipped feature 105
Flipped feature 112
Flipped feature 117

Eval Fitness Gen 7 - Best Fitness: 0.8769:  22%|████████████████████████████▍                                                                                                    | 22/100 [00:09<00:33,  2.33it/s]
Mutating...
Mutating...
Mutating...
Mutating...

Eval Fitness Gen 7 - Best Fitness: 0.8769:  27%|██████████████████████████████████▊                                                                                              | 27/100 [00:12<00:32,  2.28it/s]
Mutating...
Mutating...
Mutating...
Mutated depth
Mutating...

Eval Fitness Gen 7 - Best Fitness: 0.8769:  31%|███████████████████████████████████████▉                                                                                         | 31/100 [00:14<00:32,  2.11it/s]
Mutating...
Mutated latent dimension
Mutating...
Mutating...
Mutated latent dimension

Eval Fitness Gen 7 - Best Fitness: 0.8769:  35%|█████████████████████████████████████████████▏                                                                                   | 35/100 [00:16<00:33,  1.96it/s]
Mutating...
Mutating...
Mutating...

Eval Fitness Gen 7 - Best Fitness: 0.8769:  38%|█████████████████████████████████████████████████                                                                                | 38/100 [00:17<00:30,  2.04it/s]
Mutating...
Mutating...
Mutating...
Mutating...
Mutated depth

Eval Fitness Gen 7 - Best Fitness: 0.8769:  43%|███████████████████████████████████████████████████████▍                                                                         | 43/100 [00:19<00:28,  2.03it/s]
Mutating...
Mutating...
Flipped feature 51
Flipped feature 69
Flipped feature 74
Flipped feature 96
Mutating...

Eval Fitness Gen 7 - Best Fitness: 0.8769:  48%|█████████████████████████████████████████████████████████████▉                                                                   | 48/100 [00:21<00:19,  2.64it/s]
Mutating...
Mutating...
Mutating...
Mutating...
Mutating...

Eval Fitness Gen 7 - Best Fitness: 0.8769:  52%|███████████████████████████████████████████████████████████████████                                                              | 52/100 [00:23<00:20,  2.38it/s]
Mutating...
Mutating...
Mutating...
Mutating...
Flipped feature 39
Flipped feature 44
Flipped feature 52
Flipped feature 59
Flipped feature 60
Flipped feature 73
Flipped feature 81
Flipped feature 96
Flipped feature 111

Eval Fitness Gen 7 - Best Fitness: 0.8769:  57%|█████████████████████████████████████████████████████████████████████████▌                                                       | 57/100 [00:25<00:20,  2.15it/s]
Mutating...
Mutated latent dimension
Mutating...
Mutated latent dimension
Mutating...
Flipped feature 27
Flipped feature 28
Flipped feature 61
Flipped feature 74
Flipped feature 110
Flipped feature 124
Flipped feature 140

Eval Fitness Gen 7 - Best Fitness: 0.8769:  62%|███████████████████████████████████████████████████████████████████████████████▉                                                 | 62/100 [00:27<00:14,  2.66it/s]
Mutating...
Mutating...
Mutating...
Mutating...
Mutated latent dimension
Mutating...
Mutating...

Eval Fitness Gen 7 - Best Fitness: 0.8769:  66%|█████████████████████████████████████████████████████████████████████████████████████▏                                           | 66/100 [00:29<00:15,  2.20it/s]
Mutating...
Mutating...
Mutating...

Eval Fitness Gen 7 - Best Fitness: 0.8769:  70%|██████████████████████████████████████████████████████████████████████████████████████████▎                                      | 70/100 [00:31<00:14,  2.07it/s]
Mutating...
Mutating...
Mutating...
Mutating...

Eval Fitness Gen 7 - Best Fitness: 0.8769:  75%|████████████████████████████████████████████████████████████████████████████████████████████████▊                                | 75/100 [00:34<00:12,  2.02it/s]
Mutating...
Mutated depth
Mutating...
Mutating...
Flipped feature 24
Flipped feature 28
Flipped feature 37
Flipped feature 47
Flipped feature 74
Flipped feature 77
Flipped feature 119
Flipped feature 121
Flipped feature 128
Mutating...

Eval Fitness Gen 7 - Best Fitness: 0.8769:  78%|████████████████████████████████████████████████████████████████████████████████████████████████████▌                            | 78/100 [00:35<00:11,  1.92it/s]
Mutating...
Mutating...
Mutating...
Mutated latent dimension

Eval Fitness Gen 7 - Best Fitness: 0.8769:  82%|█████████████████████████████████████████████████████████████████████████████████████████████████████████▊                       | 82/100 [00:37<00:09,  1.94it/s]
Mutating...
Mutating...
Mutating...

Eval Fitness Gen 7 - Best Fitness: 0.8769:  86%|██████████████████████████████████████████████████████████████████████████████████████████████████████████████▉                  | 86/100 [00:39<00:06,  2.01it/s]
Mutating...
Mutating...
Mutating...

Eval Fitness Gen 7 - Best Fitness: 0.8769:  90%|████████████████████████████████████████████████████████████████████████████████████████████████████████████████████             | 90/100 [00:41<00:05,  1.94it/s]
Mutating...
Mutating...
Mutating...

Eval Fitness Gen 7 - Best Fitness: 0.8769:  94%|█████████████████████████████████████████████████████████████████████████████████████████████████████████████████████████▎       | 94/100 [00:43<00:03,  1.92it/s]
Mutating...
Mutating...
Mutating...

Eval Fitness Gen 7 - Best Fitness: 0.8769:  99%|███████████████████████████████████████████████████████████████████████████████████████████████████████████████████████████████▋ | 99/100 [00:46<00:00,  2.07it/s]
Mutating...
Mutating...
Mutating...

Eval Fitness Gen 8 - Best Fitness: 0.6560:   3%|███▉                                                                                                                              | 3/100 [00:01<00:50,  1.94it/s]
Mutating...
Mutating...
Mutated latent dimension
Mutating...
Mutating...
Mutating...
Mutating...
Mutating...
Flipped feature 31
Flipped feature 41
Flipped feature 47
Flipped feature 55
Flipped feature 81
Flipped feature 88
Flipped feature 90
Flipped feature 107
Flipped feature 116
Flipped feature 126
Flipped feature 135
Flipped feature 139
Mutating...
Mutating...
Mutating...
Mutating...
Mutating...
Flipped feature 11
Flipped feature 28
Flipped feature 48
Flipped feature 60
Flipped feature 71
Flipped feature 95
Flipped feature 112
Flipped feature 123
Flipped feature 133
Flipped feature 138
Mutating...
Mutating...
Mutating...
Mutating...
Mutated latent dimension
Mutating...
Mutating...
Mutating...
Mutated latent dimension
Mutating...
Mutating...
Mutating...
Mutating...
Flipped feature 21
Flipped feature 73
Flipped feature 89
Flipped feature 92
Flipped feature 107
Flipped feature 126
Mutating...
Flipped feature 0
Flipped feature 57
Flipped feature 62
Flipped feature 80
Flipped feature 84
Flipped feature 91
Flipped feature 99
Mutating...
Flipped feature 8
Flipped feature 31
Flipped feature 73
Flipped feature 78
Flipped feature 87
Flipped feature 134
Mutating...
Mutating...
Mutating...
Mutating...
Mutating...
Mutating...
Mutating...
Mutating...
Mutating...
Mutated depth
Mutating...
Mutating...
Mutating...
Mutating...
Mutating...
Mutating...
Mutating...
Mutating...
Mutating...
Mutating...
Mutating...
Mutating...
Mutating...
Mutating...
Mutating...
Mutating...
Mutating...
Mutating...
Mutating...
Mutating...
Mutating...
Mutating...
Mutating...
Mutating...
Mutating...
Mutating...
Mutating...
Mutating...
Mutating...
Mutating...
Mutating...
Mutating...
Mutating...
Mutating...
Mutating...
Mutating...
Mutating...
Mutating...
Mutating...
Mutated depth
Mutating...
Mutating...
Mutating...
Mutating...
Mutating...
Mutating...
Mutated depth
Mutating...
Mutating...
Mutating...
Mutating...
Mutating...
Mutating...
Mutating...
Mutating...
Flipped feature 20
Flipped feature 48
Flipped feature 50
Flipped feature 55
Flipped feature 58
Flipped feature 81
Flipped feature 88
Mutating...
Mutating...
Mutating...
Mutating...
Mutating...
Mutating...
Mutating...
Mutating...
Mutating...
Mutating...
Mutating...
Mutated latent dimension
Mutating...
Mutating...
Mutating...
Mutating...
Flipped feature 36
Flipped feature 93
Flipped feature 100
Flipped feature 123
Mutating...

Eval Fitness Gen 8 - Best Fitness: 0.6560:   7%|█████████                                                                                                                         | 7/100 [00:03<00:47,  1.95it/s]
Mutating...
Mutating...
Mutating...

Eval Fitness Gen 8 - Best Fitness: 0.6560:  11%|██████████████▏                                                                                                                  | 11/100 [00:05<00:43,  2.05it/s]
Mutating...
Mutating...
Mutating...

Eval Fitness Gen 8 - Best Fitness: 0.6560:  15%|███████████████████▎                                                                                                             | 15/100 [00:07<00:42,  2.00it/s]
Mutating...
Mutating...
Mutating...

Eval Fitness Gen 8 - Best Fitness: 0.7184:  20%|█████████████████████████▊                                                                                                       | 20/100 [00:09<00:32,  2.46it/s]
Mutating...
Mutating...
Mutating...
Mutating...
Mutating...

Eval Fitness Gen 8 - Best Fitness: 0.8013:  25%|████████████████████████████████▎                                                                                                | 25/100 [00:11<00:33,  2.22it/s]
Mutating...
Mutating...
Mutated depth
Mutating...

Eval Fitness Gen 8 - Best Fitness: 0.8013:  30%|██████████████████████████████████████▋                                                                                          | 30/100 [00:13<00:28,  2.43it/s]
Mutating...
Mutating...
Mutating...
Mutated latent dimension
Mutating...
Mutating...
Flipped feature 38
Flipped feature 72
Flipped feature 73
Flipped feature 94

Eval Fitness Gen 8 - Best Fitness: 0.8013:  34%|███████████████████████████████████████████▊                                                                                     | 34/100 [00:15<00:28,  2.31it/s]
Mutating...
Mutating...
Mutating...

Eval Fitness Gen 8 - Best Fitness: 0.8013:  39%|██████████████████████████████████████████████████▎                                                                              | 39/100 [00:17<00:25,  2.42it/s]
Mutating...
Mutating...
Mutating...
Mutating...
Mutating...

Eval Fitness Gen 8 - Best Fitness: 0.8013:  43%|███████████████████████████████████████████████████████▍                                                                         | 43/100 [00:19<00:26,  2.19it/s]
Mutating...
Mutating...
Flipped feature 46
Flipped feature 60
Flipped feature 73
Flipped feature 113
Flipped feature 120
Flipped feature 124
Mutating...
Mutating...
Flipped feature 1
Flipped feature 16
Flipped feature 48
Flipped feature 51
Flipped feature 80
Flipped feature 107
Flipped feature 126
Flipped feature 137

Eval Fitness Gen 8 - Best Fitness: 0.8013:  47%|████████████████████████████████████████████████████████████▋                                                                    | 47/100 [00:21<00:24,  2.12it/s]
Mutating...
Mutating...
Mutating...

Eval Fitness Gen 8 - Best Fitness: 0.8013:  52%|███████████████████████████████████████████████████████████████████                                                              | 52/100 [00:23<00:21,  2.24it/s]
Mutating...
Mutating...
Mutating...
Flipped feature 20
Flipped feature 38
Flipped feature 62
Flipped feature 74
Flipped feature 85
Flipped feature 86
Flipped feature 90
Flipped feature 94
Mutated depth

Eval Fitness Gen 8 - Best Fitness: 0.8013:  56%|████████████████████████████████████████████████████████████████████████▏                                                        | 56/100 [00:25<00:20,  2.11it/s]
Mutating...
Mutating...
Mutating...

Eval Fitness Gen 8 - Best Fitness: 0.8013:  59%|████████████████████████████████████████████████████████████████████████████                                                     | 59/100 [00:27<00:19,  2.11it/s]
Mutating...
Mutating...
Mutating...
Mutating...

Eval Fitness Gen 8 - Best Fitness: 0.8013:  64%|██████████████████████████████████████████████████████████████████████████████████▌                                              | 64/100 [00:29<00:17,  2.10it/s]
Mutating...
Mutating...
Mutating...
Mutating...
Flipped feature 36
Flipped feature 53
Flipped feature 65
Flipped feature 81

Eval Fitness Gen 8 - Best Fitness: 0.8013:  68%|███████████████████████████████████████████████████████████████████████████████████████▋                                         | 68/100 [00:31<00:13,  2.30it/s]
Mutating...
Mutating...
Mutating...

Eval Fitness Gen 8 - Best Fitness: 0.8013:  72%|████████████████████████████████████████████████████████████████████████████████████████████▉                                    | 72/100 [00:33<00:14,  1.98it/s]
Mutating...
Mutating...
Flipped feature 12
Flipped feature 16
Flipped feature 23
Flipped feature 36
Flipped feature 45
Flipped feature 51
Flipped feature 58
Flipped feature 62
Flipped feature 64
Flipped feature 97
Flipped feature 99
Flipped feature 117
Mutating...

Eval Fitness Gen 8 - Best Fitness: 0.8013:  76%|██████████████████████████████████████████████████████████████████████████████████████████████████                               | 76/100 [00:35<00:11,  2.02it/s]
Mutating...
Mutating...

Eval Fitness Gen 8 - Best Fitness: 0.8013:  81%|████████████████████████████████████████████████████████████████████████████████████████████████████████▍                        | 81/100 [00:37<00:07,  2.42it/s]
Mutating...
Mutating...
Mutating...
Mutating...
Mutating...
Flipped feature 19
Flipped feature 45
Flipped feature 49
Flipped feature 74
Flipped feature 84
Flipped feature 87
Flipped feature 90
Flipped feature 99
Mutating...
Flipped feature 2
Flipped feature 6
Flipped feature 27
Flipped feature 53
Flipped feature 63
Flipped feature 100

Eval Fitness Gen 8 - Best Fitness: 0.8013:  86%|██████████████████████████████████████████████████████████████████████████████████████████████████████████████▉                  | 86/100 [00:39<00:05,  2.36it/s]
Mutating...
Mutating...
Flipped feature 3
Flipped feature 15
Flipped feature 16
Flipped feature 88
Flipped feature 93
Flipped feature 95
Flipped feature 102
Flipped feature 136
Mutating...
Mutating...

Eval Fitness Gen 8 - Best Fitness: 0.8013:  91%|█████████████████████████████████████████████████████████████████████████████████████████████████████████████████████▍           | 91/100 [00:41<00:03,  2.65it/s]
Mutating...
Mutating...
Mutating...
Mutated depth
Mutating...
Mutating...

Eval Fitness Gen 8 - Best Fitness: 0.8013:  97%|█████████████████████████████████████████████████████████████████████████████████████████████████████████████████████████████▏   | 97/100 [00:43<00:01,  2.93it/s]
Mutating...
Mutating...
Mutating...
Mutating...

Eval Fitness Gen 9 - Best Fitness: 0.0000:   1%|█▎                                                                                                                                | 1/100 [00:00<00:47,  2.08it/s]
Mutating...
Mutating...
Mutated latent dimension
Mutating...
Mutated latent dimension
Mutating...
Mutating...
Mutating...
Mutating...
Mutating...
Mutating...
Mutating...
Mutating...
Mutated latent dimension
Mutating...
Mutating...
Mutating...
Mutating...
Flipped feature 3
Flipped feature 5
Flipped feature 15
Flipped feature 28
Flipped feature 41
Flipped feature 45
Flipped feature 48
Flipped feature 65
Flipped feature 88
Flipped feature 97
Flipped feature 130
Flipped feature 140
Mutating...
Mutating...
Mutating...
Mutating...
Mutating...
Mutating...
Mutating...
Mutating...
Mutating...
Mutating...
Mutating...
Mutating...
Mutating...
Mutating...
Mutated depth
Mutating...
Mutating...
Mutated latent dimension
Mutating...
Flipped feature 11
Flipped feature 63
Flipped feature 68
Flipped feature 84
Flipped feature 91
Mutating...
Mutating...
Mutating...
Mutating...
Mutating...
Mutating...
Mutating...
Mutating...
Mutating...
Mutating...
Mutating...
Mutating...
Mutated latent dimension
Mutating...
Mutating...
Mutating...
Mutating...
Mutated latent dimension
Mutating...
Flipped feature 1
Flipped feature 82
Flipped feature 86
Flipped feature 95
Flipped feature 97
Flipped feature 124
Mutating...
Mutating...
Mutating...
Mutating...
Mutating...
Mutated latent dimension
Mutating...
Mutating...
Mutating...
Mutated depth
Mutating...
Mutating...
Mutating...
Mutating...
Mutating...
Mutating...
Mutating...
Mutating...
Mutating...
Mutating...
Mutating...
Mutating...
Mutated depth
Mutating...
Mutated depth
Mutating...
Mutated depth
Mutated latent dimension
Mutating...
Mutating...
Mutating...
Mutating...
Mutating...
Mutating...
Mutating...
Mutating...
Mutated depth
Mutated latent dimension
Mutating...
Mutating...
Mutating...
Mutating...
Mutating...
Mutating...
Mutating...
Mutating...
Mutating...
Flipped feature 8
Flipped feature 13
Flipped feature 17
Flipped feature 40
Flipped feature 61
Flipped feature 69
Flipped feature 84
Flipped feature 121
Flipped feature 122
Mutating...
Mutated depth
Mutating...
Mutating...
Mutated latent dimension
Mutating...
Mutated depth
Mutating...
Mutating...
Mutating...
Mutating...
Mutating...
Mutating...
Mutating...
Mutating...
Mutating...
Mutating...
Mutating...
Mutating...

Eval Fitness Gen 9 - Best Fitness: 0.3950:   7%|█████████                                                                                                                         | 7/100 [00:02<00:32,  2.90it/s]
Mutating...
Mutating...
Mutating...
Mutating...
Mutated depth
Mutated latent dimension

Eval Fitness Gen 9 - Best Fitness: 0.4880:  12%|███████████████▍                                                                                                                 | 12/100 [00:04<00:38,  2.28it/s]
Mutating...
Mutating...
Mutating...
Mutating...

Eval Fitness Gen 9 - Best Fitness: 0.6316:  16%|████████████████████▋                                                                                                            | 16/100 [00:06<00:39,  2.15it/s]
Mutating...
Mutating...
Mutating...

Eval Fitness Gen 9 - Best Fitness: 0.6316:  20%|█████████████████████████▊                                                                                                       | 20/100 [00:08<00:36,  2.16it/s]
Mutating...
Mutating...
Mutating...
Mutating...

Eval Fitness Gen 9 - Best Fitness: 0.6316:  25%|████████████████████████████████▎                                                                                                | 25/100 [00:10<00:35,  2.09it/s]
Mutating...
Mutating...
Mutating...

Eval Fitness Gen 9 - Best Fitness: 0.6316:  29%|█████████████████████████████████████▍                                                                                           | 29/100 [00:12<00:31,  2.22it/s]
Mutating...
Mutating...
Mutating...

Eval Fitness Gen 9 - Best Fitness: 0.6316:  33%|██████████████████████████████████████████▌                                                                                      | 33/100 [00:14<00:33,  2.01it/s]
Mutating...
Mutating...
Mutating...

Eval Fitness Gen 9 - Best Fitness: 0.6316:  38%|█████████████████████████████████████████████████                                                                                | 38/100 [00:16<00:25,  2.47it/s]
Mutating...
Mutated latent dimension
Mutating...
Mutating...
Mutating...

Eval Fitness Gen 9 - Best Fitness: 0.6316:  42%|██████████████████████████████████████████████████████▏                                                                          | 42/100 [00:18<00:27,  2.14it/s]
Mutating...
Mutating...
Mutating...
Mutated depth
Mutating...
Flipped feature 6
Flipped feature 10
Flipped feature 27
Flipped feature 35
Flipped feature 69
Flipped feature 132
Flipped feature 137
Mutated depth

Eval Fitness Gen 9 - Best Fitness: 0.6316:  47%|████████████████████████████████████████████████████████████▋                                                                    | 47/100 [00:21<00:24,  2.13it/s]
Mutating...
Mutating...
Mutating...

Eval Fitness Gen 9 - Best Fitness: 0.6316:  51%|█████████████████████████████████████████████████████████████████▊                                                               | 51/100 [00:22<00:21,  2.24it/s]
Mutating...
Mutating...
Mutating...
Mutated latent dimension

Eval Fitness Gen 9 - Best Fitness: 0.6316:  56%|████████████████████████████████████████████████████████████████████████▏                                                        | 56/100 [00:25<00:20,  2.13it/s]
Mutating...
Mutating...
Mutating...
Mutating...
Mutating...

Eval Fitness Gen 9 - Best Fitness: 0.6316:  61%|██████████████████████████████████████████████████████████████████████████████▋                                                  | 61/100 [00:26<00:14,  2.70it/s]
Mutating...
Mutating...
Mutating...
Mutating...

Eval Fitness Gen 9 - Best Fitness: 0.6316:  66%|█████████████████████████████████████████████████████████████████████████████████████▏                                           | 66/100 [00:29<00:15,  2.26it/s]
Mutating...
Mutating...
Mutated depth
Mutating...
Mutating...

Eval Fitness Gen 9 - Best Fitness: 0.6316:  70%|██████████████████████████████████████████████████████████████████████████████████████████▎                                      | 70/100 [00:30<00:13,  2.19it/s]
Mutating...
Mutating...
Mutated depth
Mutating...

Eval Fitness Gen 9 - Best Fitness: 0.6316:  74%|███████████████████████████████████████████████████████████████████████████████████████████████▍                                 | 74/100 [00:33<00:13,  1.97it/s]
Mutating...
Mutating...
Mutating...
Traceback (most recent call last):
  File "/Users/leo/Programming/PLR/Leo/gen_algo_opt_folder/genetic_algorithm.py", line 277, in <module>
    # Create a GeneticAlgorithm instance
                                    ^^^^^
  File "/Users/leo/Programming/PLR/Leo/gen_algo_opt_folder/genetic_algorithm.py", line 204, in run
    # Variable to keep track of mutation count for this generation
                      ^^^^^^^^^^^^^^^^^^^^^^^^
  File "/Users/leo/Programming/PLR/Leo/gen_algo_opt_folder/genetic_algorithm.py", line 76, in fitness
    optimizer.step()
  File "/Users/leo/Programming/PLR/Leo/env/lib/python3.11/site-packages/torch/optim/optimizer.py", line 280, in wrapper
    out = func(*args, **kwargs)
          ^^^^^^^^^^^^^^^^^^^^^
  File "/Users/leo/Programming/PLR/Leo/env/lib/python3.11/site-packages/torch/optim/optimizer.py", line 33, in _use_grad
    ret = func(self, *args, **kwargs)
          ^^^^^^^^^^^^^^^^^^^^^^^^^^^
  File "/Users/leo/Programming/PLR/Leo/env/lib/python3.11/site-packages/torch/optim/adam.py", line 141, in step
    adam(
  File "/Users/leo/Programming/PLR/Leo/env/lib/python3.11/site-packages/torch/optim/adam.py", line 281, in adam
    func(params,
  File "/Users/leo/Programming/PLR/Leo/env/lib/python3.11/site-packages/torch/optim/adam.py", line 344, in _single_tensor_adam
    exp_avg.mul_(beta1).add_(grad, alpha=1 - beta1)
    ^^^^^^^^^^^^^^^^^^^
KeyboardInterrupt
Mutating...
Mutating...
Mutating...
Mutating...