2023-09-30 16:29:21,332 INFO    StreamThr :13402 [internal.py:wandb_internal():86] W&B internal server running at pid: 13402, started at: 2023-09-30 16:29:21.330898
2023-09-30 16:29:21,333 DEBUG   HandlerThread:13402 [handler.py:handle_request():144] handle_request: status
2023-09-30 16:29:21,335 INFO    WriterThread:13402 [datastore.py:open_for_write():85] open: /Users/leo/Programming/PLR/wandb/run-20230930_162921-mofp04sa/run-mofp04sa.wandb
2023-09-30 16:29:21,336 DEBUG   SenderThread:13402 [sender.py:send():379] send: header
2023-09-30 16:29:21,360 DEBUG   SenderThread:13402 [sender.py:send():379] send: run
2023-09-30 16:29:22,081 INFO    SenderThread:13402 [dir_watcher.py:__init__():211] watching files in: /Users/leo/Programming/PLR/wandb/run-20230930_162921-mofp04sa/files
2023-09-30 16:29:22,082 INFO    SenderThread:13402 [sender.py:_start_run_threads():1121] run started: mofp04sa with start time 1696087761.331234
2023-09-30 16:29:22,092 DEBUG   HandlerThread:13402 [handler.py:handle_request():144] handle_request: check_version
2023-09-30 16:29:22,093 DEBUG   SenderThread:13402 [sender.py:send_request():406] send_request: check_version
2023-09-30 16:29:22,173 DEBUG   HandlerThread:13402 [handler.py:handle_request():144] handle_request: run_start
2023-09-30 16:29:22,184 DEBUG   HandlerThread:13402 [system_info.py:__init__():32] System info init
2023-09-30 16:29:22,184 DEBUG   HandlerThread:13402 [system_info.py:__init__():47] System info init done
2023-09-30 16:29:22,184 INFO    HandlerThread:13402 [system_monitor.py:start():181] Starting system monitor
2023-09-30 16:29:22,184 INFO    SystemMonitor:13402 [system_monitor.py:_start():145] Starting system asset monitoring threads
2023-09-30 16:29:22,184 INFO    HandlerThread:13402 [system_monitor.py:probe():201] Collecting system info
2023-09-30 16:29:22,185 INFO    SystemMonitor:13402 [interfaces.py:start():190] Started cpu monitoring
2023-09-30 16:29:22,186 DEBUG   HandlerThread:13402 [system_info.py:probe():196] Probing system
2023-09-30 16:29:22,186 INFO    SystemMonitor:13402 [interfaces.py:start():190] Started disk monitoring
2023-09-30 16:29:22,190 INFO    SystemMonitor:13402 [interfaces.py:start():190] Started gpuapple monitoring
2023-09-30 16:29:22,192 INFO    SystemMonitor:13402 [interfaces.py:start():190] Started memory monitoring
2023-09-30 16:29:22,192 INFO    SystemMonitor:13402 [interfaces.py:start():190] Started network monitoring
2023-09-30 16:29:22,196 DEBUG   HandlerThread:13402 [system_info.py:_probe_git():181] Probing git
2023-09-30 16:29:22,210 DEBUG   HandlerThread:13402 [system_info.py:_probe_git():189] Probing git done
2023-09-30 16:29:22,210 DEBUG   HandlerThread:13402 [system_info.py:probe():244] Probing system done
2023-09-30 16:29:22,210 DEBUG   HandlerThread:13402 [system_monitor.py:probe():210] {'os': 'macOS-14.0-arm64-arm-64bit', 'python': '3.11.4', 'heartbeatAt': '2023-09-30T15:29:22.187796', 'startedAt': '2023-09-30T15:29:21.323435', 'docker': None, 'cuda': None, 'args': (), 'state': 'running', 'program': '/Users/leo/Programming/PLR/Leo/gen_algo_opt_folder/genetic_algorithm.py', 'codePathLocal': 'Leo/gen_algo_opt_folder/genetic_algorithm.py', 'codePath': 'Leo/gen_algo_opt_folder/genetic_algorithm.py', 'git': {'remote': 'https://github.com/leothesouthafrican/PLR.git', 'commit': '7589be778cebd92f972ede671c501681bad7604d'}, 'email': '38779415+leothesouthafrican@users.noreply.github.com', 'root': '/Users/leo/Programming/PLR', 'host': 'Leos-MacBook-Pro.local', 'username': 'leo', 'executable': '/Users/leo/Programming/PLR/Leo/env/bin/python3', 'cpu_count': 10, 'cpu_count_logical': 10, 'disk': {'/': {'total': 855.9619140625, 'used': 12.108589172363281}}, 'gpuapple': {'type': 'arm', 'vendor': 'Apple'}, 'memory': {'total': 32.0}}
2023-09-30 16:29:22,210 INFO    HandlerThread:13402 [system_monitor.py:probe():211] Finished collecting system info
2023-09-30 16:29:22,210 INFO    HandlerThread:13402 [system_monitor.py:probe():214] Publishing system info
2023-09-30 16:29:22,210 DEBUG   HandlerThread:13402 [system_info.py:_save_pip():52] Saving list of pip packages installed into the current environment
2023-09-30 16:29:22,210 DEBUG   HandlerThread:13402 [system_info.py:_save_pip():68] Saving pip packages done
2023-09-30 16:29:22,211 INFO    HandlerThread:13402 [system_monitor.py:probe():216] Finished publishing system info
2023-09-30 16:29:22,212 DEBUG   SenderThread:13402 [sender.py:send():379] send: files
2023-09-30 16:29:22,212 INFO    SenderThread:13402 [sender.py:_save_file():1375] saving file wandb-metadata.json with policy now
2023-09-30 16:29:22,216 DEBUG   HandlerThread:13402 [handler.py:handle_request():144] handle_request: stop_status
2023-09-30 16:29:22,216 DEBUG   SenderThread:13402 [sender.py:send_request():406] send_request: stop_status
2023-09-30 16:29:22,216 DEBUG   HandlerThread:13402 [handler.py:handle_request():144] handle_request: internal_messages
2023-09-30 16:29:22,469 DEBUG   SenderThread:13402 [sender.py:send():379] send: telemetry
2023-09-30 16:29:22,837 INFO    wandb-upload_0:13402 [upload_job.py:push():131] Uploaded file /var/folders/dt/bgs1hq3d2k3dvhpt3llvs4rw0000gn/T/tmpy0u3w593wandb/8tsvi8zw-wandb-metadata.json
2023-09-30 16:29:23,087 INFO    Thread-12 :13402 [dir_watcher.py:_on_file_created():271] file/dir created: /Users/leo/Programming/PLR/wandb/run-20230930_162921-mofp04sa/files/output.log
2023-09-30 16:29:23,087 INFO    Thread-12 :13402 [dir_watcher.py:_on_file_created():271] file/dir created: /Users/leo/Programming/PLR/wandb/run-20230930_162921-mofp04sa/files/requirements.txt
2023-09-30 16:29:23,087 INFO    Thread-12 :13402 [dir_watcher.py:_on_file_created():271] file/dir created: /Users/leo/Programming/PLR/wandb/run-20230930_162921-mofp04sa/files/wandb-metadata.json
2023-09-30 16:29:25,102 INFO    Thread-12 :13402 [dir_watcher.py:_on_file_modified():288] file/dir modified: /Users/leo/Programming/PLR/wandb/run-20230930_162921-mofp04sa/files/output.log
2023-09-30 16:29:26,364 DEBUG   HandlerThread:13402 [handler.py:handle_request():144] handle_request: status_report
2023-09-30 16:29:27,110 INFO    Thread-12 :13402 [dir_watcher.py:_on_file_modified():288] file/dir modified: /Users/leo/Programming/PLR/wandb/run-20230930_162921-mofp04sa/files/output.log
2023-09-30 16:29:29,124 INFO    Thread-12 :13402 [dir_watcher.py:_on_file_modified():288] file/dir modified: /Users/leo/Programming/PLR/wandb/run-20230930_162921-mofp04sa/files/output.log
2023-09-30 16:29:31,134 INFO    Thread-12 :13402 [dir_watcher.py:_on_file_modified():288] file/dir modified: /Users/leo/Programming/PLR/wandb/run-20230930_162921-mofp04sa/files/output.log
2023-09-30 16:29:31,766 DEBUG   HandlerThread:13402 [handler.py:handle_request():144] handle_request: status_report
2023-09-30 16:29:33,152 INFO    Thread-12 :13402 [dir_watcher.py:_on_file_modified():288] file/dir modified: /Users/leo/Programming/PLR/wandb/run-20230930_162921-mofp04sa/files/output.log
2023-09-30 16:29:35,155 INFO    Thread-12 :13402 [dir_watcher.py:_on_file_modified():288] file/dir modified: /Users/leo/Programming/PLR/wandb/run-20230930_162921-mofp04sa/files/output.log
2023-09-30 16:29:37,162 DEBUG   HandlerThread:13402 [handler.py:handle_request():144] handle_request: status_report
2023-09-30 16:29:37,163 INFO    Thread-12 :13402 [dir_watcher.py:_on_file_modified():288] file/dir modified: /Users/leo/Programming/PLR/wandb/run-20230930_162921-mofp04sa/files/output.log
2023-09-30 16:29:37,221 DEBUG   HandlerThread:13402 [handler.py:handle_request():144] handle_request: internal_messages
2023-09-30 16:29:37,222 DEBUG   HandlerThread:13402 [handler.py:handle_request():144] handle_request: stop_status
2023-09-30 16:29:37,224 DEBUG   SenderThread:13402 [sender.py:send_request():406] send_request: stop_status
2023-09-30 16:29:39,170 INFO    Thread-12 :13402 [dir_watcher.py:_on_file_modified():288] file/dir modified: /Users/leo/Programming/PLR/wandb/run-20230930_162921-mofp04sa/files/output.log
2023-09-30 16:29:40,627 DEBUG   HandlerThread:13402 [handler.py:handle_request():144] handle_request: partial_history
2023-09-30 16:29:40,638 DEBUG   SenderThread:13402 [sender.py:send():379] send: history
2023-09-30 16:29:40,639 DEBUG   SenderThread:13402 [sender.py:send_request():406] send_request: summary_record
2023-09-30 16:29:40,639 INFO    SenderThread:13402 [sender.py:_save_file():1375] saving file wandb-summary.json with policy end
2023-09-30 16:29:41,179 INFO    Thread-12 :13402 [dir_watcher.py:_on_file_modified():288] file/dir modified: /Users/leo/Programming/PLR/wandb/run-20230930_162921-mofp04sa/files/output.log
2023-09-30 16:29:41,179 INFO    Thread-12 :13402 [dir_watcher.py:_on_file_created():271] file/dir created: /Users/leo/Programming/PLR/wandb/run-20230930_162921-mofp04sa/files/wandb-summary.json
2023-09-30 16:29:42,495 DEBUG   HandlerThread:13402 [handler.py:handle_request():144] handle_request: status_report
2023-09-30 16:29:43,186 INFO    Thread-12 :13402 [dir_watcher.py:_on_file_modified():288] file/dir modified: /Users/leo/Programming/PLR/wandb/run-20230930_162921-mofp04sa/files/output.log
2023-09-30 16:29:45,196 INFO    Thread-12 :13402 [dir_watcher.py:_on_file_modified():288] file/dir modified: /Users/leo/Programming/PLR/wandb/run-20230930_162921-mofp04sa/files/output.log
2023-09-30 16:29:47,206 INFO    Thread-12 :13402 [dir_watcher.py:_on_file_modified():288] file/dir modified: /Users/leo/Programming/PLR/wandb/run-20230930_162921-mofp04sa/files/output.log
2023-09-30 16:29:47,746 DEBUG   HandlerThread:13402 [handler.py:handle_request():144] handle_request: status_report
2023-09-30 16:29:49,216 INFO    Thread-12 :13402 [dir_watcher.py:_on_file_modified():288] file/dir modified: /Users/leo/Programming/PLR/wandb/run-20230930_162921-mofp04sa/files/output.log
2023-09-30 16:29:51,226 INFO    Thread-12 :13402 [dir_watcher.py:_on_file_modified():288] file/dir modified: /Users/leo/Programming/PLR/wandb/run-20230930_162921-mofp04sa/files/output.log
2023-09-30 16:29:52,225 DEBUG   HandlerThread:13402 [handler.py:handle_request():144] handle_request: internal_messages
2023-09-30 16:29:52,226 DEBUG   HandlerThread:13402 [handler.py:handle_request():144] handle_request: stop_status
2023-09-30 16:29:52,228 DEBUG   SenderThread:13402 [sender.py:send_request():406] send_request: stop_status
2023-09-30 16:29:53,236 INFO    Thread-12 :13402 [dir_watcher.py:_on_file_modified():288] file/dir modified: /Users/leo/Programming/PLR/wandb/run-20230930_162921-mofp04sa/files/output.log
2023-09-30 16:29:53,239 DEBUG   HandlerThread:13402 [handler.py:handle_request():144] handle_request: status_report
2023-09-30 16:29:54,239 INFO    Thread-12 :13402 [dir_watcher.py:_on_file_modified():288] file/dir modified: /Users/leo/Programming/PLR/wandb/run-20230930_162921-mofp04sa/files/config.yaml
2023-09-30 16:29:55,244 INFO    Thread-12 :13402 [dir_watcher.py:_on_file_modified():288] file/dir modified: /Users/leo/Programming/PLR/wandb/run-20230930_162921-mofp04sa/files/output.log
2023-09-30 16:29:57,254 INFO    Thread-12 :13402 [dir_watcher.py:_on_file_modified():288] file/dir modified: /Users/leo/Programming/PLR/wandb/run-20230930_162921-mofp04sa/files/output.log
2023-09-30 16:29:58,041 DEBUG   HandlerThread:13402 [handler.py:handle_request():144] handle_request: partial_history
2023-09-30 16:29:58,051 DEBUG   SenderThread:13402 [sender.py:send():379] send: history
2023-09-30 16:29:58,051 DEBUG   SenderThread:13402 [sender.py:send_request():406] send_request: summary_record
2023-09-30 16:29:58,051 INFO    SenderThread:13402 [sender.py:_save_file():1375] saving file wandb-summary.json with policy end
2023-09-30 16:29:58,260 INFO    Thread-12 :13402 [dir_watcher.py:_on_file_modified():288] file/dir modified: /Users/leo/Programming/PLR/wandb/run-20230930_162921-mofp04sa/files/wandb-summary.json
2023-09-30 16:29:58,493 DEBUG   HandlerThread:13402 [handler.py:handle_request():144] handle_request: status_report
2023-09-30 16:29:59,262 INFO    Thread-12 :13402 [dir_watcher.py:_on_file_modified():288] file/dir modified: /Users/leo/Programming/PLR/wandb/run-20230930_162921-mofp04sa/files/output.log
2023-09-30 16:30:01,274 INFO    Thread-12 :13402 [dir_watcher.py:_on_file_modified():288] file/dir modified: /Users/leo/Programming/PLR/wandb/run-20230930_162921-mofp04sa/files/output.log
2023-09-30 16:30:03,280 INFO    Thread-12 :13402 [dir_watcher.py:_on_file_modified():288] file/dir modified: /Users/leo/Programming/PLR/wandb/run-20230930_162921-mofp04sa/files/output.log
2023-09-30 16:30:03,563 DEBUG   HandlerThread:13402 [handler.py:handle_request():144] handle_request: status_report
2023-09-30 16:30:05,290 INFO    Thread-12 :13402 [dir_watcher.py:_on_file_modified():288] file/dir modified: /Users/leo/Programming/PLR/wandb/run-20230930_162921-mofp04sa/files/output.log
2023-09-30 16:30:07,225 DEBUG   HandlerThread:13402 [handler.py:handle_request():144] handle_request: stop_status
2023-09-30 16:30:07,225 DEBUG   SenderThread:13402 [sender.py:send_request():406] send_request: stop_status
2023-09-30 16:30:07,226 DEBUG   HandlerThread:13402 [handler.py:handle_request():144] handle_request: internal_messages
2023-09-30 16:30:07,299 INFO    Thread-12 :13402 [dir_watcher.py:_on_file_modified():288] file/dir modified: /Users/leo/Programming/PLR/wandb/run-20230930_162921-mofp04sa/files/output.log
2023-09-30 16:30:08,948 DEBUG   HandlerThread:13402 [handler.py:handle_request():144] handle_request: status_report
2023-09-30 16:30:09,317 INFO    Thread-12 :13402 [dir_watcher.py:_on_file_modified():288] file/dir modified: /Users/leo/Programming/PLR/wandb/run-20230930_162921-mofp04sa/files/output.log
2023-09-30 16:30:11,325 INFO    Thread-12 :13402 [dir_watcher.py:_on_file_modified():288] file/dir modified: /Users/leo/Programming/PLR/wandb/run-20230930_162921-mofp04sa/files/output.log
2023-09-30 16:30:13,375 INFO    Thread-12 :13402 [dir_watcher.py:_on_file_modified():288] file/dir modified: /Users/leo/Programming/PLR/wandb/run-20230930_162921-mofp04sa/files/output.log
2023-09-30 16:30:14,159 DEBUG   HandlerThread:13402 [handler.py:handle_request():144] handle_request: status_report
2023-09-30 16:30:15,380 INFO    Thread-12 :13402 [dir_watcher.py:_on_file_modified():288] file/dir modified: /Users/leo/Programming/PLR/wandb/run-20230930_162921-mofp04sa/files/output.log
2023-09-30 16:30:16,554 DEBUG   HandlerThread:13402 [handler.py:handle_request():144] handle_request: partial_history
2023-09-30 16:30:16,555 DEBUG   SenderThread:13402 [sender.py:send():379] send: history
2023-09-30 16:30:16,555 DEBUG   SenderThread:13402 [sender.py:send_request():406] send_request: summary_record
2023-09-30 16:30:16,556 INFO    SenderThread:13402 [sender.py:_save_file():1375] saving file wandb-summary.json with policy end
2023-09-30 16:30:17,394 INFO    Thread-12 :13402 [dir_watcher.py:_on_file_modified():288] file/dir modified: /Users/leo/Programming/PLR/wandb/run-20230930_162921-mofp04sa/files/output.log
2023-09-30 16:30:17,394 INFO    Thread-12 :13402 [dir_watcher.py:_on_file_modified():288] file/dir modified: /Users/leo/Programming/PLR/wandb/run-20230930_162921-mofp04sa/files/wandb-summary.json
2023-09-30 16:30:19,423 INFO    Thread-12 :13402 [dir_watcher.py:_on_file_modified():288] file/dir modified: /Users/leo/Programming/PLR/wandb/run-20230930_162921-mofp04sa/files/output.log
2023-09-30 16:30:19,508 DEBUG   HandlerThread:13402 [handler.py:handle_request():144] handle_request: status_report
2023-09-30 16:30:21,416 INFO    Thread-12 :13402 [dir_watcher.py:_on_file_modified():288] file/dir modified: /Users/leo/Programming/PLR/wandb/run-20230930_162921-mofp04sa/files/output.log
2023-09-30 16:30:22,195 DEBUG   SystemMonitor:13402 [system_monitor.py:_start():159] Starting system metrics aggregation loop
2023-09-30 16:30:22,195 DEBUG   SenderThread:13402 [sender.py:send():379] send: telemetry
2023-09-30 16:30:22,195 DEBUG   SenderThread:13402 [sender.py:send():379] send: stats
2023-09-30 16:30:22,226 DEBUG   HandlerThread:13402 [handler.py:handle_request():144] handle_request: stop_status
2023-09-30 16:30:22,226 DEBUG   SenderThread:13402 [sender.py:send_request():406] send_request: stop_status
2023-09-30 16:30:22,230 DEBUG   HandlerThread:13402 [handler.py:handle_request():144] handle_request: internal_messages
2023-09-30 16:30:23,434 INFO    Thread-12 :13402 [dir_watcher.py:_on_file_modified():288] file/dir modified: /Users/leo/Programming/PLR/wandb/run-20230930_162921-mofp04sa/files/output.log
2023-09-30 16:30:24,959 DEBUG   HandlerThread:13402 [handler.py:handle_request():144] handle_request: status_report
2023-09-30 16:30:25,461 INFO    Thread-12 :13402 [dir_watcher.py:_on_file_modified():288] file/dir modified: /Users/leo/Programming/PLR/wandb/run-20230930_162921-mofp04sa/files/output.log
2023-09-30 16:30:25,461 INFO    Thread-12 :13402 [dir_watcher.py:_on_file_modified():288] file/dir modified: /Users/leo/Programming/PLR/wandb/run-20230930_162921-mofp04sa/files/config.yaml
2023-09-30 16:30:27,470 INFO    Thread-12 :13402 [dir_watcher.py:_on_file_modified():288] file/dir modified: /Users/leo/Programming/PLR/wandb/run-20230930_162921-mofp04sa/files/output.log
2023-09-30 16:30:29,216 DEBUG   SenderThread:13402 [sender.py:send():379] send: exit
2023-09-30 16:30:29,216 INFO    SenderThread:13402 [sender.py:send_exit():584] handling exit code: 255
2023-09-30 16:30:29,216 INFO    SenderThread:13402 [sender.py:send_exit():586] handling runtime: 67
2023-09-30 16:30:29,216 INFO    SenderThread:13402 [sender.py:_save_file():1375] saving file wandb-summary.json with policy end
2023-09-30 16:30:29,216 INFO    SenderThread:13402 [sender.py:send_exit():592] send defer
2023-09-30 16:30:29,216 DEBUG   HandlerThread:13402 [handler.py:handle_request():144] handle_request: defer
2023-09-30 16:30:29,216 INFO    HandlerThread:13402 [handler.py:handle_request_defer():170] handle defer: 0
2023-09-30 16:30:29,216 DEBUG   SenderThread:13402 [sender.py:send_request():406] send_request: defer
2023-09-30 16:30:29,216 INFO    SenderThread:13402 [sender.py:send_request_defer():608] handle sender defer: 0
2023-09-30 16:30:29,216 INFO    SenderThread:13402 [sender.py:transition_state():612] send defer: 1
2023-09-30 16:30:29,216 DEBUG   HandlerThread:13402 [handler.py:handle_request():144] handle_request: defer
2023-09-30 16:30:29,216 INFO    HandlerThread:13402 [handler.py:handle_request_defer():170] handle defer: 1
2023-09-30 16:30:29,216 DEBUG   SenderThread:13402 [sender.py:send_request():406] send_request: defer
2023-09-30 16:30:29,216 INFO    SenderThread:13402 [sender.py:send_request_defer():608] handle sender defer: 1
2023-09-30 16:30:29,216 INFO    SenderThread:13402 [sender.py:transition_state():612] send defer: 2
2023-09-30 16:30:29,217 DEBUG   HandlerThread:13402 [handler.py:handle_request():144] handle_request: defer
2023-09-30 16:30:29,217 INFO    HandlerThread:13402 [handler.py:handle_request_defer():170] handle defer: 2
2023-09-30 16:30:29,217 INFO    HandlerThread:13402 [system_monitor.py:finish():190] Stopping system monitor
2023-09-30 16:30:29,217 DEBUG   SystemMonitor:13402 [system_monitor.py:_start():166] Finished system metrics aggregation loop
2023-09-30 16:30:29,217 INFO    HandlerThread:13402 [interfaces.py:finish():202] Joined cpu monitor
2023-09-30 16:30:29,217 DEBUG   SystemMonitor:13402 [system_monitor.py:_start():170] Publishing last batch of metrics
2023-09-30 16:30:29,217 INFO    HandlerThread:13402 [interfaces.py:finish():202] Joined disk monitor
2023-09-30 16:30:29,217 INFO    HandlerThread:13402 [interfaces.py:finish():202] Joined gpuapple monitor
2023-09-30 16:30:29,217 INFO    HandlerThread:13402 [interfaces.py:finish():202] Joined memory monitor
2023-09-30 16:30:29,217 INFO    HandlerThread:13402 [interfaces.py:finish():202] Joined network monitor
2023-09-30 16:30:29,217 DEBUG   SenderThread:13402 [sender.py:send_request():406] send_request: defer
2023-09-30 16:30:29,217 INFO    SenderThread:13402 [sender.py:send_request_defer():608] handle sender defer: 2
2023-09-30 16:30:29,217 INFO    SenderThread:13402 [sender.py:transition_state():612] send defer: 3
2023-09-30 16:30:29,217 DEBUG   SenderThread:13402 [sender.py:send():379] send: stats
2023-09-30 16:30:29,217 DEBUG   HandlerThread:13402 [handler.py:handle_request():144] handle_request: defer
2023-09-30 16:30:29,218 INFO    HandlerThread:13402 [handler.py:handle_request_defer():170] handle defer: 3
2023-09-30 16:30:29,218 DEBUG   SenderThread:13402 [sender.py:send_request():406] send_request: defer
2023-09-30 16:30:29,218 INFO    SenderThread:13402 [sender.py:send_request_defer():608] handle sender defer: 3
2023-09-30 16:30:29,218 INFO    SenderThread:13402 [sender.py:transition_state():612] send defer: 4
2023-09-30 16:30:29,218 DEBUG   HandlerThread:13402 [handler.py:handle_request():144] handle_request: defer
2023-09-30 16:30:29,218 INFO    HandlerThread:13402 [handler.py:handle_request_defer():170] handle defer: 4
2023-09-30 16:30:29,218 DEBUG   SenderThread:13402 [sender.py:send_request():406] send_request: defer
2023-09-30 16:30:29,218 INFO    SenderThread:13402 [sender.py:send_request_defer():608] handle sender defer: 4
2023-09-30 16:30:29,218 INFO    SenderThread:13402 [sender.py:transition_state():612] send defer: 5
2023-09-30 16:30:29,218 DEBUG   HandlerThread:13402 [handler.py:handle_request():144] handle_request: defer
2023-09-30 16:30:29,218 INFO    HandlerThread:13402 [handler.py:handle_request_defer():170] handle defer: 5
2023-09-30 16:30:29,218 DEBUG   SenderThread:13402 [sender.py:send():379] send: summary
2023-09-30 16:30:29,218 INFO    SenderThread:13402 [sender.py:_save_file():1375] saving file wandb-summary.json with policy end
2023-09-30 16:30:29,218 DEBUG   SenderThread:13402 [sender.py:send_request():406] send_request: defer
2023-09-30 16:30:29,218 INFO    SenderThread:13402 [sender.py:send_request_defer():608] handle sender defer: 5
2023-09-30 16:30:29,218 INFO    SenderThread:13402 [sender.py:transition_state():612] send defer: 6
2023-09-30 16:30:29,218 DEBUG   HandlerThread:13402 [handler.py:handle_request():144] handle_request: defer
2023-09-30 16:30:29,218 INFO    HandlerThread:13402 [handler.py:handle_request_defer():170] handle defer: 6
2023-09-30 16:30:29,218 DEBUG   SenderThread:13402 [sender.py:send_request():406] send_request: defer
2023-09-30 16:30:29,218 INFO    SenderThread:13402 [sender.py:send_request_defer():608] handle sender defer: 6
2023-09-30 16:30:29,218 INFO    SenderThread:13402 [sender.py:transition_state():612] send defer: 7
2023-09-30 16:30:29,218 DEBUG   HandlerThread:13402 [handler.py:handle_request():144] handle_request: status_report
2023-09-30 16:30:29,218 DEBUG   HandlerThread:13402 [handler.py:handle_request():144] handle_request: defer
2023-09-30 16:30:29,218 INFO    HandlerThread:13402 [handler.py:handle_request_defer():170] handle defer: 7
2023-09-30 16:30:29,218 DEBUG   SenderThread:13402 [sender.py:send_request():406] send_request: defer
2023-09-30 16:30:29,218 INFO    SenderThread:13402 [sender.py:send_request_defer():608] handle sender defer: 7
2023-09-30 16:30:29,476 INFO    Thread-12 :13402 [dir_watcher.py:_on_file_modified():288] file/dir modified: /Users/leo/Programming/PLR/wandb/run-20230930_162921-mofp04sa/files/output.log
2023-09-30 16:30:29,477 INFO    Thread-12 :13402 [dir_watcher.py:_on_file_modified():288] file/dir modified: /Users/leo/Programming/PLR/wandb/run-20230930_162921-mofp04sa/files/wandb-summary.json
2023-09-30 16:30:30,221 DEBUG   HandlerThread:13402 [handler.py:handle_request():144] handle_request: poll_exit
2023-09-30 16:30:31,168 INFO    SenderThread:13402 [sender.py:transition_state():612] send defer: 8
2023-09-30 16:30:31,168 DEBUG   SenderThread:13402 [sender.py:send_request():406] send_request: poll_exit
2023-09-30 16:30:31,168 DEBUG   HandlerThread:13402 [handler.py:handle_request():144] handle_request: defer
2023-09-30 16:30:31,168 INFO    HandlerThread:13402 [handler.py:handle_request_defer():170] handle defer: 8
2023-09-30 16:30:31,168 DEBUG   SenderThread:13402 [sender.py:send_request():406] send_request: defer
2023-09-30 16:30:31,168 INFO    SenderThread:13402 [sender.py:send_request_defer():608] handle sender defer: 8
2023-09-30 16:30:31,168 INFO    SenderThread:13402 [job_builder.py:build():281] Attempting to build job artifact
2023-09-30 16:30:31,168 INFO    SenderThread:13402 [job_builder.py:_get_source_type():393] is repo sourced job
2023-09-30 16:30:31,170 INFO    SenderThread:13402 [job_builder.py:build():369] adding wandb-job metadata file
2023-09-30 16:30:31,172 INFO    SenderThread:13402 [sender.py:transition_state():612] send defer: 9
2023-09-30 16:30:31,172 DEBUG   HandlerThread:13402 [handler.py:handle_request():144] handle_request: defer
2023-09-30 16:30:31,172 INFO    HandlerThread:13402 [handler.py:handle_request_defer():170] handle defer: 9
2023-09-30 16:30:31,173 DEBUG   SenderThread:13402 [sender.py:send():379] send: artifact
2023-09-30 16:30:31,226 DEBUG   HandlerThread:13402 [handler.py:handle_request():144] handle_request: poll_exit
2023-09-30 16:30:31,487 INFO    Thread-12 :13402 [dir_watcher.py:_on_file_modified():288] file/dir modified: /Users/leo/Programming/PLR/wandb/run-20230930_162921-mofp04sa/files/output.log
2023-09-30 16:30:32,196 INFO    SenderThread:13402 [sender.py:send_artifact():1453] sent artifact job-https___github.com_leothesouthafrican_PLR.git_Leo_gen_algo_opt_folder_genetic_algorithm.py - {'id': 'QXJ0aWZhY3Q6NTg5NzcyODg5', 'state': 'COMMITTED', 'artifactSequence': {'id': 'QXJ0aWZhY3RDb2xsZWN0aW9uOjEwMjY3Mjc5OA==', 'latestArtifact': {'id': 'QXJ0aWZhY3Q6NTg5Nzc2Nzg4', 'versionIndex': 5}}}
2023-09-30 16:30:32,196 DEBUG   SenderThread:13402 [sender.py:send_request():406] send_request: defer
2023-09-30 16:30:32,196 INFO    SenderThread:13402 [sender.py:send_request_defer():608] handle sender defer: 9
2023-09-30 16:30:32,196 INFO    SenderThread:13402 [dir_watcher.py:finish():358] shutting down directory watcher
2023-09-30 16:30:32,498 INFO    SenderThread:13402 [dir_watcher.py:finish():388] scan: /Users/leo/Programming/PLR/wandb/run-20230930_162921-mofp04sa/files
2023-09-30 16:30:32,498 INFO    SenderThread:13402 [dir_watcher.py:finish():402] scan save: /Users/leo/Programming/PLR/wandb/run-20230930_162921-mofp04sa/files/requirements.txt requirements.txt
2023-09-30 16:30:32,498 INFO    SenderThread:13402 [dir_watcher.py:finish():402] scan save: /Users/leo/Programming/PLR/wandb/run-20230930_162921-mofp04sa/files/output.log output.log
2023-09-30 16:30:32,501 INFO    SenderThread:13402 [dir_watcher.py:finish():402] scan save: /Users/leo/Programming/PLR/wandb/run-20230930_162921-mofp04sa/files/config.yaml config.yaml
2023-09-30 16:30:32,502 INFO    SenderThread:13402 [dir_watcher.py:finish():402] scan save: /Users/leo/Programming/PLR/wandb/run-20230930_162921-mofp04sa/files/wandb-summary.json wandb-summary.json
2023-09-30 16:30:32,504 INFO    SenderThread:13402 [dir_watcher.py:finish():402] scan save: /Users/leo/Programming/PLR/wandb/run-20230930_162921-mofp04sa/files/wandb-metadata.json wandb-metadata.json
2023-09-30 16:30:32,505 INFO    SenderThread:13402 [sender.py:transition_state():612] send defer: 10
2023-09-30 16:30:32,506 DEBUG   SenderThread:13402 [sender.py:send_request():406] send_request: poll_exit
2023-09-30 16:30:32,506 DEBUG   HandlerThread:13402 [handler.py:handle_request():144] handle_request: defer
2023-09-30 16:30:32,507 INFO    HandlerThread:13402 [handler.py:handle_request_defer():170] handle defer: 10
2023-09-30 16:30:32,508 DEBUG   SenderThread:13402 [sender.py:send_request():406] send_request: defer
2023-09-30 16:30:32,508 INFO    SenderThread:13402 [sender.py:send_request_defer():608] handle sender defer: 10
2023-09-30 16:30:32,508 INFO    SenderThread:13402 [file_pusher.py:finish():175] shutting down file pusher
2023-09-30 16:30:32,885 INFO    wandb-upload_1:13402 [upload_job.py:push():131] Uploaded file /Users/leo/Programming/PLR/wandb/run-20230930_162921-mofp04sa/files/output.log
2023-09-30 16:30:32,902 INFO    wandb-upload_2:13402 [upload_job.py:push():131] Uploaded file /Users/leo/Programming/PLR/wandb/run-20230930_162921-mofp04sa/files/config.yaml
2023-09-30 16:30:32,921 INFO    wandb-upload_0:13402 [upload_job.py:push():131] Uploaded file /Users/leo/Programming/PLR/wandb/run-20230930_162921-mofp04sa/files/requirements.txt
2023-09-30 16:30:32,941 INFO    wandb-upload_3:13402 [upload_job.py:push():131] Uploaded file /Users/leo/Programming/PLR/wandb/run-20230930_162921-mofp04sa/files/wandb-summary.json
2023-09-30 16:30:33,146 INFO    Thread-11 (_thread_body):13402 [sender.py:transition_state():612] send defer: 11
2023-09-30 16:30:33,148 DEBUG   HandlerThread:13402 [handler.py:handle_request():144] handle_request: defer
2023-09-30 16:30:33,148 INFO    HandlerThread:13402 [handler.py:handle_request_defer():170] handle defer: 11
2023-09-30 16:30:33,149 DEBUG   SenderThread:13402 [sender.py:send_request():406] send_request: defer
2023-09-30 16:30:33,149 INFO    SenderThread:13402 [sender.py:send_request_defer():608] handle sender defer: 11
2023-09-30 16:30:33,150 INFO    SenderThread:13402 [file_pusher.py:join():181] waiting for file pusher
2023-09-30 16:30:33,150 INFO    SenderThread:13402 [sender.py:transition_state():612] send defer: 12
2023-09-30 16:30:33,150 DEBUG   HandlerThread:13402 [handler.py:handle_request():144] handle_request: defer
2023-09-30 16:30:33,150 INFO    HandlerThread:13402 [handler.py:handle_request_defer():170] handle defer: 12
2023-09-30 16:30:33,150 DEBUG   SenderThread:13402 [sender.py:send_request():406] send_request: defer
2023-09-30 16:30:33,150 INFO    SenderThread:13402 [sender.py:send_request_defer():608] handle sender defer: 12
2023-09-30 16:30:33,151 INFO    SenderThread:13402 [file_stream.py:finish():594] file stream finish called
2023-09-30 16:30:33,373 INFO    SenderThread:13402 [file_stream.py:finish():598] file stream finish is done
2023-09-30 16:30:33,373 INFO    SenderThread:13402 [sender.py:transition_state():612] send defer: 13
2023-09-30 16:30:33,373 DEBUG   HandlerThread:13402 [handler.py:handle_request():144] handle_request: defer
2023-09-30 16:30:33,374 INFO    HandlerThread:13402 [handler.py:handle_request_defer():170] handle defer: 13
2023-09-30 16:30:33,374 DEBUG   SenderThread:13402 [sender.py:send_request():406] send_request: defer
2023-09-30 16:30:33,374 INFO    SenderThread:13402 [sender.py:send_request_defer():608] handle sender defer: 13
2023-09-30 16:30:33,374 INFO    SenderThread:13402 [sender.py:transition_state():612] send defer: 14
2023-09-30 16:30:33,374 DEBUG   HandlerThread:13402 [handler.py:handle_request():144] handle_request: defer
2023-09-30 16:30:33,374 INFO    HandlerThread:13402 [handler.py:handle_request_defer():170] handle defer: 14
2023-09-30 16:30:33,374 DEBUG   SenderThread:13402 [sender.py:send():379] send: final
2023-09-30 16:30:33,374 DEBUG   SenderThread:13402 [sender.py:send():379] send: footer
2023-09-30 16:30:33,374 DEBUG   SenderThread:13402 [sender.py:send_request():406] send_request: defer
2023-09-30 16:30:33,374 INFO    SenderThread:13402 [sender.py:send_request_defer():608] handle sender defer: 14
2023-09-30 16:30:33,375 DEBUG   HandlerThread:13402 [handler.py:handle_request():144] handle_request: poll_exit
2023-09-30 16:30:33,375 DEBUG   SenderThread:13402 [sender.py:send_request():406] send_request: poll_exit
2023-09-30 16:30:33,375 DEBUG   HandlerThread:13402 [handler.py:handle_request():144] handle_request: server_info
2023-09-30 16:30:33,375 DEBUG   HandlerThread:13402 [handler.py:handle_request():144] handle_request: get_summary
2023-09-30 16:30:33,375 DEBUG   HandlerThread:13402 [handler.py:handle_request():144] handle_request: sampled_history
2023-09-30 16:30:33,375 DEBUG   SenderThread:13402 [sender.py:send_request():406] send_request: server_info
2023-09-30 16:30:33,376 DEBUG   HandlerThread:13402 [handler.py:handle_request():144] handle_request: internal_messages
2023-09-30 16:30:33,377 DEBUG   HandlerThread:13402 [handler.py:handle_request():144] handle_request: job_info
2023-09-30 16:30:33,564 DEBUG   SenderThread:13402 [sender.py:send_request():406] send_request: job_info
2023-09-30 16:30:33,565 INFO    MainThread:13402 [wandb_run.py:_footer_history_summary_info():3557] rendering history
2023-09-30 16:30:33,565 INFO    MainThread:13402 [wandb_run.py:_footer_history_summary_info():3589] rendering summary
2023-09-30 16:30:33,565 INFO    MainThread:13402 [wandb_run.py:_footer_sync_info():3516] logging synced files
2023-09-30 16:30:33,565 DEBUG   HandlerThread:13402 [handler.py:handle_request():144] handle_request: shutdown
2023-09-30 16:30:33,565 INFO    HandlerThread:13402 [handler.py:finish():840] shutting down handler
2023-09-30 16:30:34,382 INFO    WriterThread:13402 [datastore.py:close():294] close: /Users/leo/Programming/PLR/wandb/run-20230930_162921-mofp04sa/run-mofp04sa.wandb
2023-09-30 16:30:34,570 INFO    SenderThread:13402 [sender.py:finish():1531] shutting down sender
2023-09-30 16:30:34,570 INFO    SenderThread:13402 [file_pusher.py:finish():175] shutting down file pusher
2023-09-30 16:30:34,570 INFO    SenderThread:13402 [file_pusher.py:join():181] waiting for file pusher
