Length of params: 144
params: 0
params: 3
params: 17
params: 7
Length of params: 144
params: 0
params: 2
params: 66
params: 31
Length of params: 144
params: 1
params: 1
params: 29
params: 3
Length of params: 144
params: 0
params: 4
params: 81
params: 7
Generations:   0%|                                                                                                                                                                         | 0/20 [00:00<?, ?it/s]
Eval Fitness Gen 1 - Best Fitness: 0.2793:   3%|███▉                                                                                                                              | 3/100 [00:01<00:42,  2.29it/s]
Length of params: 144
params: 0
params: 1
params: 48
params: 37
Length of params: 144
params: 1
params: 3
params: 32
params: 16
Length of params: 144
params: 0
params: 5
params: 92
params: 37
Length of params: 144
params: 0
params: 5
params: 16
params: 16
Length of params: 144
params: 0
params: 2
params: 26
params: 28
Length of params: 144
params: 1
params: 4
params: 128

Eval Fitness Gen 1 - Best Fitness: 0.8426:   9%|███████████▋                                                                                                                      | 9/100 [00:03<00:34,  2.68it/s]
Length of params: 144
params: 0
params: 5
params: 52
params: 33
Length of params: 144
params: 0
params: 5
params: 6
params: 20
Length of params: 144
params: 0
params: 1
params: 100
params: 26
Length of params: 144
params: 1
params: 3
params: 113

Eval Fitness Gen 1 - Best Fitness: 0.8426:  13%|████████████████▊                                                                                                                | 13/100 [00:05<00:39,  2.22it/s]
Length of params: 144
params: 0
params: 1
params: 71
params: 20
Length of params: 144
params: 0
params: 2
params: 16
params: 16
Length of params: 144
params: 1
params: 1
params: 74
params: 4
Length of params: 144
params: 0
params: 4
params: 6
params: 13
Length of params: 144
params: 1
params: 2
params: 91

Eval Fitness Gen 1 - Best Fitness: 0.8426:  18%|███████████████████████▏                                                                                                         | 18/100 [00:07<00:35,  2.30it/s]
Length of params: 144
params: 0
params: 2
params: 13
params: 43
Length of params: 144
params: 1
params: 1
params: 120
params: 13
Length of params: 144
params: 1
params: 5
params: 18
params: 42
Length of params: 144
params: 0
params: 4
params: 111

Eval Fitness Gen 1 - Best Fitness: 0.8426:  22%|████████████████████████████▍                                                                                                    | 22/100 [00:09<00:36,  2.11it/s]
Length of params: 144
params: 1
params: 5
params: 10
params: 4
Length of params: 144
params: 0
params: 1
params: 80
params: 44
Length of params: 144
params: 1
params: 4
params: 117
params: 11
Length of params: 144
params: 1
params: 3
params: 23

Eval Fitness Gen 1 - Best Fitness: 0.8426:  26%|█████████████████████████████████▌                                                                                               | 26/100 [00:11<00:34,  2.13it/s]
Length of params: 144
params: 1
params: 2
params: 32
params: 10
Length of params: 144
params: 0
params: 5
params: 71
params: 32
Length of params: 144
params: 0
params: 5
params: 39
params: 14
Length of params: 144
params: 1
params: 2
params: 98
params: 29
Length of params: 144
params: 1
params: 4
params: 20

Eval Fitness Gen 1 - Best Fitness: 0.8426:  31%|███████████████████████████████████████▉                                                                                         | 31/100 [00:13<00:28,  2.44it/s]
Length of params: 144
params: 0
params: 3
params: 42
params: 22
Length of params: 144
params: 0
params: 5
params: 37
params: 35
Length of params: 144
params: 0
params: 3
params: 43
params: 22
Length of params: 144
params: 1
params: 4
params: 34
params: 31
Length of params: 144
params: 0
params: 2
params: 9

Eval Fitness Gen 1 - Best Fitness: 0.8426:  36%|██████████████████████████████████████████████▍                                                                                  | 36/100 [00:15<00:30,  2.12it/s]
Length of params: 144
params: 1
params: 3
params: 50
params: 50
Length of params: 144
params: 1
params: 3
params: 59
params: 28
Length of params: 144
params: 1
params: 3
params: 89
params: 18
Length of params: 144
params: 0
params: 5
params: 8

Eval Fitness Gen 1 - Best Fitness: 0.8426:  40%|███████████████████████████████████████████████████▌                                                                             | 40/100 [00:17<00:27,  2.15it/s]
Length of params: 144
params: 1
params: 5
params: 16
params: 39
Length of params: 144
params: 1
params: 2
params: 17
params: 36
Length of params: 144
params: 0
params: 3
params: 31
params: 24
Length of params: 144
params: 1
params: 5
params: 88

Eval Fitness Gen 1 - Best Fitness: 0.8426:  44%|████████████████████████████████████████████████████████▊                                                                        | 44/100 [00:19<00:27,  2.06it/s]
Length of params: 144
params: 0
params: 3
params: 82
params: 17
Length of params: 144
params: 1
params: 3
params: 115
params: 38
Length of params: 144
params: 0
params: 2
params: 51
params: 10
Length of params: 144
params: 1
params: 5
params: 43

Eval Fitness Gen 1 - Best Fitness: 0.8426:  48%|█████████████████████████████████████████████████████████████▉                                                                   | 48/100 [00:21<00:25,  2.07it/s]
Length of params: 144
params: 1
params: 4
params: 13
params: 46
Length of params: 144
params: 1
params: 4
params: 75
params: 7
Length of params: 144
params: 0
params: 3
params: 100
params: 3
Length of params: 144
params: 1
params: 1
params: 126


Eval Fitness Gen 1 - Best Fitness: 0.8426:  57%|█████████████████████████████████████████████████████████████████████████▌                                                       | 57/100 [00:25<00:18,  2.31it/s]
Length of params: 144
params: 0
params: 5
params: 35
params: 45
Length of params: 144
params: 0
params: 4
params: 89
params: 16
Length of params: 144
params: 0
params: 2
params: 100
params: 9
Length of params: 144
params: 0
params: 2
params: 59
params: 28
Length of params: 144
params: 0
params: 2
params: 86

Eval Fitness Gen 1 - Best Fitness: 0.8426:  62%|███████████████████████████████████████████████████████████████████████████████▉                                                 | 62/100 [00:28<00:17,  2.17it/s]
Length of params: 144
params: 1
params: 2
params: 123
params: 6
Length of params: 144
params: 0
params: 2
params: 128
params: 14
Length of params: 144
params: 0
params: 4
params: 63
params: 32
Length of params: 144
params: 0
params: 4
params: 51
params: 14
Length of params: 144
params: 1
params: 5
params: 52

Eval Fitness Gen 1 - Best Fitness: 0.8426:  67%|██████████████████████████████████████████████████████████████████████████████████████▍                                          | 67/100 [00:29<00:13,  2.48it/s]
Length of params: 144
params: 1
params: 3
params: 51
params: 24
Length of params: 144
params: 1
params: 4
params: 56
params: 6
Length of params: 144
params: 1
params: 4
params: 77
params: 8
Length of params: 144
params: 1
params: 2
params: 88
params: 36
Length of params: 144
params: 0
params: 3
params: 116

Eval Fitness Gen 1 - Best Fitness: 0.8426:  72%|████████████████████████████████████████████████████████████████████████████████████████████▉                                    | 72/100 [00:32<00:11,  2.42it/s]
Length of params: 144
params: 1
params: 1
params: 65
params: 46
Length of params: 144
params: 1
params: 3
params: 71
params: 14
Length of params: 144
params: 0
params: 4
params: 45
params: 12
Length of params: 144
params: 1
params: 5
params: 103
params: 12
Length of params: 144
params: 0
params: 2
params: 96

Eval Fitness Gen 1 - Best Fitness: 0.8426:  76%|██████████████████████████████████████████████████████████████████████████████████████████████████                               | 76/100 [00:33<00:11,  2.13it/s]
Length of params: 144
params: 1
params: 4
params: 111
params: 5
Length of params: 144
params: 0
params: 3
params: 55
params: 5
Length of params: 144
params: 1
params: 1
params: 76
params: 33
Length of params: 144
params: 0
params: 2
params: 126

Eval Fitness Gen 1 - Best Fitness: 0.8426:  80%|███████████████████████████████████████████████████████████████████████████████████████████████████████▏                         | 80/100 [00:35<00:09,  2.02it/s]
Length of params: 144
params: 0
params: 1
params: 108
params: 38
Length of params: 144
params: 0
params: 5
params: 12
params: 50
Length of params: 144
params: 1
params: 2
params: 126
params: 35
Length of params: 144
params: 0
params: 1
params: 102

Eval Fitness Gen 1 - Best Fitness: 0.8426:  85%|█████████████████████████████████████████████████████████████████████████████████████████████████████████████▋                   | 85/100 [00:37<00:06,  2.29it/s]
Length of params: 144
params: 1
params: 2
params: 76
params: 41
Length of params: 144
params: 0
params: 4
params: 5
params: 16
Length of params: 144
params: 1
params: 4
params: 59
params: 42
Length of params: 144
params: 0
params: 5
params: 95
params: 35
Length of params: 144
params: 1
params: 3
params: 94

Eval Fitness Gen 1 - Best Fitness: 0.8426:  89%|██████████████████████████████████████████████████████████████████████████████████████████████████████████████████▊              | 89/100 [00:39<00:05,  2.09it/s]
Length of params: 144
params: 1
params: 3
params: 37
params: 23
Length of params: 144
params: 1
params: 5
params: 39
params: 26
Length of params: 144
params: 1
params: 3
params: 96
params: 13
Length of params: 144
params: 0
params: 4
params: 21

Eval Fitness Gen 1 - Best Fitness: 0.8426:  94%|█████████████████████████████████████████████████████████████████████████████████████████████████████████████████████████▎       | 94/100 [00:42<00:02,  2.45it/s]
Length of params: 144
params: 0
params: 3
params: 112
params: 2
Length of params: 144
params: 1
params: 5
params: 71
params: 16
Length of params: 144
params: 0
params: 4
params: 72
params: 35
Length of params: 144
params: 1
params: 1
params: 87
params: 41
Length of params: 144
params: 1
params: 4
params: 59

Eval Fitness Gen 1 - Best Fitness: 0.8426:  98%|██████████████████████████████████████████████████████████████████████████████████████████████████████████████████████████████▍  | 98/100 [00:43<00:00,  2.35it/s]
Length of params: 144
params: 1
params: 3
params: 61
params: 42
Length of params: 144
params: 0
params: 3
params: 19
params: 39
Length of params: 144
params: 0
params: 1
params: 83
params: 28
Length of params: 144
params: 0
params: 1
params: 66
Traceback (most recent call last):
  File "/Users/leo/Programming/PLR/Leo/gen_algo_opt_folder/genetic_algorithm.py", line 281, in <module>
    best_individual, best_fitness = ga.run()
                                    ^^^^^^^^
  File "/Users/leo/Programming/PLR/Leo/gen_algo_opt_folder/genetic_algorithm.py", line 208, in run
    fitness_val = self.fitness(individual)
                  ^^^^^^^^^^^^^^^^^^^^^^^^
  File "/Users/leo/Programming/PLR/Leo/gen_algo_opt_folder/genetic_algorithm.py", line 54, in fitness
    print(f"params: {params[self.n_features - 1]}")
                     ~~~~~~^^^^^^^^^^^^^^^^^^^^^
IndexError: tuple index out of range
Length of params: 144
params: 1
params: 2
params: 16
params: 25
Length of params: 144
params: 0
params: 2
params: 26
params: 28
Length of params: 2