2023-09-30 18:25:39,441 INFO    StreamThr :16621 [internal.py:wandb_internal():86] W&B internal server running at pid: 16621, started at: 2023-09-30 18:25:39.440300
2023-09-30 18:25:39,442 DEBUG   HandlerThread:16621 [handler.py:handle_request():144] handle_request: status
2023-09-30 18:25:39,443 INFO    WriterThread:16621 [datastore.py:open_for_write():85] open: /Users/leo/Programming/PLR/wandb/run-20230930_182538-x9xamfsj/run-x9xamfsj.wandb
2023-09-30 18:25:39,445 DEBUG   SenderThread:16621 [sender.py:send():379] send: header
2023-09-30 18:25:39,445 DEBUG   SenderThread:16621 [sender.py:send():379] send: run
2023-09-30 18:25:39,904 INFO    SenderThread:16621 [dir_watcher.py:__init__():211] watching files in: /Users/leo/Programming/PLR/wandb/run-20230930_182538-x9xamfsj/files
2023-09-30 18:25:39,904 INFO    SenderThread:16621 [sender.py:_start_run_threads():1121] run started: x9xamfsj with start time 1696094738.506689
2023-09-30 18:25:39,913 DEBUG   HandlerThread:16621 [handler.py:handle_request():144] handle_request: check_version
2023-09-30 18:25:39,913 DEBUG   SenderThread:16621 [sender.py:send_request():406] send_request: check_version
2023-09-30 18:25:40,060 DEBUG   HandlerThread:16621 [handler.py:handle_request():144] handle_request: run_start
2023-09-30 18:25:40,061 DEBUG   HandlerThread:16621 [system_info.py:__init__():32] System info init
2023-09-30 18:25:40,061 DEBUG   HandlerThread:16621 [system_info.py:__init__():47] System info init done
2023-09-30 18:25:40,061 INFO    HandlerThread:16621 [system_monitor.py:start():181] Starting system monitor
2023-09-30 18:25:40,061 INFO    SystemMonitor:16621 [system_monitor.py:_start():145] Starting system asset monitoring threads
2023-09-30 18:25:40,062 INFO    HandlerThread:16621 [system_monitor.py:probe():201] Collecting system info
2023-09-30 18:25:40,062 INFO    SystemMonitor:16621 [interfaces.py:start():190] Started cpu monitoring
2023-09-30 18:25:40,062 DEBUG   HandlerThread:16621 [system_info.py:probe():196] Probing system
2023-09-30 18:25:40,063 INFO    SystemMonitor:16621 [interfaces.py:start():190] Started disk monitoring
2023-09-30 18:25:40,067 INFO    SystemMonitor:16621 [interfaces.py:start():190] Started gpuapple monitoring
2023-09-30 18:25:40,068 INFO    SystemMonitor:16621 [interfaces.py:start():190] Started memory monitoring
2023-09-30 18:25:40,070 DEBUG   HandlerThread:16621 [system_info.py:_probe_git():181] Probing git
2023-09-30 18:25:40,070 INFO    SystemMonitor:16621 [interfaces.py:start():190] Started network monitoring
2023-09-30 18:25:40,086 DEBUG   HandlerThread:16621 [system_info.py:_probe_git():189] Probing git done
2023-09-30 18:25:40,086 DEBUG   HandlerThread:16621 [system_info.py:probe():244] Probing system done
2023-09-30 18:25:40,086 DEBUG   HandlerThread:16621 [system_monitor.py:probe():210] {'os': 'macOS-14.0-arm64-arm-64bit', 'python': '3.11.4', 'heartbeatAt': '2023-09-30T17:25:40.063391', 'startedAt': '2023-09-30T17:25:38.501748', 'docker': None, 'cuda': None, 'args': (), 'state': 'running', 'program': '/Users/leo/Programming/PLR/Leo/gen_algo_opt_folder/genetic_algorithm.py', 'codePathLocal': 'Leo/gen_algo_opt_folder/genetic_algorithm.py', 'codePath': 'Leo/gen_algo_opt_folder/genetic_algorithm.py', 'git': {'remote': 'https://github.com/leothesouthafrican/PLR.git', 'commit': '5fd3a4eb908a10330b25120a123e86d552235212'}, 'email': '38779415+leothesouthafrican@users.noreply.github.com', 'root': '/Users/leo/Programming/PLR', 'host': 'Leos-MacBook-Pro.local', 'username': 'leo', 'executable': '/Users/leo/Programming/PLR/Leo/env/bin/python3', 'cpu_count': 10, 'cpu_count_logical': 10, 'disk': {'/': {'total': 855.9619140625, 'used': 12.108589172363281}}, 'gpuapple': {'type': 'arm', 'vendor': 'Apple'}, 'memory': {'total': 32.0}}
2023-09-30 18:25:40,086 INFO    HandlerThread:16621 [system_monitor.py:probe():211] Finished collecting system info
2023-09-30 18:25:40,086 INFO    HandlerThread:16621 [system_monitor.py:probe():214] Publishing system info
2023-09-30 18:25:40,086 DEBUG   HandlerThread:16621 [system_info.py:_save_pip():52] Saving list of pip packages installed into the current environment
2023-09-30 18:25:40,087 DEBUG   HandlerThread:16621 [system_info.py:_save_pip():68] Saving pip packages done
2023-09-30 18:25:40,087 INFO    HandlerThread:16621 [system_monitor.py:probe():216] Finished publishing system info
2023-09-30 18:25:40,087 DEBUG   SenderThread:16621 [sender.py:send():379] send: files
2023-09-30 18:25:40,087 INFO    SenderThread:16621 [sender.py:_save_file():1375] saving file wandb-metadata.json with policy now
2023-09-30 18:25:40,090 DEBUG   HandlerThread:16621 [handler.py:handle_request():144] handle_request: stop_status
2023-09-30 18:25:40,090 DEBUG   SenderThread:16621 [sender.py:send_request():406] send_request: stop_status
2023-09-30 18:25:40,091 DEBUG   HandlerThread:16621 [handler.py:handle_request():144] handle_request: internal_messages
2023-09-30 18:25:40,383 DEBUG   SenderThread:16621 [sender.py:send():379] send: telemetry
2023-09-30 18:25:40,383 DEBUG   SenderThread:16621 [sender.py:send():379] send: config
2023-09-30 18:25:40,664 INFO    wandb-upload_0:16621 [upload_job.py:push():131] Uploaded file /var/folders/dt/bgs1hq3d2k3dvhpt3llvs4rw0000gn/T/tmpuhnmoa2mwandb/uwahrw47-wandb-metadata.json
2023-09-30 18:25:40,926 INFO    Thread-110:16621 [dir_watcher.py:_on_file_created():271] file/dir created: /Users/leo/Programming/PLR/wandb/run-20230930_182538-x9xamfsj/files/output.log
2023-09-30 18:25:40,927 INFO    Thread-110:16621 [dir_watcher.py:_on_file_created():271] file/dir created: /Users/leo/Programming/PLR/wandb/run-20230930_182538-x9xamfsj/files/wandb-metadata.json
2023-09-30 18:25:40,927 INFO    Thread-110:16621 [dir_watcher.py:_on_file_created():271] file/dir created: /Users/leo/Programming/PLR/wandb/run-20230930_182538-x9xamfsj/files/requirements.txt
2023-09-30 18:25:42,935 INFO    Thread-110:16621 [dir_watcher.py:_on_file_modified():288] file/dir modified: /Users/leo/Programming/PLR/wandb/run-20230930_182538-x9xamfsj/files/output.log
2023-09-30 18:25:44,814 DEBUG   HandlerThread:16621 [handler.py:handle_request():144] handle_request: partial_history
2023-09-30 18:25:44,815 DEBUG   SenderThread:16621 [sender.py:send():379] send: history
2023-09-30 18:25:44,815 DEBUG   SenderThread:16621 [sender.py:send_request():406] send_request: summary_record
2023-09-30 18:25:44,815 DEBUG   HandlerThread:16621 [handler.py:handle_request():144] handle_request: status_report
2023-09-30 18:25:44,815 INFO    SenderThread:16621 [sender.py:_save_file():1375] saving file wandb-summary.json with policy end
2023-09-30 18:25:44,995 INFO    Thread-110:16621 [dir_watcher.py:_on_file_modified():288] file/dir modified: /Users/leo/Programming/PLR/wandb/run-20230930_182538-x9xamfsj/files/output.log
2023-09-30 18:25:44,995 INFO    Thread-110:16621 [dir_watcher.py:_on_file_created():271] file/dir created: /Users/leo/Programming/PLR/wandb/run-20230930_182538-x9xamfsj/files/wandb-summary.json
2023-09-30 18:25:47,007 INFO    Thread-110:16621 [dir_watcher.py:_on_file_modified():288] file/dir modified: /Users/leo/Programming/PLR/wandb/run-20230930_182538-x9xamfsj/files/output.log
2023-09-30 18:25:49,019 INFO    Thread-110:16621 [dir_watcher.py:_on_file_modified():288] file/dir modified: /Users/leo/Programming/PLR/wandb/run-20230930_182538-x9xamfsj/files/output.log
2023-09-30 18:25:50,033 DEBUG   HandlerThread:16621 [handler.py:handle_request():144] handle_request: status_report
2023-09-30 18:25:50,191 DEBUG   HandlerThread:16621 [handler.py:handle_request():144] handle_request: partial_history
2023-09-30 18:25:50,192 DEBUG   SenderThread:16621 [sender.py:send():379] send: history
2023-09-30 18:25:50,192 DEBUG   SenderThread:16621 [sender.py:send_request():406] send_request: summary_record
2023-09-30 18:25:50,193 INFO    SenderThread:16621 [sender.py:_save_file():1375] saving file wandb-summary.json with policy end
2023-09-30 18:25:51,033 INFO    Thread-110:16621 [dir_watcher.py:_on_file_modified():288] file/dir modified: /Users/leo/Programming/PLR/wandb/run-20230930_182538-x9xamfsj/files/wandb-summary.json
2023-09-30 18:25:51,033 INFO    Thread-110:16621 [dir_watcher.py:_on_file_modified():288] file/dir modified: /Users/leo/Programming/PLR/wandb/run-20230930_182538-x9xamfsj/files/output.log
2023-09-30 18:25:53,055 INFO    Thread-110:16621 [dir_watcher.py:_on_file_modified():288] file/dir modified: /Users/leo/Programming/PLR/wandb/run-20230930_182538-x9xamfsj/files/output.log
2023-09-30 18:25:55,069 INFO    Thread-110:16621 [dir_watcher.py:_on_file_modified():288] file/dir modified: /Users/leo/Programming/PLR/wandb/run-20230930_182538-x9xamfsj/files/output.log
2023-09-30 18:25:55,091 DEBUG   HandlerThread:16621 [handler.py:handle_request():144] handle_request: stop_status
2023-09-30 18:25:55,092 DEBUG   SenderThread:16621 [sender.py:send_request():406] send_request: stop_status
2023-09-30 18:25:55,095 DEBUG   HandlerThread:16621 [handler.py:handle_request():144] handle_request: internal_messages
2023-09-30 18:25:55,191 DEBUG   HandlerThread:16621 [handler.py:handle_request():144] handle_request: partial_history
2023-09-30 18:25:55,247 DEBUG   SenderThread:16621 [sender.py:send():379] send: history
2023-09-30 18:25:55,247 DEBUG   SenderThread:16621 [sender.py:send_request():406] send_request: summary_record
2023-09-30 18:25:55,248 INFO    SenderThread:16621 [sender.py:_save_file():1375] saving file wandb-summary.json with policy end
2023-09-30 18:25:55,247 DEBUG   HandlerThread:16621 [handler.py:handle_request():144] handle_request: status_report
2023-09-30 18:25:56,076 INFO    Thread-110:16621 [dir_watcher.py:_on_file_modified():288] file/dir modified: /Users/leo/Programming/PLR/wandb/run-20230930_182538-x9xamfsj/files/wandb-summary.json
2023-09-30 18:25:57,099 INFO    Thread-110:16621 [dir_watcher.py:_on_file_modified():288] file/dir modified: /Users/leo/Programming/PLR/wandb/run-20230930_182538-x9xamfsj/files/output.log
2023-09-30 18:25:59,115 INFO    Thread-110:16621 [dir_watcher.py:_on_file_modified():288] file/dir modified: /Users/leo/Programming/PLR/wandb/run-20230930_182538-x9xamfsj/files/output.log
2023-09-30 18:25:59,966 DEBUG   HandlerThread:16621 [handler.py:handle_request():144] handle_request: partial_history
2023-09-30 18:25:59,967 DEBUG   SenderThread:16621 [sender.py:send():379] send: history
2023-09-30 18:25:59,968 DEBUG   SenderThread:16621 [sender.py:send_request():406] send_request: summary_record
2023-09-30 18:25:59,968 INFO    SenderThread:16621 [sender.py:_save_file():1375] saving file wandb-summary.json with policy end
2023-09-30 18:26:00,118 INFO    Thread-110:16621 [dir_watcher.py:_on_file_modified():288] file/dir modified: /Users/leo/Programming/PLR/wandb/run-20230930_182538-x9xamfsj/files/wandb-summary.json
2023-09-30 18:26:00,329 DEBUG   HandlerThread:16621 [handler.py:handle_request():144] handle_request: status_report
2023-09-30 18:26:01,124 INFO    Thread-110:16621 [dir_watcher.py:_on_file_modified():288] file/dir modified: /Users/leo/Programming/PLR/wandb/run-20230930_182538-x9xamfsj/files/output.log
2023-09-30 18:26:03,177 INFO    Thread-110:16621 [dir_watcher.py:_on_file_modified():288] file/dir modified: /Users/leo/Programming/PLR/wandb/run-20230930_182538-x9xamfsj/files/output.log
2023-09-30 18:26:04,933 DEBUG   HandlerThread:16621 [handler.py:handle_request():144] handle_request: partial_history
2023-09-30 18:26:04,934 DEBUG   SenderThread:16621 [sender.py:send():379] send: history
2023-09-30 18:26:04,934 DEBUG   SenderThread:16621 [sender.py:send_request():406] send_request: summary_record
2023-09-30 18:26:04,934 INFO    SenderThread:16621 [sender.py:_save_file():1375] saving file wandb-summary.json with policy end
2023-09-30 18:26:05,182 INFO    Thread-110:16621 [dir_watcher.py:_on_file_modified():288] file/dir modified: /Users/leo/Programming/PLR/wandb/run-20230930_182538-x9xamfsj/files/wandb-summary.json
2023-09-30 18:26:05,182 INFO    Thread-110:16621 [dir_watcher.py:_on_file_modified():288] file/dir modified: /Users/leo/Programming/PLR/wandb/run-20230930_182538-x9xamfsj/files/output.log
2023-09-30 18:26:05,331 DEBUG   HandlerThread:16621 [handler.py:handle_request():144] handle_request: status_report
2023-09-30 18:26:07,237 INFO    Thread-110:16621 [dir_watcher.py:_on_file_modified():288] file/dir modified: /Users/leo/Programming/PLR/wandb/run-20230930_182538-x9xamfsj/files/output.log
2023-09-30 18:26:09,225 INFO    Thread-110:16621 [dir_watcher.py:_on_file_modified():288] file/dir modified: /Users/leo/Programming/PLR/wandb/run-20230930_182538-x9xamfsj/files/output.log
2023-09-30 18:26:09,926 DEBUG   HandlerThread:16621 [handler.py:handle_request():144] handle_request: log_artifact
2023-09-30 18:26:09,926 DEBUG   SenderThread:16621 [sender.py:send_request():406] send_request: log_artifact
2023-09-30 18:26:09,932 DEBUG   HandlerThread:16621 [handler.py:handle_request():144] handle_request: partial_history
2023-09-30 18:26:10,233 INFO    Thread-110:16621 [dir_watcher.py:_on_file_created():271] file/dir created: /Users/leo/Programming/PLR/wandb/run-20230930_182538-x9xamfsj/files/media/table/Generations Table_5_b6b55e49dc94153f8434.table.json
2023-09-30 18:26:10,233 INFO    Thread-110:16621 [dir_watcher.py:_on_file_created():271] file/dir created: /Users/leo/Programming/PLR/wandb/run-20230930_182538-x9xamfsj/files/media/table
2023-09-30 18:26:10,233 INFO    Thread-110:16621 [dir_watcher.py:_on_file_created():271] file/dir created: /Users/leo/Programming/PLR/wandb/run-20230930_182538-x9xamfsj/files/media
2023-09-30 18:26:10,681 INFO    wandb-upload_0:16621 [upload_job.py:push():131] Uploaded file /var/folders/dt/bgs1hq3d2k3dvhpt3llvs4rw0000gn/T/tmpuhnmoa2mwandb/gbchsibj-media/table/Generations Table_5_b6b55e49dc94153f8434.table.json
2023-09-30 18:26:10,938 DEBUG   HandlerThread:16621 [handler.py:handle_request():144] handle_request: poll_exit
2023-09-30 18:26:11,235 INFO    Thread-110:16621 [dir_watcher.py:_on_file_modified():288] file/dir modified: /Users/leo/Programming/PLR/wandb/run-20230930_182538-x9xamfsj/files/output.log
2023-09-30 18:26:11,319 INFO    wandb-upload_1:16621 [upload_job.py:push():89] Uploaded file /Users/leo/Library/Application Support/wandb/artifacts/staging/tmpdy_4q39h
2023-09-30 18:26:12,131 INFO    SenderThread:16621 [sender.py:send_request_log_artifact():1441] logged artifact run-x9xamfsj-GenerationsTable - {'id': 'QXJ0aWZhY3Q6NTg5OTUxOTU1', 'state': 'PENDING', 'artifactSequence': {'id': 'QXJ0aWZhY3RDb2xsZWN0aW9uOjEwMjc3ODkzNQ==', 'latestArtifact': None}}
2023-09-30 18:26:12,134 DEBUG   HandlerThread:16621 [handler.py:handle_request():144] handle_request: status_report
2023-09-30 18:26:12,363 DEBUG   SenderThread:16621 [sender.py:send():379] send: files
2023-09-30 18:26:12,363 INFO    SenderThread:16621 [sender.py:_save_file():1375] saving file media/table/Generations Table_5_b6b55e49dc94153f8434.table.json with policy now
2023-09-30 18:26:12,363 DEBUG   SenderThread:16621 [sender.py:send():379] send: history
2023-09-30 18:26:12,364 DEBUG   SenderThread:16621 [sender.py:send_request():406] send_request: summary_record
2023-09-30 18:26:12,364 INFO    SenderThread:16621 [sender.py:_save_file():1375] saving file wandb-summary.json with policy end
2023-09-30 18:26:12,364 DEBUG   SenderThread:16621 [sender.py:send():379] send: telemetry
2023-09-30 18:26:12,365 DEBUG   SenderThread:16621 [sender.py:send():379] send: exit
2023-09-30 18:26:12,365 INFO    SenderThread:16621 [sender.py:send_exit():584] handling exit code: 0
2023-09-30 18:26:12,365 INFO    SenderThread:16621 [sender.py:send_exit():586] handling runtime: 29
2023-09-30 18:26:12,365 INFO    SenderThread:16621 [sender.py:_save_file():1375] saving file wandb-summary.json with policy end
2023-09-30 18:26:12,365 INFO    SenderThread:16621 [sender.py:send_exit():592] send defer
2023-09-30 18:26:12,365 DEBUG   SenderThread:16621 [sender.py:send_request():406] send_request: poll_exit
2023-09-30 18:26:12,365 DEBUG   HandlerThread:16621 [handler.py:handle_request():144] handle_request: defer
2023-09-30 18:26:12,365 INFO    HandlerThread:16621 [handler.py:handle_request_defer():170] handle defer: 0
2023-09-30 18:26:12,365 DEBUG   SenderThread:16621 [sender.py:send_request():406] send_request: defer
2023-09-30 18:26:12,365 INFO    SenderThread:16621 [sender.py:send_request_defer():608] handle sender defer: 0
2023-09-30 18:26:12,365 INFO    SenderThread:16621 [sender.py:transition_state():612] send defer: 1
2023-09-30 18:26:12,366 DEBUG   HandlerThread:16621 [handler.py:handle_request():144] handle_request: defer
2023-09-30 18:26:12,366 INFO    HandlerThread:16621 [handler.py:handle_request_defer():170] handle defer: 1
2023-09-30 18:26:12,366 DEBUG   SenderThread:16621 [sender.py:send_request():406] send_request: defer
2023-09-30 18:26:12,366 INFO    SenderThread:16621 [sender.py:send_request_defer():608] handle sender defer: 1
2023-09-30 18:26:12,366 INFO    SenderThread:16621 [sender.py:transition_state():612] send defer: 2
2023-09-30 18:26:12,366 DEBUG   HandlerThread:16621 [handler.py:handle_request():144] handle_request: defer
2023-09-30 18:26:12,366 INFO    HandlerThread:16621 [handler.py:handle_request_defer():170] handle defer: 2
2023-09-30 18:26:12,366 INFO    HandlerThread:16621 [system_monitor.py:finish():190] Stopping system monitor
2023-09-30 18:26:12,366 DEBUG   SystemMonitor:16621 [system_monitor.py:_start():159] Starting system metrics aggregation loop
2023-09-30 18:26:12,366 DEBUG   SystemMonitor:16621 [system_monitor.py:_start():166] Finished system metrics aggregation loop
2023-09-30 18:26:12,366 DEBUG   SystemMonitor:16621 [system_monitor.py:_start():170] Publishing last batch of metrics
2023-09-30 18:26:12,367 INFO    HandlerThread:16621 [interfaces.py:finish():202] Joined cpu monitor
2023-09-30 18:26:12,368 INFO    HandlerThread:16621 [interfaces.py:finish():202] Joined disk monitor
2023-09-30 18:26:12,887 INFO    wandb-upload_0:16621 [upload_job.py:push():131] Uploaded file /var/folders/dt/bgs1hq3d2k3dvhpt3llvs4rw0000gn/T/tmpuhnmoa2mwandb/zu0j6mpu-media/table/Generations Table_5_b6b55e49dc94153f8434.table.json
2023-09-30 18:26:13,253 INFO    Thread-110:16621 [dir_watcher.py:_on_file_modified():288] file/dir modified: /Users/leo/Programming/PLR/wandb/run-20230930_182538-x9xamfsj/files/wandb-summary.json
2023-09-30 18:26:13,253 INFO    Thread-110:16621 [dir_watcher.py:_on_file_modified():288] file/dir modified: /Users/leo/Programming/PLR/wandb/run-20230930_182538-x9xamfsj/files/config.yaml
2023-09-30 18:26:13,287 INFO    HandlerThread:16621 [interfaces.py:finish():202] Joined gpuapple monitor
2023-09-30 18:26:13,287 INFO    HandlerThread:16621 [interfaces.py:finish():202] Joined memory monitor
2023-09-30 18:26:13,287 INFO    HandlerThread:16621 [interfaces.py:finish():202] Joined network monitor
2023-09-30 18:26:13,288 DEBUG   SenderThread:16621 [sender.py:send_request():406] send_request: defer
2023-09-30 18:26:13,288 INFO    SenderThread:16621 [sender.py:send_request_defer():608] handle sender defer: 2
2023-09-30 18:26:13,288 INFO    SenderThread:16621 [sender.py:transition_state():612] send defer: 3
2023-09-30 18:26:13,288 DEBUG   SenderThread:16621 [sender.py:send():379] send: telemetry
2023-09-30 18:26:13,288 DEBUG   SenderThread:16621 [sender.py:send():379] send: stats
2023-09-30 18:26:13,288 DEBUG   HandlerThread:16621 [handler.py:handle_request():144] handle_request: defer
2023-09-30 18:26:13,288 INFO    HandlerThread:16621 [handler.py:handle_request_defer():170] handle defer: 3
2023-09-30 18:26:13,288 DEBUG   SenderThread:16621 [sender.py:send_request():406] send_request: defer
2023-09-30 18:26:13,288 INFO    SenderThread:16621 [sender.py:send_request_defer():608] handle sender defer: 3
2023-09-30 18:26:13,288 INFO    SenderThread:16621 [sender.py:transition_state():612] send defer: 4
2023-09-30 18:26:13,288 DEBUG   HandlerThread:16621 [handler.py:handle_request():144] handle_request: defer
2023-09-30 18:26:13,288 INFO    HandlerThread:16621 [handler.py:handle_request_defer():170] handle defer: 4
2023-09-30 18:26:13,288 DEBUG   SenderThread:16621 [sender.py:send_request():406] send_request: defer
2023-09-30 18:26:13,288 INFO    SenderThread:16621 [sender.py:send_request_defer():608] handle sender defer: 4
2023-09-30 18:26:13,288 INFO    SenderThread:16621 [sender.py:transition_state():612] send defer: 5
2023-09-30 18:26:13,288 DEBUG   HandlerThread:16621 [handler.py:handle_request():144] handle_request: defer
2023-09-30 18:26:13,288 INFO    HandlerThread:16621 [handler.py:handle_request_defer():170] handle defer: 5
2023-09-30 18:26:13,288 DEBUG   SenderThread:16621 [sender.py:send():379] send: summary
2023-09-30 18:26:13,289 INFO    SenderThread:16621 [sender.py:_save_file():1375] saving file wandb-summary.json with policy end
2023-09-30 18:26:13,289 DEBUG   SenderThread:16621 [sender.py:send_request():406] send_request: defer
2023-09-30 18:26:13,289 INFO    SenderThread:16621 [sender.py:send_request_defer():608] handle sender defer: 5
2023-09-30 18:26:13,289 INFO    SenderThread:16621 [sender.py:transition_state():612] send defer: 6
2023-09-30 18:26:13,289 DEBUG   HandlerThread:16621 [handler.py:handle_request():144] handle_request: defer
2023-09-30 18:26:13,289 INFO    HandlerThread:16621 [handler.py:handle_request_defer():170] handle defer: 6
2023-09-30 18:26:13,289 DEBUG   SenderThread:16621 [sender.py:send_request():406] send_request: defer
2023-09-30 18:26:13,289 INFO    SenderThread:16621 [sender.py:send_request_defer():608] handle sender defer: 6
2023-09-30 18:26:13,290 DEBUG   HandlerThread:16621 [handler.py:handle_request():144] handle_request: status_report
2023-09-30 18:26:13,449 INFO    SenderThread:16621 [sender.py:transition_state():612] send defer: 7
2023-09-30 18:26:13,450 DEBUG   HandlerThread:16621 [handler.py:handle_request():144] handle_request: defer
2023-09-30 18:26:13,450 INFO    HandlerThread:16621 [handler.py:handle_request_defer():170] handle defer: 7
2023-09-30 18:26:13,450 DEBUG   SenderThread:16621 [sender.py:send_request():406] send_request: defer
2023-09-30 18:26:13,450 INFO    SenderThread:16621 [sender.py:send_request_defer():608] handle sender defer: 7
2023-09-30 18:26:14,261 INFO    Thread-110:16621 [dir_watcher.py:_on_file_modified():288] file/dir modified: /Users/leo/Programming/PLR/wandb/run-20230930_182538-x9xamfsj/files/wandb-summary.json
2023-09-30 18:26:14,262 INFO    Thread-110:16621 [dir_watcher.py:_on_file_modified():288] file/dir modified: /Users/leo/Programming/PLR/wandb/run-20230930_182538-x9xamfsj/files/config.yaml
2023-09-30 18:26:14,613 INFO    SenderThread:16621 [sender.py:transition_state():612] send defer: 8
2023-09-30 18:26:14,613 DEBUG   HandlerThread:16621 [handler.py:handle_request():144] handle_request: defer
2023-09-30 18:26:14,613 INFO    HandlerThread:16621 [handler.py:handle_request_defer():170] handle defer: 8
2023-09-30 18:26:14,613 DEBUG   SenderThread:16621 [sender.py:send_request():406] send_request: defer
2023-09-30 18:26:14,613 INFO    SenderThread:16621 [sender.py:send_request_defer():608] handle sender defer: 8
2023-09-30 18:26:14,614 INFO    SenderThread:16621 [job_builder.py:build():281] Attempting to build job artifact
2023-09-30 18:26:14,615 INFO    SenderThread:16621 [job_builder.py:_get_source_type():393] is repo sourced job
2023-09-30 18:26:14,616 INFO    SenderThread:16621 [job_builder.py:build():369] adding wandb-job metadata file
2023-09-30 18:26:14,621 INFO    SenderThread:16621 [sender.py:transition_state():612] send defer: 9
2023-09-30 18:26:14,621 DEBUG   HandlerThread:16621 [handler.py:handle_request():144] handle_request: defer
2023-09-30 18:26:14,622 INFO    HandlerThread:16621 [handler.py:handle_request_defer():170] handle defer: 9
2023-09-30 18:26:14,622 DEBUG   SenderThread:16621 [sender.py:send():379] send: artifact
2023-09-30 18:26:15,273 INFO    Thread-110:16621 [dir_watcher.py:_on_file_modified():288] file/dir modified: /Users/leo/Programming/PLR/wandb/run-20230930_182538-x9xamfsj/files/output.log
2023-09-30 18:26:15,709 INFO    wandb-upload_1:16621 [upload_job.py:push():86] Skipped uploading /Users/leo/Library/Application Support/wandb/artifacts/staging/tmp5wu3lwgr
2023-09-30 18:26:15,980 DEBUG   HandlerThread:16621 [handler.py:handle_request():144] handle_request: keepalive
2023-09-30 18:26:16,032 INFO    wandb-upload_0:16621 [upload_job.py:push():89] Uploaded file /Users/leo/Library/Application Support/wandb/artifacts/staging/tmpig99fgk9
2023-09-30 18:26:17,447 INFO    SenderThread:16621 [sender.py:send_artifact():1453] sent artifact job-https___github.com_leothesouthafrican_PLR.git_Leo_gen_algo_opt_folder_genetic_algorithm.py - {'id': 'QXJ0aWZhY3Q6NTg5OTUyMDE5', 'state': 'PENDING', 'artifactSequence': {'id': 'QXJ0aWZhY3RDb2xsZWN0aW9uOjEwMjY3Mjc5OA==', 'latestArtifact': {'id': 'QXJ0aWZhY3Q6NTg5OTUxNDYw', 'versionIndex': 15}}}
2023-09-30 18:26:17,447 DEBUG   SenderThread:16621 [sender.py:send_request():406] send_request: defer
2023-09-30 18:26:17,447 INFO    SenderThread:16621 [sender.py:send_request_defer():608] handle sender defer: 9
2023-09-30 18:26:17,447 INFO    SenderThread:16621 [dir_watcher.py:finish():358] shutting down directory watcher
2023-09-30 18:26:18,305 INFO    SenderThread:16621 [dir_watcher.py:finish():388] scan: /Users/leo/Programming/PLR/wandb/run-20230930_182538-x9xamfsj/files
2023-09-30 18:26:18,305 INFO    SenderThread:16621 [dir_watcher.py:finish():402] scan save: /Users/leo/Programming/PLR/wandb/run-20230930_182538-x9xamfsj/files/requirements.txt requirements.txt
2023-09-30 18:26:18,306 INFO    SenderThread:16621 [dir_watcher.py:finish():402] scan save: /Users/leo/Programming/PLR/wandb/run-20230930_182538-x9xamfsj/files/output.log output.log
2023-09-30 18:26:18,306 INFO    SenderThread:16621 [dir_watcher.py:finish():402] scan save: /Users/leo/Programming/PLR/wandb/run-20230930_182538-x9xamfsj/files/config.yaml config.yaml
2023-09-30 18:26:18,306 INFO    SenderThread:16621 [dir_watcher.py:finish():402] scan save: /Users/leo/Programming/PLR/wandb/run-20230930_182538-x9xamfsj/files/wandb-summary.json wandb-summary.json
2023-09-30 18:26:18,310 INFO    SenderThread:16621 [dir_watcher.py:finish():402] scan save: /Users/leo/Programming/PLR/wandb/run-20230930_182538-x9xamfsj/files/wandb-metadata.json wandb-metadata.json
2023-09-30 18:26:18,314 INFO    SenderThread:16621 [dir_watcher.py:finish():402] scan save: /Users/leo/Programming/PLR/wandb/run-20230930_182538-x9xamfsj/files/media/table/Generations Table_5_b6b55e49dc94153f8434.table.json media/table/Generations Table_5_b6b55e49dc94153f8434.table.json
2023-09-30 18:26:18,314 INFO    SenderThread:16621 [sender.py:transition_state():612] send defer: 10
2023-09-30 18:26:18,315 DEBUG   HandlerThread:16621 [handler.py:handle_request():144] handle_request: defer
2023-09-30 18:26:18,315 INFO    HandlerThread:16621 [handler.py:handle_request_defer():170] handle defer: 10
2023-09-30 18:26:18,316 DEBUG   SenderThread:16621 [sender.py:send_request():406] send_request: defer
2023-09-30 18:26:18,316 INFO    SenderThread:16621 [sender.py:send_request_defer():608] handle sender defer: 10
2023-09-30 18:26:18,317 INFO    SenderThread:16621 [file_pusher.py:finish():175] shutting down file pusher
2023-09-30 18:26:18,707 INFO    wandb-upload_0:16621 [upload_job.py:push():131] Uploaded file /Users/leo/Programming/PLR/wandb/run-20230930_182538-x9xamfsj/files/output.log
2023-09-30 18:26:18,842 INFO    wandb-upload_3:16621 [upload_job.py:push():131] Uploaded file /Users/leo/Programming/PLR/wandb/run-20230930_182538-x9xamfsj/files/wandb-summary.json
2023-09-30 18:26:18,867 INFO    wandb-upload_1:16621 [upload_job.py:push():131] Uploaded file /Users/leo/Programming/PLR/wandb/run-20230930_182538-x9xamfsj/files/requirements.txt
2023-09-30 18:26:19,367 INFO    wandb-upload_2:16621 [upload_job.py:push():131] Uploaded file /Users/leo/Programming/PLR/wandb/run-20230930_182538-x9xamfsj/files/config.yaml
2023-09-30 18:26:19,578 INFO    Thread-109 (_thread_body):16621 [sender.py:transition_state():612] send defer: 11
2023-09-30 18:26:19,579 DEBUG   HandlerThread:16621 [handler.py:handle_request():144] handle_request: defer
2023-09-30 18:26:19,579 INFO    HandlerThread:16621 [handler.py:handle_request_defer():170] handle defer: 11
2023-09-30 18:26:19,579 DEBUG   SenderThread:16621 [sender.py:send_request():406] send_request: defer
2023-09-30 18:26:19,579 INFO    SenderThread:16621 [sender.py:send_request_defer():608] handle sender defer: 11
2023-09-30 18:26:19,580 INFO    SenderThread:16621 [file_pusher.py:join():181] waiting for file pusher
2023-09-30 18:26:19,580 INFO    SenderThread:16621 [sender.py:transition_state():612] send defer: 12
2023-09-30 18:26:19,580 DEBUG   HandlerThread:16621 [handler.py:handle_request():144] handle_request: defer
2023-09-30 18:26:19,580 INFO    HandlerThread:16621 [handler.py:handle_request_defer():170] handle defer: 12
2023-09-30 18:26:19,580 DEBUG   SenderThread:16621 [sender.py:send_request():406] send_request: defer
2023-09-30 18:26:19,580 INFO    SenderThread:16621 [sender.py:send_request_defer():608] handle sender defer: 12
2023-09-30 18:26:19,580 INFO    SenderThread:16621 [file_stream.py:finish():594] file stream finish called
2023-09-30 18:26:19,750 INFO    SenderThread:16621 [file_stream.py:finish():598] file stream finish is done
2023-09-30 18:26:19,750 INFO    SenderThread:16621 [sender.py:transition_state():612] send defer: 13
2023-09-30 18:26:19,751 DEBUG   HandlerThread:16621 [handler.py:handle_request():144] handle_request: defer
2023-09-30 18:26:19,751 INFO    HandlerThread:16621 [handler.py:handle_request_defer():170] handle defer: 13
2023-09-30 18:26:19,752 DEBUG   SenderThread:16621 [sender.py:send_request():406] send_request: defer
2023-09-30 18:26:19,752 INFO    SenderThread:16621 [sender.py:send_request_defer():608] handle sender defer: 13
2023-09-30 18:26:19,752 INFO    SenderThread:16621 [sender.py:transition_state():612] send defer: 14
2023-09-30 18:26:19,752 DEBUG   HandlerThread:16621 [handler.py:handle_request():144] handle_request: defer
2023-09-30 18:26:19,752 INFO    HandlerThread:16621 [handler.py:handle_request_defer():170] handle defer: 14
2023-09-30 18:26:19,753 DEBUG   SenderThread:16621 [sender.py:send():379] send: final
2023-09-30 18:26:19,753 DEBUG   SenderThread:16621 [sender.py:send():379] send: footer
2023-09-30 18:26:19,753 DEBUG   SenderThread:16621 [sender.py:send_request():406] send_request: defer
2023-09-30 18:26:19,753 INFO    SenderThread:16621 [sender.py:send_request_defer():608] handle sender defer: 14
2023-09-30 18:26:19,755 DEBUG   HandlerThread:16621 [handler.py:handle_request():144] handle_request: internal_messages
2023-09-30 18:26:19,756 DEBUG   HandlerThread:16621 [handler.py:handle_request():144] handle_request: poll_exit
2023-09-30 18:26:19,757 DEBUG   HandlerThread:16621 [handler.py:handle_request():144] handle_request: server_info
2023-09-30 18:26:19,757 DEBUG   HandlerThread:16621 [handler.py:handle_request():144] handle_request: get_summary
2023-09-30 18:26:19,757 DEBUG   SenderThread:16621 [sender.py:send_request():406] send_request: poll_exit
2023-09-30 18:26:19,757 DEBUG   HandlerThread:16621 [handler.py:handle_request():144] handle_request: sampled_history
2023-09-30 18:26:19,758 DEBUG   SenderThread:16621 [sender.py:send_request():406] send_request: server_info
2023-09-30 18:26:19,758 DEBUG   HandlerThread:16621 [handler.py:handle_request():144] handle_request: job_info
2023-09-30 18:26:19,897 DEBUG   SenderThread:16621 [sender.py:send_request():406] send_request: job_info
2023-09-30 18:26:19,898 DEBUG   HandlerThread:16621 [handler.py:handle_request():144] handle_request: shutdown
2023-09-30 18:26:19,898 INFO    HandlerThread:16621 [handler.py:finish():840] shutting down handler
2023-09-30 18:26:20,769 INFO    WriterThread:16621 [datastore.py:close():294] close: /Users/leo/Programming/PLR/wandb/run-20230930_182538-x9xamfsj/run-x9xamfsj.wandb
2023-09-30 18:26:20,901 INFO    SenderThread:16621 [sender.py:finish():1531] shutting down sender
2023-09-30 18:26:20,901 INFO    SenderThread:16621 [file_pusher.py:finish():175] shutting down file pusher
2023-09-30 18:26:20,901 INFO    SenderThread:16621 [file_pusher.py:join():181] waiting for file pusher
