Generations:   0%|                                                                                                                                                                         | 0/20 [00:00<?, ?it/s]
Eval Fitness Gen 1 - Best Fitness: 0.2997:   3%|███▉                                                                                                                              | 3/100 [00:01<00:46,  2.08it/s]
Mutating...
Mutating...

Eval Fitness Gen 1 - Best Fitness: 0.2997:   8%|██████████▍                                                                                                                       | 8/100 [00:03<00:41,  2.22it/s]
Mutating...
Mutating...
Mutating...
Mutating...

Eval Fitness Gen 1 - Best Fitness: 0.2997:  12%|███████████████▍                                                                                                                 | 12/100 [00:05<00:39,  2.21it/s]
Mutating...
Mutating...
Mutating...
Mutating...

Eval Fitness Gen 1 - Best Fitness: 0.3431:  17%|█████████████████████▉                                                                                                           | 17/100 [00:07<00:38,  2.13it/s]
Mutating...
Mutating...
Mutating...

Eval Fitness Gen 1 - Best Fitness: 0.3437:  21%|███████████████████████████                                                                                                      | 21/100 [00:09<00:39,  1.98it/s]
Mutating...
Mutating...
Mutating...

Eval Fitness Gen 1 - Best Fitness: 0.6436:  25%|████████████████████████████████▎                                                                                                | 25/100 [00:11<00:37,  2.02it/s]
Mutating...
Mutating...
Mutating...

Eval Fitness Gen 1 - Best Fitness: 0.6436:  29%|█████████████████████████████████████▍                                                                                           | 29/100 [00:13<00:32,  2.19it/s]
Mutating...
Mutating...
Mutating...
Mutating...

Eval Fitness Gen 1 - Best Fitness: 0.6436:  34%|███████████████████████████████████████████▊                                                                                     | 34/100 [00:15<00:31,  2.08it/s]
Mutating...
Mutating...
Mutating...

Eval Fitness Gen 1 - Best Fitness: 0.6436:  38%|█████████████████████████████████████████████████                                                                                | 38/100 [00:17<00:29,  2.12it/s]
Mutating...
Mutating...
Mutating...

Eval Fitness Gen 1 - Best Fitness: 0.6436:  42%|██████████████████████████████████████████████████████▏                                                                          | 42/100 [00:19<00:26,  2.15it/s]
Mutating...
Mutating...
Mutating...
Mutating...

Eval Fitness Gen 1 - Best Fitness: 0.6436:  46%|███████████████████████████████████████████████████████████▎                                                                     | 46/100 [00:21<00:26,  2.06it/s]
Mutating...
Mutating...
Mutating...

Eval Fitness Gen 1 - Best Fitness: 0.6436:  51%|█████████████████████████████████████████████████████████████████▊                                                               | 51/100 [00:23<00:23,  2.12it/s]
Mutating...
Mutating...
Mutating...

Eval Fitness Gen 1 - Best Fitness: 0.6436:  55%|██████████████████████████████████████████████████████████████████████▉                                                          | 55/100 [00:25<00:19,  2.28it/s]
Mutating...
Mutating...
Mutating...
Mutating...

Eval Fitness Gen 1 - Best Fitness: 0.6436:  60%|█████████████████████████████████████████████████████████████████████████████▍                                                   | 60/100 [00:28<00:19,  2.06it/s]
Mutating...
Mutating...
Mutating...

Eval Fitness Gen 1 - Best Fitness: 0.6436:  64%|██████████████████████████████████████████████████████████████████████████████████▌                                              | 64/100 [00:29<00:17,  2.03it/s]
Mutating...
Mutating...
Mutating...

Eval Fitness Gen 1 - Best Fitness: 0.6436:  68%|███████████████████████████████████████████████████████████████████████████████████████▋                                         | 68/100 [00:31<00:15,  2.05it/s]
Mutating...
Mutating...
Mutating...

Eval Fitness Gen 1 - Best Fitness: 0.6436:  72%|████████████████████████████████████████████████████████████████████████████████████████████▉                                    | 72/100 [00:33<00:12,  2.22it/s]
Mutating...
Mutating...
Mutating...
Mutating...

Eval Fitness Gen 1 - Best Fitness: 0.6436:  77%|███████████████████████████████████████████████████████████████████████████████████████████████████▎                             | 77/100 [00:36<00:10,  2.10it/s]
Mutating...
Mutating...
Mutating...

Eval Fitness Gen 1 - Best Fitness: 0.8603:  81%|████████████████████████████████████████████████████████████████████████████████████████████████████████▍                        | 81/100 [00:37<00:08,  2.27it/s]
Mutating...
Mutating...
Mutating...
Mutating...

Eval Fitness Gen 1 - Best Fitness: 0.8603:  85%|█████████████████████████████████████████████████████████████████████████████████████████████████████████████▋                   | 85/100 [00:39<00:07,  2.10it/s]
Mutating...
Mutating...
Mutating...

Eval Fitness Gen 1 - Best Fitness: 0.8603:  89%|██████████████████████████████████████████████████████████████████████████████████████████████████████████████████▊              | 89/100 [00:41<00:05,  1.95it/s]
Mutating...
Mutating...
Mutating...

Eval Fitness Gen 1 - Best Fitness: 0.8603:  93%|███████████████████████████████████████████████████████████████████████████████████████████████████████████████████████▉         | 93/100 [00:43<00:03,  1.99it/s]
Mutating...
Mutating...
Mutating...

Eval Fitness Gen 1 - Best Fitness: 0.8603:  98%|██████████████████████████████████████████████████████████████████████████████████████████████████████████████████████████████▍  | 98/100 [00:46<00:00,  2.07it/s]
Mutating...
Mutating...
Mutating...

Eval Fitness Gen 2 - Best Fitness: 0.7670:   2%|██▌                                                                                                                               | 2/100 [00:00<00:48,  2.03it/s]
Mutating...
Mutating...
Mutating...
Mutating...
Mutating...
Mutating...
Mutating...
Mutating...
Mutating...
Mutating...
Mutating...
Mutating...
Mutating...
Mutating...
Mutating...
Mutating...
Mutating...
Mutating...
Mutating...
Mutating...
Mutating...
Mutating...
Mutating...
Mutating...
Mutating...
Mutating...
Mutating...
Mutating...
Mutating...
Mutating...
Mutating...
Mutating...
Mutating...
Mutating...
Mutating...
Mutating...
Mutating...
Mutating...
Mutating...
Mutating...
Mutating...
Mutating...
Mutating...
Mutating...
Mutating...
Mutating...
Mutating...
Mutating...
Mutating...
Mutating...
Mutating...
Mutating...
Mutating...
Mutating...
Mutating...
Mutating...
Mutating...
Mutating...
Mutating...
Mutating...
Mutating...
Mutating...
Mutating...
Mutating...
Mutating...
Mutating...
Mutating...
Mutating...
Mutating...
Mutating...
Mutating...
Mutating...
Mutating...
Mutating...
Mutating...
Mutating...
Mutating...
Mutating...
Mutating...
Mutating...
Mutating...
Mutating...
Mutating...
Mutating...
Mutating...
Mutating...
Mutating...
Mutating...
Mutating...
Mutating...
Mutating...
Mutating...
Mutating...
Mutating...
Mutating...
Mutating...
Mutating...
Mutating...
Mutating...
Mutating...
Mutating...
Mutating...
Mutating...

Eval Fitness Gen 2 - Best Fitness: 0.7670:   6%|███████▊                                                                                                                          | 6/100 [00:02<00:44,  2.09it/s]
Mutating...
Mutating...
Mutating...

Eval Fitness Gen 2 - Best Fitness: 0.7670:  10%|████████████▉                                                                                                                    | 10/100 [00:04<00:44,  2.04it/s]
Mutating...
Mutating...
Mutating...
Mutating...

Eval Fitness Gen 2 - Best Fitness: 0.7670:  15%|███████████████████▎                                                                                                             | 15/100 [00:06<00:35,  2.38it/s]
Mutating...
Mutating...
Mutating...
Mutating...

Eval Fitness Gen 2 - Best Fitness: 0.7670:  20%|█████████████████████████▊                                                                                                       | 20/100 [00:09<00:34,  2.31it/s]
Mutating...
Mutating...
Mutating...

Eval Fitness Gen 2 - Best Fitness: 0.7670:  24%|██████████████████████████████▉                                                                                                  | 24/100 [00:11<00:34,  2.19it/s]
Mutating...
Mutating...
Mutating...

Eval Fitness Gen 2 - Best Fitness: 0.7670:  28%|████████████████████████████████████                                                                                             | 28/100 [00:12<00:34,  2.07it/s]
Mutating...
Mutating...
Mutating...

Eval Fitness Gen 2 - Best Fitness: 0.8373:  32%|█████████████████████████████████████████▎                                                                                       | 32/100 [00:14<00:33,  2.01it/s]
Mutating...
Mutating...
Mutating...
Mutating...

Eval Fitness Gen 2 - Best Fitness: 0.8373:  37%|███████████████████████████████████████████████▋                                                                                 | 37/100 [00:17<00:30,  2.06it/s]
Mutating...
Mutating...

Eval Fitness Gen 2 - Best Fitness: 0.8373:  41%|████████████████████████████████████████████████████▉                                                                            | 41/100 [00:19<00:28,  2.05it/s]
Mutating...
Mutating...
Mutating...

Eval Fitness Gen 2 - Best Fitness: 0.8373:  44%|████████████████████████████████████████████████████████▊                                                                        | 44/100 [00:20<00:27,  2.04it/s]
Mutating...
Mutating...
Mutating...

Eval Fitness Gen 2 - Best Fitness: 0.8373:  49%|███████████████████████████████████████████████████████████████▏                                                                 | 49/100 [00:22<00:20,  2.49it/s]
Mutating...
Mutating...
Mutating...
Mutating...

Eval Fitness Gen 2 - Best Fitness: 0.8373:  54%|█████████████████████████████████████████████████████████████████████▋                                                           | 54/100 [00:24<00:18,  2.44it/s]
Mutating...
Mutating...
Mutating...
Mutating...

Eval Fitness Gen 2 - Best Fitness: 0.8373:  59%|████████████████████████████████████████████████████████████████████████████                                                     | 59/100 [00:26<00:16,  2.49it/s]
Mutating...
Mutating...
Mutating...
Mutating...

Eval Fitness Gen 2 - Best Fitness: 0.8373:  64%|██████████████████████████████████████████████████████████████████████████████████▌                                              | 64/100 [00:28<00:13,  2.62it/s]
Mutating...
Mutating...
Mutating...
Mutating...

Eval Fitness Gen 2 - Best Fitness: 0.8373:  68%|███████████████████████████████████████████████████████████████████████████████████████▋                                         | 68/100 [00:30<00:14,  2.19it/s]
Mutating...
Mutating...
Mutating...

Eval Fitness Gen 2 - Best Fitness: 0.8373:  72%|████████████████████████████████████████████████████████████████████████████████████████████▉                                    | 72/100 [00:32<00:12,  2.20it/s]
Mutating...
Mutating...
Mutating...
Mutating...

Eval Fitness Gen 2 - Best Fitness: 0.8373:  77%|███████████████████████████████████████████████████████████████████████████████████████████████████▎                             | 77/100 [00:34<00:10,  2.27it/s]
Mutating...
Mutating...
Mutating...

Eval Fitness Gen 2 - Best Fitness: 0.8373:  81%|████████████████████████████████████████████████████████████████████████████████████████████████████████▍                        | 81/100 [00:36<00:09,  2.07it/s]
Mutating...
Mutating...
Mutating...

Eval Fitness Gen 2 - Best Fitness: 0.8373:  85%|█████████████████████████████████████████████████████████████████████████████████████████████████████████████▋                   | 85/100 [00:38<00:07,  2.11it/s]
Mutating...
Mutating...
Mutating...
Mutating...

Eval Fitness Gen 2 - Best Fitness: 0.8373:  89%|██████████████████████████████████████████████████████████████████████████████████████████████████████████████████▊              | 89/100 [00:40<00:05,  2.02it/s]
Mutating...
Mutating...
Mutating...

Eval Fitness Gen 2 - Best Fitness: 0.8373:  94%|█████████████████████████████████████████████████████████████████████████████████████████████████████████████████████████▎       | 94/100 [00:42<00:02,  2.28it/s]
Mutating...
Mutating...
Mutating...

Eval Fitness Gen 2 - Best Fitness: 0.8373:  98%|██████████████████████████████████████████████████████████████████████████████████████████████████████████████████████████████▍  | 98/100 [00:44<00:00,  2.17it/s]
Mutating...
Mutating...
Mutating...
Mutating...

Eval Fitness Gen 3 - Best Fitness: 0.8482:   2%|██▌                                                                                                                               | 2/100 [00:00<00:48,  2.01it/s]
Mutating...
Mutating...
Mutating...
Mutating...
Mutating...
Mutating...
Mutating...
Mutating...
Mutating...
Mutating...
Mutating...
Mutating...
Mutating...
Mutating...
Mutating...
Mutating...
Mutating...
Mutating...
Mutating...
Mutating...
Mutating...
Mutating...
Mutating...
Mutating...
Mutating...
Mutating...
Mutating...
Mutating...
Mutating...
Mutating...
Mutating...
Mutating...
Mutating...
Mutating...
Mutating...
Mutating...
Mutating...
Mutating...
Mutating...
Mutating...
Mutating...
Mutating...
Mutating...
Mutating...
Mutating...
Mutating...
Mutating...
Mutating...
Mutating...
Mutating...
Mutating...
Mutating...
Mutating...
Mutating...
Mutating...
Mutating...
Mutating...
Mutating...
Mutating...
Mutating...
Mutating...
Mutating...
Mutating...
Mutating...
Mutating...
Mutating...
Mutating...
Mutating...
Mutating...
Mutating...
Mutating...
Mutating...
Mutating...
Mutating...
Mutating...
Mutating...
Mutating...
Mutating...
Mutating...
Mutating...
Mutating...
Mutating...
Mutating...
Mutating...
Mutating...
Mutating...
Mutating...
Mutating...
Mutating...
Mutating...
Mutating...
Mutating...
Mutating...
Mutating...
Mutating...
Mutating...
Mutating...
Mutating...
Mutating...
Mutating...
Mutating...
Mutating...
Mutating...

Eval Fitness Gen 3 - Best Fitness: 0.8482:   6%|███████▊                                                                                                                          | 6/100 [00:02<00:45,  2.05it/s]
Mutating...
Mutating...
Mutating...

Eval Fitness Gen 3 - Best Fitness: 0.8482:  11%|██████████████▏                                                                                                                  | 11/100 [00:05<00:43,  2.06it/s]
Mutating...
Mutating...
Mutating...

Eval Fitness Gen 3 - Best Fitness: 0.8482:  15%|███████████████████▎                                                                                                             | 15/100 [00:07<00:39,  2.13it/s]
Mutating...
Mutating...
Mutating...

Eval Fitness Gen 3 - Best Fitness: 0.8482:  20%|█████████████████████████▊                                                                                                       | 20/100 [00:09<00:32,  2.43it/s]
Mutating...
Mutating...
Mutating...
Mutating...
Mutating...

Eval Fitness Gen 3 - Best Fitness: 0.8482:  25%|████████████████████████████████▎                                                                                                | 25/100 [00:11<00:35,  2.13it/s]
Mutating...
Mutating...
Mutating...

Eval Fitness Gen 3 - Best Fitness: 0.8482:  29%|█████████████████████████████████████▍                                                                                           | 29/100 [00:13<00:33,  2.12it/s]
Mutating...
Mutating...
Mutating...

Eval Fitness Gen 3 - Best Fitness: 0.8551:  34%|███████████████████████████████████████████▊                                                                                     | 34/100 [00:15<00:27,  2.42it/s]
Mutating...
Mutating...
Mutating...
Mutating...

Eval Fitness Gen 3 - Best Fitness: 0.8551:  38%|█████████████████████████████████████████████████                                                                                | 38/100 [00:17<00:29,  2.07it/s]
Mutating...
Mutating...
Mutating...
Mutating...

Eval Fitness Gen 3 - Best Fitness: 0.8551:  43%|███████████████████████████████████████████████████████▍                                                                         | 43/100 [00:19<00:24,  2.36it/s]
Mutating...
Mutating...
Mutating...

Eval Fitness Gen 3 - Best Fitness: 0.8551:  48%|█████████████████████████████████████████████████████████████▉                                                                   | 48/100 [00:21<00:24,  2.11it/s]
Mutating...
Mutating...
Mutating...
Mutating...

Eval Fitness Gen 3 - Best Fitness: 0.8551:  52%|███████████████████████████████████████████████████████████████████                                                              | 52/100 [00:23<00:22,  2.15it/s]
Mutating...
Mutating...
Mutating...

Eval Fitness Gen 3 - Best Fitness: 0.8551:  57%|█████████████████████████████████████████████████████████████████████████▌                                                       | 57/100 [00:25<00:17,  2.42it/s]
Mutating...
Mutating...
Mutating...
Mutating...

Eval Fitness Gen 3 - Best Fitness: 0.8551:  60%|█████████████████████████████████████████████████████████████████████████████▍                                                   | 60/100 [00:26<00:18,  2.14it/s]
Mutating...
Mutating...
Mutating...
Mutating...

Eval Fitness Gen 3 - Best Fitness: 0.8551:  65%|███████████████████████████████████████████████████████████████████████████████████▊                                             | 65/100 [00:29<00:16,  2.07it/s]
Mutating...
Mutating...
Mutating...

Eval Fitness Gen 3 - Best Fitness: 0.8551:  69%|█████████████████████████████████████████████████████████████████████████████████████████                                        | 69/100 [00:31<00:14,  2.07it/s]
Mutating...
Mutating...
Mutating...

Eval Fitness Gen 3 - Best Fitness: 0.8551:  73%|██████████████████████████████████████████████████████████████████████████████████████████████▏                                  | 73/100 [00:33<00:13,  2.03it/s]
Mutating...
Mutating...
Mutating...

Eval Fitness Gen 3 - Best Fitness: 0.8551:  77%|███████████████████████████████████████████████████████████████████████████████████████████████████▎                             | 77/100 [00:35<00:11,  2.05it/s]
Mutating...
Mutating...
Mutating...
Mutating...

Eval Fitness Gen 3 - Best Fitness: 0.8551:  82%|█████████████████████████████████████████████████████████████████████████████████████████████████████████▊                       | 82/100 [00:37<00:08,  2.20it/s]
Mutating...
Mutating...
Mutating...

Eval Fitness Gen 3 - Best Fitness: 0.8551:  87%|████████████████████████████████████████████████████████████████████████████████████████████████████████████████▏                | 87/100 [00:39<00:05,  2.40it/s]
Mutating...
Mutating...
Mutating...
Mutating...

Eval Fitness Gen 3 - Best Fitness: 0.8551:  91%|█████████████████████████████████████████████████████████████████████████████████████████████████████████████████████▍           | 91/100 [00:41<00:04,  2.10it/s]
Mutating...
Mutating...
Mutating...

Eval Fitness Gen 3 - Best Fitness: 0.8551:  96%|███████████████████████████████████████████████████████████████████████████████████████████████████████████████████████████▊     | 96/100 [00:43<00:01,  2.49it/s]
Mutating...
Mutating...
Mutating...
Mutating...

Eval Fitness Gen 4 - Best Fitness: 0.0000:   1%|█▎                                                                                                                                | 1/100 [00:00<00:32,  3.01it/s]
Mutating...
Mutating...
Mutating...
Mutating...
Mutating...
Mutating...
Mutating...
Mutating...
Mutating...
Mutating...
Mutating...
Mutating...
Mutating...
Mutating...
Mutating...
Mutating...
Mutating...
Mutating...
Mutating...
Mutating...
Mutating...
Mutating...
Mutating...
Mutating...
Mutating...
Mutating...
Mutating...
Mutating...
Mutating...
Mutating...
Mutating...
Mutating...
Mutating...
Mutating...
Mutating...
Mutating...
Mutating...
Mutating...
Mutating...
Mutating...
Mutating...
Mutating...
Mutating...
Mutating...
Mutating...
Mutating...
Mutating...
Mutating...
Mutating...
Mutating...
Mutating...
Mutating...
Mutating...
Mutating...
Mutating...
Mutating...
Mutating...
Mutating...
Mutating...
Mutating...
Mutating...
Mutating...
Mutating...
Mutating...
Mutating...
Mutating...
Mutating...
Mutating...
Mutating...
Mutating...
Mutating...
Mutating...
Mutating...
Mutating...
Mutating...
Mutating...
Mutating...
Mutating...
Mutating...
Mutating...
Mutating...
Mutating...
Mutating...
Mutating...
Mutating...
Mutating...
Mutating...
Mutating...
Mutating...
Mutating...
Mutating...
Mutating...
Mutating...
Mutating...
Mutating...
Mutating...
Mutating...
Mutating...
Mutating...
Mutating...
Mutating...
Mutating...
Mutating...

Eval Fitness Gen 4 - Best Fitness: 0.2735:   6%|███████▊                                                                                                                          | 6/100 [00:02<00:38,  2.41it/s]
Mutating...
Mutating...
Mutating...
Mutating...

Eval Fitness Gen 4 - Best Fitness: 0.3741:  10%|████████████▉                                                                                                                    | 10/100 [00:04<00:42,  2.11it/s]
Mutating...
Mutating...
Mutating...

Eval Fitness Gen 4 - Best Fitness: 0.3741:  14%|██████████████████                                                                                                               | 14/100 [00:06<00:39,  2.20it/s]
Mutating...
Mutating...
Mutating...

Eval Fitness Gen 4 - Best Fitness: 0.3741:  19%|████████████████████████▌                                                                                                        | 19/100 [00:08<00:38,  2.09it/s]
Mutating...
Mutating...
Mutating...
Mutating...

Eval Fitness Gen 4 - Best Fitness: 0.3741:  23%|█████████████████████████████▋                                                                                                   | 23/100 [00:10<00:36,  2.11it/s]
Mutating...
Mutating...
Mutating...

Eval Fitness Gen 4 - Best Fitness: 0.8679:  27%|██████████████████████████████████▊                                                                                              | 27/100 [00:12<00:35,  2.05it/s]
Mutating...
Mutating...
Mutating...
Traceback (most recent call last):
  File "/Users/leo/Programming/PLR/Leo/gen_algo_opt_folder/genetic_algorithm.py", line 273, in <module>
    ga = GeneticAlgorithm(dataset=dataset)
                                    ^^^^^^^
  File "/Users/leo/Programming/PLR/Leo/gen_algo_opt_folder/genetic_algorithm.py", line 200, in run
    mutation_count = 0
                      ^
  File "/Users/leo/Programming/PLR/Leo/gen_algo_opt_folder/genetic_algorithm.py", line 76, in fitness
    optimizer.step()
  File "/Users/leo/Programming/PLR/Leo/env/lib/python3.11/site-packages/torch/optim/optimizer.py", line 280, in wrapper
    out = func(*args, **kwargs)
          ^^^^^^^^^^^^^^^^^^^^^
  File "/Users/leo/Programming/PLR/Leo/env/lib/python3.11/site-packages/torch/optim/optimizer.py", line 33, in _use_grad
    ret = func(self, *args, **kwargs)
          ^^^^^^^^^^^^^^^^^^^^^^^^^^^
  File "/Users/leo/Programming/PLR/Leo/env/lib/python3.11/site-packages/torch/optim/adam.py", line 141, in step
    adam(
  File "/Users/leo/Programming/PLR/Leo/env/lib/python3.11/site-packages/torch/optim/adam.py", line 281, in adam
    func(params,
  File "/Users/leo/Programming/PLR/Leo/env/lib/python3.11/site-packages/torch/optim/adam.py", line 391, in _single_tensor_adam
    denom = (exp_avg_sq.sqrt() / bias_correction2_sqrt).add_(eps)
             ^^^^^^^^^^^^^^^^^
KeyboardInterrupt
Mutating...
Mutating...