2023-09-30 18:26:20,978 INFO    StreamThr :16621 [internal.py:wandb_internal():86] W&B internal server running at pid: 16621, started at: 2023-09-30 18:26:20.978212
2023-09-30 18:26:20,979 DEBUG   HandlerThread:16621 [handler.py:handle_request():144] handle_request: status
2023-09-30 18:26:20,980 INFO    WriterThread:16621 [datastore.py:open_for_write():85] open: /Users/leo/Programming/PLR/wandb/run-20230930_182620-fh9nuy3a/run-fh9nuy3a.wandb
2023-09-30 18:26:20,980 DEBUG   SenderThread:16621 [sender.py:send():379] send: header
2023-09-30 18:26:20,998 DEBUG   SenderThread:16621 [sender.py:send():379] send: run
2023-09-30 18:26:21,381 INFO    SenderThread:16621 [dir_watcher.py:__init__():211] watching files in: /Users/leo/Programming/PLR/wandb/run-20230930_182620-fh9nuy3a/files
2023-09-30 18:26:21,382 INFO    SenderThread:16621 [sender.py:_start_run_threads():1121] run started: fh9nuy3a with start time 1696094780.977757
2023-09-30 18:26:21,392 DEBUG   HandlerThread:16621 [handler.py:handle_request():144] handle_request: check_version
2023-09-30 18:26:21,393 DEBUG   SenderThread:16621 [sender.py:send_request():406] send_request: check_version
2023-09-30 18:26:21,510 DEBUG   HandlerThread:16621 [handler.py:handle_request():144] handle_request: run_start
2023-09-30 18:26:21,512 DEBUG   HandlerThread:16621 [system_info.py:__init__():32] System info init
2023-09-30 18:26:21,512 DEBUG   HandlerThread:16621 [system_info.py:__init__():47] System info init done
2023-09-30 18:26:21,512 INFO    HandlerThread:16621 [system_monitor.py:start():181] Starting system monitor
2023-09-30 18:26:21,512 INFO    SystemMonitor:16621 [system_monitor.py:_start():145] Starting system asset monitoring threads
2023-09-30 18:26:21,512 INFO    HandlerThread:16621 [system_monitor.py:probe():201] Collecting system info
2023-09-30 18:26:21,513 INFO    SystemMonitor:16621 [interfaces.py:start():190] Started cpu monitoring
2023-09-30 18:26:21,513 DEBUG   HandlerThread:16621 [system_info.py:probe():196] Probing system
2023-09-30 18:26:21,513 INFO    SystemMonitor:16621 [interfaces.py:start():190] Started disk monitoring
2023-09-30 18:26:21,515 INFO    SystemMonitor:16621 [interfaces.py:start():190] Started gpuapple monitoring
2023-09-30 18:26:21,522 INFO    SystemMonitor:16621 [interfaces.py:start():190] Started memory monitoring
2023-09-30 18:26:21,525 INFO    SystemMonitor:16621 [interfaces.py:start():190] Started network monitoring
2023-09-30 18:26:21,526 DEBUG   HandlerThread:16621 [system_info.py:_probe_git():181] Probing git
2023-09-30 18:26:21,542 DEBUG   HandlerThread:16621 [system_info.py:_probe_git():189] Probing git done
2023-09-30 18:26:21,542 DEBUG   HandlerThread:16621 [system_info.py:probe():244] Probing system done
2023-09-30 18:26:21,542 DEBUG   HandlerThread:16621 [system_monitor.py:probe():210] {'os': 'macOS-14.0-arm64-arm-64bit', 'python': '3.11.4', 'heartbeatAt': '2023-09-30T17:26:21.513412', 'startedAt': '2023-09-30T17:26:20.972780', 'docker': None, 'cuda': None, 'args': (), 'state': 'running', 'program': '/Users/leo/Programming/PLR/Leo/gen_algo_opt_folder/genetic_algorithm.py', 'codePathLocal': 'Leo/gen_algo_opt_folder/genetic_algorithm.py', 'codePath': 'Leo/gen_algo_opt_folder/genetic_algorithm.py', 'git': {'remote': 'https://github.com/leothesouthafrican/PLR.git', 'commit': '5fd3a4eb908a10330b25120a123e86d552235212'}, 'email': '38779415+leothesouthafrican@users.noreply.github.com', 'root': '/Users/leo/Programming/PLR', 'host': 'Leos-MacBook-Pro.local', 'username': 'leo', 'executable': '/Users/leo/Programming/PLR/Leo/env/bin/python3', 'cpu_count': 10, 'cpu_count_logical': 10, 'disk': {'/': {'total': 855.9619140625, 'used': 12.108589172363281}}, 'gpuapple': {'type': 'arm', 'vendor': 'Apple'}, 'memory': {'total': 32.0}}
2023-09-30 18:26:21,543 INFO    HandlerThread:16621 [system_monitor.py:probe():211] Finished collecting system info
2023-09-30 18:26:21,543 INFO    HandlerThread:16621 [system_monitor.py:probe():214] Publishing system info
2023-09-30 18:26:21,543 DEBUG   HandlerThread:16621 [system_info.py:_save_pip():52] Saving list of pip packages installed into the current environment
2023-09-30 18:26:21,543 DEBUG   HandlerThread:16621 [system_info.py:_save_pip():68] Saving pip packages done
2023-09-30 18:26:21,543 INFO    HandlerThread:16621 [system_monitor.py:probe():216] Finished publishing system info
2023-09-30 18:26:21,544 DEBUG   SenderThread:16621 [sender.py:send():379] send: files
2023-09-30 18:26:21,544 INFO    SenderThread:16621 [sender.py:_save_file():1375] saving file wandb-metadata.json with policy now
2023-09-30 18:26:21,546 DEBUG   HandlerThread:16621 [handler.py:handle_request():144] handle_request: stop_status
2023-09-30 18:26:21,546 DEBUG   SenderThread:16621 [sender.py:send_request():406] send_request: stop_status
2023-09-30 18:26:21,547 DEBUG   HandlerThread:16621 [handler.py:handle_request():144] handle_request: internal_messages
2023-09-30 18:26:21,799 DEBUG   SenderThread:16621 [sender.py:send():379] send: telemetry
2023-09-30 18:26:21,802 DEBUG   SenderThread:16621 [sender.py:send():379] send: config
2023-09-30 18:26:22,390 INFO    Thread-124:16621 [dir_watcher.py:_on_file_created():271] file/dir created: /Users/leo/Programming/PLR/wandb/run-20230930_182620-fh9nuy3a/files/requirements.txt
2023-09-30 18:26:22,395 INFO    Thread-124:16621 [dir_watcher.py:_on_file_created():271] file/dir created: /Users/leo/Programming/PLR/wandb/run-20230930_182620-fh9nuy3a/files/wandb-metadata.json
2023-09-30 18:26:22,395 INFO    Thread-124:16621 [dir_watcher.py:_on_file_created():271] file/dir created: /Users/leo/Programming/PLR/wandb/run-20230930_182620-fh9nuy3a/files/output.log
2023-09-30 18:26:22,608 INFO    wandb-upload_0:16621 [upload_job.py:push():131] Uploaded file /var/folders/dt/bgs1hq3d2k3dvhpt3llvs4rw0000gn/T/tmpmgmc8pgtwandb/owfyiued-wandb-metadata.json
2023-09-30 18:26:24,399 INFO    Thread-124:16621 [dir_watcher.py:_on_file_modified():288] file/dir modified: /Users/leo/Programming/PLR/wandb/run-20230930_182620-fh9nuy3a/files/output.log
2023-09-30 18:26:26,095 DEBUG   HandlerThread:16621 [handler.py:handle_request():144] handle_request: partial_history
2023-09-30 18:26:26,096 DEBUG   SenderThread:16621 [sender.py:send():379] send: history
2023-09-30 18:26:26,096 DEBUG   SenderThread:16621 [sender.py:send_request():406] send_request: summary_record
2023-09-30 18:26:26,096 DEBUG   HandlerThread:16621 [handler.py:handle_request():144] handle_request: status_report
2023-09-30 18:26:26,097 INFO    SenderThread:16621 [sender.py:_save_file():1375] saving file wandb-summary.json with policy end
2023-09-30 18:26:26,418 INFO    Thread-124:16621 [dir_watcher.py:_on_file_modified():288] file/dir modified: /Users/leo/Programming/PLR/wandb/run-20230930_182620-fh9nuy3a/files/output.log
2023-09-30 18:26:26,419 INFO    Thread-124:16621 [dir_watcher.py:_on_file_created():271] file/dir created: /Users/leo/Programming/PLR/wandb/run-20230930_182620-fh9nuy3a/files/wandb-summary.json
2023-09-30 18:26:28,449 INFO    Thread-124:16621 [dir_watcher.py:_on_file_modified():288] file/dir modified: /Users/leo/Programming/PLR/wandb/run-20230930_182620-fh9nuy3a/files/output.log
2023-09-30 18:26:30,469 INFO    Thread-124:16621 [dir_watcher.py:_on_file_modified():288] file/dir modified: /Users/leo/Programming/PLR/wandb/run-20230930_182620-fh9nuy3a/files/output.log
2023-09-30 18:26:30,629 DEBUG   HandlerThread:16621 [handler.py:handle_request():144] handle_request: partial_history
2023-09-30 18:26:30,629 DEBUG   SenderThread:16621 [sender.py:send():379] send: history
2023-09-30 18:26:30,630 DEBUG   SenderThread:16621 [sender.py:send_request():406] send_request: summary_record
2023-09-30 18:26:30,630 INFO    SenderThread:16621 [sender.py:_save_file():1375] saving file wandb-summary.json with policy end
2023-09-30 18:26:31,315 DEBUG   HandlerThread:16621 [handler.py:handle_request():144] handle_request: status_report
2023-09-30 18:26:31,488 INFO    Thread-124:16621 [dir_watcher.py:_on_file_modified():288] file/dir modified: /Users/leo/Programming/PLR/wandb/run-20230930_182620-fh9nuy3a/files/wandb-summary.json
2023-09-30 18:26:32,495 INFO    Thread-124:16621 [dir_watcher.py:_on_file_modified():288] file/dir modified: /Users/leo/Programming/PLR/wandb/run-20230930_182620-fh9nuy3a/files/output.log
2023-09-30 18:26:34,529 INFO    Thread-124:16621 [dir_watcher.py:_on_file_modified():288] file/dir modified: /Users/leo/Programming/PLR/wandb/run-20230930_182620-fh9nuy3a/files/output.log
2023-09-30 18:26:35,478 DEBUG   HandlerThread:16621 [handler.py:handle_request():144] handle_request: partial_history
2023-09-30 18:26:35,478 DEBUG   SenderThread:16621 [sender.py:send():379] send: history
2023-09-30 18:26:35,479 DEBUG   SenderThread:16621 [sender.py:send_request():406] send_request: summary_record
2023-09-30 18:26:35,479 INFO    SenderThread:16621 [sender.py:_save_file():1375] saving file wandb-summary.json with policy end
2023-09-30 18:26:35,550 INFO    Thread-124:16621 [dir_watcher.py:_on_file_modified():288] file/dir modified: /Users/leo/Programming/PLR/wandb/run-20230930_182620-fh9nuy3a/files/wandb-summary.json
2023-09-30 18:26:36,542 INFO    Thread-124:16621 [dir_watcher.py:_on_file_modified():288] file/dir modified: /Users/leo/Programming/PLR/wandb/run-20230930_182620-fh9nuy3a/files/output.log
2023-09-30 18:26:36,557 DEBUG   HandlerThread:16621 [handler.py:handle_request():144] handle_request: stop_status
2023-09-30 18:26:36,558 DEBUG   SenderThread:16621 [sender.py:send_request():406] send_request: stop_status
2023-09-30 18:26:36,561 DEBUG   HandlerThread:16621 [handler.py:handle_request():144] handle_request: internal_messages
2023-09-30 18:26:36,800 DEBUG   HandlerThread:16621 [handler.py:handle_request():144] handle_request: status_report
2023-09-30 18:26:38,558 INFO    Thread-124:16621 [dir_watcher.py:_on_file_modified():288] file/dir modified: /Users/leo/Programming/PLR/wandb/run-20230930_182620-fh9nuy3a/files/output.log
2023-09-30 18:26:40,562 INFO    Thread-124:16621 [dir_watcher.py:_on_file_modified():288] file/dir modified: /Users/leo/Programming/PLR/wandb/run-20230930_182620-fh9nuy3a/files/output.log
2023-09-30 18:26:40,632 DEBUG   HandlerThread:16621 [handler.py:handle_request():144] handle_request: partial_history
2023-09-30 18:26:40,633 DEBUG   SenderThread:16621 [sender.py:send():379] send: history
2023-09-30 18:26:40,633 DEBUG   SenderThread:16621 [sender.py:send_request():406] send_request: summary_record
2023-09-30 18:26:40,634 INFO    SenderThread:16621 [sender.py:_save_file():1375] saving file wandb-summary.json with policy end
2023-09-30 18:26:41,574 INFO    Thread-124:16621 [dir_watcher.py:_on_file_modified():288] file/dir modified: /Users/leo/Programming/PLR/wandb/run-20230930_182620-fh9nuy3a/files/wandb-summary.json
2023-09-30 18:26:41,937 DEBUG   HandlerThread:16621 [handler.py:handle_request():144] handle_request: status_report
2023-09-30 18:26:42,575 INFO    Thread-124:16621 [dir_watcher.py:_on_file_modified():288] file/dir modified: /Users/leo/Programming/PLR/wandb/run-20230930_182620-fh9nuy3a/files/output.log
2023-09-30 18:26:44,587 INFO    Thread-124:16621 [dir_watcher.py:_on_file_modified():288] file/dir modified: /Users/leo/Programming/PLR/wandb/run-20230930_182620-fh9nuy3a/files/output.log
2023-09-30 18:26:45,620 DEBUG   HandlerThread:16621 [handler.py:handle_request():144] handle_request: partial_history
2023-09-30 18:26:45,622 DEBUG   SenderThread:16621 [sender.py:send():379] send: history
2023-09-30 18:26:45,622 DEBUG   SenderThread:16621 [sender.py:send_request():406] send_request: summary_record
2023-09-30 18:26:45,622 INFO    SenderThread:16621 [sender.py:_save_file():1375] saving file wandb-summary.json with policy end
2023-09-30 18:26:46,597 INFO    Thread-124:16621 [dir_watcher.py:_on_file_modified():288] file/dir modified: /Users/leo/Programming/PLR/wandb/run-20230930_182620-fh9nuy3a/files/output.log
2023-09-30 18:26:46,598 INFO    Thread-124:16621 [dir_watcher.py:_on_file_modified():288] file/dir modified: /Users/leo/Programming/PLR/wandb/run-20230930_182620-fh9nuy3a/files/wandb-summary.json
2023-09-30 18:26:47,162 DEBUG   HandlerThread:16621 [handler.py:handle_request():144] handle_request: status_report
2023-09-30 18:26:48,621 INFO    Thread-124:16621 [dir_watcher.py:_on_file_modified():288] file/dir modified: /Users/leo/Programming/PLR/wandb/run-20230930_182620-fh9nuy3a/files/output.log
2023-09-30 18:26:50,312 DEBUG   HandlerThread:16621 [handler.py:handle_request():144] handle_request: log_artifact
2023-09-30 18:26:50,312 DEBUG   SenderThread:16621 [sender.py:send_request():406] send_request: log_artifact
2023-09-30 18:26:50,318 DEBUG   HandlerThread:16621 [handler.py:handle_request():144] handle_request: partial_history
2023-09-30 18:26:50,637 INFO    Thread-124:16621 [dir_watcher.py:_on_file_modified():288] file/dir modified: /Users/leo/Programming/PLR/wandb/run-20230930_182620-fh9nuy3a/files/output.log
2023-09-30 18:26:50,637 INFO    Thread-124:16621 [dir_watcher.py:_on_file_created():271] file/dir created: /Users/leo/Programming/PLR/wandb/run-20230930_182620-fh9nuy3a/files/media/table/Generations Table_5_4d45105ef870601f07cb.table.json
2023-09-30 18:26:50,638 INFO    Thread-124:16621 [dir_watcher.py:_on_file_created():271] file/dir created: /Users/leo/Programming/PLR/wandb/run-20230930_182620-fh9nuy3a/files/media
2023-09-30 18:26:50,638 INFO    Thread-124:16621 [dir_watcher.py:_on_file_created():271] file/dir created: /Users/leo/Programming/PLR/wandb/run-20230930_182620-fh9nuy3a/files/media/table
2023-09-30 18:26:51,044 INFO    wandb-upload_0:16621 [upload_job.py:push():131] Uploaded file /var/folders/dt/bgs1hq3d2k3dvhpt3llvs4rw0000gn/T/tmpmgmc8pgtwandb/lcjxv8k5-media/table/Generations Table_5_4d45105ef870601f07cb.table.json
2023-09-30 18:26:51,324 DEBUG   HandlerThread:16621 [handler.py:handle_request():144] handle_request: poll_exit
2023-09-30 18:26:51,680 INFO    wandb-upload_1:16621 [upload_job.py:push():89] Uploaded file /Users/leo/Library/Application Support/wandb/artifacts/staging/tmpoq_4u_ud
2023-09-30 18:26:54,598 INFO    SenderThread:16621 [sender.py:send_request_log_artifact():1441] logged artifact run-fh9nuy3a-GenerationsTable - {'id': 'QXJ0aWZhY3Q6NTg5OTUyNjAx', 'state': 'PENDING', 'artifactSequence': {'id': 'QXJ0aWZhY3RDb2xsZWN0aW9uOjEwMjc3OTExOQ==', 'latestArtifact': None}}
2023-09-30 18:26:54,606 DEBUG   HandlerThread:16621 [handler.py:handle_request():144] handle_request: status_report
2023-09-30 18:26:54,825 DEBUG   SenderThread:16621 [sender.py:send():379] send: files
2023-09-30 18:26:54,825 INFO    SenderThread:16621 [sender.py:_save_file():1375] saving file media/table/Generations Table_5_4d45105ef870601f07cb.table.json with policy now
2023-09-30 18:26:54,825 DEBUG   SenderThread:16621 [sender.py:send():379] send: history
2023-09-30 18:26:54,825 DEBUG   SenderThread:16621 [sender.py:send_request():406] send_request: summary_record
2023-09-30 18:26:54,827 INFO    SenderThread:16621 [sender.py:_save_file():1375] saving file wandb-summary.json with policy end
2023-09-30 18:26:54,827 DEBUG   SenderThread:16621 [sender.py:send():379] send: telemetry
2023-09-30 18:26:54,827 DEBUG   SenderThread:16621 [sender.py:send():379] send: exit
2023-09-30 18:26:54,827 INFO    SenderThread:16621 [sender.py:send_exit():584] handling exit code: 0
2023-09-30 18:26:54,827 INFO    SenderThread:16621 [sender.py:send_exit():586] handling runtime: 28
2023-09-30 18:26:54,828 INFO    SenderThread:16621 [sender.py:_save_file():1375] saving file wandb-summary.json with policy end
2023-09-30 18:26:54,828 INFO    SenderThread:16621 [sender.py:send_exit():592] send defer
2023-09-30 18:26:54,828 DEBUG   SenderThread:16621 [sender.py:send_request():406] send_request: poll_exit
2023-09-30 18:26:54,828 DEBUG   HandlerThread:16621 [handler.py:handle_request():144] handle_request: defer
2023-09-30 18:26:54,828 INFO    HandlerThread:16621 [handler.py:handle_request_defer():170] handle defer: 0
2023-09-30 18:26:54,829 DEBUG   SenderThread:16621 [sender.py:send_request():406] send_request: defer
2023-09-30 18:26:54,829 INFO    SenderThread:16621 [sender.py:send_request_defer():608] handle sender defer: 0
2023-09-30 18:26:54,829 INFO    SenderThread:16621 [sender.py:transition_state():612] send defer: 1
2023-09-30 18:26:54,829 DEBUG   HandlerThread:16621 [handler.py:handle_request():144] handle_request: defer
2023-09-30 18:26:54,829 INFO    HandlerThread:16621 [handler.py:handle_request_defer():170] handle defer: 1
2023-09-30 18:26:54,829 DEBUG   SenderThread:16621 [sender.py:send_request():406] send_request: defer
2023-09-30 18:26:54,829 INFO    SenderThread:16621 [sender.py:send_request_defer():608] handle sender defer: 1
2023-09-30 18:26:54,829 INFO    SenderThread:16621 [sender.py:transition_state():612] send defer: 2
2023-09-30 18:26:54,829 DEBUG   HandlerThread:16621 [handler.py:handle_request():144] handle_request: defer
2023-09-30 18:26:54,830 INFO    HandlerThread:16621 [handler.py:handle_request_defer():170] handle defer: 2
2023-09-30 18:26:54,830 INFO    HandlerThread:16621 [system_monitor.py:finish():190] Stopping system monitor
2023-09-30 18:26:54,835 INFO    HandlerThread:16621 [interfaces.py:finish():202] Joined cpu monitor
2023-09-30 18:26:54,839 INFO    HandlerThread:16621 [interfaces.py:finish():202] Joined disk monitor
2023-09-30 18:26:54,847 DEBUG   SystemMonitor:16621 [system_monitor.py:_start():159] Starting system metrics aggregation loop
2023-09-30 18:26:54,847 INFO    HandlerThread:16621 [interfaces.py:finish():202] Joined gpuapple monitor
2023-09-30 18:26:54,847 DEBUG   SystemMonitor:16621 [system_monitor.py:_start():166] Finished system metrics aggregation loop
2023-09-30 18:26:54,849 INFO    HandlerThread:16621 [interfaces.py:finish():202] Joined memory monitor
2023-09-30 18:26:54,849 DEBUG   SystemMonitor:16621 [system_monitor.py:_start():170] Publishing last batch of metrics
2023-09-30 18:26:54,849 INFO    HandlerThread:16621 [interfaces.py:finish():202] Joined network monitor
2023-09-30 18:26:54,850 DEBUG   SenderThread:16621 [sender.py:send_request():406] send_request: defer
2023-09-30 18:26:54,850 INFO    SenderThread:16621 [sender.py:send_request_defer():608] handle sender defer: 2
2023-09-30 18:26:54,850 INFO    SenderThread:16621 [sender.py:transition_state():612] send defer: 3
2023-09-30 18:26:54,850 DEBUG   SenderThread:16621 [sender.py:send():379] send: telemetry
2023-09-30 18:26:54,850 DEBUG   SenderThread:16621 [sender.py:send():379] send: stats
2023-09-30 18:26:54,850 DEBUG   HandlerThread:16621 [handler.py:handle_request():144] handle_request: defer
2023-09-30 18:26:54,851 INFO    HandlerThread:16621 [handler.py:handle_request_defer():170] handle defer: 3
2023-09-30 18:26:54,851 DEBUG   SenderThread:16621 [sender.py:send_request():406] send_request: defer
2023-09-30 18:26:54,851 INFO    SenderThread:16621 [sender.py:send_request_defer():608] handle sender defer: 3
2023-09-30 18:26:54,851 INFO    SenderThread:16621 [sender.py:transition_state():612] send defer: 4
2023-09-30 18:26:54,851 DEBUG   HandlerThread:16621 [handler.py:handle_request():144] handle_request: defer
2023-09-30 18:26:54,851 INFO    HandlerThread:16621 [handler.py:handle_request_defer():170] handle defer: 4
2023-09-30 18:26:54,851 DEBUG   SenderThread:16621 [sender.py:send_request():406] send_request: defer
2023-09-30 18:26:54,851 INFO    SenderThread:16621 [sender.py:send_request_defer():608] handle sender defer: 4
2023-09-30 18:26:54,851 INFO    SenderThread:16621 [sender.py:transition_state():612] send defer: 5
2023-09-30 18:26:54,851 DEBUG   HandlerThread:16621 [handler.py:handle_request():144] handle_request: defer
2023-09-30 18:26:54,851 INFO    HandlerThread:16621 [handler.py:handle_request_defer():170] handle defer: 5
2023-09-30 18:26:54,851 DEBUG   SenderThread:16621 [sender.py:send():379] send: summary
2023-09-30 18:26:54,852 INFO    SenderThread:16621 [sender.py:_save_file():1375] saving file wandb-summary.json with policy end
2023-09-30 18:26:54,852 DEBUG   SenderThread:16621 [sender.py:send_request():406] send_request: defer
2023-09-30 18:26:54,852 INFO    SenderThread:16621 [sender.py:send_request_defer():608] handle sender defer: 5
2023-09-30 18:26:54,852 INFO    SenderThread:16621 [sender.py:transition_state():612] send defer: 6
2023-09-30 18:26:54,852 DEBUG   HandlerThread:16621 [handler.py:handle_request():144] handle_request: defer
2023-09-30 18:26:54,852 INFO    HandlerThread:16621 [handler.py:handle_request_defer():170] handle defer: 6
2023-09-30 18:26:54,852 DEBUG   SenderThread:16621 [sender.py:send_request():406] send_request: defer
2023-09-30 18:26:54,852 INFO    SenderThread:16621 [sender.py:send_request_defer():608] handle sender defer: 6
2023-09-30 18:26:54,854 DEBUG   HandlerThread:16621 [handler.py:handle_request():144] handle_request: status_report
2023-09-30 18:26:55,033 INFO    SenderThread:16621 [sender.py:transition_state():612] send defer: 7
2023-09-30 18:26:55,033 DEBUG   HandlerThread:16621 [handler.py:handle_request():144] handle_request: defer
2023-09-30 18:26:55,033 INFO    HandlerThread:16621 [handler.py:handle_request_defer():170] handle defer: 7
2023-09-30 18:26:55,033 DEBUG   SenderThread:16621 [sender.py:send_request():406] send_request: defer
2023-09-30 18:26:55,034 INFO    SenderThread:16621 [sender.py:send_request_defer():608] handle sender defer: 7
2023-09-30 18:26:55,379 INFO    wandb-upload_0:16621 [upload_job.py:push():131] Uploaded file /var/folders/dt/bgs1hq3d2k3dvhpt3llvs4rw0000gn/T/tmpmgmc8pgtwandb/qhlvn9mi-media/table/Generations Table_5_4d45105ef870601f07cb.table.json
2023-09-30 18:26:55,672 INFO    Thread-124:16621 [dir_watcher.py:_on_file_modified():288] file/dir modified: /Users/leo/Programming/PLR/wandb/run-20230930_182620-fh9nuy3a/files/config.yaml
2023-09-30 18:26:55,673 INFO    Thread-124:16621 [dir_watcher.py:_on_file_modified():288] file/dir modified: /Users/leo/Programming/PLR/wandb/run-20230930_182620-fh9nuy3a/files/wandb-summary.json
2023-09-30 18:26:56,004 INFO    SenderThread:16621 [sender.py:transition_state():612] send defer: 8
2023-09-30 18:26:56,005 DEBUG   HandlerThread:16621 [handler.py:handle_request():144] handle_request: defer
2023-09-30 18:26:56,005 INFO    HandlerThread:16621 [handler.py:handle_request_defer():170] handle defer: 8
2023-09-30 18:26:56,005 DEBUG   SenderThread:16621 [sender.py:send_request():406] send_request: defer
2023-09-30 18:26:56,006 INFO    SenderThread:16621 [sender.py:send_request_defer():608] handle sender defer: 8
2023-09-30 18:26:56,006 INFO    SenderThread:16621 [job_builder.py:build():281] Attempting to build job artifact
2023-09-30 18:26:56,007 INFO    SenderThread:16621 [job_builder.py:_get_source_type():393] is repo sourced job
2023-09-30 18:26:56,009 INFO    SenderThread:16621 [job_builder.py:build():369] adding wandb-job metadata file
2023-09-30 18:26:56,025 INFO    SenderThread:16621 [sender.py:transition_state():612] send defer: 9
2023-09-30 18:26:56,026 DEBUG   HandlerThread:16621 [handler.py:handle_request():144] handle_request: defer
2023-09-30 18:26:56,026 INFO    HandlerThread:16621 [handler.py:handle_request_defer():170] handle defer: 9
2023-09-30 18:26:56,026 DEBUG   SenderThread:16621 [sender.py:send():379] send: artifact
2023-09-30 18:26:56,348 DEBUG   HandlerThread:16621 [handler.py:handle_request():144] handle_request: keepalive
2023-09-30 18:26:56,676 INFO    Thread-124:16621 [dir_watcher.py:_on_file_modified():288] file/dir modified: /Users/leo/Programming/PLR/wandb/run-20230930_182620-fh9nuy3a/files/output.log
2023-09-30 18:26:56,922 INFO    wandb-upload_1:16621 [upload_job.py:push():86] Skipped uploading /Users/leo/Library/Application Support/wandb/artifacts/staging/tmp58jp0yq1
2023-09-30 18:26:57,261 INFO    wandb-upload_0:16621 [upload_job.py:push():89] Uploaded file /Users/leo/Library/Application Support/wandb/artifacts/staging/tmp45vgw53c
2023-09-30 18:26:58,511 INFO    SenderThread:16621 [sender.py:send_artifact():1453] sent artifact job-https___github.com_leothesouthafrican_PLR.git_Leo_gen_algo_opt_folder_genetic_algorithm.py - {'id': 'QXJ0aWZhY3Q6NTg5OTUyNjQ2', 'state': 'PENDING', 'artifactSequence': {'id': 'QXJ0aWZhY3RDb2xsZWN0aW9uOjEwMjY3Mjc5OA==', 'latestArtifact': {'id': 'QXJ0aWZhY3Q6NTg5OTUyMDE5', 'versionIndex': 16}}}
2023-09-30 18:26:58,511 DEBUG   SenderThread:16621 [sender.py:send_request():406] send_request: defer
2023-09-30 18:26:58,511 INFO    SenderThread:16621 [sender.py:send_request_defer():608] handle sender defer: 9
2023-09-30 18:26:58,511 INFO    SenderThread:16621 [dir_watcher.py:finish():358] shutting down directory watcher
2023-09-30 18:26:58,696 INFO    SenderThread:16621 [dir_watcher.py:finish():388] scan: /Users/leo/Programming/PLR/wandb/run-20230930_182620-fh9nuy3a/files
2023-09-30 18:26:58,697 INFO    SenderThread:16621 [dir_watcher.py:finish():402] scan save: /Users/leo/Programming/PLR/wandb/run-20230930_182620-fh9nuy3a/files/requirements.txt requirements.txt
2023-09-30 18:26:58,697 INFO    SenderThread:16621 [dir_watcher.py:finish():402] scan save: /Users/leo/Programming/PLR/wandb/run-20230930_182620-fh9nuy3a/files/output.log output.log
2023-09-30 18:26:58,698 INFO    SenderThread:16621 [dir_watcher.py:finish():402] scan save: /Users/leo/Programming/PLR/wandb/run-20230930_182620-fh9nuy3a/files/config.yaml config.yaml
2023-09-30 18:26:58,699 INFO    SenderThread:16621 [dir_watcher.py:finish():402] scan save: /Users/leo/Programming/PLR/wandb/run-20230930_182620-fh9nuy3a/files/wandb-summary.json wandb-summary.json
2023-09-30 18:26:58,700 INFO    SenderThread:16621 [dir_watcher.py:finish():402] scan save: /Users/leo/Programming/PLR/wandb/run-20230930_182620-fh9nuy3a/files/wandb-metadata.json wandb-metadata.json
2023-09-30 18:26:58,703 INFO    SenderThread:16621 [dir_watcher.py:finish():402] scan save: /Users/leo/Programming/PLR/wandb/run-20230930_182620-fh9nuy3a/files/media/table/Generations Table_5_4d45105ef870601f07cb.table.json media/table/Generations Table_5_4d45105ef870601f07cb.table.json
2023-09-30 18:26:58,703 INFO    SenderThread:16621 [sender.py:transition_state():612] send defer: 10
2023-09-30 18:26:58,703 DEBUG   HandlerThread:16621 [handler.py:handle_request():144] handle_request: defer
2023-09-30 18:26:58,703 INFO    HandlerThread:16621 [handler.py:handle_request_defer():170] handle defer: 10
2023-09-30 18:26:58,703 DEBUG   SenderThread:16621 [sender.py:send_request():406] send_request: defer
2023-09-30 18:26:58,703 INFO    SenderThread:16621 [sender.py:send_request_defer():608] handle sender defer: 10
2023-09-30 18:26:58,703 INFO    SenderThread:16621 [file_pusher.py:finish():175] shutting down file pusher
2023-09-30 18:26:59,109 INFO    wandb-upload_1:16621 [upload_job.py:push():131] Uploaded file /Users/leo/Programming/PLR/wandb/run-20230930_182620-fh9nuy3a/files/requirements.txt
2023-09-30 18:26:59,211 INFO    wandb-upload_2:16621 [upload_job.py:push():131] Uploaded file /Users/leo/Programming/PLR/wandb/run-20230930_182620-fh9nuy3a/files/config.yaml
2023-09-30 18:26:59,213 INFO    wandb-upload_3:16621 [upload_job.py:push():131] Uploaded file /Users/leo/Programming/PLR/wandb/run-20230930_182620-fh9nuy3a/files/wandb-summary.json
2023-09-30 18:26:59,213 INFO    wandb-upload_0:16621 [upload_job.py:push():131] Uploaded file /Users/leo/Programming/PLR/wandb/run-20230930_182620-fh9nuy3a/files/output.log
2023-09-30 18:26:59,419 INFO    Thread-123 (_thread_body):16621 [sender.py:transition_state():612] send defer: 11
2023-09-30 18:26:59,425 DEBUG   HandlerThread:16621 [handler.py:handle_request():144] handle_request: defer
2023-09-30 18:26:59,425 INFO    HandlerThread:16621 [handler.py:handle_request_defer():170] handle defer: 11
2023-09-30 18:26:59,426 DEBUG   SenderThread:16621 [sender.py:send_request():406] send_request: defer
2023-09-30 18:26:59,426 INFO    SenderThread:16621 [sender.py:send_request_defer():608] handle sender defer: 11
2023-09-30 18:26:59,426 INFO    SenderThread:16621 [file_pusher.py:join():181] waiting for file pusher
2023-09-30 18:26:59,426 INFO    SenderThread:16621 [sender.py:transition_state():612] send defer: 12
2023-09-30 18:26:59,427 DEBUG   HandlerThread:16621 [handler.py:handle_request():144] handle_request: defer
2023-09-30 18:26:59,427 INFO    HandlerThread:16621 [handler.py:handle_request_defer():170] handle defer: 12
2023-09-30 18:26:59,427 DEBUG   SenderThread:16621 [sender.py:send_request():406] send_request: defer
2023-09-30 18:26:59,427 INFO    SenderThread:16621 [sender.py:send_request_defer():608] handle sender defer: 12
2023-09-30 18:26:59,427 INFO    SenderThread:16621 [file_stream.py:finish():594] file stream finish called
2023-09-30 18:26:59,603 INFO    SenderThread:16621 [file_stream.py:finish():598] file stream finish is done
2023-09-30 18:26:59,603 INFO    SenderThread:16621 [sender.py:transition_state():612] send defer: 13
2023-09-30 18:26:59,603 DEBUG   HandlerThread:16621 [handler.py:handle_request():144] handle_request: defer
2023-09-30 18:26:59,604 INFO    HandlerThread:16621 [handler.py:handle_request_defer():170] handle defer: 13
2023-09-30 18:26:59,604 DEBUG   SenderThread:16621 [sender.py:send_request():406] send_request: defer
2023-09-30 18:26:59,604 INFO    SenderThread:16621 [sender.py:send_request_defer():608] handle sender defer: 13
2023-09-30 18:26:59,604 INFO    SenderThread:16621 [sender.py:transition_state():612] send defer: 14
2023-09-30 18:26:59,605 DEBUG   HandlerThread:16621 [handler.py:handle_request():144] handle_request: defer
2023-09-30 18:26:59,605 INFO    HandlerThread:16621 [handler.py:handle_request_defer():170] handle defer: 14
2023-09-30 18:26:59,606 DEBUG   SenderThread:16621 [sender.py:send():379] send: final
2023-09-30 18:26:59,606 DEBUG   SenderThread:16621 [sender.py:send():379] send: footer
2023-09-30 18:26:59,606 DEBUG   SenderThread:16621 [sender.py:send_request():406] send_request: defer
2023-09-30 18:26:59,606 INFO    SenderThread:16621 [sender.py:send_request_defer():608] handle sender defer: 14
2023-09-30 18:26:59,609 DEBUG   HandlerThread:16621 [handler.py:handle_request():144] handle_request: internal_messages
2023-09-30 18:26:59,610 DEBUG   HandlerThread:16621 [handler.py:handle_request():144] handle_request: poll_exit
2023-09-30 18:26:59,610 DEBUG   HandlerThread:16621 [handler.py:handle_request():144] handle_request: server_info
2023-09-30 18:26:59,610 DEBUG   HandlerThread:16621 [handler.py:handle_request():144] handle_request: get_summary
2023-09-30 18:26:59,611 DEBUG   SenderThread:16621 [sender.py:send_request():406] send_request: poll_exit
2023-09-30 18:26:59,612 DEBUG   SenderThread:16621 [sender.py:send_request():406] send_request: server_info
2023-09-30 18:26:59,614 DEBUG   HandlerThread:16621 [handler.py:handle_request():144] handle_request: sampled_history
2023-09-30 18:26:59,620 DEBUG   HandlerThread:16621 [handler.py:handle_request():144] handle_request: job_info
2023-09-30 18:26:59,772 DEBUG   SenderThread:16621 [sender.py:send_request():406] send_request: job_info
2023-09-30 18:26:59,777 DEBUG   HandlerThread:16621 [handler.py:handle_request():144] handle_request: shutdown
2023-09-30 18:26:59,777 INFO    HandlerThread:16621 [handler.py:finish():840] shutting down handler
2023-09-30 18:27:00,630 INFO    WriterThread:16621 [datastore.py:close():294] close: /Users/leo/Programming/PLR/wandb/run-20230930_182620-fh9nuy3a/run-fh9nuy3a.wandb
2023-09-30 18:27:00,778 INFO    SenderThread:16621 [sender.py:finish():1531] shutting down sender
2023-09-30 18:27:00,779 INFO    SenderThread:16621 [file_pusher.py:finish():175] shutting down file pusher
2023-09-30 18:27:00,779 INFO    SenderThread:16621 [file_pusher.py:join():181] waiting for file pusher
