Generations:   0%|                                                                                                                                                                         | 0/20 [00:00<?, ?it/s]
Eval Fitness Gen 1 - Best Fitness: 0.3026:   3%|███▉                                                                                                                              | 3/100 [00:01<00:43,  2.24it/s]
params: 5
params: 57
params: 9
params: 4
params: 71
params: 12
params: 2
params: 80
params: 38
params: 2
params: 119

Eval Fitness Gen 1 - Best Fitness: 0.3026:   8%|██████████▍                                                                                                                       | 8/100 [00:03<00:42,  2.18it/s]
params: 3
params: 17
params: 16
params: 1
params: 85
params: 16
params: 4
params: 21
params: 3
params: 2
params: 96
params: 13
params: 4
params: 3
params: 30
params: 1
params: 13
params: 27
params: 1
params: 75
params: 37
params: 2
params: 40
params: 20
params: 3
params: 118


Eval Fitness Gen 1 - Best Fitness: 0.3309:  16%|████████████████████▋                                                                                                            | 16/100 [00:07<00:39,  2.14it/s]
params: 1
params: 115
params: 41
params: 1
params: 97
params: 19
params: 5
params: 9
params: 12
params: 5
params: 16
params: 43
params: 3
params: 127
params: 11
params: 3
params: 76
params: 14
params: 4
params: 75
params: 42
params: 4
params: 20
params: 40
params: 3
params: 22
params: 32
params: 4
params: 71

Eval Fitness Gen 1 - Best Fitness: 0.3309:  22%|████████████████████████████▍                                                                                                    | 22/100 [00:09<00:29,  2.60it/s]
params: 1
params: 106
params: 11
params: 5
params: 116
params: 27
params: 2
params: 29
params: 32
params: 4
params: 90
params: 35
params: 3
params: 78

Eval Fitness Gen 1 - Best Fitness: 0.4046:  27%|██████████████████████████████████▊                                                                                              | 27/100 [00:11<00:30,  2.43it/s]
params: 5
params: 63
params: 5
params: 1
params: 65
params: 19
params: 3
params: 114
params: 20
params: 5
params: 14

Eval Fitness Gen 1 - Best Fitness: 0.4046:  31%|███████████████████████████████████████▉                                                                                         | 31/100 [00:13<00:29,  2.33it/s]
params: 1
params: 99
params: 25
params: 1
params: 105
params: 46
params: 5
params: 86
params: 34
params: 2
params: 22

Eval Fitness Gen 1 - Best Fitness: 0.4046:  35%|█████████████████████████████████████████████▏                                                                                   | 35/100 [00:15<00:31,  2.03it/s]
params: 3
params: 124
params: 23
params: 4
params: 96
params: 6
params: 3
params: 107
params: 28
params: 5
params: 53
params: 42
params: 2
params: 14

Eval Fitness Gen 1 - Best Fitness: 0.4046:  40%|███████████████████████████████████████████████████▌                                                                             | 40/100 [00:17<00:26,  2.26it/s]
params: 1
params: 72
params: 12
params: 4
params: 74
params: 50
params: 5
params: 28
params: 19
params: 3
params: 11
params: 11
params: 4
params: 37

Eval Fitness Gen 1 - Best Fitness: 0.4748:  45%|██████████████████████████████████████████████████████████                                                                       | 45/100 [00:19<00:21,  2.51it/s]
params: 3
params: 50
params: 40
params: 5
params: 37
params: 44
params: 1
params: 122
params: 29
params: 3
params: 76

Eval Fitness Gen 1 - Best Fitness: 0.4748:  49%|███████████████████████████████████████████████████████████████▏                                                                 | 49/100 [00:21<00:22,  2.29it/s]
params: 1
params: 55
params: 15
params: 4
params: 63
params: 31
params: 3
params: 4
params: 10
params: 4
params: 97
params: 8
params: 1
params: 46

Eval Fitness Gen 1 - Best Fitness: 0.4748:  54%|█████████████████████████████████████████████████████████████████████▋                                                           | 54/100 [00:23<00:20,  2.26it/s]
params: 3
params: 110
params: 35
params: 1
params: 110
params: 47
params: 3
params: 7

Eval Fitness Gen 1 - Best Fitness: 0.4748:  57%|█████████████████████████████████████████████████████████████████████████▌                                                       | 57/100 [00:25<00:23,  1.83it/s]
params: 1
params: 4
params: 20
params: 1
params: 62
params: 27
params: 5
params: 118
params: 44
params: 2
params: 42

Eval Fitness Gen 1 - Best Fitness: 0.4748:  61%|██████████████████████████████████████████████████████████████████████████████▋                                                  | 61/100 [00:27<00:20,  1.94it/s]
params: 4
params: 47
params: 45
params: 5
params: 88
params: 17
params: 1
params: 122
params: 17
params: 4
params: 102

Eval Fitness Gen 1 - Best Fitness: 0.8720:  65%|███████████████████████████████████████████████████████████████████████████████████▊                                             | 65/100 [00:29<00:17,  1.97it/s]
params: 2
params: 89
params: 9
params: 3
params: 94
params: 5
params: 4
params: 110
params: 28
params: 1
params: 35
params: 3
params: 4
params: 104

Eval Fitness Gen 1 - Best Fitness: 0.8720:  70%|██████████████████████████████████████████████████████████████████████████████████████████▎                                      | 70/100 [00:31<00:12,  2.48it/s]
params: 4
params: 25
params: 12
params: 2
params: 19
params: 20
params: 5
params: 21
params: 13
params: 3
params: 100
params: 32
params: 2
params: 110


Eval Fitness Gen 1 - Best Fitness: 0.8720:  80%|███████████████████████████████████████████████████████████████████████████████████████████████████████▏                         | 80/100 [00:36<00:08,  2.36it/s]
params: 5
params: 8
params: 24
params: 2
params: 106
params: 38
params: 5
params: 91
params: 26
params: 5
params: 118

Eval Fitness Gen 1 - Best Fitness: 0.8720:  83%|███████████████████████████████████████████████████████████████████████████████████████████████████████████                      | 83/100 [00:37<00:08,  2.01it/s]
params: 3
params: 8
params: 8
params: 2
params: 2
params: 8
params: 2
params: 101
params: 28
params: 4
params: 105
Traceback (most recent call last):
  File "/Users/leo/Programming/PLR/Leo/gen_algo_opt_folder/genetic_algorithm.py", line 279, in <module>
    # Run the GA
  File "/Users/leo/Programming/PLR/Leo/gen_algo_opt_folder/genetic_algorithm.py", line 206, in run
    for individual in fitness_eval_pbar:
                      ^^^^^^^^^^^^^^^^^^^
  File "/Users/leo/Programming/PLR/Leo/gen_algo_opt_folder/genetic_algorithm.py", line 73, in fitness
    for epoch in range(self.n_epochs):
        ^^^^^^^^^^^^^^^^^^^^^^^^^^^^^^
  File "/Users/leo/Programming/PLR/Leo/env/lib/python3.11/site-packages/torch/utils/data/dataloader.py", line 633, in __next__
    data = self._next_data()
           ^^^^^^^^^^^^^^^^^
  File "/Users/leo/Programming/PLR/Leo/env/lib/python3.11/site-packages/torch/utils/data/dataloader.py", line 677, in _next_data
    data = self._dataset_fetcher.fetch(index)  # may raise StopIteration
           ^^^^^^^^^^^^^^^^^^^^^^^^^^^^^^^^^^
  File "/Users/leo/Programming/PLR/Leo/env/lib/python3.11/site-packages/torch/utils/data/_utils/fetch.py", line 51, in fetch
    data = [self.dataset[idx] for idx in possibly_batched_index]
           ^^^^^^^^^^^^^^^^^^^^^^^^^^^^^^^^^^^^^^^^^^^^^^^^^^^^^
  File "/Users/leo/Programming/PLR/Leo/env/lib/python3.11/site-packages/torch/utils/data/_utils/fetch.py", line 51, in <listcomp>
    data = [self.dataset[idx] for idx in possibly_batched_index]
            ~~~~~~~~~~~~^^^^^
  File "/Users/leo/Programming/PLR/Leo/env/lib/python3.11/site-packages/torch/utils/data/dataset.py", line 196, in __getitem__
    return tuple(tensor[index] for tensor in self.tensors)
           ^^^^^^^^^^^^^^^^^^^^^^^^^^^^^^^^^^^^^^^^^^^^^^^
  File "/Users/leo/Programming/PLR/Leo/env/lib/python3.11/site-packages/torch/utils/data/dataset.py", line 196, in <genexpr>
    return tuple(tensor[index] for tensor in self.tensors)
                ^^^^^^^^^^^^^^^^^^^^^^^^^^^^^^^^^^^^^^^^^^
KeyboardInterrupt
params: 3
params: 98
params: 37
params: 4
params: 26
params: 36
params: 2
params: 47
params: 43