2023-09-30 15:37:20,488 INFO    StreamThr :11925 [internal.py:wandb_internal():86] W&B internal server running at pid: 11925, started at: 2023-09-30 15:37:20.487348
2023-09-30 15:37:20,489 DEBUG   HandlerThread:11925 [handler.py:handle_request():144] handle_request: status
2023-09-30 15:37:20,492 INFO    WriterThread:11925 [datastore.py:open_for_write():85] open: /Users/leo/Programming/PLR/wandb/run-20230930_153720-w27k18ap/run-w27k18ap.wandb
2023-09-30 15:37:20,493 DEBUG   SenderThread:11925 [sender.py:send():379] send: header
2023-09-30 15:37:20,512 DEBUG   SenderThread:11925 [sender.py:send():379] send: run
2023-09-30 15:37:20,874 INFO    SenderThread:11925 [dir_watcher.py:__init__():211] watching files in: /Users/leo/Programming/PLR/wandb/run-20230930_153720-w27k18ap/files
2023-09-30 15:37:20,874 INFO    SenderThread:11925 [sender.py:_start_run_threads():1121] run started: w27k18ap with start time 1696084640.487773
2023-09-30 15:37:20,886 DEBUG   HandlerThread:11925 [handler.py:handle_request():144] handle_request: check_version
2023-09-30 15:37:20,886 DEBUG   SenderThread:11925 [sender.py:send_request():406] send_request: check_version
2023-09-30 15:37:20,943 DEBUG   HandlerThread:11925 [handler.py:handle_request():144] handle_request: run_start
2023-09-30 15:37:20,949 DEBUG   HandlerThread:11925 [system_info.py:__init__():32] System info init
2023-09-30 15:37:20,949 DEBUG   HandlerThread:11925 [system_info.py:__init__():47] System info init done
2023-09-30 15:37:20,949 INFO    HandlerThread:11925 [system_monitor.py:start():181] Starting system monitor
2023-09-30 15:37:20,950 INFO    SystemMonitor:11925 [system_monitor.py:_start():145] Starting system asset monitoring threads
2023-09-30 15:37:20,950 INFO    HandlerThread:11925 [system_monitor.py:probe():201] Collecting system info
2023-09-30 15:37:20,950 DEBUG   HandlerThread:11925 [system_info.py:probe():196] Probing system
2023-09-30 15:37:20,950 INFO    SystemMonitor:11925 [interfaces.py:start():190] Started cpu monitoring
2023-09-30 15:37:20,951 INFO    SystemMonitor:11925 [interfaces.py:start():190] Started disk monitoring
2023-09-30 15:37:20,952 INFO    SystemMonitor:11925 [interfaces.py:start():190] Started gpuapple monitoring
2023-09-30 15:37:20,952 INFO    SystemMonitor:11925 [interfaces.py:start():190] Started memory monitoring
2023-09-30 15:37:20,954 INFO    SystemMonitor:11925 [interfaces.py:start():190] Started network monitoring
2023-09-30 15:37:20,958 DEBUG   HandlerThread:11925 [system_info.py:_probe_git():181] Probing git
2023-09-30 15:37:20,972 DEBUG   HandlerThread:11925 [system_info.py:_probe_git():189] Probing git done
2023-09-30 15:37:20,972 DEBUG   HandlerThread:11925 [system_info.py:probe():244] Probing system done
2023-09-30 15:37:20,972 DEBUG   HandlerThread:11925 [system_monitor.py:probe():210] {'os': 'macOS-14.0-arm64-arm-64bit', 'python': '3.11.4', 'heartbeatAt': '2023-09-30T14:37:20.950708', 'startedAt': '2023-09-30T14:37:20.481291', 'docker': None, 'cuda': None, 'args': (), 'state': 'running', 'program': '/Users/leo/Programming/PLR/Leo/gen_algo_opt_folder/genetic_algorithm.py', 'codePathLocal': 'Leo/gen_algo_opt_folder/genetic_algorithm.py', 'codePath': 'Leo/gen_algo_opt_folder/genetic_algorithm.py', 'git': {'remote': 'https://github.com/leothesouthafrican/PLR.git', 'commit': '7589be778cebd92f972ede671c501681bad7604d'}, 'email': '38779415+leothesouthafrican@users.noreply.github.com', 'root': '/Users/leo/Programming/PLR', 'host': 'Leos-MacBook-Pro.local', 'username': 'leo', 'executable': '/Users/leo/Programming/PLR/Leo/env/bin/python3', 'cpu_count': 10, 'cpu_count_logical': 10, 'disk': {'/': {'total': 855.9619140625, 'used': 12.108589172363281}}, 'gpuapple': {'type': 'arm', 'vendor': 'Apple'}, 'memory': {'total': 32.0}}
2023-09-30 15:37:20,972 INFO    HandlerThread:11925 [system_monitor.py:probe():211] Finished collecting system info
2023-09-30 15:37:20,972 INFO    HandlerThread:11925 [system_monitor.py:probe():214] Publishing system info
2023-09-30 15:37:20,972 DEBUG   HandlerThread:11925 [system_info.py:_save_pip():52] Saving list of pip packages installed into the current environment
2023-09-30 15:37:20,972 DEBUG   HandlerThread:11925 [system_info.py:_save_pip():68] Saving pip packages done
2023-09-30 15:37:20,973 INFO    HandlerThread:11925 [system_monitor.py:probe():216] Finished publishing system info
2023-09-30 15:37:20,974 DEBUG   SenderThread:11925 [sender.py:send():379] send: files
2023-09-30 15:37:20,974 INFO    SenderThread:11925 [sender.py:_save_file():1375] saving file wandb-metadata.json with policy now
2023-09-30 15:37:20,977 DEBUG   HandlerThread:11925 [handler.py:handle_request():144] handle_request: stop_status
2023-09-30 15:37:20,977 DEBUG   SenderThread:11925 [sender.py:send_request():406] send_request: stop_status
2023-09-30 15:37:20,978 DEBUG   HandlerThread:11925 [handler.py:handle_request():144] handle_request: internal_messages
2023-09-30 15:37:21,232 DEBUG   SenderThread:11925 [sender.py:send():379] send: telemetry
2023-09-30 15:37:21,521 INFO    wandb-upload_0:11925 [upload_job.py:push():131] Uploaded file /var/folders/dt/bgs1hq3d2k3dvhpt3llvs4rw0000gn/T/tmph1opjrnxwandb/0fiusgbl-wandb-metadata.json
2023-09-30 15:37:21,880 INFO    Thread-12 :11925 [dir_watcher.py:_on_file_created():271] file/dir created: /Users/leo/Programming/PLR/wandb/run-20230930_153720-w27k18ap/files/output.log
2023-09-30 15:37:21,880 INFO    Thread-12 :11925 [dir_watcher.py:_on_file_created():271] file/dir created: /Users/leo/Programming/PLR/wandb/run-20230930_153720-w27k18ap/files/requirements.txt
2023-09-30 15:37:21,880 INFO    Thread-12 :11925 [dir_watcher.py:_on_file_created():271] file/dir created: /Users/leo/Programming/PLR/wandb/run-20230930_153720-w27k18ap/files/wandb-metadata.json
2023-09-30 15:37:23,888 INFO    Thread-12 :11925 [dir_watcher.py:_on_file_modified():288] file/dir modified: /Users/leo/Programming/PLR/wandb/run-20230930_153720-w27k18ap/files/output.log
2023-09-30 15:37:25,526 DEBUG   HandlerThread:11925 [handler.py:handle_request():144] handle_request: status_report
2023-09-30 15:37:25,898 INFO    Thread-12 :11925 [dir_watcher.py:_on_file_modified():288] file/dir modified: /Users/leo/Programming/PLR/wandb/run-20230930_153720-w27k18ap/files/output.log
2023-09-30 15:37:27,906 INFO    Thread-12 :11925 [dir_watcher.py:_on_file_modified():288] file/dir modified: /Users/leo/Programming/PLR/wandb/run-20230930_153720-w27k18ap/files/output.log
2023-09-30 15:37:28,908 INFO    Thread-12 :11925 [dir_watcher.py:_on_file_modified():288] file/dir modified: /Users/leo/Programming/PLR/wandb/run-20230930_153720-w27k18ap/files/output.log
2023-09-30 15:37:29,913 INFO    Thread-12 :11925 [dir_watcher.py:_on_file_modified():288] file/dir modified: /Users/leo/Programming/PLR/wandb/run-20230930_153720-w27k18ap/files/output.log
2023-09-30 15:37:30,679 DEBUG   HandlerThread:11925 [handler.py:handle_request():144] handle_request: status_report
2023-09-30 15:37:30,918 INFO    Thread-12 :11925 [dir_watcher.py:_on_file_modified():288] file/dir modified: /Users/leo/Programming/PLR/wandb/run-20230930_153720-w27k18ap/files/output.log
2023-09-30 15:37:31,924 INFO    Thread-12 :11925 [dir_watcher.py:_on_file_modified():288] file/dir modified: /Users/leo/Programming/PLR/wandb/run-20230930_153720-w27k18ap/files/output.log
2023-09-30 15:37:32,925 INFO    Thread-12 :11925 [dir_watcher.py:_on_file_modified():288] file/dir modified: /Users/leo/Programming/PLR/wandb/run-20230930_153720-w27k18ap/files/output.log
2023-09-30 15:37:33,928 INFO    Thread-12 :11925 [dir_watcher.py:_on_file_modified():288] file/dir modified: /Users/leo/Programming/PLR/wandb/run-20230930_153720-w27k18ap/files/output.log
2023-09-30 15:37:34,930 INFO    Thread-12 :11925 [dir_watcher.py:_on_file_modified():288] file/dir modified: /Users/leo/Programming/PLR/wandb/run-20230930_153720-w27k18ap/files/output.log
2023-09-30 15:37:35,935 INFO    Thread-12 :11925 [dir_watcher.py:_on_file_modified():288] file/dir modified: /Users/leo/Programming/PLR/wandb/run-20230930_153720-w27k18ap/files/output.log
2023-09-30 15:37:36,024 DEBUG   HandlerThread:11925 [handler.py:handle_request():144] handle_request: internal_messages
2023-09-30 15:37:36,024 DEBUG   HandlerThread:11925 [handler.py:handle_request():144] handle_request: stop_status
2023-09-30 15:37:36,024 DEBUG   SenderThread:11925 [sender.py:send_request():406] send_request: stop_status
2023-09-30 15:37:36,184 DEBUG   HandlerThread:11925 [handler.py:handle_request():144] handle_request: status_report
2023-09-30 15:37:36,947 INFO    Thread-12 :11925 [dir_watcher.py:_on_file_modified():288] file/dir modified: /Users/leo/Programming/PLR/wandb/run-20230930_153720-w27k18ap/files/output.log
2023-09-30 15:37:37,953 INFO    Thread-12 :11925 [dir_watcher.py:_on_file_modified():288] file/dir modified: /Users/leo/Programming/PLR/wandb/run-20230930_153720-w27k18ap/files/output.log
2023-09-30 15:37:39,963 INFO    Thread-12 :11925 [dir_watcher.py:_on_file_modified():288] file/dir modified: /Users/leo/Programming/PLR/wandb/run-20230930_153720-w27k18ap/files/output.log
2023-09-30 15:37:41,639 DEBUG   HandlerThread:11925 [handler.py:handle_request():144] handle_request: status_report
2023-09-30 15:37:41,973 INFO    Thread-12 :11925 [dir_watcher.py:_on_file_modified():288] file/dir modified: /Users/leo/Programming/PLR/wandb/run-20230930_153720-w27k18ap/files/output.log
2023-09-30 15:37:42,973 INFO    Thread-12 :11925 [dir_watcher.py:_on_file_modified():288] file/dir modified: /Users/leo/Programming/PLR/wandb/run-20230930_153720-w27k18ap/files/output.log
2023-09-30 15:37:43,977 INFO    Thread-12 :11925 [dir_watcher.py:_on_file_modified():288] file/dir modified: /Users/leo/Programming/PLR/wandb/run-20230930_153720-w27k18ap/files/output.log
2023-09-30 15:37:44,979 INFO    Thread-12 :11925 [dir_watcher.py:_on_file_modified():288] file/dir modified: /Users/leo/Programming/PLR/wandb/run-20230930_153720-w27k18ap/files/output.log
2023-09-30 15:37:45,983 INFO    Thread-12 :11925 [dir_watcher.py:_on_file_modified():288] file/dir modified: /Users/leo/Programming/PLR/wandb/run-20230930_153720-w27k18ap/files/output.log
2023-09-30 15:37:46,852 DEBUG   HandlerThread:11925 [handler.py:handle_request():144] handle_request: status_report
2023-09-30 15:37:47,994 INFO    Thread-12 :11925 [dir_watcher.py:_on_file_modified():288] file/dir modified: /Users/leo/Programming/PLR/wandb/run-20230930_153720-w27k18ap/files/output.log
2023-09-30 15:37:49,006 INFO    Thread-12 :11925 [dir_watcher.py:_on_file_modified():288] file/dir modified: /Users/leo/Programming/PLR/wandb/run-20230930_153720-w27k18ap/files/output.log
2023-09-30 15:37:50,011 INFO    Thread-12 :11925 [dir_watcher.py:_on_file_modified():288] file/dir modified: /Users/leo/Programming/PLR/wandb/run-20230930_153720-w27k18ap/files/output.log
2023-09-30 15:37:51,023 DEBUG   HandlerThread:11925 [handler.py:handle_request():144] handle_request: stop_status
2023-09-30 15:37:51,024 DEBUG   SenderThread:11925 [sender.py:send_request():406] send_request: stop_status
2023-09-30 15:37:51,026 DEBUG   HandlerThread:11925 [handler.py:handle_request():144] handle_request: internal_messages
2023-09-30 15:37:52,022 INFO    Thread-12 :11925 [dir_watcher.py:_on_file_modified():288] file/dir modified: /Users/leo/Programming/PLR/wandb/run-20230930_153720-w27k18ap/files/output.log
2023-09-30 15:37:52,130 DEBUG   HandlerThread:11925 [handler.py:handle_request():144] handle_request: status_report
2023-09-30 15:37:53,027 INFO    Thread-12 :11925 [dir_watcher.py:_on_file_modified():288] file/dir modified: /Users/leo/Programming/PLR/wandb/run-20230930_153720-w27k18ap/files/config.yaml
2023-09-30 15:37:53,027 INFO    Thread-12 :11925 [dir_watcher.py:_on_file_modified():288] file/dir modified: /Users/leo/Programming/PLR/wandb/run-20230930_153720-w27k18ap/files/output.log
2023-09-30 15:37:54,029 INFO    Thread-12 :11925 [dir_watcher.py:_on_file_modified():288] file/dir modified: /Users/leo/Programming/PLR/wandb/run-20230930_153720-w27k18ap/files/output.log
2023-09-30 15:37:55,030 INFO    Thread-12 :11925 [dir_watcher.py:_on_file_modified():288] file/dir modified: /Users/leo/Programming/PLR/wandb/run-20230930_153720-w27k18ap/files/output.log
2023-09-30 15:37:56,035 INFO    Thread-12 :11925 [dir_watcher.py:_on_file_modified():288] file/dir modified: /Users/leo/Programming/PLR/wandb/run-20230930_153720-w27k18ap/files/output.log
2023-09-30 15:37:57,721 DEBUG   HandlerThread:11925 [handler.py:handle_request():144] handle_request: status_report
2023-09-30 15:37:58,041 INFO    Thread-12 :11925 [dir_watcher.py:_on_file_modified():288] file/dir modified: /Users/leo/Programming/PLR/wandb/run-20230930_153720-w27k18ap/files/output.log
2023-09-30 15:37:59,046 INFO    Thread-12 :11925 [dir_watcher.py:_on_file_modified():288] file/dir modified: /Users/leo/Programming/PLR/wandb/run-20230930_153720-w27k18ap/files/output.log
2023-09-30 15:37:59,294 DEBUG   HandlerThread:11925 [handler.py:handle_request():144] handle_request: partial_history
2023-09-30 15:37:59,308 DEBUG   SenderThread:11925 [sender.py:send():379] send: history
2023-09-30 15:37:59,308 DEBUG   SenderThread:11925 [sender.py:send_request():406] send_request: summary_record
2023-09-30 15:37:59,309 INFO    SenderThread:11925 [sender.py:_save_file():1375] saving file wandb-summary.json with policy end
2023-09-30 15:37:59,786 DEBUG   SenderThread:11925 [sender.py:send():379] send: exit
2023-09-30 15:37:59,786 INFO    SenderThread:11925 [sender.py:send_exit():584] handling exit code: 1
2023-09-30 15:37:59,787 INFO    SenderThread:11925 [sender.py:send_exit():586] handling runtime: 38
2023-09-30 15:37:59,787 INFO    SenderThread:11925 [sender.py:_save_file():1375] saving file wandb-summary.json with policy end
2023-09-30 15:37:59,788 INFO    SenderThread:11925 [sender.py:send_exit():592] send defer
2023-09-30 15:37:59,788 DEBUG   HandlerThread:11925 [handler.py:handle_request():144] handle_request: defer
2023-09-30 15:37:59,788 INFO    HandlerThread:11925 [handler.py:handle_request_defer():170] handle defer: 0
2023-09-30 15:37:59,794 DEBUG   SenderThread:11925 [sender.py:send_request():406] send_request: defer
2023-09-30 15:37:59,795 INFO    SenderThread:11925 [sender.py:send_request_defer():608] handle sender defer: 0
2023-09-30 15:37:59,795 INFO    SenderThread:11925 [sender.py:transition_state():612] send defer: 1
2023-09-30 15:37:59,798 DEBUG   HandlerThread:11925 [handler.py:handle_request():144] handle_request: defer
2023-09-30 15:37:59,798 INFO    HandlerThread:11925 [handler.py:handle_request_defer():170] handle defer: 1
2023-09-30 15:37:59,798 DEBUG   SenderThread:11925 [sender.py:send_request():406] send_request: defer
2023-09-30 15:37:59,798 INFO    SenderThread:11925 [sender.py:send_request_defer():608] handle sender defer: 1
2023-09-30 15:37:59,798 INFO    SenderThread:11925 [sender.py:transition_state():612] send defer: 2
2023-09-30 15:37:59,798 DEBUG   HandlerThread:11925 [handler.py:handle_request():144] handle_request: defer
2023-09-30 15:37:59,798 INFO    HandlerThread:11925 [handler.py:handle_request_defer():170] handle defer: 2
2023-09-30 15:37:59,798 INFO    HandlerThread:11925 [system_monitor.py:finish():190] Stopping system monitor
2023-09-30 15:37:59,799 DEBUG   SystemMonitor:11925 [system_monitor.py:_start():159] Starting system metrics aggregation loop
2023-09-30 15:37:59,799 DEBUG   SystemMonitor:11925 [system_monitor.py:_start():166] Finished system metrics aggregation loop
2023-09-30 15:37:59,800 DEBUG   SystemMonitor:11925 [system_monitor.py:_start():170] Publishing last batch of metrics
2023-09-30 15:37:59,800 INFO    HandlerThread:11925 [interfaces.py:finish():202] Joined cpu monitor
2023-09-30 15:37:59,800 INFO    HandlerThread:11925 [interfaces.py:finish():202] Joined disk monitor
2023-09-30 15:38:00,052 INFO    Thread-12 :11925 [dir_watcher.py:_on_file_modified():288] file/dir modified: /Users/leo/Programming/PLR/wandb/run-20230930_153720-w27k18ap/files/output.log
2023-09-30 15:38:00,052 INFO    Thread-12 :11925 [dir_watcher.py:_on_file_created():271] file/dir created: /Users/leo/Programming/PLR/wandb/run-20230930_153720-w27k18ap/files/wandb-summary.json
2023-09-30 15:38:01,056 INFO    Thread-12 :11925 [dir_watcher.py:_on_file_modified():288] file/dir modified: /Users/leo/Programming/PLR/wandb/run-20230930_153720-w27k18ap/files/output.log
2023-09-30 15:38:01,160 INFO    HandlerThread:11925 [interfaces.py:finish():202] Joined gpuapple monitor
2023-09-30 15:38:01,161 INFO    HandlerThread:11925 [interfaces.py:finish():202] Joined memory monitor
2023-09-30 15:38:01,161 INFO    HandlerThread:11925 [interfaces.py:finish():202] Joined network monitor
2023-09-30 15:38:01,161 DEBUG   HandlerThread:11925 [handler.py:handle_request():144] handle_request: poll_exit
2023-09-30 15:38:01,161 DEBUG   SenderThread:11925 [sender.py:send_request():406] send_request: defer
2023-09-30 15:38:01,161 INFO    SenderThread:11925 [sender.py:send_request_defer():608] handle sender defer: 2
2023-09-30 15:38:01,161 INFO    SenderThread:11925 [sender.py:transition_state():612] send defer: 3
2023-09-30 15:38:01,161 DEBUG   SenderThread:11925 [sender.py:send():379] send: telemetry
2023-09-30 15:38:01,161 DEBUG   SenderThread:11925 [sender.py:send():379] send: stats
2023-09-30 15:38:01,161 DEBUG   SenderThread:11925 [sender.py:send_request():406] send_request: poll_exit
2023-09-30 15:38:01,161 DEBUG   HandlerThread:11925 [handler.py:handle_request():144] handle_request: defer
2023-09-30 15:38:01,161 INFO    HandlerThread:11925 [handler.py:handle_request_defer():170] handle defer: 3
2023-09-30 15:38:01,161 DEBUG   SenderThread:11925 [sender.py:send_request():406] send_request: defer
2023-09-30 15:38:01,161 INFO    SenderThread:11925 [sender.py:send_request_defer():608] handle sender defer: 3
2023-09-30 15:38:01,161 INFO    SenderThread:11925 [sender.py:transition_state():612] send defer: 4
2023-09-30 15:38:01,162 DEBUG   HandlerThread:11925 [handler.py:handle_request():144] handle_request: defer
2023-09-30 15:38:01,162 INFO    HandlerThread:11925 [handler.py:handle_request_defer():170] handle defer: 4
2023-09-30 15:38:01,162 DEBUG   SenderThread:11925 [sender.py:send_request():406] send_request: defer
2023-09-30 15:38:01,162 INFO    SenderThread:11925 [sender.py:send_request_defer():608] handle sender defer: 4
2023-09-30 15:38:01,162 INFO    SenderThread:11925 [sender.py:transition_state():612] send defer: 5
2023-09-30 15:38:01,162 DEBUG   HandlerThread:11925 [handler.py:handle_request():144] handle_request: defer
2023-09-30 15:38:01,162 INFO    HandlerThread:11925 [handler.py:handle_request_defer():170] handle defer: 5
2023-09-30 15:38:01,162 DEBUG   SenderThread:11925 [sender.py:send():379] send: summary
2023-09-30 15:38:01,162 INFO    SenderThread:11925 [sender.py:_save_file():1375] saving file wandb-summary.json with policy end
2023-09-30 15:38:01,162 DEBUG   SenderThread:11925 [sender.py:send_request():406] send_request: defer
2023-09-30 15:38:01,162 INFO    SenderThread:11925 [sender.py:send_request_defer():608] handle sender defer: 5
2023-09-30 15:38:01,162 INFO    SenderThread:11925 [sender.py:transition_state():612] send defer: 6
2023-09-30 15:38:01,162 DEBUG   HandlerThread:11925 [handler.py:handle_request():144] handle_request: defer
2023-09-30 15:38:01,162 INFO    HandlerThread:11925 [handler.py:handle_request_defer():170] handle defer: 6
2023-09-30 15:38:01,162 DEBUG   SenderThread:11925 [sender.py:send_request():406] send_request: defer
2023-09-30 15:38:01,162 INFO    SenderThread:11925 [sender.py:send_request_defer():608] handle sender defer: 6
2023-09-30 15:38:01,164 DEBUG   HandlerThread:11925 [handler.py:handle_request():144] handle_request: status_report
2023-09-30 15:38:01,326 INFO    SenderThread:11925 [sender.py:transition_state():612] send defer: 7
2023-09-30 15:38:01,326 DEBUG   HandlerThread:11925 [handler.py:handle_request():144] handle_request: defer
2023-09-30 15:38:01,326 INFO    HandlerThread:11925 [handler.py:handle_request_defer():170] handle defer: 7
2023-09-30 15:38:01,326 DEBUG   SenderThread:11925 [sender.py:send_request():406] send_request: defer
2023-09-30 15:38:01,326 INFO    SenderThread:11925 [sender.py:send_request_defer():608] handle sender defer: 7
2023-09-30 15:38:01,797 DEBUG   HandlerThread:11925 [handler.py:handle_request():144] handle_request: poll_exit
2023-09-30 15:38:02,062 INFO    Thread-12 :11925 [dir_watcher.py:_on_file_modified():288] file/dir modified: /Users/leo/Programming/PLR/wandb/run-20230930_153720-w27k18ap/files/wandb-summary.json
2023-09-30 15:38:02,063 INFO    Thread-12 :11925 [dir_watcher.py:_on_file_modified():288] file/dir modified: /Users/leo/Programming/PLR/wandb/run-20230930_153720-w27k18ap/files/config.yaml
2023-09-30 15:38:02,063 INFO    Thread-12 :11925 [dir_watcher.py:_on_file_modified():288] file/dir modified: /Users/leo/Programming/PLR/wandb/run-20230930_153720-w27k18ap/files/output.log
2023-09-30 15:38:02,850 INFO    SenderThread:11925 [sender.py:transition_state():612] send defer: 8
2023-09-30 15:38:02,851 DEBUG   SenderThread:11925 [sender.py:send_request():406] send_request: poll_exit
2023-09-30 15:38:02,851 DEBUG   HandlerThread:11925 [handler.py:handle_request():144] handle_request: defer
2023-09-30 15:38:02,851 INFO    HandlerThread:11925 [handler.py:handle_request_defer():170] handle defer: 8
2023-09-30 15:38:02,852 DEBUG   SenderThread:11925 [sender.py:send_request():406] send_request: defer
2023-09-30 15:38:02,852 INFO    SenderThread:11925 [sender.py:send_request_defer():608] handle sender defer: 8
2023-09-30 15:38:02,852 INFO    SenderThread:11925 [job_builder.py:build():281] Attempting to build job artifact
2023-09-30 15:38:02,853 INFO    SenderThread:11925 [job_builder.py:_get_source_type():393] is repo sourced job
2023-09-30 15:38:02,854 INFO    SenderThread:11925 [job_builder.py:build():369] adding wandb-job metadata file
2023-09-30 15:38:02,859 INFO    SenderThread:11925 [sender.py:transition_state():612] send defer: 9
2023-09-30 15:38:02,859 DEBUG   HandlerThread:11925 [handler.py:handle_request():144] handle_request: defer
2023-09-30 15:38:02,859 DEBUG   SenderThread:11925 [sender.py:send():379] send: artifact
2023-09-30 15:38:02,859 INFO    HandlerThread:11925 [handler.py:handle_request_defer():170] handle defer: 9
2023-09-30 15:38:03,066 INFO    Thread-12 :11925 [dir_watcher.py:_on_file_modified():288] file/dir modified: /Users/leo/Programming/PLR/wandb/run-20230930_153720-w27k18ap/files/output.log
2023-09-30 15:38:03,741 INFO    SenderThread:11925 [sender.py:send_artifact():1453] sent artifact job-https___github.com_leothesouthafrican_PLR.git_Leo_gen_algo_opt_folder_genetic_algorithm.py - {'id': 'QXJ0aWZhY3Q6NTg5NzcyODg5', 'state': 'COMMITTED', 'artifactSequence': {'id': 'QXJ0aWZhY3RDb2xsZWN0aW9uOjEwMjY3Mjc5OA==', 'latestArtifact': {'id': 'QXJ0aWZhY3Q6NTg5Nzc2Nzg4', 'versionIndex': 5}}}
2023-09-30 15:38:03,741 DEBUG   SenderThread:11925 [sender.py:send_request():406] send_request: defer
2023-09-30 15:38:03,742 INFO    SenderThread:11925 [sender.py:send_request_defer():608] handle sender defer: 9
2023-09-30 15:38:03,742 INFO    SenderThread:11925 [dir_watcher.py:finish():358] shutting down directory watcher
2023-09-30 15:38:04,070 INFO    SenderThread:11925 [dir_watcher.py:finish():388] scan: /Users/leo/Programming/PLR/wandb/run-20230930_153720-w27k18ap/files
2023-09-30 15:38:04,071 INFO    SenderThread:11925 [dir_watcher.py:finish():402] scan save: /Users/leo/Programming/PLR/wandb/run-20230930_153720-w27k18ap/files/requirements.txt requirements.txt
2023-09-30 15:38:04,071 INFO    SenderThread:11925 [dir_watcher.py:finish():402] scan save: /Users/leo/Programming/PLR/wandb/run-20230930_153720-w27k18ap/files/output.log output.log
2023-09-30 15:38:04,076 INFO    SenderThread:11925 [dir_watcher.py:finish():402] scan save: /Users/leo/Programming/PLR/wandb/run-20230930_153720-w27k18ap/files/config.yaml config.yaml
2023-09-30 15:38:04,077 INFO    SenderThread:11925 [dir_watcher.py:finish():402] scan save: /Users/leo/Programming/PLR/wandb/run-20230930_153720-w27k18ap/files/wandb-summary.json wandb-summary.json
2023-09-30 15:38:04,077 INFO    SenderThread:11925 [dir_watcher.py:finish():402] scan save: /Users/leo/Programming/PLR/wandb/run-20230930_153720-w27k18ap/files/wandb-metadata.json wandb-metadata.json
2023-09-30 15:38:04,077 INFO    SenderThread:11925 [sender.py:transition_state():612] send defer: 10
2023-09-30 15:38:04,077 DEBUG   HandlerThread:11925 [handler.py:handle_request():144] handle_request: defer
2023-09-30 15:38:04,078 INFO    HandlerThread:11925 [handler.py:handle_request_defer():170] handle defer: 10
2023-09-30 15:38:04,078 DEBUG   SenderThread:11925 [sender.py:send_request():406] send_request: defer
2023-09-30 15:38:04,078 INFO    SenderThread:11925 [sender.py:send_request_defer():608] handle sender defer: 10
2023-09-30 15:38:04,078 INFO    SenderThread:11925 [file_pusher.py:finish():175] shutting down file pusher
2023-09-30 15:38:04,482 INFO    wandb-upload_1:11925 [upload_job.py:push():131] Uploaded file /Users/leo/Programming/PLR/wandb/run-20230930_153720-w27k18ap/files/output.log
2023-09-30 15:38:04,519 INFO    wandb-upload_3:11925 [upload_job.py:push():131] Uploaded file /Users/leo/Programming/PLR/wandb/run-20230930_153720-w27k18ap/files/wandb-summary.json
2023-09-30 15:38:04,525 INFO    wandb-upload_2:11925 [upload_job.py:push():131] Uploaded file /Users/leo/Programming/PLR/wandb/run-20230930_153720-w27k18ap/files/config.yaml
2023-09-30 15:38:04,641 INFO    wandb-upload_0:11925 [upload_job.py:push():131] Uploaded file /Users/leo/Programming/PLR/wandb/run-20230930_153720-w27k18ap/files/requirements.txt
2023-09-30 15:38:04,847 INFO    Thread-11 (_thread_body):11925 [sender.py:transition_state():612] send defer: 11
2023-09-30 15:38:04,848 DEBUG   HandlerThread:11925 [handler.py:handle_request():144] handle_request: defer
2023-09-30 15:38:04,848 INFO    HandlerThread:11925 [handler.py:handle_request_defer():170] handle defer: 11
2023-09-30 15:38:04,850 DEBUG   SenderThread:11925 [sender.py:send_request():406] send_request: defer
2023-09-30 15:38:04,850 INFO    SenderThread:11925 [sender.py:send_request_defer():608] handle sender defer: 11
2023-09-30 15:38:04,851 INFO    SenderThread:11925 [file_pusher.py:join():181] waiting for file pusher
2023-09-30 15:38:04,851 INFO    SenderThread:11925 [sender.py:transition_state():612] send defer: 12
2023-09-30 15:38:04,852 DEBUG   HandlerThread:11925 [handler.py:handle_request():144] handle_request: defer
2023-09-30 15:38:04,852 INFO    HandlerThread:11925 [handler.py:handle_request_defer():170] handle defer: 12
2023-09-30 15:38:04,852 DEBUG   SenderThread:11925 [sender.py:send_request():406] send_request: defer
2023-09-30 15:38:04,852 INFO    SenderThread:11925 [sender.py:send_request_defer():608] handle sender defer: 12
2023-09-30 15:38:04,852 INFO    SenderThread:11925 [file_stream.py:finish():594] file stream finish called
2023-09-30 15:38:05,045 INFO    SenderThread:11925 [file_stream.py:finish():598] file stream finish is done
2023-09-30 15:38:05,046 INFO    SenderThread:11925 [sender.py:transition_state():612] send defer: 13
2023-09-30 15:38:05,046 DEBUG   HandlerThread:11925 [handler.py:handle_request():144] handle_request: defer
2023-09-30 15:38:05,047 INFO    HandlerThread:11925 [handler.py:handle_request_defer():170] handle defer: 13
2023-09-30 15:38:05,047 DEBUG   SenderThread:11925 [sender.py:send_request():406] send_request: defer
2023-09-30 15:38:05,047 INFO    SenderThread:11925 [sender.py:send_request_defer():608] handle sender defer: 13
2023-09-30 15:38:05,047 INFO    SenderThread:11925 [sender.py:transition_state():612] send defer: 14
2023-09-30 15:38:05,048 DEBUG   HandlerThread:11925 [handler.py:handle_request():144] handle_request: defer
2023-09-30 15:38:05,048 DEBUG   SenderThread:11925 [sender.py:send():379] send: final
2023-09-30 15:38:05,048 INFO    HandlerThread:11925 [handler.py:handle_request_defer():170] handle defer: 14
2023-09-30 15:38:05,048 DEBUG   SenderThread:11925 [sender.py:send():379] send: footer
2023-09-30 15:38:05,049 DEBUG   SenderThread:11925 [sender.py:send_request():406] send_request: defer
2023-09-30 15:38:05,049 INFO    SenderThread:11925 [sender.py:send_request_defer():608] handle sender defer: 14
2023-09-30 15:38:05,050 DEBUG   HandlerThread:11925 [handler.py:handle_request():144] handle_request: poll_exit
2023-09-30 15:38:05,051 DEBUG   HandlerThread:11925 [handler.py:handle_request():144] handle_request: server_info
2023-09-30 15:38:05,051 DEBUG   HandlerThread:11925 [handler.py:handle_request():144] handle_request: get_summary
2023-09-30 15:38:05,052 DEBUG   HandlerThread:11925 [handler.py:handle_request():144] handle_request: sampled_history
2023-09-30 15:38:05,053 DEBUG   HandlerThread:11925 [handler.py:handle_request():144] handle_request: internal_messages
2023-09-30 15:38:05,053 DEBUG   SenderThread:11925 [sender.py:send_request():406] send_request: poll_exit
2023-09-30 15:38:05,054 DEBUG   SenderThread:11925 [sender.py:send_request():406] send_request: server_info
2023-09-30 15:38:05,059 DEBUG   HandlerThread:11925 [handler.py:handle_request():144] handle_request: job_info
2023-09-30 15:38:05,204 DEBUG   SenderThread:11925 [sender.py:send_request():406] send_request: job_info
2023-09-30 15:38:05,204 INFO    MainThread:11925 [wandb_run.py:_footer_history_summary_info():3557] rendering history
2023-09-30 15:38:05,205 INFO    MainThread:11925 [wandb_run.py:_footer_history_summary_info():3589] rendering summary
2023-09-30 15:38:05,205 INFO    MainThread:11925 [wandb_run.py:_footer_sync_info():3516] logging synced files
2023-09-30 15:38:05,207 DEBUG   HandlerThread:11925 [handler.py:handle_request():144] handle_request: shutdown
2023-09-30 15:38:05,207 INFO    HandlerThread:11925 [handler.py:finish():840] shutting down handler
2023-09-30 15:38:06,067 INFO    WriterThread:11925 [datastore.py:close():294] close: /Users/leo/Programming/PLR/wandb/run-20230930_153720-w27k18ap/run-w27k18ap.wandb
2023-09-30 15:38:06,209 INFO    SenderThread:11925 [sender.py:finish():1531] shutting down sender
2023-09-30 15:38:06,209 INFO    SenderThread:11925 [file_pusher.py:finish():175] shutting down file pusher
2023-09-30 15:38:06,209 INFO    SenderThread:11925 [file_pusher.py:join():181] waiting for file pusher
