2023-09-30 16:32:02,025 INFO    StreamThr :13647 [internal.py:wandb_internal():86] W&B internal server running at pid: 13647, started at: 2023-09-30 16:32:02.024606
2023-09-30 16:32:02,026 DEBUG   HandlerThread:13647 [handler.py:handle_request():144] handle_request: status
2023-09-30 16:32:02,029 INFO    WriterThread:13647 [datastore.py:open_for_write():85] open: /Users/leo/Programming/PLR/wandb/run-20230930_163202-vr7gq5z1/run-vr7gq5z1.wandb
2023-09-30 16:32:02,030 DEBUG   SenderThread:13647 [sender.py:send():379] send: header
2023-09-30 16:32:02,053 DEBUG   SenderThread:13647 [sender.py:send():379] send: run
2023-09-30 16:32:02,599 INFO    SenderThread:13647 [dir_watcher.py:__init__():211] watching files in: /Users/leo/Programming/PLR/wandb/run-20230930_163202-vr7gq5z1/files
2023-09-30 16:32:02,599 INFO    SenderThread:13647 [sender.py:_start_run_threads():1121] run started: vr7gq5z1 with start time 1696087922.024865
2023-09-30 16:32:02,609 DEBUG   HandlerThread:13647 [handler.py:handle_request():144] handle_request: check_version
2023-09-30 16:32:02,609 DEBUG   SenderThread:13647 [sender.py:send_request():406] send_request: check_version
2023-09-30 16:32:02,659 DEBUG   HandlerThread:13647 [handler.py:handle_request():144] handle_request: run_start
2023-09-30 16:32:02,665 DEBUG   HandlerThread:13647 [system_info.py:__init__():32] System info init
2023-09-30 16:32:02,665 DEBUG   HandlerThread:13647 [system_info.py:__init__():47] System info init done
2023-09-30 16:32:02,665 INFO    HandlerThread:13647 [system_monitor.py:start():181] Starting system monitor
2023-09-30 16:32:02,665 INFO    SystemMonitor:13647 [system_monitor.py:_start():145] Starting system asset monitoring threads
2023-09-30 16:32:02,666 INFO    HandlerThread:13647 [system_monitor.py:probe():201] Collecting system info
2023-09-30 16:32:02,666 INFO    SystemMonitor:13647 [interfaces.py:start():190] Started cpu monitoring
2023-09-30 16:32:02,667 DEBUG   HandlerThread:13647 [system_info.py:probe():196] Probing system
2023-09-30 16:32:02,667 INFO    SystemMonitor:13647 [interfaces.py:start():190] Started disk monitoring
2023-09-30 16:32:02,669 INFO    SystemMonitor:13647 [interfaces.py:start():190] Started gpuapple monitoring
2023-09-30 16:32:02,670 INFO    SystemMonitor:13647 [interfaces.py:start():190] Started memory monitoring
2023-09-30 16:32:02,670 INFO    SystemMonitor:13647 [interfaces.py:start():190] Started network monitoring
2023-09-30 16:32:02,673 DEBUG   HandlerThread:13647 [system_info.py:_probe_git():181] Probing git
2023-09-30 16:32:02,686 DEBUG   HandlerThread:13647 [system_info.py:_probe_git():189] Probing git done
2023-09-30 16:32:02,686 DEBUG   HandlerThread:13647 [system_info.py:probe():244] Probing system done
2023-09-30 16:32:02,686 DEBUG   HandlerThread:13647 [system_monitor.py:probe():210] {'os': 'macOS-14.0-arm64-arm-64bit', 'python': '3.11.4', 'heartbeatAt': '2023-09-30T15:32:02.667468', 'startedAt': '2023-09-30T15:32:02.016757', 'docker': None, 'cuda': None, 'args': (), 'state': 'running', 'program': '/Users/leo/Programming/PLR/Leo/gen_algo_opt_folder/genetic_algorithm.py', 'codePathLocal': 'Leo/gen_algo_opt_folder/genetic_algorithm.py', 'codePath': 'Leo/gen_algo_opt_folder/genetic_algorithm.py', 'git': {'remote': 'https://github.com/leothesouthafrican/PLR.git', 'commit': '7589be778cebd92f972ede671c501681bad7604d'}, 'email': '38779415+leothesouthafrican@users.noreply.github.com', 'root': '/Users/leo/Programming/PLR', 'host': 'Leos-MacBook-Pro.local', 'username': 'leo', 'executable': '/Users/leo/Programming/PLR/Leo/env/bin/python3', 'cpu_count': 10, 'cpu_count_logical': 10, 'disk': {'/': {'total': 855.9619140625, 'used': 12.108589172363281}}, 'gpuapple': {'type': 'arm', 'vendor': 'Apple'}, 'memory': {'total': 32.0}}
2023-09-30 16:32:02,686 INFO    HandlerThread:13647 [system_monitor.py:probe():211] Finished collecting system info
2023-09-30 16:32:02,686 INFO    HandlerThread:13647 [system_monitor.py:probe():214] Publishing system info
2023-09-30 16:32:02,686 DEBUG   HandlerThread:13647 [system_info.py:_save_pip():52] Saving list of pip packages installed into the current environment
2023-09-30 16:32:02,686 DEBUG   HandlerThread:13647 [system_info.py:_save_pip():68] Saving pip packages done
2023-09-30 16:32:02,687 INFO    HandlerThread:13647 [system_monitor.py:probe():216] Finished publishing system info
2023-09-30 16:32:02,688 DEBUG   SenderThread:13647 [sender.py:send():379] send: files
2023-09-30 16:32:02,688 INFO    SenderThread:13647 [sender.py:_save_file():1375] saving file wandb-metadata.json with policy now
2023-09-30 16:32:02,690 DEBUG   HandlerThread:13647 [handler.py:handle_request():144] handle_request: stop_status
2023-09-30 16:32:02,691 DEBUG   SenderThread:13647 [sender.py:send_request():406] send_request: stop_status
2023-09-30 16:32:02,691 DEBUG   HandlerThread:13647 [handler.py:handle_request():144] handle_request: internal_messages
2023-09-30 16:32:02,911 DEBUG   SenderThread:13647 [sender.py:send():379] send: telemetry
2023-09-30 16:32:03,325 INFO    wandb-upload_0:13647 [upload_job.py:push():131] Uploaded file /var/folders/dt/bgs1hq3d2k3dvhpt3llvs4rw0000gn/T/tmpldb9phybwandb/hrohr6q5-wandb-metadata.json
2023-09-30 16:32:03,605 INFO    Thread-12 :13647 [dir_watcher.py:_on_file_created():271] file/dir created: /Users/leo/Programming/PLR/wandb/run-20230930_163202-vr7gq5z1/files/output.log
2023-09-30 16:32:03,606 INFO    Thread-12 :13647 [dir_watcher.py:_on_file_created():271] file/dir created: /Users/leo/Programming/PLR/wandb/run-20230930_163202-vr7gq5z1/files/wandb-metadata.json
2023-09-30 16:32:03,606 INFO    Thread-12 :13647 [dir_watcher.py:_on_file_created():271] file/dir created: /Users/leo/Programming/PLR/wandb/run-20230930_163202-vr7gq5z1/files/requirements.txt
2023-09-30 16:32:05,619 INFO    Thread-12 :13647 [dir_watcher.py:_on_file_modified():288] file/dir modified: /Users/leo/Programming/PLR/wandb/run-20230930_163202-vr7gq5z1/files/output.log
2023-09-30 16:32:07,131 DEBUG   HandlerThread:13647 [handler.py:handle_request():144] handle_request: status_report
2023-09-30 16:32:07,641 INFO    Thread-12 :13647 [dir_watcher.py:_on_file_modified():288] file/dir modified: /Users/leo/Programming/PLR/wandb/run-20230930_163202-vr7gq5z1/files/output.log
2023-09-30 16:32:09,643 INFO    Thread-12 :13647 [dir_watcher.py:_on_file_modified():288] file/dir modified: /Users/leo/Programming/PLR/wandb/run-20230930_163202-vr7gq5z1/files/output.log
2023-09-30 16:32:11,656 INFO    Thread-12 :13647 [dir_watcher.py:_on_file_modified():288] file/dir modified: /Users/leo/Programming/PLR/wandb/run-20230930_163202-vr7gq5z1/files/output.log
2023-09-30 16:32:12,411 DEBUG   HandlerThread:13647 [handler.py:handle_request():144] handle_request: status_report
2023-09-30 16:32:13,663 INFO    Thread-12 :13647 [dir_watcher.py:_on_file_modified():288] file/dir modified: /Users/leo/Programming/PLR/wandb/run-20230930_163202-vr7gq5z1/files/output.log
2023-09-30 16:32:15,668 INFO    Thread-12 :13647 [dir_watcher.py:_on_file_modified():288] file/dir modified: /Users/leo/Programming/PLR/wandb/run-20230930_163202-vr7gq5z1/files/output.log
2023-09-30 16:32:17,533 DEBUG   HandlerThread:13647 [handler.py:handle_request():144] handle_request: status_report
2023-09-30 16:32:17,681 INFO    Thread-12 :13647 [dir_watcher.py:_on_file_modified():288] file/dir modified: /Users/leo/Programming/PLR/wandb/run-20230930_163202-vr7gq5z1/files/output.log
2023-09-30 16:32:17,710 DEBUG   HandlerThread:13647 [handler.py:handle_request():144] handle_request: stop_status
2023-09-30 16:32:17,717 DEBUG   SenderThread:13647 [sender.py:send_request():406] send_request: stop_status
2023-09-30 16:32:17,733 DEBUG   HandlerThread:13647 [handler.py:handle_request():144] handle_request: internal_messages
2023-09-30 16:32:19,693 INFO    Thread-12 :13647 [dir_watcher.py:_on_file_modified():288] file/dir modified: /Users/leo/Programming/PLR/wandb/run-20230930_163202-vr7gq5z1/files/output.log
2023-09-30 16:32:21,704 INFO    Thread-12 :13647 [dir_watcher.py:_on_file_modified():288] file/dir modified: /Users/leo/Programming/PLR/wandb/run-20230930_163202-vr7gq5z1/files/output.log
2023-09-30 16:32:22,760 DEBUG   HandlerThread:13647 [handler.py:handle_request():144] handle_request: status_report
2023-09-30 16:32:23,714 INFO    Thread-12 :13647 [dir_watcher.py:_on_file_modified():288] file/dir modified: /Users/leo/Programming/PLR/wandb/run-20230930_163202-vr7gq5z1/files/output.log
2023-09-30 16:32:25,722 INFO    Thread-12 :13647 [dir_watcher.py:_on_file_modified():288] file/dir modified: /Users/leo/Programming/PLR/wandb/run-20230930_163202-vr7gq5z1/files/output.log
2023-09-30 16:32:27,728 INFO    Thread-12 :13647 [dir_watcher.py:_on_file_modified():288] file/dir modified: /Users/leo/Programming/PLR/wandb/run-20230930_163202-vr7gq5z1/files/output.log
2023-09-30 16:32:27,842 DEBUG   HandlerThread:13647 [handler.py:handle_request():144] handle_request: status_report
2023-09-30 16:32:29,744 INFO    Thread-12 :13647 [dir_watcher.py:_on_file_modified():288] file/dir modified: /Users/leo/Programming/PLR/wandb/run-20230930_163202-vr7gq5z1/files/output.log
2023-09-30 16:32:31,749 INFO    Thread-12 :13647 [dir_watcher.py:_on_file_modified():288] file/dir modified: /Users/leo/Programming/PLR/wandb/run-20230930_163202-vr7gq5z1/files/output.log
2023-09-30 16:32:32,706 DEBUG   HandlerThread:13647 [handler.py:handle_request():144] handle_request: stop_status
2023-09-30 16:32:32,706 DEBUG   SenderThread:13647 [sender.py:send_request():406] send_request: stop_status
2023-09-30 16:32:32,720 DEBUG   HandlerThread:13647 [handler.py:handle_request():144] handle_request: internal_messages
2023-09-30 16:32:32,982 DEBUG   HandlerThread:13647 [handler.py:handle_request():144] handle_request: status_report
2023-09-30 16:32:33,756 INFO    Thread-12 :13647 [dir_watcher.py:_on_file_modified():288] file/dir modified: /Users/leo/Programming/PLR/wandb/run-20230930_163202-vr7gq5z1/files/output.log
2023-09-30 16:32:33,756 INFO    Thread-12 :13647 [dir_watcher.py:_on_file_modified():288] file/dir modified: /Users/leo/Programming/PLR/wandb/run-20230930_163202-vr7gq5z1/files/config.yaml
2023-09-30 16:32:35,782 INFO    Thread-12 :13647 [dir_watcher.py:_on_file_modified():288] file/dir modified: /Users/leo/Programming/PLR/wandb/run-20230930_163202-vr7gq5z1/files/output.log
2023-09-30 16:32:37,810 INFO    Thread-12 :13647 [dir_watcher.py:_on_file_modified():288] file/dir modified: /Users/leo/Programming/PLR/wandb/run-20230930_163202-vr7gq5z1/files/output.log
2023-09-30 16:32:38,639 DEBUG   HandlerThread:13647 [handler.py:handle_request():144] handle_request: status_report
2023-09-30 16:32:39,808 INFO    Thread-12 :13647 [dir_watcher.py:_on_file_modified():288] file/dir modified: /Users/leo/Programming/PLR/wandb/run-20230930_163202-vr7gq5z1/files/output.log
2023-09-30 16:32:40,056 DEBUG   HandlerThread:13647 [handler.py:handle_request():144] handle_request: partial_history
2023-09-30 16:32:40,059 DEBUG   SenderThread:13647 [sender.py:send():379] send: history
2023-09-30 16:32:40,060 DEBUG   SenderThread:13647 [sender.py:send_request():406] send_request: summary_record
2023-09-30 16:32:40,061 INFO    SenderThread:13647 [sender.py:_save_file():1375] saving file wandb-summary.json with policy end
2023-09-30 16:32:40,810 INFO    Thread-12 :13647 [dir_watcher.py:_on_file_created():271] file/dir created: /Users/leo/Programming/PLR/wandb/run-20230930_163202-vr7gq5z1/files/wandb-summary.json
2023-09-30 16:32:41,815 INFO    Thread-12 :13647 [dir_watcher.py:_on_file_modified():288] file/dir modified: /Users/leo/Programming/PLR/wandb/run-20230930_163202-vr7gq5z1/files/output.log
2023-09-30 16:32:43,696 DEBUG   HandlerThread:13647 [handler.py:handle_request():144] handle_request: status_report
2023-09-30 16:32:43,827 INFO    Thread-12 :13647 [dir_watcher.py:_on_file_modified():288] file/dir modified: /Users/leo/Programming/PLR/wandb/run-20230930_163202-vr7gq5z1/files/output.log
2023-09-30 16:32:45,838 INFO    Thread-12 :13647 [dir_watcher.py:_on_file_modified():288] file/dir modified: /Users/leo/Programming/PLR/wandb/run-20230930_163202-vr7gq5z1/files/output.log
2023-09-30 16:32:47,710 DEBUG   HandlerThread:13647 [handler.py:handle_request():144] handle_request: stop_status
2023-09-30 16:32:47,713 DEBUG   SenderThread:13647 [sender.py:send_request():406] send_request: stop_status
2023-09-30 16:32:47,729 DEBUG   HandlerThread:13647 [handler.py:handle_request():144] handle_request: internal_messages
2023-09-30 16:32:47,848 INFO    Thread-12 :13647 [dir_watcher.py:_on_file_modified():288] file/dir modified: /Users/leo/Programming/PLR/wandb/run-20230930_163202-vr7gq5z1/files/output.log
2023-09-30 16:32:49,064 DEBUG   HandlerThread:13647 [handler.py:handle_request():144] handle_request: status_report
2023-09-30 16:32:49,867 INFO    Thread-12 :13647 [dir_watcher.py:_on_file_modified():288] file/dir modified: /Users/leo/Programming/PLR/wandb/run-20230930_163202-vr7gq5z1/files/output.log
2023-09-30 16:32:51,904 INFO    Thread-12 :13647 [dir_watcher.py:_on_file_modified():288] file/dir modified: /Users/leo/Programming/PLR/wandb/run-20230930_163202-vr7gq5z1/files/output.log
2023-09-30 16:32:53,906 INFO    Thread-12 :13647 [dir_watcher.py:_on_file_modified():288] file/dir modified: /Users/leo/Programming/PLR/wandb/run-20230930_163202-vr7gq5z1/files/output.log
2023-09-30 16:32:54,312 DEBUG   HandlerThread:13647 [handler.py:handle_request():144] handle_request: status_report
2023-09-30 16:32:55,915 INFO    Thread-12 :13647 [dir_watcher.py:_on_file_modified():288] file/dir modified: /Users/leo/Programming/PLR/wandb/run-20230930_163202-vr7gq5z1/files/output.log
2023-09-30 16:32:57,926 INFO    Thread-12 :13647 [dir_watcher.py:_on_file_modified():288] file/dir modified: /Users/leo/Programming/PLR/wandb/run-20230930_163202-vr7gq5z1/files/output.log
2023-09-30 16:32:59,644 DEBUG   HandlerThread:13647 [handler.py:handle_request():144] handle_request: status_report
2023-09-30 16:32:59,936 INFO    Thread-12 :13647 [dir_watcher.py:_on_file_modified():288] file/dir modified: /Users/leo/Programming/PLR/wandb/run-20230930_163202-vr7gq5z1/files/output.log
2023-09-30 16:33:01,942 INFO    Thread-12 :13647 [dir_watcher.py:_on_file_modified():288] file/dir modified: /Users/leo/Programming/PLR/wandb/run-20230930_163202-vr7gq5z1/files/output.log
2023-09-30 16:33:02,673 DEBUG   SystemMonitor:13647 [system_monitor.py:_start():159] Starting system metrics aggregation loop
2023-09-30 16:33:02,675 DEBUG   SenderThread:13647 [sender.py:send():379] send: telemetry
2023-09-30 16:33:02,675 DEBUG   SenderThread:13647 [sender.py:send():379] send: stats
2023-09-30 16:33:02,713 DEBUG   HandlerThread:13647 [handler.py:handle_request():144] handle_request: stop_status
2023-09-30 16:33:02,714 DEBUG   SenderThread:13647 [sender.py:send_request():406] send_request: stop_status
2023-09-30 16:33:02,733 DEBUG   HandlerThread:13647 [handler.py:handle_request():144] handle_request: internal_messages
2023-09-30 16:33:03,961 INFO    Thread-12 :13647 [dir_watcher.py:_on_file_modified():288] file/dir modified: /Users/leo/Programming/PLR/wandb/run-20230930_163202-vr7gq5z1/files/output.log
2023-09-30 16:33:04,897 DEBUG   HandlerThread:13647 [handler.py:handle_request():144] handle_request: status_report
2023-09-30 16:33:05,965 INFO    Thread-12 :13647 [dir_watcher.py:_on_file_modified():288] file/dir modified: /Users/leo/Programming/PLR/wandb/run-20230930_163202-vr7gq5z1/files/output.log
2023-09-30 16:33:05,965 INFO    Thread-12 :13647 [dir_watcher.py:_on_file_modified():288] file/dir modified: /Users/leo/Programming/PLR/wandb/run-20230930_163202-vr7gq5z1/files/config.yaml
2023-09-30 16:33:07,970 INFO    Thread-12 :13647 [dir_watcher.py:_on_file_modified():288] file/dir modified: /Users/leo/Programming/PLR/wandb/run-20230930_163202-vr7gq5z1/files/output.log
2023-09-30 16:33:09,980 INFO    Thread-12 :13647 [dir_watcher.py:_on_file_modified():288] file/dir modified: /Users/leo/Programming/PLR/wandb/run-20230930_163202-vr7gq5z1/files/output.log
2023-09-30 16:33:10,147 DEBUG   HandlerThread:13647 [handler.py:handle_request():144] handle_request: status_report
2023-09-30 16:33:11,987 INFO    Thread-12 :13647 [dir_watcher.py:_on_file_modified():288] file/dir modified: /Users/leo/Programming/PLR/wandb/run-20230930_163202-vr7gq5z1/files/output.log
2023-09-30 16:33:13,999 INFO    Thread-12 :13647 [dir_watcher.py:_on_file_modified():288] file/dir modified: /Users/leo/Programming/PLR/wandb/run-20230930_163202-vr7gq5z1/files/output.log
2023-09-30 16:33:15,483 DEBUG   HandlerThread:13647 [handler.py:handle_request():144] handle_request: status_report
2023-09-30 16:33:16,004 INFO    Thread-12 :13647 [dir_watcher.py:_on_file_modified():288] file/dir modified: /Users/leo/Programming/PLR/wandb/run-20230930_163202-vr7gq5z1/files/output.log
2023-09-30 16:33:17,321 DEBUG   HandlerThread:13647 [handler.py:handle_request():144] handle_request: partial_history
2023-09-30 16:33:17,322 DEBUG   SenderThread:13647 [sender.py:send():379] send: history
2023-09-30 16:33:17,322 DEBUG   SenderThread:13647 [sender.py:send_request():406] send_request: summary_record
2023-09-30 16:33:17,322 INFO    SenderThread:13647 [sender.py:_save_file():1375] saving file wandb-summary.json with policy end
2023-09-30 16:33:17,717 DEBUG   HandlerThread:13647 [handler.py:handle_request():144] handle_request: stop_status
2023-09-30 16:33:17,718 DEBUG   SenderThread:13647 [sender.py:send_request():406] send_request: stop_status
2023-09-30 16:33:17,730 DEBUG   HandlerThread:13647 [handler.py:handle_request():144] handle_request: internal_messages
2023-09-30 16:33:18,007 INFO    Thread-12 :13647 [dir_watcher.py:_on_file_modified():288] file/dir modified: /Users/leo/Programming/PLR/wandb/run-20230930_163202-vr7gq5z1/files/wandb-summary.json
2023-09-30 16:33:18,007 INFO    Thread-12 :13647 [dir_watcher.py:_on_file_modified():288] file/dir modified: /Users/leo/Programming/PLR/wandb/run-20230930_163202-vr7gq5z1/files/output.log
2023-09-30 16:33:20,014 INFO    Thread-12 :13647 [dir_watcher.py:_on_file_modified():288] file/dir modified: /Users/leo/Programming/PLR/wandb/run-20230930_163202-vr7gq5z1/files/output.log
2023-09-30 16:33:20,603 DEBUG   HandlerThread:13647 [handler.py:handle_request():144] handle_request: status_report
2023-09-30 16:33:22,036 INFO    Thread-12 :13647 [dir_watcher.py:_on_file_modified():288] file/dir modified: /Users/leo/Programming/PLR/wandb/run-20230930_163202-vr7gq5z1/files/output.log
2023-09-30 16:33:24,047 INFO    Thread-12 :13647 [dir_watcher.py:_on_file_modified():288] file/dir modified: /Users/leo/Programming/PLR/wandb/run-20230930_163202-vr7gq5z1/files/output.log
2023-09-30 16:33:26,026 DEBUG   HandlerThread:13647 [handler.py:handle_request():144] handle_request: status_report
2023-09-30 16:33:26,054 INFO    Thread-12 :13647 [dir_watcher.py:_on_file_modified():288] file/dir modified: /Users/leo/Programming/PLR/wandb/run-20230930_163202-vr7gq5z1/files/output.log
2023-09-30 16:33:28,065 INFO    Thread-12 :13647 [dir_watcher.py:_on_file_modified():288] file/dir modified: /Users/leo/Programming/PLR/wandb/run-20230930_163202-vr7gq5z1/files/output.log
2023-09-30 16:33:30,076 INFO    Thread-12 :13647 [dir_watcher.py:_on_file_modified():288] file/dir modified: /Users/leo/Programming/PLR/wandb/run-20230930_163202-vr7gq5z1/files/output.log
2023-09-30 16:33:31,577 DEBUG   HandlerThread:13647 [handler.py:handle_request():144] handle_request: status_report
2023-09-30 16:33:32,090 INFO    Thread-12 :13647 [dir_watcher.py:_on_file_modified():288] file/dir modified: /Users/leo/Programming/PLR/wandb/run-20230930_163202-vr7gq5z1/files/output.log
2023-09-30 16:33:32,676 DEBUG   SenderThread:13647 [sender.py:send():379] send: stats
2023-09-30 16:33:32,721 DEBUG   HandlerThread:13647 [handler.py:handle_request():144] handle_request: stop_status
2023-09-30 16:33:32,721 DEBUG   SenderThread:13647 [sender.py:send_request():406] send_request: stop_status
2023-09-30 16:33:32,732 DEBUG   HandlerThread:13647 [handler.py:handle_request():144] handle_request: internal_messages
2023-09-30 16:33:34,098 INFO    Thread-12 :13647 [dir_watcher.py:_on_file_modified():288] file/dir modified: /Users/leo/Programming/PLR/wandb/run-20230930_163202-vr7gq5z1/files/output.log
2023-09-30 16:33:36,108 INFO    Thread-12 :13647 [dir_watcher.py:_on_file_modified():288] file/dir modified: /Users/leo/Programming/PLR/wandb/run-20230930_163202-vr7gq5z1/files/output.log
2023-09-30 16:33:36,703 DEBUG   HandlerThread:13647 [handler.py:handle_request():144] handle_request: status_report
2023-09-30 16:33:38,132 INFO    Thread-12 :13647 [dir_watcher.py:_on_file_modified():288] file/dir modified: /Users/leo/Programming/PLR/wandb/run-20230930_163202-vr7gq5z1/files/output.log
2023-09-30 16:33:40,142 INFO    Thread-12 :13647 [dir_watcher.py:_on_file_modified():288] file/dir modified: /Users/leo/Programming/PLR/wandb/run-20230930_163202-vr7gq5z1/files/output.log
2023-09-30 16:33:41,767 DEBUG   HandlerThread:13647 [handler.py:handle_request():144] handle_request: status_report
2023-09-30 16:33:42,160 INFO    Thread-12 :13647 [dir_watcher.py:_on_file_modified():288] file/dir modified: /Users/leo/Programming/PLR/wandb/run-20230930_163202-vr7gq5z1/files/output.log
2023-09-30 16:33:44,168 INFO    Thread-12 :13647 [dir_watcher.py:_on_file_modified():288] file/dir modified: /Users/leo/Programming/PLR/wandb/run-20230930_163202-vr7gq5z1/files/output.log
2023-09-30 16:33:46,180 INFO    Thread-12 :13647 [dir_watcher.py:_on_file_modified():288] file/dir modified: /Users/leo/Programming/PLR/wandb/run-20230930_163202-vr7gq5z1/files/output.log
2023-09-30 16:33:47,061 DEBUG   HandlerThread:13647 [handler.py:handle_request():144] handle_request: status_report
2023-09-30 16:33:47,725 DEBUG   HandlerThread:13647 [handler.py:handle_request():144] handle_request: stop_status
2023-09-30 16:33:47,725 DEBUG   SenderThread:13647 [sender.py:send_request():406] send_request: stop_status
2023-09-30 16:33:47,734 DEBUG   HandlerThread:13647 [handler.py:handle_request():144] handle_request: internal_messages
2023-09-30 16:33:48,187 INFO    Thread-12 :13647 [dir_watcher.py:_on_file_modified():288] file/dir modified: /Users/leo/Programming/PLR/wandb/run-20230930_163202-vr7gq5z1/files/output.log
2023-09-30 16:33:50,196 INFO    Thread-12 :13647 [dir_watcher.py:_on_file_modified():288] file/dir modified: /Users/leo/Programming/PLR/wandb/run-20230930_163202-vr7gq5z1/files/output.log
2023-09-30 16:33:52,186 DEBUG   HandlerThread:13647 [handler.py:handle_request():144] handle_request: status_report
2023-09-30 16:33:52,207 INFO    Thread-12 :13647 [dir_watcher.py:_on_file_modified():288] file/dir modified: /Users/leo/Programming/PLR/wandb/run-20230930_163202-vr7gq5z1/files/output.log
2023-09-30 16:33:53,618 DEBUG   HandlerThread:13647 [handler.py:handle_request():144] handle_request: partial_history
2023-09-30 16:33:53,622 DEBUG   SenderThread:13647 [sender.py:send():379] send: history
2023-09-30 16:33:53,624 DEBUG   SenderThread:13647 [sender.py:send_request():406] send_request: summary_record
2023-09-30 16:33:53,625 INFO    SenderThread:13647 [sender.py:_save_file():1375] saving file wandb-summary.json with policy end
2023-09-30 16:33:54,209 INFO    Thread-12 :13647 [dir_watcher.py:_on_file_modified():288] file/dir modified: /Users/leo/Programming/PLR/wandb/run-20230930_163202-vr7gq5z1/files/wandb-summary.json
2023-09-30 16:33:54,210 INFO    Thread-12 :13647 [dir_watcher.py:_on_file_modified():288] file/dir modified: /Users/leo/Programming/PLR/wandb/run-20230930_163202-vr7gq5z1/files/output.log
2023-09-30 16:33:56,217 INFO    Thread-12 :13647 [dir_watcher.py:_on_file_modified():288] file/dir modified: /Users/leo/Programming/PLR/wandb/run-20230930_163202-vr7gq5z1/files/output.log
2023-09-30 16:33:57,595 DEBUG   HandlerThread:13647 [handler.py:handle_request():144] handle_request: status_report
2023-09-30 16:33:58,222 INFO    Thread-12 :13647 [dir_watcher.py:_on_file_modified():288] file/dir modified: /Users/leo/Programming/PLR/wandb/run-20230930_163202-vr7gq5z1/files/output.log
2023-09-30 16:34:00,253 INFO    Thread-12 :13647 [dir_watcher.py:_on_file_modified():288] file/dir modified: /Users/leo/Programming/PLR/wandb/run-20230930_163202-vr7gq5z1/files/output.log
2023-09-30 16:34:02,262 INFO    Thread-12 :13647 [dir_watcher.py:_on_file_modified():288] file/dir modified: /Users/leo/Programming/PLR/wandb/run-20230930_163202-vr7gq5z1/files/output.log
2023-09-30 16:34:02,680 DEBUG   SenderThread:13647 [sender.py:send():379] send: stats
2023-09-30 16:34:02,680 DEBUG   HandlerThread:13647 [handler.py:handle_request():144] handle_request: status_report
2023-09-30 16:34:02,730 DEBUG   HandlerThread:13647 [handler.py:handle_request():144] handle_request: stop_status
2023-09-30 16:34:02,730 DEBUG   SenderThread:13647 [sender.py:send_request():406] send_request: stop_status
2023-09-30 16:34:02,736 DEBUG   HandlerThread:13647 [handler.py:handle_request():144] handle_request: internal_messages
2023-09-30 16:34:04,268 INFO    Thread-12 :13647 [dir_watcher.py:_on_file_modified():288] file/dir modified: /Users/leo/Programming/PLR/wandb/run-20230930_163202-vr7gq5z1/files/output.log
2023-09-30 16:34:06,277 INFO    Thread-12 :13647 [dir_watcher.py:_on_file_modified():288] file/dir modified: /Users/leo/Programming/PLR/wandb/run-20230930_163202-vr7gq5z1/files/output.log
2023-09-30 16:34:08,074 DEBUG   HandlerThread:13647 [handler.py:handle_request():144] handle_request: status_report
2023-09-30 16:34:08,286 INFO    Thread-12 :13647 [dir_watcher.py:_on_file_modified():288] file/dir modified: /Users/leo/Programming/PLR/wandb/run-20230930_163202-vr7gq5z1/files/output.log
2023-09-30 16:34:10,293 INFO    Thread-12 :13647 [dir_watcher.py:_on_file_modified():288] file/dir modified: /Users/leo/Programming/PLR/wandb/run-20230930_163202-vr7gq5z1/files/output.log
2023-09-30 16:34:12,304 INFO    Thread-12 :13647 [dir_watcher.py:_on_file_modified():288] file/dir modified: /Users/leo/Programming/PLR/wandb/run-20230930_163202-vr7gq5z1/files/output.log
2023-09-30 16:34:13,430 DEBUG   HandlerThread:13647 [handler.py:handle_request():144] handle_request: status_report
2023-09-30 16:34:14,314 INFO    Thread-12 :13647 [dir_watcher.py:_on_file_modified():288] file/dir modified: /Users/leo/Programming/PLR/wandb/run-20230930_163202-vr7gq5z1/files/output.log
2023-09-30 16:34:16,325 INFO    Thread-12 :13647 [dir_watcher.py:_on_file_modified():288] file/dir modified: /Users/leo/Programming/PLR/wandb/run-20230930_163202-vr7gq5z1/files/output.log
2023-09-30 16:34:17,734 DEBUG   HandlerThread:13647 [handler.py:handle_request():144] handle_request: stop_status
2023-09-30 16:34:17,734 DEBUG   SenderThread:13647 [sender.py:send_request():406] send_request: stop_status
2023-09-30 16:34:17,740 DEBUG   HandlerThread:13647 [handler.py:handle_request():144] handle_request: internal_messages
2023-09-30 16:34:18,333 INFO    Thread-12 :13647 [dir_watcher.py:_on_file_modified():288] file/dir modified: /Users/leo/Programming/PLR/wandb/run-20230930_163202-vr7gq5z1/files/output.log
2023-09-30 16:34:18,784 DEBUG   HandlerThread:13647 [handler.py:handle_request():144] handle_request: status_report
2023-09-30 16:34:20,343 INFO    Thread-12 :13647 [dir_watcher.py:_on_file_modified():288] file/dir modified: /Users/leo/Programming/PLR/wandb/run-20230930_163202-vr7gq5z1/files/output.log
2023-09-30 16:34:22,349 INFO    Thread-12 :13647 [dir_watcher.py:_on_file_modified():288] file/dir modified: /Users/leo/Programming/PLR/wandb/run-20230930_163202-vr7gq5z1/files/output.log
2023-09-30 16:34:23,355 INFO    Thread-12 :13647 [dir_watcher.py:_on_file_modified():288] file/dir modified: /Users/leo/Programming/PLR/wandb/run-20230930_163202-vr7gq5z1/files/output.log
2023-09-30 16:34:24,033 DEBUG   HandlerThread:13647 [handler.py:handle_request():144] handle_request: status_report
2023-09-30 16:34:25,373 INFO    Thread-12 :13647 [dir_watcher.py:_on_file_modified():288] file/dir modified: /Users/leo/Programming/PLR/wandb/run-20230930_163202-vr7gq5z1/files/output.log
2023-09-30 16:34:27,380 INFO    Thread-12 :13647 [dir_watcher.py:_on_file_modified():288] file/dir modified: /Users/leo/Programming/PLR/wandb/run-20230930_163202-vr7gq5z1/files/output.log
2023-09-30 16:34:28,960 DEBUG   HandlerThread:13647 [handler.py:handle_request():144] handle_request: partial_history
2023-09-30 16:34:28,965 DEBUG   SenderThread:13647 [sender.py:send():379] send: history
2023-09-30 16:34:28,965 DEBUG   SenderThread:13647 [sender.py:send_request():406] send_request: summary_record
2023-09-30 16:34:28,966 INFO    SenderThread:13647 [sender.py:_save_file():1375] saving file wandb-summary.json with policy end
2023-09-30 16:34:29,397 INFO    Thread-12 :13647 [dir_watcher.py:_on_file_modified():288] file/dir modified: /Users/leo/Programming/PLR/wandb/run-20230930_163202-vr7gq5z1/files/wandb-summary.json
2023-09-30 16:34:29,397 INFO    Thread-12 :13647 [dir_watcher.py:_on_file_modified():288] file/dir modified: /Users/leo/Programming/PLR/wandb/run-20230930_163202-vr7gq5z1/files/output.log
2023-09-30 16:34:29,457 DEBUG   HandlerThread:13647 [handler.py:handle_request():144] handle_request: status_report
2023-09-30 16:34:31,410 INFO    Thread-12 :13647 [dir_watcher.py:_on_file_modified():288] file/dir modified: /Users/leo/Programming/PLR/wandb/run-20230930_163202-vr7gq5z1/files/output.log
2023-09-30 16:34:32,700 DEBUG   SenderThread:13647 [sender.py:send():379] send: stats
2023-09-30 16:34:32,742 DEBUG   HandlerThread:13647 [handler.py:handle_request():144] handle_request: stop_status
2023-09-30 16:34:32,755 DEBUG   SenderThread:13647 [sender.py:send_request():406] send_request: stop_status
2023-09-30 16:34:32,759 DEBUG   HandlerThread:13647 [handler.py:handle_request():144] handle_request: internal_messages
2023-09-30 16:34:33,412 INFO    Thread-12 :13647 [dir_watcher.py:_on_file_modified():288] file/dir modified: /Users/leo/Programming/PLR/wandb/run-20230930_163202-vr7gq5z1/files/output.log
2023-09-30 16:34:34,696 DEBUG   HandlerThread:13647 [handler.py:handle_request():144] handle_request: status_report
2023-09-30 16:34:35,418 INFO    Thread-12 :13647 [dir_watcher.py:_on_file_modified():288] file/dir modified: /Users/leo/Programming/PLR/wandb/run-20230930_163202-vr7gq5z1/files/output.log
2023-09-30 16:34:37,427 INFO    Thread-12 :13647 [dir_watcher.py:_on_file_modified():288] file/dir modified: /Users/leo/Programming/PLR/wandb/run-20230930_163202-vr7gq5z1/files/output.log
2023-09-30 16:34:39,431 INFO    Thread-12 :13647 [dir_watcher.py:_on_file_modified():288] file/dir modified: /Users/leo/Programming/PLR/wandb/run-20230930_163202-vr7gq5z1/files/output.log
2023-09-30 16:34:39,744 DEBUG   HandlerThread:13647 [handler.py:handle_request():144] handle_request: status_report
2023-09-30 16:34:41,440 INFO    Thread-12 :13647 [dir_watcher.py:_on_file_modified():288] file/dir modified: /Users/leo/Programming/PLR/wandb/run-20230930_163202-vr7gq5z1/files/output.log
2023-09-30 16:34:43,448 INFO    Thread-12 :13647 [dir_watcher.py:_on_file_modified():288] file/dir modified: /Users/leo/Programming/PLR/wandb/run-20230930_163202-vr7gq5z1/files/output.log
2023-09-30 16:34:45,073 DEBUG   HandlerThread:13647 [handler.py:handle_request():144] handle_request: status_report
2023-09-30 16:34:45,459 INFO    Thread-12 :13647 [dir_watcher.py:_on_file_modified():288] file/dir modified: /Users/leo/Programming/PLR/wandb/run-20230930_163202-vr7gq5z1/files/output.log
2023-09-30 16:34:47,468 INFO    Thread-12 :13647 [dir_watcher.py:_on_file_modified():288] file/dir modified: /Users/leo/Programming/PLR/wandb/run-20230930_163202-vr7gq5z1/files/output.log
2023-09-30 16:34:47,739 DEBUG   HandlerThread:13647 [handler.py:handle_request():144] handle_request: stop_status
2023-09-30 16:34:47,739 DEBUG   SenderThread:13647 [sender.py:send_request():406] send_request: stop_status
2023-09-30 16:34:47,760 DEBUG   HandlerThread:13647 [handler.py:handle_request():144] handle_request: internal_messages
2023-09-30 16:34:49,481 INFO    Thread-12 :13647 [dir_watcher.py:_on_file_modified():288] file/dir modified: /Users/leo/Programming/PLR/wandb/run-20230930_163202-vr7gq5z1/files/output.log
2023-09-30 16:34:50,374 DEBUG   HandlerThread:13647 [handler.py:handle_request():144] handle_request: status_report
2023-09-30 16:34:51,492 INFO    Thread-12 :13647 [dir_watcher.py:_on_file_modified():288] file/dir modified: /Users/leo/Programming/PLR/wandb/run-20230930_163202-vr7gq5z1/files/output.log
2023-09-30 16:34:53,498 INFO    Thread-12 :13647 [dir_watcher.py:_on_file_modified():288] file/dir modified: /Users/leo/Programming/PLR/wandb/run-20230930_163202-vr7gq5z1/files/output.log
2023-09-30 16:34:55,519 INFO    Thread-12 :13647 [dir_watcher.py:_on_file_modified():288] file/dir modified: /Users/leo/Programming/PLR/wandb/run-20230930_163202-vr7gq5z1/files/output.log
2023-09-30 16:34:55,532 DEBUG   HandlerThread:13647 [handler.py:handle_request():144] handle_request: status_report
2023-09-30 16:34:57,523 INFO    Thread-12 :13647 [dir_watcher.py:_on_file_modified():288] file/dir modified: /Users/leo/Programming/PLR/wandb/run-20230930_163202-vr7gq5z1/files/output.log
2023-09-30 16:34:59,537 INFO    Thread-12 :13647 [dir_watcher.py:_on_file_modified():288] file/dir modified: /Users/leo/Programming/PLR/wandb/run-20230930_163202-vr7gq5z1/files/output.log
2023-09-30 16:35:00,796 DEBUG   HandlerThread:13647 [handler.py:handle_request():144] handle_request: status_report
2023-09-30 16:35:01,543 INFO    Thread-12 :13647 [dir_watcher.py:_on_file_modified():288] file/dir modified: /Users/leo/Programming/PLR/wandb/run-20230930_163202-vr7gq5z1/files/output.log
2023-09-30 16:35:02,710 DEBUG   SenderThread:13647 [sender.py:send():379] send: stats
2023-09-30 16:35:02,748 DEBUG   HandlerThread:13647 [handler.py:handle_request():144] handle_request: stop_status
2023-09-30 16:35:02,750 DEBUG   SenderThread:13647 [sender.py:send_request():406] send_request: stop_status
2023-09-30 16:35:02,761 DEBUG   HandlerThread:13647 [handler.py:handle_request():144] handle_request: internal_messages
2023-09-30 16:35:03,557 INFO    Thread-12 :13647 [dir_watcher.py:_on_file_modified():288] file/dir modified: /Users/leo/Programming/PLR/wandb/run-20230930_163202-vr7gq5z1/files/output.log
2023-09-30 16:35:05,564 INFO    Thread-12 :13647 [dir_watcher.py:_on_file_modified():288] file/dir modified: /Users/leo/Programming/PLR/wandb/run-20230930_163202-vr7gq5z1/files/output.log
2023-09-30 16:35:06,043 DEBUG   HandlerThread:13647 [handler.py:handle_request():144] handle_request: status_report
2023-09-30 16:35:06,557 DEBUG   HandlerThread:13647 [handler.py:handle_request():144] handle_request: partial_history
2023-09-30 16:35:06,558 DEBUG   SenderThread:13647 [sender.py:send():379] send: history
2023-09-30 16:35:06,559 DEBUG   SenderThread:13647 [sender.py:send_request():406] send_request: summary_record
2023-09-30 16:35:06,560 INFO    SenderThread:13647 [sender.py:_save_file():1375] saving file wandb-summary.json with policy end
2023-09-30 16:35:06,568 INFO    Thread-12 :13647 [dir_watcher.py:_on_file_modified():288] file/dir modified: /Users/leo/Programming/PLR/wandb/run-20230930_163202-vr7gq5z1/files/wandb-summary.json
2023-09-30 16:35:07,569 INFO    Thread-12 :13647 [dir_watcher.py:_on_file_modified():288] file/dir modified: /Users/leo/Programming/PLR/wandb/run-20230930_163202-vr7gq5z1/files/output.log
2023-09-30 16:35:09,577 INFO    Thread-12 :13647 [dir_watcher.py:_on_file_modified():288] file/dir modified: /Users/leo/Programming/PLR/wandb/run-20230930_163202-vr7gq5z1/files/output.log
2023-09-30 16:35:11,532 DEBUG   HandlerThread:13647 [handler.py:handle_request():144] handle_request: status_report
2023-09-30 16:35:11,599 INFO    Thread-12 :13647 [dir_watcher.py:_on_file_modified():288] file/dir modified: /Users/leo/Programming/PLR/wandb/run-20230930_163202-vr7gq5z1/files/output.log
2023-09-30 16:35:13,609 INFO    Thread-12 :13647 [dir_watcher.py:_on_file_modified():288] file/dir modified: /Users/leo/Programming/PLR/wandb/run-20230930_163202-vr7gq5z1/files/output.log
2023-09-30 16:35:15,616 INFO    Thread-12 :13647 [dir_watcher.py:_on_file_modified():288] file/dir modified: /Users/leo/Programming/PLR/wandb/run-20230930_163202-vr7gq5z1/files/output.log
2023-09-30 16:35:16,732 DEBUG   HandlerThread:13647 [handler.py:handle_request():144] handle_request: status_report
2023-09-30 16:35:17,625 INFO    Thread-12 :13647 [dir_watcher.py:_on_file_modified():288] file/dir modified: /Users/leo/Programming/PLR/wandb/run-20230930_163202-vr7gq5z1/files/output.log
2023-09-30 16:35:17,750 DEBUG   HandlerThread:13647 [handler.py:handle_request():144] handle_request: stop_status
2023-09-30 16:35:17,752 DEBUG   SenderThread:13647 [sender.py:send_request():406] send_request: stop_status
2023-09-30 16:35:17,765 DEBUG   HandlerThread:13647 [handler.py:handle_request():144] handle_request: internal_messages
2023-09-30 16:35:19,631 INFO    Thread-12 :13647 [dir_watcher.py:_on_file_modified():288] file/dir modified: /Users/leo/Programming/PLR/wandb/run-20230930_163202-vr7gq5z1/files/output.log
2023-09-30 16:35:21,656 INFO    Thread-12 :13647 [dir_watcher.py:_on_file_modified():288] file/dir modified: /Users/leo/Programming/PLR/wandb/run-20230930_163202-vr7gq5z1/files/output.log
2023-09-30 16:35:22,184 DEBUG   HandlerThread:13647 [handler.py:handle_request():144] handle_request: status_report
2023-09-30 16:35:23,667 INFO    Thread-12 :13647 [dir_watcher.py:_on_file_modified():288] file/dir modified: /Users/leo/Programming/PLR/wandb/run-20230930_163202-vr7gq5z1/files/output.log
2023-09-30 16:35:25,677 INFO    Thread-12 :13647 [dir_watcher.py:_on_file_modified():288] file/dir modified: /Users/leo/Programming/PLR/wandb/run-20230930_163202-vr7gq5z1/files/output.log
2023-09-30 16:35:27,417 DEBUG   HandlerThread:13647 [handler.py:handle_request():144] handle_request: status_report
2023-09-30 16:35:27,684 INFO    Thread-12 :13647 [dir_watcher.py:_on_file_modified():288] file/dir modified: /Users/leo/Programming/PLR/wandb/run-20230930_163202-vr7gq5z1/files/output.log
2023-09-30 16:35:29,688 INFO    Thread-12 :13647 [dir_watcher.py:_on_file_modified():288] file/dir modified: /Users/leo/Programming/PLR/wandb/run-20230930_163202-vr7gq5z1/files/output.log
2023-09-30 16:35:31,699 INFO    Thread-12 :13647 [dir_watcher.py:_on_file_modified():288] file/dir modified: /Users/leo/Programming/PLR/wandb/run-20230930_163202-vr7gq5z1/files/output.log
2023-09-30 16:35:32,471 DEBUG   HandlerThread:13647 [handler.py:handle_request():144] handle_request: status_report
2023-09-30 16:35:32,689 DEBUG   SenderThread:13647 [sender.py:send():379] send: stats
2023-09-30 16:35:32,749 DEBUG   HandlerThread:13647 [handler.py:handle_request():144] handle_request: stop_status
2023-09-30 16:35:32,749 DEBUG   SenderThread:13647 [sender.py:send_request():406] send_request: stop_status
2023-09-30 16:35:32,767 DEBUG   HandlerThread:13647 [handler.py:handle_request():144] handle_request: internal_messages
2023-09-30 16:35:33,705 INFO    Thread-12 :13647 [dir_watcher.py:_on_file_modified():288] file/dir modified: /Users/leo/Programming/PLR/wandb/run-20230930_163202-vr7gq5z1/files/output.log
2023-09-30 16:35:35,713 INFO    Thread-12 :13647 [dir_watcher.py:_on_file_modified():288] file/dir modified: /Users/leo/Programming/PLR/wandb/run-20230930_163202-vr7gq5z1/files/output.log
2023-09-30 16:35:37,723 INFO    Thread-12 :13647 [dir_watcher.py:_on_file_modified():288] file/dir modified: /Users/leo/Programming/PLR/wandb/run-20230930_163202-vr7gq5z1/files/output.log
2023-09-30 16:35:37,907 DEBUG   HandlerThread:13647 [handler.py:handle_request():144] handle_request: status_report
2023-09-30 16:35:39,734 INFO    Thread-12 :13647 [dir_watcher.py:_on_file_modified():288] file/dir modified: /Users/leo/Programming/PLR/wandb/run-20230930_163202-vr7gq5z1/files/output.log
2023-09-30 16:35:41,739 INFO    Thread-12 :13647 [dir_watcher.py:_on_file_modified():288] file/dir modified: /Users/leo/Programming/PLR/wandb/run-20230930_163202-vr7gq5z1/files/output.log
2023-09-30 16:35:42,971 DEBUG   HandlerThread:13647 [handler.py:handle_request():144] handle_request: status_report
2023-09-30 16:35:43,748 INFO    Thread-12 :13647 [dir_watcher.py:_on_file_modified():288] file/dir modified: /Users/leo/Programming/PLR/wandb/run-20230930_163202-vr7gq5z1/files/output.log
2023-09-30 16:35:44,152 DEBUG   HandlerThread:13647 [handler.py:handle_request():144] handle_request: log_artifact
2023-09-30 16:35:44,156 DEBUG   SenderThread:13647 [sender.py:send_request():406] send_request: log_artifact
2023-09-30 16:35:44,491 DEBUG   HandlerThread:13647 [handler.py:handle_request():144] handle_request: partial_history
2023-09-30 16:35:44,750 INFO    Thread-12 :13647 [dir_watcher.py:_on_file_created():271] file/dir created: /Users/leo/Programming/PLR/wandb/run-20230930_163202-vr7gq5z1/files/media/table/Generations Table_5_edcebed90de4baf182da.table.json
2023-09-30 16:35:44,751 INFO    Thread-12 :13647 [dir_watcher.py:_on_file_created():271] file/dir created: /Users/leo/Programming/PLR/wandb/run-20230930_163202-vr7gq5z1/files/media
2023-09-30 16:35:44,751 INFO    Thread-12 :13647 [dir_watcher.py:_on_file_created():271] file/dir created: /Users/leo/Programming/PLR/wandb/run-20230930_163202-vr7gq5z1/files/media/table
2023-09-30 16:35:45,136 INFO    wandb-upload_0:13647 [upload_job.py:push():131] Uploaded file /var/folders/dt/bgs1hq3d2k3dvhpt3llvs4rw0000gn/T/tmpldb9phybwandb/2stybiaw-media/table/Generations Table_5_edcebed90de4baf182da.table.json
2023-09-30 16:35:45,395 INFO    wandb-upload_1:13647 [upload_job.py:push():89] Uploaded file /Users/leo/Library/Application Support/wandb/artifacts/staging/tmp6ysqjno4
2023-09-30 16:35:45,498 DEBUG   HandlerThread:13647 [handler.py:handle_request():144] handle_request: poll_exit
2023-09-30 16:35:45,752 INFO    Thread-12 :13647 [dir_watcher.py:_on_file_modified():288] file/dir modified: /Users/leo/Programming/PLR/wandb/run-20230930_163202-vr7gq5z1/files/output.log
2023-09-30 16:35:46,203 INFO    SenderThread:13647 [sender.py:send_request_log_artifact():1441] logged artifact run-vr7gq5z1-GenerationsTable - {'id': 'QXJ0aWZhY3Q6NTg5ODYyMTA0', 'state': 'PENDING', 'artifactSequence': {'id': 'QXJ0aWZhY3RDb2xsZWN0aW9uOjEwMjc1MzU4OQ==', 'latestArtifact': None}}
2023-09-30 16:35:46,204 DEBUG   SenderThread:13647 [sender.py:send():379] send: files
2023-09-30 16:35:46,204 INFO    SenderThread:13647 [sender.py:_save_file():1375] saving file media/table/Generations Table_5_edcebed90de4baf182da.table.json with policy now
2023-09-30 16:35:46,204 DEBUG   SenderThread:13647 [sender.py:send():379] send: history
2023-09-30 16:35:46,204 DEBUG   SenderThread:13647 [sender.py:send_request():406] send_request: summary_record
2023-09-30 16:35:46,205 INFO    SenderThread:13647 [sender.py:_save_file():1375] saving file wandb-summary.json with policy end
2023-09-30 16:35:46,205 DEBUG   SenderThread:13647 [sender.py:send():379] send: telemetry
2023-09-30 16:35:46,207 DEBUG   SenderThread:13647 [sender.py:send():379] send: exit
2023-09-30 16:35:46,207 INFO    SenderThread:13647 [sender.py:send_exit():584] handling exit code: 0
2023-09-30 16:35:46,207 INFO    SenderThread:13647 [sender.py:send_exit():586] handling runtime: 221
2023-09-30 16:35:46,208 INFO    SenderThread:13647 [sender.py:_save_file():1375] saving file wandb-summary.json with policy end
2023-09-30 16:35:46,209 INFO    SenderThread:13647 [sender.py:send_exit():592] send defer
2023-09-30 16:35:46,210 DEBUG   SenderThread:13647 [sender.py:send_request():406] send_request: poll_exit
2023-09-30 16:35:46,212 DEBUG   HandlerThread:13647 [handler.py:handle_request():144] handle_request: defer
2023-09-30 16:35:46,212 INFO    HandlerThread:13647 [handler.py:handle_request_defer():170] handle defer: 0
2023-09-30 16:35:46,215 DEBUG   SenderThread:13647 [sender.py:send_request():406] send_request: defer
2023-09-30 16:35:46,215 INFO    SenderThread:13647 [sender.py:send_request_defer():608] handle sender defer: 0
2023-09-30 16:35:46,215 INFO    SenderThread:13647 [sender.py:transition_state():612] send defer: 1
2023-09-30 16:35:46,215 DEBUG   HandlerThread:13647 [handler.py:handle_request():144] handle_request: defer
2023-09-30 16:35:46,215 INFO    HandlerThread:13647 [handler.py:handle_request_defer():170] handle defer: 1
2023-09-30 16:35:46,217 DEBUG   SenderThread:13647 [sender.py:send_request():406] send_request: defer
2023-09-30 16:35:46,217 INFO    SenderThread:13647 [sender.py:send_request_defer():608] handle sender defer: 1
2023-09-30 16:35:46,217 INFO    SenderThread:13647 [sender.py:transition_state():612] send defer: 2
2023-09-30 16:35:46,217 DEBUG   HandlerThread:13647 [handler.py:handle_request():144] handle_request: defer
2023-09-30 16:35:46,218 INFO    HandlerThread:13647 [handler.py:handle_request_defer():170] handle defer: 2
2023-09-30 16:35:46,218 INFO    HandlerThread:13647 [system_monitor.py:finish():190] Stopping system monitor
2023-09-30 16:35:46,218 DEBUG   SystemMonitor:13647 [system_monitor.py:_start():166] Finished system metrics aggregation loop
2023-09-30 16:35:46,218 DEBUG   SystemMonitor:13647 [system_monitor.py:_start():170] Publishing last batch of metrics
2023-09-30 16:35:46,219 INFO    HandlerThread:13647 [interfaces.py:finish():202] Joined cpu monitor
2023-09-30 16:35:46,219 INFO    HandlerThread:13647 [interfaces.py:finish():202] Joined disk monitor
2023-09-30 16:35:46,220 INFO    HandlerThread:13647 [interfaces.py:finish():202] Joined gpuapple monitor
2023-09-30 16:35:46,220 INFO    HandlerThread:13647 [interfaces.py:finish():202] Joined memory monitor
2023-09-30 16:35:46,220 INFO    HandlerThread:13647 [interfaces.py:finish():202] Joined network monitor
2023-09-30 16:35:46,221 DEBUG   SenderThread:13647 [sender.py:send_request():406] send_request: defer
2023-09-30 16:35:46,221 INFO    SenderThread:13647 [sender.py:send_request_defer():608] handle sender defer: 2
2023-09-30 16:35:46,221 INFO    SenderThread:13647 [sender.py:transition_state():612] send defer: 3
2023-09-30 16:35:46,221 DEBUG   SenderThread:13647 [sender.py:send():379] send: stats
2023-09-30 16:35:46,221 DEBUG   HandlerThread:13647 [handler.py:handle_request():144] handle_request: defer
2023-09-30 16:35:46,221 INFO    HandlerThread:13647 [handler.py:handle_request_defer():170] handle defer: 3
2023-09-30 16:35:46,221 DEBUG   SenderThread:13647 [sender.py:send_request():406] send_request: defer
2023-09-30 16:35:46,222 INFO    SenderThread:13647 [sender.py:send_request_defer():608] handle sender defer: 3
2023-09-30 16:35:46,222 INFO    SenderThread:13647 [sender.py:transition_state():612] send defer: 4
2023-09-30 16:35:46,222 DEBUG   HandlerThread:13647 [handler.py:handle_request():144] handle_request: defer
2023-09-30 16:35:46,222 INFO    HandlerThread:13647 [handler.py:handle_request_defer():170] handle defer: 4
2023-09-30 16:35:46,222 DEBUG   SenderThread:13647 [sender.py:send_request():406] send_request: defer
2023-09-30 16:35:46,222 INFO    SenderThread:13647 [sender.py:send_request_defer():608] handle sender defer: 4
2023-09-30 16:35:46,222 INFO    SenderThread:13647 [sender.py:transition_state():612] send defer: 5
2023-09-30 16:35:46,222 DEBUG   HandlerThread:13647 [handler.py:handle_request():144] handle_request: defer
2023-09-30 16:35:46,222 INFO    HandlerThread:13647 [handler.py:handle_request_defer():170] handle defer: 5
2023-09-30 16:35:46,222 DEBUG   SenderThread:13647 [sender.py:send():379] send: summary
2023-09-30 16:35:46,223 INFO    SenderThread:13647 [sender.py:_save_file():1375] saving file wandb-summary.json with policy end
2023-09-30 16:35:46,223 DEBUG   SenderThread:13647 [sender.py:send_request():406] send_request: defer
2023-09-30 16:35:46,223 INFO    SenderThread:13647 [sender.py:send_request_defer():608] handle sender defer: 5
2023-09-30 16:35:46,223 INFO    SenderThread:13647 [sender.py:transition_state():612] send defer: 6
2023-09-30 16:35:46,223 DEBUG   HandlerThread:13647 [handler.py:handle_request():144] handle_request: defer
2023-09-30 16:35:46,223 INFO    HandlerThread:13647 [handler.py:handle_request_defer():170] handle defer: 6
2023-09-30 16:35:46,223 DEBUG   SenderThread:13647 [sender.py:send_request():406] send_request: defer
2023-09-30 16:35:46,223 INFO    SenderThread:13647 [sender.py:send_request_defer():608] handle sender defer: 6
2023-09-30 16:35:46,226 DEBUG   HandlerThread:13647 [handler.py:handle_request():144] handle_request: status_report
2023-09-30 16:35:46,387 INFO    SenderThread:13647 [sender.py:transition_state():612] send defer: 7
2023-09-30 16:35:46,387 DEBUG   HandlerThread:13647 [handler.py:handle_request():144] handle_request: defer
2023-09-30 16:35:46,387 INFO    HandlerThread:13647 [handler.py:handle_request_defer():170] handle defer: 7
2023-09-30 16:35:46,388 DEBUG   SenderThread:13647 [sender.py:send_request():406] send_request: defer
2023-09-30 16:35:46,388 INFO    SenderThread:13647 [sender.py:send_request_defer():608] handle sender defer: 7
2023-09-30 16:35:46,500 DEBUG   HandlerThread:13647 [handler.py:handle_request():144] handle_request: poll_exit
2023-09-30 16:35:46,679 INFO    wandb-upload_0:13647 [upload_job.py:push():131] Uploaded file /var/folders/dt/bgs1hq3d2k3dvhpt3llvs4rw0000gn/T/tmpldb9phybwandb/88o7usd4-media/table/Generations Table_5_edcebed90de4baf182da.table.json
2023-09-30 16:35:46,757 INFO    Thread-12 :13647 [dir_watcher.py:_on_file_modified():288] file/dir modified: /Users/leo/Programming/PLR/wandb/run-20230930_163202-vr7gq5z1/files/wandb-summary.json
2023-09-30 16:35:46,757 INFO    Thread-12 :13647 [dir_watcher.py:_on_file_modified():288] file/dir modified: /Users/leo/Programming/PLR/wandb/run-20230930_163202-vr7gq5z1/files/config.yaml
2023-09-30 16:35:47,629 INFO    SenderThread:13647 [sender.py:transition_state():612] send defer: 8
2023-09-30 16:35:47,630 DEBUG   SenderThread:13647 [sender.py:send_request():406] send_request: poll_exit
2023-09-30 16:35:47,630 DEBUG   HandlerThread:13647 [handler.py:handle_request():144] handle_request: defer
2023-09-30 16:35:47,630 INFO    HandlerThread:13647 [handler.py:handle_request_defer():170] handle defer: 8
2023-09-30 16:35:47,631 DEBUG   SenderThread:13647 [sender.py:send_request():406] send_request: defer
2023-09-30 16:35:47,631 INFO    SenderThread:13647 [sender.py:send_request_defer():608] handle sender defer: 8
2023-09-30 16:35:47,631 INFO    SenderThread:13647 [job_builder.py:build():281] Attempting to build job artifact
2023-09-30 16:35:47,633 INFO    SenderThread:13647 [job_builder.py:_get_source_type():393] is repo sourced job
2023-09-30 16:35:47,636 INFO    SenderThread:13647 [job_builder.py:build():369] adding wandb-job metadata file
2023-09-30 16:35:47,643 INFO    SenderThread:13647 [sender.py:transition_state():612] send defer: 9
2023-09-30 16:35:47,643 DEBUG   HandlerThread:13647 [handler.py:handle_request():144] handle_request: defer
2023-09-30 16:35:47,643 INFO    HandlerThread:13647 [handler.py:handle_request_defer():170] handle defer: 9
2023-09-30 16:35:47,644 DEBUG   SenderThread:13647 [sender.py:send():379] send: artifact
2023-09-30 16:35:47,758 INFO    Thread-12 :13647 [dir_watcher.py:_on_file_modified():288] file/dir modified: /Users/leo/Programming/PLR/wandb/run-20230930_163202-vr7gq5z1/files/output.log
2023-09-30 16:35:48,194 INFO    SenderThread:13647 [sender.py:send_artifact():1453] sent artifact job-https___github.com_leothesouthafrican_PLR.git_Leo_gen_algo_opt_folder_genetic_algorithm.py - {'id': 'QXJ0aWZhY3Q6NTg5NzUxNzY1', 'state': 'COMMITTED', 'artifactSequence': {'id': 'QXJ0aWZhY3RDb2xsZWN0aW9uOjEwMjY3Mjc5OA==', 'latestArtifact': {'id': 'QXJ0aWZhY3Q6NTg5Nzc2Nzg4', 'versionIndex': 5}}}
2023-09-30 16:35:48,194 DEBUG   SenderThread:13647 [sender.py:send_request():406] send_request: defer
2023-09-30 16:35:48,194 INFO    SenderThread:13647 [sender.py:send_request_defer():608] handle sender defer: 9
2023-09-30 16:35:48,194 INFO    SenderThread:13647 [dir_watcher.py:finish():358] shutting down directory watcher
2023-09-30 16:35:48,761 INFO    SenderThread:13647 [dir_watcher.py:finish():388] scan: /Users/leo/Programming/PLR/wandb/run-20230930_163202-vr7gq5z1/files
2023-09-30 16:35:48,761 INFO    SenderThread:13647 [dir_watcher.py:finish():402] scan save: /Users/leo/Programming/PLR/wandb/run-20230930_163202-vr7gq5z1/files/requirements.txt requirements.txt
2023-09-30 16:35:48,761 INFO    SenderThread:13647 [dir_watcher.py:finish():402] scan save: /Users/leo/Programming/PLR/wandb/run-20230930_163202-vr7gq5z1/files/output.log output.log
2023-09-30 16:35:48,765 INFO    SenderThread:13647 [dir_watcher.py:finish():402] scan save: /Users/leo/Programming/PLR/wandb/run-20230930_163202-vr7gq5z1/files/config.yaml config.yaml
2023-09-30 16:35:48,765 INFO    SenderThread:13647 [dir_watcher.py:finish():402] scan save: /Users/leo/Programming/PLR/wandb/run-20230930_163202-vr7gq5z1/files/wandb-summary.json wandb-summary.json
2023-09-30 16:35:48,765 INFO    SenderThread:13647 [dir_watcher.py:finish():402] scan save: /Users/leo/Programming/PLR/wandb/run-20230930_163202-vr7gq5z1/files/wandb-metadata.json wandb-metadata.json
2023-09-30 16:35:48,769 INFO    SenderThread:13647 [dir_watcher.py:finish():402] scan save: /Users/leo/Programming/PLR/wandb/run-20230930_163202-vr7gq5z1/files/media/table/Generations Table_5_edcebed90de4baf182da.table.json media/table/Generations Table_5_edcebed90de4baf182da.table.json
2023-09-30 16:35:48,769 INFO    SenderThread:13647 [sender.py:transition_state():612] send defer: 10
2023-09-30 16:35:48,772 DEBUG   HandlerThread:13647 [handler.py:handle_request():144] handle_request: defer
2023-09-30 16:35:48,773 INFO    HandlerThread:13647 [handler.py:handle_request_defer():170] handle defer: 10
2023-09-30 16:35:48,776 DEBUG   SenderThread:13647 [sender.py:send_request():406] send_request: defer
2023-09-30 16:35:48,776 INFO    SenderThread:13647 [sender.py:send_request_defer():608] handle sender defer: 10
2023-09-30 16:35:48,776 INFO    SenderThread:13647 [file_pusher.py:finish():175] shutting down file pusher
2023-09-30 16:35:49,157 INFO    wandb-upload_0:13647 [upload_job.py:push():131] Uploaded file /Users/leo/Programming/PLR/wandb/run-20230930_163202-vr7gq5z1/files/output.log
2023-09-30 16:35:49,180 INFO    wandb-upload_1:13647 [upload_job.py:push():131] Uploaded file /Users/leo/Programming/PLR/wandb/run-20230930_163202-vr7gq5z1/files/requirements.txt
2023-09-30 16:35:49,199 INFO    wandb-upload_3:13647 [upload_job.py:push():131] Uploaded file /Users/leo/Programming/PLR/wandb/run-20230930_163202-vr7gq5z1/files/wandb-summary.json
2023-09-30 16:35:49,247 INFO    wandb-upload_2:13647 [upload_job.py:push():131] Uploaded file /Users/leo/Programming/PLR/wandb/run-20230930_163202-vr7gq5z1/files/config.yaml
2023-09-30 16:35:49,450 INFO    Thread-11 (_thread_body):13647 [sender.py:transition_state():612] send defer: 11
2023-09-30 16:35:49,451 DEBUG   HandlerThread:13647 [handler.py:handle_request():144] handle_request: defer
2023-09-30 16:35:49,451 INFO    HandlerThread:13647 [handler.py:handle_request_defer():170] handle defer: 11
2023-09-30 16:35:49,453 DEBUG   SenderThread:13647 [sender.py:send_request():406] send_request: defer
2023-09-30 16:35:49,453 INFO    SenderThread:13647 [sender.py:send_request_defer():608] handle sender defer: 11
2023-09-30 16:35:49,454 INFO    SenderThread:13647 [file_pusher.py:join():181] waiting for file pusher
2023-09-30 16:35:49,454 INFO    SenderThread:13647 [sender.py:transition_state():612] send defer: 12
2023-09-30 16:35:49,454 DEBUG   HandlerThread:13647 [handler.py:handle_request():144] handle_request: defer
2023-09-30 16:35:49,454 INFO    HandlerThread:13647 [handler.py:handle_request_defer():170] handle defer: 12
2023-09-30 16:35:49,454 DEBUG   SenderThread:13647 [sender.py:send_request():406] send_request: defer
2023-09-30 16:35:49,454 INFO    SenderThread:13647 [sender.py:send_request_defer():608] handle sender defer: 12
2023-09-30 16:35:49,454 INFO    SenderThread:13647 [file_stream.py:finish():594] file stream finish called
2023-09-30 16:35:49,937 INFO    SenderThread:13647 [file_stream.py:finish():598] file stream finish is done
2023-09-30 16:35:49,938 INFO    SenderThread:13647 [sender.py:transition_state():612] send defer: 13
2023-09-30 16:35:49,938 DEBUG   HandlerThread:13647 [handler.py:handle_request():144] handle_request: defer
2023-09-30 16:35:49,938 INFO    HandlerThread:13647 [handler.py:handle_request_defer():170] handle defer: 13
2023-09-30 16:35:49,938 DEBUG   SenderThread:13647 [sender.py:send_request():406] send_request: defer
2023-09-30 16:35:49,939 INFO    SenderThread:13647 [sender.py:send_request_defer():608] handle sender defer: 13
2023-09-30 16:35:49,939 INFO    SenderThread:13647 [sender.py:transition_state():612] send defer: 14
2023-09-30 16:35:49,939 DEBUG   HandlerThread:13647 [handler.py:handle_request():144] handle_request: defer
2023-09-30 16:35:49,939 DEBUG   SenderThread:13647 [sender.py:send():379] send: final
2023-09-30 16:35:49,939 INFO    HandlerThread:13647 [handler.py:handle_request_defer():170] handle defer: 14
2023-09-30 16:35:49,940 DEBUG   SenderThread:13647 [sender.py:send():379] send: footer
2023-09-30 16:35:49,940 DEBUG   SenderThread:13647 [sender.py:send_request():406] send_request: defer
2023-09-30 16:35:49,940 INFO    SenderThread:13647 [sender.py:send_request_defer():608] handle sender defer: 14
2023-09-30 16:35:49,941 DEBUG   HandlerThread:13647 [handler.py:handle_request():144] handle_request: internal_messages
2023-09-30 16:35:49,942 DEBUG   HandlerThread:13647 [handler.py:handle_request():144] handle_request: poll_exit
2023-09-30 16:35:49,943 DEBUG   HandlerThread:13647 [handler.py:handle_request():144] handle_request: server_info
2023-09-30 16:35:49,943 DEBUG   SenderThread:13647 [sender.py:send_request():406] send_request: poll_exit
2023-09-30 16:35:49,943 DEBUG   HandlerThread:13647 [handler.py:handle_request():144] handle_request: get_summary
2023-09-30 16:35:49,943 DEBUG   SenderThread:13647 [sender.py:send_request():406] send_request: server_info
2023-09-30 16:35:49,944 DEBUG   HandlerThread:13647 [handler.py:handle_request():144] handle_request: sampled_history
2023-09-30 16:35:49,948 DEBUG   HandlerThread:13647 [handler.py:handle_request():144] handle_request: job_info
2023-09-30 16:35:50,091 DEBUG   SenderThread:13647 [sender.py:send_request():406] send_request: job_info
2023-09-30 16:35:50,092 DEBUG   HandlerThread:13647 [handler.py:handle_request():144] handle_request: shutdown
2023-09-30 16:35:50,092 INFO    HandlerThread:13647 [handler.py:finish():840] shutting down handler
2023-09-30 16:35:50,951 INFO    WriterThread:13647 [datastore.py:close():294] close: /Users/leo/Programming/PLR/wandb/run-20230930_163202-vr7gq5z1/run-vr7gq5z1.wandb
2023-09-30 16:35:51,094 INFO    SenderThread:13647 [sender.py:finish():1531] shutting down sender
2023-09-30 16:35:51,094 INFO    SenderThread:13647 [file_pusher.py:finish():175] shutting down file pusher
2023-09-30 16:35:51,094 INFO    SenderThread:13647 [file_pusher.py:join():181] waiting for file pusher
