2023-09-30 16:20:37,735 INFO    StreamThr :13185 [internal.py:wandb_internal():86] W&B internal server running at pid: 13185, started at: 2023-09-30 16:20:37.734504
2023-09-30 16:20:37,736 DEBUG   HandlerThread:13185 [handler.py:handle_request():144] handle_request: status
2023-09-30 16:20:37,739 INFO    WriterThread:13185 [datastore.py:open_for_write():85] open: /Users/leo/Programming/PLR/wandb/run-20230930_162037-bgo8x0fn/run-bgo8x0fn.wandb
2023-09-30 16:20:37,739 DEBUG   SenderThread:13185 [sender.py:send():379] send: header
2023-09-30 16:20:37,764 DEBUG   SenderThread:13185 [sender.py:send():379] send: run
2023-09-30 16:20:38,263 INFO    SenderThread:13185 [dir_watcher.py:__init__():211] watching files in: /Users/leo/Programming/PLR/wandb/run-20230930_162037-bgo8x0fn/files
2023-09-30 16:20:38,263 INFO    SenderThread:13185 [sender.py:_start_run_threads():1121] run started: bgo8x0fn with start time 1696087237.734767
2023-09-30 16:20:38,273 DEBUG   HandlerThread:13185 [handler.py:handle_request():144] handle_request: check_version
2023-09-30 16:20:38,273 DEBUG   SenderThread:13185 [sender.py:send_request():406] send_request: check_version
2023-09-30 16:20:38,325 DEBUG   HandlerThread:13185 [handler.py:handle_request():144] handle_request: run_start
2023-09-30 16:20:38,337 DEBUG   HandlerThread:13185 [system_info.py:__init__():32] System info init
2023-09-30 16:20:38,337 DEBUG   HandlerThread:13185 [system_info.py:__init__():47] System info init done
2023-09-30 16:20:38,337 INFO    HandlerThread:13185 [system_monitor.py:start():181] Starting system monitor
2023-09-30 16:20:38,338 INFO    SystemMonitor:13185 [system_monitor.py:_start():145] Starting system asset monitoring threads
2023-09-30 16:20:38,338 INFO    HandlerThread:13185 [system_monitor.py:probe():201] Collecting system info
2023-09-30 16:20:38,339 INFO    SystemMonitor:13185 [interfaces.py:start():190] Started cpu monitoring
2023-09-30 16:20:38,339 DEBUG   HandlerThread:13185 [system_info.py:probe():196] Probing system
2023-09-30 16:20:38,339 INFO    SystemMonitor:13185 [interfaces.py:start():190] Started disk monitoring
2023-09-30 16:20:38,343 INFO    SystemMonitor:13185 [interfaces.py:start():190] Started gpuapple monitoring
2023-09-30 16:20:38,344 INFO    SystemMonitor:13185 [interfaces.py:start():190] Started memory monitoring
2023-09-30 16:20:38,345 INFO    SystemMonitor:13185 [interfaces.py:start():190] Started network monitoring
2023-09-30 16:20:38,348 DEBUG   HandlerThread:13185 [system_info.py:_probe_git():181] Probing git
2023-09-30 16:20:38,361 DEBUG   HandlerThread:13185 [system_info.py:_probe_git():189] Probing git done
2023-09-30 16:20:38,361 DEBUG   HandlerThread:13185 [system_info.py:probe():244] Probing system done
2023-09-30 16:20:38,361 DEBUG   HandlerThread:13185 [system_monitor.py:probe():210] {'os': 'macOS-14.0-arm64-arm-64bit', 'python': '3.11.4', 'heartbeatAt': '2023-09-30T15:20:38.339550', 'startedAt': '2023-09-30T15:20:37.727334', 'docker': None, 'cuda': None, 'args': (), 'state': 'running', 'program': '/Users/leo/Programming/PLR/Leo/gen_algo_opt_folder/genetic_algorithm.py', 'codePathLocal': 'Leo/gen_algo_opt_folder/genetic_algorithm.py', 'codePath': 'Leo/gen_algo_opt_folder/genetic_algorithm.py', 'git': {'remote': 'https://github.com/leothesouthafrican/PLR.git', 'commit': '7589be778cebd92f972ede671c501681bad7604d'}, 'email': '38779415+leothesouthafrican@users.noreply.github.com', 'root': '/Users/leo/Programming/PLR', 'host': 'Leos-MacBook-Pro.local', 'username': 'leo', 'executable': '/Users/leo/Programming/PLR/Leo/env/bin/python3', 'cpu_count': 10, 'cpu_count_logical': 10, 'disk': {'/': {'total': 855.9619140625, 'used': 12.108589172363281}}, 'gpuapple': {'type': 'arm', 'vendor': 'Apple'}, 'memory': {'total': 32.0}}
2023-09-30 16:20:38,361 INFO    HandlerThread:13185 [system_monitor.py:probe():211] Finished collecting system info
2023-09-30 16:20:38,361 INFO    HandlerThread:13185 [system_monitor.py:probe():214] Publishing system info
2023-09-30 16:20:38,361 DEBUG   HandlerThread:13185 [system_info.py:_save_pip():52] Saving list of pip packages installed into the current environment
2023-09-30 16:20:38,361 DEBUG   HandlerThread:13185 [system_info.py:_save_pip():68] Saving pip packages done
2023-09-30 16:20:38,362 INFO    HandlerThread:13185 [system_monitor.py:probe():216] Finished publishing system info
2023-09-30 16:20:38,363 DEBUG   SenderThread:13185 [sender.py:send():379] send: files
2023-09-30 16:20:38,363 INFO    SenderThread:13185 [sender.py:_save_file():1375] saving file wandb-metadata.json with policy now
2023-09-30 16:20:38,366 DEBUG   HandlerThread:13185 [handler.py:handle_request():144] handle_request: internal_messages
2023-09-30 16:20:38,366 DEBUG   HandlerThread:13185 [handler.py:handle_request():144] handle_request: stop_status
2023-09-30 16:20:38,366 DEBUG   SenderThread:13185 [sender.py:send_request():406] send_request: stop_status
2023-09-30 16:20:38,608 DEBUG   SenderThread:13185 [sender.py:send():379] send: telemetry
2023-09-30 16:20:38,988 INFO    wandb-upload_0:13185 [upload_job.py:push():131] Uploaded file /var/folders/dt/bgs1hq3d2k3dvhpt3llvs4rw0000gn/T/tmpn1xz5aoywandb/1y6ye81m-wandb-metadata.json
2023-09-30 16:20:39,270 INFO    Thread-12 :13185 [dir_watcher.py:_on_file_created():271] file/dir created: /Users/leo/Programming/PLR/wandb/run-20230930_162037-bgo8x0fn/files/output.log
2023-09-30 16:20:39,270 INFO    Thread-12 :13185 [dir_watcher.py:_on_file_created():271] file/dir created: /Users/leo/Programming/PLR/wandb/run-20230930_162037-bgo8x0fn/files/wandb-metadata.json
2023-09-30 16:20:39,270 INFO    Thread-12 :13185 [dir_watcher.py:_on_file_created():271] file/dir created: /Users/leo/Programming/PLR/wandb/run-20230930_162037-bgo8x0fn/files/requirements.txt
2023-09-30 16:20:41,278 INFO    Thread-12 :13185 [dir_watcher.py:_on_file_modified():288] file/dir modified: /Users/leo/Programming/PLR/wandb/run-20230930_162037-bgo8x0fn/files/output.log
2023-09-30 16:20:43,041 DEBUG   HandlerThread:13185 [handler.py:handle_request():144] handle_request: status_report
2023-09-30 16:20:43,283 INFO    Thread-12 :13185 [dir_watcher.py:_on_file_modified():288] file/dir modified: /Users/leo/Programming/PLR/wandb/run-20230930_162037-bgo8x0fn/files/output.log
2023-09-30 16:20:45,293 INFO    Thread-12 :13185 [dir_watcher.py:_on_file_modified():288] file/dir modified: /Users/leo/Programming/PLR/wandb/run-20230930_162037-bgo8x0fn/files/output.log
2023-09-30 16:20:47,313 INFO    Thread-12 :13185 [dir_watcher.py:_on_file_modified():288] file/dir modified: /Users/leo/Programming/PLR/wandb/run-20230930_162037-bgo8x0fn/files/output.log
2023-09-30 16:20:48,084 DEBUG   HandlerThread:13185 [handler.py:handle_request():144] handle_request: status_report
2023-09-30 16:20:49,323 INFO    Thread-12 :13185 [dir_watcher.py:_on_file_modified():288] file/dir modified: /Users/leo/Programming/PLR/wandb/run-20230930_162037-bgo8x0fn/files/output.log
2023-09-30 16:20:51,334 INFO    Thread-12 :13185 [dir_watcher.py:_on_file_modified():288] file/dir modified: /Users/leo/Programming/PLR/wandb/run-20230930_162037-bgo8x0fn/files/output.log
2023-09-30 16:20:53,227 DEBUG   HandlerThread:13185 [handler.py:handle_request():144] handle_request: status_report
2023-09-30 16:20:53,345 INFO    Thread-12 :13185 [dir_watcher.py:_on_file_modified():288] file/dir modified: /Users/leo/Programming/PLR/wandb/run-20230930_162037-bgo8x0fn/files/output.log
2023-09-30 16:20:53,369 DEBUG   HandlerThread:13185 [handler.py:handle_request():144] handle_request: internal_messages
2023-09-30 16:20:53,370 DEBUG   HandlerThread:13185 [handler.py:handle_request():144] handle_request: stop_status
2023-09-30 16:20:53,370 DEBUG   SenderThread:13185 [sender.py:send_request():406] send_request: stop_status
2023-09-30 16:20:55,356 INFO    Thread-12 :13185 [dir_watcher.py:_on_file_modified():288] file/dir modified: /Users/leo/Programming/PLR/wandb/run-20230930_162037-bgo8x0fn/files/output.log
2023-09-30 16:20:57,366 INFO    Thread-12 :13185 [dir_watcher.py:_on_file_modified():288] file/dir modified: /Users/leo/Programming/PLR/wandb/run-20230930_162037-bgo8x0fn/files/output.log
2023-09-30 16:20:58,514 DEBUG   HandlerThread:13185 [handler.py:handle_request():144] handle_request: status_report
2023-09-30 16:20:59,387 INFO    Thread-12 :13185 [dir_watcher.py:_on_file_modified():288] file/dir modified: /Users/leo/Programming/PLR/wandb/run-20230930_162037-bgo8x0fn/files/output.log
2023-09-30 16:21:01,398 INFO    Thread-12 :13185 [dir_watcher.py:_on_file_modified():288] file/dir modified: /Users/leo/Programming/PLR/wandb/run-20230930_162037-bgo8x0fn/files/output.log
2023-09-30 16:21:03,406 INFO    Thread-12 :13185 [dir_watcher.py:_on_file_modified():288] file/dir modified: /Users/leo/Programming/PLR/wandb/run-20230930_162037-bgo8x0fn/files/output.log
2023-09-30 16:21:03,858 DEBUG   HandlerThread:13185 [handler.py:handle_request():144] handle_request: status_report
2023-09-30 16:21:05,419 INFO    Thread-12 :13185 [dir_watcher.py:_on_file_modified():288] file/dir modified: /Users/leo/Programming/PLR/wandb/run-20230930_162037-bgo8x0fn/files/output.log
2023-09-30 16:21:07,422 INFO    Thread-12 :13185 [dir_watcher.py:_on_file_modified():288] file/dir modified: /Users/leo/Programming/PLR/wandb/run-20230930_162037-bgo8x0fn/files/output.log
2023-09-30 16:21:08,374 DEBUG   HandlerThread:13185 [handler.py:handle_request():144] handle_request: stop_status
2023-09-30 16:21:08,374 DEBUG   HandlerThread:13185 [handler.py:handle_request():144] handle_request: internal_messages
2023-09-30 16:21:08,374 DEBUG   SenderThread:13185 [sender.py:send_request():406] send_request: stop_status
2023-09-30 16:21:09,247 DEBUG   HandlerThread:13185 [handler.py:handle_request():144] handle_request: status_report
2023-09-30 16:21:09,441 INFO    Thread-12 :13185 [dir_watcher.py:_on_file_modified():288] file/dir modified: /Users/leo/Programming/PLR/wandb/run-20230930_162037-bgo8x0fn/files/output.log
2023-09-30 16:21:10,442 INFO    Thread-12 :13185 [dir_watcher.py:_on_file_modified():288] file/dir modified: /Users/leo/Programming/PLR/wandb/run-20230930_162037-bgo8x0fn/files/config.yaml
2023-09-30 16:21:11,452 INFO    Thread-12 :13185 [dir_watcher.py:_on_file_modified():288] file/dir modified: /Users/leo/Programming/PLR/wandb/run-20230930_162037-bgo8x0fn/files/output.log
2023-09-30 16:21:13,464 INFO    Thread-12 :13185 [dir_watcher.py:_on_file_modified():288] file/dir modified: /Users/leo/Programming/PLR/wandb/run-20230930_162037-bgo8x0fn/files/output.log
2023-09-30 16:21:14,758 DEBUG   HandlerThread:13185 [handler.py:handle_request():144] handle_request: status_report
2023-09-30 16:21:15,475 INFO    Thread-12 :13185 [dir_watcher.py:_on_file_modified():288] file/dir modified: /Users/leo/Programming/PLR/wandb/run-20230930_162037-bgo8x0fn/files/output.log
2023-09-30 16:21:17,487 INFO    Thread-12 :13185 [dir_watcher.py:_on_file_modified():288] file/dir modified: /Users/leo/Programming/PLR/wandb/run-20230930_162037-bgo8x0fn/files/output.log
2023-09-30 16:21:19,495 INFO    Thread-12 :13185 [dir_watcher.py:_on_file_modified():288] file/dir modified: /Users/leo/Programming/PLR/wandb/run-20230930_162037-bgo8x0fn/files/output.log
2023-09-30 16:21:19,784 DEBUG   HandlerThread:13185 [handler.py:handle_request():144] handle_request: status_report
2023-09-30 16:21:21,501 INFO    Thread-12 :13185 [dir_watcher.py:_on_file_modified():288] file/dir modified: /Users/leo/Programming/PLR/wandb/run-20230930_162037-bgo8x0fn/files/output.log
2023-09-30 16:21:23,220 DEBUG   HandlerThread:13185 [handler.py:handle_request():144] handle_request: partial_history
2023-09-30 16:21:23,222 DEBUG   SenderThread:13185 [sender.py:send():379] send: history
2023-09-30 16:21:23,222 DEBUG   SenderThread:13185 [sender.py:send_request():406] send_request: summary_record
2023-09-30 16:21:23,223 INFO    SenderThread:13185 [sender.py:_save_file():1375] saving file wandb-summary.json with policy end
2023-09-30 16:21:23,378 DEBUG   HandlerThread:13185 [handler.py:handle_request():144] handle_request: stop_status
2023-09-30 16:21:23,378 DEBUG   HandlerThread:13185 [handler.py:handle_request():144] handle_request: internal_messages
2023-09-30 16:21:23,378 DEBUG   SenderThread:13185 [sender.py:send_request():406] send_request: stop_status
2023-09-30 16:21:23,506 INFO    Thread-12 :13185 [dir_watcher.py:_on_file_modified():288] file/dir modified: /Users/leo/Programming/PLR/wandb/run-20230930_162037-bgo8x0fn/files/output.log
2023-09-30 16:21:23,506 INFO    Thread-12 :13185 [dir_watcher.py:_on_file_created():271] file/dir created: /Users/leo/Programming/PLR/wandb/run-20230930_162037-bgo8x0fn/files/wandb-summary.json
2023-09-30 16:21:23,694 DEBUG   SenderThread:13185 [sender.py:send():379] send: exit
2023-09-30 16:21:23,694 INFO    SenderThread:13185 [sender.py:send_exit():584] handling exit code: 1
2023-09-30 16:21:23,695 INFO    SenderThread:13185 [sender.py:send_exit():586] handling runtime: 45
2023-09-30 16:21:23,695 INFO    SenderThread:13185 [sender.py:_save_file():1375] saving file wandb-summary.json with policy end
2023-09-30 16:21:23,695 INFO    SenderThread:13185 [sender.py:send_exit():592] send defer
2023-09-30 16:21:23,696 DEBUG   HandlerThread:13185 [handler.py:handle_request():144] handle_request: defer
2023-09-30 16:21:23,696 INFO    HandlerThread:13185 [handler.py:handle_request_defer():170] handle defer: 0
2023-09-30 16:21:23,696 DEBUG   SenderThread:13185 [sender.py:send_request():406] send_request: defer
2023-09-30 16:21:23,696 INFO    SenderThread:13185 [sender.py:send_request_defer():608] handle sender defer: 0
2023-09-30 16:21:23,696 INFO    SenderThread:13185 [sender.py:transition_state():612] send defer: 1
2023-09-30 16:21:23,696 DEBUG   HandlerThread:13185 [handler.py:handle_request():144] handle_request: defer
2023-09-30 16:21:23,696 INFO    HandlerThread:13185 [handler.py:handle_request_defer():170] handle defer: 1
2023-09-30 16:21:23,697 DEBUG   SenderThread:13185 [sender.py:send_request():406] send_request: defer
2023-09-30 16:21:23,697 INFO    SenderThread:13185 [sender.py:send_request_defer():608] handle sender defer: 1
2023-09-30 16:21:23,697 INFO    SenderThread:13185 [sender.py:transition_state():612] send defer: 2
2023-09-30 16:21:23,697 DEBUG   HandlerThread:13185 [handler.py:handle_request():144] handle_request: defer
2023-09-30 16:21:23,697 INFO    HandlerThread:13185 [handler.py:handle_request_defer():170] handle defer: 2
2023-09-30 16:21:23,697 INFO    HandlerThread:13185 [system_monitor.py:finish():190] Stopping system monitor
2023-09-30 16:21:23,697 DEBUG   SystemMonitor:13185 [system_monitor.py:_start():159] Starting system metrics aggregation loop
2023-09-30 16:21:23,698 DEBUG   SystemMonitor:13185 [system_monitor.py:_start():166] Finished system metrics aggregation loop
2023-09-30 16:21:23,698 DEBUG   SystemMonitor:13185 [system_monitor.py:_start():170] Publishing last batch of metrics
2023-09-30 16:21:23,698 INFO    HandlerThread:13185 [interfaces.py:finish():202] Joined cpu monitor
2023-09-30 16:21:23,698 INFO    HandlerThread:13185 [interfaces.py:finish():202] Joined disk monitor
2023-09-30 16:21:24,511 INFO    Thread-12 :13185 [dir_watcher.py:_on_file_modified():288] file/dir modified: /Users/leo/Programming/PLR/wandb/run-20230930_162037-bgo8x0fn/files/wandb-summary.json
2023-09-30 16:21:24,825 INFO    HandlerThread:13185 [interfaces.py:finish():202] Joined gpuapple monitor
2023-09-30 16:21:24,825 INFO    HandlerThread:13185 [interfaces.py:finish():202] Joined memory monitor
2023-09-30 16:21:24,826 INFO    HandlerThread:13185 [interfaces.py:finish():202] Joined network monitor
2023-09-30 16:21:24,826 DEBUG   HandlerThread:13185 [handler.py:handle_request():144] handle_request: poll_exit
2023-09-30 16:21:24,826 DEBUG   SenderThread:13185 [sender.py:send_request():406] send_request: defer
2023-09-30 16:21:24,826 INFO    SenderThread:13185 [sender.py:send_request_defer():608] handle sender defer: 2
2023-09-30 16:21:24,826 INFO    SenderThread:13185 [sender.py:transition_state():612] send defer: 3
2023-09-30 16:21:24,826 DEBUG   SenderThread:13185 [sender.py:send():379] send: telemetry
2023-09-30 16:21:24,826 DEBUG   SenderThread:13185 [sender.py:send():379] send: stats
2023-09-30 16:21:24,826 DEBUG   SenderThread:13185 [sender.py:send_request():406] send_request: poll_exit
2023-09-30 16:21:24,826 DEBUG   HandlerThread:13185 [handler.py:handle_request():144] handle_request: defer
2023-09-30 16:21:24,826 INFO    HandlerThread:13185 [handler.py:handle_request_defer():170] handle defer: 3
2023-09-30 16:21:24,826 DEBUG   HandlerThread:13185 [handler.py:handle_request():144] handle_request: status_report
2023-09-30 16:21:24,826 DEBUG   SenderThread:13185 [sender.py:send_request():406] send_request: defer
2023-09-30 16:21:24,826 INFO    SenderThread:13185 [sender.py:send_request_defer():608] handle sender defer: 3
2023-09-30 16:21:24,826 INFO    SenderThread:13185 [sender.py:transition_state():612] send defer: 4
2023-09-30 16:21:24,826 DEBUG   HandlerThread:13185 [handler.py:handle_request():144] handle_request: defer
2023-09-30 16:21:24,826 INFO    HandlerThread:13185 [handler.py:handle_request_defer():170] handle defer: 4
2023-09-30 16:21:24,826 DEBUG   SenderThread:13185 [sender.py:send_request():406] send_request: defer
2023-09-30 16:21:24,826 INFO    SenderThread:13185 [sender.py:send_request_defer():608] handle sender defer: 4
2023-09-30 16:21:24,826 INFO    SenderThread:13185 [sender.py:transition_state():612] send defer: 5
2023-09-30 16:21:24,826 DEBUG   HandlerThread:13185 [handler.py:handle_request():144] handle_request: defer
2023-09-30 16:21:24,826 INFO    HandlerThread:13185 [handler.py:handle_request_defer():170] handle defer: 5
2023-09-30 16:21:24,826 DEBUG   SenderThread:13185 [sender.py:send():379] send: summary
2023-09-30 16:21:24,827 INFO    SenderThread:13185 [sender.py:_save_file():1375] saving file wandb-summary.json with policy end
2023-09-30 16:21:24,827 DEBUG   SenderThread:13185 [sender.py:send_request():406] send_request: defer
2023-09-30 16:21:24,827 INFO    SenderThread:13185 [sender.py:send_request_defer():608] handle sender defer: 5
2023-09-30 16:21:24,827 INFO    SenderThread:13185 [sender.py:transition_state():612] send defer: 6
2023-09-30 16:21:24,827 DEBUG   HandlerThread:13185 [handler.py:handle_request():144] handle_request: defer
2023-09-30 16:21:24,827 INFO    HandlerThread:13185 [handler.py:handle_request_defer():170] handle defer: 6
2023-09-30 16:21:24,827 DEBUG   SenderThread:13185 [sender.py:send_request():406] send_request: defer
2023-09-30 16:21:24,827 INFO    SenderThread:13185 [sender.py:send_request_defer():608] handle sender defer: 6
2023-09-30 16:21:24,828 DEBUG   HandlerThread:13185 [handler.py:handle_request():144] handle_request: status_report
2023-09-30 16:21:25,074 INFO    SenderThread:13185 [sender.py:transition_state():612] send defer: 7
2023-09-30 16:21:25,074 DEBUG   HandlerThread:13185 [handler.py:handle_request():144] handle_request: defer
2023-09-30 16:21:25,074 INFO    HandlerThread:13185 [handler.py:handle_request_defer():170] handle defer: 7
2023-09-30 16:21:25,074 DEBUG   SenderThread:13185 [sender.py:send_request():406] send_request: defer
2023-09-30 16:21:25,074 INFO    SenderThread:13185 [sender.py:send_request_defer():608] handle sender defer: 7
2023-09-30 16:21:25,518 INFO    Thread-12 :13185 [dir_watcher.py:_on_file_modified():288] file/dir modified: /Users/leo/Programming/PLR/wandb/run-20230930_162037-bgo8x0fn/files/output.log
2023-09-30 16:21:25,518 INFO    Thread-12 :13185 [dir_watcher.py:_on_file_modified():288] file/dir modified: /Users/leo/Programming/PLR/wandb/run-20230930_162037-bgo8x0fn/files/config.yaml
2023-09-30 16:21:25,519 INFO    Thread-12 :13185 [dir_watcher.py:_on_file_modified():288] file/dir modified: /Users/leo/Programming/PLR/wandb/run-20230930_162037-bgo8x0fn/files/wandb-summary.json
2023-09-30 16:21:25,702 DEBUG   HandlerThread:13185 [handler.py:handle_request():144] handle_request: poll_exit
2023-09-30 16:21:27,074 INFO    SenderThread:13185 [sender.py:transition_state():612] send defer: 8
2023-09-30 16:21:27,074 DEBUG   SenderThread:13185 [sender.py:send_request():406] send_request: poll_exit
2023-09-30 16:21:27,074 DEBUG   HandlerThread:13185 [handler.py:handle_request():144] handle_request: defer
2023-09-30 16:21:27,074 INFO    HandlerThread:13185 [handler.py:handle_request_defer():170] handle defer: 8
2023-09-30 16:21:27,075 DEBUG   SenderThread:13185 [sender.py:send_request():406] send_request: defer
2023-09-30 16:21:27,075 INFO    SenderThread:13185 [sender.py:send_request_defer():608] handle sender defer: 8
2023-09-30 16:21:27,075 INFO    SenderThread:13185 [job_builder.py:build():281] Attempting to build job artifact
2023-09-30 16:21:27,076 INFO    SenderThread:13185 [job_builder.py:_get_source_type():393] is repo sourced job
2023-09-30 16:21:27,077 INFO    SenderThread:13185 [job_builder.py:build():369] adding wandb-job metadata file
2023-09-30 16:21:27,082 INFO    SenderThread:13185 [sender.py:transition_state():612] send defer: 9
2023-09-30 16:21:27,082 DEBUG   HandlerThread:13185 [handler.py:handle_request():144] handle_request: defer
2023-09-30 16:21:27,082 INFO    HandlerThread:13185 [handler.py:handle_request_defer():170] handle defer: 9
2023-09-30 16:21:27,082 DEBUG   SenderThread:13185 [sender.py:send():379] send: artifact
2023-09-30 16:21:27,525 INFO    Thread-12 :13185 [dir_watcher.py:_on_file_modified():288] file/dir modified: /Users/leo/Programming/PLR/wandb/run-20230930_162037-bgo8x0fn/files/output.log
2023-09-30 16:21:28,029 INFO    SenderThread:13185 [sender.py:send_artifact():1453] sent artifact job-https___github.com_leothesouthafrican_PLR.git_Leo_gen_algo_opt_folder_genetic_algorithm.py - {'id': 'QXJ0aWZhY3Q6NTg5NzcyODg5', 'state': 'COMMITTED', 'artifactSequence': {'id': 'QXJ0aWZhY3RDb2xsZWN0aW9uOjEwMjY3Mjc5OA==', 'latestArtifact': {'id': 'QXJ0aWZhY3Q6NTg5Nzc2Nzg4', 'versionIndex': 5}}}
2023-09-30 16:21:28,030 DEBUG   SenderThread:13185 [sender.py:send_request():406] send_request: defer
2023-09-30 16:21:28,030 INFO    SenderThread:13185 [sender.py:send_request_defer():608] handle sender defer: 9
2023-09-30 16:21:28,030 INFO    SenderThread:13185 [dir_watcher.py:finish():358] shutting down directory watcher
2023-09-30 16:21:28,531 INFO    SenderThread:13185 [dir_watcher.py:finish():388] scan: /Users/leo/Programming/PLR/wandb/run-20230930_162037-bgo8x0fn/files
2023-09-30 16:21:28,532 INFO    SenderThread:13185 [dir_watcher.py:finish():402] scan save: /Users/leo/Programming/PLR/wandb/run-20230930_162037-bgo8x0fn/files/requirements.txt requirements.txt
2023-09-30 16:21:28,532 INFO    SenderThread:13185 [dir_watcher.py:finish():402] scan save: /Users/leo/Programming/PLR/wandb/run-20230930_162037-bgo8x0fn/files/output.log output.log
2023-09-30 16:21:28,532 INFO    SenderThread:13185 [dir_watcher.py:finish():402] scan save: /Users/leo/Programming/PLR/wandb/run-20230930_162037-bgo8x0fn/files/config.yaml config.yaml
2023-09-30 16:21:28,533 INFO    SenderThread:13185 [dir_watcher.py:finish():402] scan save: /Users/leo/Programming/PLR/wandb/run-20230930_162037-bgo8x0fn/files/wandb-summary.json wandb-summary.json
2023-09-30 16:21:28,533 INFO    SenderThread:13185 [dir_watcher.py:finish():402] scan save: /Users/leo/Programming/PLR/wandb/run-20230930_162037-bgo8x0fn/files/wandb-metadata.json wandb-metadata.json
2023-09-30 16:21:28,533 INFO    SenderThread:13185 [sender.py:transition_state():612] send defer: 10
2023-09-30 16:21:28,536 DEBUG   HandlerThread:13185 [handler.py:handle_request():144] handle_request: defer
2023-09-30 16:21:28,536 INFO    HandlerThread:13185 [handler.py:handle_request_defer():170] handle defer: 10
2023-09-30 16:21:28,538 DEBUG   SenderThread:13185 [sender.py:send_request():406] send_request: defer
2023-09-30 16:21:28,538 INFO    SenderThread:13185 [sender.py:send_request_defer():608] handle sender defer: 10
2023-09-30 16:21:28,538 INFO    SenderThread:13185 [file_pusher.py:finish():175] shutting down file pusher
2023-09-30 16:21:29,103 INFO    wandb-upload_0:13185 [upload_job.py:push():131] Uploaded file /Users/leo/Programming/PLR/wandb/run-20230930_162037-bgo8x0fn/files/requirements.txt
2023-09-30 16:21:29,267 INFO    wandb-upload_3:13185 [upload_job.py:push():131] Uploaded file /Users/leo/Programming/PLR/wandb/run-20230930_162037-bgo8x0fn/files/wandb-summary.json
2023-09-30 16:21:29,267 INFO    wandb-upload_2:13185 [upload_job.py:push():131] Uploaded file /Users/leo/Programming/PLR/wandb/run-20230930_162037-bgo8x0fn/files/config.yaml
2023-09-30 16:21:29,268 INFO    wandb-upload_1:13185 [upload_job.py:push():131] Uploaded file /Users/leo/Programming/PLR/wandb/run-20230930_162037-bgo8x0fn/files/output.log
2023-09-30 16:21:29,474 INFO    Thread-11 (_thread_body):13185 [sender.py:transition_state():612] send defer: 11
2023-09-30 16:21:29,475 DEBUG   HandlerThread:13185 [handler.py:handle_request():144] handle_request: defer
2023-09-30 16:21:29,475 INFO    HandlerThread:13185 [handler.py:handle_request_defer():170] handle defer: 11
2023-09-30 16:21:29,476 DEBUG   SenderThread:13185 [sender.py:send_request():406] send_request: defer
2023-09-30 16:21:29,476 INFO    SenderThread:13185 [sender.py:send_request_defer():608] handle sender defer: 11
2023-09-30 16:21:29,476 INFO    SenderThread:13185 [file_pusher.py:join():181] waiting for file pusher
2023-09-30 16:21:29,476 INFO    SenderThread:13185 [sender.py:transition_state():612] send defer: 12
2023-09-30 16:21:29,476 DEBUG   HandlerThread:13185 [handler.py:handle_request():144] handle_request: defer
2023-09-30 16:21:29,476 INFO    HandlerThread:13185 [handler.py:handle_request_defer():170] handle defer: 12
2023-09-30 16:21:29,477 DEBUG   SenderThread:13185 [sender.py:send_request():406] send_request: defer
2023-09-30 16:21:29,477 INFO    SenderThread:13185 [sender.py:send_request_defer():608] handle sender defer: 12
2023-09-30 16:21:29,477 INFO    SenderThread:13185 [file_stream.py:finish():594] file stream finish called
2023-09-30 16:21:29,637 INFO    SenderThread:13185 [file_stream.py:finish():598] file stream finish is done
2023-09-30 16:21:29,637 INFO    SenderThread:13185 [sender.py:transition_state():612] send defer: 13
2023-09-30 16:21:29,638 DEBUG   HandlerThread:13185 [handler.py:handle_request():144] handle_request: defer
2023-09-30 16:21:29,638 INFO    HandlerThread:13185 [handler.py:handle_request_defer():170] handle defer: 13
2023-09-30 16:21:29,638 DEBUG   SenderThread:13185 [sender.py:send_request():406] send_request: defer
2023-09-30 16:21:29,638 INFO    SenderThread:13185 [sender.py:send_request_defer():608] handle sender defer: 13
2023-09-30 16:21:29,638 INFO    SenderThread:13185 [sender.py:transition_state():612] send defer: 14
2023-09-30 16:21:29,639 DEBUG   HandlerThread:13185 [handler.py:handle_request():144] handle_request: defer
2023-09-30 16:21:29,639 DEBUG   SenderThread:13185 [sender.py:send():379] send: final
2023-09-30 16:21:29,639 INFO    HandlerThread:13185 [handler.py:handle_request_defer():170] handle defer: 14
2023-09-30 16:21:29,639 DEBUG   SenderThread:13185 [sender.py:send():379] send: footer
2023-09-30 16:21:29,639 DEBUG   SenderThread:13185 [sender.py:send_request():406] send_request: defer
2023-09-30 16:21:29,639 INFO    SenderThread:13185 [sender.py:send_request_defer():608] handle sender defer: 14
2023-09-30 16:21:29,640 DEBUG   HandlerThread:13185 [handler.py:handle_request():144] handle_request: poll_exit
2023-09-30 16:21:29,640 DEBUG   HandlerThread:13185 [handler.py:handle_request():144] handle_request: server_info
2023-09-30 16:21:29,641 DEBUG   HandlerThread:13185 [handler.py:handle_request():144] handle_request: get_summary
2023-09-30 16:21:29,641 DEBUG   SenderThread:13185 [sender.py:send_request():406] send_request: poll_exit
2023-09-30 16:21:29,641 DEBUG   SenderThread:13185 [sender.py:send_request():406] send_request: server_info
2023-09-30 16:21:29,643 DEBUG   HandlerThread:13185 [handler.py:handle_request():144] handle_request: sampled_history
2023-09-30 16:21:29,643 DEBUG   HandlerThread:13185 [handler.py:handle_request():144] handle_request: internal_messages
2023-09-30 16:21:29,644 DEBUG   HandlerThread:13185 [handler.py:handle_request():144] handle_request: job_info
2023-09-30 16:21:29,793 DEBUG   SenderThread:13185 [sender.py:send_request():406] send_request: job_info
2023-09-30 16:21:29,793 INFO    MainThread:13185 [wandb_run.py:_footer_history_summary_info():3557] rendering history
2023-09-30 16:21:29,793 INFO    MainThread:13185 [wandb_run.py:_footer_history_summary_info():3589] rendering summary
2023-09-30 16:21:29,793 INFO    MainThread:13185 [wandb_run.py:_footer_sync_info():3516] logging synced files
2023-09-30 16:21:29,794 DEBUG   HandlerThread:13185 [handler.py:handle_request():144] handle_request: shutdown
2023-09-30 16:21:29,794 INFO    HandlerThread:13185 [handler.py:finish():840] shutting down handler
2023-09-30 16:21:30,645 INFO    WriterThread:13185 [datastore.py:close():294] close: /Users/leo/Programming/PLR/wandb/run-20230930_162037-bgo8x0fn/run-bgo8x0fn.wandb
2023-09-30 16:21:30,798 INFO    SenderThread:13185 [sender.py:finish():1531] shutting down sender
2023-09-30 16:21:30,798 INFO    SenderThread:13185 [file_pusher.py:finish():175] shutting down file pusher
2023-09-30 16:21:30,798 INFO    SenderThread:13185 [file_pusher.py:join():181] waiting for file pusher
